<?xml version="1.0" encoding="UTF-8"?>
<testsuites name="CancelOrder-OnIframeView" time="683.806" tests="1" failures="0" errors="0">
   <testsuite name="CancelOrder-OnIframeView" tests="1" failures="0" errors="0" time="683.806" skipped="0" timestamp="2022-02-14 14:23:19" hostname="intersoft-admin - intersoftadmin-desktop" id="Test Suites/CancelOrder-OnIframeView">
      <properties>
         <property name="deviceName" value=""/>
         <property name="devicePlatform" value=""/>
         <property name="logFolder" value="/home/intersoft-admin/Rattan/Bash/Training/Rattan/Final_testing/New_ActivityOverview/Reports/20220214_115757/CancelOrder-OnIframeView/20220214_115818"/>
         <property name="logFiles" value="/home/intersoft-admin/Rattan/Bash/Training/Rattan/Final_testing/New_ActivityOverview/Reports/20220214_115757/CancelOrder-OnIframeView/20220214_115818/execution0.log"/>
         <property name="attachments" value="/home/intersoft-admin/Rattan/Bash/Training/Rattan/Final_testing/New_ActivityOverview/Reports/20220214_115757/CancelOrder-OnIframeView/20220214_115818/1644828825621.png, /home/intersoft-admin/Rattan/Bash/Training/Rattan/Final_testing/New_ActivityOverview/Reports/20220214_115757/CancelOrder-OnIframeView/20220214_115818/1644828840032.png, /home/intersoft-admin/Rattan/Bash/Training/Rattan/Final_testing/New_ActivityOverview/Reports/20220214_115757/CancelOrder-OnIframeView/20220214_115818/1644828850460.png, /home/intersoft-admin/Rattan/Bash/Training/Rattan/Final_testing/New_ActivityOverview/Reports/20220214_115757/CancelOrder-OnIframeView/20220214_115818/1644828881986.png, /home/intersoft-admin/Rattan/Bash/Training/Rattan/Final_testing/New_ActivityOverview/Reports/20220214_115757/CancelOrder-OnIframeView/20220214_115818/1644828905358.png, /home/intersoft-admin/Rattan/Bash/Training/Rattan/Final_testing/New_ActivityOverview/Reports/20220214_115757/CancelOrder-OnIframeView/20220214_115818/1644828905669.png, /home/intersoft-admin/Rattan/Bash/Training/Rattan/Final_testing/New_ActivityOverview/Reports/20220214_115757/CancelOrder-OnIframeView/20220214_115818/1644828929070.png, /home/intersoft-admin/Rattan/Bash/Training/Rattan/Final_testing/New_ActivityOverview/Reports/20220214_115757/CancelOrder-OnIframeView/20220214_115818/1644828935862.png, /home/intersoft-admin/Rattan/Bash/Training/Rattan/Final_testing/New_ActivityOverview/Reports/20220214_115757/CancelOrder-OnIframeView/20220214_115818/1644828942174.png, /home/intersoft-admin/Rattan/Bash/Training/Rattan/Final_testing/New_ActivityOverview/Reports/20220214_115757/CancelOrder-OnIframeView/20220214_115818/1644828973214.png, /home/intersoft-admin/Rattan/Bash/Training/Rattan/Final_testing/New_ActivityOverview/Reports/20220214_115757/CancelOrder-OnIframeView/20220214_115818/1644829025884.png, /home/intersoft-admin/Rattan/Bash/Training/Rattan/Final_testing/New_ActivityOverview/Reports/20220214_115757/CancelOrder-OnIframeView/20220214_115818/1644829026173.png, /home/intersoft-admin/Rattan/Bash/Training/Rattan/Final_testing/New_ActivityOverview/Reports/20220214_115757/CancelOrder-OnIframeView/20220214_115818/1644829049534.png, /home/intersoft-admin/Rattan/Bash/Training/Rattan/Final_testing/New_ActivityOverview/Reports/20220214_115757/CancelOrder-OnIframeView/20220214_115818/1644829056023.png, /home/intersoft-admin/Rattan/Bash/Training/Rattan/Final_testing/New_ActivityOverview/Reports/20220214_115757/CancelOrder-OnIframeView/20220214_115818/1644829062358.png, /home/intersoft-admin/Rattan/Bash/Training/Rattan/Final_testing/New_ActivityOverview/Reports/20220214_115757/CancelOrder-OnIframeView/20220214_115818/1644829093335.png, /home/intersoft-admin/Rattan/Bash/Training/Rattan/Final_testing/New_ActivityOverview/Reports/20220214_115757/CancelOrder-OnIframeView/20220214_115818/1644829145948.png, /home/intersoft-admin/Rattan/Bash/Training/Rattan/Final_testing/New_ActivityOverview/Reports/20220214_115757/CancelOrder-OnIframeView/20220214_115818/1644829146308.png, /home/intersoft-admin/Rattan/Bash/Training/Rattan/Final_testing/New_ActivityOverview/Reports/20220214_115757/CancelOrder-OnIframeView/20220214_115818/1644829169709.png, /home/intersoft-admin/Rattan/Bash/Training/Rattan/Final_testing/New_ActivityOverview/Reports/20220214_115757/CancelOrder-OnIframeView/20220214_115818/1644829176221.png, /home/intersoft-admin/Rattan/Bash/Training/Rattan/Final_testing/New_ActivityOverview/Reports/20220214_115757/CancelOrder-OnIframeView/20220214_115818/1644829182559.png, /home/intersoft-admin/Rattan/Bash/Training/Rattan/Final_testing/New_ActivityOverview/Reports/20220214_115757/CancelOrder-OnIframeView/20220214_115818/1644829213505.png, /home/intersoft-admin/Rattan/Bash/Training/Rattan/Final_testing/New_ActivityOverview/Reports/20220214_115757/CancelOrder-OnIframeView/20220214_115818/1644829266142.png, /home/intersoft-admin/Rattan/Bash/Training/Rattan/Final_testing/New_ActivityOverview/Reports/20220214_115757/CancelOrder-OnIframeView/20220214_115818/1644829266447.png, /home/intersoft-admin/Rattan/Bash/Training/Rattan/Final_testing/New_ActivityOverview/Reports/20220214_115757/CancelOrder-OnIframeView/20220214_115818/1644829289802.png, /home/intersoft-admin/Rattan/Bash/Training/Rattan/Final_testing/New_ActivityOverview/Reports/20220214_115757/CancelOrder-OnIframeView/20220214_115818/1644829296304.png, /home/intersoft-admin/Rattan/Bash/Training/Rattan/Final_testing/New_ActivityOverview/Reports/20220214_115757/CancelOrder-OnIframeView/20220214_115818/1644829302616.png, /home/intersoft-admin/Rattan/Bash/Training/Rattan/Final_testing/New_ActivityOverview/Reports/20220214_115757/CancelOrder-OnIframeView/20220214_115818/1644829333551.png, /home/intersoft-admin/Rattan/Bash/Training/Rattan/Final_testing/New_ActivityOverview/Reports/20220214_115757/CancelOrder-OnIframeView/20220214_115818/1644829386200.png, /home/intersoft-admin/Rattan/Bash/Training/Rattan/Final_testing/New_ActivityOverview/Reports/20220214_115757/CancelOrder-OnIframeView/20220214_115818/1644829386481.png, /home/intersoft-admin/Rattan/Bash/Training/Rattan/Final_testing/New_ActivityOverview/Reports/20220214_115757/CancelOrder-OnIframeView/20220214_115818/1644829409853.png, /home/intersoft-admin/Rattan/Bash/Training/Rattan/Final_testing/New_ActivityOverview/Reports/20220214_115757/CancelOrder-OnIframeView/20220214_115818/1644829416322.png, /home/intersoft-admin/Rattan/Bash/Training/Rattan/Final_testing/New_ActivityOverview/Reports/20220214_115757/CancelOrder-OnIframeView/20220214_115818/1644829422626.png, /home/intersoft-admin/Rattan/Bash/Training/Rattan/Final_testing/New_ActivityOverview/Reports/20220214_115757/CancelOrder-OnIframeView/20220214_115818/1644829453663.png"/>
         <property name="hostName" value="intersoft-admin - intersoftadmin-desktop"/>
         <property name="os" value="Linux 64bit"/>
         <property name="katalonVersion" value="8.2.5.208"/>
         <property name="browser" value="Chrome 97.0.4692.99"/>
         <property name="hostAddress" value="127.0.1.1"/>
         <property name="sessionId" value="7b1d05c7271c08430c7c13ca7d386628"/>
         <property name="seleniumVersion" value="3.141.59"/>
         <property name="proxyInformation" value="ProxyInformation { proxyOption=NO_PROXY, proxyServerType=HTTP, username=, password=********, proxyServerAddress=, proxyServerPort=0, executionList=&quot;&quot;, isApplyToDesiredCapabilities=true }"/>
         <property name="platform" value="Linux"/>
      </properties>
      <testcase name="Test Cases/NewActivityOverview-LeftNavigation/ActivityOverview-CancelOrder-GetOrderIDAndRefund" time="683.565" classname="Test Cases/NewActivityOverview-LeftNavigation/ActivityOverview-CancelOrder-GetOrderIDAndRefund" status="PASSED">
         <system-out><![CDATA[2022-02-14 14:23:19 - [TEST_CASE][PASSED] - Test Cases/NewActivityOverview-LeftNavigation/ActivityOverview-CancelOrder-GetOrderIDAndRefund: Test Cases/NewActivityOverview-LeftNavigation/ActivityOverview-CancelOrder-GetOrderIDAndRefund

2022-02-14 14:23:19 - [TEST_STEP][PASSED] - callTestCase(findTestCase("LoginWithSuperAdmin/SuperAdmin-Login"), [:], STOP_ON_FAILURE): Call Test Case 'Test Cases/LoginWithSuperAdmin/SuperAdmin-Login' successfully

2022-02-14 14:23:20 - [TEST_CASE][PASSED] - Test Cases/LoginWithSuperAdmin/SuperAdmin-Login: Test Cases/LoginWithSuperAdmin/SuperAdmin-Login

2022-02-14 14:23:20 - [TEST_STEP][PASSED] - openBrowser(""): Browser is opened with url: ''

2022-02-14 14:23:20 - [MESSAGE][INFO] - Starting 'Chrome' driver

2022-02-14 14:23:20 - [MESSAGE][INFO] - Action delay is set to 3,000 milliseconds

2022-02-14 14:23:21 - [MESSAGE][PASSED] - Browser is opened with url: ''

2022-02-14 14:23:21 - [TEST_STEP][PASSED] - setViewPortSize(1920, 1080): Viewport is set to new size with width = 1920 and height = 1080

2022-02-14 14:23:21 - [MESSAGE][PASSED] - Viewport is set to new size with width = 1920 and height = 1080

2022-02-14 14:23:21 - [TEST_STEP][PASSED] - navigateToUrl(URL): Navigate to 'https://marketplacev1.test-prio.com' successfully

2022-02-14 14:23:26 - [MESSAGE][PASSED] - Navigate to 'https://marketplacev1.test-prio.com' successfully

2022-02-14 14:23:26 - [TEST_STEP][PASSED] - delay(3): Delayed 3 second(s)

2022-02-14 14:23:29 - [MESSAGE][PASSED] - Delayed 3 second(s)

2022-02-14 14:23:29 - [TEST_STEP][PASSED] - click(findTestObject("SuperAdmin/Login/input_Email_contact_email")): Object: 'Object Repository/SuperAdmin/Login/input_Email_contact_email' is clicked on

2022-02-14 14:23:32 - [MESSAGE][PASSED] - Object: 'Object Repository/SuperAdmin/Login/input_Email_contact_email' is clicked on

2022-02-14 14:23:32 - [TEST_STEP][PASSED] - setText(findTestObject("SuperAdmin/Login/input_Email_contact_email"), uname): Text 'superadmin@tippoint.com' is set on object 'Object Repository/SuperAdmin/Login/input_Email_contact_email'

2022-02-14 14:23:39 - [MESSAGE][PASSED] - Text 'superadmin@tippoint.com' is set on object 'Object Repository/SuperAdmin/Login/input_Email_contact_email'

2022-02-14 14:23:39 - [TEST_STEP][PASSED] - setEncryptedText(findTestObject("SuperAdmin/Login/input_Password_password"), Password): Text ****** has been set on object 'Object Repository/SuperAdmin/Login/input_Password_password'

2022-02-14 14:23:45 - [MESSAGE][PASSED] - Text ****** has been set on object 'Object Repository/SuperAdmin/Login/input_Password_password'

2022-02-14 14:23:45 - [TEST_STEP][PASSED] - takeScreenshot(): Taking screenshot successfully

2022-02-14 14:23:45 - [MESSAGE][PASSED] - Taking screenshot successfully
[[ATTACHMENT|/home/intersoft-admin/Rattan/Bash/Training/Rattan/Final_testing/New_ActivityOverview/Reports/20220214_115757/CancelOrder-OnIframeView/20220214_115818/1644828825621.png]]

2022-02-14 14:23:45 - [TEST_STEP][PASSED] - newpackage.clickUsingJS.clickUsingJS(findTestObject("SuperAdmin/Login/button_Sign in"), 5): newpackage.clickUsingJS.clickUsingJS is PASSED

2022-02-14 14:23:46 - [MESSAGE][PASSED] - newpackage.clickUsingJS.clickUsingJS is PASSED

2022-02-14 14:23:46 - [MESSAGE][PASSED] - Call Test Case 'Test Cases/LoginWithSuperAdmin/SuperAdmin-Login' successfully

2022-02-14 14:23:46 - [TEST_STEP][PASSED] - switchToDefaultContent(): null

2022-02-14 14:23:46 - [TEST_STEP][PASSED] - click(findTestObject("SuperAdminLeftNavigation/NewActivityOverview-LeftNavigation")): Object: 'Object Repository/SuperAdminLeftNavigation/NewActivityOverview-LeftNavigation' is clicked on

2022-02-14 14:23:59 - [MESSAGE][PASSED] - Object: 'Object Repository/SuperAdminLeftNavigation/NewActivityOverview-LeftNavigation' is clicked on

2022-02-14 14:23:59 - [TEST_STEP][PASSED] - takeScreenshot(): Taking screenshot successfully

2022-02-14 14:24:00 - [MESSAGE][PASSED] - Taking screenshot successfully
[[ATTACHMENT|/home/intersoft-admin/Rattan/Bash/Training/Rattan/Final_testing/New_ActivityOverview/Reports/20220214_115757/CancelOrder-OnIframeView/20220214_115818/1644828840032.png]]

2022-02-14 14:24:00 - [TEST_STEP][PASSED] - switchToFrame(findTestObject("Object Repository/Iframe/NewActivityOverviewIframe"), 5): null

2022-02-14 14:24:00 - [TEST_STEP][PASSED] - delay(10): Delayed 10 second(s)

2022-02-14 14:24:10 - [MESSAGE][PASSED] - Delayed 10 second(s)

2022-02-14 14:24:10 - [TEST_STEP][PASSED] - takeScreenshot(): Taking screenshot successfully

2022-02-14 14:24:10 - [MESSAGE][PASSED] - Taking screenshot successfully
[[ATTACHMENT|/home/intersoft-admin/Rattan/Bash/Training/Rattan/Final_testing/New_ActivityOverview/Reports/20220214_115757/CancelOrder-OnIframeView/20220214_115818/1644828850460.png]]

2022-02-14 14:24:10 - [TEST_STEP][PASSED] - sizeoflisting = findWebElements(findTestObject("ListingArea/ListingContainsData"), 5).size(): null

2022-02-14 14:24:10 - [TEST_STEP][PASSED] - println(sizeoflisting): null

2022-02-14 14:24:10 - [TEST_STEP][PASSED] - logInfo(Size of Order Listing: $sizeoflisting): Size of Order Listing: 11

2022-02-14 14:24:10 - [MESSAGE][INFO] - Size of Order Listing: 11

2022-02-14 14:24:10 - [TEST_STEP][PASSED] - if (sizeoflisting > 2): Delayed 13 second(s)

2022-02-14 14:24:10 - [TEST_STEP][PASSED] - logInfo("Orders Exist in Listing"): Orders Exist in Listing

2022-02-14 14:24:10 - [MESSAGE][INFO] - Orders Exist in Listing

2022-02-14 14:24:10 - [TEST_STEP][PASSED] - click(findTestObject("Object Repository/OrderPerPage/OrderPerPage_select")): Object: 'Object Repository/OrderPerPage/OrderPerPage_select' is clicked on

2022-02-14 14:24:13 - [MESSAGE][PASSED] - Object: 'Object Repository/OrderPerPage/OrderPerPage_select' is clicked on

2022-02-14 14:24:13 - [TEST_STEP][PASSED] - delay(5): Delayed 5 second(s)

2022-02-14 14:24:18 - [MESSAGE][PASSED] - Delayed 5 second(s)

2022-02-14 14:24:18 - [TEST_STEP][PASSED] - click(findTestObject("Object Repository/OrderPerPage/OrderPerPage-SelectOption")): Object: 'Object Repository/OrderPerPage/OrderPerPage-SelectOption' is clicked on

2022-02-14 14:24:21 - [MESSAGE][PASSED] - Object: 'Object Repository/OrderPerPage/OrderPerPage-SelectOption' is clicked on

2022-02-14 14:24:21 - [TEST_STEP][PASSED] - delay(20): Delayed 20 second(s)

2022-02-14 14:24:41 - [MESSAGE][PASSED] - Delayed 20 second(s)

2022-02-14 14:24:41 - [TEST_STEP][PASSED] - takeScreenshot(): Taking screenshot successfully

2022-02-14 14:24:42 - [MESSAGE][PASSED] - Taking screenshot successfully
[[ATTACHMENT|/home/intersoft-admin/Rattan/Bash/Training/Rattan/Final_testing/New_ActivityOverview/Reports/20220214_115757/CancelOrder-OnIframeView/20220214_115818/1644828881986.png]]

2022-02-14 14:24:42 - [TEST_STEP][PASSED] - SizeofPagination = getText(findTestObject("Object Repository/PaginationCOunt/PaginationCount")): Text of object 'Object Repository/PaginationCOunt/PaginationCount' is: '100'

2022-02-14 14:24:42 - [MESSAGE][PASSED] - Text of object 'Object Repository/PaginationCOunt/PaginationCount' is: '100'

2022-02-14 14:24:42 - [TEST_STEP][PASSED] - println(SizeofPagination): null

2022-02-14 14:24:42 - [TEST_STEP][PASSED] - paginationmaxcount = Integer.parseInt(SizeofPagination): null

2022-02-14 14:24:42 - [TEST_STEP][PASSED] - paginationmaxcount = pagination: null

2022-02-14 14:24:42 - [TEST_STEP][PASSED] - logInfo(Size of Pagination: $paginationmaxcount): Size of Pagination: 5

2022-02-14 14:24:42 - [MESSAGE][INFO] - Size of Pagination: 5

2022-02-14 14:24:42 - [TEST_STEP][PASSED] - totalrecords = 0: null

2022-02-14 14:24:42 - [TEST_STEP][PASSED] - for ([l = 1, l <= paginationmaxcount, (l++)]): Delayed 13 second(s)

2022-02-14 14:24:42 - [TEST_STEP][PASSED] - if (l <= 5): null

2022-02-14 14:24:42 - [TEST_STEP][PASSED] - paginationvalue = l: null

2022-02-14 14:24:42 - [TEST_STEP][PASSED] - if (l > 5): null

2022-02-14 14:24:42 - [TEST_STEP][PASSED] - logInfo(Size of Pagination: $paginationvalue): Size of Pagination: 1

2022-02-14 14:24:42 - [MESSAGE][INFO] - Size of Pagination: 1

2022-02-14 14:24:42 - [TEST_STEP][PASSED] - click(findTestObject("Object Repository/PaginationCOunt/ClickOnPagination", ["pagination":paginationvalue])): Object: 'Object Repository/PaginationCOunt/ClickOnPagination' is clicked on

2022-02-14 14:24:45 - [MESSAGE][PASSED] - Object: 'Object Repository/PaginationCOunt/ClickOnPagination' is clicked on

2022-02-14 14:24:45 - [TEST_STEP][PASSED] - delay(20): Delayed 20 second(s)

2022-02-14 14:25:05 - [MESSAGE][PASSED] - Delayed 20 second(s)

2022-02-14 14:25:05 - [TEST_STEP][PASSED] - takeScreenshot(): Taking screenshot successfully

2022-02-14 14:25:05 - [MESSAGE][PASSED] - Taking screenshot successfully
[[ATTACHMENT|/home/intersoft-admin/Rattan/Bash/Training/Rattan/Final_testing/New_ActivityOverview/Reports/20220214_115757/CancelOrder-OnIframeView/20220214_115818/1644828905358.png]]

2022-02-14 14:25:05 - [TEST_STEP][PASSED] - SizeofActiveBookings = findWebElements(findTestObject("Object Repository/CancelAndRefund/OrderListWithoutRefundedStatus"), 5).size(): null

2022-02-14 14:25:05 - [TEST_STEP][PASSED] - logInfo(Size of Active Bookings: $SizeofActiveBookings): Size of Active Bookings: 81

2022-02-14 14:25:05 - [MESSAGE][INFO] - Size of Active Bookings: 81

2022-02-14 14:25:05 - [TEST_STEP][PASSED] - for ([refund = 1, refund < SizeofActiveBookings, (refund++)]): Call Test Case 'Test Cases/StepToReUse/ActivityOverview-CancelOrder' successfully

2022-02-14 14:25:05 - [TEST_STEP][PASSED] - if (refund == 1): null

2022-02-14 14:25:05 - [TEST_STEP][PASSED] - refund = SizeofActiveBookings: null

2022-02-14 14:25:05 - [TEST_STEP][PASSED] - refundvalue = refund: null

2022-02-14 14:25:05 - [TEST_STEP][PASSED] - logInfo(Size of refund booking: $refund): Size of refund booking: 81

2022-02-14 14:25:05 - [MESSAGE][INFO] - Size of refund booking: 81

2022-02-14 14:25:05 - [TEST_STEP][PASSED] - scrollToElement(findTestObject("Object Repository/CancelAndRefund/OrderListWithoutRefundedStatus - Click", ["position":refund]), 15): Scroll to object 'Object Repository/CancelAndRefund/OrderListWithoutRefundedStatus - Click' successfully

2022-02-14 14:25:05 - [MESSAGE][PASSED] - Scroll to object 'Object Repository/CancelAndRefund/OrderListWithoutRefundedStatus - Click' successfully

2022-02-14 14:25:05 - [TEST_STEP][PASSED] - takeScreenshot(): Taking screenshot successfully

2022-02-14 14:25:05 - [MESSAGE][PASSED] - Taking screenshot successfully
[[ATTACHMENT|/home/intersoft-admin/Rattan/Bash/Training/Rattan/Final_testing/New_ActivityOverview/Reports/20220214_115757/CancelOrder-OnIframeView/20220214_115818/1644828905669.png]]

2022-02-14 14:25:05 - [TEST_STEP][PASSED] - orderId = findWebElement(findTestObject("Object Repository/GetOrderID/GetOrderID", ["position":refund])).getAttribute("data-order_id"): null

2022-02-14 14:25:05 - [TEST_STEP][PASSED] - orderId = orderId: null

2022-02-14 14:25:05 - [TEST_STEP][PASSED] - logInfo(Order ID: $orderId): Order ID: 164464235764657

2022-02-14 14:25:05 - [MESSAGE][INFO] - Order ID: 164464235764657

2022-02-14 14:25:05 - [TEST_STEP][PASSED] - click(findTestObject("Object Repository/GetOrderID/GetOrderID", ["position":refund])): Object: 'Object Repository/GetOrderID/GetOrderID' is clicked on

2022-02-14 14:25:09 - [MESSAGE][PASSED] - Object: 'Object Repository/GetOrderID/GetOrderID' is clicked on

2022-02-14 14:25:09 - [TEST_STEP][PASSED] - delay(20): Delayed 20 second(s)

2022-02-14 14:25:29 - [MESSAGE][PASSED] - Delayed 20 second(s)

2022-02-14 14:25:29 - [TEST_STEP][PASSED] - takeScreenshot(): Taking screenshot successfully

2022-02-14 14:25:29 - [MESSAGE][PASSED] - Taking screenshot successfully
[[ATTACHMENT|/home/intersoft-admin/Rattan/Bash/Training/Rattan/Final_testing/New_ActivityOverview/Reports/20220214_115757/CancelOrder-OnIframeView/20220214_115818/1644828929070.png]]

2022-02-14 14:25:29 - [TEST_STEP][PASSED] - callTestCase(findTestCase("Test Cases/StepToReUse/ActivityOverview-CancelOrder"), [:], CONTINUE_ON_FAILURE): Call Test Case 'Test Cases/StepToReUse/ActivityOverview-CancelOrder' successfully

2022-02-14 14:25:29 - [TEST_CASE][PASSED] - Test Cases/StepToReUse/ActivityOverview-CancelOrder: Test Cases/StepToReUse/ActivityOverview-CancelOrder

2022-02-14 14:25:29 - [TEST_STEP][PASSED] - logInfo(Refund Value: $GlobalVariable.refundvalue): Refund Value: 81

2022-02-14 14:25:29 - [MESSAGE][INFO] - Refund Value: 81

2022-02-14 14:25:29 - [TEST_STEP][PASSED] - if (waitForElementClickable(findTestObject("Object Repository/CancelAndRefund/CancelOrderButton"), 15) == true): null

2022-02-14 14:25:29 - [MESSAGE][PASSED] - Object 'Object Repository/CancelAndRefund/CancelOrderButton' is clickable

2022-02-14 14:25:29 - [TEST_STEP][PASSED] - scrollToElement(findTestObject("Object Repository/CancelAndRefund/CancelOrderButton"), 15): Scroll to object 'Object Repository/CancelAndRefund/CancelOrderButton' successfully

2022-02-14 14:25:29 - [MESSAGE][PASSED] - Scroll to object 'Object Repository/CancelAndRefund/CancelOrderButton' successfully

2022-02-14 14:25:29 - [TEST_STEP][PASSED] - click(findTestObject("Object Repository/CancelAndRefund/CancelOrderButton")): Object: 'Object Repository/CancelAndRefund/CancelOrderButton' is clicked on

2022-02-14 14:25:32 - [MESSAGE][PASSED] - Object: 'Object Repository/CancelAndRefund/CancelOrderButton' is clicked on

2022-02-14 14:25:32 - [TEST_STEP][PASSED] - delay(3): Delayed 3 second(s)

2022-02-14 14:25:35 - [MESSAGE][PASSED] - Delayed 3 second(s)

2022-02-14 14:25:35 - [TEST_STEP][PASSED] - takeScreenshot(): Taking screenshot successfully

2022-02-14 14:25:35 - [MESSAGE][PASSED] - Taking screenshot successfully
[[ATTACHMENT|/home/intersoft-admin/Rattan/Bash/Training/Rattan/Final_testing/New_ActivityOverview/Reports/20220214_115757/CancelOrder-OnIframeView/20220214_115818/1644828935862.png]]

2022-02-14 14:25:35 - [TEST_STEP][PASSED] - if (waitForElementClickable(findTestObject("Object Repository/CancelAndRefund/CancelButton - OnRefundPop-up"), 15) == true): null

2022-02-14 14:25:36 - [MESSAGE][PASSED] - Object 'Object Repository/CancelAndRefund/CancelButton - OnRefundPop-up' is clickable

2022-02-14 14:25:36 - [TEST_STEP][PASSED] - click(findTestObject("Object Repository/CancelAndRefund/CancelButton - OnRefundPop-up")): Object: 'Object Repository/CancelAndRefund/CancelButton - OnRefundPop-up' is clicked on

2022-02-14 14:25:39 - [MESSAGE][PASSED] - Object: 'Object Repository/CancelAndRefund/CancelButton - OnRefundPop-up' is clicked on

2022-02-14 14:25:39 - [TEST_STEP][PASSED] - delay(3): Delayed 3 second(s)

2022-02-14 14:25:42 - [MESSAGE][PASSED] - Delayed 3 second(s)

2022-02-14 14:25:42 - [TEST_STEP][PASSED] - takeScreenshot(): Taking screenshot successfully

2022-02-14 14:25:42 - [MESSAGE][PASSED] - Taking screenshot successfully
[[ATTACHMENT|/home/intersoft-admin/Rattan/Bash/Training/Rattan/Final_testing/New_ActivityOverview/Reports/20220214_115757/CancelOrder-OnIframeView/20220214_115818/1644828942174.png]]

2022-02-14 14:25:42 - [TEST_STEP][PASSED] - click(findTestObject("Object Repository/CancelAndRefund/CancelOrderButton")): Object: 'Object Repository/CancelAndRefund/CancelOrderButton' is clicked on

2022-02-14 14:25:45 - [MESSAGE][PASSED] - Object: 'Object Repository/CancelAndRefund/CancelOrderButton' is clicked on

2022-02-14 14:25:45 - [TEST_STEP][PASSED] - if (refundvalue < 4): null

2022-02-14 14:25:45 - [TEST_STEP][PASSED] - if (refundvalue <= 6 && refundvalue >= 4): null

2022-02-14 14:25:45 - [TEST_STEP][PASSED] - if (refundvalue > 6): Object 'Object Repository/CancelAndRefund/RefundOptionRadio' is not visible after 15 second(s)

2022-02-14 14:25:45 - [TEST_STEP][PASSED] - if (waitForElementVisible(findTestObject("Object Repository/CancelAndRefund/RefundOptionRadio"), 15) == true): Object 'Object Repository/CancelAndRefund/RefundOptionRadio' is not visible after 15 second(s)

2022-02-14 14:26:00 - [MESSAGE][WARNING] - Object 'Object Repository/CancelAndRefund/RefundOptionRadio' is not visible after 15 second(s)

2022-02-14 14:26:00 - [TEST_STEP][PASSED] - setText(findTestObject("Object Repository/CancelAndRefund/ReasonForCancellation"), CancellationReason): Text 'Order Refunded to Test Automation Testing Under Katalon' is set on object 'Object Repository/CancelAndRefund/ReasonForCancellation'

2022-02-14 14:26:07 - [MESSAGE][PASSED] - Text 'Order Refunded to Test Automation Testing Under Katalon' is set on object 'Object Repository/CancelAndRefund/ReasonForCancellation'

2022-02-14 14:26:07 - [TEST_STEP][PASSED] - click(findTestObject("Object Repository/CancelAndRefund/ConfirmCancellationButton")): Object: 'Object Repository/CancelAndRefund/ConfirmCancellationButton' is clicked on

2022-02-14 14:26:10 - [MESSAGE][PASSED] - Object: 'Object Repository/CancelAndRefund/ConfirmCancellationButton' is clicked on

2022-02-14 14:26:10 - [TEST_STEP][PASSED] - delay(3): Delayed 3 second(s)

2022-02-14 14:26:13 - [MESSAGE][PASSED] - Delayed 3 second(s)

2022-02-14 14:26:13 - [TEST_STEP][PASSED] - takeScreenshot(): Taking screenshot successfully

2022-02-14 14:26:13 - [MESSAGE][PASSED] - Taking screenshot successfully
[[ATTACHMENT|/home/intersoft-admin/Rattan/Bash/Training/Rattan/Final_testing/New_ActivityOverview/Reports/20220214_115757/CancelOrder-OnIframeView/20220214_115818/1644828973214.png]]

2022-02-14 14:26:13 - [MESSAGE][PASSED] - Call Test Case 'Test Cases/StepToReUse/ActivityOverview-CancelOrder' successfully

2022-02-14 14:26:13 - [TEST_STEP][PASSED] - delay(13): Delayed 13 second(s)

2022-02-14 14:26:26 - [MESSAGE][PASSED] - Delayed 13 second(s)

2022-02-14 14:26:26 - [TEST_STEP][PASSED] - click(findTestObject("Object Repository/DetailPop-up/Backbutton/BackButtonToListing")): Object: 'Object Repository/DetailPop-up/Backbutton/BackButtonToListing' is clicked on

2022-02-14 14:26:29 - [MESSAGE][PASSED] - Object: 'Object Repository/DetailPop-up/Backbutton/BackButtonToListing' is clicked on

2022-02-14 14:26:29 - [TEST_STEP][PASSED] - delay(13): Delayed 13 second(s)

2022-02-14 14:26:42 - [MESSAGE][PASSED] - Delayed 13 second(s)

2022-02-14 14:26:42 - [TEST_STEP][PASSED] - if (l <= 5): null

2022-02-14 14:26:42 - [TEST_STEP][PASSED] - paginationvalue = l: null

2022-02-14 14:26:42 - [TEST_STEP][PASSED] - if (l > 5): null

2022-02-14 14:26:42 - [TEST_STEP][PASSED] - logInfo(Size of Pagination: $paginationvalue): Size of Pagination: 2

2022-02-14 14:26:42 - [MESSAGE][INFO] - Size of Pagination: 2

2022-02-14 14:26:42 - [TEST_STEP][PASSED] - click(findTestObject("Object Repository/PaginationCOunt/ClickOnPagination", ["pagination":paginationvalue])): Object: 'Object Repository/PaginationCOunt/ClickOnPagination' is clicked on

2022-02-14 14:26:45 - [MESSAGE][PASSED] - Object: 'Object Repository/PaginationCOunt/ClickOnPagination' is clicked on

2022-02-14 14:26:45 - [TEST_STEP][PASSED] - delay(20): Delayed 20 second(s)

2022-02-14 14:27:05 - [MESSAGE][PASSED] - Delayed 20 second(s)

2022-02-14 14:27:05 - [TEST_STEP][PASSED] - takeScreenshot(): Taking screenshot successfully

2022-02-14 14:27:06 - [MESSAGE][PASSED] - Taking screenshot successfully
[[ATTACHMENT|/home/intersoft-admin/Rattan/Bash/Training/Rattan/Final_testing/New_ActivityOverview/Reports/20220214_115757/CancelOrder-OnIframeView/20220214_115818/1644829025884.png]]

2022-02-14 14:27:06 - [TEST_STEP][PASSED] - SizeofActiveBookings = findWebElements(findTestObject("Object Repository/CancelAndRefund/OrderListWithoutRefundedStatus"), 5).size(): null

2022-02-14 14:27:06 - [TEST_STEP][PASSED] - logInfo(Size of Active Bookings: $SizeofActiveBookings): Size of Active Bookings: 74

2022-02-14 14:27:06 - [MESSAGE][INFO] - Size of Active Bookings: 74

2022-02-14 14:27:06 - [TEST_STEP][PASSED] - for ([refund = 1, refund < SizeofActiveBookings, (refund++)]): Call Test Case 'Test Cases/StepToReUse/ActivityOverview-CancelOrder' successfully

2022-02-14 14:27:06 - [TEST_STEP][PASSED] - if (refund == 1): null

2022-02-14 14:27:06 - [TEST_STEP][PASSED] - refund = SizeofActiveBookings: null

2022-02-14 14:27:06 - [TEST_STEP][PASSED] - refundvalue = refund: null

2022-02-14 14:27:06 - [TEST_STEP][PASSED] - logInfo(Size of refund booking: $refund): Size of refund booking: 74

2022-02-14 14:27:06 - [MESSAGE][INFO] - Size of refund booking: 74

2022-02-14 14:27:06 - [TEST_STEP][PASSED] - scrollToElement(findTestObject("Object Repository/CancelAndRefund/OrderListWithoutRefundedStatus - Click", ["position":refund]), 15): Scroll to object 'Object Repository/CancelAndRefund/OrderListWithoutRefundedStatus - Click' successfully

2022-02-14 14:27:06 - [MESSAGE][PASSED] - Scroll to object 'Object Repository/CancelAndRefund/OrderListWithoutRefundedStatus - Click' successfully

2022-02-14 14:27:06 - [TEST_STEP][PASSED] - takeScreenshot(): Taking screenshot successfully

2022-02-14 14:27:06 - [MESSAGE][PASSED] - Taking screenshot successfully
[[ATTACHMENT|/home/intersoft-admin/Rattan/Bash/Training/Rattan/Final_testing/New_ActivityOverview/Reports/20220214_115757/CancelOrder-OnIframeView/20220214_115818/1644829026173.png]]

2022-02-14 14:27:06 - [TEST_STEP][PASSED] - orderId = findWebElement(findTestObject("Object Repository/GetOrderID/GetOrderID", ["position":refund])).getAttribute("data-order_id"): null

2022-02-14 14:27:06 - [TEST_STEP][PASSED] - orderId = orderId: null

2022-02-14 14:27:06 - [TEST_STEP][PASSED] - logInfo(Order ID: $orderId): Order ID: 164456044129743

2022-02-14 14:27:06 - [MESSAGE][INFO] - Order ID: 164456044129743

2022-02-14 14:27:06 - [TEST_STEP][PASSED] - click(findTestObject("Object Repository/GetOrderID/GetOrderID", ["position":refund])): Object: 'Object Repository/GetOrderID/GetOrderID' is clicked on

2022-02-14 14:27:09 - [MESSAGE][PASSED] - Object: 'Object Repository/GetOrderID/GetOrderID' is clicked on

2022-02-14 14:27:09 - [TEST_STEP][PASSED] - delay(20): Delayed 20 second(s)

2022-02-14 14:27:29 - [MESSAGE][PASSED] - Delayed 20 second(s)

2022-02-14 14:27:29 - [TEST_STEP][PASSED] - takeScreenshot(): Taking screenshot successfully

2022-02-14 14:27:29 - [MESSAGE][PASSED] - Taking screenshot successfully
[[ATTACHMENT|/home/intersoft-admin/Rattan/Bash/Training/Rattan/Final_testing/New_ActivityOverview/Reports/20220214_115757/CancelOrder-OnIframeView/20220214_115818/1644829049534.png]]

2022-02-14 14:27:29 - [TEST_STEP][PASSED] - callTestCase(findTestCase("Test Cases/StepToReUse/ActivityOverview-CancelOrder"), [:], CONTINUE_ON_FAILURE): Call Test Case 'Test Cases/StepToReUse/ActivityOverview-CancelOrder' successfully

2022-02-14 14:27:29 - [TEST_CASE][PASSED] - Test Cases/StepToReUse/ActivityOverview-CancelOrder: Test Cases/StepToReUse/ActivityOverview-CancelOrder

2022-02-14 14:27:29 - [TEST_STEP][PASSED] - logInfo(Refund Value: $GlobalVariable.refundvalue): Refund Value: 74

2022-02-14 14:27:29 - [MESSAGE][INFO] - Refund Value: 74

2022-02-14 14:27:29 - [TEST_STEP][PASSED] - if (waitForElementClickable(findTestObject("Object Repository/CancelAndRefund/CancelOrderButton"), 15) == true): null

2022-02-14 14:27:29 - [MESSAGE][PASSED] - Object 'Object Repository/CancelAndRefund/CancelOrderButton' is clickable

2022-02-14 14:27:29 - [TEST_STEP][PASSED] - scrollToElement(findTestObject("Object Repository/CancelAndRefund/CancelOrderButton"), 15): Scroll to object 'Object Repository/CancelAndRefund/CancelOrderButton' successfully

2022-02-14 14:27:29 - [MESSAGE][PASSED] - Scroll to object 'Object Repository/CancelAndRefund/CancelOrderButton' successfully

2022-02-14 14:27:29 - [TEST_STEP][PASSED] - click(findTestObject("Object Repository/CancelAndRefund/CancelOrderButton")): Object: 'Object Repository/CancelAndRefund/CancelOrderButton' is clicked on

2022-02-14 14:27:33 - [MESSAGE][PASSED] - Object: 'Object Repository/CancelAndRefund/CancelOrderButton' is clicked on

2022-02-14 14:27:33 - [TEST_STEP][PASSED] - delay(3): Delayed 3 second(s)

2022-02-14 14:27:36 - [MESSAGE][PASSED] - Delayed 3 second(s)

2022-02-14 14:27:36 - [TEST_STEP][PASSED] - takeScreenshot(): Taking screenshot successfully

2022-02-14 14:27:36 - [MESSAGE][PASSED] - Taking screenshot successfully
[[ATTACHMENT|/home/intersoft-admin/Rattan/Bash/Training/Rattan/Final_testing/New_ActivityOverview/Reports/20220214_115757/CancelOrder-OnIframeView/20220214_115818/1644829056023.png]]

2022-02-14 14:27:36 - [TEST_STEP][PASSED] - if (waitForElementClickable(findTestObject("Object Repository/CancelAndRefund/CancelButton - OnRefundPop-up"), 15) == true): null

2022-02-14 14:27:36 - [MESSAGE][PASSED] - Object 'Object Repository/CancelAndRefund/CancelButton - OnRefundPop-up' is clickable

2022-02-14 14:27:36 - [TEST_STEP][PASSED] - click(findTestObject("Object Repository/CancelAndRefund/CancelButton - OnRefundPop-up")): Object: 'Object Repository/CancelAndRefund/CancelButton - OnRefundPop-up' is clicked on

2022-02-14 14:27:39 - [MESSAGE][PASSED] - Object: 'Object Repository/CancelAndRefund/CancelButton - OnRefundPop-up' is clicked on

2022-02-14 14:27:39 - [TEST_STEP][PASSED] - delay(3): Delayed 3 second(s)

2022-02-14 14:27:42 - [MESSAGE][PASSED] - Delayed 3 second(s)

2022-02-14 14:27:42 - [TEST_STEP][PASSED] - takeScreenshot(): Taking screenshot successfully

2022-02-14 14:27:42 - [MESSAGE][PASSED] - Taking screenshot successfully
[[ATTACHMENT|/home/intersoft-admin/Rattan/Bash/Training/Rattan/Final_testing/New_ActivityOverview/Reports/20220214_115757/CancelOrder-OnIframeView/20220214_115818/1644829062358.png]]

2022-02-14 14:27:42 - [TEST_STEP][PASSED] - click(findTestObject("Object Repository/CancelAndRefund/CancelOrderButton")): Object: 'Object Repository/CancelAndRefund/CancelOrderButton' is clicked on

2022-02-14 14:27:45 - [MESSAGE][PASSED] - Object: 'Object Repository/CancelAndRefund/CancelOrderButton' is clicked on

2022-02-14 14:27:45 - [TEST_STEP][PASSED] - if (refundvalue < 4): null

2022-02-14 14:27:45 - [TEST_STEP][PASSED] - if (refundvalue <= 6 && refundvalue >= 4): null

2022-02-14 14:27:45 - [TEST_STEP][PASSED] - if (refundvalue > 6): Object 'Object Repository/CancelAndRefund/RefundOptionRadio' is not visible after 15 second(s)

2022-02-14 14:27:45 - [TEST_STEP][PASSED] - if (waitForElementVisible(findTestObject("Object Repository/CancelAndRefund/RefundOptionRadio"), 15) == true): Object 'Object Repository/CancelAndRefund/RefundOptionRadio' is not visible after 15 second(s)

2022-02-14 14:28:00 - [MESSAGE][WARNING] - Object 'Object Repository/CancelAndRefund/RefundOptionRadio' is not visible after 15 second(s)

2022-02-14 14:28:00 - [TEST_STEP][PASSED] - setText(findTestObject("Object Repository/CancelAndRefund/ReasonForCancellation"), CancellationReason): Text 'Order Refunded to Test Automation Testing Under Katalon' is set on object 'Object Repository/CancelAndRefund/ReasonForCancellation'

2022-02-14 14:28:07 - [MESSAGE][PASSED] - Text 'Order Refunded to Test Automation Testing Under Katalon' is set on object 'Object Repository/CancelAndRefund/ReasonForCancellation'

2022-02-14 14:28:07 - [TEST_STEP][PASSED] - click(findTestObject("Object Repository/CancelAndRefund/ConfirmCancellationButton")): Object: 'Object Repository/CancelAndRefund/ConfirmCancellationButton' is clicked on

2022-02-14 14:28:10 - [MESSAGE][PASSED] - Object: 'Object Repository/CancelAndRefund/ConfirmCancellationButton' is clicked on

2022-02-14 14:28:10 - [TEST_STEP][PASSED] - delay(3): Delayed 3 second(s)

2022-02-14 14:28:13 - [MESSAGE][PASSED] - Delayed 3 second(s)

2022-02-14 14:28:13 - [TEST_STEP][PASSED] - takeScreenshot(): Taking screenshot successfully

2022-02-14 14:28:13 - [MESSAGE][PASSED] - Taking screenshot successfully
[[ATTACHMENT|/home/intersoft-admin/Rattan/Bash/Training/Rattan/Final_testing/New_ActivityOverview/Reports/20220214_115757/CancelOrder-OnIframeView/20220214_115818/1644829093335.png]]

2022-02-14 14:28:13 - [MESSAGE][PASSED] - Call Test Case 'Test Cases/StepToReUse/ActivityOverview-CancelOrder' successfully

2022-02-14 14:28:13 - [TEST_STEP][PASSED] - delay(13): Delayed 13 second(s)

2022-02-14 14:28:26 - [MESSAGE][PASSED] - Delayed 13 second(s)

2022-02-14 14:28:26 - [TEST_STEP][PASSED] - click(findTestObject("Object Repository/DetailPop-up/Backbutton/BackButtonToListing")): Object: 'Object Repository/DetailPop-up/Backbutton/BackButtonToListing' is clicked on

2022-02-14 14:28:29 - [MESSAGE][PASSED] - Object: 'Object Repository/DetailPop-up/Backbutton/BackButtonToListing' is clicked on

2022-02-14 14:28:29 - [TEST_STEP][PASSED] - delay(13): Delayed 13 second(s)

2022-02-14 14:28:42 - [MESSAGE][PASSED] - Delayed 13 second(s)

2022-02-14 14:28:42 - [TEST_STEP][PASSED] - if (l <= 5): null

2022-02-14 14:28:42 - [TEST_STEP][PASSED] - paginationvalue = l: null

2022-02-14 14:28:42 - [TEST_STEP][PASSED] - if (l > 5): null

2022-02-14 14:28:42 - [TEST_STEP][PASSED] - logInfo(Size of Pagination: $paginationvalue): Size of Pagination: 3

2022-02-14 14:28:42 - [MESSAGE][INFO] - Size of Pagination: 3

2022-02-14 14:28:42 - [TEST_STEP][PASSED] - click(findTestObject("Object Repository/PaginationCOunt/ClickOnPagination", ["pagination":paginationvalue])): Object: 'Object Repository/PaginationCOunt/ClickOnPagination' is clicked on

2022-02-14 14:28:45 - [MESSAGE][PASSED] - Object: 'Object Repository/PaginationCOunt/ClickOnPagination' is clicked on

2022-02-14 14:28:45 - [TEST_STEP][PASSED] - delay(20): Delayed 20 second(s)

2022-02-14 14:29:05 - [MESSAGE][PASSED] - Delayed 20 second(s)

2022-02-14 14:29:05 - [TEST_STEP][PASSED] - takeScreenshot(): Taking screenshot successfully

2022-02-14 14:29:06 - [MESSAGE][PASSED] - Taking screenshot successfully
[[ATTACHMENT|/home/intersoft-admin/Rattan/Bash/Training/Rattan/Final_testing/New_ActivityOverview/Reports/20220214_115757/CancelOrder-OnIframeView/20220214_115818/1644829145948.png]]

2022-02-14 14:29:06 - [TEST_STEP][PASSED] - SizeofActiveBookings = findWebElements(findTestObject("Object Repository/CancelAndRefund/OrderListWithoutRefundedStatus"), 5).size(): null

2022-02-14 14:29:06 - [TEST_STEP][PASSED] - logInfo(Size of Active Bookings: $SizeofActiveBookings): Size of Active Bookings: 79

2022-02-14 14:29:06 - [MESSAGE][INFO] - Size of Active Bookings: 79

2022-02-14 14:29:06 - [TEST_STEP][PASSED] - for ([refund = 1, refund < SizeofActiveBookings, (refund++)]): Call Test Case 'Test Cases/StepToReUse/ActivityOverview-CancelOrder' successfully

2022-02-14 14:29:06 - [TEST_STEP][PASSED] - if (refund == 1): null

2022-02-14 14:29:06 - [TEST_STEP][PASSED] - refund = SizeofActiveBookings: null

2022-02-14 14:29:06 - [TEST_STEP][PASSED] - refundvalue = refund: null

2022-02-14 14:29:06 - [TEST_STEP][PASSED] - logInfo(Size of refund booking: $refund): Size of refund booking: 79

2022-02-14 14:29:06 - [MESSAGE][INFO] - Size of refund booking: 79

2022-02-14 14:29:06 - [TEST_STEP][PASSED] - scrollToElement(findTestObject("Object Repository/CancelAndRefund/OrderListWithoutRefundedStatus - Click", ["position":refund]), 15): Scroll to object 'Object Repository/CancelAndRefund/OrderListWithoutRefundedStatus - Click' successfully

2022-02-14 14:29:06 - [MESSAGE][PASSED] - Scroll to object 'Object Repository/CancelAndRefund/OrderListWithoutRefundedStatus - Click' successfully

2022-02-14 14:29:06 - [TEST_STEP][PASSED] - takeScreenshot(): Taking screenshot successfully

2022-02-14 14:29:06 - [MESSAGE][PASSED] - Taking screenshot successfully
[[ATTACHMENT|/home/intersoft-admin/Rattan/Bash/Training/Rattan/Final_testing/New_ActivityOverview/Reports/20220214_115757/CancelOrder-OnIframeView/20220214_115818/1644829146308.png]]

2022-02-14 14:29:06 - [TEST_STEP][PASSED] - orderId = findWebElement(findTestObject("Object Repository/GetOrderID/GetOrderID", ["position":refund])).getAttribute("data-order_id"): null

2022-02-14 14:29:06 - [TEST_STEP][PASSED] - orderId = orderId: null

2022-02-14 14:29:06 - [TEST_STEP][PASSED] - logInfo(Order ID: $orderId): Order ID: 164440709642748

2022-02-14 14:29:06 - [MESSAGE][INFO] - Order ID: 164440709642748

2022-02-14 14:29:06 - [TEST_STEP][PASSED] - click(findTestObject("Object Repository/GetOrderID/GetOrderID", ["position":refund])): Object: 'Object Repository/GetOrderID/GetOrderID' is clicked on

2022-02-14 14:29:09 - [MESSAGE][PASSED] - Object: 'Object Repository/GetOrderID/GetOrderID' is clicked on

2022-02-14 14:29:09 - [TEST_STEP][PASSED] - delay(20): Delayed 20 second(s)

2022-02-14 14:29:29 - [MESSAGE][PASSED] - Delayed 20 second(s)

2022-02-14 14:29:29 - [TEST_STEP][PASSED] - takeScreenshot(): Taking screenshot successfully

2022-02-14 14:29:29 - [MESSAGE][PASSED] - Taking screenshot successfully
[[ATTACHMENT|/home/intersoft-admin/Rattan/Bash/Training/Rattan/Final_testing/New_ActivityOverview/Reports/20220214_115757/CancelOrder-OnIframeView/20220214_115818/1644829169709.png]]

2022-02-14 14:29:29 - [TEST_STEP][PASSED] - callTestCase(findTestCase("Test Cases/StepToReUse/ActivityOverview-CancelOrder"), [:], CONTINUE_ON_FAILURE): Call Test Case 'Test Cases/StepToReUse/ActivityOverview-CancelOrder' successfully

2022-02-14 14:29:29 - [TEST_CASE][PASSED] - Test Cases/StepToReUse/ActivityOverview-CancelOrder: Test Cases/StepToReUse/ActivityOverview-CancelOrder

2022-02-14 14:29:29 - [TEST_STEP][PASSED] - logInfo(Refund Value: $GlobalVariable.refundvalue): Refund Value: 79

2022-02-14 14:29:29 - [MESSAGE][INFO] - Refund Value: 79

2022-02-14 14:29:29 - [TEST_STEP][PASSED] - if (waitForElementClickable(findTestObject("Object Repository/CancelAndRefund/CancelOrderButton"), 15) == true): null

2022-02-14 14:29:29 - [MESSAGE][PASSED] - Object 'Object Repository/CancelAndRefund/CancelOrderButton' is clickable

2022-02-14 14:29:29 - [TEST_STEP][PASSED] - scrollToElement(findTestObject("Object Repository/CancelAndRefund/CancelOrderButton"), 15): Scroll to object 'Object Repository/CancelAndRefund/CancelOrderButton' successfully

2022-02-14 14:29:30 - [MESSAGE][PASSED] - Scroll to object 'Object Repository/CancelAndRefund/CancelOrderButton' successfully

2022-02-14 14:29:30 - [TEST_STEP][PASSED] - click(findTestObject("Object Repository/CancelAndRefund/CancelOrderButton")): Object: 'Object Repository/CancelAndRefund/CancelOrderButton' is clicked on

2022-02-14 14:29:33 - [MESSAGE][PASSED] - Object: 'Object Repository/CancelAndRefund/CancelOrderButton' is clicked on

2022-02-14 14:29:33 - [TEST_STEP][PASSED] - delay(3): Delayed 3 second(s)

2022-02-14 14:29:36 - [MESSAGE][PASSED] - Delayed 3 second(s)

2022-02-14 14:29:36 - [TEST_STEP][PASSED] - takeScreenshot(): Taking screenshot successfully

2022-02-14 14:29:36 - [MESSAGE][PASSED] - Taking screenshot successfully
[[ATTACHMENT|/home/intersoft-admin/Rattan/Bash/Training/Rattan/Final_testing/New_ActivityOverview/Reports/20220214_115757/CancelOrder-OnIframeView/20220214_115818/1644829176221.png]]

2022-02-14 14:29:36 - [TEST_STEP][PASSED] - if (waitForElementClickable(findTestObject("Object Repository/CancelAndRefund/CancelButton - OnRefundPop-up"), 15) == true): null

2022-02-14 14:29:36 - [MESSAGE][PASSED] - Object 'Object Repository/CancelAndRefund/CancelButton - OnRefundPop-up' is clickable

2022-02-14 14:29:36 - [TEST_STEP][PASSED] - click(findTestObject("Object Repository/CancelAndRefund/CancelButton - OnRefundPop-up")): Object: 'Object Repository/CancelAndRefund/CancelButton - OnRefundPop-up' is clicked on

2022-02-14 14:29:39 - [MESSAGE][PASSED] - Object: 'Object Repository/CancelAndRefund/CancelButton - OnRefundPop-up' is clicked on

2022-02-14 14:29:39 - [TEST_STEP][PASSED] - delay(3): Delayed 3 second(s)

2022-02-14 14:29:42 - [MESSAGE][PASSED] - Delayed 3 second(s)

2022-02-14 14:29:42 - [TEST_STEP][PASSED] - takeScreenshot(): Taking screenshot successfully

2022-02-14 14:29:42 - [MESSAGE][PASSED] - Taking screenshot successfully
[[ATTACHMENT|/home/intersoft-admin/Rattan/Bash/Training/Rattan/Final_testing/New_ActivityOverview/Reports/20220214_115757/CancelOrder-OnIframeView/20220214_115818/1644829182559.png]]

2022-02-14 14:29:42 - [TEST_STEP][PASSED] - click(findTestObject("Object Repository/CancelAndRefund/CancelOrderButton")): Object: 'Object Repository/CancelAndRefund/CancelOrderButton' is clicked on

2022-02-14 14:29:45 - [MESSAGE][PASSED] - Object: 'Object Repository/CancelAndRefund/CancelOrderButton' is clicked on

2022-02-14 14:29:45 - [TEST_STEP][PASSED] - if (refundvalue < 4): null

2022-02-14 14:29:45 - [TEST_STEP][PASSED] - if (refundvalue <= 6 && refundvalue >= 4): null

2022-02-14 14:29:45 - [TEST_STEP][PASSED] - if (refundvalue > 6): Object 'Object Repository/CancelAndRefund/RefundOptionRadio' is not visible after 15 second(s)

2022-02-14 14:29:45 - [TEST_STEP][PASSED] - if (waitForElementVisible(findTestObject("Object Repository/CancelAndRefund/RefundOptionRadio"), 15) == true): Object 'Object Repository/CancelAndRefund/RefundOptionRadio' is not visible after 15 second(s)

2022-02-14 14:30:01 - [MESSAGE][WARNING] - Object 'Object Repository/CancelAndRefund/RefundOptionRadio' is not visible after 15 second(s)

2022-02-14 14:30:01 - [TEST_STEP][PASSED] - setText(findTestObject("Object Repository/CancelAndRefund/ReasonForCancellation"), CancellationReason): Text 'Order Refunded to Test Automation Testing Under Katalon' is set on object 'Object Repository/CancelAndRefund/ReasonForCancellation'

2022-02-14 14:30:07 - [MESSAGE][PASSED] - Text 'Order Refunded to Test Automation Testing Under Katalon' is set on object 'Object Repository/CancelAndRefund/ReasonForCancellation'

2022-02-14 14:30:07 - [TEST_STEP][PASSED] - click(findTestObject("Object Repository/CancelAndRefund/ConfirmCancellationButton")): Object: 'Object Repository/CancelAndRefund/ConfirmCancellationButton' is clicked on

2022-02-14 14:30:10 - [MESSAGE][PASSED] - Object: 'Object Repository/CancelAndRefund/ConfirmCancellationButton' is clicked on

2022-02-14 14:30:10 - [TEST_STEP][PASSED] - delay(3): Delayed 3 second(s)

2022-02-14 14:30:13 - [MESSAGE][PASSED] - Delayed 3 second(s)

2022-02-14 14:30:13 - [TEST_STEP][PASSED] - takeScreenshot(): Taking screenshot successfully

2022-02-14 14:30:13 - [MESSAGE][PASSED] - Taking screenshot successfully
[[ATTACHMENT|/home/intersoft-admin/Rattan/Bash/Training/Rattan/Final_testing/New_ActivityOverview/Reports/20220214_115757/CancelOrder-OnIframeView/20220214_115818/1644829213505.png]]

2022-02-14 14:30:13 - [MESSAGE][PASSED] - Call Test Case 'Test Cases/StepToReUse/ActivityOverview-CancelOrder' successfully

2022-02-14 14:30:13 - [TEST_STEP][PASSED] - delay(13): Delayed 13 second(s)

2022-02-14 14:30:26 - [MESSAGE][PASSED] - Delayed 13 second(s)

2022-02-14 14:30:26 - [TEST_STEP][PASSED] - click(findTestObject("Object Repository/DetailPop-up/Backbutton/BackButtonToListing")): Object: 'Object Repository/DetailPop-up/Backbutton/BackButtonToListing' is clicked on

2022-02-14 14:30:29 - [MESSAGE][PASSED] - Object: 'Object Repository/DetailPop-up/Backbutton/BackButtonToListing' is clicked on

2022-02-14 14:30:29 - [TEST_STEP][PASSED] - delay(13): Delayed 13 second(s)

2022-02-14 14:30:42 - [MESSAGE][PASSED] - Delayed 13 second(s)

2022-02-14 14:30:42 - [TEST_STEP][PASSED] - if (l <= 5): null

2022-02-14 14:30:42 - [TEST_STEP][PASSED] - paginationvalue = l: null

2022-02-14 14:30:42 - [TEST_STEP][PASSED] - if (l > 5): null

2022-02-14 14:30:42 - [TEST_STEP][PASSED] - logInfo(Size of Pagination: $paginationvalue): Size of Pagination: 4

2022-02-14 14:30:42 - [MESSAGE][INFO] - Size of Pagination: 4

2022-02-14 14:30:42 - [TEST_STEP][PASSED] - click(findTestObject("Object Repository/PaginationCOunt/ClickOnPagination", ["pagination":paginationvalue])): Object: 'Object Repository/PaginationCOunt/ClickOnPagination' is clicked on

2022-02-14 14:30:46 - [MESSAGE][PASSED] - Object: 'Object Repository/PaginationCOunt/ClickOnPagination' is clicked on

2022-02-14 14:30:46 - [TEST_STEP][PASSED] - delay(20): Delayed 20 second(s)

2022-02-14 14:31:06 - [MESSAGE][PASSED] - Delayed 20 second(s)

2022-02-14 14:31:06 - [TEST_STEP][PASSED] - takeScreenshot(): Taking screenshot successfully

2022-02-14 14:31:06 - [MESSAGE][PASSED] - Taking screenshot successfully
[[ATTACHMENT|/home/intersoft-admin/Rattan/Bash/Training/Rattan/Final_testing/New_ActivityOverview/Reports/20220214_115757/CancelOrder-OnIframeView/20220214_115818/1644829266142.png]]

2022-02-14 14:31:06 - [TEST_STEP][PASSED] - SizeofActiveBookings = findWebElements(findTestObject("Object Repository/CancelAndRefund/OrderListWithoutRefundedStatus"), 5).size(): null

2022-02-14 14:31:06 - [TEST_STEP][PASSED] - logInfo(Size of Active Bookings: $SizeofActiveBookings): Size of Active Bookings: 78

2022-02-14 14:31:06 - [MESSAGE][INFO] - Size of Active Bookings: 78

2022-02-14 14:31:06 - [TEST_STEP][PASSED] - for ([refund = 1, refund < SizeofActiveBookings, (refund++)]): Call Test Case 'Test Cases/StepToReUse/ActivityOverview-CancelOrder' successfully

2022-02-14 14:31:06 - [TEST_STEP][PASSED] - if (refund == 1): null

2022-02-14 14:31:06 - [TEST_STEP][PASSED] - refund = SizeofActiveBookings: null

2022-02-14 14:31:06 - [TEST_STEP][PASSED] - refundvalue = refund: null

2022-02-14 14:31:06 - [TEST_STEP][PASSED] - logInfo(Size of refund booking: $refund): Size of refund booking: 78

2022-02-14 14:31:06 - [MESSAGE][INFO] - Size of refund booking: 78

2022-02-14 14:31:06 - [TEST_STEP][PASSED] - scrollToElement(findTestObject("Object Repository/CancelAndRefund/OrderListWithoutRefundedStatus - Click", ["position":refund]), 15): Scroll to object 'Object Repository/CancelAndRefund/OrderListWithoutRefundedStatus - Click' successfully

2022-02-14 14:31:06 - [MESSAGE][PASSED] - Scroll to object 'Object Repository/CancelAndRefund/OrderListWithoutRefundedStatus - Click' successfully

2022-02-14 14:31:06 - [TEST_STEP][PASSED] - takeScreenshot(): Taking screenshot successfully

2022-02-14 14:31:06 - [MESSAGE][PASSED] - Taking screenshot successfully
[[ATTACHMENT|/home/intersoft-admin/Rattan/Bash/Training/Rattan/Final_testing/New_ActivityOverview/Reports/20220214_115757/CancelOrder-OnIframeView/20220214_115818/1644829266447.png]]

2022-02-14 14:31:06 - [TEST_STEP][PASSED] - orderId = findWebElement(findTestObject("Object Repository/GetOrderID/GetOrderID", ["position":refund])).getAttribute("data-order_id"): null

2022-02-14 14:31:06 - [TEST_STEP][PASSED] - orderId = orderId: null

2022-02-14 14:31:06 - [TEST_STEP][PASSED] - logInfo(Order ID: $orderId): Order ID: 164431857487598

2022-02-14 14:31:06 - [MESSAGE][INFO] - Order ID: 164431857487598

2022-02-14 14:31:06 - [TEST_STEP][PASSED] - click(findTestObject("Object Repository/GetOrderID/GetOrderID", ["position":refund])): Object: 'Object Repository/GetOrderID/GetOrderID' is clicked on

2022-02-14 14:31:09 - [MESSAGE][PASSED] - Object: 'Object Repository/GetOrderID/GetOrderID' is clicked on

2022-02-14 14:31:09 - [TEST_STEP][PASSED] - delay(20): Delayed 20 second(s)

2022-02-14 14:31:29 - [MESSAGE][PASSED] - Delayed 20 second(s)

2022-02-14 14:31:29 - [TEST_STEP][PASSED] - takeScreenshot(): Taking screenshot successfully

2022-02-14 14:31:29 - [MESSAGE][PASSED] - Taking screenshot successfully
[[ATTACHMENT|/home/intersoft-admin/Rattan/Bash/Training/Rattan/Final_testing/New_ActivityOverview/Reports/20220214_115757/CancelOrder-OnIframeView/20220214_115818/1644829289802.png]]

2022-02-14 14:31:29 - [TEST_STEP][PASSED] - callTestCase(findTestCase("Test Cases/StepToReUse/ActivityOverview-CancelOrder"), [:], CONTINUE_ON_FAILURE): Call Test Case 'Test Cases/StepToReUse/ActivityOverview-CancelOrder' successfully

2022-02-14 14:31:29 - [TEST_CASE][PASSED] - Test Cases/StepToReUse/ActivityOverview-CancelOrder: Test Cases/StepToReUse/ActivityOverview-CancelOrder

2022-02-14 14:31:30 - [TEST_STEP][PASSED] - logInfo(Refund Value: $GlobalVariable.refundvalue): Refund Value: 78

2022-02-14 14:31:30 - [MESSAGE][INFO] - Refund Value: 78

2022-02-14 14:31:30 - [TEST_STEP][PASSED] - if (waitForElementClickable(findTestObject("Object Repository/CancelAndRefund/CancelOrderButton"), 15) == true): null

2022-02-14 14:31:30 - [MESSAGE][PASSED] - Object 'Object Repository/CancelAndRefund/CancelOrderButton' is clickable

2022-02-14 14:31:30 - [TEST_STEP][PASSED] - scrollToElement(findTestObject("Object Repository/CancelAndRefund/CancelOrderButton"), 15): Scroll to object 'Object Repository/CancelAndRefund/CancelOrderButton' successfully

2022-02-14 14:31:30 - [MESSAGE][PASSED] - Scroll to object 'Object Repository/CancelAndRefund/CancelOrderButton' successfully

2022-02-14 14:31:30 - [TEST_STEP][PASSED] - click(findTestObject("Object Repository/CancelAndRefund/CancelOrderButton")): Object: 'Object Repository/CancelAndRefund/CancelOrderButton' is clicked on

2022-02-14 14:31:33 - [MESSAGE][PASSED] - Object: 'Object Repository/CancelAndRefund/CancelOrderButton' is clicked on

2022-02-14 14:31:33 - [TEST_STEP][PASSED] - delay(3): Delayed 3 second(s)

2022-02-14 14:31:36 - [MESSAGE][PASSED] - Delayed 3 second(s)

2022-02-14 14:31:36 - [TEST_STEP][PASSED] - takeScreenshot(): Taking screenshot successfully

2022-02-14 14:31:36 - [MESSAGE][PASSED] - Taking screenshot successfully
[[ATTACHMENT|/home/intersoft-admin/Rattan/Bash/Training/Rattan/Final_testing/New_ActivityOverview/Reports/20220214_115757/CancelOrder-OnIframeView/20220214_115818/1644829296304.png]]

2022-02-14 14:31:36 - [TEST_STEP][PASSED] - if (waitForElementClickable(findTestObject("Object Repository/CancelAndRefund/CancelButton - OnRefundPop-up"), 15) == true): null

2022-02-14 14:31:36 - [MESSAGE][PASSED] - Object 'Object Repository/CancelAndRefund/CancelButton - OnRefundPop-up' is clickable

2022-02-14 14:31:36 - [TEST_STEP][PASSED] - click(findTestObject("Object Repository/CancelAndRefund/CancelButton - OnRefundPop-up")): Object: 'Object Repository/CancelAndRefund/CancelButton - OnRefundPop-up' is clicked on

2022-02-14 14:31:39 - [MESSAGE][PASSED] - Object: 'Object Repository/CancelAndRefund/CancelButton - OnRefundPop-up' is clicked on

2022-02-14 14:31:39 - [TEST_STEP][PASSED] - delay(3): Delayed 3 second(s)

2022-02-14 14:31:42 - [MESSAGE][PASSED] - Delayed 3 second(s)

2022-02-14 14:31:42 - [TEST_STEP][PASSED] - takeScreenshot(): Taking screenshot successfully

2022-02-14 14:31:42 - [MESSAGE][PASSED] - Taking screenshot successfully
[[ATTACHMENT|/home/intersoft-admin/Rattan/Bash/Training/Rattan/Final_testing/New_ActivityOverview/Reports/20220214_115757/CancelOrder-OnIframeView/20220214_115818/1644829302616.png]]

2022-02-14 14:31:42 - [TEST_STEP][PASSED] - click(findTestObject("Object Repository/CancelAndRefund/CancelOrderButton")): Object: 'Object Repository/CancelAndRefund/CancelOrderButton' is clicked on

2022-02-14 14:31:45 - [MESSAGE][PASSED] - Object: 'Object Repository/CancelAndRefund/CancelOrderButton' is clicked on

2022-02-14 14:31:45 - [TEST_STEP][PASSED] - if (refundvalue < 4): null

2022-02-14 14:31:45 - [TEST_STEP][PASSED] - if (refundvalue <= 6 && refundvalue >= 4): null

2022-02-14 14:31:45 - [TEST_STEP][PASSED] - if (refundvalue > 6): Object 'Object Repository/CancelAndRefund/RefundOptionRadio' is not visible after 15 second(s)

2022-02-14 14:31:45 - [TEST_STEP][PASSED] - if (waitForElementVisible(findTestObject("Object Repository/CancelAndRefund/RefundOptionRadio"), 15) == true): Object 'Object Repository/CancelAndRefund/RefundOptionRadio' is not visible after 15 second(s)

2022-02-14 14:32:01 - [MESSAGE][WARNING] - Object 'Object Repository/CancelAndRefund/RefundOptionRadio' is not visible after 15 second(s)

2022-02-14 14:32:01 - [TEST_STEP][PASSED] - setText(findTestObject("Object Repository/CancelAndRefund/ReasonForCancellation"), CancellationReason): Text 'Order Refunded to Test Automation Testing Under Katalon' is set on object 'Object Repository/CancelAndRefund/ReasonForCancellation'

2022-02-14 14:32:07 - [MESSAGE][PASSED] - Text 'Order Refunded to Test Automation Testing Under Katalon' is set on object 'Object Repository/CancelAndRefund/ReasonForCancellation'

2022-02-14 14:32:07 - [TEST_STEP][PASSED] - click(findTestObject("Object Repository/CancelAndRefund/ConfirmCancellationButton")): Object: 'Object Repository/CancelAndRefund/ConfirmCancellationButton' is clicked on

2022-02-14 14:32:10 - [MESSAGE][PASSED] - Object: 'Object Repository/CancelAndRefund/ConfirmCancellationButton' is clicked on

2022-02-14 14:32:10 - [TEST_STEP][PASSED] - delay(3): Delayed 3 second(s)

2022-02-14 14:32:13 - [MESSAGE][PASSED] - Delayed 3 second(s)

2022-02-14 14:32:13 - [TEST_STEP][PASSED] - takeScreenshot(): Taking screenshot successfully

2022-02-14 14:32:13 - [MESSAGE][PASSED] - Taking screenshot successfully
[[ATTACHMENT|/home/intersoft-admin/Rattan/Bash/Training/Rattan/Final_testing/New_ActivityOverview/Reports/20220214_115757/CancelOrder-OnIframeView/20220214_115818/1644829333551.png]]

2022-02-14 14:32:13 - [MESSAGE][PASSED] - Call Test Case 'Test Cases/StepToReUse/ActivityOverview-CancelOrder' successfully

2022-02-14 14:32:13 - [TEST_STEP][PASSED] - delay(13): Delayed 13 second(s)

2022-02-14 14:32:26 - [MESSAGE][PASSED] - Delayed 13 second(s)

2022-02-14 14:32:26 - [TEST_STEP][PASSED] - click(findTestObject("Object Repository/DetailPop-up/Backbutton/BackButtonToListing")): Object: 'Object Repository/DetailPop-up/Backbutton/BackButtonToListing' is clicked on

2022-02-14 14:32:30 - [MESSAGE][PASSED] - Object: 'Object Repository/DetailPop-up/Backbutton/BackButtonToListing' is clicked on

2022-02-14 14:32:30 - [TEST_STEP][PASSED] - delay(13): Delayed 13 second(s)

2022-02-14 14:32:43 - [MESSAGE][PASSED] - Delayed 13 second(s)

2022-02-14 14:32:43 - [TEST_STEP][PASSED] - if (l <= 5): null

2022-02-14 14:32:43 - [TEST_STEP][PASSED] - paginationvalue = l: null

2022-02-14 14:32:43 - [TEST_STEP][PASSED] - if (l > 5): null

2022-02-14 14:32:43 - [TEST_STEP][PASSED] - logInfo(Size of Pagination: $paginationvalue): Size of Pagination: 5

2022-02-14 14:32:43 - [MESSAGE][INFO] - Size of Pagination: 5

2022-02-14 14:32:43 - [TEST_STEP][PASSED] - click(findTestObject("Object Repository/PaginationCOunt/ClickOnPagination", ["pagination":paginationvalue])): Object: 'Object Repository/PaginationCOunt/ClickOnPagination' is clicked on

2022-02-14 14:32:46 - [MESSAGE][PASSED] - Object: 'Object Repository/PaginationCOunt/ClickOnPagination' is clicked on

2022-02-14 14:32:46 - [TEST_STEP][PASSED] - delay(20): Delayed 20 second(s)

2022-02-14 14:33:06 - [MESSAGE][PASSED] - Delayed 20 second(s)

2022-02-14 14:33:06 - [TEST_STEP][PASSED] - takeScreenshot(): Taking screenshot successfully

2022-02-14 14:33:06 - [MESSAGE][PASSED] - Taking screenshot successfully
[[ATTACHMENT|/home/intersoft-admin/Rattan/Bash/Training/Rattan/Final_testing/New_ActivityOverview/Reports/20220214_115757/CancelOrder-OnIframeView/20220214_115818/1644829386200.png]]

2022-02-14 14:33:06 - [TEST_STEP][PASSED] - SizeofActiveBookings = findWebElements(findTestObject("Object Repository/CancelAndRefund/OrderListWithoutRefundedStatus"), 5).size(): null

2022-02-14 14:33:06 - [TEST_STEP][PASSED] - logInfo(Size of Active Bookings: $SizeofActiveBookings): Size of Active Bookings: 93

2022-02-14 14:33:06 - [MESSAGE][INFO] - Size of Active Bookings: 93

2022-02-14 14:33:06 - [TEST_STEP][PASSED] - for ([refund = 1, refund < SizeofActiveBookings, (refund++)]): Call Test Case 'Test Cases/StepToReUse/ActivityOverview-CancelOrder' successfully

2022-02-14 14:33:06 - [TEST_STEP][PASSED] - if (refund == 1): null

2022-02-14 14:33:06 - [TEST_STEP][PASSED] - refund = SizeofActiveBookings: null

2022-02-14 14:33:06 - [TEST_STEP][PASSED] - refundvalue = refund: null

2022-02-14 14:33:06 - [TEST_STEP][PASSED] - logInfo(Size of refund booking: $refund): Size of refund booking: 93

2022-02-14 14:33:06 - [MESSAGE][INFO] - Size of refund booking: 93

2022-02-14 14:33:06 - [TEST_STEP][PASSED] - scrollToElement(findTestObject("Object Repository/CancelAndRefund/OrderListWithoutRefundedStatus - Click", ["position":refund]), 15): Scroll to object 'Object Repository/CancelAndRefund/OrderListWithoutRefundedStatus - Click' successfully

2022-02-14 14:33:06 - [MESSAGE][PASSED] - Scroll to object 'Object Repository/CancelAndRefund/OrderListWithoutRefundedStatus - Click' successfully

2022-02-14 14:33:06 - [TEST_STEP][PASSED] - takeScreenshot(): Taking screenshot successfully

2022-02-14 14:33:06 - [MESSAGE][PASSED] - Taking screenshot successfully
[[ATTACHMENT|/home/intersoft-admin/Rattan/Bash/Training/Rattan/Final_testing/New_ActivityOverview/Reports/20220214_115757/CancelOrder-OnIframeView/20220214_115818/1644829386481.png]]

2022-02-14 14:33:06 - [TEST_STEP][PASSED] - orderId = findWebElement(findTestObject("Object Repository/GetOrderID/GetOrderID", ["position":refund])).getAttribute("data-order_id"): null

2022-02-14 14:33:06 - [TEST_STEP][PASSED] - orderId = orderId: null

2022-02-14 14:33:06 - [TEST_STEP][PASSED] - logInfo(Order ID: $orderId): Order ID: 164422658775867

2022-02-14 14:33:06 - [MESSAGE][INFO] - Order ID: 164422658775867

2022-02-14 14:33:06 - [TEST_STEP][PASSED] - click(findTestObject("Object Repository/GetOrderID/GetOrderID", ["position":refund])): Object: 'Object Repository/GetOrderID/GetOrderID' is clicked on

2022-02-14 14:33:09 - [MESSAGE][PASSED] - Object: 'Object Repository/GetOrderID/GetOrderID' is clicked on

2022-02-14 14:33:09 - [TEST_STEP][PASSED] - delay(20): Delayed 20 second(s)

2022-02-14 14:33:29 - [MESSAGE][PASSED] - Delayed 20 second(s)

2022-02-14 14:33:29 - [TEST_STEP][PASSED] - takeScreenshot(): Taking screenshot successfully

2022-02-14 14:33:29 - [MESSAGE][PASSED] - Taking screenshot successfully
[[ATTACHMENT|/home/intersoft-admin/Rattan/Bash/Training/Rattan/Final_testing/New_ActivityOverview/Reports/20220214_115757/CancelOrder-OnIframeView/20220214_115818/1644829409853.png]]

2022-02-14 14:33:29 - [TEST_STEP][PASSED] - callTestCase(findTestCase("Test Cases/StepToReUse/ActivityOverview-CancelOrder"), [:], CONTINUE_ON_FAILURE): Call Test Case 'Test Cases/StepToReUse/ActivityOverview-CancelOrder' successfully

2022-02-14 14:33:30 - [TEST_CASE][PASSED] - Test Cases/StepToReUse/ActivityOverview-CancelOrder: Test Cases/StepToReUse/ActivityOverview-CancelOrder

2022-02-14 14:33:30 - [TEST_STEP][PASSED] - logInfo(Refund Value: $GlobalVariable.refundvalue): Refund Value: 93

2022-02-14 14:33:30 - [MESSAGE][INFO] - Refund Value: 93

2022-02-14 14:33:30 - [TEST_STEP][PASSED] - if (waitForElementClickable(findTestObject("Object Repository/CancelAndRefund/CancelOrderButton"), 15) == true): null

2022-02-14 14:33:30 - [MESSAGE][PASSED] - Object 'Object Repository/CancelAndRefund/CancelOrderButton' is clickable

2022-02-14 14:33:30 - [TEST_STEP][PASSED] - scrollToElement(findTestObject("Object Repository/CancelAndRefund/CancelOrderButton"), 15): Scroll to object 'Object Repository/CancelAndRefund/CancelOrderButton' successfully

2022-02-14 14:33:30 - [MESSAGE][PASSED] - Scroll to object 'Object Repository/CancelAndRefund/CancelOrderButton' successfully

2022-02-14 14:33:30 - [TEST_STEP][PASSED] - click(findTestObject("Object Repository/CancelAndRefund/CancelOrderButton")): Object: 'Object Repository/CancelAndRefund/CancelOrderButton' is clicked on

2022-02-14 14:33:33 - [MESSAGE][PASSED] - Object: 'Object Repository/CancelAndRefund/CancelOrderButton' is clicked on

2022-02-14 14:33:33 - [TEST_STEP][PASSED] - delay(3): Delayed 3 second(s)

2022-02-14 14:33:36 - [MESSAGE][PASSED] - Delayed 3 second(s)

2022-02-14 14:33:36 - [TEST_STEP][PASSED] - takeScreenshot(): Taking screenshot successfully

2022-02-14 14:33:36 - [MESSAGE][PASSED] - Taking screenshot successfully
[[ATTACHMENT|/home/intersoft-admin/Rattan/Bash/Training/Rattan/Final_testing/New_ActivityOverview/Reports/20220214_115757/CancelOrder-OnIframeView/20220214_115818/1644829416322.png]]

2022-02-14 14:33:36 - [TEST_STEP][PASSED] - if (waitForElementClickable(findTestObject("Object Repository/CancelAndRefund/CancelButton - OnRefundPop-up"), 15) == true): null

2022-02-14 14:33:36 - [MESSAGE][PASSED] - Object 'Object Repository/CancelAndRefund/CancelButton - OnRefundPop-up' is clickable

2022-02-14 14:33:36 - [TEST_STEP][PASSED] - click(findTestObject("Object Repository/CancelAndRefund/CancelButton - OnRefundPop-up")): Object: 'Object Repository/CancelAndRefund/CancelButton - OnRefundPop-up' is clicked on

2022-02-14 14:33:39 - [MESSAGE][PASSED] - Object: 'Object Repository/CancelAndRefund/CancelButton - OnRefundPop-up' is clicked on

2022-02-14 14:33:39 - [TEST_STEP][PASSED] - delay(3): Delayed 3 second(s)

2022-02-14 14:33:42 - [MESSAGE][PASSED] - Delayed 3 second(s)

2022-02-14 14:33:42 - [TEST_STEP][PASSED] - takeScreenshot(): Taking screenshot successfully

2022-02-14 14:33:42 - [MESSAGE][PASSED] - Taking screenshot successfully
[[ATTACHMENT|/home/intersoft-admin/Rattan/Bash/Training/Rattan/Final_testing/New_ActivityOverview/Reports/20220214_115757/CancelOrder-OnIframeView/20220214_115818/1644829422626.png]]

2022-02-14 14:33:42 - [TEST_STEP][PASSED] - click(findTestObject("Object Repository/CancelAndRefund/CancelOrderButton")): Object: 'Object Repository/CancelAndRefund/CancelOrderButton' is clicked on

2022-02-14 14:33:45 - [MESSAGE][PASSED] - Object: 'Object Repository/CancelAndRefund/CancelOrderButton' is clicked on

2022-02-14 14:33:45 - [TEST_STEP][PASSED] - if (refundvalue < 4): null

2022-02-14 14:33:45 - [TEST_STEP][PASSED] - if (refundvalue <= 6 && refundvalue >= 4): null

2022-02-14 14:33:45 - [TEST_STEP][PASSED] - if (refundvalue > 6): Object 'Object Repository/CancelAndRefund/RefundOptionRadio' is not visible after 15 second(s)

2022-02-14 14:33:45 - [TEST_STEP][PASSED] - if (waitForElementVisible(findTestObject("Object Repository/CancelAndRefund/RefundOptionRadio"), 15) == true): Object 'Object Repository/CancelAndRefund/RefundOptionRadio' is not visible after 15 second(s)

2022-02-14 14:34:01 - [MESSAGE][WARNING] - Object 'Object Repository/CancelAndRefund/RefundOptionRadio' is not visible after 15 second(s)

2022-02-14 14:34:01 - [TEST_STEP][PASSED] - setText(findTestObject("Object Repository/CancelAndRefund/ReasonForCancellation"), CancellationReason): Text 'Order Refunded to Test Automation Testing Under Katalon' is set on object 'Object Repository/CancelAndRefund/ReasonForCancellation'

2022-02-14 14:34:07 - [MESSAGE][PASSED] - Text 'Order Refunded to Test Automation Testing Under Katalon' is set on object 'Object Repository/CancelAndRefund/ReasonForCancellation'

2022-02-14 14:34:07 - [TEST_STEP][PASSED] - click(findTestObject("Object Repository/CancelAndRefund/ConfirmCancellationButton")): Object: 'Object Repository/CancelAndRefund/ConfirmCancellationButton' is clicked on

2022-02-14 14:34:10 - [MESSAGE][PASSED] - Object: 'Object Repository/CancelAndRefund/ConfirmCancellationButton' is clicked on

2022-02-14 14:34:10 - [TEST_STEP][PASSED] - delay(3): Delayed 3 second(s)

2022-02-14 14:34:13 - [MESSAGE][PASSED] - Delayed 3 second(s)

2022-02-14 14:34:13 - [TEST_STEP][PASSED] - takeScreenshot(): Taking screenshot successfully

2022-02-14 14:34:13 - [MESSAGE][PASSED] - Taking screenshot successfully
[[ATTACHMENT|/home/intersoft-admin/Rattan/Bash/Training/Rattan/Final_testing/New_ActivityOverview/Reports/20220214_115757/CancelOrder-OnIframeView/20220214_115818/1644829453663.png]]

2022-02-14 14:34:13 - [MESSAGE][PASSED] - Call Test Case 'Test Cases/StepToReUse/ActivityOverview-CancelOrder' successfully

2022-02-14 14:34:13 - [TEST_STEP][PASSED] - delay(13): Delayed 13 second(s)

2022-02-14 14:34:26 - [MESSAGE][PASSED] - Delayed 13 second(s)

2022-02-14 14:34:26 - [TEST_STEP][PASSED] - click(findTestObject("Object Repository/DetailPop-up/Backbutton/BackButtonToListing")): Object: 'Object Repository/DetailPop-up/Backbutton/BackButtonToListing' is clicked on

2022-02-14 14:34:30 - [MESSAGE][PASSED] - Object: 'Object Repository/DetailPop-up/Backbutton/BackButtonToListing' is clicked on

2022-02-14 14:34:30 - [TEST_STEP][PASSED] - delay(13): Delayed 13 second(s)

2022-02-14 14:34:43 - [MESSAGE][PASSED] - Delayed 13 second(s)]]></system-out>
         <system-err><![CDATA[]]></system-err>
      </testcase>
      <system-out><![CDATA[2022-02-14 14:23:19 - [TEST_SUITE][PASSED] - CancelOrder-OnIframeView: Test Cases/NewActivityOverview-LeftNavigation/ActivityOverview-CancelOrder-GetOrderIDAndRefund]]></system-out>
      <system-err><![CDATA[]]></system-err>
   </testsuite>
</testsuites>
