<?xml version="1.0" encoding="UTF-8"?>
<testsuites name="CancelAndRefundMultipleBookings" time="147.197" tests="1" failures="0" errors="0">
   <testsuite name="CancelAndRefundMultipleBookings" tests="1" failures="0" errors="0" time="147.197" skipped="0" timestamp="2022-02-10 16:28:50" hostname="intersoft-admin - intersoftadmin-desktop" id="Test Suites/CancelAndRefundMultipleBookings">
      <properties>
         <property name="deviceName" value=""/>
         <property name="devicePlatform" value=""/>
         <property name="logFolder" value="/home/intersoft-admin/Rattan/Bash/Training/Rattan/Final_testing/New_ActivityOverview/Reports/20220210_162839/CancelAndRefundMultipleBookings/20220210_162840"/>
         <property name="logFiles" value="/home/intersoft-admin/Rattan/Bash/Training/Rattan/Final_testing/New_ActivityOverview/Reports/20220210_162839/CancelAndRefundMultipleBookings/20220210_162840/execution0.log"/>
         <property name="attachments" value="/home/intersoft-admin/Rattan/Bash/Training/Rattan/Final_testing/New_ActivityOverview/Reports/20220210_162839/CancelAndRefundMultipleBookings/20220210_162840/1644490757688.png, /home/intersoft-admin/Rattan/Bash/Training/Rattan/Final_testing/New_ActivityOverview/Reports/20220210_162839/CancelAndRefundMultipleBookings/20220210_162840/1644490772488.png, /home/intersoft-admin/Rattan/Bash/Training/Rattan/Final_testing/New_ActivityOverview/Reports/20220210_162839/CancelAndRefundMultipleBookings/20220210_162840/1644490783096.png, /home/intersoft-admin/Rattan/Bash/Training/Rattan/Final_testing/New_ActivityOverview/Reports/20220210_162839/CancelAndRefundMultipleBookings/20220210_162840/1644490783518.png, /home/intersoft-admin/Rattan/Bash/Training/Rattan/Final_testing/New_ActivityOverview/Reports/20220210_162839/CancelAndRefundMultipleBookings/20220210_162840/1644490806163.png, /home/intersoft-admin/Rattan/Bash/Training/Rattan/Final_testing/New_ActivityOverview/Reports/20220210_162839/CancelAndRefundMultipleBookings/20220210_162840/1644490829467.png, /home/intersoft-admin/Rattan/Bash/Training/Rattan/Final_testing/New_ActivityOverview/Reports/20220210_162839/CancelAndRefundMultipleBookings/20220210_162840/1644490835987.png, /home/intersoft-admin/Rattan/Bash/Training/Rattan/Final_testing/New_ActivityOverview/Reports/20220210_162839/CancelAndRefundMultipleBookings/20220210_162840/1644490842382.png, /home/intersoft-admin/Rattan/Bash/Training/Rattan/Final_testing/New_ActivityOverview/Reports/20220210_162839/CancelAndRefundMultipleBookings/20220210_162840/1644490849155.png, /home/intersoft-admin/Rattan/Bash/Training/Rattan/Final_testing/New_ActivityOverview/Reports/20220210_162839/CancelAndRefundMultipleBookings/20220210_162840/1644490855511.png, /home/intersoft-admin/Rattan/Bash/Training/Rattan/Final_testing/New_ActivityOverview/Reports/20220210_162839/CancelAndRefundMultipleBookings/20220210_162840/1644490865098.png, /home/intersoft-admin/Rattan/Bash/Training/Rattan/Final_testing/New_ActivityOverview/Reports/20220210_162839/CancelAndRefundMultipleBookings/20220210_162840/1644490877670.png"/>
         <property name="hostName" value="intersoft-admin - intersoftadmin-desktop"/>
         <property name="os" value="Linux 64bit"/>
         <property name="katalonVersion" value="8.2.5.208"/>
         <property name="browser" value="Chrome 97.0.4692.99"/>
         <property name="hostAddress" value="127.0.1.1"/>
         <property name="sessionId" value="ba64fc04307c48bc3f8b5b1342dd5e7e"/>
         <property name="seleniumVersion" value="3.141.59"/>
         <property name="proxyInformation" value="ProxyInformation { proxyOption=NO_PROXY, proxyServerType=HTTP, username=, password=********, proxyServerAddress=, proxyServerPort=0, executionList=&quot;&quot;, isApplyToDesiredCapabilities=true }"/>
         <property name="platform" value="Linux"/>
      </properties>
      <testcase name="Test Cases/NewActivityOverview-LeftNavigation/ActivityOverview-CancelBooking-GetOrderIDAndRefund" time="146.906" classname="Test Cases/NewActivityOverview-LeftNavigation/ActivityOverview-CancelBooking-GetOrderIDAndRefund" status="PASSED">
         <system-out><![CDATA[2022-02-10 16:28:50 - [TEST_CASE][PASSED] - Test Cases/NewActivityOverview-LeftNavigation/ActivityOverview-CancelBooking-GetOrderIDAndRefund: Test Cases/NewActivityOverview-LeftNavigation/ActivityOverview-CancelBooking-GetOrderIDAndRefund

2022-02-10 16:28:51 - [TEST_STEP][PASSED] - callTestCase(findTestCase("LoginWithSuperAdmin/SuperAdmin-Login"), [:], STOP_ON_FAILURE): Call Test Case 'Test Cases/LoginWithSuperAdmin/SuperAdmin-Login' successfully

2022-02-10 16:28:51 - [TEST_CASE][PASSED] - Test Cases/LoginWithSuperAdmin/SuperAdmin-Login: Test Cases/LoginWithSuperAdmin/SuperAdmin-Login

2022-02-10 16:28:51 - [TEST_STEP][PASSED] - openBrowser(""): Browser is opened with url: ''

2022-02-10 16:28:51 - [MESSAGE][INFO] - Starting 'Chrome' driver

2022-02-10 16:28:51 - [MESSAGE][INFO] - Action delay is set to 3,000 milliseconds

2022-02-10 16:28:52 - [MESSAGE][PASSED] - Browser is opened with url: ''

2022-02-10 16:28:52 - [TEST_STEP][PASSED] - setViewPortSize(1920, 1080): Viewport is set to new size with width = 1920 and height = 1080

2022-02-10 16:28:53 - [MESSAGE][PASSED] - Viewport is set to new size with width = 1920 and height = 1080

2022-02-10 16:28:53 - [TEST_STEP][PASSED] - navigateToUrl(URL): Navigate to 'https://marketplacev1.test-prio.com' successfully

2022-02-10 16:28:58 - [MESSAGE][PASSED] - Navigate to 'https://marketplacev1.test-prio.com' successfully

2022-02-10 16:28:58 - [TEST_STEP][PASSED] - delay(3): Delayed 3 second(s)

2022-02-10 16:29:01 - [MESSAGE][PASSED] - Delayed 3 second(s)

2022-02-10 16:29:01 - [TEST_STEP][PASSED] - click(findTestObject("SuperAdmin/Login/input_Email_contact_email")): Object: 'Object Repository/SuperAdmin/Login/input_Email_contact_email' is clicked on

2022-02-10 16:29:04 - [MESSAGE][PASSED] - Object: 'Object Repository/SuperAdmin/Login/input_Email_contact_email' is clicked on

2022-02-10 16:29:04 - [TEST_STEP][PASSED] - setText(findTestObject("SuperAdmin/Login/input_Email_contact_email"), uname): Text 'superadmin@tippoint.com' is set on object 'Object Repository/SuperAdmin/Login/input_Email_contact_email'

2022-02-10 16:29:11 - [MESSAGE][PASSED] - Text 'superadmin@tippoint.com' is set on object 'Object Repository/SuperAdmin/Login/input_Email_contact_email'

2022-02-10 16:29:11 - [TEST_STEP][PASSED] - setEncryptedText(findTestObject("SuperAdmin/Login/input_Password_password"), Password): Text ****** has been set on object 'Object Repository/SuperAdmin/Login/input_Password_password'

2022-02-10 16:29:17 - [MESSAGE][PASSED] - Text ****** has been set on object 'Object Repository/SuperAdmin/Login/input_Password_password'

2022-02-10 16:29:17 - [TEST_STEP][PASSED] - takeScreenshot(): Taking screenshot successfully

2022-02-10 16:29:17 - [MESSAGE][PASSED] - Taking screenshot successfully
[[ATTACHMENT|/home/intersoft-admin/Rattan/Bash/Training/Rattan/Final_testing/New_ActivityOverview/Reports/20220210_162839/CancelAndRefundMultipleBookings/20220210_162840/1644490757688.png]]

2022-02-10 16:29:17 - [TEST_STEP][PASSED] - newpackage.clickUsingJS.clickUsingJS(findTestObject("SuperAdmin/Login/button_Sign in"), 5): newpackage.clickUsingJS.clickUsingJS is PASSED

2022-02-10 16:29:18 - [MESSAGE][PASSED] - newpackage.clickUsingJS.clickUsingJS is PASSED

2022-02-10 16:29:18 - [MESSAGE][PASSED] - Call Test Case 'Test Cases/LoginWithSuperAdmin/SuperAdmin-Login' successfully

2022-02-10 16:29:18 - [TEST_STEP][PASSED] - switchToDefaultContent(): null

2022-02-10 16:29:18 - [TEST_STEP][PASSED] - click(findTestObject("SuperAdminLeftNavigation/NewActivityOverview-LeftNavigation")): Object: 'Object Repository/SuperAdminLeftNavigation/NewActivityOverview-LeftNavigation' is clicked on

2022-02-10 16:29:31 - [MESSAGE][PASSED] - Object: 'Object Repository/SuperAdminLeftNavigation/NewActivityOverview-LeftNavigation' is clicked on

2022-02-10 16:29:31 - [TEST_STEP][PASSED] - takeScreenshot(): Taking screenshot successfully

2022-02-10 16:29:32 - [MESSAGE][PASSED] - Taking screenshot successfully
[[ATTACHMENT|/home/intersoft-admin/Rattan/Bash/Training/Rattan/Final_testing/New_ActivityOverview/Reports/20220210_162839/CancelAndRefundMultipleBookings/20220210_162840/1644490772488.png]]

2022-02-10 16:29:32 - [TEST_STEP][PASSED] - switchToFrame(findTestObject("Object Repository/Iframe/NewActivityOverviewIframe"), 5): null

2022-02-10 16:29:33 - [TEST_STEP][PASSED] - delay(10): Delayed 10 second(s)

2022-02-10 16:29:43 - [MESSAGE][PASSED] - Delayed 10 second(s)

2022-02-10 16:29:43 - [TEST_STEP][PASSED] - takeScreenshot(): Taking screenshot successfully

2022-02-10 16:29:43 - [MESSAGE][PASSED] - Taking screenshot successfully
[[ATTACHMENT|/home/intersoft-admin/Rattan/Bash/Training/Rattan/Final_testing/New_ActivityOverview/Reports/20220210_162839/CancelAndRefundMultipleBookings/20220210_162840/1644490783096.png]]

2022-02-10 16:29:43 - [TEST_STEP][PASSED] - sizeoflisting = findWebElements(findTestObject("ListingArea/ListingContainsData"), 5).size(): null

2022-02-10 16:29:43 - [TEST_STEP][PASSED] - println(sizeoflisting): null

2022-02-10 16:29:43 - [TEST_STEP][PASSED] - logInfo(Size of Order Listing: $sizeoflisting): Size of Order Listing: 11

2022-02-10 16:29:43 - [MESSAGE][INFO] - Size of Order Listing: 11

2022-02-10 16:29:43 - [TEST_STEP][PASSED] - if (sizeoflisting > 2): Call Test Case 'Test Cases/StepToReUse/ActivityOverview-CancelBooking' successfully

2022-02-10 16:29:43 - [TEST_STEP][PASSED] - logInfo("Orders Exist in Listing"): Orders Exist in Listing

2022-02-10 16:29:43 - [MESSAGE][INFO] - Orders Exist in Listing

2022-02-10 16:29:43 - [TEST_STEP][PASSED] - SizeofActiveBookings = findWebElements(findTestObject("Object Repository/CancelAndRefund/OrderListWithoutRefundedStatus"), 5).size(): null

2022-02-10 16:29:43 - [TEST_STEP][PASSED] - logInfo(Size of Active Bookings: $SizeofActiveBookings): Size of Active Bookings: 9

2022-02-10 16:29:43 - [MESSAGE][INFO] - Size of Active Bookings: 9

2022-02-10 16:29:43 - [TEST_STEP][PASSED] - for ([refund = 1, refund < SizeofActiveBookings, (refund++)]): Call Test Case 'Test Cases/StepToReUse/ActivityOverview-CancelBooking' successfully

2022-02-10 16:29:43 - [TEST_STEP][PASSED] - if (refund == 1): null

2022-02-10 16:29:43 - [TEST_STEP][PASSED] - refund = SizeofActiveBookings: null

2022-02-10 16:29:43 - [TEST_STEP][PASSED] - refundvalue = refund: null

2022-02-10 16:29:43 - [TEST_STEP][PASSED] - logInfo(Size of refund booking: $refund): Size of refund booking: 9

2022-02-10 16:29:43 - [MESSAGE][INFO] - Size of refund booking: 9

2022-02-10 16:29:43 - [TEST_STEP][PASSED] - scrollToElement(findTestObject("Object Repository/CancelAndRefund/OrderListWithoutRefundedStatus - Click", ["position":refund]), 15): Scroll to object 'Object Repository/CancelAndRefund/OrderListWithoutRefundedStatus - Click' successfully

2022-02-10 16:29:43 - [MESSAGE][PASSED] - Scroll to object 'Object Repository/CancelAndRefund/OrderListWithoutRefundedStatus - Click' successfully

2022-02-10 16:29:43 - [TEST_STEP][PASSED] - takeScreenshot(): Taking screenshot successfully

2022-02-10 16:29:43 - [MESSAGE][PASSED] - Taking screenshot successfully
[[ATTACHMENT|/home/intersoft-admin/Rattan/Bash/Training/Rattan/Final_testing/New_ActivityOverview/Reports/20220210_162839/CancelAndRefundMultipleBookings/20220210_162840/1644490783518.png]]

2022-02-10 16:29:43 - [TEST_STEP][PASSED] - orderId = findWebElement(findTestObject("Object Repository/GetOrderID/GetOrderID", ["position":refund])).getAttribute("data-order_id"): null

2022-02-10 16:29:43 - [TEST_STEP][PASSED] - orderId = orderId: null

2022-02-10 16:29:43 - [TEST_STEP][PASSED] - logInfo(Order ID: $orderId): Order ID: 164448168819866

2022-02-10 16:29:43 - [MESSAGE][INFO] - Order ID: 164448168819866

2022-02-10 16:29:43 - [TEST_STEP][PASSED] - click(findTestObject("Object Repository/ListingArea/Search/InputSearch")): Object: 'Object Repository/ListingArea/Search/InputSearch' is clicked on

2022-02-10 16:29:46 - [MESSAGE][PASSED] - Object: 'Object Repository/ListingArea/Search/InputSearch' is clicked on

2022-02-10 16:29:46 - [TEST_STEP][PASSED] - setText(findTestObject("Object Repository/ListingArea/Search/InputSearch"), orderId): Text '164448168819866' is set on object 'Object Repository/ListingArea/Search/InputSearch'

2022-02-10 16:29:53 - [MESSAGE][PASSED] - Text '164448168819866' is set on object 'Object Repository/ListingArea/Search/InputSearch'

2022-02-10 16:29:53 - [TEST_STEP][PASSED] - sendKeys(findTestObject("Object Repository/ListingArea/Search/InputSearch"), Keys.chord(ENTER)): Keys 'ENTER + ' sent to object: 'Object Repository/ListingArea/Search/InputSearch'

2022-02-10 16:29:56 - [MESSAGE][PASSED] - Keys 'ENTER + ' sent to object: 'Object Repository/ListingArea/Search/InputSearch'

2022-02-10 16:29:56 - [TEST_STEP][PASSED] - delay(10): Delayed 10 second(s)

2022-02-10 16:30:06 - [MESSAGE][PASSED] - Delayed 10 second(s)

2022-02-10 16:30:06 - [TEST_STEP][PASSED] - takeScreenshot(): Taking screenshot successfully

2022-02-10 16:30:06 - [MESSAGE][PASSED] - Taking screenshot successfully
[[ATTACHMENT|/home/intersoft-admin/Rattan/Bash/Training/Rattan/Final_testing/New_ActivityOverview/Reports/20220210_162839/CancelAndRefundMultipleBookings/20220210_162840/1644490806163.png]]

2022-02-10 16:30:06 - [TEST_STEP][PASSED] - click(findTestObject("Object Repository/ListingArea/ClickondetailPOp-up", ["position":"1"])): Object: 'Object Repository/ListingArea/ClickondetailPOp-up' is clicked on

2022-02-10 16:30:09 - [MESSAGE][PASSED] - Object: 'Object Repository/ListingArea/ClickondetailPOp-up' is clicked on

2022-02-10 16:30:09 - [TEST_STEP][PASSED] - delay(20): Delayed 20 second(s)

2022-02-10 16:30:29 - [MESSAGE][PASSED] - Delayed 20 second(s)

2022-02-10 16:30:29 - [TEST_STEP][PASSED] - takeScreenshot(): Taking screenshot successfully

2022-02-10 16:30:29 - [MESSAGE][PASSED] - Taking screenshot successfully
[[ATTACHMENT|/home/intersoft-admin/Rattan/Bash/Training/Rattan/Final_testing/New_ActivityOverview/Reports/20220210_162839/CancelAndRefundMultipleBookings/20220210_162840/1644490829467.png]]

2022-02-10 16:30:29 - [TEST_STEP][PASSED] - if (waitForElementPresent(findTestObject("Object Repository/DetailPop-up/ExpanSection/ProductInformationExpandedSection-Exist"), 10)): null

2022-02-10 16:30:29 - [MESSAGE][PASSED] - Object 'Object Repository/DetailPop-up/ExpanSection/ProductInformationExpandedSection-Exist' is present

2022-02-10 16:30:29 - [TEST_STEP][PASSED] - logInfo("Product Expanded Section Exist"): Product Expanded Section Exist

2022-02-10 16:30:29 - [MESSAGE][INFO] - Product Expanded Section Exist

2022-02-10 16:30:29 - [TEST_STEP][PASSED] - click(findTestObject("DetailPop-up/ExpanSection/ProductInformationExpandedSection -Exist- ClickOnExpandedView")): Object: 'Object Repository/DetailPop-up/ExpanSection/ProductInformationExpandedSection -Exist- ClickOnExpandedView' is clicked on

2022-02-10 16:30:32 - [MESSAGE][PASSED] - Object: 'Object Repository/DetailPop-up/ExpanSection/ProductInformationExpandedSection -Exist- ClickOnExpandedView' is clicked on

2022-02-10 16:30:32 - [TEST_STEP][PASSED] - delay(3): Delayed 3 second(s)

2022-02-10 16:30:35 - [MESSAGE][PASSED] - Delayed 3 second(s)

2022-02-10 16:30:35 - [TEST_STEP][PASSED] - takeScreenshot(): Taking screenshot successfully

2022-02-10 16:30:36 - [MESSAGE][PASSED] - Taking screenshot successfully
[[ATTACHMENT|/home/intersoft-admin/Rattan/Bash/Training/Rattan/Final_testing/New_ActivityOverview/Reports/20220210_162839/CancelAndRefundMultipleBookings/20220210_162840/1644490835987.png]]

2022-02-10 16:30:36 - [TEST_STEP][PASSED] - bookingsize = findWebElements(findTestObject("Object Repository/DetailPop-up/ExpanSection/ProductSectionLength"), 5).size(): null

2022-02-10 16:30:36 - [TEST_STEP][PASSED] - logInfo(Size of Bookings on Product detail Pop-up: $bookingsize): Size of Bookings on Product detail Pop-up: 1

2022-02-10 16:30:36 - [MESSAGE][INFO] - Size of Bookings on Product detail Pop-up: 1

2022-02-10 16:30:36 - [TEST_STEP][PASSED] - for ([looping = 1, looping <= bookingsize, (looping++)]): Call Test Case 'Test Cases/StepToReUse/ActivityOverview-CancelBooking' successfully

2022-02-10 16:30:36 - [TEST_STEP][PASSED] - click(findTestObject("Object Repository/DetailPop-up/ExpanSection/ExpandProductSection", ["position":looping])): Object: 'Object Repository/DetailPop-up/ExpanSection/ExpandProductSection' is clicked on

2022-02-10 16:30:39 - [MESSAGE][PASSED] - Object: 'Object Repository/DetailPop-up/ExpanSection/ExpandProductSection' is clicked on

2022-02-10 16:30:39 - [TEST_STEP][PASSED] - delay(3): Delayed 3 second(s)

2022-02-10 16:30:42 - [MESSAGE][PASSED] - Delayed 3 second(s)

2022-02-10 16:30:42 - [TEST_STEP][PASSED] - takeScreenshot(): Taking screenshot successfully

2022-02-10 16:30:42 - [MESSAGE][PASSED] - Taking screenshot successfully
[[ATTACHMENT|/home/intersoft-admin/Rattan/Bash/Training/Rattan/Final_testing/New_ActivityOverview/Reports/20220210_162839/CancelAndRefundMultipleBookings/20220210_162840/1644490842382.png]]

2022-02-10 16:30:42 - [TEST_STEP][PASSED] - callTestCase(findTestCase("Test Cases/StepToReUse/ActivityOverview-CancelBooking"), [:], CONTINUE_ON_FAILURE): Call Test Case 'Test Cases/StepToReUse/ActivityOverview-CancelBooking' successfully

2022-02-10 16:30:42 - [TEST_CASE][PASSED] - Test Cases/StepToReUse/ActivityOverview-CancelBooking: Test Cases/StepToReUse/ActivityOverview-CancelBooking

2022-02-10 16:30:42 - [TEST_STEP][PASSED] - logInfo(Refund Value: $GlobalVariable.refundvalue): Refund Value: 9

2022-02-10 16:30:42 - [MESSAGE][INFO] - Refund Value: 9

2022-02-10 16:30:42 - [TEST_STEP][PASSED] - cancelButtonSize = findWebElements(findTestObject("Object Repository/CancelAndRefund/CancelBookingButton"), 5).size(): null

2022-02-10 16:30:42 - [TEST_STEP][PASSED] - logInfo(Cancel Button Size: $cancelButtonSize): Cancel Button Size: 1

2022-02-10 16:30:42 - [MESSAGE][INFO] - Cancel Button Size: 1

2022-02-10 16:30:42 - [TEST_STEP][PASSED] - if (cancelButtonSize == 1): null

2022-02-10 16:30:42 - [TEST_STEP][PASSED] - if (waitForElementClickable(findTestObject("Object Repository/CancelAndRefund/CancelBookingButton"), 15) == true): null

2022-02-10 16:30:42 - [MESSAGE][PASSED] - Object 'Object Repository/CancelAndRefund/CancelBookingButton' is clickable

2022-02-10 16:30:42 - [TEST_STEP][PASSED] - click(findTestObject("Object Repository/CancelAndRefund/CancelBookingButton")): Object: 'Object Repository/CancelAndRefund/CancelBookingButton' is clicked on

2022-02-10 16:30:46 - [MESSAGE][PASSED] - Object: 'Object Repository/CancelAndRefund/CancelBookingButton' is clicked on

2022-02-10 16:30:46 - [TEST_STEP][PASSED] - delay(3): Delayed 3 second(s)

2022-02-10 16:30:49 - [MESSAGE][PASSED] - Delayed 3 second(s)

2022-02-10 16:30:49 - [TEST_STEP][PASSED] - takeScreenshot(): Taking screenshot successfully

2022-02-10 16:30:49 - [MESSAGE][PASSED] - Taking screenshot successfully
[[ATTACHMENT|/home/intersoft-admin/Rattan/Bash/Training/Rattan/Final_testing/New_ActivityOverview/Reports/20220210_162839/CancelAndRefundMultipleBookings/20220210_162840/1644490849155.png]]

2022-02-10 16:30:49 - [TEST_STEP][PASSED] - if (waitForElementClickable(findTestObject("Object Repository/CancelAndRefund/CancelButton - OnRefundPop-up"), 15) == true): null

2022-02-10 16:30:49 - [MESSAGE][PASSED] - Object 'Object Repository/CancelAndRefund/CancelButton - OnRefundPop-up' is clickable

2022-02-10 16:30:49 - [TEST_STEP][PASSED] - click(findTestObject("Object Repository/CancelAndRefund/CancelButton - OnRefundPop-up")): Object: 'Object Repository/CancelAndRefund/CancelButton - OnRefundPop-up' is clicked on

2022-02-10 16:30:52 - [MESSAGE][PASSED] - Object: 'Object Repository/CancelAndRefund/CancelButton - OnRefundPop-up' is clicked on

2022-02-10 16:30:52 - [TEST_STEP][PASSED] - delay(3): Delayed 3 second(s)

2022-02-10 16:30:55 - [MESSAGE][PASSED] - Delayed 3 second(s)

2022-02-10 16:30:55 - [TEST_STEP][PASSED] - takeScreenshot(): Taking screenshot successfully

2022-02-10 16:30:55 - [MESSAGE][PASSED] - Taking screenshot successfully
[[ATTACHMENT|/home/intersoft-admin/Rattan/Bash/Training/Rattan/Final_testing/New_ActivityOverview/Reports/20220210_162839/CancelAndRefundMultipleBookings/20220210_162840/1644490855511.png]]

2022-02-10 16:30:55 - [TEST_STEP][PASSED] - click(findTestObject("Object Repository/CancelAndRefund/CancelBookingButton")): Object: 'Object Repository/CancelAndRefund/CancelBookingButton' is clicked on

2022-02-10 16:30:58 - [MESSAGE][PASSED] - Object: 'Object Repository/CancelAndRefund/CancelBookingButton' is clicked on

2022-02-10 16:30:58 - [TEST_STEP][PASSED] - if (refundvalue < 4): null

2022-02-10 16:30:58 - [TEST_STEP][PASSED] - if (refundvalue <= 6 && refundvalue >= 4): null

2022-02-10 16:30:58 - [TEST_STEP][PASSED] - if (refundvalue > 6): null

2022-02-10 16:30:58 - [TEST_STEP][PASSED] - if (waitForElementClickable(findTestObject("Object Repository/CancelAndRefund/RefundOptionRadio"), 15) == true): null

2022-02-10 16:30:58 - [MESSAGE][PASSED] - Object 'Object Repository/CancelAndRefund/RefundOptionRadio' is clickable

2022-02-10 16:30:58 - [TEST_STEP][PASSED] - click(findTestObject("Object Repository/CancelAndRefund/RefundOptionRadio")): Object: 'Object Repository/CancelAndRefund/RefundOptionRadio' is clicked on

2022-02-10 16:31:02 - [MESSAGE][PASSED] - Object: 'Object Repository/CancelAndRefund/RefundOptionRadio' is clicked on

2022-02-10 16:31:02 - [TEST_STEP][PASSED] - delay(3): Delayed 3 second(s)

2022-02-10 16:31:05 - [MESSAGE][PASSED] - Delayed 3 second(s)

2022-02-10 16:31:05 - [TEST_STEP][PASSED] - takeScreenshot(): Taking screenshot successfully

2022-02-10 16:31:05 - [MESSAGE][PASSED] - Taking screenshot successfully
[[ATTACHMENT|/home/intersoft-admin/Rattan/Bash/Training/Rattan/Final_testing/New_ActivityOverview/Reports/20220210_162839/CancelAndRefundMultipleBookings/20220210_162840/1644490865098.png]]

2022-02-10 16:31:05 - [TEST_STEP][PASSED] - setText(findTestObject("Object Repository/CancelAndRefund/ReasonForCancellation"), CancellationReason): Text 'Order Refunded to Test Automation Testing Under Katalon' is set on object 'Object Repository/CancelAndRefund/ReasonForCancellation'

2022-02-10 16:31:11 - [MESSAGE][PASSED] - Text 'Order Refunded to Test Automation Testing Under Katalon' is set on object 'Object Repository/CancelAndRefund/ReasonForCancellation'

2022-02-10 16:31:11 - [TEST_STEP][PASSED] - click(findTestObject("Object Repository/CancelAndRefund/ConfirmCancellationButton")): Object: 'Object Repository/CancelAndRefund/ConfirmCancellationButton' is clicked on

2022-02-10 16:31:14 - [MESSAGE][PASSED] - Object: 'Object Repository/CancelAndRefund/ConfirmCancellationButton' is clicked on

2022-02-10 16:31:14 - [TEST_STEP][PASSED] - delay(3): Delayed 3 second(s)

2022-02-10 16:31:17 - [MESSAGE][PASSED] - Delayed 3 second(s)

2022-02-10 16:31:17 - [TEST_STEP][PASSED] - takeScreenshot(): Taking screenshot successfully

2022-02-10 16:31:17 - [MESSAGE][PASSED] - Taking screenshot successfully
[[ATTACHMENT|/home/intersoft-admin/Rattan/Bash/Training/Rattan/Final_testing/New_ActivityOverview/Reports/20220210_162839/CancelAndRefundMultipleBookings/20220210_162840/1644490877670.png]]

2022-02-10 16:31:17 - [TEST_STEP][PASSED] - if (cancelButtonSize > 1): null

2022-02-10 16:31:17 - [MESSAGE][PASSED] - Call Test Case 'Test Cases/StepToReUse/ActivityOverview-CancelBooking' successfully]]></system-out>
         <system-err><![CDATA[]]></system-err>
      </testcase>
      <system-out><![CDATA[2022-02-10 16:28:50 - [TEST_SUITE][PASSED] - CancelAndRefundMultipleBookings: Test Cases/NewActivityOverview-LeftNavigation/ActivityOverview-CancelBooking-GetOrderIDAndRefund]]></system-out>
      <system-err><![CDATA[]]></system-err>
   </testsuite>
</testsuites>
