<?xml version="1.0" encoding="UTF-8"?>
<testsuites name="Refund-Order-Main" time="25.893" tests="1" failures="0" errors="0">
   <testsuite name="Refund-Order-Main" tests="1" failures="0" errors="0" time="25.893" skipped="0" timestamp="2022-02-19 16:56:58" hostname="intersoft-admin - intersoftadmin-desktop" id="Test Suites/Refund-Order-Main">
      <properties>
         <property name="deviceName" value=""/>
         <property name="devicePlatform" value=""/>
         <property name="logFolder" value="/home/intersoft-admin/Rattan/Bash/Training/Rattan/Final_testing/New_ActivityOverview/Reports/20220219_165647/Refund-Order-Main/20220219_165648"/>
         <property name="logFiles" value="/home/intersoft-admin/Rattan/Bash/Training/Rattan/Final_testing/New_ActivityOverview/Reports/20220219_165647/Refund-Order-Main/20220219_165648/execution0.log"/>
         <property name="attachments" value="/home/intersoft-admin/Rattan/Bash/Training/Rattan/Final_testing/New_ActivityOverview/Reports/20220219_165647/Refund-Order-Main/20220219_165648/1645270044194.png"/>
         <property name="hostName" value="intersoft-admin - intersoftadmin-desktop"/>
         <property name="os" value="Linux 64bit"/>
         <property name="katalonVersion" value="8.2.5.208"/>
         <property name="browser" value="Chrome 98.0.4758.102"/>
         <property name="hostAddress" value="127.0.1.1"/>
         <property name="sessionId" value="9ee68ca674d9410548a231412e91c6c2"/>
         <property name="seleniumVersion" value="3.141.59"/>
         <property name="proxyInformation" value="ProxyInformation { proxyOption=NO_PROXY, proxyServerType=HTTP, username=, password=********, proxyServerAddress=, proxyServerPort=0, executionList=&quot;&quot;, isApplyToDesiredCapabilities=true }"/>
         <property name="platform" value="Linux"/>
      </properties>
      <testcase name="Test Cases/NewActivityOverview-LeftNavigation/ActivityOverview-RefundOrder-GetOrderIDAndRefund" time="25.656" classname="Test Cases/NewActivityOverview-LeftNavigation/ActivityOverview-RefundOrder-GetOrderIDAndRefund" status="INCOMPLETE">
         <system-out><![CDATA[2022-02-19 16:56:58 - [TEST_CASE][INCOMPLETE] - Test Cases/NewActivityOverview-LeftNavigation/ActivityOverview-RefundOrder-GetOrderIDAndRefund: null

2022-02-19 16:56:59 - [TEST_STEP][PASSED] - callTestCase(findTestCase("LoginWithSuperAdmin/SuperAdmin-Login"), [:], STOP_ON_FAILURE): Call Test Case 'Test Cases/LoginWithSuperAdmin/SuperAdmin-Login' successfully

2022-02-19 16:56:59 - [TEST_CASE][PASSED] - Test Cases/LoginWithSuperAdmin/SuperAdmin-Login: Test Cases/LoginWithSuperAdmin/SuperAdmin-Login

2022-02-19 16:56:59 - [TEST_STEP][PASSED] - openBrowser(""): Browser is opened with url: ''

2022-02-19 16:56:59 - [MESSAGE][INFO] - Starting 'Chrome (headless)' driver

2022-02-19 16:56:59 - [MESSAGE][INFO] - Action delay is set to 3,000 milliseconds

2022-02-19 16:57:00 - [MESSAGE][PASSED] - Browser is opened with url: ''

2022-02-19 16:57:00 - [TEST_STEP][PASSED] - setViewPortSize(1920, 1080): Viewport is set to new size with width = 1920 and height = 1080

2022-02-19 16:57:00 - [MESSAGE][PASSED] - Viewport is set to new size with width = 1920 and height = 1080

2022-02-19 16:57:00 - [TEST_STEP][PASSED] - navigateToUrl(URL): Navigate to 'https://marketplacev1.test-prio.com' successfully

2022-02-19 16:57:05 - [MESSAGE][PASSED] - Navigate to 'https://marketplacev1.test-prio.com' successfully

2022-02-19 16:57:05 - [TEST_STEP][PASSED] - delay(3): Delayed 3 second(s)

2022-02-19 16:57:08 - [MESSAGE][PASSED] - Delayed 3 second(s)

2022-02-19 16:57:08 - [TEST_STEP][PASSED] - click(findTestObject("SuperAdmin/Login/input_Email_contact_email")): Object: 'Object Repository/SuperAdmin/Login/input_Email_contact_email' is clicked on

2022-02-19 16:57:11 - [MESSAGE][PASSED] - Object: 'Object Repository/SuperAdmin/Login/input_Email_contact_email' is clicked on

2022-02-19 16:57:11 - [TEST_STEP][PASSED] - setText(findTestObject("SuperAdmin/Login/input_Email_contact_email"), uname): Text 'superadmin@tippoint.com' is set on object 'Object Repository/SuperAdmin/Login/input_Email_contact_email'

2022-02-19 16:57:18 - [MESSAGE][PASSED] - Text 'superadmin@tippoint.com' is set on object 'Object Repository/SuperAdmin/Login/input_Email_contact_email'

2022-02-19 16:57:18 - [TEST_STEP][PASSED] - setEncryptedText(findTestObject("SuperAdmin/Login/input_Password_password"), Password): Text ****** has been set on object 'Object Repository/SuperAdmin/Login/input_Password_password'

2022-02-19 16:57:24 - [MESSAGE][PASSED] - Text ****** has been set on object 'Object Repository/SuperAdmin/Login/input_Password_password'

2022-02-19 16:57:24 - [TEST_STEP][PASSED] - takeScreenshot(): Taking screenshot successfully

2022-02-19 16:57:24 - [MESSAGE][PASSED] - Taking screenshot successfully
[[ATTACHMENT|/home/intersoft-admin/Rattan/Bash/Training/Rattan/Final_testing/New_ActivityOverview/Reports/20220219_165647/Refund-Order-Main/20220219_165648/1645270044194.png]]

2022-02-19 16:57:24 - [TEST_STEP][PASSED] - newpackage.clickUsingJS.clickUsingJS(findTestObject("SuperAdmin/Login/button_Sign in"), 5): newpackage.clickUsingJS.clickUsingJS is PASSED

2022-02-19 16:57:24 - [MESSAGE][PASSED] - newpackage.clickUsingJS.clickUsingJS is PASSED

2022-02-19 16:57:24 - [MESSAGE][PASSED] - Call Test Case 'Test Cases/LoginWithSuperAdmin/SuperAdmin-Login' successfully

2022-02-19 16:57:24 - [TEST_STEP][PASSED] - switchToDefaultContent(): null

2022-02-19 16:57:24 - [TEST_STEP][INCOMPLETE] - click(findTestObject("SuperAdminLeftNavigation/NewActivityOverview-LeftNavigation")): null]]></system-out>
         <system-err><![CDATA[2022-02-19 16:56:58 - [TEST_CASE][INCOMPLETE] - Test Cases/NewActivityOverview-LeftNavigation/ActivityOverview-RefundOrder-GetOrderIDAndRefund: null]]></system-err>
      </testcase>
      <system-out><![CDATA[2022-02-19 16:56:58 - [TEST_SUITE][INCOMPLETE] - Refund-Order-Main: null]]></system-out>
      <system-err><![CDATA[2022-02-19 16:56:58 - [TEST_SUITE][INCOMPLETE] - Refund-Order-Main: null]]></system-err>
   </testsuite>
</testsuites>
