<?xml version="1.0" encoding="UTF-8"?>
<testsuites name="SearchAndSorting" time="896.657" tests="1" failures="0" errors="0">
   <testsuite name="SearchAndSorting" tests="1" failures="0" errors="0" time="896.657" skipped="0" timestamp="2022-02-14 13:07:57" hostname="intersoft-admin - intersoftadmin-desktop" id="Test Suites/SearchAndSorting">
      <properties>
         <property name="deviceName" value=""/>
         <property name="devicePlatform" value=""/>
         <property name="logFolder" value="/home/intersoft-admin/Rattan/Bash/Training/Rattan/Final_testing/New_ActivityOverview/Reports/20220214_115757/SearchAndSorting/20220214_115808"/>
         <property name="logFiles" value="/home/intersoft-admin/Rattan/Bash/Training/Rattan/Final_testing/New_ActivityOverview/Reports/20220214_115757/SearchAndSorting/20220214_115808/execution0.log"/>
         <property name="attachments" value="/home/intersoft-admin/Rattan/Bash/Training/Rattan/Final_testing/New_ActivityOverview/Reports/20220214_115757/SearchAndSorting/20220214_115808/1644824303983.png, /home/intersoft-admin/Rattan/Bash/Training/Rattan/Final_testing/New_ActivityOverview/Reports/20220214_115757/SearchAndSorting/20220214_115808/1644824318153.png, /home/intersoft-admin/Rattan/Bash/Training/Rattan/Final_testing/New_ActivityOverview/Reports/20220214_115757/SearchAndSorting/20220214_115808/1644824318594.png, /home/intersoft-admin/Rattan/Bash/Training/Rattan/Final_testing/New_ActivityOverview/Reports/20220214_115757/SearchAndSorting/20220214_115808/1644824371194.png, /home/intersoft-admin/Rattan/Bash/Training/Rattan/Final_testing/New_ActivityOverview/Reports/20220214_115757/SearchAndSorting/20220214_115808/1644824400555.png, /home/intersoft-admin/Rattan/Bash/Training/Rattan/Final_testing/New_ActivityOverview/Reports/20220214_115757/SearchAndSorting/20220214_115808/1644824429933.png, /home/intersoft-admin/Rattan/Bash/Training/Rattan/Final_testing/New_ActivityOverview/Reports/20220214_115757/SearchAndSorting/20220214_115808/1644824453351.png, /home/intersoft-admin/Rattan/Bash/Training/Rattan/Final_testing/New_ActivityOverview/Reports/20220214_115757/SearchAndSorting/20220214_115808/1644824476710.png, /home/intersoft-admin/Rattan/Bash/Training/Rattan/Final_testing/New_ActivityOverview/Reports/20220214_115757/SearchAndSorting/20220214_115808/1644824500058.png, /home/intersoft-admin/Rattan/Bash/Training/Rattan/Final_testing/New_ActivityOverview/Reports/20220214_115757/SearchAndSorting/20220214_115808/1644824532515.png, /home/intersoft-admin/Rattan/Bash/Training/Rattan/Final_testing/New_ActivityOverview/Reports/20220214_115757/SearchAndSorting/20220214_115808/1644824561853.png, /home/intersoft-admin/Rattan/Bash/Training/Rattan/Final_testing/New_ActivityOverview/Reports/20220214_115757/SearchAndSorting/20220214_115808/1644824591185.png, /home/intersoft-admin/Rattan/Bash/Training/Rattan/Final_testing/New_ActivityOverview/Reports/20220214_115757/SearchAndSorting/20220214_115808/1644824614534.png, /home/intersoft-admin/Rattan/Bash/Training/Rattan/Final_testing/New_ActivityOverview/Reports/20220214_115757/SearchAndSorting/20220214_115808/1644824622801.png, /home/intersoft-admin/Rattan/Bash/Training/Rattan/Final_testing/New_ActivityOverview/Reports/20220214_115757/SearchAndSorting/20220214_115808/1644824646038.png, /home/intersoft-admin/Rattan/Bash/Training/Rattan/Final_testing/New_ActivityOverview/Reports/20220214_115757/SearchAndSorting/20220214_115808/1644824654273.png, /home/intersoft-admin/Rattan/Bash/Training/Rattan/Final_testing/New_ActivityOverview/Reports/20220214_115757/SearchAndSorting/20220214_115808/1644824677583.png, /home/intersoft-admin/Rattan/Bash/Training/Rattan/Final_testing/New_ActivityOverview/Reports/20220214_115757/SearchAndSorting/20220214_115808/1644824685840.png, /home/intersoft-admin/Rattan/Bash/Training/Rattan/Final_testing/New_ActivityOverview/Reports/20220214_115757/SearchAndSorting/20220214_115808/1644824709168.png, /home/intersoft-admin/Rattan/Bash/Training/Rattan/Final_testing/New_ActivityOverview/Reports/20220214_115757/SearchAndSorting/20220214_115808/1644824761642.png, /home/intersoft-admin/Rattan/Bash/Training/Rattan/Final_testing/New_ActivityOverview/Reports/20220214_115757/SearchAndSorting/20220214_115808/1644824769931.png, /home/intersoft-admin/Rattan/Bash/Training/Rattan/Final_testing/New_ActivityOverview/Reports/20220214_115757/SearchAndSorting/20220214_115808/1644824793235.png, /home/intersoft-admin/Rattan/Bash/Training/Rattan/Final_testing/New_ActivityOverview/Reports/20220214_115757/SearchAndSorting/20220214_115808/1644824801477.png, /home/intersoft-admin/Rattan/Bash/Training/Rattan/Final_testing/New_ActivityOverview/Reports/20220214_115757/SearchAndSorting/20220214_115808/1644824824794.png, /home/intersoft-admin/Rattan/Bash/Training/Rattan/Final_testing/New_ActivityOverview/Reports/20220214_115757/SearchAndSorting/20220214_115808/1644824833034.png, /home/intersoft-admin/Rattan/Bash/Training/Rattan/Final_testing/New_ActivityOverview/Reports/20220214_115757/SearchAndSorting/20220214_115808/1644824856355.png, /home/intersoft-admin/Rattan/Bash/Training/Rattan/Final_testing/New_ActivityOverview/Reports/20220214_115757/SearchAndSorting/20220214_115808/1644824908812.png, /home/intersoft-admin/Rattan/Bash/Training/Rattan/Final_testing/New_ActivityOverview/Reports/20220214_115757/SearchAndSorting/20220214_115808/1644824917050.png, /home/intersoft-admin/Rattan/Bash/Training/Rattan/Final_testing/New_ActivityOverview/Reports/20220214_115757/SearchAndSorting/20220214_115808/1644824940380.png, /home/intersoft-admin/Rattan/Bash/Training/Rattan/Final_testing/New_ActivityOverview/Reports/20220214_115757/SearchAndSorting/20220214_115808/1644824948652.png, /home/intersoft-admin/Rattan/Bash/Training/Rattan/Final_testing/New_ActivityOverview/Reports/20220214_115757/SearchAndSorting/20220214_115808/1644824971993.png, /home/intersoft-admin/Rattan/Bash/Training/Rattan/Final_testing/New_ActivityOverview/Reports/20220214_115757/SearchAndSorting/20220214_115808/1644824980243.png, /home/intersoft-admin/Rattan/Bash/Training/Rattan/Final_testing/New_ActivityOverview/Reports/20220214_115757/SearchAndSorting/20220214_115808/1644825003604.png, /home/intersoft-admin/Rattan/Bash/Training/Rattan/Final_testing/New_ActivityOverview/Reports/20220214_115757/SearchAndSorting/20220214_115808/1644825056084.png, /home/intersoft-admin/Rattan/Bash/Training/Rattan/Final_testing/New_ActivityOverview/Reports/20220214_115757/SearchAndSorting/20220214_115808/1644825064367.png, /home/intersoft-admin/Rattan/Bash/Training/Rattan/Final_testing/New_ActivityOverview/Reports/20220214_115757/SearchAndSorting/20220214_115808/1644825087673.png, /home/intersoft-admin/Rattan/Bash/Training/Rattan/Final_testing/New_ActivityOverview/Reports/20220214_115757/SearchAndSorting/20220214_115808/1644825095922.png, /home/intersoft-admin/Rattan/Bash/Training/Rattan/Final_testing/New_ActivityOverview/Reports/20220214_115757/SearchAndSorting/20220214_115808/1644825119237.png, /home/intersoft-admin/Rattan/Bash/Training/Rattan/Final_testing/New_ActivityOverview/Reports/20220214_115757/SearchAndSorting/20220214_115808/1644825127475.png, /home/intersoft-admin/Rattan/Bash/Training/Rattan/Final_testing/New_ActivityOverview/Reports/20220214_115757/SearchAndSorting/20220214_115808/1644825150872.png, /home/intersoft-admin/Rattan/Bash/Training/Rattan/Final_testing/New_ActivityOverview/Reports/20220214_115757/SearchAndSorting/20220214_115808/1644825171007.png"/>
         <property name="hostName" value="intersoft-admin - intersoftadmin-desktop"/>
         <property name="os" value="Linux 64bit"/>
         <property name="katalonVersion" value="8.2.5.208"/>
         <property name="browser" value="Chrome 97.0.4692.99"/>
         <property name="hostAddress" value="127.0.1.1"/>
         <property name="sessionId" value="005b73f6beda7d2f5e91a23f93ab5182"/>
         <property name="seleniumVersion" value="3.141.59"/>
         <property name="proxyInformation" value="ProxyInformation { proxyOption=NO_PROXY, proxyServerType=HTTP, username=, password=********, proxyServerAddress=, proxyServerPort=0, executionList=&quot;&quot;, isApplyToDesiredCapabilities=true }"/>
         <property name="platform" value="Linux"/>
      </properties>
      <testcase name="Test Cases/NewActivityOverview-LeftNavigation/ActivityOverview-ListingSearchSorting" time="896.41" classname="Test Cases/NewActivityOverview-LeftNavigation/ActivityOverview-ListingSearchSorting" status="PASSED">
         <system-out><![CDATA[2022-02-14 13:07:57 - [TEST_CASE][PASSED] - Test Cases/NewActivityOverview-LeftNavigation/ActivityOverview-ListingSearchSorting: Test Cases/NewActivityOverview-LeftNavigation/ActivityOverview-ListingSearchSorting

2022-02-14 13:07:58 - [TEST_STEP][PASSED] - callTestCase(findTestCase("LoginWithSuperAdmin/SuperAdmin-Login"), [:], STOP_ON_FAILURE): Call Test Case 'Test Cases/LoginWithSuperAdmin/SuperAdmin-Login' successfully

2022-02-14 13:07:58 - [TEST_CASE][PASSED] - Test Cases/LoginWithSuperAdmin/SuperAdmin-Login: Test Cases/LoginWithSuperAdmin/SuperAdmin-Login

2022-02-14 13:07:58 - [TEST_STEP][PASSED] - openBrowser(""): Browser is opened with url: ''

2022-02-14 13:07:58 - [MESSAGE][INFO] - Starting 'Chrome' driver

2022-02-14 13:07:58 - [MESSAGE][INFO] - Action delay is set to 3,000 milliseconds

2022-02-14 13:07:59 - [MESSAGE][PASSED] - Browser is opened with url: ''

2022-02-14 13:07:59 - [TEST_STEP][PASSED] - setViewPortSize(1920, 1080): Viewport is set to new size with width = 1920 and height = 1080

2022-02-14 13:07:59 - [MESSAGE][PASSED] - Viewport is set to new size with width = 1920 and height = 1080

2022-02-14 13:07:59 - [TEST_STEP][PASSED] - navigateToUrl(URL): Navigate to 'https://marketplacev1.test-prio.com' successfully

2022-02-14 13:08:04 - [MESSAGE][PASSED] - Navigate to 'https://marketplacev1.test-prio.com' successfully

2022-02-14 13:08:04 - [TEST_STEP][PASSED] - delay(3): Delayed 3 second(s)

2022-02-14 13:08:07 - [MESSAGE][PASSED] - Delayed 3 second(s)

2022-02-14 13:08:07 - [TEST_STEP][PASSED] - click(findTestObject("SuperAdmin/Login/input_Email_contact_email")): Object: 'Object Repository/SuperAdmin/Login/input_Email_contact_email' is clicked on

2022-02-14 13:08:10 - [MESSAGE][PASSED] - Object: 'Object Repository/SuperAdmin/Login/input_Email_contact_email' is clicked on

2022-02-14 13:08:10 - [TEST_STEP][PASSED] - setText(findTestObject("SuperAdmin/Login/input_Email_contact_email"), uname): Text 'superadmin@tippoint.com' is set on object 'Object Repository/SuperAdmin/Login/input_Email_contact_email'

2022-02-14 13:08:17 - [MESSAGE][PASSED] - Text 'superadmin@tippoint.com' is set on object 'Object Repository/SuperAdmin/Login/input_Email_contact_email'

2022-02-14 13:08:17 - [TEST_STEP][PASSED] - setEncryptedText(findTestObject("SuperAdmin/Login/input_Password_password"), Password): Text ****** has been set on object 'Object Repository/SuperAdmin/Login/input_Password_password'

2022-02-14 13:08:23 - [MESSAGE][PASSED] - Text ****** has been set on object 'Object Repository/SuperAdmin/Login/input_Password_password'

2022-02-14 13:08:23 - [TEST_STEP][PASSED] - takeScreenshot(): Taking screenshot successfully

2022-02-14 13:08:24 - [MESSAGE][PASSED] - Taking screenshot successfully
[[ATTACHMENT|/home/intersoft-admin/Rattan/Bash/Training/Rattan/Final_testing/New_ActivityOverview/Reports/20220214_115757/SearchAndSorting/20220214_115808/1644824303983.png]]

2022-02-14 13:08:24 - [TEST_STEP][PASSED] - newpackage.clickUsingJS.clickUsingJS(findTestObject("SuperAdmin/Login/button_Sign in"), 5): newpackage.clickUsingJS.clickUsingJS is PASSED

2022-02-14 13:08:24 - [MESSAGE][PASSED] - newpackage.clickUsingJS.clickUsingJS is PASSED

2022-02-14 13:08:24 - [MESSAGE][PASSED] - Call Test Case 'Test Cases/LoginWithSuperAdmin/SuperAdmin-Login' successfully

2022-02-14 13:08:24 - [TEST_STEP][PASSED] - switchToDefaultContent(): null

2022-02-14 13:08:24 - [TEST_STEP][PASSED] - click(findTestObject("SuperAdminLeftNavigation/NewActivityOverview-LeftNavigation")): Object: 'Object Repository/SuperAdminLeftNavigation/NewActivityOverview-LeftNavigation' is clicked on

2022-02-14 13:08:37 - [MESSAGE][PASSED] - Object: 'Object Repository/SuperAdminLeftNavigation/NewActivityOverview-LeftNavigation' is clicked on

2022-02-14 13:08:37 - [TEST_STEP][PASSED] - takeScreenshot(): Taking screenshot successfully

2022-02-14 13:08:38 - [MESSAGE][PASSED] - Taking screenshot successfully
[[ATTACHMENT|/home/intersoft-admin/Rattan/Bash/Training/Rattan/Final_testing/New_ActivityOverview/Reports/20220214_115757/SearchAndSorting/20220214_115808/1644824318153.png]]

2022-02-14 13:08:38 - [TEST_STEP][PASSED] - switchToFrame(findTestObject("Object Repository/Iframe/NewActivityOverviewIframe"), 5): null

2022-02-14 13:08:38 - [TEST_STEP][PASSED] - takeScreenshot(): Taking screenshot successfully

2022-02-14 13:08:38 - [MESSAGE][PASSED] - Taking screenshot successfully
[[ATTACHMENT|/home/intersoft-admin/Rattan/Bash/Training/Rattan/Final_testing/New_ActivityOverview/Reports/20220214_115757/SearchAndSorting/20220214_115808/1644824318594.png]]

2022-02-14 13:08:38 - [TEST_STEP][PASSED] - delay(20): Delayed 20 second(s)

2022-02-14 13:08:58 - [MESSAGE][PASSED] - Delayed 20 second(s)

2022-02-14 13:08:58 - [TEST_STEP][PASSED] - sizeoflisting = findWebElements(findTestObject("ListingArea/ListingContainsData"), 5).size(): null

2022-02-14 13:08:58 - [TEST_STEP][PASSED] - println(sizeoflisting): null

2022-02-14 13:08:58 - [TEST_STEP][PASSED] - logInfo(Size of Order Listing: $sizeoflisting): Size of Order Listing: 11

2022-02-14 13:08:58 - [MESSAGE][INFO] - Size of Order Listing: 11

2022-02-14 13:08:58 - [TEST_STEP][PASSED] - if (sizeoflisting > 2): Object: 'Object Repository/ListingArea/Search/ClearSearch' is clicked on

2022-02-14 13:08:58 - [TEST_STEP][PASSED] - logInfo("Orders Exist in Listing"): Orders Exist in Listing

2022-02-14 13:08:58 - [MESSAGE][INFO] - Orders Exist in Listing

2022-02-14 13:08:58 - [TEST_STEP][PASSED] - click(findTestObject("Object Repository/ListingArea/Search/InputSearch")): Object: 'Object Repository/ListingArea/Search/InputSearch' is clicked on

2022-02-14 13:09:01 - [MESSAGE][PASSED] - Object: 'Object Repository/ListingArea/Search/InputSearch' is clicked on

2022-02-14 13:09:01 - [TEST_STEP][PASSED] - setText(findTestObject("Object Repository/ListingArea/Search/InputSearch"), $searchtext1): Text 'test' is set on object 'Object Repository/ListingArea/Search/InputSearch'

2022-02-14 13:09:08 - [MESSAGE][PASSED] - Text 'test' is set on object 'Object Repository/ListingArea/Search/InputSearch'

2022-02-14 13:09:08 - [TEST_STEP][PASSED] - sendKeys(findTestObject("Object Repository/ListingArea/Search/InputSearch"), Keys.chord(ENTER)): Keys 'ENTER + ' sent to object: 'Object Repository/ListingArea/Search/InputSearch'

2022-02-14 13:09:11 - [MESSAGE][PASSED] - Keys 'ENTER + ' sent to object: 'Object Repository/ListingArea/Search/InputSearch'

2022-02-14 13:09:11 - [TEST_STEP][PASSED] - delay(20): Delayed 20 second(s)

2022-02-14 13:09:31 - [MESSAGE][PASSED] - Delayed 20 second(s)

2022-02-14 13:09:31 - [TEST_STEP][PASSED] - takeScreenshot(): Taking screenshot successfully

2022-02-14 13:09:31 - [MESSAGE][PASSED] - Taking screenshot successfully
[[ATTACHMENT|/home/intersoft-admin/Rattan/Bash/Training/Rattan/Final_testing/New_ActivityOverview/Reports/20220214_115757/SearchAndSorting/20220214_115808/1644824371194.png]]

2022-02-14 13:09:31 - [TEST_STEP][PASSED] - setText(findTestObject("Object Repository/ListingArea/Search/InputSearch"), $searchtext2): Text 'rattan' is set on object 'Object Repository/ListingArea/Search/InputSearch'

2022-02-14 13:09:37 - [MESSAGE][PASSED] - Text 'rattan' is set on object 'Object Repository/ListingArea/Search/InputSearch'

2022-02-14 13:09:37 - [TEST_STEP][PASSED] - sendKeys(findTestObject("Object Repository/ListingArea/Search/InputSearch"), Keys.chord(ENTER)): Keys 'ENTER + ' sent to object: 'Object Repository/ListingArea/Search/InputSearch'

2022-02-14 13:09:40 - [MESSAGE][PASSED] - Keys 'ENTER + ' sent to object: 'Object Repository/ListingArea/Search/InputSearch'

2022-02-14 13:09:40 - [TEST_STEP][PASSED] - delay(20): Delayed 20 second(s)

2022-02-14 13:10:00 - [MESSAGE][PASSED] - Delayed 20 second(s)

2022-02-14 13:10:00 - [TEST_STEP][PASSED] - takeScreenshot(): Taking screenshot successfully

2022-02-14 13:10:00 - [MESSAGE][PASSED] - Taking screenshot successfully
[[ATTACHMENT|/home/intersoft-admin/Rattan/Bash/Training/Rattan/Final_testing/New_ActivityOverview/Reports/20220214_115757/SearchAndSorting/20220214_115808/1644824400555.png]]

2022-02-14 13:10:00 - [TEST_STEP][PASSED] - setText(findTestObject("Object Repository/ListingArea/Search/InputSearch"), $searchtext3): Text '453354r' is set on object 'Object Repository/ListingArea/Search/InputSearch'

2022-02-14 13:10:06 - [MESSAGE][PASSED] - Text '453354r' is set on object 'Object Repository/ListingArea/Search/InputSearch'

2022-02-14 13:10:06 - [TEST_STEP][PASSED] - sendKeys(findTestObject("Object Repository/ListingArea/Search/InputSearch"), Keys.chord(ENTER)): Keys 'ENTER + ' sent to object: 'Object Repository/ListingArea/Search/InputSearch'

2022-02-14 13:10:09 - [MESSAGE][PASSED] - Keys 'ENTER + ' sent to object: 'Object Repository/ListingArea/Search/InputSearch'

2022-02-14 13:10:09 - [TEST_STEP][PASSED] - delay(20): Delayed 20 second(s)

2022-02-14 13:10:29 - [MESSAGE][PASSED] - Delayed 20 second(s)

2022-02-14 13:10:29 - [TEST_STEP][PASSED] - takeScreenshot(): Taking screenshot successfully

2022-02-14 13:10:30 - [MESSAGE][PASSED] - Taking screenshot successfully
[[ATTACHMENT|/home/intersoft-admin/Rattan/Bash/Training/Rattan/Final_testing/New_ActivityOverview/Reports/20220214_115757/SearchAndSorting/20220214_115808/1644824429933.png]]

2022-02-14 13:10:30 - [TEST_STEP][PASSED] - searchlistingsize = findWebElements(findTestObject("Object Repository/ListingArea/Search/SearchResultList"), 5).size(): null

2022-02-14 13:10:30 - [TEST_STEP][PASSED] - logInfo(Size of Search Listing: $searchlistingsize): Size of Search Listing: 3

2022-02-14 13:10:30 - [MESSAGE][INFO] - Size of Search Listing: 3

2022-02-14 13:10:30 - [TEST_STEP][PASSED] - for ([m = 1, m <= searchlistingsize, (m++)]): Taking screenshot successfully

2022-02-14 13:10:30 - [TEST_STEP][PASSED] - click(findTestObject("Object Repository/ListingArea/Search/SearchCancelButton", ["position":"1"])): Object: 'Object Repository/ListingArea/Search/SearchCancelButton' is clicked on

2022-02-14 13:10:33 - [MESSAGE][PASSED] - Object: 'Object Repository/ListingArea/Search/SearchCancelButton' is clicked on

2022-02-14 13:10:33 - [TEST_STEP][PASSED] - delay(20): Delayed 20 second(s)

2022-02-14 13:10:53 - [MESSAGE][PASSED] - Delayed 20 second(s)

2022-02-14 13:10:53 - [TEST_STEP][PASSED] - takeScreenshot(): Taking screenshot successfully

2022-02-14 13:10:53 - [MESSAGE][PASSED] - Taking screenshot successfully
[[ATTACHMENT|/home/intersoft-admin/Rattan/Bash/Training/Rattan/Final_testing/New_ActivityOverview/Reports/20220214_115757/SearchAndSorting/20220214_115808/1644824453351.png]]

2022-02-14 13:10:53 - [TEST_STEP][PASSED] - click(findTestObject("Object Repository/ListingArea/Search/SearchCancelButton", ["position":"1"])): Object: 'Object Repository/ListingArea/Search/SearchCancelButton' is clicked on

2022-02-14 13:10:56 - [MESSAGE][PASSED] - Object: 'Object Repository/ListingArea/Search/SearchCancelButton' is clicked on

2022-02-14 13:10:56 - [TEST_STEP][PASSED] - delay(20): Delayed 20 second(s)

2022-02-14 13:11:16 - [MESSAGE][PASSED] - Delayed 20 second(s)

2022-02-14 13:11:16 - [TEST_STEP][PASSED] - takeScreenshot(): Taking screenshot successfully

2022-02-14 13:11:16 - [MESSAGE][PASSED] - Taking screenshot successfully
[[ATTACHMENT|/home/intersoft-admin/Rattan/Bash/Training/Rattan/Final_testing/New_ActivityOverview/Reports/20220214_115757/SearchAndSorting/20220214_115808/1644824476710.png]]

2022-02-14 13:11:16 - [TEST_STEP][PASSED] - click(findTestObject("Object Repository/ListingArea/Search/SearchCancelButton", ["position":"1"])): Object: 'Object Repository/ListingArea/Search/SearchCancelButton' is clicked on

2022-02-14 13:11:20 - [MESSAGE][PASSED] - Object: 'Object Repository/ListingArea/Search/SearchCancelButton' is clicked on

2022-02-14 13:11:20 - [TEST_STEP][PASSED] - delay(20): Delayed 20 second(s)

2022-02-14 13:11:40 - [MESSAGE][PASSED] - Delayed 20 second(s)

2022-02-14 13:11:40 - [TEST_STEP][PASSED] - takeScreenshot(): Taking screenshot successfully

2022-02-14 13:11:40 - [MESSAGE][PASSED] - Taking screenshot successfully
[[ATTACHMENT|/home/intersoft-admin/Rattan/Bash/Training/Rattan/Final_testing/New_ActivityOverview/Reports/20220214_115757/SearchAndSorting/20220214_115808/1644824500058.png]]

2022-02-14 13:11:40 - [TEST_STEP][PASSED] - click(findTestObject("Object Repository/ListingArea/Search/InputSearch")): Object: 'Object Repository/ListingArea/Search/InputSearch' is clicked on

2022-02-14 13:11:43 - [MESSAGE][PASSED] - Object: 'Object Repository/ListingArea/Search/InputSearch' is clicked on

2022-02-14 13:11:43 - [TEST_STEP][PASSED] - setText(findTestObject("Object Repository/ListingArea/Search/InputSearch"), $searchtext1): Text 'test' is set on object 'Object Repository/ListingArea/Search/InputSearch'

2022-02-14 13:11:49 - [MESSAGE][PASSED] - Text 'test' is set on object 'Object Repository/ListingArea/Search/InputSearch'

2022-02-14 13:11:49 - [TEST_STEP][PASSED] - sendKeys(findTestObject("Object Repository/ListingArea/Search/InputSearch"), Keys.chord(ENTER)): Keys 'ENTER + ' sent to object: 'Object Repository/ListingArea/Search/InputSearch'

2022-02-14 13:11:52 - [MESSAGE][PASSED] - Keys 'ENTER + ' sent to object: 'Object Repository/ListingArea/Search/InputSearch'

2022-02-14 13:11:52 - [TEST_STEP][PASSED] - delay(20): Delayed 20 second(s)

2022-02-14 13:12:12 - [MESSAGE][PASSED] - Delayed 20 second(s)

2022-02-14 13:12:12 - [TEST_STEP][PASSED] - takeScreenshot(): Taking screenshot successfully

2022-02-14 13:12:12 - [MESSAGE][PASSED] - Taking screenshot successfully
[[ATTACHMENT|/home/intersoft-admin/Rattan/Bash/Training/Rattan/Final_testing/New_ActivityOverview/Reports/20220214_115757/SearchAndSorting/20220214_115808/1644824532515.png]]

2022-02-14 13:12:12 - [TEST_STEP][PASSED] - setText(findTestObject("Object Repository/ListingArea/Search/InputSearch"), $searchtext2): Text 'rattan' is set on object 'Object Repository/ListingArea/Search/InputSearch'

2022-02-14 13:12:18 - [MESSAGE][PASSED] - Text 'rattan' is set on object 'Object Repository/ListingArea/Search/InputSearch'

2022-02-14 13:12:18 - [TEST_STEP][PASSED] - sendKeys(findTestObject("Object Repository/ListingArea/Search/InputSearch"), Keys.chord(ENTER)): Keys 'ENTER + ' sent to object: 'Object Repository/ListingArea/Search/InputSearch'

2022-02-14 13:12:21 - [MESSAGE][PASSED] - Keys 'ENTER + ' sent to object: 'Object Repository/ListingArea/Search/InputSearch'

2022-02-14 13:12:21 - [TEST_STEP][PASSED] - delay(20): Delayed 20 second(s)

2022-02-14 13:12:41 - [MESSAGE][PASSED] - Delayed 20 second(s)

2022-02-14 13:12:41 - [TEST_STEP][PASSED] - takeScreenshot(): Taking screenshot successfully

2022-02-14 13:12:41 - [MESSAGE][PASSED] - Taking screenshot successfully
[[ATTACHMENT|/home/intersoft-admin/Rattan/Bash/Training/Rattan/Final_testing/New_ActivityOverview/Reports/20220214_115757/SearchAndSorting/20220214_115808/1644824561853.png]]

2022-02-14 13:12:41 - [TEST_STEP][PASSED] - setText(findTestObject("Object Repository/ListingArea/Search/InputSearch"), $searchtext3): Text '453354r' is set on object 'Object Repository/ListingArea/Search/InputSearch'

2022-02-14 13:12:48 - [MESSAGE][PASSED] - Text '453354r' is set on object 'Object Repository/ListingArea/Search/InputSearch'

2022-02-14 13:12:48 - [TEST_STEP][PASSED] - sendKeys(findTestObject("Object Repository/ListingArea/Search/InputSearch"), Keys.chord(ENTER)): Keys 'ENTER + ' sent to object: 'Object Repository/ListingArea/Search/InputSearch'

2022-02-14 13:12:51 - [MESSAGE][PASSED] - Keys 'ENTER + ' sent to object: 'Object Repository/ListingArea/Search/InputSearch'

2022-02-14 13:12:51 - [TEST_STEP][PASSED] - delay(20): Delayed 20 second(s)

2022-02-14 13:13:11 - [MESSAGE][PASSED] - Delayed 20 second(s)

2022-02-14 13:13:11 - [TEST_STEP][PASSED] - takeScreenshot(): Taking screenshot successfully

2022-02-14 13:13:11 - [MESSAGE][PASSED] - Taking screenshot successfully
[[ATTACHMENT|/home/intersoft-admin/Rattan/Bash/Training/Rattan/Final_testing/New_ActivityOverview/Reports/20220214_115757/SearchAndSorting/20220214_115808/1644824591185.png]]

2022-02-14 13:13:11 - [TEST_STEP][PASSED] - click(findTestObject("Object Repository/ListingArea/Search/ClearSearch")): Object: 'Object Repository/ListingArea/Search/ClearSearch' is clicked on

2022-02-14 13:13:14 - [MESSAGE][PASSED] - Object: 'Object Repository/ListingArea/Search/ClearSearch' is clicked on

2022-02-14 13:13:14 - [TEST_STEP][PASSED] - delay(20): Delayed 20 second(s)

2022-02-14 13:13:34 - [MESSAGE][PASSED] - Delayed 20 second(s)

2022-02-14 13:13:34 - [TEST_STEP][PASSED] - takeScreenshot(): Taking screenshot successfully

2022-02-14 13:13:34 - [MESSAGE][PASSED] - Taking screenshot successfully
[[ATTACHMENT|/home/intersoft-admin/Rattan/Bash/Training/Rattan/Final_testing/New_ActivityOverview/Reports/20220214_115757/SearchAndSorting/20220214_115808/1644824614534.png]]

2022-02-14 13:13:34 - [TEST_STEP][PASSED] - click(findTestObject("Object Repository/Sorting/SortingSelect")): Object: 'Object Repository/Sorting/SortingSelect' is clicked on

2022-02-14 13:13:37 - [MESSAGE][PASSED] - Object: 'Object Repository/Sorting/SortingSelect' is clicked on

2022-02-14 13:13:37 - [TEST_STEP][PASSED] - delay(5): Delayed 5 second(s)

2022-02-14 13:13:42 - [MESSAGE][PASSED] - Delayed 5 second(s)

2022-02-14 13:13:42 - [TEST_STEP][PASSED] - takeScreenshot(): Taking screenshot successfully

2022-02-14 13:13:42 - [MESSAGE][PASSED] - Taking screenshot successfully
[[ATTACHMENT|/home/intersoft-admin/Rattan/Bash/Training/Rattan/Final_testing/New_ActivityOverview/Reports/20220214_115757/SearchAndSorting/20220214_115808/1644824622801.png]]

2022-02-14 13:13:42 - [TEST_STEP][PASSED] - click(findTestObject("Object Repository/Sorting/SortingSelectOption", ["position1":"1"])): Object: 'Object Repository/Sorting/SortingSelectOption' is clicked on

2022-02-14 13:13:46 - [MESSAGE][PASSED] - Object: 'Object Repository/Sorting/SortingSelectOption' is clicked on

2022-02-14 13:13:46 - [TEST_STEP][PASSED] - delay(20): Delayed 20 second(s)

2022-02-14 13:14:06 - [MESSAGE][PASSED] - Delayed 20 second(s)

2022-02-14 13:14:06 - [TEST_STEP][PASSED] - takeScreenshot(): Taking screenshot successfully

2022-02-14 13:14:06 - [MESSAGE][PASSED] - Taking screenshot successfully
[[ATTACHMENT|/home/intersoft-admin/Rattan/Bash/Training/Rattan/Final_testing/New_ActivityOverview/Reports/20220214_115757/SearchAndSorting/20220214_115808/1644824646038.png]]

2022-02-14 13:14:06 - [TEST_STEP][PASSED] - click(findTestObject("Object Repository/Sorting/SortingSelect")): Object: 'Object Repository/Sorting/SortingSelect' is clicked on

2022-02-14 13:14:09 - [MESSAGE][PASSED] - Object: 'Object Repository/Sorting/SortingSelect' is clicked on

2022-02-14 13:14:09 - [TEST_STEP][PASSED] - delay(5): Delayed 5 second(s)

2022-02-14 13:14:14 - [MESSAGE][PASSED] - Delayed 5 second(s)

2022-02-14 13:14:14 - [TEST_STEP][PASSED] - takeScreenshot(): Taking screenshot successfully

2022-02-14 13:14:14 - [MESSAGE][PASSED] - Taking screenshot successfully
[[ATTACHMENT|/home/intersoft-admin/Rattan/Bash/Training/Rattan/Final_testing/New_ActivityOverview/Reports/20220214_115757/SearchAndSorting/20220214_115808/1644824654273.png]]

2022-02-14 13:14:14 - [TEST_STEP][PASSED] - click(findTestObject("Object Repository/Sorting/SortingSelectOption", ["position1":"2"])): Object: 'Object Repository/Sorting/SortingSelectOption' is clicked on

2022-02-14 13:14:17 - [MESSAGE][PASSED] - Object: 'Object Repository/Sorting/SortingSelectOption' is clicked on

2022-02-14 13:14:17 - [TEST_STEP][PASSED] - delay(20): Delayed 20 second(s)

2022-02-14 13:14:37 - [MESSAGE][PASSED] - Delayed 20 second(s)

2022-02-14 13:14:37 - [TEST_STEP][PASSED] - takeScreenshot(): Taking screenshot successfully

2022-02-14 13:14:37 - [MESSAGE][PASSED] - Taking screenshot successfully
[[ATTACHMENT|/home/intersoft-admin/Rattan/Bash/Training/Rattan/Final_testing/New_ActivityOverview/Reports/20220214_115757/SearchAndSorting/20220214_115808/1644824677583.png]]

2022-02-14 13:14:37 - [TEST_STEP][PASSED] - click(findTestObject("Object Repository/Sorting/SortingSelect")): Object: 'Object Repository/Sorting/SortingSelect' is clicked on

2022-02-14 13:14:40 - [MESSAGE][PASSED] - Object: 'Object Repository/Sorting/SortingSelect' is clicked on

2022-02-14 13:14:40 - [TEST_STEP][PASSED] - delay(5): Delayed 5 second(s)

2022-02-14 13:14:45 - [MESSAGE][PASSED] - Delayed 5 second(s)

2022-02-14 13:14:45 - [TEST_STEP][PASSED] - takeScreenshot(): Taking screenshot successfully

2022-02-14 13:14:45 - [MESSAGE][PASSED] - Taking screenshot successfully
[[ATTACHMENT|/home/intersoft-admin/Rattan/Bash/Training/Rattan/Final_testing/New_ActivityOverview/Reports/20220214_115757/SearchAndSorting/20220214_115808/1644824685840.png]]

2022-02-14 13:14:45 - [TEST_STEP][PASSED] - click(findTestObject("Object Repository/Sorting/SortingSelectOption", ["position1":"3"])): Object: 'Object Repository/Sorting/SortingSelectOption' is clicked on

2022-02-14 13:14:49 - [MESSAGE][PASSED] - Object: 'Object Repository/Sorting/SortingSelectOption' is clicked on

2022-02-14 13:14:49 - [TEST_STEP][PASSED] - delay(20): Delayed 20 second(s)

2022-02-14 13:15:09 - [MESSAGE][PASSED] - Delayed 20 second(s)

2022-02-14 13:15:09 - [TEST_STEP][PASSED] - takeScreenshot(): Taking screenshot successfully

2022-02-14 13:15:09 - [MESSAGE][PASSED] - Taking screenshot successfully
[[ATTACHMENT|/home/intersoft-admin/Rattan/Bash/Training/Rattan/Final_testing/New_ActivityOverview/Reports/20220214_115757/SearchAndSorting/20220214_115808/1644824709168.png]]

2022-02-14 13:15:09 - [TEST_STEP][PASSED] - click(findTestObject("Object Repository/ListingArea/Search/InputSearch")): Object: 'Object Repository/ListingArea/Search/InputSearch' is clicked on

2022-02-14 13:15:12 - [MESSAGE][PASSED] - Object: 'Object Repository/ListingArea/Search/InputSearch' is clicked on

2022-02-14 13:15:12 - [TEST_STEP][PASSED] - setText(findTestObject("Object Repository/ListingArea/Search/InputSearch"), $searchtext1): Text 'test' is set on object 'Object Repository/ListingArea/Search/InputSearch'

2022-02-14 13:15:18 - [MESSAGE][PASSED] - Text 'test' is set on object 'Object Repository/ListingArea/Search/InputSearch'

2022-02-14 13:15:18 - [TEST_STEP][PASSED] - sendKeys(findTestObject("Object Repository/ListingArea/Search/InputSearch"), Keys.chord(ENTER)): Keys 'ENTER + ' sent to object: 'Object Repository/ListingArea/Search/InputSearch'

2022-02-14 13:15:21 - [MESSAGE][PASSED] - Keys 'ENTER + ' sent to object: 'Object Repository/ListingArea/Search/InputSearch'

2022-02-14 13:15:21 - [TEST_STEP][PASSED] - delay(20): Delayed 20 second(s)

2022-02-14 13:15:41 - [MESSAGE][PASSED] - Delayed 20 second(s)

2022-02-14 13:15:41 - [TEST_STEP][PASSED] - delay(20): Delayed 20 second(s)

2022-02-14 13:16:01 - [MESSAGE][PASSED] - Delayed 20 second(s)

2022-02-14 13:16:01 - [TEST_STEP][PASSED] - takeScreenshot(): Taking screenshot successfully

2022-02-14 13:16:01 - [MESSAGE][PASSED] - Taking screenshot successfully
[[ATTACHMENT|/home/intersoft-admin/Rattan/Bash/Training/Rattan/Final_testing/New_ActivityOverview/Reports/20220214_115757/SearchAndSorting/20220214_115808/1644824761642.png]]

2022-02-14 13:16:01 - [TEST_STEP][PASSED] - click(findTestObject("Object Repository/Sorting/SortingSelect")): Object: 'Object Repository/Sorting/SortingSelect' is clicked on

2022-02-14 13:16:04 - [MESSAGE][PASSED] - Object: 'Object Repository/Sorting/SortingSelect' is clicked on

2022-02-14 13:16:04 - [TEST_STEP][PASSED] - delay(5): Delayed 5 second(s)

2022-02-14 13:16:09 - [MESSAGE][PASSED] - Delayed 5 second(s)

2022-02-14 13:16:09 - [TEST_STEP][PASSED] - takeScreenshot(): Taking screenshot successfully

2022-02-14 13:16:10 - [MESSAGE][PASSED] - Taking screenshot successfully
[[ATTACHMENT|/home/intersoft-admin/Rattan/Bash/Training/Rattan/Final_testing/New_ActivityOverview/Reports/20220214_115757/SearchAndSorting/20220214_115808/1644824769931.png]]

2022-02-14 13:16:10 - [TEST_STEP][PASSED] - click(findTestObject("Object Repository/Sorting/SortingSelectOption", ["position1":"1"])): Object: 'Object Repository/Sorting/SortingSelectOption' is clicked on

2022-02-14 13:16:13 - [MESSAGE][PASSED] - Object: 'Object Repository/Sorting/SortingSelectOption' is clicked on

2022-02-14 13:16:13 - [TEST_STEP][PASSED] - delay(20): Delayed 20 second(s)

2022-02-14 13:16:33 - [MESSAGE][PASSED] - Delayed 20 second(s)

2022-02-14 13:16:33 - [TEST_STEP][PASSED] - takeScreenshot(): Taking screenshot successfully

2022-02-14 13:16:33 - [MESSAGE][PASSED] - Taking screenshot successfully
[[ATTACHMENT|/home/intersoft-admin/Rattan/Bash/Training/Rattan/Final_testing/New_ActivityOverview/Reports/20220214_115757/SearchAndSorting/20220214_115808/1644824793235.png]]

2022-02-14 13:16:33 - [TEST_STEP][PASSED] - click(findTestObject("Object Repository/Sorting/SortingSelect")): Object: 'Object Repository/Sorting/SortingSelect' is clicked on

2022-02-14 13:16:36 - [MESSAGE][PASSED] - Object: 'Object Repository/Sorting/SortingSelect' is clicked on

2022-02-14 13:16:36 - [TEST_STEP][PASSED] - delay(5): Delayed 5 second(s)

2022-02-14 13:16:41 - [MESSAGE][PASSED] - Delayed 5 second(s)

2022-02-14 13:16:41 - [TEST_STEP][PASSED] - takeScreenshot(): Taking screenshot successfully

2022-02-14 13:16:41 - [MESSAGE][PASSED] - Taking screenshot successfully
[[ATTACHMENT|/home/intersoft-admin/Rattan/Bash/Training/Rattan/Final_testing/New_ActivityOverview/Reports/20220214_115757/SearchAndSorting/20220214_115808/1644824801477.png]]

2022-02-14 13:16:41 - [TEST_STEP][PASSED] - click(findTestObject("Object Repository/Sorting/SortingSelectOption", ["position1":"2"])): Object: 'Object Repository/Sorting/SortingSelectOption' is clicked on

2022-02-14 13:16:44 - [MESSAGE][PASSED] - Object: 'Object Repository/Sorting/SortingSelectOption' is clicked on

2022-02-14 13:16:44 - [TEST_STEP][PASSED] - delay(20): Delayed 20 second(s)

2022-02-14 13:17:04 - [MESSAGE][PASSED] - Delayed 20 second(s)

2022-02-14 13:17:04 - [TEST_STEP][PASSED] - takeScreenshot(): Taking screenshot successfully

2022-02-14 13:17:04 - [MESSAGE][PASSED] - Taking screenshot successfully
[[ATTACHMENT|/home/intersoft-admin/Rattan/Bash/Training/Rattan/Final_testing/New_ActivityOverview/Reports/20220214_115757/SearchAndSorting/20220214_115808/1644824824794.png]]

2022-02-14 13:17:04 - [TEST_STEP][PASSED] - click(findTestObject("Object Repository/Sorting/SortingSelect")): Object: 'Object Repository/Sorting/SortingSelect' is clicked on

2022-02-14 13:17:08 - [MESSAGE][PASSED] - Object: 'Object Repository/Sorting/SortingSelect' is clicked on

2022-02-14 13:17:08 - [TEST_STEP][PASSED] - delay(5): Delayed 5 second(s)

2022-02-14 13:17:13 - [MESSAGE][PASSED] - Delayed 5 second(s)

2022-02-14 13:17:13 - [TEST_STEP][PASSED] - takeScreenshot(): Taking screenshot successfully

2022-02-14 13:17:13 - [MESSAGE][PASSED] - Taking screenshot successfully
[[ATTACHMENT|/home/intersoft-admin/Rattan/Bash/Training/Rattan/Final_testing/New_ActivityOverview/Reports/20220214_115757/SearchAndSorting/20220214_115808/1644824833034.png]]

2022-02-14 13:17:13 - [TEST_STEP][PASSED] - click(findTestObject("Object Repository/Sorting/SortingSelectOption", ["position1":"3"])): Object: 'Object Repository/Sorting/SortingSelectOption' is clicked on

2022-02-14 13:17:16 - [MESSAGE][PASSED] - Object: 'Object Repository/Sorting/SortingSelectOption' is clicked on

2022-02-14 13:17:16 - [TEST_STEP][PASSED] - delay(20): Delayed 20 second(s)

2022-02-14 13:17:36 - [MESSAGE][PASSED] - Delayed 20 second(s)

2022-02-14 13:17:36 - [TEST_STEP][PASSED] - takeScreenshot(): Taking screenshot successfully

2022-02-14 13:17:36 - [MESSAGE][PASSED] - Taking screenshot successfully
[[ATTACHMENT|/home/intersoft-admin/Rattan/Bash/Training/Rattan/Final_testing/New_ActivityOverview/Reports/20220214_115757/SearchAndSorting/20220214_115808/1644824856355.png]]

2022-02-14 13:17:36 - [TEST_STEP][PASSED] - click(findTestObject("Object Repository/ListingArea/Search/InputSearch")): Object: 'Object Repository/ListingArea/Search/InputSearch' is clicked on

2022-02-14 13:17:39 - [MESSAGE][PASSED] - Object: 'Object Repository/ListingArea/Search/InputSearch' is clicked on

2022-02-14 13:17:39 - [TEST_STEP][PASSED] - setText(findTestObject("Object Repository/ListingArea/Search/InputSearch"), $searchtext2): Text 'rattan' is set on object 'Object Repository/ListingArea/Search/InputSearch'

2022-02-14 13:17:45 - [MESSAGE][PASSED] - Text 'rattan' is set on object 'Object Repository/ListingArea/Search/InputSearch'

2022-02-14 13:17:45 - [TEST_STEP][PASSED] - sendKeys(findTestObject("Object Repository/ListingArea/Search/InputSearch"), Keys.chord(ENTER)): Keys 'ENTER + ' sent to object: 'Object Repository/ListingArea/Search/InputSearch'

2022-02-14 13:17:48 - [MESSAGE][PASSED] - Keys 'ENTER + ' sent to object: 'Object Repository/ListingArea/Search/InputSearch'

2022-02-14 13:17:48 - [TEST_STEP][PASSED] - delay(20): Delayed 20 second(s)

2022-02-14 13:18:08 - [MESSAGE][PASSED] - Delayed 20 second(s)

2022-02-14 13:18:08 - [TEST_STEP][PASSED] - delay(20): Delayed 20 second(s)

2022-02-14 13:18:28 - [MESSAGE][PASSED] - Delayed 20 second(s)

2022-02-14 13:18:28 - [TEST_STEP][PASSED] - takeScreenshot(): Taking screenshot successfully

2022-02-14 13:18:28 - [MESSAGE][PASSED] - Taking screenshot successfully
[[ATTACHMENT|/home/intersoft-admin/Rattan/Bash/Training/Rattan/Final_testing/New_ActivityOverview/Reports/20220214_115757/SearchAndSorting/20220214_115808/1644824908812.png]]

2022-02-14 13:18:28 - [TEST_STEP][PASSED] - click(findTestObject("Object Repository/Sorting/SortingSelect")): Object: 'Object Repository/Sorting/SortingSelect' is clicked on

2022-02-14 13:18:32 - [MESSAGE][PASSED] - Object: 'Object Repository/Sorting/SortingSelect' is clicked on

2022-02-14 13:18:32 - [TEST_STEP][PASSED] - delay(5): Delayed 5 second(s)

2022-02-14 13:18:37 - [MESSAGE][PASSED] - Delayed 5 second(s)

2022-02-14 13:18:37 - [TEST_STEP][PASSED] - takeScreenshot(): Taking screenshot successfully

2022-02-14 13:18:37 - [MESSAGE][PASSED] - Taking screenshot successfully
[[ATTACHMENT|/home/intersoft-admin/Rattan/Bash/Training/Rattan/Final_testing/New_ActivityOverview/Reports/20220214_115757/SearchAndSorting/20220214_115808/1644824917050.png]]

2022-02-14 13:18:37 - [TEST_STEP][PASSED] - click(findTestObject("Object Repository/Sorting/SortingSelectOption", ["position1":"1"])): Object: 'Object Repository/Sorting/SortingSelectOption' is clicked on

2022-02-14 13:18:40 - [MESSAGE][PASSED] - Object: 'Object Repository/Sorting/SortingSelectOption' is clicked on

2022-02-14 13:18:40 - [TEST_STEP][PASSED] - delay(20): Delayed 20 second(s)

2022-02-14 13:19:00 - [MESSAGE][PASSED] - Delayed 20 second(s)

2022-02-14 13:19:00 - [TEST_STEP][PASSED] - takeScreenshot(): Taking screenshot successfully

2022-02-14 13:19:00 - [MESSAGE][PASSED] - Taking screenshot successfully
[[ATTACHMENT|/home/intersoft-admin/Rattan/Bash/Training/Rattan/Final_testing/New_ActivityOverview/Reports/20220214_115757/SearchAndSorting/20220214_115808/1644824940380.png]]

2022-02-14 13:19:00 - [TEST_STEP][PASSED] - click(findTestObject("Object Repository/Sorting/SortingSelect")): Object: 'Object Repository/Sorting/SortingSelect' is clicked on

2022-02-14 13:19:03 - [MESSAGE][PASSED] - Object: 'Object Repository/Sorting/SortingSelect' is clicked on

2022-02-14 13:19:03 - [TEST_STEP][PASSED] - delay(5): Delayed 5 second(s)

2022-02-14 13:19:08 - [MESSAGE][PASSED] - Delayed 5 second(s)

2022-02-14 13:19:08 - [TEST_STEP][PASSED] - takeScreenshot(): Taking screenshot successfully

2022-02-14 13:19:08 - [MESSAGE][PASSED] - Taking screenshot successfully
[[ATTACHMENT|/home/intersoft-admin/Rattan/Bash/Training/Rattan/Final_testing/New_ActivityOverview/Reports/20220214_115757/SearchAndSorting/20220214_115808/1644824948652.png]]

2022-02-14 13:19:08 - [TEST_STEP][PASSED] - click(findTestObject("Object Repository/Sorting/SortingSelectOption", ["position1":"2"])): Object: 'Object Repository/Sorting/SortingSelectOption' is clicked on

2022-02-14 13:19:11 - [MESSAGE][PASSED] - Object: 'Object Repository/Sorting/SortingSelectOption' is clicked on

2022-02-14 13:19:11 - [TEST_STEP][PASSED] - delay(20): Delayed 20 second(s)

2022-02-14 13:19:31 - [MESSAGE][PASSED] - Delayed 20 second(s)

2022-02-14 13:19:31 - [TEST_STEP][PASSED] - takeScreenshot(): Taking screenshot successfully

2022-02-14 13:19:32 - [MESSAGE][PASSED] - Taking screenshot successfully
[[ATTACHMENT|/home/intersoft-admin/Rattan/Bash/Training/Rattan/Final_testing/New_ActivityOverview/Reports/20220214_115757/SearchAndSorting/20220214_115808/1644824971993.png]]

2022-02-14 13:19:32 - [TEST_STEP][PASSED] - click(findTestObject("Object Repository/Sorting/SortingSelect")): Object: 'Object Repository/Sorting/SortingSelect' is clicked on

2022-02-14 13:19:35 - [MESSAGE][PASSED] - Object: 'Object Repository/Sorting/SortingSelect' is clicked on

2022-02-14 13:19:35 - [TEST_STEP][PASSED] - delay(5): Delayed 5 second(s)

2022-02-14 13:19:40 - [MESSAGE][PASSED] - Delayed 5 second(s)

2022-02-14 13:19:40 - [TEST_STEP][PASSED] - takeScreenshot(): Taking screenshot successfully

2022-02-14 13:19:40 - [MESSAGE][PASSED] - Taking screenshot successfully
[[ATTACHMENT|/home/intersoft-admin/Rattan/Bash/Training/Rattan/Final_testing/New_ActivityOverview/Reports/20220214_115757/SearchAndSorting/20220214_115808/1644824980243.png]]

2022-02-14 13:19:40 - [TEST_STEP][PASSED] - click(findTestObject("Object Repository/Sorting/SortingSelectOption", ["position1":"3"])): Object: 'Object Repository/Sorting/SortingSelectOption' is clicked on

2022-02-14 13:19:43 - [MESSAGE][PASSED] - Object: 'Object Repository/Sorting/SortingSelectOption' is clicked on

2022-02-14 13:19:43 - [TEST_STEP][PASSED] - delay(20): Delayed 20 second(s)

2022-02-14 13:20:03 - [MESSAGE][PASSED] - Delayed 20 second(s)

2022-02-14 13:20:03 - [TEST_STEP][PASSED] - takeScreenshot(): Taking screenshot successfully

2022-02-14 13:20:03 - [MESSAGE][PASSED] - Taking screenshot successfully
[[ATTACHMENT|/home/intersoft-admin/Rattan/Bash/Training/Rattan/Final_testing/New_ActivityOverview/Reports/20220214_115757/SearchAndSorting/20220214_115808/1644825003604.png]]

2022-02-14 13:20:03 - [TEST_STEP][PASSED] - click(findTestObject("Object Repository/ListingArea/Search/InputSearch")): Object: 'Object Repository/ListingArea/Search/InputSearch' is clicked on

2022-02-14 13:20:06 - [MESSAGE][PASSED] - Object: 'Object Repository/ListingArea/Search/InputSearch' is clicked on

2022-02-14 13:20:06 - [TEST_STEP][PASSED] - setText(findTestObject("Object Repository/ListingArea/Search/InputSearch"), $searchtext3): Text '453354r' is set on object 'Object Repository/ListingArea/Search/InputSearch'

2022-02-14 13:20:12 - [MESSAGE][PASSED] - Text '453354r' is set on object 'Object Repository/ListingArea/Search/InputSearch'

2022-02-14 13:20:12 - [TEST_STEP][PASSED] - sendKeys(findTestObject("Object Repository/ListingArea/Search/InputSearch"), Keys.chord(ENTER)): Keys 'ENTER + ' sent to object: 'Object Repository/ListingArea/Search/InputSearch'

2022-02-14 13:20:16 - [MESSAGE][PASSED] - Keys 'ENTER + ' sent to object: 'Object Repository/ListingArea/Search/InputSearch'

2022-02-14 13:20:16 - [TEST_STEP][PASSED] - delay(20): Delayed 20 second(s)

2022-02-14 13:20:36 - [MESSAGE][PASSED] - Delayed 20 second(s)

2022-02-14 13:20:36 - [TEST_STEP][PASSED] - delay(20): Delayed 20 second(s)

2022-02-14 13:20:56 - [MESSAGE][PASSED] - Delayed 20 second(s)

2022-02-14 13:20:56 - [TEST_STEP][PASSED] - takeScreenshot(): Taking screenshot successfully

2022-02-14 13:20:56 - [MESSAGE][PASSED] - Taking screenshot successfully
[[ATTACHMENT|/home/intersoft-admin/Rattan/Bash/Training/Rattan/Final_testing/New_ActivityOverview/Reports/20220214_115757/SearchAndSorting/20220214_115808/1644825056084.png]]

2022-02-14 13:20:56 - [TEST_STEP][PASSED] - click(findTestObject("Object Repository/Sorting/SortingSelect")): Object: 'Object Repository/Sorting/SortingSelect' is clicked on

2022-02-14 13:20:59 - [MESSAGE][PASSED] - Object: 'Object Repository/Sorting/SortingSelect' is clicked on

2022-02-14 13:20:59 - [TEST_STEP][PASSED] - delay(5): Delayed 5 second(s)

2022-02-14 13:21:04 - [MESSAGE][PASSED] - Delayed 5 second(s)

2022-02-14 13:21:04 - [TEST_STEP][PASSED] - takeScreenshot(): Taking screenshot successfully

2022-02-14 13:21:04 - [MESSAGE][PASSED] - Taking screenshot successfully
[[ATTACHMENT|/home/intersoft-admin/Rattan/Bash/Training/Rattan/Final_testing/New_ActivityOverview/Reports/20220214_115757/SearchAndSorting/20220214_115808/1644825064367.png]]

2022-02-14 13:21:04 - [TEST_STEP][PASSED] - click(findTestObject("Object Repository/Sorting/SortingSelectOption", ["position1":"1"])): Object: 'Object Repository/Sorting/SortingSelectOption' is clicked on

2022-02-14 13:21:07 - [MESSAGE][PASSED] - Object: 'Object Repository/Sorting/SortingSelectOption' is clicked on

2022-02-14 13:21:07 - [TEST_STEP][PASSED] - delay(20): Delayed 20 second(s)

2022-02-14 13:21:27 - [MESSAGE][PASSED] - Delayed 20 second(s)

2022-02-14 13:21:27 - [TEST_STEP][PASSED] - takeScreenshot(): Taking screenshot successfully

2022-02-14 13:21:27 - [MESSAGE][PASSED] - Taking screenshot successfully
[[ATTACHMENT|/home/intersoft-admin/Rattan/Bash/Training/Rattan/Final_testing/New_ActivityOverview/Reports/20220214_115757/SearchAndSorting/20220214_115808/1644825087673.png]]

2022-02-14 13:21:27 - [TEST_STEP][PASSED] - click(findTestObject("Object Repository/Sorting/SortingSelect")): Object: 'Object Repository/Sorting/SortingSelect' is clicked on

2022-02-14 13:21:30 - [MESSAGE][PASSED] - Object: 'Object Repository/Sorting/SortingSelect' is clicked on

2022-02-14 13:21:30 - [TEST_STEP][PASSED] - delay(5): Delayed 5 second(s)

2022-02-14 13:21:35 - [MESSAGE][PASSED] - Delayed 5 second(s)

2022-02-14 13:21:35 - [TEST_STEP][PASSED] - takeScreenshot(): Taking screenshot successfully

2022-02-14 13:21:36 - [MESSAGE][PASSED] - Taking screenshot successfully
[[ATTACHMENT|/home/intersoft-admin/Rattan/Bash/Training/Rattan/Final_testing/New_ActivityOverview/Reports/20220214_115757/SearchAndSorting/20220214_115808/1644825095922.png]]

2022-02-14 13:21:36 - [TEST_STEP][PASSED] - click(findTestObject("Object Repository/Sorting/SortingSelectOption", ["position1":"2"])): Object: 'Object Repository/Sorting/SortingSelectOption' is clicked on

2022-02-14 13:21:39 - [MESSAGE][PASSED] - Object: 'Object Repository/Sorting/SortingSelectOption' is clicked on

2022-02-14 13:21:39 - [TEST_STEP][PASSED] - delay(20): Delayed 20 second(s)

2022-02-14 13:21:59 - [MESSAGE][PASSED] - Delayed 20 second(s)

2022-02-14 13:21:59 - [TEST_STEP][PASSED] - takeScreenshot(): Taking screenshot successfully

2022-02-14 13:21:59 - [MESSAGE][PASSED] - Taking screenshot successfully
[[ATTACHMENT|/home/intersoft-admin/Rattan/Bash/Training/Rattan/Final_testing/New_ActivityOverview/Reports/20220214_115757/SearchAndSorting/20220214_115808/1644825119237.png]]

2022-02-14 13:21:59 - [TEST_STEP][PASSED] - click(findTestObject("Object Repository/Sorting/SortingSelect")): Object: 'Object Repository/Sorting/SortingSelect' is clicked on

2022-02-14 13:22:02 - [MESSAGE][PASSED] - Object: 'Object Repository/Sorting/SortingSelect' is clicked on

2022-02-14 13:22:02 - [TEST_STEP][PASSED] - delay(5): Delayed 5 second(s)

2022-02-14 13:22:07 - [MESSAGE][PASSED] - Delayed 5 second(s)

2022-02-14 13:22:07 - [TEST_STEP][PASSED] - takeScreenshot(): Taking screenshot successfully

2022-02-14 13:22:07 - [MESSAGE][PASSED] - Taking screenshot successfully
[[ATTACHMENT|/home/intersoft-admin/Rattan/Bash/Training/Rattan/Final_testing/New_ActivityOverview/Reports/20220214_115757/SearchAndSorting/20220214_115808/1644825127475.png]]

2022-02-14 13:22:07 - [TEST_STEP][PASSED] - click(findTestObject("Object Repository/Sorting/SortingSelectOption", ["position1":"3"])): Object: 'Object Repository/Sorting/SortingSelectOption' is clicked on

2022-02-14 13:22:10 - [MESSAGE][PASSED] - Object: 'Object Repository/Sorting/SortingSelectOption' is clicked on

2022-02-14 13:22:10 - [TEST_STEP][PASSED] - delay(20): Delayed 20 second(s)

2022-02-14 13:22:30 - [MESSAGE][PASSED] - Delayed 20 second(s)

2022-02-14 13:22:30 - [TEST_STEP][PASSED] - takeScreenshot(): Taking screenshot successfully

2022-02-14 13:22:30 - [MESSAGE][PASSED] - Taking screenshot successfully
[[ATTACHMENT|/home/intersoft-admin/Rattan/Bash/Training/Rattan/Final_testing/New_ActivityOverview/Reports/20220214_115757/SearchAndSorting/20220214_115808/1644825150872.png]]

2022-02-14 13:22:30 - [TEST_STEP][PASSED] - delay(20): Delayed 20 second(s)

2022-02-14 13:22:50 - [MESSAGE][PASSED] - Delayed 20 second(s)

2022-02-14 13:22:50 - [TEST_STEP][PASSED] - takeScreenshot(): Taking screenshot successfully

2022-02-14 13:22:51 - [MESSAGE][PASSED] - Taking screenshot successfully
[[ATTACHMENT|/home/intersoft-admin/Rattan/Bash/Training/Rattan/Final_testing/New_ActivityOverview/Reports/20220214_115757/SearchAndSorting/20220214_115808/1644825171007.png]]

2022-02-14 13:22:51 - [TEST_STEP][PASSED] - click(findTestObject("Object Repository/ListingArea/Search/ClearSearch")): Object: 'Object Repository/ListingArea/Search/ClearSearch' is clicked on

2022-02-14 13:22:54 - [MESSAGE][PASSED] - Object: 'Object Repository/ListingArea/Search/ClearSearch' is clicked on

2022-02-14 13:22:54 - [TEST_STEP][PASSED] - if (sizeoflisting < 2): null]]></system-out>
         <system-err><![CDATA[]]></system-err>
      </testcase>
      <system-out><![CDATA[2022-02-14 13:07:57 - [TEST_SUITE][PASSED] - SearchAndSorting: Test Cases/NewActivityOverview-LeftNavigation/ActivityOverview-ListingSearchSorting]]></system-out>
      <system-err><![CDATA[]]></system-err>
   </testsuite>
</testsuites>
