<?xml version="1.0" encoding="UTF-8"?>
<testsuites name="All Cases" time="2516.697" tests="18" failures="3" errors="0">
   <testsuite name="Activity Overview detail Pop-up Other Section" tests="4" failures="0" errors="0" time="199.842" skipped="0" timestamp="2022-02-11 22:18:14" hostname="intersoft-admin - DESKTOP-ANQSRIJ" id="Test Suites/Activity Overview detail Pop-up Other Section">
      <properties>
         <property name="deviceName" value=""/>
         <property name="devicePlatform" value=""/>
         <property name="logFolder" value="D:\\xampp\\htdocs\\training\\Training\\Rattan\\Final_testing\\New_ActivityOverview\\Reports\\20220211_221705\\Activity Overview detail Pop-up Other Section\\20220211_221707"/>
         <property name="logFiles" value="D:\\xampp\\htdocs\\training\\Training\\Rattan\\Final_testing\\New_ActivityOverview\\Reports\\20220211_221705\\Activity Overview detail Pop-up Other Section\\20220211_221707\\execution0.log"/>
         <property name="attachments" value="D:\\xampp\\htdocs\\training\\Training\\Rattan\\Final_testing\\New_ActivityOverview\\Reports\\20220211_221705\\Activity Overview detail Pop-up Other Section\\20220211_221707\\1644598139941.png, D:\\xampp\\htdocs\\training\\Training\\Rattan\\Final_testing\\New_ActivityOverview\\Reports\\20220211_221705\\Activity Overview detail Pop-up Other Section\\20220211_221707\\1644598182039.png, D:\\xampp\\htdocs\\training\\Training\\Rattan\\Final_testing\\New_ActivityOverview\\Reports\\20220211_221705\\Activity Overview detail Pop-up Other Section\\20220211_221707\\1644598207467.png, D:\\xampp\\htdocs\\training\\Training\\Rattan\\Final_testing\\New_ActivityOverview\\Reports\\20220211_221705\\Activity Overview detail Pop-up Other Section\\20220211_221707\\1644598240085.png, D:\\xampp\\htdocs\\training\\Training\\Rattan\\Final_testing\\New_ActivityOverview\\Reports\\20220211_221705\\Activity Overview detail Pop-up Other Section\\20220211_221707\\1644598272868.png, D:\\xampp\\htdocs\\training\\Training\\Rattan\\Final_testing\\New_ActivityOverview\\Reports\\20220211_221705\\Activity Overview detail Pop-up Other Section\\20220211_221707\\1644598276252.png"/>
         <property name="hostName" value="intersoft-admin - DESKTOP-ANQSRIJ"/>
         <property name="os" value="Windows 10 64bit"/>
         <property name="katalonVersion" value="8.2.5.208"/>
         <property name="browser" value="Chrome 98.0.4758.82"/>
         <property name="hostAddress" value="192.168.1.59"/>
         <property name="sessionId" value="2f5fb71ab5b1801c360c7396d3132c54"/>
         <property name="seleniumVersion" value="3.141.59"/>
         <property name="proxyInformation" value="ProxyInformation { proxyOption=NO_PROXY, proxyServerType=HTTP, username=, password=********, proxyServerAddress=, proxyServerPort=0, executionList=&quot;&quot;, isApplyToDesiredCapabilities=true }"/>
         <property name="platform" value="Windows 10"/>
      </properties>
      <testcase name="Test Cases/StepToReUse/ActivityOverview-RedirectionLogin" time="115.698" classname="Test Cases/StepToReUse/ActivityOverview-RedirectionLogin" status="PASSED">
         <system-out><![CDATA[2022-02-11 22:18:15 - [TEST_CASE][PASSED] - Test Cases/StepToReUse/ActivityOverview-RedirectionLogin: Test Cases/StepToReUse/ActivityOverview-RedirectionLogin

2022-02-11 22:18:16 - [TEST_STEP][PASSED] - callTestCase(findTestCase("LoginWithSuperAdmin/SuperAdmin-Login"), [:], STOP_ON_FAILURE): Call Test Case 'Test Cases/LoginWithSuperAdmin/SuperAdmin-Login' successfully

2022-02-11 22:18:16 - [TEST_CASE][PASSED] - Test Cases/LoginWithSuperAdmin/SuperAdmin-Login: Test Cases/LoginWithSuperAdmin/SuperAdmin-Login

2022-02-11 22:18:17 - [TEST_STEP][PASSED] - openBrowser(""): Browser is opened with url: ''

2022-02-11 22:18:18 - [MESSAGE][INFO] - Starting 'Chrome' driver

2022-02-11 22:18:19 - [MESSAGE][INFO] - Action delay is set to 3,000 milliseconds

2022-02-11 22:18:24 - [MESSAGE][PASSED] - Browser is opened with url: ''

2022-02-11 22:18:24 - [TEST_STEP][PASSED] - setViewPortSize(1920, 1080): Viewport is set to new size with width = 1920 and height = 1080

2022-02-11 22:18:24 - [MESSAGE][PASSED] - Viewport is set to new size with width = 1920 and height = 1080

2022-02-11 22:18:24 - [TEST_STEP][PASSED] - navigateToUrl(URL): Navigate to 'https://marketplacev1.test-prio.com' successfully

2022-02-11 22:18:31 - [MESSAGE][PASSED] - Navigate to 'https://marketplacev1.test-prio.com' successfully

2022-02-11 22:18:31 - [TEST_STEP][PASSED] - delay(3): Delayed 3 second(s)

2022-02-11 22:18:34 - [MESSAGE][PASSED] - Delayed 3 second(s)

2022-02-11 22:18:34 - [TEST_STEP][PASSED] - click(findTestObject("SuperAdmin/Login/input_Email_contact_email")): Object: 'Object Repository/SuperAdmin/Login/input_Email_contact_email' is clicked on

2022-02-11 22:18:40 - [MESSAGE][PASSED] - Object: 'Object Repository/SuperAdmin/Login/input_Email_contact_email' is clicked on

2022-02-11 22:18:40 - [TEST_STEP][PASSED] - setText(findTestObject("SuperAdmin/Login/input_Email_contact_email"), uname): Text 'superadmin@tippoint.com' is set on object 'Object Repository/SuperAdmin/Login/input_Email_contact_email'

2022-02-11 22:18:50 - [MESSAGE][PASSED] - Text 'superadmin@tippoint.com' is set on object 'Object Repository/SuperAdmin/Login/input_Email_contact_email'

2022-02-11 22:18:50 - [TEST_STEP][PASSED] - setEncryptedText(findTestObject("SuperAdmin/Login/input_Password_password"), Password): Text ****** has been set on object 'Object Repository/SuperAdmin/Login/input_Password_password'

2022-02-11 22:18:59 - [MESSAGE][PASSED] - Text ****** has been set on object 'Object Repository/SuperAdmin/Login/input_Password_password'

2022-02-11 22:18:59 - [TEST_STEP][PASSED] - takeScreenshot(): Taking screenshot successfully

2022-02-11 22:19:01 - [MESSAGE][PASSED] - Taking screenshot successfully
[[ATTACHMENT|D:\\xampp\\htdocs\\training\\Training\\Rattan\\Final_testing\\New_ActivityOverview\\Reports\\20220211_221705\\Activity Overview detail Pop-up Other Section\\20220211_221707\\1644598139941.png]]

2022-02-11 22:19:01 - [TEST_STEP][PASSED] - newpackage.clickUsingJS.clickUsingJS(findTestObject("SuperAdmin/Login/button_Sign in"), 5): newpackage.clickUsingJS.clickUsingJS is PASSED

2022-02-11 22:19:04 - [MESSAGE][PASSED] - newpackage.clickUsingJS.clickUsingJS is PASSED

2022-02-11 22:19:04 - [MESSAGE][PASSED] - Call Test Case 'Test Cases/LoginWithSuperAdmin/SuperAdmin-Login' successfully

2022-02-11 22:19:04 - [TEST_STEP][PASSED] - switchToDefaultContent(): null

2022-02-11 22:19:04 - [TEST_STEP][PASSED] - click(findTestObject("SuperAdminLeftNavigation/NewActivityOverview-LeftNavigation")): Object: 'Object Repository/SuperAdminLeftNavigation/NewActivityOverview-LeftNavigation' is clicked on

2022-02-11 22:19:31 - [MESSAGE][PASSED] - Object: 'Object Repository/SuperAdminLeftNavigation/NewActivityOverview-LeftNavigation' is clicked on

2022-02-11 22:19:31 - [TEST_STEP][PASSED] - takeScreenshot(): Taking screenshot successfully

2022-02-11 22:19:43 - [MESSAGE][PASSED] - Taking screenshot successfully
[[ATTACHMENT|D:\\xampp\\htdocs\\training\\Training\\Rattan\\Final_testing\\New_ActivityOverview\\Reports\\20220211_221705\\Activity Overview detail Pop-up Other Section\\20220211_221707\\1644598182039.png]]

2022-02-11 22:19:43 - [TEST_STEP][PASSED] - switchToFrame(findTestObject("Object Repository/Iframe/NewActivityOverviewIframe"), 5): null

2022-02-11 22:19:46 - [TEST_STEP][PASSED] - delay(20): Delayed 20 second(s)

2022-02-11 22:20:06 - [MESSAGE][PASSED] - Delayed 20 second(s)

2022-02-11 22:20:06 - [TEST_STEP][PASSED] - takeScreenshot(): Taking screenshot successfully

2022-02-11 22:20:10 - [MESSAGE][PASSED] - Taking screenshot successfully
[[ATTACHMENT|D:\\xampp\\htdocs\\training\\Training\\Rattan\\Final_testing\\New_ActivityOverview\\Reports\\20220211_221705\\Activity Overview detail Pop-up Other Section\\20220211_221707\\1644598207467.png]]]]></system-out>
         <system-err><![CDATA[]]></system-err>
      </testcase>
      <testcase name="Test Cases/StepToReUse/SearchProducts" time="29.67" classname="Test Cases/StepToReUse/SearchProducts" status="PASSED">
         <system-out><![CDATA[2022-02-11 22:20:11 - [TEST_CASE][PASSED] - Test Cases/StepToReUse/SearchProducts: Test Cases/StepToReUse/SearchProducts

2022-02-11 22:20:15 - [TEST_STEP][PASSED] - sizeoflisting = findWebElements(findTestObject("ListingArea/ListingContainsData"), 5).size(): null

2022-02-11 22:20:15 - [TEST_STEP][PASSED] - println(sizeoflisting): null

2022-02-11 22:20:15 - [TEST_STEP][PASSED] - logInfo(Size of Order Listing: $sizeoflisting): Size of Order Listing: 11

2022-02-11 22:20:15 - [MESSAGE][INFO] - Size of Order Listing: 11

2022-02-11 22:20:15 - [TEST_STEP][PASSED] - if (sizeoflisting > 2): Taking screenshot successfully

2022-02-11 22:20:15 - [TEST_STEP][PASSED] - logInfo("Orders Exist in Listing"): Orders Exist in Listing

2022-02-11 22:20:15 - [MESSAGE][INFO] - Orders Exist in Listing

2022-02-11 22:20:15 - [TEST_STEP][PASSED] - click(findTestObject("Object Repository/ListingArea/Search/InputSearch")): Object: 'Object Repository/ListingArea/Search/InputSearch' is clicked on

2022-02-11 22:20:19 - [MESSAGE][PASSED] - Object: 'Object Repository/ListingArea/Search/InputSearch' is clicked on

2022-02-11 22:20:19 - [TEST_STEP][PASSED] - setText(findTestObject("Object Repository/ListingArea/Search/InputSearch"), "164371130378817"): Text '164371130378817' is set on object 'Object Repository/ListingArea/Search/InputSearch'

2022-02-11 22:20:26 - [MESSAGE][PASSED] - Text '164371130378817' is set on object 'Object Repository/ListingArea/Search/InputSearch'

2022-02-11 22:20:26 - [TEST_STEP][PASSED] - sendKeys(findTestObject("Object Repository/ListingArea/Search/InputSearch"), Keys.chord(ENTER)): Keys 'ENTER + ' sent to object: 'Object Repository/ListingArea/Search/InputSearch'

2022-02-11 22:20:29 - [MESSAGE][PASSED] - Keys 'ENTER + ' sent to object: 'Object Repository/ListingArea/Search/InputSearch'

2022-02-11 22:20:29 - [TEST_STEP][PASSED] - delay(10): Delayed 10 second(s)

2022-02-11 22:20:39 - [MESSAGE][PASSED] - Delayed 10 second(s)

2022-02-11 22:20:39 - [TEST_STEP][PASSED] - takeScreenshot(): Taking screenshot successfully

2022-02-11 22:20:40 - [MESSAGE][PASSED] - Taking screenshot successfully
[[ATTACHMENT|D:\\xampp\\htdocs\\training\\Training\\Rattan\\Final_testing\\New_ActivityOverview\\Reports\\20220211_221705\\Activity Overview detail Pop-up Other Section\\20220211_221707\\1644598240085.png]]]]></system-out>
         <system-err><![CDATA[]]></system-err>
      </testcase>
      <testcase name="Test Cases/StepToReUse/GoToDetailPop-up" time="27.39" classname="Test Cases/StepToReUse/GoToDetailPop-up" status="PASSED">
         <system-out><![CDATA[2022-02-11 22:20:40 - [TEST_CASE][PASSED] - Test Cases/StepToReUse/GoToDetailPop-up: Test Cases/StepToReUse/GoToDetailPop-up

2022-02-11 22:20:43 - [TEST_STEP][PASSED] - click(findTestObject("Object Repository/ListingArea/ClickondetailPOp-up", ["position":"1"])): Object: 'Object Repository/ListingArea/ClickondetailPOp-up' is clicked on

2022-02-11 22:20:48 - [MESSAGE][PASSED] - Object: 'Object Repository/ListingArea/ClickondetailPOp-up' is clicked on

2022-02-11 22:20:48 - [TEST_STEP][PASSED] - delay(20): Delayed 20 second(s)

2022-02-11 22:21:08 - [MESSAGE][PASSED] - Delayed 20 second(s)]]></system-out>
         <system-err><![CDATA[]]></system-err>
      </testcase>
      <testcase name="Test Cases/StepToReUse/OtherProductDetails" time="26.469" classname="Test Cases/StepToReUse/OtherProductDetails" status="PASSED">
         <system-out><![CDATA[2022-02-11 22:21:08 - [TEST_CASE][PASSED] - Test Cases/StepToReUse/OtherProductDetails: Test Cases/StepToReUse/OtherProductDetails

2022-02-11 22:21:09 - [TEST_STEP][PASSED] - scrollToElement(findTestObject("Object Repository/DetailPop-up/OrderPaymentInformation-OrderSummary-Activity/OrderSummaryPaymentActivity", ["position":"1"]), 15): Scroll to object 'Object Repository/DetailPop-up/OrderPaymentInformation-OrderSummary-Activity/OrderSummaryPaymentActivity' successfully

2022-02-11 22:21:09 - [MESSAGE][PASSED] - Scroll to object 'Object Repository/DetailPop-up/OrderPaymentInformation-OrderSummary-Activity/OrderSummaryPaymentActivity' successfully

2022-02-11 22:21:09 - [TEST_STEP][PASSED] - delay(3): Delayed 3 second(s)

2022-02-11 22:21:12 - [MESSAGE][PASSED] - Delayed 3 second(s)

2022-02-11 22:21:12 - [TEST_STEP][PASSED] - takeScreenshot(): Taking screenshot successfully

2022-02-11 22:21:13 - [MESSAGE][PASSED] - Taking screenshot successfully
[[ATTACHMENT|D:\\xampp\\htdocs\\training\\Training\\Rattan\\Final_testing\\New_ActivityOverview\\Reports\\20220211_221705\\Activity Overview detail Pop-up Other Section\\20220211_221707\\1644598272868.png]]

2022-02-11 22:21:13 - [TEST_STEP][PASSED] - scrollToElement(findTestObject("Object Repository/DetailPop-up/OrderPaymentInformation-OrderSummary-Activity/OrderSummaryPaymentActivity", ["position":"2"]), 15): Scroll to object 'Object Repository/DetailPop-up/OrderPaymentInformation-OrderSummary-Activity/OrderSummaryPaymentActivity' successfully

2022-02-11 22:21:13 - [MESSAGE][PASSED] - Scroll to object 'Object Repository/DetailPop-up/OrderPaymentInformation-OrderSummary-Activity/OrderSummaryPaymentActivity' successfully

2022-02-11 22:21:13 - [TEST_STEP][PASSED] - delay(3): Delayed 3 second(s)

2022-02-11 22:21:16 - [MESSAGE][PASSED] - Delayed 3 second(s)

2022-02-11 22:21:16 - [TEST_STEP][PASSED] - takeScreenshot(): Taking screenshot successfully

2022-02-11 22:21:16 - [MESSAGE][PASSED] - Taking screenshot successfully
[[ATTACHMENT|D:\\xampp\\htdocs\\training\\Training\\Rattan\\Final_testing\\New_ActivityOverview\\Reports\\20220211_221705\\Activity Overview detail Pop-up Other Section\\20220211_221707\\1644598276252.png]]

2022-02-11 22:21:16 - [TEST_STEP][PASSED] - if (waitForElementPresent(findTestObject("Object Repository/DetailPop-up/OrderPaymentInformation-OrderSummary-Activity/OrderSummaryPaymentActivity", ["position":"3"]), 15)): Object 'Object Repository/DetailPop-up/OrderPaymentInformation-OrderSummary-Activity/OrderSummaryPaymentActivity' is not present after 15 second(s)

2022-02-11 22:21:32 - [MESSAGE][INFO] - Unable to find the element located by 'By.xpath: (//li[@class='order-summary white-box'])[3]'. Please recheck the objects properties to make sure the desired element is located. 

2022-02-11 22:21:32 - [MESSAGE][WARNING] - [SELF-HEALING] Failed to find element with id 'Object Repository/DetailPop-up/OrderPaymentInformation-OrderSummary-Activity/OrderSummaryPaymentActivity'. Try using Self-healing.

2022-02-11 22:21:33 - [MESSAGE][INFO] - [SELF-HEALING] No working XPath is found.

2022-02-11 22:21:34 - [MESSAGE][INFO] - Unable to find the element located by 'By.xpath: '. Please recheck the objects properties to make sure the desired element is located. 

2022-02-11 22:21:34 - [MESSAGE][WARNING] - [SELF-HEALING] Cannot find elements when the selector is null

2022-02-11 22:21:34 - [MESSAGE][WARNING] - Object 'Object Repository/DetailPop-up/OrderPaymentInformation-OrderSummary-Activity/OrderSummaryPaymentActivity' is not present after 15 second(s)]]></system-out>
         <system-err><![CDATA[]]></system-err>
      </testcase>
      <system-out><![CDATA[2022-02-11 22:18:14 - [TEST_SUITE][PASSED] - Activity Overview detail Pop-up Other Section: Test Cases/StepToReUse/OtherProductDetails]]></system-out>
      <system-err><![CDATA[]]></system-err>
   </testsuite>
   <testsuite name="ActivityOverview-FiltersAndColumns" tests="1" failures="0" errors="0" time="241.767" skipped="0" timestamp="2022-02-11 22:18:24" hostname="intersoft-admin - DESKTOP-ANQSRIJ" id="Test Suites/ActivityOverview-FiltersAndColumns">
      <properties>
         <property name="deviceName" value=""/>
         <property name="devicePlatform" value=""/>
         <property name="logFolder" value="D:\\xampp\\htdocs\\training\\Training\\Rattan\\Final_testing\\New_ActivityOverview\\Reports\\20220211_221705\\ActivityOverview-FiltersAndColumns\\20220211_221709"/>
         <property name="logFiles" value="D:\\xampp\\htdocs\\training\\Training\\Rattan\\Final_testing\\New_ActivityOverview\\Reports\\20220211_221705\\ActivityOverview-FiltersAndColumns\\20220211_221709\\execution0.log"/>
         <property name="attachments" value="D:\\xampp\\htdocs\\training\\Training\\Rattan\\Final_testing\\New_ActivityOverview\\Reports\\20220211_221705\\ActivityOverview-FiltersAndColumns\\20220211_221709\\1644598153359.png, D:\\xampp\\htdocs\\training\\Training\\Rattan\\Final_testing\\New_ActivityOverview\\Reports\\20220211_221705\\ActivityOverview-FiltersAndColumns\\20220211_221709\\1644598192737.png, D:\\xampp\\htdocs\\training\\Training\\Rattan\\Final_testing\\New_ActivityOverview\\Reports\\20220211_221705\\ActivityOverview-FiltersAndColumns\\20220211_221709\\1644598216086.png, D:\\xampp\\htdocs\\training\\Training\\Rattan\\Final_testing\\New_ActivityOverview\\Reports\\20220211_221705\\ActivityOverview-FiltersAndColumns\\20220211_221709\\1644598227054.png, D:\\xampp\\htdocs\\training\\Training\\Rattan\\Final_testing\\New_ActivityOverview\\Reports\\20220211_221705\\ActivityOverview-FiltersAndColumns\\20220211_221709\\1644598231653.png, D:\\xampp\\htdocs\\training\\Training\\Rattan\\Final_testing\\New_ActivityOverview\\Reports\\20220211_221705\\ActivityOverview-FiltersAndColumns\\20220211_221709\\1644598241159.png, D:\\xampp\\htdocs\\training\\Training\\Rattan\\Final_testing\\New_ActivityOverview\\Reports\\20220211_221705\\ActivityOverview-FiltersAndColumns\\20220211_221709\\1644598248473.png, D:\\xampp\\htdocs\\training\\Training\\Rattan\\Final_testing\\New_ActivityOverview\\Reports\\20220211_221705\\ActivityOverview-FiltersAndColumns\\20220211_221709\\1644598254106.png, D:\\xampp\\htdocs\\training\\Training\\Rattan\\Final_testing\\New_ActivityOverview\\Reports\\20220211_221705\\ActivityOverview-FiltersAndColumns\\20220211_221709\\1644598261231.png, D:\\xampp\\htdocs\\training\\Training\\Rattan\\Final_testing\\New_ActivityOverview\\Reports\\20220211_221705\\ActivityOverview-FiltersAndColumns\\20220211_221709\\1644598268219.png, D:\\xampp\\htdocs\\training\\Training\\Rattan\\Final_testing\\New_ActivityOverview\\Reports\\20220211_221705\\ActivityOverview-FiltersAndColumns\\20220211_221709\\1644598272403.png, D:\\xampp\\htdocs\\training\\Training\\Rattan\\Final_testing\\New_ActivityOverview\\Reports\\20220211_221705\\ActivityOverview-FiltersAndColumns\\20220211_221709\\1644598276075.png, D:\\xampp\\htdocs\\training\\Training\\Rattan\\Final_testing\\New_ActivityOverview\\Reports\\20220211_221705\\ActivityOverview-FiltersAndColumns\\20220211_221709\\1644598279772.png, D:\\xampp\\htdocs\\training\\Training\\Rattan\\Final_testing\\New_ActivityOverview\\Reports\\20220211_221705\\ActivityOverview-FiltersAndColumns\\20220211_221709\\1644598283354.png, D:\\xampp\\htdocs\\training\\Training\\Rattan\\Final_testing\\New_ActivityOverview\\Reports\\20220211_221705\\ActivityOverview-FiltersAndColumns\\20220211_221709\\1644598303346.png, D:\\xampp\\htdocs\\training\\Training\\Rattan\\Final_testing\\New_ActivityOverview\\Reports\\20220211_221705\\ActivityOverview-FiltersAndColumns\\20220211_221709\\1644598307396.png, D:\\xampp\\htdocs\\training\\Training\\Rattan\\Final_testing\\New_ActivityOverview\\Reports\\20220211_221705\\ActivityOverview-FiltersAndColumns\\20220211_221709\\1644598311453.png, D:\\xampp\\htdocs\\training\\Training\\Rattan\\Final_testing\\New_ActivityOverview\\Reports\\20220211_221705\\ActivityOverview-FiltersAndColumns\\20220211_221709\\1644598315111.png, D:\\xampp\\htdocs\\training\\Training\\Rattan\\Final_testing\\New_ActivityOverview\\Reports\\20220211_221705\\ActivityOverview-FiltersAndColumns\\20220211_221709\\1644598318534.png, D:\\xampp\\htdocs\\training\\Training\\Rattan\\Final_testing\\New_ActivityOverview\\Reports\\20220211_221705\\ActivityOverview-FiltersAndColumns\\20220211_221709\\1644598322439.png, D:\\xampp\\htdocs\\training\\Training\\Rattan\\Final_testing\\New_ActivityOverview\\Reports\\20220211_221705\\ActivityOverview-FiltersAndColumns\\20220211_221709\\1644598326014.png, D:\\xampp\\htdocs\\training\\Training\\Rattan\\Final_testing\\New_ActivityOverview\\Reports\\20220211_221705\\ActivityOverview-FiltersAndColumns\\20220211_221709\\1644598329712.png"/>
         <property name="hostName" value="intersoft-admin - DESKTOP-ANQSRIJ"/>
         <property name="os" value="Windows 10 64bit"/>
         <property name="katalonVersion" value="8.2.5.208"/>
         <property name="browser" value="Chrome 98.0.4758.82"/>
         <property name="hostAddress" value="192.168.1.59"/>
         <property name="sessionId" value="32b202e2fb419bf976ee9b0cee2cffef"/>
         <property name="seleniumVersion" value="3.141.59"/>
         <property name="proxyInformation" value="ProxyInformation { proxyOption=NO_PROXY, proxyServerType=HTTP, username=, password=********, proxyServerAddress=, proxyServerPort=0, executionList=&quot;&quot;, isApplyToDesiredCapabilities=true }"/>
         <property name="platform" value="Windows 10"/>
      </properties>
      <testcase name="Test Cases/NewActivityOverview-LeftNavigation/ActivityOverview-ViewFilterAndColumn" time="240.461" classname="Test Cases/NewActivityOverview-LeftNavigation/ActivityOverview-ViewFilterAndColumn" status="PASSED">
         <system-out><![CDATA[2022-02-11 22:18:26 - [TEST_CASE][PASSED] - Test Cases/NewActivityOverview-LeftNavigation/ActivityOverview-ViewFilterAndColumn: Test Cases/NewActivityOverview-LeftNavigation/ActivityOverview-ViewFilterAndColumn

2022-02-11 22:18:28 - [TEST_STEP][PASSED] - callTestCase(findTestCase("LoginWithSuperAdmin/SuperAdmin-Login"), [:], STOP_ON_FAILURE): Call Test Case 'Test Cases/LoginWithSuperAdmin/SuperAdmin-Login' successfully

2022-02-11 22:18:29 - [TEST_CASE][PASSED] - Test Cases/LoginWithSuperAdmin/SuperAdmin-Login: Test Cases/LoginWithSuperAdmin/SuperAdmin-Login

2022-02-11 22:18:29 - [TEST_STEP][PASSED] - openBrowser(""): Browser is opened with url: ''

2022-02-11 22:18:30 - [MESSAGE][INFO] - Starting 'Chrome' driver

2022-02-11 22:18:30 - [MESSAGE][INFO] - Action delay is set to 3,000 milliseconds

2022-02-11 22:18:36 - [MESSAGE][PASSED] - Browser is opened with url: ''

2022-02-11 22:18:36 - [TEST_STEP][PASSED] - setViewPortSize(1920, 1080): Viewport is set to new size with width = 1920 and height = 1080

2022-02-11 22:18:37 - [MESSAGE][PASSED] - Viewport is set to new size with width = 1920 and height = 1080

2022-02-11 22:18:37 - [TEST_STEP][PASSED] - navigateToUrl(URL): Navigate to 'https://marketplacev1.test-prio.com' successfully

2022-02-11 22:18:43 - [MESSAGE][PASSED] - Navigate to 'https://marketplacev1.test-prio.com' successfully

2022-02-11 22:18:43 - [TEST_STEP][PASSED] - delay(3): Delayed 3 second(s)

2022-02-11 22:18:46 - [MESSAGE][PASSED] - Delayed 3 second(s)

2022-02-11 22:18:46 - [TEST_STEP][PASSED] - click(findTestObject("SuperAdmin/Login/input_Email_contact_email")): Object: 'Object Repository/SuperAdmin/Login/input_Email_contact_email' is clicked on

2022-02-11 22:18:52 - [MESSAGE][PASSED] - Object: 'Object Repository/SuperAdmin/Login/input_Email_contact_email' is clicked on

2022-02-11 22:18:52 - [TEST_STEP][PASSED] - setText(findTestObject("SuperAdmin/Login/input_Email_contact_email"), uname): Text 'superadmin@tippoint.com' is set on object 'Object Repository/SuperAdmin/Login/input_Email_contact_email'

2022-02-11 22:19:01 - [MESSAGE][PASSED] - Text 'superadmin@tippoint.com' is set on object 'Object Repository/SuperAdmin/Login/input_Email_contact_email'

2022-02-11 22:19:01 - [TEST_STEP][PASSED] - setEncryptedText(findTestObject("SuperAdmin/Login/input_Password_password"), Password): Text ****** has been set on object 'Object Repository/SuperAdmin/Login/input_Password_password'

2022-02-11 22:19:11 - [MESSAGE][PASSED] - Text ****** has been set on object 'Object Repository/SuperAdmin/Login/input_Password_password'

2022-02-11 22:19:11 - [TEST_STEP][PASSED] - takeScreenshot(): Taking screenshot successfully

2022-02-11 22:19:14 - [MESSAGE][PASSED] - Taking screenshot successfully
[[ATTACHMENT|D:\\xampp\\htdocs\\training\\Training\\Rattan\\Final_testing\\New_ActivityOverview\\Reports\\20220211_221705\\ActivityOverview-FiltersAndColumns\\20220211_221709\\1644598153359.png]]

2022-02-11 22:19:14 - [TEST_STEP][PASSED] - newpackage.clickUsingJS.clickUsingJS(findTestObject("SuperAdmin/Login/button_Sign in"), 5): newpackage.clickUsingJS.clickUsingJS is PASSED

2022-02-11 22:19:17 - [MESSAGE][PASSED] - newpackage.clickUsingJS.clickUsingJS is PASSED

2022-02-11 22:19:17 - [MESSAGE][PASSED] - Call Test Case 'Test Cases/LoginWithSuperAdmin/SuperAdmin-Login' successfully

2022-02-11 22:19:17 - [TEST_STEP][PASSED] - switchToDefaultContent(): null

2022-02-11 22:19:17 - [TEST_STEP][PASSED] - click(findTestObject("SuperAdminLeftNavigation/NewActivityOverview-LeftNavigation")): Object: 'Object Repository/SuperAdminLeftNavigation/NewActivityOverview-LeftNavigation' is clicked on

2022-02-11 22:19:50 - [MESSAGE][PASSED] - Object: 'Object Repository/SuperAdminLeftNavigation/NewActivityOverview-LeftNavigation' is clicked on

2022-02-11 22:19:50 - [TEST_STEP][PASSED] - takeScreenshot(): Taking screenshot successfully

2022-02-11 22:20:03 - [MESSAGE][PASSED] - Taking screenshot successfully
[[ATTACHMENT|D:\\xampp\\htdocs\\training\\Training\\Rattan\\Final_testing\\New_ActivityOverview\\Reports\\20220211_221705\\ActivityOverview-FiltersAndColumns\\20220211_221709\\1644598192737.png]]

2022-02-11 22:20:03 - [TEST_STEP][PASSED] - switchToFrame(findTestObject("Object Repository/Iframe/NewActivityOverviewIframe"), 5): null

2022-02-11 22:20:05 - [TEST_STEP][PASSED] - delay(10): Delayed 10 second(s)

2022-02-11 22:20:16 - [MESSAGE][PASSED] - Delayed 10 second(s)

2022-02-11 22:20:16 - [TEST_STEP][PASSED] - takeScreenshot(): Taking screenshot successfully

2022-02-11 22:20:19 - [MESSAGE][PASSED] - Taking screenshot successfully
[[ATTACHMENT|D:\\xampp\\htdocs\\training\\Training\\Rattan\\Final_testing\\New_ActivityOverview\\Reports\\20220211_221705\\ActivityOverview-FiltersAndColumns\\20220211_221709\\1644598216086.png]]

2022-02-11 22:20:19 - [TEST_STEP][PASSED] - sizeoflisting = findWebElements(findTestObject("ListingArea/ListingContainsData"), 5).size(): null

2022-02-11 22:20:20 - [TEST_STEP][PASSED] - println(sizeoflisting): null

2022-02-11 22:20:20 - [TEST_STEP][PASSED] - logInfo(Size of Order Listing: $sizeoflisting): Size of Order Listing: 11

2022-02-11 22:20:20 - [MESSAGE][INFO] - Size of Order Listing: 11

2022-02-11 22:20:20 - [TEST_STEP][PASSED] - if (sizeoflisting > 2): Delayed 10 second(s)

2022-02-11 22:20:20 - [TEST_STEP][PASSED] - logInfo("Orders Exist in Listing"): Orders Exist in Listing

2022-02-11 22:20:20 - [MESSAGE][INFO] - Orders Exist in Listing

2022-02-11 22:20:20 - [TEST_STEP][PASSED] - click(findTestObject("Object Repository/ListViewIcon/ClickonEyeView")): Object: 'Object Repository/ListViewIcon/ClickonEyeView' is clicked on

2022-02-11 22:20:24 - [MESSAGE][PASSED] - Object: 'Object Repository/ListViewIcon/ClickonEyeView' is clicked on

2022-02-11 22:20:24 - [TEST_STEP][PASSED] - delay(3): Delayed 3 second(s)

2022-02-11 22:20:27 - [MESSAGE][PASSED] - Delayed 3 second(s)

2022-02-11 22:20:27 - [TEST_STEP][PASSED] - takeScreenshot(): Taking screenshot successfully

2022-02-11 22:20:27 - [MESSAGE][PASSED] - Taking screenshot successfully
[[ATTACHMENT|D:\\xampp\\htdocs\\training\\Training\\Rattan\\Final_testing\\New_ActivityOverview\\Reports\\20220211_221705\\ActivityOverview-FiltersAndColumns\\20220211_221709\\1644598227054.png]]

2022-02-11 22:20:27 - [TEST_STEP][PASSED] - click(findTestObject("Object Repository/ListViewIcon/ExtraColumns/AddExtraColumns", ["position":"1"])): Object: 'Object Repository/ListViewIcon/ExtraColumns/AddExtraColumns' is clicked on

2022-02-11 22:20:31 - [MESSAGE][PASSED] - Object: 'Object Repository/ListViewIcon/ExtraColumns/AddExtraColumns' is clicked on

2022-02-11 22:20:31 - [TEST_STEP][PASSED] - takeScreenshot(): Taking screenshot successfully

2022-02-11 22:20:36 - [MESSAGE][PASSED] - Taking screenshot successfully
[[ATTACHMENT|D:\\xampp\\htdocs\\training\\Training\\Rattan\\Final_testing\\New_ActivityOverview\\Reports\\20220211_221705\\ActivityOverview-FiltersAndColumns\\20220211_221709\\1644598231653.png]]

2022-02-11 22:20:36 - [TEST_STEP][PASSED] - click(findTestObject("Object Repository/ListViewIcon/ExtraColumns/AddExtraColumns", ["position":"2"])): Object: 'Object Repository/ListViewIcon/ExtraColumns/AddExtraColumns' is clicked on

2022-02-11 22:20:41 - [MESSAGE][PASSED] - Object: 'Object Repository/ListViewIcon/ExtraColumns/AddExtraColumns' is clicked on

2022-02-11 22:20:41 - [TEST_STEP][PASSED] - takeScreenshot(): Taking screenshot successfully

2022-02-11 22:20:44 - [MESSAGE][PASSED] - Taking screenshot successfully
[[ATTACHMENT|D:\\xampp\\htdocs\\training\\Training\\Rattan\\Final_testing\\New_ActivityOverview\\Reports\\20220211_221705\\ActivityOverview-FiltersAndColumns\\20220211_221709\\1644598241159.png]]

2022-02-11 22:20:44 - [TEST_STEP][PASSED] - click(findTestObject("Object Repository/ListViewIcon/ExtraColumns/AddExtraColumns", ["position":"3"])): Object: 'Object Repository/ListViewIcon/ExtraColumns/AddExtraColumns' is clicked on

2022-02-11 22:20:48 - [MESSAGE][PASSED] - Object: 'Object Repository/ListViewIcon/ExtraColumns/AddExtraColumns' is clicked on

2022-02-11 22:20:48 - [TEST_STEP][PASSED] - takeScreenshot(): Taking screenshot successfully

2022-02-11 22:20:50 - [MESSAGE][PASSED] - Taking screenshot successfully
[[ATTACHMENT|D:\\xampp\\htdocs\\training\\Training\\Rattan\\Final_testing\\New_ActivityOverview\\Reports\\20220211_221705\\ActivityOverview-FiltersAndColumns\\20220211_221709\\1644598248473.png]]

2022-02-11 22:20:50 - [TEST_STEP][PASSED] - click(findTestObject("Object Repository/ListViewIcon/ExtraColumns/AddExtraColumns", ["position":"4"])): Object: 'Object Repository/ListViewIcon/ExtraColumns/AddExtraColumns' is clicked on

2022-02-11 22:20:54 - [MESSAGE][PASSED] - Object: 'Object Repository/ListViewIcon/ExtraColumns/AddExtraColumns' is clicked on

2022-02-11 22:20:54 - [TEST_STEP][PASSED] - takeScreenshot(): Taking screenshot successfully

2022-02-11 22:20:56 - [MESSAGE][PASSED] - Taking screenshot successfully
[[ATTACHMENT|D:\\xampp\\htdocs\\training\\Training\\Rattan\\Final_testing\\New_ActivityOverview\\Reports\\20220211_221705\\ActivityOverview-FiltersAndColumns\\20220211_221709\\1644598254106.png]]

2022-02-11 22:20:56 - [TEST_STEP][PASSED] - click(findTestObject("Object Repository/ListViewIcon/ExtraColumns/AddExtraColumns", ["position":"5"])): Object: 'Object Repository/ListViewIcon/ExtraColumns/AddExtraColumns' is clicked on

2022-02-11 22:21:01 - [MESSAGE][PASSED] - Object: 'Object Repository/ListViewIcon/ExtraColumns/AddExtraColumns' is clicked on

2022-02-11 22:21:01 - [TEST_STEP][PASSED] - takeScreenshot(): Taking screenshot successfully

2022-02-11 22:21:01 - [MESSAGE][PASSED] - Taking screenshot successfully
[[ATTACHMENT|D:\\xampp\\htdocs\\training\\Training\\Rattan\\Final_testing\\New_ActivityOverview\\Reports\\20220211_221705\\ActivityOverview-FiltersAndColumns\\20220211_221709\\1644598261231.png]]

2022-02-11 22:21:01 - [TEST_STEP][PASSED] - click(findTestObject("Object Repository/ListViewIcon/ExtraColumns/AddExtraColumns", ["position":"6"])): Object: 'Object Repository/ListViewIcon/ExtraColumns/AddExtraColumns' is clicked on

2022-02-11 22:21:05 - [MESSAGE][PASSED] - Object: 'Object Repository/ListViewIcon/ExtraColumns/AddExtraColumns' is clicked on

2022-02-11 22:21:05 - [TEST_STEP][PASSED] - delay(3): Delayed 3 second(s)

2022-02-11 22:21:08 - [MESSAGE][PASSED] - Delayed 3 second(s)

2022-02-11 22:21:08 - [TEST_STEP][PASSED] - takeScreenshot(): Taking screenshot successfully

2022-02-11 22:21:08 - [MESSAGE][PASSED] - Taking screenshot successfully
[[ATTACHMENT|D:\\xampp\\htdocs\\training\\Training\\Rattan\\Final_testing\\New_ActivityOverview\\Reports\\20220211_221705\\ActivityOverview-FiltersAndColumns\\20220211_221709\\1644598268219.png]]

2022-02-11 22:21:08 - [TEST_STEP][PASSED] - click(findTestObject("Object Repository/ListViewIcon/ExtraColumns/AddExtraColumns", ["position":"7"])): Object: 'Object Repository/ListViewIcon/ExtraColumns/AddExtraColumns' is clicked on

2022-02-11 22:21:12 - [MESSAGE][PASSED] - Object: 'Object Repository/ListViewIcon/ExtraColumns/AddExtraColumns' is clicked on

2022-02-11 22:21:12 - [TEST_STEP][PASSED] - takeScreenshot(): Taking screenshot successfully

2022-02-11 22:21:12 - [MESSAGE][PASSED] - Taking screenshot successfully
[[ATTACHMENT|D:\\xampp\\htdocs\\training\\Training\\Rattan\\Final_testing\\New_ActivityOverview\\Reports\\20220211_221705\\ActivityOverview-FiltersAndColumns\\20220211_221709\\1644598272403.png]]

2022-02-11 22:21:12 - [TEST_STEP][PASSED] - click(findTestObject("Object Repository/ListViewIcon/ExtraColumns/AddExtraColumns", ["position":"8"])): Object: 'Object Repository/ListViewIcon/ExtraColumns/AddExtraColumns' is clicked on

2022-02-11 22:21:16 - [MESSAGE][PASSED] - Object: 'Object Repository/ListViewIcon/ExtraColumns/AddExtraColumns' is clicked on

2022-02-11 22:21:16 - [TEST_STEP][PASSED] - takeScreenshot(): Taking screenshot successfully

2022-02-11 22:21:16 - [MESSAGE][PASSED] - Taking screenshot successfully
[[ATTACHMENT|D:\\xampp\\htdocs\\training\\Training\\Rattan\\Final_testing\\New_ActivityOverview\\Reports\\20220211_221705\\ActivityOverview-FiltersAndColumns\\20220211_221709\\1644598276075.png]]

2022-02-11 22:21:16 - [TEST_STEP][PASSED] - click(findTestObject("Object Repository/ListViewIcon/ExtraColumns/AddExtraColumns", ["position":"9"])): Object: 'Object Repository/ListViewIcon/ExtraColumns/AddExtraColumns' is clicked on

2022-02-11 22:21:19 - [MESSAGE][PASSED] - Object: 'Object Repository/ListViewIcon/ExtraColumns/AddExtraColumns' is clicked on

2022-02-11 22:21:19 - [TEST_STEP][PASSED] - takeScreenshot(): Taking screenshot successfully

2022-02-11 22:21:20 - [MESSAGE][PASSED] - Taking screenshot successfully
[[ATTACHMENT|D:\\xampp\\htdocs\\training\\Training\\Rattan\\Final_testing\\New_ActivityOverview\\Reports\\20220211_221705\\ActivityOverview-FiltersAndColumns\\20220211_221709\\1644598279772.png]]

2022-02-11 22:21:20 - [TEST_STEP][PASSED] - click(findTestObject("Object Repository/ListViewIcon/ExtraColumns/AddExtraColumns", ["position":"10"])): Object: 'Object Repository/ListViewIcon/ExtraColumns/AddExtraColumns' is clicked on

2022-02-11 22:21:23 - [MESSAGE][PASSED] - Object: 'Object Repository/ListViewIcon/ExtraColumns/AddExtraColumns' is clicked on

2022-02-11 22:21:23 - [TEST_STEP][PASSED] - takeScreenshot(): Taking screenshot successfully

2022-02-11 22:21:23 - [MESSAGE][PASSED] - Taking screenshot successfully
[[ATTACHMENT|D:\\xampp\\htdocs\\training\\Training\\Rattan\\Final_testing\\New_ActivityOverview\\Reports\\20220211_221705\\ActivityOverview-FiltersAndColumns\\20220211_221709\\1644598283354.png]]

2022-02-11 22:21:23 - [TEST_STEP][PASSED] - click(findTestObject("Object Repository/ListViewIcon/ExtraColumns/SaveButton")): Object: 'Object Repository/ListViewIcon/ExtraColumns/SaveButton' is clicked on

2022-02-11 22:21:26 - [MESSAGE][PASSED] - Object: 'Object Repository/ListViewIcon/ExtraColumns/SaveButton' is clicked on

2022-02-11 22:21:26 - [TEST_STEP][PASSED] - delay(10): Delayed 10 second(s)

2022-02-11 22:21:36 - [MESSAGE][PASSED] - Delayed 10 second(s)

2022-02-11 22:21:36 - [TEST_STEP][PASSED] - click(findTestObject("Object Repository/ListViewIcon/ClickonEyeView")): Object: 'Object Repository/ListViewIcon/ClickonEyeView' is clicked on

2022-02-11 22:21:40 - [MESSAGE][PASSED] - Object: 'Object Repository/ListViewIcon/ClickonEyeView' is clicked on

2022-02-11 22:21:40 - [TEST_STEP][PASSED] - delay(3): Delayed 3 second(s)

2022-02-11 22:21:43 - [MESSAGE][PASSED] - Delayed 3 second(s)

2022-02-11 22:21:43 - [TEST_STEP][PASSED] - takeScreenshot(): Taking screenshot successfully

2022-02-11 22:21:43 - [MESSAGE][PASSED] - Taking screenshot successfully
[[ATTACHMENT|D:\\xampp\\htdocs\\training\\Training\\Rattan\\Final_testing\\New_ActivityOverview\\Reports\\20220211_221705\\ActivityOverview-FiltersAndColumns\\20220211_221709\\1644598303346.png]]

2022-02-11 22:21:43 - [TEST_STEP][PASSED] - click(findTestObject("Object Repository/ListViewIcon/ExtraColumns/AddExtraColumns", ["position":"1"])): Object: 'Object Repository/ListViewIcon/ExtraColumns/AddExtraColumns' is clicked on

2022-02-11 22:21:47 - [MESSAGE][PASSED] - Object: 'Object Repository/ListViewIcon/ExtraColumns/AddExtraColumns' is clicked on

2022-02-11 22:21:47 - [TEST_STEP][PASSED] - takeScreenshot(): Taking screenshot successfully

2022-02-11 22:21:47 - [MESSAGE][PASSED] - Taking screenshot successfully
[[ATTACHMENT|D:\\xampp\\htdocs\\training\\Training\\Rattan\\Final_testing\\New_ActivityOverview\\Reports\\20220211_221705\\ActivityOverview-FiltersAndColumns\\20220211_221709\\1644598307396.png]]

2022-02-11 22:21:47 - [TEST_STEP][PASSED] - click(findTestObject("Object Repository/ListViewIcon/ExtraColumns/AddExtraColumns", ["position":"2"])): Object: 'Object Repository/ListViewIcon/ExtraColumns/AddExtraColumns' is clicked on

2022-02-11 22:21:51 - [MESSAGE][PASSED] - Object: 'Object Repository/ListViewIcon/ExtraColumns/AddExtraColumns' is clicked on

2022-02-11 22:21:51 - [TEST_STEP][PASSED] - takeScreenshot(): Taking screenshot successfully

2022-02-11 22:21:51 - [MESSAGE][PASSED] - Taking screenshot successfully
[[ATTACHMENT|D:\\xampp\\htdocs\\training\\Training\\Rattan\\Final_testing\\New_ActivityOverview\\Reports\\20220211_221705\\ActivityOverview-FiltersAndColumns\\20220211_221709\\1644598311453.png]]

2022-02-11 22:21:51 - [TEST_STEP][PASSED] - click(findTestObject("Object Repository/ListViewIcon/ExtraColumns/AddExtraColumns", ["position":"3"])): Object: 'Object Repository/ListViewIcon/ExtraColumns/AddExtraColumns' is clicked on

2022-02-11 22:21:55 - [MESSAGE][PASSED] - Object: 'Object Repository/ListViewIcon/ExtraColumns/AddExtraColumns' is clicked on

2022-02-11 22:21:55 - [TEST_STEP][PASSED] - takeScreenshot(): Taking screenshot successfully

2022-02-11 22:21:55 - [MESSAGE][PASSED] - Taking screenshot successfully
[[ATTACHMENT|D:\\xampp\\htdocs\\training\\Training\\Rattan\\Final_testing\\New_ActivityOverview\\Reports\\20220211_221705\\ActivityOverview-FiltersAndColumns\\20220211_221709\\1644598315111.png]]

2022-02-11 22:21:55 - [TEST_STEP][PASSED] - click(findTestObject("Object Repository/ListViewIcon/ExtraColumns/AddExtraColumns", ["position":"7"])): Object: 'Object Repository/ListViewIcon/ExtraColumns/AddExtraColumns' is clicked on

2022-02-11 22:21:58 - [MESSAGE][PASSED] - Object: 'Object Repository/ListViewIcon/ExtraColumns/AddExtraColumns' is clicked on

2022-02-11 22:21:58 - [TEST_STEP][PASSED] - takeScreenshot(): Taking screenshot successfully

2022-02-11 22:21:59 - [MESSAGE][PASSED] - Taking screenshot successfully
[[ATTACHMENT|D:\\xampp\\htdocs\\training\\Training\\Rattan\\Final_testing\\New_ActivityOverview\\Reports\\20220211_221705\\ActivityOverview-FiltersAndColumns\\20220211_221709\\1644598318534.png]]

2022-02-11 22:21:59 - [TEST_STEP][PASSED] - click(findTestObject("Object Repository/ListViewIcon/ExtraColumns/AddExtraColumns", ["position":"8"])): Object: 'Object Repository/ListViewIcon/ExtraColumns/AddExtraColumns' is clicked on

2022-02-11 22:22:02 - [MESSAGE][PASSED] - Object: 'Object Repository/ListViewIcon/ExtraColumns/AddExtraColumns' is clicked on

2022-02-11 22:22:02 - [TEST_STEP][PASSED] - takeScreenshot(): Taking screenshot successfully

2022-02-11 22:22:02 - [MESSAGE][PASSED] - Taking screenshot successfully
[[ATTACHMENT|D:\\xampp\\htdocs\\training\\Training\\Rattan\\Final_testing\\New_ActivityOverview\\Reports\\20220211_221705\\ActivityOverview-FiltersAndColumns\\20220211_221709\\1644598322439.png]]

2022-02-11 22:22:02 - [TEST_STEP][PASSED] - click(findTestObject("Object Repository/ListViewIcon/ExtraColumns/AddExtraColumns", ["position":"9"])): Object: 'Object Repository/ListViewIcon/ExtraColumns/AddExtraColumns' is clicked on

2022-02-11 22:22:05 - [MESSAGE][PASSED] - Object: 'Object Repository/ListViewIcon/ExtraColumns/AddExtraColumns' is clicked on

2022-02-11 22:22:05 - [TEST_STEP][PASSED] - takeScreenshot(): Taking screenshot successfully

2022-02-11 22:22:06 - [MESSAGE][PASSED] - Taking screenshot successfully
[[ATTACHMENT|D:\\xampp\\htdocs\\training\\Training\\Rattan\\Final_testing\\New_ActivityOverview\\Reports\\20220211_221705\\ActivityOverview-FiltersAndColumns\\20220211_221709\\1644598326014.png]]

2022-02-11 22:22:06 - [TEST_STEP][PASSED] - click(findTestObject("Object Repository/ListViewIcon/ExtraColumns/AddExtraColumns", ["position":"10"])): Object: 'Object Repository/ListViewIcon/ExtraColumns/AddExtraColumns' is clicked on

2022-02-11 22:22:09 - [MESSAGE][PASSED] - Object: 'Object Repository/ListViewIcon/ExtraColumns/AddExtraColumns' is clicked on

2022-02-11 22:22:09 - [TEST_STEP][PASSED] - takeScreenshot(): Taking screenshot successfully

2022-02-11 22:22:09 - [MESSAGE][PASSED] - Taking screenshot successfully
[[ATTACHMENT|D:\\xampp\\htdocs\\training\\Training\\Rattan\\Final_testing\\New_ActivityOverview\\Reports\\20220211_221705\\ActivityOverview-FiltersAndColumns\\20220211_221709\\1644598329712.png]]

2022-02-11 22:22:09 - [TEST_STEP][PASSED] - click(findTestObject("Object Repository/ListViewIcon/ExtraColumns/OrderPerPage", ["position":"3"])): Object: 'Object Repository/ListViewIcon/ExtraColumns/OrderPerPage' is clicked on

2022-02-11 22:22:13 - [MESSAGE][PASSED] - Object: 'Object Repository/ListViewIcon/ExtraColumns/OrderPerPage' is clicked on

2022-02-11 22:22:13 - [TEST_STEP][PASSED] - click(findTestObject("Object Repository/ListViewIcon/ExtraColumns/SaveButton")): Object: 'Object Repository/ListViewIcon/ExtraColumns/SaveButton' is clicked on

2022-02-11 22:22:16 - [MESSAGE][PASSED] - Object: 'Object Repository/ListViewIcon/ExtraColumns/SaveButton' is clicked on

2022-02-11 22:22:16 - [TEST_STEP][PASSED] - delay(10): Delayed 10 second(s)

2022-02-11 22:22:26 - [MESSAGE][PASSED] - Delayed 10 second(s)

2022-02-11 22:22:26 - [TEST_STEP][PASSED] - if (sizeoflisting < 2): null]]></system-out>
         <system-err><![CDATA[]]></system-err>
      </testcase>
      <system-out><![CDATA[2022-02-11 22:18:24 - [TEST_SUITE][PASSED] - ActivityOverview-FiltersAndColumns: Test Cases/NewActivityOverview-LeftNavigation/ActivityOverview-ViewFilterAndColumn]]></system-out>
      <system-err><![CDATA[]]></system-err>
   </testsuite>
   <testsuite name="CalendarTestingWithSearchAndSorting" tests="1" failures="0" errors="0" time="1116.126" skipped="0" timestamp="2022-02-11 22:18:31" hostname="intersoft-admin - DESKTOP-ANQSRIJ" id="Test Suites/CalendarTestingWithSearchAndSorting">
      <properties>
         <property name="deviceName" value=""/>
         <property name="devicePlatform" value=""/>
         <property name="logFolder" value="D:\\xampp\\htdocs\\training\\Training\\Rattan\\Final_testing\\New_ActivityOverview\\Reports\\20220211_221705\\CalendarTestingWithSearchAndSorting\\20220211_221711"/>
         <property name="logFiles" value="D:\\xampp\\htdocs\\training\\Training\\Rattan\\Final_testing\\New_ActivityOverview\\Reports\\20220211_221705\\CalendarTestingWithSearchAndSorting\\20220211_221711\\execution0.log"/>
         <property name="attachments" value="D:\\xampp\\htdocs\\training\\Training\\Rattan\\Final_testing\\New_ActivityOverview\\Reports\\20220211_221705\\CalendarTestingWithSearchAndSorting\\20220211_221711\\1644598189271.png, D:\\xampp\\htdocs\\training\\Training\\Rattan\\Final_testing\\New_ActivityOverview\\Reports\\20220211_221705\\CalendarTestingWithSearchAndSorting\\20220211_221711\\1644598221122.png, D:\\xampp\\htdocs\\training\\Training\\Rattan\\Final_testing\\New_ActivityOverview\\Reports\\20220211_221705\\CalendarTestingWithSearchAndSorting\\20220211_221711\\1644598261569.png, D:\\xampp\\htdocs\\training\\Training\\Rattan\\Final_testing\\New_ActivityOverview\\Reports\\20220211_221705\\CalendarTestingWithSearchAndSorting\\20220211_221711\\1644598285935.png, D:\\xampp\\htdocs\\training\\Training\\Rattan\\Final_testing\\New_ActivityOverview\\Reports\\20220211_221705\\CalendarTestingWithSearchAndSorting\\20220211_221711\\1644598395742.png, D:\\xampp\\htdocs\\training\\Training\\Rattan\\Final_testing\\New_ActivityOverview\\Reports\\20220211_221705\\CalendarTestingWithSearchAndSorting\\20220211_221711\\1644598425990.png, D:\\xampp\\htdocs\\training\\Training\\Rattan\\Final_testing\\New_ActivityOverview\\Reports\\20220211_221705\\CalendarTestingWithSearchAndSorting\\20220211_221711\\1644598456982.png, D:\\xampp\\htdocs\\training\\Training\\Rattan\\Final_testing\\New_ActivityOverview\\Reports\\20220211_221705\\CalendarTestingWithSearchAndSorting\\20220211_221711\\1644598484838.png, D:\\xampp\\htdocs\\training\\Training\\Rattan\\Final_testing\\New_ActivityOverview\\Reports\\20220211_221705\\CalendarTestingWithSearchAndSorting\\20220211_221711\\1644598508692.png, D:\\xampp\\htdocs\\training\\Training\\Rattan\\Final_testing\\New_ActivityOverview\\Reports\\20220211_221705\\CalendarTestingWithSearchAndSorting\\20220211_221711\\1644598532409.png, D:\\xampp\\htdocs\\training\\Training\\Rattan\\Final_testing\\New_ActivityOverview\\Reports\\20220211_221705\\CalendarTestingWithSearchAndSorting\\20220211_221711\\1644598566085.png, D:\\xampp\\htdocs\\training\\Training\\Rattan\\Final_testing\\New_ActivityOverview\\Reports\\20220211_221705\\CalendarTestingWithSearchAndSorting\\20220211_221711\\1644598596922.png, D:\\xampp\\htdocs\\training\\Training\\Rattan\\Final_testing\\New_ActivityOverview\\Reports\\20220211_221705\\CalendarTestingWithSearchAndSorting\\20220211_221711\\1644598626789.png, D:\\xampp\\htdocs\\training\\Training\\Rattan\\Final_testing\\New_ActivityOverview\\Reports\\20220211_221705\\CalendarTestingWithSearchAndSorting\\20220211_221711\\1644598650622.png, D:\\xampp\\htdocs\\training\\Training\\Rattan\\Final_testing\\New_ActivityOverview\\Reports\\20220211_221705\\CalendarTestingWithSearchAndSorting\\20220211_221711\\1644598659287.png, D:\\xampp\\htdocs\\training\\Training\\Rattan\\Final_testing\\New_ActivityOverview\\Reports\\20220211_221705\\CalendarTestingWithSearchAndSorting\\20220211_221711\\1644598683565.png, D:\\xampp\\htdocs\\training\\Training\\Rattan\\Final_testing\\New_ActivityOverview\\Reports\\20220211_221705\\CalendarTestingWithSearchAndSorting\\20220211_221711\\1644598692084.png, D:\\xampp\\htdocs\\training\\Training\\Rattan\\Final_testing\\New_ActivityOverview\\Reports\\20220211_221705\\CalendarTestingWithSearchAndSorting\\20220211_221711\\1644598715616.png, D:\\xampp\\htdocs\\training\\Training\\Rattan\\Final_testing\\New_ActivityOverview\\Reports\\20220211_221705\\CalendarTestingWithSearchAndSorting\\20220211_221711\\1644598724056.png, D:\\xampp\\htdocs\\training\\Training\\Rattan\\Final_testing\\New_ActivityOverview\\Reports\\20220211_221705\\CalendarTestingWithSearchAndSorting\\20220211_221711\\1644598747577.png, D:\\xampp\\htdocs\\training\\Training\\Rattan\\Final_testing\\New_ActivityOverview\\Reports\\20220211_221705\\CalendarTestingWithSearchAndSorting\\20220211_221711\\1644598801014.png, D:\\xampp\\htdocs\\training\\Training\\Rattan\\Final_testing\\New_ActivityOverview\\Reports\\20220211_221705\\CalendarTestingWithSearchAndSorting\\20220211_221711\\1644598809505.png, D:\\xampp\\htdocs\\training\\Training\\Rattan\\Final_testing\\New_ActivityOverview\\Reports\\20220211_221705\\CalendarTestingWithSearchAndSorting\\20220211_221711\\1644598833152.png, D:\\xampp\\htdocs\\training\\Training\\Rattan\\Final_testing\\New_ActivityOverview\\Reports\\20220211_221705\\CalendarTestingWithSearchAndSorting\\20220211_221711\\1644598841751.png, D:\\xampp\\htdocs\\training\\Training\\Rattan\\Final_testing\\New_ActivityOverview\\Reports\\20220211_221705\\CalendarTestingWithSearchAndSorting\\20220211_221711\\1644598865298.png, D:\\xampp\\htdocs\\training\\Training\\Rattan\\Final_testing\\New_ActivityOverview\\Reports\\20220211_221705\\CalendarTestingWithSearchAndSorting\\20220211_221711\\1644598873937.png, D:\\xampp\\htdocs\\training\\Training\\Rattan\\Final_testing\\New_ActivityOverview\\Reports\\20220211_221705\\CalendarTestingWithSearchAndSorting\\20220211_221711\\1644598897811.png, D:\\xampp\\htdocs\\training\\Training\\Rattan\\Final_testing\\New_ActivityOverview\\Reports\\20220211_221705\\CalendarTestingWithSearchAndSorting\\20220211_221711\\1644598951025.png, D:\\xampp\\htdocs\\training\\Training\\Rattan\\Final_testing\\New_ActivityOverview\\Reports\\20220211_221705\\CalendarTestingWithSearchAndSorting\\20220211_221711\\1644598959912.png, D:\\xampp\\htdocs\\training\\Training\\Rattan\\Final_testing\\New_ActivityOverview\\Reports\\20220211_221705\\CalendarTestingWithSearchAndSorting\\20220211_221711\\1644598983458.png, D:\\xampp\\htdocs\\training\\Training\\Rattan\\Final_testing\\New_ActivityOverview\\Reports\\20220211_221705\\CalendarTestingWithSearchAndSorting\\20220211_221711\\1644598992799.png, D:\\xampp\\htdocs\\training\\Training\\Rattan\\Final_testing\\New_ActivityOverview\\Reports\\20220211_221705\\CalendarTestingWithSearchAndSorting\\20220211_221711\\1644599018608.png, D:\\xampp\\htdocs\\training\\Training\\Rattan\\Final_testing\\New_ActivityOverview\\Reports\\20220211_221705\\CalendarTestingWithSearchAndSorting\\20220211_221711\\1644599028004.png, D:\\xampp\\htdocs\\training\\Training\\Rattan\\Final_testing\\New_ActivityOverview\\Reports\\20220211_221705\\CalendarTestingWithSearchAndSorting\\20220211_221711\\1644599051971.png, D:\\xampp\\htdocs\\training\\Training\\Rattan\\Final_testing\\New_ActivityOverview\\Reports\\20220211_221705\\CalendarTestingWithSearchAndSorting\\20220211_221711\\1644599105750.png, D:\\xampp\\htdocs\\training\\Training\\Rattan\\Final_testing\\New_ActivityOverview\\Reports\\20220211_221705\\CalendarTestingWithSearchAndSorting\\20220211_221711\\1644599114548.png, D:\\xampp\\htdocs\\training\\Training\\Rattan\\Final_testing\\New_ActivityOverview\\Reports\\20220211_221705\\CalendarTestingWithSearchAndSorting\\20220211_221711\\1644599138292.png, D:\\xampp\\htdocs\\training\\Training\\Rattan\\Final_testing\\New_ActivityOverview\\Reports\\20220211_221705\\CalendarTestingWithSearchAndSorting\\20220211_221711\\1644599146902.png, D:\\xampp\\htdocs\\training\\Training\\Rattan\\Final_testing\\New_ActivityOverview\\Reports\\20220211_221705\\CalendarTestingWithSearchAndSorting\\20220211_221711\\1644599170507.png, D:\\xampp\\htdocs\\training\\Training\\Rattan\\Final_testing\\New_ActivityOverview\\Reports\\20220211_221705\\CalendarTestingWithSearchAndSorting\\20220211_221711\\1644599179081.png, D:\\xampp\\htdocs\\training\\Training\\Rattan\\Final_testing\\New_ActivityOverview\\Reports\\20220211_221705\\CalendarTestingWithSearchAndSorting\\20220211_221711\\1644599203490.png, D:\\xampp\\htdocs\\training\\Training\\Rattan\\Final_testing\\New_ActivityOverview\\Reports\\20220211_221705\\CalendarTestingWithSearchAndSorting\\20220211_221711\\1644599223727.png"/>
         <property name="hostName" value="intersoft-admin - DESKTOP-ANQSRIJ"/>
         <property name="os" value="Windows 10 64bit"/>
         <property name="katalonVersion" value="8.2.5.208"/>
         <property name="browser" value="Chrome 98.0.4758.82"/>
         <property name="hostAddress" value="192.168.1.59"/>
         <property name="sessionId" value="ebe6b57e813dba082bd934c6e65fd9fc"/>
         <property name="seleniumVersion" value="3.141.59"/>
         <property name="proxyInformation" value="ProxyInformation { proxyOption=NO_PROXY, proxyServerType=HTTP, username=, password=********, proxyServerAddress=, proxyServerPort=0, executionList=&quot;&quot;, isApplyToDesiredCapabilities=true }"/>
         <property name="platform" value="Windows 10"/>
      </properties>
      <testcase name="Test Cases/NewActivityOverview-LeftNavigation/ActivityOverview-ListingCalendar-SearchSorting" time="1114.869" classname="Test Cases/NewActivityOverview-LeftNavigation/ActivityOverview-ListingCalendar-SearchSorting" status="PASSED">
         <system-out><![CDATA[2022-02-11 22:18:32 - [TEST_CASE][PASSED] - Test Cases/NewActivityOverview-LeftNavigation/ActivityOverview-ListingCalendar-SearchSorting: Test Cases/NewActivityOverview-LeftNavigation/ActivityOverview-ListingCalendar-SearchSorting

2022-02-11 22:18:34 - [TEST_STEP][PASSED] - callTestCase(findTestCase("LoginWithSuperAdmin/SuperAdmin-Login"), [:], STOP_ON_FAILURE): Call Test Case 'Test Cases/LoginWithSuperAdmin/SuperAdmin-Login' successfully

2022-02-11 22:18:34 - [TEST_CASE][PASSED] - Test Cases/LoginWithSuperAdmin/SuperAdmin-Login: Test Cases/LoginWithSuperAdmin/SuperAdmin-Login

2022-02-11 22:18:36 - [TEST_STEP][PASSED] - openBrowser(""): Browser is opened with url: ''

2022-02-11 22:18:37 - [MESSAGE][INFO] - Starting 'Chrome' driver

2022-02-11 22:18:37 - [MESSAGE][INFO] - Action delay is set to 3,000 milliseconds

2022-02-11 22:18:41 - [MESSAGE][PASSED] - Browser is opened with url: ''

2022-02-11 22:18:41 - [TEST_STEP][PASSED] - setViewPortSize(1920, 1080): Viewport is set to new size with width = 1920 and height = 1080

2022-02-11 22:18:41 - [MESSAGE][PASSED] - Viewport is set to new size with width = 1920 and height = 1080

2022-02-11 22:18:41 - [TEST_STEP][PASSED] - navigateToUrl(URL): Navigate to 'https://marketplacev1.test-prio.com' successfully

2022-02-11 22:18:52 - [MESSAGE][PASSED] - Navigate to 'https://marketplacev1.test-prio.com' successfully

2022-02-11 22:18:52 - [TEST_STEP][PASSED] - delay(3): Delayed 3 second(s)

2022-02-11 22:18:55 - [MESSAGE][PASSED] - Delayed 3 second(s)

2022-02-11 22:18:55 - [TEST_STEP][PASSED] - click(findTestObject("SuperAdmin/Login/input_Email_contact_email")): Object: 'Object Repository/SuperAdmin/Login/input_Email_contact_email' is clicked on

2022-02-11 22:19:25 - [MESSAGE][PASSED] - Object: 'Object Repository/SuperAdmin/Login/input_Email_contact_email' is clicked on

2022-02-11 22:19:25 - [TEST_STEP][PASSED] - setText(findTestObject("SuperAdmin/Login/input_Email_contact_email"), uname): Text 'superadmin@tippoint.com' is set on object 'Object Repository/SuperAdmin/Login/input_Email_contact_email'

2022-02-11 22:19:37 - [MESSAGE][PASSED] - Text 'superadmin@tippoint.com' is set on object 'Object Repository/SuperAdmin/Login/input_Email_contact_email'

2022-02-11 22:19:37 - [TEST_STEP][PASSED] - setEncryptedText(findTestObject("SuperAdmin/Login/input_Password_password"), Password): Text ****** has been set on object 'Object Repository/SuperAdmin/Login/input_Password_password'

2022-02-11 22:19:48 - [MESSAGE][PASSED] - Text ****** has been set on object 'Object Repository/SuperAdmin/Login/input_Password_password'

2022-02-11 22:19:48 - [TEST_STEP][PASSED] - takeScreenshot(): Taking screenshot successfully

2022-02-11 22:19:50 - [MESSAGE][PASSED] - Taking screenshot successfully
[[ATTACHMENT|D:\\xampp\\htdocs\\training\\Training\\Rattan\\Final_testing\\New_ActivityOverview\\Reports\\20220211_221705\\CalendarTestingWithSearchAndSorting\\20220211_221711\\1644598189271.png]]

2022-02-11 22:19:50 - [TEST_STEP][PASSED] - newpackage.clickUsingJS.clickUsingJS(findTestObject("SuperAdmin/Login/button_Sign in"), 5): newpackage.clickUsingJS.clickUsingJS is PASSED

2022-02-11 22:19:52 - [MESSAGE][PASSED] - newpackage.clickUsingJS.clickUsingJS is PASSED

2022-02-11 22:19:52 - [MESSAGE][PASSED] - Call Test Case 'Test Cases/LoginWithSuperAdmin/SuperAdmin-Login' successfully

2022-02-11 22:19:52 - [TEST_STEP][PASSED] - switchToDefaultContent(): null

2022-02-11 22:19:52 - [TEST_STEP][PASSED] - click(findTestObject("SuperAdminLeftNavigation/NewActivityOverview-LeftNavigation")): Object: 'Object Repository/SuperAdminLeftNavigation/NewActivityOverview-LeftNavigation' is clicked on

2022-02-11 22:20:19 - [MESSAGE][PASSED] - Object: 'Object Repository/SuperAdminLeftNavigation/NewActivityOverview-LeftNavigation' is clicked on

2022-02-11 22:20:19 - [TEST_STEP][PASSED] - takeScreenshot(): Taking screenshot successfully

2022-02-11 22:20:36 - [MESSAGE][PASSED] - Taking screenshot successfully
[[ATTACHMENT|D:\\xampp\\htdocs\\training\\Training\\Rattan\\Final_testing\\New_ActivityOverview\\Reports\\20220211_221705\\CalendarTestingWithSearchAndSorting\\20220211_221711\\1644598221122.png]]

2022-02-11 22:20:36 - [TEST_STEP][PASSED] - switchToFrame(findTestObject("Object Repository/Iframe/NewActivityOverviewIframe"), 5): null

2022-02-11 22:20:41 - [TEST_STEP][PASSED] - delay(20): Delayed 20 second(s)

2022-02-11 22:21:01 - [MESSAGE][PASSED] - Delayed 20 second(s)

2022-02-11 22:21:01 - [TEST_STEP][PASSED] - takeScreenshot(): Taking screenshot successfully

2022-02-11 22:21:02 - [MESSAGE][PASSED] - Taking screenshot successfully
[[ATTACHMENT|D:\\xampp\\htdocs\\training\\Training\\Rattan\\Final_testing\\New_ActivityOverview\\Reports\\20220211_221705\\CalendarTestingWithSearchAndSorting\\20220211_221711\\1644598261569.png]]

2022-02-11 22:21:02 - [TEST_STEP][PASSED] - sizeoflisting = findWebElements(findTestObject("ListingArea/ListingContainsData"), 5).size(): null

2022-02-11 22:21:02 - [TEST_STEP][PASSED] - println(sizeoflisting): null

2022-02-11 22:21:02 - [TEST_STEP][PASSED] - logInfo(Size of Order Listing: $sizeoflisting): Size of Order Listing: 11

2022-02-11 22:21:02 - [MESSAGE][INFO] - Size of Order Listing: 11

2022-02-11 22:21:02 - [TEST_STEP][PASSED] - if (sizeoflisting > 2): Object: 'Object Repository/ListingArea/Search/ClearSearch' is clicked on

2022-02-11 22:21:02 - [TEST_STEP][PASSED] - logInfo("Orders Exist in Listing"): Orders Exist in Listing

2022-02-11 22:21:02 - [MESSAGE][INFO] - Orders Exist in Listing

2022-02-11 22:21:02 - [TEST_STEP][PASSED] - click(findTestObject("Object Repository/CalendarObjects/ClickCalendar")): Object: 'Object Repository/CalendarObjects/ClickCalendar' is clicked on

2022-02-11 22:21:05 - [MESSAGE][PASSED] - Object: 'Object Repository/CalendarObjects/ClickCalendar' is clicked on

2022-02-11 22:21:05 - [TEST_STEP][PASSED] - delay(20): Delayed 20 second(s)

2022-02-11 22:21:25 - [MESSAGE][PASSED] - Delayed 20 second(s)

2022-02-11 22:21:25 - [TEST_STEP][PASSED] - takeScreenshot(): Taking screenshot successfully

2022-02-11 22:21:26 - [MESSAGE][PASSED] - Taking screenshot successfully
[[ATTACHMENT|D:\\xampp\\htdocs\\training\\Training\\Rattan\\Final_testing\\New_ActivityOverview\\Reports\\20220211_221705\\CalendarTestingWithSearchAndSorting\\20220211_221711\\1644598285935.png]]

2022-02-11 22:21:26 - [TEST_STEP][PASSED] - click(findTestObject("Object Repository/CalendarObjects/CalendarOptions-Select")): Object: 'Object Repository/CalendarObjects/CalendarOptions-Select' is clicked on

2022-02-11 22:21:29 - [MESSAGE][PASSED] - Object: 'Object Repository/CalendarObjects/CalendarOptions-Select' is clicked on

2022-02-11 22:21:29 - [TEST_STEP][PASSED] - delay(5): Delayed 5 second(s)

2022-02-11 22:21:34 - [MESSAGE][PASSED] - Delayed 5 second(s)

2022-02-11 22:21:34 - [TEST_STEP][PASSED] - click(findTestObject("Object Repository/CalendarObjects/CalendarOptions-SelectOptions", ["types":"Custom"])): Object: 'Object Repository/CalendarObjects/CalendarOptions-SelectOptions' is clicked on

2022-02-11 22:21:38 - [MESSAGE][PASSED] - Object: 'Object Repository/CalendarObjects/CalendarOptions-SelectOptions' is clicked on

2022-02-11 22:21:38 - [TEST_STEP][PASSED] - delay(5): Delayed 5 second(s)

2022-02-11 22:21:43 - [MESSAGE][PASSED] - Delayed 5 second(s)

2022-02-11 22:21:43 - [TEST_STEP][PASSED] - sendKeys(findTestObject("Object Repository/CalendarObjects/InputStartDate"), Keys.chord(CONTROL + "a")): Keys 'CONTROL + a' sent to object: 'Object Repository/CalendarObjects/InputStartDate'

2022-02-11 22:21:47 - [MESSAGE][PASSED] - Keys 'CONTROL + a' sent to object: 'Object Repository/CalendarObjects/InputStartDate'

2022-02-11 22:21:47 - [TEST_STEP][PASSED] - setText(findTestObject("Object Repository/CalendarObjects/InputStartDate"), start_date): Text '2021-04-15' is set on object 'Object Repository/CalendarObjects/InputStartDate'

2022-02-11 22:21:53 - [MESSAGE][PASSED] - Text '2021-04-15' is set on object 'Object Repository/CalendarObjects/InputStartDate'

2022-02-11 22:21:53 - [TEST_STEP][PASSED] - delay(5): Delayed 5 second(s)

2022-02-11 22:21:58 - [MESSAGE][PASSED] - Delayed 5 second(s)

2022-02-11 22:21:58 - [TEST_STEP][PASSED] - sendKeys(findTestObject("Object Repository/CalendarObjects/InputEndDate"), Keys.chord(CONTROL + "a")): Keys 'CONTROL + a' sent to object: 'Object Repository/CalendarObjects/InputEndDate'

2022-02-11 22:22:02 - [MESSAGE][PASSED] - Keys 'CONTROL + a' sent to object: 'Object Repository/CalendarObjects/InputEndDate'

2022-02-11 22:22:02 - [TEST_STEP][PASSED] - setText(findTestObject("Object Repository/CalendarObjects/InputEndDate"), end_date): Text '2021-10-31' is set on object 'Object Repository/CalendarObjects/InputEndDate'

2022-02-11 22:22:08 - [MESSAGE][PASSED] - Text '2021-10-31' is set on object 'Object Repository/CalendarObjects/InputEndDate'

2022-02-11 22:22:08 - [TEST_STEP][PASSED] - delay(5): Delayed 5 second(s)

2022-02-11 22:22:13 - [MESSAGE][PASSED] - Delayed 5 second(s)

2022-02-11 22:22:13 - [TEST_STEP][PASSED] - click(findTestObject("Object Repository/CalendarObjects/DoneButton")): Object: 'Object Repository/CalendarObjects/DoneButton' is clicked on

2022-02-11 22:22:17 - [MESSAGE][PASSED] - Object: 'Object Repository/CalendarObjects/DoneButton' is clicked on

2022-02-11 22:22:17 - [TEST_STEP][PASSED] - delay(20): Delayed 20 second(s)

2022-02-11 22:22:37 - [MESSAGE][PASSED] - Delayed 20 second(s)

2022-02-11 22:22:37 - [TEST_STEP][PASSED] - click(findTestObject("Object Repository/ListingArea/Search/InputSearch")): Object: 'Object Repository/ListingArea/Search/InputSearch' is clicked on

2022-02-11 22:22:43 - [MESSAGE][PASSED] - Object: 'Object Repository/ListingArea/Search/InputSearch' is clicked on

2022-02-11 22:22:43 - [TEST_STEP][PASSED] - setText(findTestObject("Object Repository/ListingArea/Search/InputSearch"), $searchtext1): Text 'test' is set on object 'Object Repository/ListingArea/Search/InputSearch'

2022-02-11 22:22:51 - [MESSAGE][PASSED] - Text 'test' is set on object 'Object Repository/ListingArea/Search/InputSearch'

2022-02-11 22:22:51 - [TEST_STEP][PASSED] - sendKeys(findTestObject("Object Repository/ListingArea/Search/InputSearch"), Keys.chord(ENTER)): Keys 'ENTER + ' sent to object: 'Object Repository/ListingArea/Search/InputSearch'

2022-02-11 22:22:55 - [MESSAGE][PASSED] - Keys 'ENTER + ' sent to object: 'Object Repository/ListingArea/Search/InputSearch'

2022-02-11 22:22:55 - [TEST_STEP][PASSED] - delay(20): Delayed 20 second(s)

2022-02-11 22:23:15 - [MESSAGE][PASSED] - Delayed 20 second(s)

2022-02-11 22:23:15 - [TEST_STEP][PASSED] - takeScreenshot(): Taking screenshot successfully

2022-02-11 22:23:16 - [MESSAGE][PASSED] - Taking screenshot successfully
[[ATTACHMENT|D:\\xampp\\htdocs\\training\\Training\\Rattan\\Final_testing\\New_ActivityOverview\\Reports\\20220211_221705\\CalendarTestingWithSearchAndSorting\\20220211_221711\\1644598395742.png]]

2022-02-11 22:23:16 - [TEST_STEP][PASSED] - setText(findTestObject("Object Repository/ListingArea/Search/InputSearch"), $searchtext2): Text 'rattan' is set on object 'Object Repository/ListingArea/Search/InputSearch'

2022-02-11 22:23:22 - [MESSAGE][PASSED] - Text 'rattan' is set on object 'Object Repository/ListingArea/Search/InputSearch'

2022-02-11 22:23:22 - [TEST_STEP][PASSED] - sendKeys(findTestObject("Object Repository/ListingArea/Search/InputSearch"), Keys.chord(ENTER)): Keys 'ENTER + ' sent to object: 'Object Repository/ListingArea/Search/InputSearch'

2022-02-11 22:23:25 - [MESSAGE][PASSED] - Keys 'ENTER + ' sent to object: 'Object Repository/ListingArea/Search/InputSearch'

2022-02-11 22:23:25 - [TEST_STEP][PASSED] - delay(20): Delayed 20 second(s)

2022-02-11 22:23:45 - [MESSAGE][PASSED] - Delayed 20 second(s)

2022-02-11 22:23:45 - [TEST_STEP][PASSED] - takeScreenshot(): Taking screenshot successfully

2022-02-11 22:23:46 - [MESSAGE][PASSED] - Taking screenshot successfully
[[ATTACHMENT|D:\\xampp\\htdocs\\training\\Training\\Rattan\\Final_testing\\New_ActivityOverview\\Reports\\20220211_221705\\CalendarTestingWithSearchAndSorting\\20220211_221711\\1644598425990.png]]

2022-02-11 22:23:46 - [TEST_STEP][PASSED] - setText(findTestObject("Object Repository/ListingArea/Search/InputSearch"), $searchtext3): Text '453354r' is set on object 'Object Repository/ListingArea/Search/InputSearch'

2022-02-11 22:23:53 - [MESSAGE][PASSED] - Text '453354r' is set on object 'Object Repository/ListingArea/Search/InputSearch'

2022-02-11 22:23:53 - [TEST_STEP][PASSED] - sendKeys(findTestObject("Object Repository/ListingArea/Search/InputSearch"), Keys.chord(ENTER)): Keys 'ENTER + ' sent to object: 'Object Repository/ListingArea/Search/InputSearch'

2022-02-11 22:23:56 - [MESSAGE][PASSED] - Keys 'ENTER + ' sent to object: 'Object Repository/ListingArea/Search/InputSearch'

2022-02-11 22:23:56 - [TEST_STEP][PASSED] - delay(20): Delayed 20 second(s)

2022-02-11 22:24:16 - [MESSAGE][PASSED] - Delayed 20 second(s)

2022-02-11 22:24:16 - [TEST_STEP][PASSED] - takeScreenshot(): Taking screenshot successfully

2022-02-11 22:24:18 - [MESSAGE][PASSED] - Taking screenshot successfully
[[ATTACHMENT|D:\\xampp\\htdocs\\training\\Training\\Rattan\\Final_testing\\New_ActivityOverview\\Reports\\20220211_221705\\CalendarTestingWithSearchAndSorting\\20220211_221711\\1644598456982.png]]

2022-02-11 22:24:18 - [TEST_STEP][PASSED] - searchlistingsize = findWebElements(findTestObject("Object Repository/ListingArea/Search/SearchResultList"), 5).size(): null

2022-02-11 22:24:19 - [TEST_STEP][PASSED] - logInfo(Size of Search Listing: $searchlistingsize): Size of Search Listing: 3

2022-02-11 22:24:19 - [MESSAGE][INFO] - Size of Search Listing: 3

2022-02-11 22:24:19 - [TEST_STEP][PASSED] - for ([m = 1, m <= searchlistingsize, (m++)]): Taking screenshot successfully

2022-02-11 22:24:19 - [TEST_STEP][PASSED] - click(findTestObject("Object Repository/ListingArea/Search/SearchCancelButton", ["position":"1"])): Object: 'Object Repository/ListingArea/Search/SearchCancelButton' is clicked on

2022-02-11 22:24:24 - [MESSAGE][PASSED] - Object: 'Object Repository/ListingArea/Search/SearchCancelButton' is clicked on

2022-02-11 22:24:24 - [TEST_STEP][PASSED] - delay(20): Delayed 20 second(s)

2022-02-11 22:24:44 - [MESSAGE][PASSED] - Delayed 20 second(s)

2022-02-11 22:24:44 - [TEST_STEP][PASSED] - takeScreenshot(): Taking screenshot successfully

2022-02-11 22:24:45 - [MESSAGE][PASSED] - Taking screenshot successfully
[[ATTACHMENT|D:\\xampp\\htdocs\\training\\Training\\Rattan\\Final_testing\\New_ActivityOverview\\Reports\\20220211_221705\\CalendarTestingWithSearchAndSorting\\20220211_221711\\1644598484838.png]]

2022-02-11 22:24:45 - [TEST_STEP][PASSED] - click(findTestObject("Object Repository/ListingArea/Search/SearchCancelButton", ["position":"1"])): Object: 'Object Repository/ListingArea/Search/SearchCancelButton' is clicked on

2022-02-11 22:24:48 - [MESSAGE][PASSED] - Object: 'Object Repository/ListingArea/Search/SearchCancelButton' is clicked on

2022-02-11 22:24:48 - [TEST_STEP][PASSED] - delay(20): Delayed 20 second(s)

2022-02-11 22:25:08 - [MESSAGE][PASSED] - Delayed 20 second(s)

2022-02-11 22:25:08 - [TEST_STEP][PASSED] - takeScreenshot(): Taking screenshot successfully

2022-02-11 22:25:08 - [MESSAGE][PASSED] - Taking screenshot successfully
[[ATTACHMENT|D:\\xampp\\htdocs\\training\\Training\\Rattan\\Final_testing\\New_ActivityOverview\\Reports\\20220211_221705\\CalendarTestingWithSearchAndSorting\\20220211_221711\\1644598508692.png]]

2022-02-11 22:25:08 - [TEST_STEP][PASSED] - click(findTestObject("Object Repository/ListingArea/Search/SearchCancelButton", ["position":"1"])): Object: 'Object Repository/ListingArea/Search/SearchCancelButton' is clicked on

2022-02-11 22:25:12 - [MESSAGE][PASSED] - Object: 'Object Repository/ListingArea/Search/SearchCancelButton' is clicked on

2022-02-11 22:25:12 - [TEST_STEP][PASSED] - delay(20): Delayed 20 second(s)

2022-02-11 22:25:32 - [MESSAGE][PASSED] - Delayed 20 second(s)

2022-02-11 22:25:32 - [TEST_STEP][PASSED] - takeScreenshot(): Taking screenshot successfully

2022-02-11 22:25:32 - [MESSAGE][PASSED] - Taking screenshot successfully
[[ATTACHMENT|D:\\xampp\\htdocs\\training\\Training\\Rattan\\Final_testing\\New_ActivityOverview\\Reports\\20220211_221705\\CalendarTestingWithSearchAndSorting\\20220211_221711\\1644598532409.png]]

2022-02-11 22:25:32 - [TEST_STEP][PASSED] - click(findTestObject("Object Repository/ListingArea/Search/InputSearch")): Object: 'Object Repository/ListingArea/Search/InputSearch' is clicked on

2022-02-11 22:25:36 - [MESSAGE][PASSED] - Object: 'Object Repository/ListingArea/Search/InputSearch' is clicked on

2022-02-11 22:25:36 - [TEST_STEP][PASSED] - setText(findTestObject("Object Repository/ListingArea/Search/InputSearch"), $searchtext1): Text 'test' is set on object 'Object Repository/ListingArea/Search/InputSearch'

2022-02-11 22:25:42 - [MESSAGE][PASSED] - Text 'test' is set on object 'Object Repository/ListingArea/Search/InputSearch'

2022-02-11 22:25:42 - [TEST_STEP][PASSED] - sendKeys(findTestObject("Object Repository/ListingArea/Search/InputSearch"), Keys.chord(ENTER)): Keys 'ENTER + ' sent to object: 'Object Repository/ListingArea/Search/InputSearch'

2022-02-11 22:25:46 - [MESSAGE][PASSED] - Keys 'ENTER + ' sent to object: 'Object Repository/ListingArea/Search/InputSearch'

2022-02-11 22:25:46 - [TEST_STEP][PASSED] - delay(20): Delayed 20 second(s)

2022-02-11 22:26:06 - [MESSAGE][PASSED] - Delayed 20 second(s)

2022-02-11 22:26:06 - [TEST_STEP][PASSED] - takeScreenshot(): Taking screenshot successfully

2022-02-11 22:26:06 - [MESSAGE][PASSED] - Taking screenshot successfully
[[ATTACHMENT|D:\\xampp\\htdocs\\training\\Training\\Rattan\\Final_testing\\New_ActivityOverview\\Reports\\20220211_221705\\CalendarTestingWithSearchAndSorting\\20220211_221711\\1644598566085.png]]

2022-02-11 22:26:06 - [TEST_STEP][PASSED] - setText(findTestObject("Object Repository/ListingArea/Search/InputSearch"), $searchtext2): Text 'rattan' is set on object 'Object Repository/ListingArea/Search/InputSearch'

2022-02-11 22:26:13 - [MESSAGE][PASSED] - Text 'rattan' is set on object 'Object Repository/ListingArea/Search/InputSearch'

2022-02-11 22:26:13 - [TEST_STEP][PASSED] - sendKeys(findTestObject("Object Repository/ListingArea/Search/InputSearch"), Keys.chord(ENTER)): Keys 'ENTER + ' sent to object: 'Object Repository/ListingArea/Search/InputSearch'

2022-02-11 22:26:16 - [MESSAGE][PASSED] - Keys 'ENTER + ' sent to object: 'Object Repository/ListingArea/Search/InputSearch'

2022-02-11 22:26:16 - [TEST_STEP][PASSED] - delay(20): Delayed 20 second(s)

2022-02-11 22:26:36 - [MESSAGE][PASSED] - Delayed 20 second(s)

2022-02-11 22:26:36 - [TEST_STEP][PASSED] - takeScreenshot(): Taking screenshot successfully

2022-02-11 22:26:37 - [MESSAGE][PASSED] - Taking screenshot successfully
[[ATTACHMENT|D:\\xampp\\htdocs\\training\\Training\\Rattan\\Final_testing\\New_ActivityOverview\\Reports\\20220211_221705\\CalendarTestingWithSearchAndSorting\\20220211_221711\\1644598596922.png]]

2022-02-11 22:26:37 - [TEST_STEP][PASSED] - setText(findTestObject("Object Repository/ListingArea/Search/InputSearch"), $searchtext3): Text '453354r' is set on object 'Object Repository/ListingArea/Search/InputSearch'

2022-02-11 22:26:43 - [MESSAGE][PASSED] - Text '453354r' is set on object 'Object Repository/ListingArea/Search/InputSearch'

2022-02-11 22:26:43 - [TEST_STEP][PASSED] - sendKeys(findTestObject("Object Repository/ListingArea/Search/InputSearch"), Keys.chord(ENTER)): Keys 'ENTER + ' sent to object: 'Object Repository/ListingArea/Search/InputSearch'

2022-02-11 22:26:46 - [MESSAGE][PASSED] - Keys 'ENTER + ' sent to object: 'Object Repository/ListingArea/Search/InputSearch'

2022-02-11 22:26:46 - [TEST_STEP][PASSED] - delay(20): Delayed 20 second(s)

2022-02-11 22:27:06 - [MESSAGE][PASSED] - Delayed 20 second(s)

2022-02-11 22:27:06 - [TEST_STEP][PASSED] - takeScreenshot(): Taking screenshot successfully

2022-02-11 22:27:07 - [MESSAGE][PASSED] - Taking screenshot successfully
[[ATTACHMENT|D:\\xampp\\htdocs\\training\\Training\\Rattan\\Final_testing\\New_ActivityOverview\\Reports\\20220211_221705\\CalendarTestingWithSearchAndSorting\\20220211_221711\\1644598626789.png]]

2022-02-11 22:27:07 - [TEST_STEP][PASSED] - click(findTestObject("Object Repository/ListingArea/Search/ClearSearch")): Object: 'Object Repository/ListingArea/Search/ClearSearch' is clicked on

2022-02-11 22:27:10 - [MESSAGE][PASSED] - Object: 'Object Repository/ListingArea/Search/ClearSearch' is clicked on

2022-02-11 22:27:10 - [TEST_STEP][PASSED] - delay(20): Delayed 20 second(s)

2022-02-11 22:27:30 - [MESSAGE][PASSED] - Delayed 20 second(s)

2022-02-11 22:27:30 - [TEST_STEP][PASSED] - takeScreenshot(): Taking screenshot successfully

2022-02-11 22:27:30 - [MESSAGE][PASSED] - Taking screenshot successfully
[[ATTACHMENT|D:\\xampp\\htdocs\\training\\Training\\Rattan\\Final_testing\\New_ActivityOverview\\Reports\\20220211_221705\\CalendarTestingWithSearchAndSorting\\20220211_221711\\1644598650622.png]]

2022-02-11 22:27:30 - [TEST_STEP][PASSED] - click(findTestObject("Object Repository/Sorting/SortingSelect")): Object: 'Object Repository/Sorting/SortingSelect' is clicked on

2022-02-11 22:27:34 - [MESSAGE][PASSED] - Object: 'Object Repository/Sorting/SortingSelect' is clicked on

2022-02-11 22:27:34 - [TEST_STEP][PASSED] - delay(5): Delayed 5 second(s)

2022-02-11 22:27:39 - [MESSAGE][PASSED] - Delayed 5 second(s)

2022-02-11 22:27:39 - [TEST_STEP][PASSED] - takeScreenshot(): Taking screenshot successfully

2022-02-11 22:27:39 - [MESSAGE][PASSED] - Taking screenshot successfully
[[ATTACHMENT|D:\\xampp\\htdocs\\training\\Training\\Rattan\\Final_testing\\New_ActivityOverview\\Reports\\20220211_221705\\CalendarTestingWithSearchAndSorting\\20220211_221711\\1644598659287.png]]

2022-02-11 22:27:39 - [TEST_STEP][PASSED] - click(findTestObject("Object Repository/Sorting/SortingSelectOption", ["position1":"1"])): Object: 'Object Repository/Sorting/SortingSelectOption' is clicked on

2022-02-11 22:27:43 - [MESSAGE][PASSED] - Object: 'Object Repository/Sorting/SortingSelectOption' is clicked on

2022-02-11 22:27:43 - [TEST_STEP][PASSED] - delay(20): Delayed 20 second(s)

2022-02-11 22:28:03 - [MESSAGE][PASSED] - Delayed 20 second(s)

2022-02-11 22:28:03 - [TEST_STEP][PASSED] - takeScreenshot(): Taking screenshot successfully

2022-02-11 22:28:03 - [MESSAGE][PASSED] - Taking screenshot successfully
[[ATTACHMENT|D:\\xampp\\htdocs\\training\\Training\\Rattan\\Final_testing\\New_ActivityOverview\\Reports\\20220211_221705\\CalendarTestingWithSearchAndSorting\\20220211_221711\\1644598683565.png]]

2022-02-11 22:28:03 - [TEST_STEP][PASSED] - click(findTestObject("Object Repository/Sorting/SortingSelect")): Object: 'Object Repository/Sorting/SortingSelect' is clicked on

2022-02-11 22:28:07 - [MESSAGE][PASSED] - Object: 'Object Repository/Sorting/SortingSelect' is clicked on

2022-02-11 22:28:07 - [TEST_STEP][PASSED] - delay(5): Delayed 5 second(s)

2022-02-11 22:28:12 - [MESSAGE][PASSED] - Delayed 5 second(s)

2022-02-11 22:28:12 - [TEST_STEP][PASSED] - takeScreenshot(): Taking screenshot successfully

2022-02-11 22:28:12 - [MESSAGE][PASSED] - Taking screenshot successfully
[[ATTACHMENT|D:\\xampp\\htdocs\\training\\Training\\Rattan\\Final_testing\\New_ActivityOverview\\Reports\\20220211_221705\\CalendarTestingWithSearchAndSorting\\20220211_221711\\1644598692084.png]]

2022-02-11 22:28:12 - [TEST_STEP][PASSED] - click(findTestObject("Object Repository/Sorting/SortingSelectOption", ["position1":"2"])): Object: 'Object Repository/Sorting/SortingSelectOption' is clicked on

2022-02-11 22:28:15 - [MESSAGE][PASSED] - Object: 'Object Repository/Sorting/SortingSelectOption' is clicked on

2022-02-11 22:28:15 - [TEST_STEP][PASSED] - delay(20): Delayed 20 second(s)

2022-02-11 22:28:35 - [MESSAGE][PASSED] - Delayed 20 second(s)

2022-02-11 22:28:35 - [TEST_STEP][PASSED] - takeScreenshot(): Taking screenshot successfully

2022-02-11 22:28:35 - [MESSAGE][PASSED] - Taking screenshot successfully
[[ATTACHMENT|D:\\xampp\\htdocs\\training\\Training\\Rattan\\Final_testing\\New_ActivityOverview\\Reports\\20220211_221705\\CalendarTestingWithSearchAndSorting\\20220211_221711\\1644598715616.png]]

2022-02-11 22:28:35 - [TEST_STEP][PASSED] - click(findTestObject("Object Repository/Sorting/SortingSelect")): Object: 'Object Repository/Sorting/SortingSelect' is clicked on

2022-02-11 22:28:39 - [MESSAGE][PASSED] - Object: 'Object Repository/Sorting/SortingSelect' is clicked on

2022-02-11 22:28:39 - [TEST_STEP][PASSED] - delay(5): Delayed 5 second(s)

2022-02-11 22:28:44 - [MESSAGE][PASSED] - Delayed 5 second(s)

2022-02-11 22:28:44 - [TEST_STEP][PASSED] - takeScreenshot(): Taking screenshot successfully

2022-02-11 22:28:44 - [MESSAGE][PASSED] - Taking screenshot successfully
[[ATTACHMENT|D:\\xampp\\htdocs\\training\\Training\\Rattan\\Final_testing\\New_ActivityOverview\\Reports\\20220211_221705\\CalendarTestingWithSearchAndSorting\\20220211_221711\\1644598724056.png]]

2022-02-11 22:28:44 - [TEST_STEP][PASSED] - click(findTestObject("Object Repository/Sorting/SortingSelectOption", ["position1":"3"])): Object: 'Object Repository/Sorting/SortingSelectOption' is clicked on

2022-02-11 22:28:47 - [MESSAGE][PASSED] - Object: 'Object Repository/Sorting/SortingSelectOption' is clicked on

2022-02-11 22:28:47 - [TEST_STEP][PASSED] - delay(20): Delayed 20 second(s)

2022-02-11 22:29:07 - [MESSAGE][PASSED] - Delayed 20 second(s)

2022-02-11 22:29:07 - [TEST_STEP][PASSED] - takeScreenshot(): Taking screenshot successfully

2022-02-11 22:29:07 - [MESSAGE][PASSED] - Taking screenshot successfully
[[ATTACHMENT|D:\\xampp\\htdocs\\training\\Training\\Rattan\\Final_testing\\New_ActivityOverview\\Reports\\20220211_221705\\CalendarTestingWithSearchAndSorting\\20220211_221711\\1644598747577.png]]

2022-02-11 22:29:07 - [TEST_STEP][PASSED] - click(findTestObject("Object Repository/ListingArea/Search/InputSearch")): Object: 'Object Repository/ListingArea/Search/InputSearch' is clicked on

2022-02-11 22:29:11 - [MESSAGE][PASSED] - Object: 'Object Repository/ListingArea/Search/InputSearch' is clicked on

2022-02-11 22:29:11 - [TEST_STEP][PASSED] - setText(findTestObject("Object Repository/ListingArea/Search/InputSearch"), $searchtext1): Text 'test' is set on object 'Object Repository/ListingArea/Search/InputSearch'

2022-02-11 22:29:17 - [MESSAGE][PASSED] - Text 'test' is set on object 'Object Repository/ListingArea/Search/InputSearch'

2022-02-11 22:29:17 - [TEST_STEP][PASSED] - sendKeys(findTestObject("Object Repository/ListingArea/Search/InputSearch"), Keys.chord(ENTER)): Keys 'ENTER + ' sent to object: 'Object Repository/ListingArea/Search/InputSearch'

2022-02-11 22:29:20 - [MESSAGE][PASSED] - Keys 'ENTER + ' sent to object: 'Object Repository/ListingArea/Search/InputSearch'

2022-02-11 22:29:20 - [TEST_STEP][PASSED] - delay(20): Delayed 20 second(s)

2022-02-11 22:29:40 - [MESSAGE][PASSED] - Delayed 20 second(s)

2022-02-11 22:29:40 - [TEST_STEP][PASSED] - delay(20): Delayed 20 second(s)

2022-02-11 22:30:00 - [MESSAGE][PASSED] - Delayed 20 second(s)

2022-02-11 22:30:00 - [TEST_STEP][PASSED] - takeScreenshot(): Taking screenshot successfully

2022-02-11 22:30:01 - [MESSAGE][PASSED] - Taking screenshot successfully
[[ATTACHMENT|D:\\xampp\\htdocs\\training\\Training\\Rattan\\Final_testing\\New_ActivityOverview\\Reports\\20220211_221705\\CalendarTestingWithSearchAndSorting\\20220211_221711\\1644598801014.png]]

2022-02-11 22:30:01 - [TEST_STEP][PASSED] - click(findTestObject("Object Repository/Sorting/SortingSelect")): Object: 'Object Repository/Sorting/SortingSelect' is clicked on

2022-02-11 22:30:04 - [MESSAGE][PASSED] - Object: 'Object Repository/Sorting/SortingSelect' is clicked on

2022-02-11 22:30:04 - [TEST_STEP][PASSED] - delay(5): Delayed 5 second(s)

2022-02-11 22:30:09 - [MESSAGE][PASSED] - Delayed 5 second(s)

2022-02-11 22:30:09 - [TEST_STEP][PASSED] - takeScreenshot(): Taking screenshot successfully

2022-02-11 22:30:09 - [MESSAGE][PASSED] - Taking screenshot successfully
[[ATTACHMENT|D:\\xampp\\htdocs\\training\\Training\\Rattan\\Final_testing\\New_ActivityOverview\\Reports\\20220211_221705\\CalendarTestingWithSearchAndSorting\\20220211_221711\\1644598809505.png]]

2022-02-11 22:30:09 - [TEST_STEP][PASSED] - click(findTestObject("Object Repository/Sorting/SortingSelectOption", ["position1":"1"])): Object: 'Object Repository/Sorting/SortingSelectOption' is clicked on

2022-02-11 22:30:13 - [MESSAGE][PASSED] - Object: 'Object Repository/Sorting/SortingSelectOption' is clicked on

2022-02-11 22:30:13 - [TEST_STEP][PASSED] - delay(20): Delayed 20 second(s)

2022-02-11 22:30:33 - [MESSAGE][PASSED] - Delayed 20 second(s)

2022-02-11 22:30:33 - [TEST_STEP][PASSED] - takeScreenshot(): Taking screenshot successfully

2022-02-11 22:30:33 - [MESSAGE][PASSED] - Taking screenshot successfully
[[ATTACHMENT|D:\\xampp\\htdocs\\training\\Training\\Rattan\\Final_testing\\New_ActivityOverview\\Reports\\20220211_221705\\CalendarTestingWithSearchAndSorting\\20220211_221711\\1644598833152.png]]

2022-02-11 22:30:33 - [TEST_STEP][PASSED] - click(findTestObject("Object Repository/Sorting/SortingSelect")): Object: 'Object Repository/Sorting/SortingSelect' is clicked on

2022-02-11 22:30:36 - [MESSAGE][PASSED] - Object: 'Object Repository/Sorting/SortingSelect' is clicked on

2022-02-11 22:30:36 - [TEST_STEP][PASSED] - delay(5): Delayed 5 second(s)

2022-02-11 22:30:41 - [MESSAGE][PASSED] - Delayed 5 second(s)

2022-02-11 22:30:41 - [TEST_STEP][PASSED] - takeScreenshot(): Taking screenshot successfully

2022-02-11 22:30:41 - [MESSAGE][PASSED] - Taking screenshot successfully
[[ATTACHMENT|D:\\xampp\\htdocs\\training\\Training\\Rattan\\Final_testing\\New_ActivityOverview\\Reports\\20220211_221705\\CalendarTestingWithSearchAndSorting\\20220211_221711\\1644598841751.png]]

2022-02-11 22:30:41 - [TEST_STEP][PASSED] - click(findTestObject("Object Repository/Sorting/SortingSelectOption", ["position1":"2"])): Object: 'Object Repository/Sorting/SortingSelectOption' is clicked on

2022-02-11 22:30:45 - [MESSAGE][PASSED] - Object: 'Object Repository/Sorting/SortingSelectOption' is clicked on

2022-02-11 22:30:45 - [TEST_STEP][PASSED] - delay(20): Delayed 20 second(s)

2022-02-11 22:31:05 - [MESSAGE][PASSED] - Delayed 20 second(s)

2022-02-11 22:31:05 - [TEST_STEP][PASSED] - takeScreenshot(): Taking screenshot successfully

2022-02-11 22:31:05 - [MESSAGE][PASSED] - Taking screenshot successfully
[[ATTACHMENT|D:\\xampp\\htdocs\\training\\Training\\Rattan\\Final_testing\\New_ActivityOverview\\Reports\\20220211_221705\\CalendarTestingWithSearchAndSorting\\20220211_221711\\1644598865298.png]]

2022-02-11 22:31:05 - [TEST_STEP][PASSED] - click(findTestObject("Object Repository/Sorting/SortingSelect")): Object: 'Object Repository/Sorting/SortingSelect' is clicked on

2022-02-11 22:31:08 - [MESSAGE][PASSED] - Object: 'Object Repository/Sorting/SortingSelect' is clicked on

2022-02-11 22:31:08 - [TEST_STEP][PASSED] - delay(5): Delayed 5 second(s)

2022-02-11 22:31:13 - [MESSAGE][PASSED] - Delayed 5 second(s)

2022-02-11 22:31:13 - [TEST_STEP][PASSED] - takeScreenshot(): Taking screenshot successfully

2022-02-11 22:31:14 - [MESSAGE][PASSED] - Taking screenshot successfully
[[ATTACHMENT|D:\\xampp\\htdocs\\training\\Training\\Rattan\\Final_testing\\New_ActivityOverview\\Reports\\20220211_221705\\CalendarTestingWithSearchAndSorting\\20220211_221711\\1644598873937.png]]

2022-02-11 22:31:14 - [TEST_STEP][PASSED] - click(findTestObject("Object Repository/Sorting/SortingSelectOption", ["position1":"3"])): Object: 'Object Repository/Sorting/SortingSelectOption' is clicked on

2022-02-11 22:31:17 - [MESSAGE][PASSED] - Object: 'Object Repository/Sorting/SortingSelectOption' is clicked on

2022-02-11 22:31:17 - [TEST_STEP][PASSED] - delay(20): Delayed 20 second(s)

2022-02-11 22:31:37 - [MESSAGE][PASSED] - Delayed 20 second(s)

2022-02-11 22:31:37 - [TEST_STEP][PASSED] - takeScreenshot(): Taking screenshot successfully

2022-02-11 22:31:38 - [MESSAGE][PASSED] - Taking screenshot successfully
[[ATTACHMENT|D:\\xampp\\htdocs\\training\\Training\\Rattan\\Final_testing\\New_ActivityOverview\\Reports\\20220211_221705\\CalendarTestingWithSearchAndSorting\\20220211_221711\\1644598897811.png]]

2022-02-11 22:31:38 - [TEST_STEP][PASSED] - click(findTestObject("Object Repository/ListingArea/Search/InputSearch")): Object: 'Object Repository/ListingArea/Search/InputSearch' is clicked on

2022-02-11 22:31:41 - [MESSAGE][PASSED] - Object: 'Object Repository/ListingArea/Search/InputSearch' is clicked on

2022-02-11 22:31:41 - [TEST_STEP][PASSED] - setText(findTestObject("Object Repository/ListingArea/Search/InputSearch"), $searchtext2): Text 'rattan' is set on object 'Object Repository/ListingArea/Search/InputSearch'

2022-02-11 22:31:47 - [MESSAGE][PASSED] - Text 'rattan' is set on object 'Object Repository/ListingArea/Search/InputSearch'

2022-02-11 22:31:47 - [TEST_STEP][PASSED] - sendKeys(findTestObject("Object Repository/ListingArea/Search/InputSearch"), Keys.chord(ENTER)): Keys 'ENTER + ' sent to object: 'Object Repository/ListingArea/Search/InputSearch'

2022-02-11 22:31:50 - [MESSAGE][PASSED] - Keys 'ENTER + ' sent to object: 'Object Repository/ListingArea/Search/InputSearch'

2022-02-11 22:31:50 - [TEST_STEP][PASSED] - delay(20): Delayed 20 second(s)

2022-02-11 22:32:10 - [MESSAGE][PASSED] - Delayed 20 second(s)

2022-02-11 22:32:10 - [TEST_STEP][PASSED] - delay(20): Delayed 20 second(s)

2022-02-11 22:32:30 - [MESSAGE][PASSED] - Delayed 20 second(s)

2022-02-11 22:32:30 - [TEST_STEP][PASSED] - takeScreenshot(): Taking screenshot successfully

2022-02-11 22:32:31 - [MESSAGE][PASSED] - Taking screenshot successfully
[[ATTACHMENT|D:\\xampp\\htdocs\\training\\Training\\Rattan\\Final_testing\\New_ActivityOverview\\Reports\\20220211_221705\\CalendarTestingWithSearchAndSorting\\20220211_221711\\1644598951025.png]]

2022-02-11 22:32:31 - [TEST_STEP][PASSED] - click(findTestObject("Object Repository/Sorting/SortingSelect")): Object: 'Object Repository/Sorting/SortingSelect' is clicked on

2022-02-11 22:32:34 - [MESSAGE][PASSED] - Object: 'Object Repository/Sorting/SortingSelect' is clicked on

2022-02-11 22:32:34 - [TEST_STEP][PASSED] - delay(5): Delayed 5 second(s)

2022-02-11 22:32:39 - [MESSAGE][PASSED] - Delayed 5 second(s)

2022-02-11 22:32:39 - [TEST_STEP][PASSED] - takeScreenshot(): Taking screenshot successfully

2022-02-11 22:32:40 - [MESSAGE][PASSED] - Taking screenshot successfully
[[ATTACHMENT|D:\\xampp\\htdocs\\training\\Training\\Rattan\\Final_testing\\New_ActivityOverview\\Reports\\20220211_221705\\CalendarTestingWithSearchAndSorting\\20220211_221711\\1644598959912.png]]

2022-02-11 22:32:40 - [TEST_STEP][PASSED] - click(findTestObject("Object Repository/Sorting/SortingSelectOption", ["position1":"1"])): Object: 'Object Repository/Sorting/SortingSelectOption' is clicked on

2022-02-11 22:32:43 - [MESSAGE][PASSED] - Object: 'Object Repository/Sorting/SortingSelectOption' is clicked on

2022-02-11 22:32:43 - [TEST_STEP][PASSED] - delay(20): Delayed 20 second(s)

2022-02-11 22:33:03 - [MESSAGE][PASSED] - Delayed 20 second(s)

2022-02-11 22:33:03 - [TEST_STEP][PASSED] - takeScreenshot(): Taking screenshot successfully

2022-02-11 22:33:03 - [MESSAGE][PASSED] - Taking screenshot successfully
[[ATTACHMENT|D:\\xampp\\htdocs\\training\\Training\\Rattan\\Final_testing\\New_ActivityOverview\\Reports\\20220211_221705\\CalendarTestingWithSearchAndSorting\\20220211_221711\\1644598983458.png]]

2022-02-11 22:33:03 - [TEST_STEP][PASSED] - click(findTestObject("Object Repository/Sorting/SortingSelect")): Object: 'Object Repository/Sorting/SortingSelect' is clicked on

2022-02-11 22:33:07 - [MESSAGE][PASSED] - Object: 'Object Repository/Sorting/SortingSelect' is clicked on

2022-02-11 22:33:07 - [TEST_STEP][PASSED] - delay(5): Delayed 5 second(s)

2022-02-11 22:33:12 - [MESSAGE][PASSED] - Delayed 5 second(s)

2022-02-11 22:33:12 - [TEST_STEP][PASSED] - takeScreenshot(): Taking screenshot successfully

2022-02-11 22:33:14 - [MESSAGE][PASSED] - Taking screenshot successfully
[[ATTACHMENT|D:\\xampp\\htdocs\\training\\Training\\Rattan\\Final_testing\\New_ActivityOverview\\Reports\\20220211_221705\\CalendarTestingWithSearchAndSorting\\20220211_221711\\1644598992799.png]]

2022-02-11 22:33:14 - [TEST_STEP][PASSED] - click(findTestObject("Object Repository/Sorting/SortingSelectOption", ["position1":"2"])): Object: 'Object Repository/Sorting/SortingSelectOption' is clicked on

2022-02-11 22:33:18 - [MESSAGE][PASSED] - Object: 'Object Repository/Sorting/SortingSelectOption' is clicked on

2022-02-11 22:33:18 - [TEST_STEP][PASSED] - delay(20): Delayed 20 second(s)

2022-02-11 22:33:38 - [MESSAGE][PASSED] - Delayed 20 second(s)

2022-02-11 22:33:38 - [TEST_STEP][PASSED] - takeScreenshot(): Taking screenshot successfully

2022-02-11 22:33:39 - [MESSAGE][PASSED] - Taking screenshot successfully
[[ATTACHMENT|D:\\xampp\\htdocs\\training\\Training\\Rattan\\Final_testing\\New_ActivityOverview\\Reports\\20220211_221705\\CalendarTestingWithSearchAndSorting\\20220211_221711\\1644599018608.png]]

2022-02-11 22:33:39 - [TEST_STEP][PASSED] - click(findTestObject("Object Repository/Sorting/SortingSelect")): Object: 'Object Repository/Sorting/SortingSelect' is clicked on

2022-02-11 22:33:42 - [MESSAGE][PASSED] - Object: 'Object Repository/Sorting/SortingSelect' is clicked on

2022-02-11 22:33:42 - [TEST_STEP][PASSED] - delay(5): Delayed 5 second(s)

2022-02-11 22:33:47 - [MESSAGE][PASSED] - Delayed 5 second(s)

2022-02-11 22:33:47 - [TEST_STEP][PASSED] - takeScreenshot(): Taking screenshot successfully

2022-02-11 22:33:48 - [MESSAGE][PASSED] - Taking screenshot successfully
[[ATTACHMENT|D:\\xampp\\htdocs\\training\\Training\\Rattan\\Final_testing\\New_ActivityOverview\\Reports\\20220211_221705\\CalendarTestingWithSearchAndSorting\\20220211_221711\\1644599028004.png]]

2022-02-11 22:33:48 - [TEST_STEP][PASSED] - click(findTestObject("Object Repository/Sorting/SortingSelectOption", ["position1":"3"])): Object: 'Object Repository/Sorting/SortingSelectOption' is clicked on

2022-02-11 22:33:51 - [MESSAGE][PASSED] - Object: 'Object Repository/Sorting/SortingSelectOption' is clicked on

2022-02-11 22:33:51 - [TEST_STEP][PASSED] - delay(20): Delayed 20 second(s)

2022-02-11 22:34:11 - [MESSAGE][PASSED] - Delayed 20 second(s)

2022-02-11 22:34:11 - [TEST_STEP][PASSED] - takeScreenshot(): Taking screenshot successfully

2022-02-11 22:34:12 - [MESSAGE][PASSED] - Taking screenshot successfully
[[ATTACHMENT|D:\\xampp\\htdocs\\training\\Training\\Rattan\\Final_testing\\New_ActivityOverview\\Reports\\20220211_221705\\CalendarTestingWithSearchAndSorting\\20220211_221711\\1644599051971.png]]

2022-02-11 22:34:12 - [TEST_STEP][PASSED] - click(findTestObject("Object Repository/ListingArea/Search/InputSearch")): Object: 'Object Repository/ListingArea/Search/InputSearch' is clicked on

2022-02-11 22:34:15 - [MESSAGE][PASSED] - Object: 'Object Repository/ListingArea/Search/InputSearch' is clicked on

2022-02-11 22:34:15 - [TEST_STEP][PASSED] - setText(findTestObject("Object Repository/ListingArea/Search/InputSearch"), $searchtext3): Text '453354r' is set on object 'Object Repository/ListingArea/Search/InputSearch'

2022-02-11 22:34:22 - [MESSAGE][PASSED] - Text '453354r' is set on object 'Object Repository/ListingArea/Search/InputSearch'

2022-02-11 22:34:22 - [TEST_STEP][PASSED] - sendKeys(findTestObject("Object Repository/ListingArea/Search/InputSearch"), Keys.chord(ENTER)): Keys 'ENTER + ' sent to object: 'Object Repository/ListingArea/Search/InputSearch'

2022-02-11 22:34:25 - [MESSAGE][PASSED] - Keys 'ENTER + ' sent to object: 'Object Repository/ListingArea/Search/InputSearch'

2022-02-11 22:34:25 - [TEST_STEP][PASSED] - delay(20): Delayed 20 second(s)

2022-02-11 22:34:45 - [MESSAGE][PASSED] - Delayed 20 second(s)

2022-02-11 22:34:45 - [TEST_STEP][PASSED] - delay(20): Delayed 20 second(s)

2022-02-11 22:35:05 - [MESSAGE][PASSED] - Delayed 20 second(s)

2022-02-11 22:35:05 - [TEST_STEP][PASSED] - takeScreenshot(): Taking screenshot successfully

2022-02-11 22:35:06 - [MESSAGE][PASSED] - Taking screenshot successfully
[[ATTACHMENT|D:\\xampp\\htdocs\\training\\Training\\Rattan\\Final_testing\\New_ActivityOverview\\Reports\\20220211_221705\\CalendarTestingWithSearchAndSorting\\20220211_221711\\1644599105750.png]]

2022-02-11 22:35:06 - [TEST_STEP][PASSED] - click(findTestObject("Object Repository/Sorting/SortingSelect")): Object: 'Object Repository/Sorting/SortingSelect' is clicked on

2022-02-11 22:35:09 - [MESSAGE][PASSED] - Object: 'Object Repository/Sorting/SortingSelect' is clicked on

2022-02-11 22:35:09 - [TEST_STEP][PASSED] - delay(5): Delayed 5 second(s)

2022-02-11 22:35:14 - [MESSAGE][PASSED] - Delayed 5 second(s)

2022-02-11 22:35:14 - [TEST_STEP][PASSED] - takeScreenshot(): Taking screenshot successfully

2022-02-11 22:35:14 - [MESSAGE][PASSED] - Taking screenshot successfully
[[ATTACHMENT|D:\\xampp\\htdocs\\training\\Training\\Rattan\\Final_testing\\New_ActivityOverview\\Reports\\20220211_221705\\CalendarTestingWithSearchAndSorting\\20220211_221711\\1644599114548.png]]

2022-02-11 22:35:14 - [TEST_STEP][PASSED] - click(findTestObject("Object Repository/Sorting/SortingSelectOption", ["position1":"1"])): Object: 'Object Repository/Sorting/SortingSelectOption' is clicked on

2022-02-11 22:35:18 - [MESSAGE][PASSED] - Object: 'Object Repository/Sorting/SortingSelectOption' is clicked on

2022-02-11 22:35:18 - [TEST_STEP][PASSED] - delay(20): Delayed 20 second(s)

2022-02-11 22:35:38 - [MESSAGE][PASSED] - Delayed 20 second(s)

2022-02-11 22:35:38 - [TEST_STEP][PASSED] - takeScreenshot(): Taking screenshot successfully

2022-02-11 22:35:38 - [MESSAGE][PASSED] - Taking screenshot successfully
[[ATTACHMENT|D:\\xampp\\htdocs\\training\\Training\\Rattan\\Final_testing\\New_ActivityOverview\\Reports\\20220211_221705\\CalendarTestingWithSearchAndSorting\\20220211_221711\\1644599138292.png]]

2022-02-11 22:35:38 - [TEST_STEP][PASSED] - click(findTestObject("Object Repository/Sorting/SortingSelect")): Object: 'Object Repository/Sorting/SortingSelect' is clicked on

2022-02-11 22:35:41 - [MESSAGE][PASSED] - Object: 'Object Repository/Sorting/SortingSelect' is clicked on

2022-02-11 22:35:41 - [TEST_STEP][PASSED] - delay(5): Delayed 5 second(s)

2022-02-11 22:35:46 - [MESSAGE][PASSED] - Delayed 5 second(s)

2022-02-11 22:35:46 - [TEST_STEP][PASSED] - takeScreenshot(): Taking screenshot successfully

2022-02-11 22:35:47 - [MESSAGE][PASSED] - Taking screenshot successfully
[[ATTACHMENT|D:\\xampp\\htdocs\\training\\Training\\Rattan\\Final_testing\\New_ActivityOverview\\Reports\\20220211_221705\\CalendarTestingWithSearchAndSorting\\20220211_221711\\1644599146902.png]]

2022-02-11 22:35:47 - [TEST_STEP][PASSED] - click(findTestObject("Object Repository/Sorting/SortingSelectOption", ["position1":"2"])): Object: 'Object Repository/Sorting/SortingSelectOption' is clicked on

2022-02-11 22:35:50 - [MESSAGE][PASSED] - Object: 'Object Repository/Sorting/SortingSelectOption' is clicked on

2022-02-11 22:35:50 - [TEST_STEP][PASSED] - delay(20): Delayed 20 second(s)

2022-02-11 22:36:10 - [MESSAGE][PASSED] - Delayed 20 second(s)

2022-02-11 22:36:10 - [TEST_STEP][PASSED] - takeScreenshot(): Taking screenshot successfully

2022-02-11 22:36:10 - [MESSAGE][PASSED] - Taking screenshot successfully
[[ATTACHMENT|D:\\xampp\\htdocs\\training\\Training\\Rattan\\Final_testing\\New_ActivityOverview\\Reports\\20220211_221705\\CalendarTestingWithSearchAndSorting\\20220211_221711\\1644599170507.png]]

2022-02-11 22:36:10 - [TEST_STEP][PASSED] - click(findTestObject("Object Repository/Sorting/SortingSelect")): Object: 'Object Repository/Sorting/SortingSelect' is clicked on

2022-02-11 22:36:14 - [MESSAGE][PASSED] - Object: 'Object Repository/Sorting/SortingSelect' is clicked on

2022-02-11 22:36:14 - [TEST_STEP][PASSED] - delay(5): Delayed 5 second(s)

2022-02-11 22:36:19 - [MESSAGE][PASSED] - Delayed 5 second(s)

2022-02-11 22:36:19 - [TEST_STEP][PASSED] - takeScreenshot(): Taking screenshot successfully

2022-02-11 22:36:19 - [MESSAGE][PASSED] - Taking screenshot successfully
[[ATTACHMENT|D:\\xampp\\htdocs\\training\\Training\\Rattan\\Final_testing\\New_ActivityOverview\\Reports\\20220211_221705\\CalendarTestingWithSearchAndSorting\\20220211_221711\\1644599179081.png]]

2022-02-11 22:36:19 - [TEST_STEP][PASSED] - click(findTestObject("Object Repository/Sorting/SortingSelectOption", ["position1":"3"])): Object: 'Object Repository/Sorting/SortingSelectOption' is clicked on

2022-02-11 22:36:23 - [MESSAGE][PASSED] - Object: 'Object Repository/Sorting/SortingSelectOption' is clicked on

2022-02-11 22:36:23 - [TEST_STEP][PASSED] - delay(20): Delayed 20 second(s)

2022-02-11 22:36:43 - [MESSAGE][PASSED] - Delayed 20 second(s)

2022-02-11 22:36:43 - [TEST_STEP][PASSED] - takeScreenshot(): Taking screenshot successfully

2022-02-11 22:36:43 - [MESSAGE][PASSED] - Taking screenshot successfully
[[ATTACHMENT|D:\\xampp\\htdocs\\training\\Training\\Rattan\\Final_testing\\New_ActivityOverview\\Reports\\20220211_221705\\CalendarTestingWithSearchAndSorting\\20220211_221711\\1644599203490.png]]

2022-02-11 22:36:43 - [TEST_STEP][PASSED] - delay(20): Delayed 20 second(s)

2022-02-11 22:37:03 - [MESSAGE][PASSED] - Delayed 20 second(s)

2022-02-11 22:37:03 - [TEST_STEP][PASSED] - takeScreenshot(): Taking screenshot successfully

2022-02-11 22:37:03 - [MESSAGE][PASSED] - Taking screenshot successfully
[[ATTACHMENT|D:\\xampp\\htdocs\\training\\Training\\Rattan\\Final_testing\\New_ActivityOverview\\Reports\\20220211_221705\\CalendarTestingWithSearchAndSorting\\20220211_221711\\1644599223727.png]]

2022-02-11 22:37:03 - [TEST_STEP][PASSED] - click(findTestObject("Object Repository/ListingArea/Search/ClearSearch")): Object: 'Object Repository/ListingArea/Search/ClearSearch' is clicked on

2022-02-11 22:37:07 - [MESSAGE][PASSED] - Object: 'Object Repository/ListingArea/Search/ClearSearch' is clicked on

2022-02-11 22:37:07 - [TEST_STEP][PASSED] - if (sizeoflisting < 2): null]]></system-out>
         <system-err><![CDATA[]]></system-err>
      </testcase>
      <system-out><![CDATA[2022-02-11 22:18:31 - [TEST_SUITE][PASSED] - CalendarTestingWithSearchAndSorting: Test Cases/NewActivityOverview-LeftNavigation/ActivityOverview-ListingCalendar-SearchSorting]]></system-out>
      <system-err><![CDATA[]]></system-err>
   </testsuite>
   <testsuite name="CancelAndRefundMultipleBookings-CopiedURL" tests="1" failures="0" errors="0" time="961.498" skipped="0" timestamp="2022-02-11 22:18:41" hostname="intersoft-admin - DESKTOP-ANQSRIJ" id="Test Suites/CancelAndRefundMultipleBookings-CopiedURL">
      <properties>
         <property name="deviceName" value=""/>
         <property name="devicePlatform" value=""/>
         <property name="logFolder" value="D:\\xampp\\htdocs\\training\\Training\\Rattan\\Final_testing\\New_ActivityOverview\\Reports\\20220211_221705\\CancelAndRefundMultipleBookings-CopiedURL\\20220211_221713"/>
         <property name="logFiles" value="D:\\xampp\\htdocs\\training\\Training\\Rattan\\Final_testing\\New_ActivityOverview\\Reports\\20220211_221705\\CancelAndRefundMultipleBookings-CopiedURL\\20220211_221713\\execution0.log"/>
         <property name="attachments" value="D:\\xampp\\htdocs\\training\\Training\\Rattan\\Final_testing\\New_ActivityOverview\\Reports\\20220211_221705\\CancelAndRefundMultipleBookings-CopiedURL\\20220211_221713\\1644598189411.png, D:\\xampp\\htdocs\\training\\Training\\Rattan\\Final_testing\\New_ActivityOverview\\Reports\\20220211_221705\\CancelAndRefundMultipleBookings-CopiedURL\\20220211_221713\\1644598217762.png, D:\\xampp\\htdocs\\training\\Training\\Rattan\\Final_testing\\New_ActivityOverview\\Reports\\20220211_221705\\CancelAndRefundMultipleBookings-CopiedURL\\20220211_221713\\1644598251556.png, D:\\xampp\\htdocs\\training\\Training\\Rattan\\Final_testing\\New_ActivityOverview\\Reports\\20220211_221705\\CancelAndRefundMultipleBookings-CopiedURL\\20220211_221713\\1644598288320.png, D:\\xampp\\htdocs\\training\\Training\\Rattan\\Final_testing\\New_ActivityOverview\\Reports\\20220211_221705\\CancelAndRefundMultipleBookings-CopiedURL\\20220211_221713\\1644598312328.png, D:\\xampp\\htdocs\\training\\Training\\Rattan\\Final_testing\\New_ActivityOverview\\Reports\\20220211_221705\\CancelAndRefundMultipleBookings-CopiedURL\\20220211_221713\\1644598313200.png, D:\\xampp\\htdocs\\training\\Training\\Rattan\\Final_testing\\New_ActivityOverview\\Reports\\20220211_221705\\CancelAndRefundMultipleBookings-CopiedURL\\20220211_221713\\1644598337007.png, D:\\xampp\\htdocs\\training\\Training\\Rattan\\Final_testing\\New_ActivityOverview\\Reports\\20220211_221705\\CancelAndRefundMultipleBookings-CopiedURL\\20220211_221713\\1644598387010.png, D:\\xampp\\htdocs\\training\\Training\\Rattan\\Final_testing\\New_ActivityOverview\\Reports\\20220211_221705\\CancelAndRefundMultipleBookings-CopiedURL\\20220211_221713\\1644598450084.png, D:\\xampp\\htdocs\\training\\Training\\Rattan\\Final_testing\\New_ActivityOverview\\Reports\\20220211_221705\\CancelAndRefundMultipleBookings-CopiedURL\\20220211_221713\\1644598451888.png, D:\\xampp\\htdocs\\training\\Training\\Rattan\\Final_testing\\New_ActivityOverview\\Reports\\20220211_221705\\CancelAndRefundMultipleBookings-CopiedURL\\20220211_221713\\1644598476319.png, D:\\xampp\\htdocs\\training\\Training\\Rattan\\Final_testing\\New_ActivityOverview\\Reports\\20220211_221705\\CancelAndRefundMultipleBookings-CopiedURL\\20220211_221713\\1644598483137.png, D:\\xampp\\htdocs\\training\\Training\\Rattan\\Final_testing\\New_ActivityOverview\\Reports\\20220211_221705\\CancelAndRefundMultipleBookings-CopiedURL\\20220211_221713\\1644598497194.png, D:\\xampp\\htdocs\\training\\Training\\Rattan\\Final_testing\\New_ActivityOverview\\Reports\\20220211_221705\\CancelAndRefundMultipleBookings-CopiedURL\\20220211_221713\\1644598511238.png, D:\\xampp\\htdocs\\training\\Training\\Rattan\\Final_testing\\New_ActivityOverview\\Reports\\20220211_221705\\CancelAndRefundMultipleBookings-CopiedURL\\20220211_221713\\1644598522515.png, D:\\xampp\\htdocs\\training\\Training\\Rattan\\Final_testing\\New_ActivityOverview\\Reports\\20220211_221705\\CancelAndRefundMultipleBookings-CopiedURL\\20220211_221713\\1644598530205.png, D:\\xampp\\htdocs\\training\\Training\\Rattan\\Final_testing\\New_ActivityOverview\\Reports\\20220211_221705\\CancelAndRefundMultipleBookings-CopiedURL\\20220211_221713\\1644598540596.png, D:\\xampp\\htdocs\\training\\Training\\Rattan\\Final_testing\\New_ActivityOverview\\Reports\\20220211_221705\\CancelAndRefundMultipleBookings-CopiedURL\\20220211_221713\\1644598549348.png, D:\\xampp\\htdocs\\training\\Training\\Rattan\\Final_testing\\New_ActivityOverview\\Reports\\20220211_221705\\CancelAndRefundMultipleBookings-CopiedURL\\20220211_221713\\1644598561245.png, D:\\xampp\\htdocs\\training\\Training\\Rattan\\Final_testing\\New_ActivityOverview\\Reports\\20220211_221705\\CancelAndRefundMultipleBookings-CopiedURL\\20220211_221713\\1644598575512.png, D:\\xampp\\htdocs\\training\\Training\\Rattan\\Final_testing\\New_ActivityOverview\\Reports\\20220211_221705\\CancelAndRefundMultipleBookings-CopiedURL\\20220211_221713\\1644598651120.png, D:\\xampp\\htdocs\\training\\Training\\Rattan\\Final_testing\\New_ActivityOverview\\Reports\\20220211_221705\\CancelAndRefundMultipleBookings-CopiedURL\\20220211_221713\\1644598667581.png, D:\\xampp\\htdocs\\training\\Training\\Rattan\\Final_testing\\New_ActivityOverview\\Reports\\20220211_221705\\CancelAndRefundMultipleBookings-CopiedURL\\20220211_221713\\1644598684711.png, D:\\xampp\\htdocs\\training\\Training\\Rattan\\Final_testing\\New_ActivityOverview\\Reports\\20220211_221705\\CancelAndRefundMultipleBookings-CopiedURL\\20220211_221713\\1644598716664.png, D:\\xampp\\htdocs\\training\\Training\\Rattan\\Final_testing\\New_ActivityOverview\\Reports\\20220211_221705\\CancelAndRefundMultipleBookings-CopiedURL\\20220211_221713\\1644598740233.png, D:\\xampp\\htdocs\\training\\Training\\Rattan\\Final_testing\\New_ActivityOverview\\Reports\\20220211_221705\\CancelAndRefundMultipleBookings-CopiedURL\\20220211_221713\\1644598740765.png, D:\\xampp\\htdocs\\training\\Training\\Rattan\\Final_testing\\New_ActivityOverview\\Reports\\20220211_221705\\CancelAndRefundMultipleBookings-CopiedURL\\20220211_221713\\1644598764343.png, D:\\xampp\\htdocs\\training\\Training\\Rattan\\Final_testing\\New_ActivityOverview\\Reports\\20220211_221705\\CancelAndRefundMultipleBookings-CopiedURL\\20220211_221713\\1644598771003.png, D:\\xampp\\htdocs\\training\\Training\\Rattan\\Final_testing\\New_ActivityOverview\\Reports\\20220211_221705\\CancelAndRefundMultipleBookings-CopiedURL\\20220211_221713\\1644598785821.png, D:\\xampp\\htdocs\\training\\Training\\Rattan\\Final_testing\\New_ActivityOverview\\Reports\\20220211_221705\\CancelAndRefundMultipleBookings-CopiedURL\\20220211_221713\\1644598799554.png, D:\\xampp\\htdocs\\training\\Training\\Rattan\\Final_testing\\New_ActivityOverview\\Reports\\20220211_221705\\CancelAndRefundMultipleBookings-CopiedURL\\20220211_221713\\1644598810214.png, D:\\xampp\\htdocs\\training\\Training\\Rattan\\Final_testing\\New_ActivityOverview\\Reports\\20220211_221705\\CancelAndRefundMultipleBookings-CopiedURL\\20220211_221713\\1644598821193.png, D:\\xampp\\htdocs\\training\\Training\\Rattan\\Final_testing\\New_ActivityOverview\\Reports\\20220211_221705\\CancelAndRefundMultipleBookings-CopiedURL\\20220211_221713\\1644598829672.png, D:\\xampp\\htdocs\\training\\Training\\Rattan\\Final_testing\\New_ActivityOverview\\Reports\\20220211_221705\\CancelAndRefundMultipleBookings-CopiedURL\\20220211_221713\\1644598837835.png, D:\\xampp\\htdocs\\training\\Training\\Rattan\\Final_testing\\New_ActivityOverview\\Reports\\20220211_221705\\CancelAndRefundMultipleBookings-CopiedURL\\20220211_221713\\1644598848782.png, D:\\xampp\\htdocs\\training\\Training\\Rattan\\Final_testing\\New_ActivityOverview\\Reports\\20220211_221705\\CancelAndRefundMultipleBookings-CopiedURL\\20220211_221713\\1644598862627.png, D:\\xampp\\htdocs\\training\\Training\\Rattan\\Final_testing\\New_ActivityOverview\\Reports\\20220211_221705\\CancelAndRefundMultipleBookings-CopiedURL\\20220211_221713\\1644598916286.png, D:\\xampp\\htdocs\\training\\Training\\Rattan\\Final_testing\\New_ActivityOverview\\Reports\\20220211_221705\\CancelAndRefundMultipleBookings-CopiedURL\\20220211_221713\\1644598916764.png, D:\\xampp\\htdocs\\training\\Training\\Rattan\\Final_testing\\New_ActivityOverview\\Reports\\20220211_221705\\CancelAndRefundMultipleBookings-CopiedURL\\20220211_221713\\1644598940344.png, D:\\xampp\\htdocs\\training\\Training\\Rattan\\Final_testing\\New_ActivityOverview\\Reports\\20220211_221705\\CancelAndRefundMultipleBookings-CopiedURL\\20220211_221713\\1644598946897.png, D:\\xampp\\htdocs\\training\\Training\\Rattan\\Final_testing\\New_ActivityOverview\\Reports\\20220211_221705\\CancelAndRefundMultipleBookings-CopiedURL\\20220211_221713\\1644598960548.png, D:\\xampp\\htdocs\\training\\Training\\Rattan\\Final_testing\\New_ActivityOverview\\Reports\\20220211_221705\\CancelAndRefundMultipleBookings-CopiedURL\\20220211_221713\\1644598974201.png, D:\\xampp\\htdocs\\training\\Training\\Rattan\\Final_testing\\New_ActivityOverview\\Reports\\20220211_221705\\CancelAndRefundMultipleBookings-CopiedURL\\20220211_221713\\1644598984658.png, D:\\xampp\\htdocs\\training\\Training\\Rattan\\Final_testing\\New_ActivityOverview\\Reports\\20220211_221705\\CancelAndRefundMultipleBookings-CopiedURL\\20220211_221713\\1644598994599.png, D:\\xampp\\htdocs\\training\\Training\\Rattan\\Final_testing\\New_ActivityOverview\\Reports\\20220211_221705\\CancelAndRefundMultipleBookings-CopiedURL\\20220211_221713\\1644599008727.png, D:\\xampp\\htdocs\\training\\Training\\Rattan\\Final_testing\\New_ActivityOverview\\Reports\\20220211_221705\\CancelAndRefundMultipleBookings-CopiedURL\\20220211_221713\\1644599016613.png, D:\\xampp\\htdocs\\training\\Training\\Rattan\\Final_testing\\New_ActivityOverview\\Reports\\20220211_221705\\CancelAndRefundMultipleBookings-CopiedURL\\20220211_221713\\1644599049676.png"/>
         <property name="hostName" value="intersoft-admin - DESKTOP-ANQSRIJ"/>
         <property name="os" value="Windows 10 64bit"/>
         <property name="katalonVersion" value="8.2.5.208"/>
         <property name="browser" value="Chrome 98.0.4758.82"/>
         <property name="hostAddress" value="192.168.1.59"/>
         <property name="sessionId" value="50e29d7083f8c4feb84c783f27c9be8a"/>
         <property name="seleniumVersion" value="3.141.59"/>
         <property name="proxyInformation" value="ProxyInformation { proxyOption=NO_PROXY, proxyServerType=HTTP, username=, password=********, proxyServerAddress=, proxyServerPort=0, executionList=&quot;&quot;, isApplyToDesiredCapabilities=true }"/>
         <property name="platform" value="Windows 10"/>
      </properties>
      <testcase name="Test Cases/NewActivityOverview-LeftNavigation/ActivityOverview-CancelBooking-GetOrderIDAndRefund - CopiedURL" time="477.454" classname="Test Cases/NewActivityOverview-LeftNavigation/ActivityOverview-CancelBooking-GetOrderIDAndRefund - CopiedURL" status="PASSED">
         <system-out><![CDATA[2022-02-11 22:26:45 - [TEST_CASE][PASSED] - Test Cases/NewActivityOverview-LeftNavigation/ActivityOverview-CancelBooking-GetOrderIDAndRefund - CopiedURL: Test Cases/NewActivityOverview-LeftNavigation/ActivityOverview-CancelBooking-GetOrderIDAndRefund - CopiedURL

2022-02-11 22:26:46 - [TEST_STEP][PASSED] - callTestCase(findTestCase("LoginWithSuperAdmin/SuperAdmin-Login"), [:], STOP_ON_FAILURE): Call Test Case 'Test Cases/LoginWithSuperAdmin/SuperAdmin-Login' successfully

2022-02-11 22:26:46 - [TEST_CASE][PASSED] - Test Cases/LoginWithSuperAdmin/SuperAdmin-Login: Test Cases/LoginWithSuperAdmin/SuperAdmin-Login

2022-02-11 22:26:46 - [TEST_STEP][PASSED] - openBrowser(""): Browser is opened with url: ''

2022-02-11 22:26:46 - [MESSAGE][WARNING] - A browser is already opened. Closing browser and opening a new one

2022-02-11 22:26:47 - [MESSAGE][INFO] - Starting 'Chrome' driver

2022-02-11 22:26:47 - [MESSAGE][INFO] - Action delay is set to 3,000 milliseconds

2022-02-11 22:26:50 - [MESSAGE][PASSED] - Browser is opened with url: ''

2022-02-11 22:26:50 - [TEST_STEP][PASSED] - setViewPortSize(1920, 1080): Viewport is set to new size with width = 1920 and height = 1080

2022-02-11 22:26:50 - [MESSAGE][PASSED] - Viewport is set to new size with width = 1920 and height = 1080

2022-02-11 22:26:50 - [TEST_STEP][PASSED] - navigateToUrl(URL): Navigate to 'https://marketplacev1.test-prio.com' successfully

2022-02-11 22:26:55 - [MESSAGE][PASSED] - Navigate to 'https://marketplacev1.test-prio.com' successfully

2022-02-11 22:26:55 - [TEST_STEP][PASSED] - delay(3): Delayed 3 second(s)

2022-02-11 22:26:58 - [MESSAGE][PASSED] - Delayed 3 second(s)

2022-02-11 22:26:58 - [TEST_STEP][PASSED] - click(findTestObject("SuperAdmin/Login/input_Email_contact_email")): Object: 'Object Repository/SuperAdmin/Login/input_Email_contact_email' is clicked on

2022-02-11 22:27:17 - [MESSAGE][PASSED] - Object: 'Object Repository/SuperAdmin/Login/input_Email_contact_email' is clicked on

2022-02-11 22:27:17 - [TEST_STEP][PASSED] - setText(findTestObject("SuperAdmin/Login/input_Email_contact_email"), uname): Text 'superadmin@tippoint.com' is set on object 'Object Repository/SuperAdmin/Login/input_Email_contact_email'

2022-02-11 22:27:24 - [MESSAGE][PASSED] - Text 'superadmin@tippoint.com' is set on object 'Object Repository/SuperAdmin/Login/input_Email_contact_email'

2022-02-11 22:27:24 - [TEST_STEP][PASSED] - setEncryptedText(findTestObject("SuperAdmin/Login/input_Password_password"), Password): Text ****** has been set on object 'Object Repository/SuperAdmin/Login/input_Password_password'

2022-02-11 22:27:30 - [MESSAGE][PASSED] - Text ****** has been set on object 'Object Repository/SuperAdmin/Login/input_Password_password'

2022-02-11 22:27:30 - [TEST_STEP][PASSED] - takeScreenshot(): Taking screenshot successfully

2022-02-11 22:27:32 - [MESSAGE][PASSED] - Taking screenshot successfully
[[ATTACHMENT|D:\\xampp\\htdocs\\training\\Training\\Rattan\\Final_testing\\New_ActivityOverview\\Reports\\20220211_221705\\CancelAndRefundMultipleBookings-CopiedURL\\20220211_221713\\1644598651120.png]]

2022-02-11 22:27:32 - [TEST_STEP][PASSED] - newpackage.clickUsingJS.clickUsingJS(findTestObject("SuperAdmin/Login/button_Sign in"), 5): newpackage.clickUsingJS.clickUsingJS is PASSED

2022-02-11 22:27:32 - [MESSAGE][PASSED] - newpackage.clickUsingJS.clickUsingJS is PASSED

2022-02-11 22:27:32 - [MESSAGE][PASSED] - Call Test Case 'Test Cases/LoginWithSuperAdmin/SuperAdmin-Login' successfully

2022-02-11 22:27:32 - [TEST_STEP][PASSED] - switchToDefaultContent(): null

2022-02-11 22:27:32 - [TEST_STEP][PASSED] - click(findTestObject("SuperAdminLeftNavigation/NewActivityOverview-LeftNavigation")): Object: 'Object Repository/SuperAdminLeftNavigation/NewActivityOverview-LeftNavigation' is clicked on

2022-02-11 22:27:46 - [MESSAGE][PASSED] - Object: 'Object Repository/SuperAdminLeftNavigation/NewActivityOverview-LeftNavigation' is clicked on

2022-02-11 22:27:46 - [TEST_STEP][PASSED] - takeScreenshot(): Taking screenshot successfully

2022-02-11 22:27:54 - [MESSAGE][PASSED] - Taking screenshot successfully
[[ATTACHMENT|D:\\xampp\\htdocs\\training\\Training\\Rattan\\Final_testing\\New_ActivityOverview\\Reports\\20220211_221705\\CancelAndRefundMultipleBookings-CopiedURL\\20220211_221713\\1644598667581.png]]

2022-02-11 22:27:54 - [TEST_STEP][PASSED] - switchToFrame(findTestObject("Object Repository/Iframe/NewActivityOverviewIframe"), 5): null

2022-02-11 22:27:54 - [TEST_STEP][PASSED] - delay(10): Delayed 10 second(s)

2022-02-11 22:28:04 - [MESSAGE][PASSED] - Delayed 10 second(s)

2022-02-11 22:28:04 - [TEST_STEP][PASSED] - takeScreenshot(): Taking screenshot successfully

2022-02-11 22:28:04 - [MESSAGE][PASSED] - Taking screenshot successfully
[[ATTACHMENT|D:\\xampp\\htdocs\\training\\Training\\Rattan\\Final_testing\\New_ActivityOverview\\Reports\\20220211_221705\\CancelAndRefundMultipleBookings-CopiedURL\\20220211_221713\\1644598684711.png]]

2022-02-11 22:28:04 - [TEST_STEP][PASSED] - sizeoflisting = findWebElements(findTestObject("ListingArea/ListingContainsData"), 5).size(): null

2022-02-11 22:28:05 - [TEST_STEP][PASSED] - println(sizeoflisting): null

2022-02-11 22:28:05 - [TEST_STEP][PASSED] - logInfo(Size of Order Listing: $sizeoflisting): Size of Order Listing: 11

2022-02-11 22:28:05 - [MESSAGE][INFO] - Size of Order Listing: 11

2022-02-11 22:28:05 - [TEST_STEP][PASSED] - if (sizeoflisting > 2): Delayed 13 second(s)

2022-02-11 22:28:05 - [TEST_STEP][PASSED] - logInfo("Orders Exist in Listing"): Orders Exist in Listing

2022-02-11 22:28:05 - [MESSAGE][INFO] - Orders Exist in Listing

2022-02-11 22:28:05 - [TEST_STEP][PASSED] - click(findTestObject("Object Repository/OrderPerPage/OrderPerPage_select")): Object: 'Object Repository/OrderPerPage/OrderPerPage_select' is clicked on

2022-02-11 22:28:08 - [MESSAGE][PASSED] - Object: 'Object Repository/OrderPerPage/OrderPerPage_select' is clicked on

2022-02-11 22:28:08 - [TEST_STEP][PASSED] - delay(5): Delayed 5 second(s)

2022-02-11 22:28:13 - [MESSAGE][PASSED] - Delayed 5 second(s)

2022-02-11 22:28:13 - [TEST_STEP][PASSED] - click(findTestObject("Object Repository/OrderPerPage/OrderPerPage-SelectOption")): Object: 'Object Repository/OrderPerPage/OrderPerPage-SelectOption' is clicked on

2022-02-11 22:28:16 - [MESSAGE][PASSED] - Object: 'Object Repository/OrderPerPage/OrderPerPage-SelectOption' is clicked on

2022-02-11 22:28:16 - [TEST_STEP][PASSED] - delay(20): Delayed 20 second(s)

2022-02-11 22:28:36 - [MESSAGE][PASSED] - Delayed 20 second(s)

2022-02-11 22:28:36 - [TEST_STEP][PASSED] - takeScreenshot(): Taking screenshot successfully

2022-02-11 22:28:36 - [MESSAGE][PASSED] - Taking screenshot successfully
[[ATTACHMENT|D:\\xampp\\htdocs\\training\\Training\\Rattan\\Final_testing\\New_ActivityOverview\\Reports\\20220211_221705\\CancelAndRefundMultipleBookings-CopiedURL\\20220211_221713\\1644598716664.png]]

2022-02-11 22:28:36 - [TEST_STEP][PASSED] - SizeofPagination = getText(findTestObject("Object Repository/PaginationCOunt/PaginationCount")): Text of object 'Object Repository/PaginationCOunt/PaginationCount' is: '100'

2022-02-11 22:28:36 - [MESSAGE][PASSED] - Text of object 'Object Repository/PaginationCOunt/PaginationCount' is: '100'

2022-02-11 22:28:36 - [TEST_STEP][PASSED] - println(SizeofPagination): null

2022-02-11 22:28:36 - [TEST_STEP][PASSED] - paginationmaxcount = Integer.parseInt(SizeofPagination): null

2022-02-11 22:28:36 - [TEST_STEP][PASSED] - paginationmaxcount = 2: null

2022-02-11 22:28:36 - [TEST_STEP][PASSED] - logInfo(Size of Pagination: $paginationmaxcount): Size of Pagination: 2

2022-02-11 22:28:36 - [MESSAGE][INFO] - Size of Pagination: 2

2022-02-11 22:28:36 - [TEST_STEP][PASSED] - totalrecords = 0: null

2022-02-11 22:28:36 - [TEST_STEP][PASSED] - for ([l = 1, l <= paginationmaxcount, (l++)]): Delayed 13 second(s)

2022-02-11 22:28:36 - [TEST_STEP][PASSED] - if (l <= 5): null

2022-02-11 22:28:36 - [TEST_STEP][PASSED] - paginationvalue = l: null

2022-02-11 22:28:36 - [TEST_STEP][PASSED] - if (l > 5): null

2022-02-11 22:28:36 - [TEST_STEP][PASSED] - logInfo(Size of Pagination: $paginationvalue): Size of Pagination: 1

2022-02-11 22:28:36 - [MESSAGE][INFO] - Size of Pagination: 1

2022-02-11 22:28:36 - [TEST_STEP][PASSED] - click(findTestObject("Object Repository/PaginationCOunt/ClickOnPagination", ["pagination":paginationvalue])): Object: 'Object Repository/PaginationCOunt/ClickOnPagination' is clicked on

2022-02-11 22:28:40 - [MESSAGE][PASSED] - Object: 'Object Repository/PaginationCOunt/ClickOnPagination' is clicked on

2022-02-11 22:28:40 - [TEST_STEP][PASSED] - delay(20): Delayed 20 second(s)

2022-02-11 22:29:00 - [MESSAGE][PASSED] - Delayed 20 second(s)

2022-02-11 22:29:00 - [TEST_STEP][PASSED] - takeScreenshot(): Taking screenshot successfully

2022-02-11 22:29:00 - [MESSAGE][PASSED] - Taking screenshot successfully
[[ATTACHMENT|D:\\xampp\\htdocs\\training\\Training\\Rattan\\Final_testing\\New_ActivityOverview\\Reports\\20220211_221705\\CancelAndRefundMultipleBookings-CopiedURL\\20220211_221713\\1644598740233.png]]

2022-02-11 22:29:00 - [TEST_STEP][PASSED] - SizeofActiveBookings = findWebElements(findTestObject("Object Repository/CancelAndRefund/OrderListWithoutRefundedStatus"), 5).size(): null

2022-02-11 22:29:00 - [TEST_STEP][PASSED] - logInfo(Size of Active Bookings: $SizeofActiveBookings): Size of Active Bookings: 84

2022-02-11 22:29:00 - [MESSAGE][INFO] - Size of Active Bookings: 84

2022-02-11 22:29:00 - [TEST_STEP][PASSED] - for ([refund = 1, refund < SizeofActiveBookings, (refund++)]): Call Test Case 'Test Cases/StepToReUse/ActivityOverview-CancelBooking' successfully

2022-02-11 22:29:00 - [TEST_STEP][PASSED] - if (refund == 1): null

2022-02-11 22:29:00 - [TEST_STEP][PASSED] - refund = SizeofActiveBookings: null

2022-02-11 22:29:00 - [TEST_STEP][PASSED] - refundvalue = refund: null

2022-02-11 22:29:00 - [TEST_STEP][PASSED] - logInfo(Size of refund booking: $refund): Size of refund booking: 84

2022-02-11 22:29:00 - [MESSAGE][INFO] - Size of refund booking: 84

2022-02-11 22:29:00 - [TEST_STEP][PASSED] - scrollToElement(findTestObject("Object Repository/CancelAndRefund/OrderListWithoutRefundedStatus - Click", ["position":refund]), 15): Scroll to object 'Object Repository/CancelAndRefund/OrderListWithoutRefundedStatus - Click' successfully

2022-02-11 22:29:00 - [MESSAGE][PASSED] - Scroll to object 'Object Repository/CancelAndRefund/OrderListWithoutRefundedStatus - Click' successfully

2022-02-11 22:29:00 - [TEST_STEP][PASSED] - takeScreenshot(): Taking screenshot successfully

2022-02-11 22:29:00 - [MESSAGE][PASSED] - Taking screenshot successfully
[[ATTACHMENT|D:\\xampp\\htdocs\\training\\Training\\Rattan\\Final_testing\\New_ActivityOverview\\Reports\\20220211_221705\\CancelAndRefundMultipleBookings-CopiedURL\\20220211_221713\\1644598740765.png]]

2022-02-11 22:29:00 - [TEST_STEP][PASSED] - orderId = findWebElement(findTestObject("Object Repository/GetOrderID/GetOrderID", ["position":refund])).getAttribute("data-order_id"): null

2022-02-11 22:29:01 - [TEST_STEP][PASSED] - orderId = orderId: null

2022-02-11 22:29:01 - [TEST_STEP][PASSED] - logInfo(Order ID: $orderId): Order ID: 164449792376653

2022-02-11 22:29:01 - [MESSAGE][INFO] - Order ID: 164449792376653

2022-02-11 22:29:01 - [TEST_STEP][PASSED] - click(findTestObject("Object Repository/GetOrderID/GetOrderID", ["position":refund])): Object: 'Object Repository/GetOrderID/GetOrderID' is clicked on

2022-02-11 22:29:04 - [MESSAGE][PASSED] - Object: 'Object Repository/GetOrderID/GetOrderID' is clicked on

2022-02-11 22:29:04 - [TEST_STEP][PASSED] - delay(20): Delayed 20 second(s)

2022-02-11 22:29:24 - [MESSAGE][PASSED] - Delayed 20 second(s)

2022-02-11 22:29:24 - [TEST_STEP][PASSED] - takeScreenshot(): Taking screenshot successfully

2022-02-11 22:29:24 - [MESSAGE][PASSED] - Taking screenshot successfully
[[ATTACHMENT|D:\\xampp\\htdocs\\training\\Training\\Rattan\\Final_testing\\New_ActivityOverview\\Reports\\20220211_221705\\CancelAndRefundMultipleBookings-CopiedURL\\20220211_221713\\1644598764343.png]]

2022-02-11 22:29:24 - [TEST_STEP][PASSED] - if (waitForElementPresent(findTestObject("Object Repository/DetailPop-up/ExpanSection/ProductInformationExpandedSection-Exist"), 10)): Taking screenshot successfully

2022-02-11 22:29:24 - [MESSAGE][PASSED] - Object 'Object Repository/DetailPop-up/ExpanSection/ProductInformationExpandedSection-Exist' is present

2022-02-11 22:29:24 - [TEST_STEP][PASSED] - logInfo("Product Expanded Section Exist"): Product Expanded Section Exist

2022-02-11 22:29:24 - [MESSAGE][INFO] - Product Expanded Section Exist

2022-02-11 22:29:24 - [TEST_STEP][PASSED] - click(findTestObject("DetailPop-up/ExpanSection/ProductInformationExpandedSection -Exist- ClickOnExpandedView")): Object: 'Object Repository/DetailPop-up/ExpanSection/ProductInformationExpandedSection -Exist- ClickOnExpandedView' is clicked on

2022-02-11 22:29:27 - [MESSAGE][PASSED] - Object: 'Object Repository/DetailPop-up/ExpanSection/ProductInformationExpandedSection -Exist- ClickOnExpandedView' is clicked on

2022-02-11 22:29:27 - [TEST_STEP][PASSED] - delay(3): Delayed 3 second(s)

2022-02-11 22:29:30 - [MESSAGE][PASSED] - Delayed 3 second(s)

2022-02-11 22:29:30 - [TEST_STEP][PASSED] - takeScreenshot(): Taking screenshot successfully

2022-02-11 22:29:32 - [MESSAGE][PASSED] - Taking screenshot successfully
[[ATTACHMENT|D:\\xampp\\htdocs\\training\\Training\\Rattan\\Final_testing\\New_ActivityOverview\\Reports\\20220211_221705\\CancelAndRefundMultipleBookings-CopiedURL\\20220211_221713\\1644598771003.png]]

2022-02-11 22:29:32 - [TEST_STEP][PASSED] - callTestCase(findTestCase("Test Cases/StepToReUse/StepTOCopyURLAndAddAnotherTab"), [:], CONTINUE_ON_FAILURE): Call Test Case 'Test Cases/StepToReUse/StepTOCopyURLAndAddAnotherTab' successfully

2022-02-11 22:29:32 - [TEST_CASE][PASSED] - Test Cases/StepToReUse/StepTOCopyURLAndAddAnotherTab: Test Cases/StepToReUse/StepTOCopyURLAndAddAnotherTab

2022-02-11 22:29:32 - [TEST_STEP][PASSED] - click(findTestObject("Object Repository/Header/Preview/ClickOnPreviewIcon")): Object: 'Object Repository/Header/Preview/ClickOnPreviewIcon' is clicked on

2022-02-11 22:29:35 - [MESSAGE][PASSED] - Object: 'Object Repository/Header/Preview/ClickOnPreviewIcon' is clicked on

2022-02-11 22:29:35 - [TEST_STEP][PASSED] - delay(10): Delayed 10 second(s)

2022-02-11 22:29:45 - [MESSAGE][PASSED] - Delayed 10 second(s)

2022-02-11 22:29:45 - [TEST_STEP][PASSED] - takeScreenshot(): Taking screenshot successfully

2022-02-11 22:29:46 - [MESSAGE][PASSED] - Taking screenshot successfully
[[ATTACHMENT|D:\\xampp\\htdocs\\training\\Training\\Rattan\\Final_testing\\New_ActivityOverview\\Reports\\20220211_221705\\CancelAndRefundMultipleBookings-CopiedURL\\20220211_221713\\1644598785821.png]]

2022-02-11 22:29:46 - [TEST_STEP][PASSED] - click(findTestObject("Object Repository/Header/Preview/PrintVoucher")): Object: 'Object Repository/Header/Preview/PrintVoucher' is clicked on

2022-02-11 22:29:49 - [MESSAGE][PASSED] - Object: 'Object Repository/Header/Preview/PrintVoucher' is clicked on

2022-02-11 22:29:49 - [TEST_STEP][PASSED] - delay(10): Delayed 10 second(s)

2022-02-11 22:29:59 - [MESSAGE][PASSED] - Delayed 10 second(s)

2022-02-11 22:29:59 - [TEST_STEP][PASSED] - takeScreenshot(): Taking screenshot successfully

2022-02-11 22:29:59 - [MESSAGE][PASSED] - Taking screenshot successfully
[[ATTACHMENT|D:\\xampp\\htdocs\\training\\Training\\Rattan\\Final_testing\\New_ActivityOverview\\Reports\\20220211_221705\\CancelAndRefundMultipleBookings-CopiedURL\\20220211_221713\\1644598799554.png]]

2022-02-11 22:29:59 - [TEST_STEP][PASSED] - UrlToClick = findWebElement(findTestObject("Object Repository/Header/CopyUrl/CopyUrl")).getAttribute("data-href_url"): null

2022-02-11 22:29:59 - [TEST_STEP][PASSED] - println(UrlToClick): null

2022-02-11 22:29:59 - [TEST_STEP][PASSED] - ActivityUrl = UrlToClick: null

2022-02-11 22:29:59 - [TEST_STEP][PASSED] - switchToWindowIndex(1): Switched to window with index: '1'

2022-02-11 22:30:00 - [MESSAGE][PASSED] - Switched to window with index: '1'

2022-02-11 22:30:00 - [TEST_STEP][PASSED] - delay(5): Delayed 5 second(s)

2022-02-11 22:30:05 - [MESSAGE][PASSED] - Delayed 5 second(s)

2022-02-11 22:30:05 - [TEST_STEP][PASSED] - navigateToUrl(ActivityUrl): Navigate to 'https://activity.test-prio.com/orders/164449792376653' successfully

2022-02-11 22:30:09 - [MESSAGE][PASSED] - Navigate to 'https://activity.test-prio.com/orders/164449792376653' successfully

2022-02-11 22:30:09 - [TEST_STEP][PASSED] - takeScreenshot(): Taking screenshot successfully

2022-02-11 22:30:13 - [MESSAGE][PASSED] - Taking screenshot successfully
[[ATTACHMENT|D:\\xampp\\htdocs\\training\\Training\\Rattan\\Final_testing\\New_ActivityOverview\\Reports\\20220211_221705\\CancelAndRefundMultipleBookings-CopiedURL\\20220211_221713\\1644598810214.png]]

2022-02-11 22:30:13 - [TEST_STEP][PASSED] - switchToDefaultContent(): null

2022-02-11 22:30:13 - [MESSAGE][PASSED] - Call Test Case 'Test Cases/StepToReUse/StepTOCopyURLAndAddAnotherTab' successfully

2022-02-11 22:30:13 - [TEST_STEP][PASSED] - bookingsize = findWebElements(findTestObject("Object Repository/DetailPop-up/ExpanSection/ProductSectionLength"), 5).size(): null

2022-02-11 22:30:14 - [TEST_STEP][PASSED] - logInfo(Size of Bookings on Product detail Pop-up: $bookingsize): Size of Bookings on Product detail Pop-up: 1

2022-02-11 22:30:14 - [MESSAGE][INFO] - Size of Bookings on Product detail Pop-up: 1

2022-02-11 22:30:14 - [TEST_STEP][PASSED] - for ([looping = 1, looping <= bookingsize, (looping++)]): Call Test Case 'Test Cases/StepToReUse/ActivityOverview-CancelBooking' successfully

2022-02-11 22:30:14 - [TEST_STEP][PASSED] - click(findTestObject("Object Repository/DetailPop-up/ExpanSection/ExpandProductSection", ["position":looping])): Object: 'Object Repository/DetailPop-up/ExpanSection/ExpandProductSection' is clicked on

2022-02-11 22:30:17 - [MESSAGE][PASSED] - Object: 'Object Repository/DetailPop-up/ExpanSection/ExpandProductSection' is clicked on

2022-02-11 22:30:17 - [TEST_STEP][PASSED] - delay(3): Delayed 3 second(s)

2022-02-11 22:30:20 - [MESSAGE][PASSED] - Delayed 3 second(s)

2022-02-11 22:30:20 - [TEST_STEP][PASSED] - takeScreenshot(): Taking screenshot successfully

2022-02-11 22:30:21 - [MESSAGE][PASSED] - Taking screenshot successfully
[[ATTACHMENT|D:\\xampp\\htdocs\\training\\Training\\Rattan\\Final_testing\\New_ActivityOverview\\Reports\\20220211_221705\\CancelAndRefundMultipleBookings-CopiedURL\\20220211_221713\\1644598821193.png]]

2022-02-11 22:30:21 - [TEST_STEP][PASSED] - callTestCase(findTestCase("Test Cases/StepToReUse/ActivityOverview-CancelBooking"), [:], CONTINUE_ON_FAILURE): Call Test Case 'Test Cases/StepToReUse/ActivityOverview-CancelBooking' successfully

2022-02-11 22:30:21 - [TEST_CASE][PASSED] - Test Cases/StepToReUse/ActivityOverview-CancelBooking: Test Cases/StepToReUse/ActivityOverview-CancelBooking

2022-02-11 22:30:21 - [TEST_STEP][PASSED] - logInfo(Refund Value: $GlobalVariable.refundvalue): Refund Value: 84

2022-02-11 22:30:21 - [MESSAGE][INFO] - Refund Value: 84

2022-02-11 22:30:21 - [TEST_STEP][PASSED] - cancelButtonSize = findWebElements(findTestObject("Object Repository/CancelAndRefund/CancelBookingButton"), 5).size(): null

2022-02-11 22:30:22 - [TEST_STEP][PASSED] - logInfo(Cancel Button Size: $cancelButtonSize): Cancel Button Size: 1

2022-02-11 22:30:22 - [MESSAGE][INFO] - Cancel Button Size: 1

2022-02-11 22:30:22 - [TEST_STEP][PASSED] - if (cancelButtonSize == 1): Taking screenshot successfully

2022-02-11 22:30:22 - [TEST_STEP][PASSED] - if (waitForElementClickable(findTestObject("Object Repository/CancelAndRefund/CancelBookingButton"), 15) == true): Taking screenshot successfully

2022-02-11 22:30:22 - [MESSAGE][PASSED] - Object 'Object Repository/CancelAndRefund/CancelBookingButton' is clickable

2022-02-11 22:30:22 - [TEST_STEP][PASSED] - scrollToElement(findTestObject("Object Repository/CancelAndRefund/CancelBookingButton"), 15): Scroll to object 'Object Repository/CancelAndRefund/CancelBookingButton' successfully

2022-02-11 22:30:22 - [MESSAGE][PASSED] - Scroll to object 'Object Repository/CancelAndRefund/CancelBookingButton' successfully

2022-02-11 22:30:22 - [TEST_STEP][PASSED] - click(findTestObject("Object Repository/CancelAndRefund/CancelBookingButton")): Object: 'Object Repository/CancelAndRefund/CancelBookingButton' is clicked on

2022-02-11 22:30:26 - [MESSAGE][PASSED] - Object: 'Object Repository/CancelAndRefund/CancelBookingButton' is clicked on

2022-02-11 22:30:26 - [TEST_STEP][PASSED] - delay(3): Delayed 3 second(s)

2022-02-11 22:30:29 - [MESSAGE][PASSED] - Delayed 3 second(s)

2022-02-11 22:30:29 - [TEST_STEP][PASSED] - takeScreenshot(): Taking screenshot successfully

2022-02-11 22:30:30 - [MESSAGE][PASSED] - Taking screenshot successfully
[[ATTACHMENT|D:\\xampp\\htdocs\\training\\Training\\Rattan\\Final_testing\\New_ActivityOverview\\Reports\\20220211_221705\\CancelAndRefundMultipleBookings-CopiedURL\\20220211_221713\\1644598829672.png]]

2022-02-11 22:30:30 - [TEST_STEP][PASSED] - if (waitForElementClickable(findTestObject("Object Repository/CancelAndRefund/CancelButton - OnRefundPop-up"), 15) == true): Taking screenshot successfully

2022-02-11 22:30:31 - [MESSAGE][PASSED] - Object 'Object Repository/CancelAndRefund/CancelButton - OnRefundPop-up' is clickable

2022-02-11 22:30:31 - [TEST_STEP][PASSED] - click(findTestObject("Object Repository/CancelAndRefund/CancelButton - OnRefundPop-up")): Object: 'Object Repository/CancelAndRefund/CancelButton - OnRefundPop-up' is clicked on

2022-02-11 22:30:34 - [MESSAGE][PASSED] - Object: 'Object Repository/CancelAndRefund/CancelButton - OnRefundPop-up' is clicked on

2022-02-11 22:30:34 - [TEST_STEP][PASSED] - delay(3): Delayed 3 second(s)

2022-02-11 22:30:37 - [MESSAGE][PASSED] - Delayed 3 second(s)

2022-02-11 22:30:37 - [TEST_STEP][PASSED] - takeScreenshot(): Taking screenshot successfully

2022-02-11 22:30:38 - [MESSAGE][PASSED] - Taking screenshot successfully
[[ATTACHMENT|D:\\xampp\\htdocs\\training\\Training\\Rattan\\Final_testing\\New_ActivityOverview\\Reports\\20220211_221705\\CancelAndRefundMultipleBookings-CopiedURL\\20220211_221713\\1644598837835.png]]

2022-02-11 22:30:38 - [TEST_STEP][PASSED] - click(findTestObject("Object Repository/CancelAndRefund/CancelBookingButton")): Object: 'Object Repository/CancelAndRefund/CancelBookingButton' is clicked on

2022-02-11 22:30:41 - [MESSAGE][PASSED] - Object: 'Object Repository/CancelAndRefund/CancelBookingButton' is clicked on

2022-02-11 22:30:41 - [TEST_STEP][PASSED] - if (refundvalue < 4): null

2022-02-11 22:30:41 - [TEST_STEP][PASSED] - if (refundvalue <= 6 && refundvalue >= 4): null

2022-02-11 22:30:41 - [TEST_STEP][PASSED] - if (refundvalue > 6): Taking screenshot successfully

2022-02-11 22:30:41 - [TEST_STEP][PASSED] - if (waitForElementVisible(findTestObject("Object Repository/CancelAndRefund/RefundOptionRadio"), 15) == true): Taking screenshot successfully

2022-02-11 22:30:42 - [MESSAGE][PASSED] - Object 'Object Repository/CancelAndRefund/RefundOptionRadio' is visible

2022-02-11 22:30:42 - [TEST_STEP][PASSED] - click(findTestObject("Object Repository/CancelAndRefund/RefundOptionRadio")): Object: 'Object Repository/CancelAndRefund/RefundOptionRadio' is clicked on

2022-02-11 22:30:45 - [MESSAGE][PASSED] - Object: 'Object Repository/CancelAndRefund/RefundOptionRadio' is clicked on

2022-02-11 22:30:45 - [TEST_STEP][PASSED] - delay(3): Delayed 3 second(s)

2022-02-11 22:30:48 - [MESSAGE][PASSED] - Delayed 3 second(s)

2022-02-11 22:30:48 - [TEST_STEP][PASSED] - takeScreenshot(): Taking screenshot successfully

2022-02-11 22:30:48 - [MESSAGE][PASSED] - Taking screenshot successfully
[[ATTACHMENT|D:\\xampp\\htdocs\\training\\Training\\Rattan\\Final_testing\\New_ActivityOverview\\Reports\\20220211_221705\\CancelAndRefundMultipleBookings-CopiedURL\\20220211_221713\\1644598848782.png]]

2022-02-11 22:30:48 - [TEST_STEP][PASSED] - setText(findTestObject("Object Repository/CancelAndRefund/ReasonForCancellation"), CancellationReason): Text 'Order Refunded to Test Automation Testing Under Katalon' is set on object 'Object Repository/CancelAndRefund/ReasonForCancellation'

2022-02-11 22:30:55 - [MESSAGE][PASSED] - Text 'Order Refunded to Test Automation Testing Under Katalon' is set on object 'Object Repository/CancelAndRefund/ReasonForCancellation'

2022-02-11 22:30:55 - [TEST_STEP][PASSED] - click(findTestObject("Object Repository/CancelAndRefund/ConfirmCancellationButton")): Object: 'Object Repository/CancelAndRefund/ConfirmCancellationButton' is clicked on

2022-02-11 22:30:59 - [MESSAGE][PASSED] - Object: 'Object Repository/CancelAndRefund/ConfirmCancellationButton' is clicked on

2022-02-11 22:30:59 - [TEST_STEP][PASSED] - delay(3): Delayed 3 second(s)

2022-02-11 22:31:02 - [MESSAGE][PASSED] - Delayed 3 second(s)

2022-02-11 22:31:02 - [TEST_STEP][PASSED] - takeScreenshot(): Taking screenshot successfully

2022-02-11 22:31:02 - [MESSAGE][PASSED] - Taking screenshot successfully
[[ATTACHMENT|D:\\xampp\\htdocs\\training\\Training\\Rattan\\Final_testing\\New_ActivityOverview\\Reports\\20220211_221705\\CancelAndRefundMultipleBookings-CopiedURL\\20220211_221713\\1644598862627.png]]

2022-02-11 22:31:02 - [TEST_STEP][PASSED] - if (cancelButtonSize > 1): null

2022-02-11 22:31:02 - [MESSAGE][PASSED] - Call Test Case 'Test Cases/StepToReUse/ActivityOverview-CancelBooking' successfully

2022-02-11 22:31:02 - [TEST_STEP][PASSED] - switchToWindowIndex(0): Switched to window with index: '0'

2022-02-11 22:31:02 - [MESSAGE][PASSED] - Switched to window with index: '0'

2022-02-11 22:31:02 - [TEST_STEP][PASSED] - delay(13): Delayed 13 second(s)

2022-02-11 22:31:15 - [MESSAGE][PASSED] - Delayed 13 second(s)

2022-02-11 22:31:15 - [TEST_STEP][PASSED] - switchToFrame(findTestObject("Object Repository/Iframe/NewActivityOverviewIframe"), 5): null

2022-02-11 22:31:16 - [TEST_STEP][PASSED] - click(findTestObject("Object Repository/DetailPop-up/Backbutton/BackButtonToListing")): Object: 'Object Repository/DetailPop-up/Backbutton/BackButtonToListing' is clicked on

2022-02-11 22:31:20 - [MESSAGE][PASSED] - Object: 'Object Repository/DetailPop-up/Backbutton/BackButtonToListing' is clicked on

2022-02-11 22:31:20 - [TEST_STEP][PASSED] - delay(13): Delayed 13 second(s)

2022-02-11 22:31:33 - [MESSAGE][PASSED] - Delayed 13 second(s)

2022-02-11 22:31:33 - [TEST_STEP][PASSED] - if (l <= 5): null

2022-02-11 22:31:33 - [TEST_STEP][PASSED] - paginationvalue = l: null

2022-02-11 22:31:33 - [TEST_STEP][PASSED] - if (l > 5): null

2022-02-11 22:31:33 - [TEST_STEP][PASSED] - logInfo(Size of Pagination: $paginationvalue): Size of Pagination: 2

2022-02-11 22:31:33 - [MESSAGE][INFO] - Size of Pagination: 2

2022-02-11 22:31:33 - [TEST_STEP][PASSED] - click(findTestObject("Object Repository/PaginationCOunt/ClickOnPagination", ["pagination":paginationvalue])): Object: 'Object Repository/PaginationCOunt/ClickOnPagination' is clicked on

2022-02-11 22:31:36 - [MESSAGE][PASSED] - Object: 'Object Repository/PaginationCOunt/ClickOnPagination' is clicked on

2022-02-11 22:31:36 - [TEST_STEP][PASSED] - delay(20): Delayed 20 second(s)

2022-02-11 22:31:56 - [MESSAGE][PASSED] - Delayed 20 second(s)

2022-02-11 22:31:56 - [TEST_STEP][PASSED] - takeScreenshot(): Taking screenshot successfully

2022-02-11 22:31:56 - [MESSAGE][PASSED] - Taking screenshot successfully
[[ATTACHMENT|D:\\xampp\\htdocs\\training\\Training\\Rattan\\Final_testing\\New_ActivityOverview\\Reports\\20220211_221705\\CancelAndRefundMultipleBookings-CopiedURL\\20220211_221713\\1644598916286.png]]

2022-02-11 22:31:56 - [TEST_STEP][PASSED] - SizeofActiveBookings = findWebElements(findTestObject("Object Repository/CancelAndRefund/OrderListWithoutRefundedStatus"), 5).size(): null

2022-02-11 22:31:56 - [TEST_STEP][PASSED] - logInfo(Size of Active Bookings: $SizeofActiveBookings): Size of Active Bookings: 79

2022-02-11 22:31:56 - [MESSAGE][INFO] - Size of Active Bookings: 79

2022-02-11 22:31:56 - [TEST_STEP][PASSED] - for ([refund = 1, refund < SizeofActiveBookings, (refund++)]): Call Test Case 'Test Cases/StepToReUse/ActivityOverview-CancelBooking' successfully

2022-02-11 22:31:56 - [TEST_STEP][PASSED] - if (refund == 1): null

2022-02-11 22:31:56 - [TEST_STEP][PASSED] - refund = SizeofActiveBookings: null

2022-02-11 22:31:56 - [TEST_STEP][PASSED] - refundvalue = refund: null

2022-02-11 22:31:56 - [TEST_STEP][PASSED] - logInfo(Size of refund booking: $refund): Size of refund booking: 79

2022-02-11 22:31:56 - [MESSAGE][INFO] - Size of refund booking: 79

2022-02-11 22:31:56 - [TEST_STEP][PASSED] - scrollToElement(findTestObject("Object Repository/CancelAndRefund/OrderListWithoutRefundedStatus - Click", ["position":refund]), 15): Scroll to object 'Object Repository/CancelAndRefund/OrderListWithoutRefundedStatus - Click' successfully

2022-02-11 22:31:56 - [MESSAGE][PASSED] - Scroll to object 'Object Repository/CancelAndRefund/OrderListWithoutRefundedStatus - Click' successfully

2022-02-11 22:31:56 - [TEST_STEP][PASSED] - takeScreenshot(): Taking screenshot successfully

2022-02-11 22:31:56 - [MESSAGE][PASSED] - Taking screenshot successfully
[[ATTACHMENT|D:\\xampp\\htdocs\\training\\Training\\Rattan\\Final_testing\\New_ActivityOverview\\Reports\\20220211_221705\\CancelAndRefundMultipleBookings-CopiedURL\\20220211_221713\\1644598916764.png]]

2022-02-11 22:31:56 - [TEST_STEP][PASSED] - orderId = findWebElement(findTestObject("Object Repository/GetOrderID/GetOrderID", ["position":refund])).getAttribute("data-order_id"): null

2022-02-11 22:31:57 - [TEST_STEP][PASSED] - orderId = orderId: null

2022-02-11 22:31:57 - [TEST_STEP][PASSED] - logInfo(Order ID: $orderId): Order ID: 164440489862832

2022-02-11 22:31:57 - [MESSAGE][INFO] - Order ID: 164440489862832

2022-02-11 22:31:57 - [TEST_STEP][PASSED] - click(findTestObject("Object Repository/GetOrderID/GetOrderID", ["position":refund])): Object: 'Object Repository/GetOrderID/GetOrderID' is clicked on

2022-02-11 22:32:00 - [MESSAGE][PASSED] - Object: 'Object Repository/GetOrderID/GetOrderID' is clicked on

2022-02-11 22:32:00 - [TEST_STEP][PASSED] - delay(20): Delayed 20 second(s)

2022-02-11 22:32:20 - [MESSAGE][PASSED] - Delayed 20 second(s)

2022-02-11 22:32:20 - [TEST_STEP][PASSED] - takeScreenshot(): Taking screenshot successfully

2022-02-11 22:32:20 - [MESSAGE][PASSED] - Taking screenshot successfully
[[ATTACHMENT|D:\\xampp\\htdocs\\training\\Training\\Rattan\\Final_testing\\New_ActivityOverview\\Reports\\20220211_221705\\CancelAndRefundMultipleBookings-CopiedURL\\20220211_221713\\1644598940344.png]]

2022-02-11 22:32:20 - [TEST_STEP][PASSED] - if (waitForElementPresent(findTestObject("Object Repository/DetailPop-up/ExpanSection/ProductInformationExpandedSection-Exist"), 10)): Taking screenshot successfully

2022-02-11 22:32:20 - [MESSAGE][PASSED] - Object 'Object Repository/DetailPop-up/ExpanSection/ProductInformationExpandedSection-Exist' is present

2022-02-11 22:32:20 - [TEST_STEP][PASSED] - logInfo("Product Expanded Section Exist"): Product Expanded Section Exist

2022-02-11 22:32:20 - [MESSAGE][INFO] - Product Expanded Section Exist

2022-02-11 22:32:20 - [TEST_STEP][PASSED] - click(findTestObject("DetailPop-up/ExpanSection/ProductInformationExpandedSection -Exist- ClickOnExpandedView")): Object: 'Object Repository/DetailPop-up/ExpanSection/ProductInformationExpandedSection -Exist- ClickOnExpandedView' is clicked on

2022-02-11 22:32:23 - [MESSAGE][PASSED] - Object: 'Object Repository/DetailPop-up/ExpanSection/ProductInformationExpandedSection -Exist- ClickOnExpandedView' is clicked on

2022-02-11 22:32:23 - [TEST_STEP][PASSED] - delay(3): Delayed 3 second(s)

2022-02-11 22:32:26 - [MESSAGE][PASSED] - Delayed 3 second(s)

2022-02-11 22:32:26 - [TEST_STEP][PASSED] - takeScreenshot(): Taking screenshot successfully

2022-02-11 22:32:27 - [MESSAGE][PASSED] - Taking screenshot successfully
[[ATTACHMENT|D:\\xampp\\htdocs\\training\\Training\\Rattan\\Final_testing\\New_ActivityOverview\\Reports\\20220211_221705\\CancelAndRefundMultipleBookings-CopiedURL\\20220211_221713\\1644598946897.png]]

2022-02-11 22:32:27 - [TEST_STEP][PASSED] - callTestCase(findTestCase("Test Cases/StepToReUse/StepTOCopyURLAndAddAnotherTab"), [:], CONTINUE_ON_FAILURE): Call Test Case 'Test Cases/StepToReUse/StepTOCopyURLAndAddAnotherTab' successfully

2022-02-11 22:32:27 - [TEST_CASE][PASSED] - Test Cases/StepToReUse/StepTOCopyURLAndAddAnotherTab: Test Cases/StepToReUse/StepTOCopyURLAndAddAnotherTab

2022-02-11 22:32:27 - [TEST_STEP][PASSED] - click(findTestObject("Object Repository/Header/Preview/ClickOnPreviewIcon")): Object: 'Object Repository/Header/Preview/ClickOnPreviewIcon' is clicked on

2022-02-11 22:32:30 - [MESSAGE][PASSED] - Object: 'Object Repository/Header/Preview/ClickOnPreviewIcon' is clicked on

2022-02-11 22:32:30 - [TEST_STEP][PASSED] - delay(10): Delayed 10 second(s)

2022-02-11 22:32:40 - [MESSAGE][PASSED] - Delayed 10 second(s)

2022-02-11 22:32:40 - [TEST_STEP][PASSED] - takeScreenshot(): Taking screenshot successfully

2022-02-11 22:32:40 - [MESSAGE][PASSED] - Taking screenshot successfully
[[ATTACHMENT|D:\\xampp\\htdocs\\training\\Training\\Rattan\\Final_testing\\New_ActivityOverview\\Reports\\20220211_221705\\CancelAndRefundMultipleBookings-CopiedURL\\20220211_221713\\1644598960548.png]]

2022-02-11 22:32:40 - [TEST_STEP][PASSED] - click(findTestObject("Object Repository/Header/Preview/PrintVoucher")): Object: 'Object Repository/Header/Preview/PrintVoucher' is clicked on

2022-02-11 22:32:44 - [MESSAGE][PASSED] - Object: 'Object Repository/Header/Preview/PrintVoucher' is clicked on

2022-02-11 22:32:44 - [TEST_STEP][PASSED] - delay(10): Delayed 10 second(s)

2022-02-11 22:32:54 - [MESSAGE][PASSED] - Delayed 10 second(s)

2022-02-11 22:32:54 - [TEST_STEP][PASSED] - takeScreenshot(): Taking screenshot successfully

2022-02-11 22:32:54 - [MESSAGE][PASSED] - Taking screenshot successfully
[[ATTACHMENT|D:\\xampp\\htdocs\\training\\Training\\Rattan\\Final_testing\\New_ActivityOverview\\Reports\\20220211_221705\\CancelAndRefundMultipleBookings-CopiedURL\\20220211_221713\\1644598974201.png]]

2022-02-11 22:32:54 - [TEST_STEP][PASSED] - UrlToClick = findWebElement(findTestObject("Object Repository/Header/CopyUrl/CopyUrl")).getAttribute("data-href_url"): null

2022-02-11 22:32:54 - [TEST_STEP][PASSED] - println(UrlToClick): null

2022-02-11 22:32:54 - [TEST_STEP][PASSED] - ActivityUrl = UrlToClick: null

2022-02-11 22:32:54 - [TEST_STEP][PASSED] - switchToWindowIndex(1): Switched to window with index: '1'

2022-02-11 22:32:54 - [MESSAGE][PASSED] - Switched to window with index: '1'

2022-02-11 22:32:54 - [TEST_STEP][PASSED] - delay(5): Delayed 5 second(s)

2022-02-11 22:32:59 - [MESSAGE][PASSED] - Delayed 5 second(s)

2022-02-11 22:32:59 - [TEST_STEP][PASSED] - navigateToUrl(ActivityUrl): Navigate to 'https://activity.test-prio.com/orders/164440489862832' successfully

2022-02-11 22:33:04 - [MESSAGE][PASSED] - Navigate to 'https://activity.test-prio.com/orders/164440489862832' successfully

2022-02-11 22:33:04 - [TEST_STEP][PASSED] - takeScreenshot(): Taking screenshot successfully

2022-02-11 22:33:04 - [MESSAGE][PASSED] - Taking screenshot successfully
[[ATTACHMENT|D:\\xampp\\htdocs\\training\\Training\\Rattan\\Final_testing\\New_ActivityOverview\\Reports\\20220211_221705\\CancelAndRefundMultipleBookings-CopiedURL\\20220211_221713\\1644598984658.png]]

2022-02-11 22:33:04 - [TEST_STEP][PASSED] - switchToDefaultContent(): null

2022-02-11 22:33:05 - [MESSAGE][PASSED] - Call Test Case 'Test Cases/StepToReUse/StepTOCopyURLAndAddAnotherTab' successfully

2022-02-11 22:33:05 - [TEST_STEP][PASSED] - bookingsize = findWebElements(findTestObject("Object Repository/DetailPop-up/ExpanSection/ProductSectionLength"), 5).size(): null

2022-02-11 22:33:05 - [TEST_STEP][PASSED] - logInfo(Size of Bookings on Product detail Pop-up: $bookingsize): Size of Bookings on Product detail Pop-up: 1

2022-02-11 22:33:05 - [MESSAGE][INFO] - Size of Bookings on Product detail Pop-up: 1

2022-02-11 22:33:05 - [TEST_STEP][PASSED] - for ([looping = 1, looping <= bookingsize, (looping++)]): Call Test Case 'Test Cases/StepToReUse/ActivityOverview-CancelBooking' successfully

2022-02-11 22:33:05 - [TEST_STEP][PASSED] - click(findTestObject("Object Repository/DetailPop-up/ExpanSection/ExpandProductSection", ["position":looping])): Object: 'Object Repository/DetailPop-up/ExpanSection/ExpandProductSection' is clicked on

2022-02-11 22:33:09 - [MESSAGE][PASSED] - Object: 'Object Repository/DetailPop-up/ExpanSection/ExpandProductSection' is clicked on

2022-02-11 22:33:09 - [TEST_STEP][PASSED] - delay(3): Delayed 3 second(s)

2022-02-11 22:33:12 - [MESSAGE][PASSED] - Delayed 3 second(s)

2022-02-11 22:33:12 - [TEST_STEP][PASSED] - takeScreenshot(): Taking screenshot successfully

2022-02-11 22:33:18 - [MESSAGE][PASSED] - Taking screenshot successfully
[[ATTACHMENT|D:\\xampp\\htdocs\\training\\Training\\Rattan\\Final_testing\\New_ActivityOverview\\Reports\\20220211_221705\\CancelAndRefundMultipleBookings-CopiedURL\\20220211_221713\\1644598994599.png]]

2022-02-11 22:33:18 - [TEST_STEP][PASSED] - callTestCase(findTestCase("Test Cases/StepToReUse/ActivityOverview-CancelBooking"), [:], CONTINUE_ON_FAILURE): Call Test Case 'Test Cases/StepToReUse/ActivityOverview-CancelBooking' successfully

2022-02-11 22:33:18 - [TEST_CASE][PASSED] - Test Cases/StepToReUse/ActivityOverview-CancelBooking: Test Cases/StepToReUse/ActivityOverview-CancelBooking

2022-02-11 22:33:19 - [TEST_STEP][PASSED] - logInfo(Refund Value: $GlobalVariable.refundvalue): Refund Value: 79

2022-02-11 22:33:19 - [MESSAGE][INFO] - Refund Value: 79

2022-02-11 22:33:19 - [TEST_STEP][PASSED] - cancelButtonSize = findWebElements(findTestObject("Object Repository/CancelAndRefund/CancelBookingButton"), 5).size(): null

2022-02-11 22:33:20 - [TEST_STEP][PASSED] - logInfo(Cancel Button Size: $cancelButtonSize): Cancel Button Size: 1

2022-02-11 22:33:20 - [MESSAGE][INFO] - Cancel Button Size: 1

2022-02-11 22:33:20 - [TEST_STEP][PASSED] - if (cancelButtonSize == 1): Taking screenshot successfully

2022-02-11 22:33:20 - [TEST_STEP][PASSED] - if (waitForElementClickable(findTestObject("Object Repository/CancelAndRefund/CancelBookingButton"), 15) == true): Taking screenshot successfully

2022-02-11 22:33:21 - [MESSAGE][PASSED] - Object 'Object Repository/CancelAndRefund/CancelBookingButton' is clickable

2022-02-11 22:33:21 - [TEST_STEP][PASSED] - scrollToElement(findTestObject("Object Repository/CancelAndRefund/CancelBookingButton"), 15): Scroll to object 'Object Repository/CancelAndRefund/CancelBookingButton' successfully

2022-02-11 22:33:21 - [MESSAGE][PASSED] - Scroll to object 'Object Repository/CancelAndRefund/CancelBookingButton' successfully

2022-02-11 22:33:21 - [TEST_STEP][PASSED] - click(findTestObject("Object Repository/CancelAndRefund/CancelBookingButton")): Object: 'Object Repository/CancelAndRefund/CancelBookingButton' is clicked on

2022-02-11 22:33:25 - [MESSAGE][PASSED] - Object: 'Object Repository/CancelAndRefund/CancelBookingButton' is clicked on

2022-02-11 22:33:25 - [TEST_STEP][PASSED] - delay(3): Delayed 3 second(s)

2022-02-11 22:33:28 - [MESSAGE][PASSED] - Delayed 3 second(s)

2022-02-11 22:33:28 - [TEST_STEP][PASSED] - takeScreenshot(): Taking screenshot successfully

2022-02-11 22:33:29 - [MESSAGE][PASSED] - Taking screenshot successfully
[[ATTACHMENT|D:\\xampp\\htdocs\\training\\Training\\Rattan\\Final_testing\\New_ActivityOverview\\Reports\\20220211_221705\\CancelAndRefundMultipleBookings-CopiedURL\\20220211_221713\\1644599008727.png]]

2022-02-11 22:33:29 - [TEST_STEP][PASSED] - if (waitForElementClickable(findTestObject("Object Repository/CancelAndRefund/CancelButton - OnRefundPop-up"), 15) == true): Taking screenshot successfully

2022-02-11 22:33:29 - [MESSAGE][PASSED] - Object 'Object Repository/CancelAndRefund/CancelButton - OnRefundPop-up' is clickable

2022-02-11 22:33:29 - [TEST_STEP][PASSED] - click(findTestObject("Object Repository/CancelAndRefund/CancelButton - OnRefundPop-up")): Object: 'Object Repository/CancelAndRefund/CancelButton - OnRefundPop-up' is clicked on

2022-02-11 22:33:33 - [MESSAGE][PASSED] - Object: 'Object Repository/CancelAndRefund/CancelButton - OnRefundPop-up' is clicked on

2022-02-11 22:33:33 - [TEST_STEP][PASSED] - delay(3): Delayed 3 second(s)

2022-02-11 22:33:36 - [MESSAGE][PASSED] - Delayed 3 second(s)

2022-02-11 22:33:36 - [TEST_STEP][PASSED] - takeScreenshot(): Taking screenshot successfully

2022-02-11 22:33:36 - [MESSAGE][PASSED] - Taking screenshot successfully
[[ATTACHMENT|D:\\xampp\\htdocs\\training\\Training\\Rattan\\Final_testing\\New_ActivityOverview\\Reports\\20220211_221705\\CancelAndRefundMultipleBookings-CopiedURL\\20220211_221713\\1644599016613.png]]

2022-02-11 22:33:36 - [TEST_STEP][PASSED] - click(findTestObject("Object Repository/CancelAndRefund/CancelBookingButton")): Object: 'Object Repository/CancelAndRefund/CancelBookingButton' is clicked on

2022-02-11 22:33:40 - [MESSAGE][PASSED] - Object: 'Object Repository/CancelAndRefund/CancelBookingButton' is clicked on

2022-02-11 22:33:40 - [TEST_STEP][PASSED] - if (refundvalue < 4): null

2022-02-11 22:33:40 - [TEST_STEP][PASSED] - if (refundvalue <= 6 && refundvalue >= 4): null

2022-02-11 22:33:40 - [TEST_STEP][PASSED] - if (refundvalue > 6): Object 'Object Repository/CancelAndRefund/RefundOptionRadio' is not visible after 15 second(s)

2022-02-11 22:33:40 - [TEST_STEP][PASSED] - if (waitForElementVisible(findTestObject("Object Repository/CancelAndRefund/RefundOptionRadio"), 15) == true): Object 'Object Repository/CancelAndRefund/RefundOptionRadio' is not visible after 15 second(s)

2022-02-11 22:33:56 - [MESSAGE][WARNING] - Object 'Object Repository/CancelAndRefund/RefundOptionRadio' is not visible after 15 second(s)

2022-02-11 22:33:56 - [TEST_STEP][PASSED] - setText(findTestObject("Object Repository/CancelAndRefund/ReasonForCancellation"), CancellationReason): Text 'Order Refunded to Test Automation Testing Under Katalon' is set on object 'Object Repository/CancelAndRefund/ReasonForCancellation'

2022-02-11 22:34:02 - [MESSAGE][PASSED] - Text 'Order Refunded to Test Automation Testing Under Katalon' is set on object 'Object Repository/CancelAndRefund/ReasonForCancellation'

2022-02-11 22:34:02 - [TEST_STEP][PASSED] - click(findTestObject("Object Repository/CancelAndRefund/ConfirmCancellationButton")): Object: 'Object Repository/CancelAndRefund/ConfirmCancellationButton' is clicked on

2022-02-11 22:34:06 - [MESSAGE][PASSED] - Object: 'Object Repository/CancelAndRefund/ConfirmCancellationButton' is clicked on

2022-02-11 22:34:06 - [TEST_STEP][PASSED] - delay(3): Delayed 3 second(s)

2022-02-11 22:34:09 - [MESSAGE][PASSED] - Delayed 3 second(s)

2022-02-11 22:34:09 - [TEST_STEP][PASSED] - takeScreenshot(): Taking screenshot successfully

2022-02-11 22:34:13 - [MESSAGE][PASSED] - Taking screenshot successfully
[[ATTACHMENT|D:\\xampp\\htdocs\\training\\Training\\Rattan\\Final_testing\\New_ActivityOverview\\Reports\\20220211_221705\\CancelAndRefundMultipleBookings-CopiedURL\\20220211_221713\\1644599049676.png]]

2022-02-11 22:34:13 - [TEST_STEP][PASSED] - if (cancelButtonSize > 1): null

2022-02-11 22:34:13 - [MESSAGE][PASSED] - Call Test Case 'Test Cases/StepToReUse/ActivityOverview-CancelBooking' successfully

2022-02-11 22:34:13 - [TEST_STEP][PASSED] - switchToWindowIndex(0): Switched to window with index: '0'

2022-02-11 22:34:13 - [MESSAGE][PASSED] - Switched to window with index: '0'

2022-02-11 22:34:13 - [TEST_STEP][PASSED] - delay(13): Delayed 13 second(s)

2022-02-11 22:34:26 - [MESSAGE][PASSED] - Delayed 13 second(s)

2022-02-11 22:34:26 - [TEST_STEP][PASSED] - switchToFrame(findTestObject("Object Repository/Iframe/NewActivityOverviewIframe"), 5): null

2022-02-11 22:34:26 - [TEST_STEP][PASSED] - click(findTestObject("Object Repository/DetailPop-up/Backbutton/BackButtonToListing")): Object: 'Object Repository/DetailPop-up/Backbutton/BackButtonToListing' is clicked on

2022-02-11 22:34:30 - [MESSAGE][PASSED] - Object: 'Object Repository/DetailPop-up/Backbutton/BackButtonToListing' is clicked on

2022-02-11 22:34:30 - [TEST_STEP][PASSED] - delay(13): Delayed 13 second(s)

2022-02-11 22:34:43 - [MESSAGE][PASSED] - Delayed 13 second(s)]]></system-out>
         <system-err><![CDATA[]]></system-err>
      </testcase>
      <system-out><![CDATA[2022-02-11 22:18:41 - [TEST_SUITE][FAILED] - CancelAndRefundMultipleBookings-CopiedURL: Test Cases/NewActivityOverview-LeftNavigation/ActivityOverview-CancelBooking-GetOrderIDAndRefund - CopiedURL FAILED.
Reason:
com.kms.katalon.core.exception.StepFailedException: Unable to call Test Case 'Test Cases/StepToReUse/StepTOCopyURLAndAddAnotherTab' (Root cause: com.kms.katalon.core.exception.StepFailedException: Call Test Case 'Test Cases/StepToReUse/StepTOCopyURLAndAddAnotherTab' failed
	at com.kms.katalon.core.keyword.builtin.CallTestCaseKeyword$_callTestCase_closure1.doCall(CallTestCaseKeyword.groovy:63)
	at com.kms.katalon.core.keyword.builtin.CallTestCaseKeyword$_callTestCase_closure1.call(CallTestCaseKeyword.groovy)
	at com.kms.katalon.core.keyword.internal.KeywordMain.runKeyword(KeywordMain.groovy:74)
	at com.kms.katalon.core.keyword.builtin.CallTestCaseKeyword.callTestCase(CallTestCaseKeyword.groovy:81)
	at com.kms.katalon.core.keyword.builtin.CallTestCaseKeyword.execute(CallTestCaseKeyword.groovy:44)
	at com.kms.katalon.core.keyword.internal.KeywordExecutor.executeKeywordForPlatform(KeywordExecutor.groovy:74)
	at com.kms.katalon.core.keyword.BuiltinKeywords.callTestCase(BuiltinKeywords.groovy:334)
	at ActivityOverview-CancelBooking-GetOrderIDAndRefund - CopiedURL.run(ActivityOverview-CancelBooking-GetOrderIDAndRefund - CopiedURL:142)
	at com.kms.katalon.core.main.ScriptEngine.run(ScriptEngine.java:194)
	at com.kms.katalon.core.main.ScriptEngine.runScriptAsRawText(ScriptEngine.java:119)
	at com.kms.katalon.core.main.TestCaseExecutor.runScript(TestCaseExecutor.java:442)
	at com.kms.katalon.core.main.TestCaseExecutor.doExecute(TestCaseExecutor.java:433)
	at com.kms.katalon.core.main.TestCaseExecutor.processExecutionPhase(TestCaseExecutor.java:412)
	at com.kms.katalon.core.main.TestCaseExecutor.accessMainPhase(TestCaseExecutor.java:404)
	at com.kms.katalon.core.main.TestCaseExecutor.execute(TestCaseExecutor.java:281)
	at com.kms.katalon.core.main.TestSuiteExecutor.accessTestCaseMainPhase(TestSuiteExecutor.java:202)
	at com.kms.katalon.core.main.TestSuiteExecutor.accessTestSuiteMainPhase(TestSuiteExecutor.java:164)
	at com.kms.katalon.core.main.TestSuiteExecutor.execute(TestSuiteExecutor.java:105)
	at com.kms.katalon.core.main.TestCaseMain.startTestSuite(TestCaseMain.java:185)
	at com.kms.katalon.core.main.TestCaseMain$startTestSuite$0.call(Unknown Source)
	at TempTestSuite1644598033412.run(TempTestSuite1644598033412.groovy:36)
Caused by: com.kms.katalon.core.exception.StepFailedException: Unable to click on object 'Object Repository/Header/Preview/ClickOnPreviewIcon'
	at com.kms.katalon.core.webui.keyword.internal.WebUIKeywordMain.stepFailed(WebUIKeywordMain.groovy:64)
	at com.kms.katalon.core.webui.keyword.internal.WebUIKeywordMain.runKeyword(WebUIKeywordMain.groovy:26)
	at com.kms.katalon.core.webui.keyword.builtin.ClickKeyword.click(ClickKeyword.groovy:74)
	at com.kms.katalon.core.webui.keyword.builtin.ClickKeyword.execute(ClickKeyword.groovy:40)
	at com.kms.katalon.core.keyword.internal.KeywordExecutor.executeKeywordForPlatform(KeywordExecutor.groovy:74)
	at com.kms.katalon.core.webui.keyword.WebUiBuiltInKeywords.click(WebUiBuiltInKeywords.groovy:620)
	at com.kms.katalon.core.webui.keyword.WebUiBuiltInKeywords$click$2.call(Unknown Source)
	at StepTOCopyURLAndAddAnotherTab.run(StepTOCopyURLAndAddAnotherTab:29)
	at com.kms.katalon.core.main.ScriptEngine.run(ScriptEngine.java:194)
	at com.kms.katalon.core.main.ScriptEngine.runScriptAsRawText(ScriptEngine.java:119)
	at com.kms.katalon.core.main.TestCaseExecutor.runScript(TestCaseExecutor.java:442)
	at com.kms.katalon.core.main.TestCaseExecutor.doExecute(TestCaseExecutor.java:433)
	at com.kms.katalon.core.main.TestCaseExecutor.processExecutionPhase(TestCaseExecutor.java:412)
	at com.kms.katalon.core.main.TestCaseExecutor.accessMainPhase(TestCaseExecutor.java:404)
	at com.kms.katalon.core.main.TestCaseExecutor.execute(TestCaseExecutor.java:281)
	at com.kms.katalon.core.main.TestCaseMain.runTestCase(TestCaseMain.java:142)
	at com.kms.katalon.core.keyword.builtin.CallTestCaseKeyword$_callTestCase_closure1.doCall(CallTestCaseKeyword.groovy:59)
	... 20 more
Caused by: com.kms.katalon.core.webui.exception.WebElementNotFoundException: Web element with id: 'Object Repository/Header/Preview/ClickOnPreviewIcon' located by '//span[contains(text(),'Preview')]//parent::a' not found
	at com.kms.katalon.core.webui.common.WebUiCommonHelper.findWebElement(WebUiCommonHelper.java:1370)
	at com.kms.katalon.core.webui.keyword.internal.WebUIAbstractKeyword.findWebElement(WebUIAbstractKeyword.groovy:27)
	at com.kms.katalon.core.webui.keyword.builtin.ClickKeyword$_click_closure1.doCall(ClickKeyword.groovy:65)
	at com.kms.katalon.core.webui.keyword.builtin.ClickKeyword$_click_closure1.call(ClickKeyword.groovy)
	at com.kms.katalon.core.webui.keyword.internal.WebUIKeywordMain.runKeyword(WebUIKeywordMain.groovy:20)
	... 35 more
)
	at com.kms.katalon.core.keyword.internal.KeywordMain.stepFailed(KeywordMain.groovy:39)
	at com.kms.katalon.core.keyword.internal.KeywordMain.stepFailed(KeywordMain.groovy)
	at com.kms.katalon.core.keyword.internal.KeywordMain.runKeyword(KeywordMain.groovy:76)
	at com.kms.katalon.core.keyword.builtin.CallTestCaseKeyword.callTestCase(CallTestCaseKeyword.groovy:81)
	at com.kms.katalon.core.keyword.builtin.CallTestCaseKeyword.execute(CallTestCaseKeyword.groovy:44)
	at com.kms.katalon.core.keyword.internal.KeywordExecutor.executeKeywordForPlatform(KeywordExecutor.groovy:74)
	at com.kms.katalon.core.keyword.BuiltinKeywords.callTestCase(BuiltinKeywords.groovy:334)
	at ActivityOverview-CancelBooking-GetOrderIDAndRefund - CopiedURL.run(ActivityOverview-CancelBooking-GetOrderIDAndRefund - CopiedURL:142)
	at com.kms.katalon.core.main.ScriptEngine.run(ScriptEngine.java:194)
	at com.kms.katalon.core.main.ScriptEngine.runScriptAsRawText(ScriptEngine.java:119)
	at com.kms.katalon.core.main.TestCaseExecutor.runScript(TestCaseExecutor.java:442)
	at com.kms.katalon.core.main.TestCaseExecutor.doExecute(TestCaseExecutor.java:433)
	at com.kms.katalon.core.main.TestCaseExecutor.processExecutionPhase(TestCaseExecutor.java:412)
	at com.kms.katalon.core.main.TestCaseExecutor.accessMainPhase(TestCaseExecutor.java:404)
	at com.kms.katalon.core.main.TestCaseExecutor.execute(TestCaseExecutor.java:281)
	at com.kms.katalon.core.main.TestSuiteExecutor.accessTestCaseMainPhase(TestSuiteExecutor.java:202)
	at com.kms.katalon.core.main.TestSuiteExecutor.accessTestSuiteMainPhase(TestSuiteExecutor.java:164)
	at com.kms.katalon.core.main.TestSuiteExecutor.execute(TestSuiteExecutor.java:105)
	at com.kms.katalon.core.main.TestCaseMain.startTestSuite(TestCaseMain.java:185)
	at com.kms.katalon.core.main.TestCaseMain$startTestSuite$0.call(Unknown Source)
	at TempTestSuite1644598033412.run(TempTestSuite1644598033412.groovy:36)
Caused by: com.kms.katalon.core.exception.StepFailedException: Call Test Case 'Test Cases/StepToReUse/StepTOCopyURLAndAddAnotherTab' failed
	at com.kms.katalon.core.keyword.builtin.CallTestCaseKeyword$_callTestCase_closure1.doCall(CallTestCaseKeyword.groovy:63)
	at com.kms.katalon.core.keyword.builtin.CallTestCaseKeyword$_callTestCase_closure1.call(CallTestCaseKeyword.groovy)
	at com.kms.katalon.core.keyword.internal.KeywordMain.runKeyword(KeywordMain.groovy:74)
	... 18 more
Caused by: com.kms.katalon.core.exception.StepFailedException: Unable to click on object 'Object Repository/Header/Preview/ClickOnPreviewIcon'
	at com.kms.katalon.core.webui.keyword.internal.WebUIKeywordMain.stepFailed(WebUIKeywordMain.groovy:64)
	at com.kms.katalon.core.webui.keyword.internal.WebUIKeywordMain.runKeyword(WebUIKeywordMain.groovy:26)
	at com.kms.katalon.core.webui.keyword.builtin.ClickKeyword.click(ClickKeyword.groovy:74)
	at com.kms.katalon.core.webui.keyword.builtin.ClickKeyword.execute(ClickKeyword.groovy:40)
	at com.kms.katalon.core.keyword.internal.KeywordExecutor.executeKeywordForPlatform(KeywordExecutor.groovy:74)
	at com.kms.katalon.core.webui.keyword.WebUiBuiltInKeywords.click(WebUiBuiltInKeywords.groovy:620)
	at com.kms.katalon.core.webui.keyword.WebUiBuiltInKeywords$click$2.call(Unknown Source)
	at StepTOCopyURLAndAddAnotherTab.run(StepTOCopyURLAndAddAnotherTab:29)
	at com.kms.katalon.core.main.ScriptEngine.run(ScriptEngine.java:194)
	at com.kms.katalon.core.main.ScriptEngine.runScriptAsRawText(ScriptEngine.java:119)
	at com.kms.katalon.core.main.TestCaseExecutor.runScript(TestCaseExecutor.java:442)
	at com.kms.katalon.core.main.TestCaseExecutor.doExecute(TestCaseExecutor.java:433)
	at com.kms.katalon.core.main.TestCaseExecutor.processExecutionPhase(TestCaseExecutor.java:412)
	at com.kms.katalon.core.main.TestCaseExecutor.accessMainPhase(TestCaseExecutor.java:404)
	at com.kms.katalon.core.main.TestCaseExecutor.execute(TestCaseExecutor.java:281)
	at com.kms.katalon.core.main.TestCaseMain.runTestCase(TestCaseMain.java:142)
	at com.kms.katalon.core.keyword.builtin.CallTestCaseKeyword$_callTestCase_closure1.doCall(CallTestCaseKeyword.groovy:59)
	... 20 more
Caused by: com.kms.katalon.core.webui.exception.WebElementNotFoundException: Web element with id: 'Object Repository/Header/Preview/ClickOnPreviewIcon' located by '//span[contains(text(),'Preview')]//parent::a' not found
	at com.kms.katalon.core.webui.common.WebUiCommonHelper.findWebElement(WebUiCommonHelper.java:1370)
	at com.kms.katalon.core.webui.keyword.internal.WebUIAbstractKeyword.findWebElement(WebUIAbstractKeyword.groovy:27)
	at com.kms.katalon.core.webui.keyword.builtin.ClickKeyword$_click_closure1.doCall(ClickKeyword.groovy:65)
	at com.kms.katalon.core.webui.keyword.builtin.ClickKeyword$_click_closure1.call(ClickKeyword.groovy)
	at com.kms.katalon.core.webui.keyword.internal.WebUIKeywordMain.runKeyword(WebUIKeywordMain.groovy:20)
	... 35 more]]></system-out>
      <system-err><![CDATA[2022-02-11 22:18:41 - [TEST_SUITE][FAILED] - CancelAndRefundMultipleBookings-CopiedURL: Test Cases/NewActivityOverview-LeftNavigation/ActivityOverview-CancelBooking-GetOrderIDAndRefund - CopiedURL FAILED.
Reason:
com.kms.katalon.core.exception.StepFailedException: Unable to call Test Case 'Test Cases/StepToReUse/StepTOCopyURLAndAddAnotherTab' (Root cause: com.kms.katalon.core.exception.StepFailedException: Call Test Case 'Test Cases/StepToReUse/StepTOCopyURLAndAddAnotherTab' failed
	at com.kms.katalon.core.keyword.builtin.CallTestCaseKeyword$_callTestCase_closure1.doCall(CallTestCaseKeyword.groovy:63)
	at com.kms.katalon.core.keyword.builtin.CallTestCaseKeyword$_callTestCase_closure1.call(CallTestCaseKeyword.groovy)
	at com.kms.katalon.core.keyword.internal.KeywordMain.runKeyword(KeywordMain.groovy:74)
	at com.kms.katalon.core.keyword.builtin.CallTestCaseKeyword.callTestCase(CallTestCaseKeyword.groovy:81)
	at com.kms.katalon.core.keyword.builtin.CallTestCaseKeyword.execute(CallTestCaseKeyword.groovy:44)
	at com.kms.katalon.core.keyword.internal.KeywordExecutor.executeKeywordForPlatform(KeywordExecutor.groovy:74)
	at com.kms.katalon.core.keyword.BuiltinKeywords.callTestCase(BuiltinKeywords.groovy:334)
	at ActivityOverview-CancelBooking-GetOrderIDAndRefund - CopiedURL.run(ActivityOverview-CancelBooking-GetOrderIDAndRefund - CopiedURL:142)
	at com.kms.katalon.core.main.ScriptEngine.run(ScriptEngine.java:194)
	at com.kms.katalon.core.main.ScriptEngine.runScriptAsRawText(ScriptEngine.java:119)
	at com.kms.katalon.core.main.TestCaseExecutor.runScript(TestCaseExecutor.java:442)
	at com.kms.katalon.core.main.TestCaseExecutor.doExecute(TestCaseExecutor.java:433)
	at com.kms.katalon.core.main.TestCaseExecutor.processExecutionPhase(TestCaseExecutor.java:412)
	at com.kms.katalon.core.main.TestCaseExecutor.accessMainPhase(TestCaseExecutor.java:404)
	at com.kms.katalon.core.main.TestCaseExecutor.execute(TestCaseExecutor.java:281)
	at com.kms.katalon.core.main.TestSuiteExecutor.accessTestCaseMainPhase(TestSuiteExecutor.java:202)
	at com.kms.katalon.core.main.TestSuiteExecutor.accessTestSuiteMainPhase(TestSuiteExecutor.java:164)
	at com.kms.katalon.core.main.TestSuiteExecutor.execute(TestSuiteExecutor.java:105)
	at com.kms.katalon.core.main.TestCaseMain.startTestSuite(TestCaseMain.java:185)
	at com.kms.katalon.core.main.TestCaseMain$startTestSuite$0.call(Unknown Source)
	at TempTestSuite1644598033412.run(TempTestSuite1644598033412.groovy:36)
Caused by: com.kms.katalon.core.exception.StepFailedException: Unable to click on object 'Object Repository/Header/Preview/ClickOnPreviewIcon'
	at com.kms.katalon.core.webui.keyword.internal.WebUIKeywordMain.stepFailed(WebUIKeywordMain.groovy:64)
	at com.kms.katalon.core.webui.keyword.internal.WebUIKeywordMain.runKeyword(WebUIKeywordMain.groovy:26)
	at com.kms.katalon.core.webui.keyword.builtin.ClickKeyword.click(ClickKeyword.groovy:74)
	at com.kms.katalon.core.webui.keyword.builtin.ClickKeyword.execute(ClickKeyword.groovy:40)
	at com.kms.katalon.core.keyword.internal.KeywordExecutor.executeKeywordForPlatform(KeywordExecutor.groovy:74)
	at com.kms.katalon.core.webui.keyword.WebUiBuiltInKeywords.click(WebUiBuiltInKeywords.groovy:620)
	at com.kms.katalon.core.webui.keyword.WebUiBuiltInKeywords$click$2.call(Unknown Source)
	at StepTOCopyURLAndAddAnotherTab.run(StepTOCopyURLAndAddAnotherTab:29)
	at com.kms.katalon.core.main.ScriptEngine.run(ScriptEngine.java:194)
	at com.kms.katalon.core.main.ScriptEngine.runScriptAsRawText(ScriptEngine.java:119)
	at com.kms.katalon.core.main.TestCaseExecutor.runScript(TestCaseExecutor.java:442)
	at com.kms.katalon.core.main.TestCaseExecutor.doExecute(TestCaseExecutor.java:433)
	at com.kms.katalon.core.main.TestCaseExecutor.processExecutionPhase(TestCaseExecutor.java:412)
	at com.kms.katalon.core.main.TestCaseExecutor.accessMainPhase(TestCaseExecutor.java:404)
	at com.kms.katalon.core.main.TestCaseExecutor.execute(TestCaseExecutor.java:281)
	at com.kms.katalon.core.main.TestCaseMain.runTestCase(TestCaseMain.java:142)
	at com.kms.katalon.core.keyword.builtin.CallTestCaseKeyword$_callTestCase_closure1.doCall(CallTestCaseKeyword.groovy:59)
	... 20 more
Caused by: com.kms.katalon.core.webui.exception.WebElementNotFoundException: Web element with id: 'Object Repository/Header/Preview/ClickOnPreviewIcon' located by '//span[contains(text(),'Preview')]//parent::a' not found
	at com.kms.katalon.core.webui.common.WebUiCommonHelper.findWebElement(WebUiCommonHelper.java:1370)
	at com.kms.katalon.core.webui.keyword.internal.WebUIAbstractKeyword.findWebElement(WebUIAbstractKeyword.groovy:27)
	at com.kms.katalon.core.webui.keyword.builtin.ClickKeyword$_click_closure1.doCall(ClickKeyword.groovy:65)
	at com.kms.katalon.core.webui.keyword.builtin.ClickKeyword$_click_closure1.call(ClickKeyword.groovy)
	at com.kms.katalon.core.webui.keyword.internal.WebUIKeywordMain.runKeyword(WebUIKeywordMain.groovy:20)
	... 35 more
)
	at com.kms.katalon.core.keyword.internal.KeywordMain.stepFailed(KeywordMain.groovy:39)
	at com.kms.katalon.core.keyword.internal.KeywordMain.stepFailed(KeywordMain.groovy)
	at com.kms.katalon.core.keyword.internal.KeywordMain.runKeyword(KeywordMain.groovy:76)
	at com.kms.katalon.core.keyword.builtin.CallTestCaseKeyword.callTestCase(CallTestCaseKeyword.groovy:81)
	at com.kms.katalon.core.keyword.builtin.CallTestCaseKeyword.execute(CallTestCaseKeyword.groovy:44)
	at com.kms.katalon.core.keyword.internal.KeywordExecutor.executeKeywordForPlatform(KeywordExecutor.groovy:74)
	at com.kms.katalon.core.keyword.BuiltinKeywords.callTestCase(BuiltinKeywords.groovy:334)
	at ActivityOverview-CancelBooking-GetOrderIDAndRefund - CopiedURL.run(ActivityOverview-CancelBooking-GetOrderIDAndRefund - CopiedURL:142)
	at com.kms.katalon.core.main.ScriptEngine.run(ScriptEngine.java:194)
	at com.kms.katalon.core.main.ScriptEngine.runScriptAsRawText(ScriptEngine.java:119)
	at com.kms.katalon.core.main.TestCaseExecutor.runScript(TestCaseExecutor.java:442)
	at com.kms.katalon.core.main.TestCaseExecutor.doExecute(TestCaseExecutor.java:433)
	at com.kms.katalon.core.main.TestCaseExecutor.processExecutionPhase(TestCaseExecutor.java:412)
	at com.kms.katalon.core.main.TestCaseExecutor.accessMainPhase(TestCaseExecutor.java:404)
	at com.kms.katalon.core.main.TestCaseExecutor.execute(TestCaseExecutor.java:281)
	at com.kms.katalon.core.main.TestSuiteExecutor.accessTestCaseMainPhase(TestSuiteExecutor.java:202)
	at com.kms.katalon.core.main.TestSuiteExecutor.accessTestSuiteMainPhase(TestSuiteExecutor.java:164)
	at com.kms.katalon.core.main.TestSuiteExecutor.execute(TestSuiteExecutor.java:105)
	at com.kms.katalon.core.main.TestCaseMain.startTestSuite(TestCaseMain.java:185)
	at com.kms.katalon.core.main.TestCaseMain$startTestSuite$0.call(Unknown Source)
	at TempTestSuite1644598033412.run(TempTestSuite1644598033412.groovy:36)
Caused by: com.kms.katalon.core.exception.StepFailedException: Call Test Case 'Test Cases/StepToReUse/StepTOCopyURLAndAddAnotherTab' failed
	at com.kms.katalon.core.keyword.builtin.CallTestCaseKeyword$_callTestCase_closure1.doCall(CallTestCaseKeyword.groovy:63)
	at com.kms.katalon.core.keyword.builtin.CallTestCaseKeyword$_callTestCase_closure1.call(CallTestCaseKeyword.groovy)
	at com.kms.katalon.core.keyword.internal.KeywordMain.runKeyword(KeywordMain.groovy:74)
	... 18 more
Caused by: com.kms.katalon.core.exception.StepFailedException: Unable to click on object 'Object Repository/Header/Preview/ClickOnPreviewIcon'
	at com.kms.katalon.core.webui.keyword.internal.WebUIKeywordMain.stepFailed(WebUIKeywordMain.groovy:64)
	at com.kms.katalon.core.webui.keyword.internal.WebUIKeywordMain.runKeyword(WebUIKeywordMain.groovy:26)
	at com.kms.katalon.core.webui.keyword.builtin.ClickKeyword.click(ClickKeyword.groovy:74)
	at com.kms.katalon.core.webui.keyword.builtin.ClickKeyword.execute(ClickKeyword.groovy:40)
	at com.kms.katalon.core.keyword.internal.KeywordExecutor.executeKeywordForPlatform(KeywordExecutor.groovy:74)
	at com.kms.katalon.core.webui.keyword.WebUiBuiltInKeywords.click(WebUiBuiltInKeywords.groovy:620)
	at com.kms.katalon.core.webui.keyword.WebUiBuiltInKeywords$click$2.call(Unknown Source)
	at StepTOCopyURLAndAddAnotherTab.run(StepTOCopyURLAndAddAnotherTab:29)
	at com.kms.katalon.core.main.ScriptEngine.run(ScriptEngine.java:194)
	at com.kms.katalon.core.main.ScriptEngine.runScriptAsRawText(ScriptEngine.java:119)
	at com.kms.katalon.core.main.TestCaseExecutor.runScript(TestCaseExecutor.java:442)
	at com.kms.katalon.core.main.TestCaseExecutor.doExecute(TestCaseExecutor.java:433)
	at com.kms.katalon.core.main.TestCaseExecutor.processExecutionPhase(TestCaseExecutor.java:412)
	at com.kms.katalon.core.main.TestCaseExecutor.accessMainPhase(TestCaseExecutor.java:404)
	at com.kms.katalon.core.main.TestCaseExecutor.execute(TestCaseExecutor.java:281)
	at com.kms.katalon.core.main.TestCaseMain.runTestCase(TestCaseMain.java:142)
	at com.kms.katalon.core.keyword.builtin.CallTestCaseKeyword$_callTestCase_closure1.doCall(CallTestCaseKeyword.groovy:59)
	... 20 more
Caused by: com.kms.katalon.core.webui.exception.WebElementNotFoundException: Web element with id: 'Object Repository/Header/Preview/ClickOnPreviewIcon' located by '//span[contains(text(),'Preview')]//parent::a' not found
	at com.kms.katalon.core.webui.common.WebUiCommonHelper.findWebElement(WebUiCommonHelper.java:1370)
	at com.kms.katalon.core.webui.keyword.internal.WebUIAbstractKeyword.findWebElement(WebUIAbstractKeyword.groovy:27)
	at com.kms.katalon.core.webui.keyword.builtin.ClickKeyword$_click_closure1.doCall(ClickKeyword.groovy:65)
	at com.kms.katalon.core.webui.keyword.builtin.ClickKeyword$_click_closure1.call(ClickKeyword.groovy)
	at com.kms.katalon.core.webui.keyword.internal.WebUIKeywordMain.runKeyword(WebUIKeywordMain.groovy:20)
	... 35 more]]></system-err>
   </testsuite>
   <testsuite name="CancelAndRefundMultipleBookings" tests="1" failures="0" errors="0" time="324.038" skipped="0" timestamp="2022-02-11 22:18:49" hostname="intersoft-admin - DESKTOP-ANQSRIJ" id="Test Suites/CancelAndRefundMultipleBookings">
      <properties>
         <property name="deviceName" value=""/>
         <property name="devicePlatform" value=""/>
         <property name="logFolder" value="D:\\xampp\\htdocs\\training\\Training\\Rattan\\Final_testing\\New_ActivityOverview\\Reports\\20220211_221705\\CancelAndRefundMultipleBookings\\20220211_221715"/>
         <property name="logFiles" value="D:\\xampp\\htdocs\\training\\Training\\Rattan\\Final_testing\\New_ActivityOverview\\Reports\\20220211_221705\\CancelAndRefundMultipleBookings\\20220211_221715\\execution0.log"/>
         <property name="attachments" value="D:\\xampp\\htdocs\\training\\Training\\Rattan\\Final_testing\\New_ActivityOverview\\Reports\\20220211_221705\\CancelAndRefundMultipleBookings\\20220211_221715\\1644598182038.png, D:\\xampp\\htdocs\\training\\Training\\Rattan\\Final_testing\\New_ActivityOverview\\Reports\\20220211_221705\\CancelAndRefundMultipleBookings\\20220211_221715\\1644598215284.png, D:\\xampp\\htdocs\\training\\Training\\Rattan\\Final_testing\\New_ActivityOverview\\Reports\\20220211_221705\\CancelAndRefundMultipleBookings\\20220211_221715\\1644598236504.png, D:\\xampp\\htdocs\\training\\Training\\Rattan\\Final_testing\\New_ActivityOverview\\Reports\\20220211_221705\\CancelAndRefundMultipleBookings\\20220211_221715\\1644598274133.png, D:\\xampp\\htdocs\\training\\Training\\Rattan\\Final_testing\\New_ActivityOverview\\Reports\\20220211_221705\\CancelAndRefundMultipleBookings\\20220211_221715\\1644598298292.png, D:\\xampp\\htdocs\\training\\Training\\Rattan\\Final_testing\\New_ActivityOverview\\Reports\\20220211_221705\\CancelAndRefundMultipleBookings\\20220211_221715\\1644598299875.png, D:\\xampp\\htdocs\\training\\Training\\Rattan\\Final_testing\\New_ActivityOverview\\Reports\\20220211_221705\\CancelAndRefundMultipleBookings\\20220211_221715\\1644598324630.png, D:\\xampp\\htdocs\\training\\Training\\Rattan\\Final_testing\\New_ActivityOverview\\Reports\\20220211_221705\\CancelAndRefundMultipleBookings\\20220211_221715\\1644598388660.png, D:\\xampp\\htdocs\\training\\Training\\Rattan\\Final_testing\\New_ActivityOverview\\Reports\\20220211_221705\\CancelAndRefundMultipleBookings\\20220211_221715\\1644598389953.png, D:\\xampp\\htdocs\\training\\Training\\Rattan\\Final_testing\\New_ActivityOverview\\Reports\\20220211_221705\\CancelAndRefundMultipleBookings\\20220211_221715\\1644598414339.png"/>
         <property name="hostName" value="intersoft-admin - DESKTOP-ANQSRIJ"/>
         <property name="os" value="Windows 10 64bit"/>
         <property name="katalonVersion" value="8.2.5.208"/>
         <property name="browser" value="Chrome 98.0.4758.82"/>
         <property name="hostAddress" value="192.168.1.59"/>
         <property name="sessionId" value="f45a94cb30b2d253d5ad5bc9cf02c12e"/>
         <property name="seleniumVersion" value="3.141.59"/>
         <property name="proxyInformation" value="ProxyInformation { proxyOption=NO_PROXY, proxyServerType=HTTP, username=, password=********, proxyServerAddress=, proxyServerPort=0, executionList=&quot;&quot;, isApplyToDesiredCapabilities=true }"/>
         <property name="platform" value="Windows 10"/>
      </properties>
      <testcase name="Test Cases/NewActivityOverview-LeftNavigation/ActivityOverview-CancelBooking-GetOrderIDAndRefund" time="323.45" classname="Test Cases/NewActivityOverview-LeftNavigation/ActivityOverview-CancelBooking-GetOrderIDAndRefund" status="PASSED">
         <system-out><![CDATA[2022-02-11 22:18:50 - [TEST_CASE][PASSED] - Test Cases/NewActivityOverview-LeftNavigation/ActivityOverview-CancelBooking-GetOrderIDAndRefund: Test Cases/NewActivityOverview-LeftNavigation/ActivityOverview-CancelBooking-GetOrderIDAndRefund

2022-02-11 22:18:53 - [TEST_STEP][PASSED] - callTestCase(findTestCase("LoginWithSuperAdmin/SuperAdmin-Login"), [:], STOP_ON_FAILURE): Call Test Case 'Test Cases/LoginWithSuperAdmin/SuperAdmin-Login' successfully

2022-02-11 22:18:53 - [TEST_CASE][PASSED] - Test Cases/LoginWithSuperAdmin/SuperAdmin-Login: Test Cases/LoginWithSuperAdmin/SuperAdmin-Login

2022-02-11 22:18:55 - [TEST_STEP][PASSED] - openBrowser(""): Browser is opened with url: ''

2022-02-11 22:18:56 - [MESSAGE][INFO] - Starting 'Chrome' driver

2022-02-11 22:18:56 - [MESSAGE][INFO] - Action delay is set to 3,000 milliseconds

2022-02-11 22:19:02 - [MESSAGE][PASSED] - Browser is opened with url: ''

2022-02-11 22:19:02 - [TEST_STEP][PASSED] - setViewPortSize(1920, 1080): Viewport is set to new size with width = 1920 and height = 1080

2022-02-11 22:19:02 - [MESSAGE][PASSED] - Viewport is set to new size with width = 1920 and height = 1080

2022-02-11 22:19:02 - [TEST_STEP][PASSED] - navigateToUrl(URL): Navigate to 'https://marketplacev1.test-prio.com' successfully

2022-02-11 22:19:11 - [MESSAGE][PASSED] - Navigate to 'https://marketplacev1.test-prio.com' successfully

2022-02-11 22:19:11 - [TEST_STEP][PASSED] - delay(3): Delayed 3 second(s)

2022-02-11 22:19:14 - [MESSAGE][PASSED] - Delayed 3 second(s)

2022-02-11 22:19:14 - [TEST_STEP][PASSED] - click(findTestObject("SuperAdmin/Login/input_Email_contact_email")): Object: 'Object Repository/SuperAdmin/Login/input_Email_contact_email' is clicked on

2022-02-11 22:19:24 - [MESSAGE][PASSED] - Object: 'Object Repository/SuperAdmin/Login/input_Email_contact_email' is clicked on

2022-02-11 22:19:24 - [TEST_STEP][PASSED] - setText(findTestObject("SuperAdmin/Login/input_Email_contact_email"), uname): Text 'superadmin@tippoint.com' is set on object 'Object Repository/SuperAdmin/Login/input_Email_contact_email'

2022-02-11 22:19:32 - [MESSAGE][PASSED] - Text 'superadmin@tippoint.com' is set on object 'Object Repository/SuperAdmin/Login/input_Email_contact_email'

2022-02-11 22:19:32 - [TEST_STEP][PASSED] - setEncryptedText(findTestObject("SuperAdmin/Login/input_Password_password"), Password): Text ****** has been set on object 'Object Repository/SuperAdmin/Login/input_Password_password'

2022-02-11 22:19:41 - [MESSAGE][PASSED] - Text ****** has been set on object 'Object Repository/SuperAdmin/Login/input_Password_password'

2022-02-11 22:19:41 - [TEST_STEP][PASSED] - takeScreenshot(): Taking screenshot successfully

2022-02-11 22:19:43 - [MESSAGE][PASSED] - Taking screenshot successfully
[[ATTACHMENT|D:\\xampp\\htdocs\\training\\Training\\Rattan\\Final_testing\\New_ActivityOverview\\Reports\\20220211_221705\\CancelAndRefundMultipleBookings\\20220211_221715\\1644598182038.png]]

2022-02-11 22:19:43 - [TEST_STEP][PASSED] - newpackage.clickUsingJS.clickUsingJS(findTestObject("SuperAdmin/Login/button_Sign in"), 5): newpackage.clickUsingJS.clickUsingJS is PASSED

2022-02-11 22:19:47 - [MESSAGE][PASSED] - newpackage.clickUsingJS.clickUsingJS is PASSED

2022-02-11 22:19:47 - [MESSAGE][PASSED] - Call Test Case 'Test Cases/LoginWithSuperAdmin/SuperAdmin-Login' successfully

2022-02-11 22:19:47 - [TEST_STEP][PASSED] - switchToDefaultContent(): null

2022-02-11 22:19:47 - [TEST_STEP][PASSED] - click(findTestObject("SuperAdminLeftNavigation/NewActivityOverview-LeftNavigation")): Object: 'Object Repository/SuperAdminLeftNavigation/NewActivityOverview-LeftNavigation' is clicked on

2022-02-11 22:20:11 - [MESSAGE][PASSED] - Object: 'Object Repository/SuperAdminLeftNavigation/NewActivityOverview-LeftNavigation' is clicked on

2022-02-11 22:20:11 - [TEST_STEP][PASSED] - takeScreenshot(): Taking screenshot successfully

2022-02-11 22:20:25 - [MESSAGE][PASSED] - Taking screenshot successfully
[[ATTACHMENT|D:\\xampp\\htdocs\\training\\Training\\Rattan\\Final_testing\\New_ActivityOverview\\Reports\\20220211_221705\\CancelAndRefundMultipleBookings\\20220211_221715\\1644598215284.png]]

2022-02-11 22:20:25 - [TEST_STEP][PASSED] - switchToFrame(findTestObject("Object Repository/Iframe/NewActivityOverviewIframe"), 5): null

2022-02-11 22:20:26 - [TEST_STEP][PASSED] - delay(10): Delayed 10 second(s)

2022-02-11 22:20:36 - [MESSAGE][PASSED] - Delayed 10 second(s)

2022-02-11 22:20:36 - [TEST_STEP][PASSED] - takeScreenshot(): Taking screenshot successfully

2022-02-11 22:20:37 - [MESSAGE][PASSED] - Taking screenshot successfully
[[ATTACHMENT|D:\\xampp\\htdocs\\training\\Training\\Rattan\\Final_testing\\New_ActivityOverview\\Reports\\20220211_221705\\CancelAndRefundMultipleBookings\\20220211_221715\\1644598236504.png]]

2022-02-11 22:20:37 - [TEST_STEP][PASSED] - sizeoflisting = findWebElements(findTestObject("ListingArea/ListingContainsData"), 5).size(): null

2022-02-11 22:20:39 - [TEST_STEP][PASSED] - println(sizeoflisting): null

2022-02-11 22:20:39 - [TEST_STEP][PASSED] - logInfo(Size of Order Listing: $sizeoflisting): Size of Order Listing: 11

2022-02-11 22:20:40 - [MESSAGE][INFO] - Size of Order Listing: 11

2022-02-11 22:20:40 - [TEST_STEP][PASSED] - if (sizeoflisting > 2): Delayed 13 second(s)

2022-02-11 22:20:40 - [TEST_STEP][PASSED] - logInfo("Orders Exist in Listing"): Orders Exist in Listing

2022-02-11 22:20:40 - [MESSAGE][INFO] - Orders Exist in Listing

2022-02-11 22:20:40 - [TEST_STEP][PASSED] - click(findTestObject("Object Repository/OrderPerPage/OrderPerPage_select")): Object: 'Object Repository/OrderPerPage/OrderPerPage_select' is clicked on

2022-02-11 22:20:45 - [MESSAGE][PASSED] - Object: 'Object Repository/OrderPerPage/OrderPerPage_select' is clicked on

2022-02-11 22:20:45 - [TEST_STEP][PASSED] - delay(5): Delayed 5 second(s)

2022-02-11 22:20:50 - [MESSAGE][PASSED] - Delayed 5 second(s)

2022-02-11 22:20:50 - [TEST_STEP][PASSED] - click(findTestObject("Object Repository/OrderPerPage/OrderPerPage-SelectOption")): Object: 'Object Repository/OrderPerPage/OrderPerPage-SelectOption' is clicked on

2022-02-11 22:20:54 - [MESSAGE][PASSED] - Object: 'Object Repository/OrderPerPage/OrderPerPage-SelectOption' is clicked on

2022-02-11 22:20:54 - [TEST_STEP][PASSED] - delay(20): Delayed 20 second(s)

2022-02-11 22:21:14 - [MESSAGE][PASSED] - Delayed 20 second(s)

2022-02-11 22:21:14 - [TEST_STEP][PASSED] - takeScreenshot(): Taking screenshot successfully

2022-02-11 22:21:14 - [MESSAGE][PASSED] - Taking screenshot successfully
[[ATTACHMENT|D:\\xampp\\htdocs\\training\\Training\\Rattan\\Final_testing\\New_ActivityOverview\\Reports\\20220211_221705\\CancelAndRefundMultipleBookings\\20220211_221715\\1644598274133.png]]

2022-02-11 22:21:14 - [TEST_STEP][PASSED] - SizeofPagination = getText(findTestObject("Object Repository/PaginationCOunt/PaginationCount")): Text of object 'Object Repository/PaginationCOunt/PaginationCount' is: '100'

2022-02-11 22:21:14 - [MESSAGE][PASSED] - Text of object 'Object Repository/PaginationCOunt/PaginationCount' is: '100'

2022-02-11 22:21:14 - [TEST_STEP][PASSED] - println(SizeofPagination): null

2022-02-11 22:21:14 - [TEST_STEP][PASSED] - paginationmaxcount = Integer.parseInt(SizeofPagination): null

2022-02-11 22:21:14 - [TEST_STEP][PASSED] - paginationmaxcount = 2: null

2022-02-11 22:21:14 - [TEST_STEP][PASSED] - logInfo(Size of Pagination: $paginationmaxcount): Size of Pagination: 2

2022-02-11 22:21:14 - [MESSAGE][INFO] - Size of Pagination: 2

2022-02-11 22:21:14 - [TEST_STEP][PASSED] - totalrecords = 0: null

2022-02-11 22:21:14 - [TEST_STEP][PASSED] - for ([l = 1, l <= paginationmaxcount, (l++)]): Delayed 13 second(s)

2022-02-11 22:21:14 - [TEST_STEP][PASSED] - if (l <= 5): null

2022-02-11 22:21:14 - [TEST_STEP][PASSED] - paginationvalue = l: null

2022-02-11 22:21:14 - [TEST_STEP][PASSED] - if (l > 5): null

2022-02-11 22:21:14 - [TEST_STEP][PASSED] - logInfo(Size of Pagination: $paginationvalue): Size of Pagination: 1

2022-02-11 22:21:14 - [MESSAGE][INFO] - Size of Pagination: 1

2022-02-11 22:21:14 - [TEST_STEP][PASSED] - click(findTestObject("Object Repository/PaginationCOunt/ClickOnPagination", ["pagination":paginationvalue])): Object: 'Object Repository/PaginationCOunt/ClickOnPagination' is clicked on

2022-02-11 22:21:18 - [MESSAGE][PASSED] - Object: 'Object Repository/PaginationCOunt/ClickOnPagination' is clicked on

2022-02-11 22:21:18 - [TEST_STEP][PASSED] - delay(20): Delayed 20 second(s)

2022-02-11 22:21:38 - [MESSAGE][PASSED] - Delayed 20 second(s)

2022-02-11 22:21:38 - [TEST_STEP][PASSED] - takeScreenshot(): Taking screenshot successfully

2022-02-11 22:21:39 - [MESSAGE][PASSED] - Taking screenshot successfully
[[ATTACHMENT|D:\\xampp\\htdocs\\training\\Training\\Rattan\\Final_testing\\New_ActivityOverview\\Reports\\20220211_221705\\CancelAndRefundMultipleBookings\\20220211_221715\\1644598298292.png]]

2022-02-11 22:21:39 - [TEST_STEP][PASSED] - SizeofActiveBookings = findWebElements(findTestObject("Object Repository/CancelAndRefund/OrderListWithoutRefundedStatus"), 5).size(): null

2022-02-11 22:21:39 - [TEST_STEP][PASSED] - logInfo(Size of Active Bookings: $SizeofActiveBookings): Size of Active Bookings: 85

2022-02-11 22:21:39 - [MESSAGE][INFO] - Size of Active Bookings: 85

2022-02-11 22:21:39 - [TEST_STEP][PASSED] - for ([refund = 1, refund < SizeofActiveBookings, (refund++)]): null

2022-02-11 22:21:39 - [TEST_STEP][PASSED] - if (refund == 1): null

2022-02-11 22:21:39 - [TEST_STEP][PASSED] - refund = SizeofActiveBookings: null

2022-02-11 22:21:39 - [TEST_STEP][PASSED] - refundvalue = refund: null

2022-02-11 22:21:39 - [TEST_STEP][PASSED] - logInfo(Size of refund booking: $refund): Size of refund booking: 85

2022-02-11 22:21:39 - [MESSAGE][INFO] - Size of refund booking: 85

2022-02-11 22:21:39 - [TEST_STEP][PASSED] - scrollToElement(findTestObject("Object Repository/CancelAndRefund/OrderListWithoutRefundedStatus - Click", ["position":refund]), 15): Scroll to object 'Object Repository/CancelAndRefund/OrderListWithoutRefundedStatus - Click' successfully

2022-02-11 22:21:39 - [MESSAGE][PASSED] - Scroll to object 'Object Repository/CancelAndRefund/OrderListWithoutRefundedStatus - Click' successfully

2022-02-11 22:21:39 - [TEST_STEP][PASSED] - takeScreenshot(): Taking screenshot successfully

2022-02-11 22:21:40 - [MESSAGE][PASSED] - Taking screenshot successfully
[[ATTACHMENT|D:\\xampp\\htdocs\\training\\Training\\Rattan\\Final_testing\\New_ActivityOverview\\Reports\\20220211_221705\\CancelAndRefundMultipleBookings\\20220211_221715\\1644598299875.png]]

2022-02-11 22:21:40 - [TEST_STEP][PASSED] - orderId = findWebElement(findTestObject("Object Repository/GetOrderID/GetOrderID", ["position":refund])).getAttribute("data-order_id"): null

2022-02-11 22:21:40 - [TEST_STEP][PASSED] - orderId = orderId: null

2022-02-11 22:21:40 - [TEST_STEP][PASSED] - logInfo(Order ID: $orderId): Order ID: 164449722226379

2022-02-11 22:21:40 - [MESSAGE][INFO] - Order ID: 164449722226379

2022-02-11 22:21:40 - [TEST_STEP][PASSED] - click(findTestObject("Object Repository/GetOrderID/GetOrderID", ["position":refund])): Object: 'Object Repository/GetOrderID/GetOrderID' is clicked on

2022-02-11 22:21:44 - [MESSAGE][PASSED] - Object: 'Object Repository/GetOrderID/GetOrderID' is clicked on

2022-02-11 22:21:44 - [TEST_STEP][PASSED] - delay(20): Delayed 20 second(s)

2022-02-11 22:22:04 - [MESSAGE][PASSED] - Delayed 20 second(s)

2022-02-11 22:22:04 - [TEST_STEP][PASSED] - takeScreenshot(): Taking screenshot successfully

2022-02-11 22:22:04 - [MESSAGE][PASSED] - Taking screenshot successfully
[[ATTACHMENT|D:\\xampp\\htdocs\\training\\Training\\Rattan\\Final_testing\\New_ActivityOverview\\Reports\\20220211_221705\\CancelAndRefundMultipleBookings\\20220211_221715\\1644598324630.png]]

2022-02-11 22:22:04 - [TEST_STEP][PASSED] - bookingsize = findWebElements(findTestObject("Object Repository/DetailPop-up/ExpanSection/ProductSectionLength"), 5).size(): [SELF-HEALING] Cannot find elements when the selector is null

2022-02-11 22:22:10 - [MESSAGE][INFO] - Unable to find the element located by 'By.xpath: //div[@class='order-detail-left']//li[@class='order-list confirm hash-link-parent']'. Please recheck the objects properties to make sure the desired element is located. 

2022-02-11 22:22:10 - [MESSAGE][WARNING] - [SELF-HEALING] Failed to find element with id 'Object Repository/DetailPop-up/ExpanSection/ProductSectionLength'. Try using Self-healing.

2022-02-11 22:22:11 - [MESSAGE][INFO] - [SELF-HEALING] No working XPath is found.

2022-02-11 22:22:13 - [MESSAGE][INFO] - Unable to find the element located by 'By.xpath: '. Please recheck the objects properties to make sure the desired element is located. 

2022-02-11 22:22:13 - [MESSAGE][WARNING] - [SELF-HEALING] Cannot find elements when the selector is null

2022-02-11 22:22:13 - [TEST_STEP][PASSED] - logInfo(Size of Bookings on Product detail Pop-up: $bookingsize): Size of Bookings on Product detail Pop-up: 0

2022-02-11 22:22:13 - [MESSAGE][INFO] - Size of Bookings on Product detail Pop-up: 0

2022-02-11 22:22:13 - [TEST_STEP][PASSED] - for ([looping = 1, looping <= bookingsize, (looping++)]): null

2022-02-11 22:22:13 - [TEST_STEP][PASSED] - delay(13): Delayed 13 second(s)

2022-02-11 22:22:26 - [MESSAGE][PASSED] - Delayed 13 second(s)

2022-02-11 22:22:26 - [TEST_STEP][PASSED] - click(findTestObject("Object Repository/DetailPop-up/Backbutton/BackButtonToListing")): Object: 'Object Repository/DetailPop-up/Backbutton/BackButtonToListing' is clicked on

2022-02-11 22:22:31 - [MESSAGE][PASSED] - Object: 'Object Repository/DetailPop-up/Backbutton/BackButtonToListing' is clicked on

2022-02-11 22:22:31 - [TEST_STEP][PASSED] - delay(13): Delayed 13 second(s)

2022-02-11 22:22:44 - [MESSAGE][PASSED] - Delayed 13 second(s)

2022-02-11 22:22:44 - [TEST_STEP][PASSED] - if (l <= 5): null

2022-02-11 22:22:44 - [TEST_STEP][PASSED] - paginationvalue = l: null

2022-02-11 22:22:44 - [TEST_STEP][PASSED] - if (l > 5): null

2022-02-11 22:22:44 - [TEST_STEP][PASSED] - logInfo(Size of Pagination: $paginationvalue): Size of Pagination: 2

2022-02-11 22:22:44 - [MESSAGE][INFO] - Size of Pagination: 2

2022-02-11 22:22:44 - [TEST_STEP][PASSED] - click(findTestObject("Object Repository/PaginationCOunt/ClickOnPagination", ["pagination":paginationvalue])): Object: 'Object Repository/PaginationCOunt/ClickOnPagination' is clicked on

2022-02-11 22:22:48 - [MESSAGE][PASSED] - Object: 'Object Repository/PaginationCOunt/ClickOnPagination' is clicked on

2022-02-11 22:22:48 - [TEST_STEP][PASSED] - delay(20): Delayed 20 second(s)

2022-02-11 22:23:08 - [MESSAGE][PASSED] - Delayed 20 second(s)

2022-02-11 22:23:08 - [TEST_STEP][PASSED] - takeScreenshot(): Taking screenshot successfully

2022-02-11 22:23:09 - [MESSAGE][PASSED] - Taking screenshot successfully
[[ATTACHMENT|D:\\xampp\\htdocs\\training\\Training\\Rattan\\Final_testing\\New_ActivityOverview\\Reports\\20220211_221705\\CancelAndRefundMultipleBookings\\20220211_221715\\1644598388660.png]]

2022-02-11 22:23:09 - [TEST_STEP][PASSED] - SizeofActiveBookings = findWebElements(findTestObject("Object Repository/CancelAndRefund/OrderListWithoutRefundedStatus"), 5).size(): null

2022-02-11 22:23:09 - [TEST_STEP][PASSED] - logInfo(Size of Active Bookings: $SizeofActiveBookings): Size of Active Bookings: 79

2022-02-11 22:23:09 - [MESSAGE][INFO] - Size of Active Bookings: 79

2022-02-11 22:23:09 - [TEST_STEP][PASSED] - for ([refund = 1, refund < SizeofActiveBookings, (refund++)]): null

2022-02-11 22:23:09 - [TEST_STEP][PASSED] - if (refund == 1): null

2022-02-11 22:23:09 - [TEST_STEP][PASSED] - refund = SizeofActiveBookings: null

2022-02-11 22:23:09 - [TEST_STEP][PASSED] - refundvalue = refund: null

2022-02-11 22:23:09 - [TEST_STEP][PASSED] - logInfo(Size of refund booking: $refund): Size of refund booking: 79

2022-02-11 22:23:09 - [MESSAGE][INFO] - Size of refund booking: 79

2022-02-11 22:23:09 - [TEST_STEP][PASSED] - scrollToElement(findTestObject("Object Repository/CancelAndRefund/OrderListWithoutRefundedStatus - Click", ["position":refund]), 15): Scroll to object 'Object Repository/CancelAndRefund/OrderListWithoutRefundedStatus - Click' successfully

2022-02-11 22:23:09 - [MESSAGE][PASSED] - Scroll to object 'Object Repository/CancelAndRefund/OrderListWithoutRefundedStatus - Click' successfully

2022-02-11 22:23:09 - [TEST_STEP][PASSED] - takeScreenshot(): Taking screenshot successfully

2022-02-11 22:23:10 - [MESSAGE][PASSED] - Taking screenshot successfully
[[ATTACHMENT|D:\\xampp\\htdocs\\training\\Training\\Rattan\\Final_testing\\New_ActivityOverview\\Reports\\20220211_221705\\CancelAndRefundMultipleBookings\\20220211_221715\\1644598389953.png]]

2022-02-11 22:23:10 - [TEST_STEP][PASSED] - orderId = findWebElement(findTestObject("Object Repository/GetOrderID/GetOrderID", ["position":refund])).getAttribute("data-order_id"): null

2022-02-11 22:23:10 - [TEST_STEP][PASSED] - orderId = orderId: null

2022-02-11 22:23:10 - [TEST_STEP][PASSED] - logInfo(Order ID: $orderId): Order ID: 164440489862832

2022-02-11 22:23:10 - [MESSAGE][INFO] - Order ID: 164440489862832

2022-02-11 22:23:10 - [TEST_STEP][PASSED] - click(findTestObject("Object Repository/GetOrderID/GetOrderID", ["position":refund])): Object: 'Object Repository/GetOrderID/GetOrderID' is clicked on

2022-02-11 22:23:14 - [MESSAGE][PASSED] - Object: 'Object Repository/GetOrderID/GetOrderID' is clicked on

2022-02-11 22:23:14 - [TEST_STEP][PASSED] - delay(20): Delayed 20 second(s)

2022-02-11 22:23:34 - [MESSAGE][PASSED] - Delayed 20 second(s)

2022-02-11 22:23:34 - [TEST_STEP][PASSED] - takeScreenshot(): Taking screenshot successfully

2022-02-11 22:23:34 - [MESSAGE][PASSED] - Taking screenshot successfully
[[ATTACHMENT|D:\\xampp\\htdocs\\training\\Training\\Rattan\\Final_testing\\New_ActivityOverview\\Reports\\20220211_221705\\CancelAndRefundMultipleBookings\\20220211_221715\\1644598414339.png]]

2022-02-11 22:23:34 - [TEST_STEP][PASSED] - bookingsize = findWebElements(findTestObject("Object Repository/DetailPop-up/ExpanSection/ProductSectionLength"), 5).size(): [SELF-HEALING] Cannot find elements when the selector is null

2022-02-11 22:23:40 - [MESSAGE][INFO] - Unable to find the element located by 'By.xpath: //div[@class='order-detail-left']//li[@class='order-list confirm hash-link-parent']'. Please recheck the objects properties to make sure the desired element is located. 

2022-02-11 22:23:40 - [MESSAGE][WARNING] - [SELF-HEALING] Failed to find element with id 'Object Repository/DetailPop-up/ExpanSection/ProductSectionLength'. Try using Self-healing.

2022-02-11 22:23:41 - [MESSAGE][INFO] - [SELF-HEALING] No working XPath is found.

2022-02-11 22:23:42 - [MESSAGE][INFO] - Unable to find the element located by 'By.xpath: '. Please recheck the objects properties to make sure the desired element is located. 

2022-02-11 22:23:42 - [MESSAGE][WARNING] - [SELF-HEALING] Cannot find elements when the selector is null

2022-02-11 22:23:42 - [TEST_STEP][PASSED] - logInfo(Size of Bookings on Product detail Pop-up: $bookingsize): Size of Bookings on Product detail Pop-up: 0

2022-02-11 22:23:42 - [MESSAGE][INFO] - Size of Bookings on Product detail Pop-up: 0

2022-02-11 22:23:42 - [TEST_STEP][PASSED] - for ([looping = 1, looping <= bookingsize, (looping++)]): null

2022-02-11 22:23:42 - [TEST_STEP][PASSED] - delay(13): Delayed 13 second(s)

2022-02-11 22:23:55 - [MESSAGE][PASSED] - Delayed 13 second(s)

2022-02-11 22:23:55 - [TEST_STEP][PASSED] - click(findTestObject("Object Repository/DetailPop-up/Backbutton/BackButtonToListing")): Object: 'Object Repository/DetailPop-up/Backbutton/BackButtonToListing' is clicked on

2022-02-11 22:24:00 - [MESSAGE][PASSED] - Object: 'Object Repository/DetailPop-up/Backbutton/BackButtonToListing' is clicked on

2022-02-11 22:24:00 - [TEST_STEP][PASSED] - delay(13): Delayed 13 second(s)

2022-02-11 22:24:13 - [MESSAGE][PASSED] - Delayed 13 second(s)]]></system-out>
         <system-err><![CDATA[]]></system-err>
      </testcase>
      <system-out><![CDATA[2022-02-11 22:18:49 - [TEST_SUITE][PASSED] - CancelAndRefundMultipleBookings: Test Cases/NewActivityOverview-LeftNavigation/ActivityOverview-CancelBooking-GetOrderIDAndRefund]]></system-out>
      <system-err><![CDATA[]]></system-err>
   </testsuite>
   <testsuite name="CancelOrder-CopiedURL" tests="1" failures="0" errors="0" time="931.083" skipped="0" timestamp="2022-02-11 22:19:01" hostname="intersoft-admin - DESKTOP-ANQSRIJ" id="Test Suites/CancelOrder-CopiedURL">
      <properties>
         <property name="deviceName" value=""/>
         <property name="devicePlatform" value=""/>
         <property name="logFolder" value="D:\\xampp\\htdocs\\training\\Training\\Rattan\\Final_testing\\New_ActivityOverview\\Reports\\20220211_221705\\CancelOrder-CopiedURL\\20220211_221717"/>
         <property name="logFiles" value="D:\\xampp\\htdocs\\training\\Training\\Rattan\\Final_testing\\New_ActivityOverview\\Reports\\20220211_221705\\CancelOrder-CopiedURL\\20220211_221717\\execution0.log"/>
         <property name="attachments" value="D:\\xampp\\htdocs\\training\\Training\\Rattan\\Final_testing\\New_ActivityOverview\\Reports\\20220211_221705\\CancelOrder-CopiedURL\\20220211_221717\\1644598225199.png, D:\\xampp\\htdocs\\training\\Training\\Rattan\\Final_testing\\New_ActivityOverview\\Reports\\20220211_221705\\CancelOrder-CopiedURL\\20220211_221717\\1644598244764.png, D:\\xampp\\htdocs\\training\\Training\\Rattan\\Final_testing\\New_ActivityOverview\\Reports\\20220211_221705\\CancelOrder-CopiedURL\\20220211_221717\\1644598268845.png, D:\\xampp\\htdocs\\training\\Training\\Rattan\\Final_testing\\New_ActivityOverview\\Reports\\20220211_221705\\CancelOrder-CopiedURL\\20220211_221717\\1644598301324.png, D:\\xampp\\htdocs\\training\\Training\\Rattan\\Final_testing\\New_ActivityOverview\\Reports\\20220211_221705\\CancelOrder-CopiedURL\\20220211_221717\\1644598325750.png, D:\\xampp\\htdocs\\training\\Training\\Rattan\\Final_testing\\New_ActivityOverview\\Reports\\20220211_221705\\CancelOrder-CopiedURL\\20220211_221717\\1644598326767.png, D:\\xampp\\htdocs\\training\\Training\\Rattan\\Final_testing\\New_ActivityOverview\\Reports\\20220211_221705\\CancelOrder-CopiedURL\\20220211_221717\\1644598351077.png, D:\\xampp\\htdocs\\training\\Training\\Rattan\\Final_testing\\New_ActivityOverview\\Reports\\20220211_221705\\CancelOrder-CopiedURL\\20220211_221717\\1644598388640.png, D:\\xampp\\htdocs\\training\\Training\\Rattan\\Final_testing\\New_ActivityOverview\\Reports\\20220211_221705\\CancelOrder-CopiedURL\\20220211_221717\\1644598464402.png, D:\\xampp\\htdocs\\training\\Training\\Rattan\\Final_testing\\New_ActivityOverview\\Reports\\20220211_221705\\CancelOrder-CopiedURL\\20220211_221717\\1644598466434.png, D:\\xampp\\htdocs\\training\\Training\\Rattan\\Final_testing\\New_ActivityOverview\\Reports\\20220211_221705\\CancelOrder-CopiedURL\\20220211_221717\\1644598490436.png, D:\\xampp\\htdocs\\training\\Training\\Rattan\\Final_testing\\New_ActivityOverview\\Reports\\20220211_221705\\CancelOrder-CopiedURL\\20220211_221717\\1644598504995.png, D:\\xampp\\htdocs\\training\\Training\\Rattan\\Final_testing\\New_ActivityOverview\\Reports\\20220211_221705\\CancelOrder-CopiedURL\\20220211_221717\\1644598519451.png, D:\\xampp\\htdocs\\training\\Training\\Rattan\\Final_testing\\New_ActivityOverview\\Reports\\20220211_221705\\CancelOrder-CopiedURL\\20220211_221717\\1644598532236.png, D:\\xampp\\htdocs\\training\\Training\\Rattan\\Final_testing\\New_ActivityOverview\\Reports\\20220211_221705\\CancelOrder-CopiedURL\\20220211_221717\\1644598543133.png, D:\\xampp\\htdocs\\training\\Training\\Rattan\\Final_testing\\New_ActivityOverview\\Reports\\20220211_221705\\CancelOrder-CopiedURL\\20220211_221717\\1644598551341.png, D:\\xampp\\htdocs\\training\\Training\\Rattan\\Final_testing\\New_ActivityOverview\\Reports\\20220211_221705\\CancelOrder-CopiedURL\\20220211_221717\\1644598584600.png, D:\\xampp\\htdocs\\training\\Training\\Rattan\\Final_testing\\New_ActivityOverview\\Reports\\20220211_221705\\CancelOrder-CopiedURL\\20220211_221717\\1644598654060.png, D:\\xampp\\htdocs\\training\\Training\\Rattan\\Final_testing\\New_ActivityOverview\\Reports\\20220211_221705\\CancelOrder-CopiedURL\\20220211_221717\\1644598676713.png, D:\\xampp\\htdocs\\training\\Training\\Rattan\\Final_testing\\New_ActivityOverview\\Reports\\20220211_221705\\CancelOrder-CopiedURL\\20220211_221717\\1644598695584.png, D:\\xampp\\htdocs\\training\\Training\\Rattan\\Final_testing\\New_ActivityOverview\\Reports\\20220211_221705\\CancelOrder-CopiedURL\\20220211_221717\\1644598727618.png, D:\\xampp\\htdocs\\training\\Training\\Rattan\\Final_testing\\New_ActivityOverview\\Reports\\20220211_221705\\CancelOrder-CopiedURL\\20220211_221717\\1644598751518.png, D:\\xampp\\htdocs\\training\\Training\\Rattan\\Final_testing\\New_ActivityOverview\\Reports\\20220211_221705\\CancelOrder-CopiedURL\\20220211_221717\\1644598752115.png, D:\\xampp\\htdocs\\training\\Training\\Rattan\\Final_testing\\New_ActivityOverview\\Reports\\20220211_221705\\CancelOrder-CopiedURL\\20220211_221717\\1644598775956.png, D:\\xampp\\htdocs\\training\\Training\\Rattan\\Final_testing\\New_ActivityOverview\\Reports\\20220211_221705\\CancelOrder-CopiedURL\\20220211_221717\\1644598789813.png, D:\\xampp\\htdocs\\training\\Training\\Rattan\\Final_testing\\New_ActivityOverview\\Reports\\20220211_221705\\CancelOrder-CopiedURL\\20220211_221717\\1644598803349.png, D:\\xampp\\htdocs\\training\\Training\\Rattan\\Final_testing\\New_ActivityOverview\\Reports\\20220211_221705\\CancelOrder-CopiedURL\\20220211_221717\\1644598814429.png, D:\\xampp\\htdocs\\training\\Training\\Rattan\\Final_testing\\New_ActivityOverview\\Reports\\20220211_221705\\CancelOrder-CopiedURL\\20220211_221717\\1644598822319.png, D:\\xampp\\htdocs\\training\\Training\\Rattan\\Final_testing\\New_ActivityOverview\\Reports\\20220211_221705\\CancelOrder-CopiedURL\\20220211_221717\\1644598831622.png, D:\\xampp\\htdocs\\training\\Training\\Rattan\\Final_testing\\New_ActivityOverview\\Reports\\20220211_221705\\CancelOrder-CopiedURL\\20220211_221717\\1644598864646.png, D:\\xampp\\htdocs\\training\\Training\\Rattan\\Final_testing\\New_ActivityOverview\\Reports\\20220211_221705\\CancelOrder-CopiedURL\\20220211_221717\\1644598922633.png, D:\\xampp\\htdocs\\training\\Training\\Rattan\\Final_testing\\New_ActivityOverview\\Reports\\20220211_221705\\CancelOrder-CopiedURL\\20220211_221717\\1644598923301.png, D:\\xampp\\htdocs\\training\\Training\\Rattan\\Final_testing\\New_ActivityOverview\\Reports\\20220211_221705\\CancelOrder-CopiedURL\\20220211_221717\\1644598947368.png, D:\\xampp\\htdocs\\training\\Training\\Rattan\\Final_testing\\New_ActivityOverview\\Reports\\20220211_221705\\CancelOrder-CopiedURL\\20220211_221717\\1644598961547.png, D:\\xampp\\htdocs\\training\\Training\\Rattan\\Final_testing\\New_ActivityOverview\\Reports\\20220211_221705\\CancelOrder-CopiedURL\\20220211_221717\\1644598975088.png, D:\\xampp\\htdocs\\training\\Training\\Rattan\\Final_testing\\New_ActivityOverview\\Reports\\20220211_221705\\CancelOrder-CopiedURL\\20220211_221717\\1644598985640.png, D:\\xampp\\htdocs\\training\\Training\\Rattan\\Final_testing\\New_ActivityOverview\\Reports\\20220211_221705\\CancelOrder-CopiedURL\\20220211_221717\\1644598996460.png, D:\\xampp\\htdocs\\training\\Training\\Rattan\\Final_testing\\New_ActivityOverview\\Reports\\20220211_221705\\CancelOrder-CopiedURL\\20220211_221717\\1644599007840.png, D:\\xampp\\htdocs\\training\\Training\\Rattan\\Final_testing\\New_ActivityOverview\\Reports\\20220211_221705\\CancelOrder-CopiedURL\\20220211_221717\\1644599041662.png"/>
         <property name="hostName" value="intersoft-admin - DESKTOP-ANQSRIJ"/>
         <property name="os" value="Windows 10 64bit"/>
         <property name="katalonVersion" value="8.2.5.208"/>
         <property name="browser" value="Chrome 98.0.4758.82"/>
         <property name="hostAddress" value="192.168.1.59"/>
         <property name="sessionId" value="2f349dac271e2d63fce8a5a8e4dee78b"/>
         <property name="seleniumVersion" value="3.141.59"/>
         <property name="proxyInformation" value="ProxyInformation { proxyOption=NO_PROXY, proxyServerType=HTTP, username=, password=********, proxyServerAddress=, proxyServerPort=0, executionList=&quot;&quot;, isApplyToDesiredCapabilities=true }"/>
         <property name="platform" value="Windows 10"/>
      </properties>
      <testcase name="Test Cases/NewActivityOverview-LeftNavigation/ActivityOverview-CancelOrder-GetOrderIDAndRefund - CopiedURL" time="454.438" classname="Test Cases/NewActivityOverview-LeftNavigation/ActivityOverview-CancelOrder-GetOrderIDAndRefund - CopiedURL" status="PASSED">
         <system-out><![CDATA[2022-02-11 22:26:58 - [TEST_CASE][PASSED] - Test Cases/NewActivityOverview-LeftNavigation/ActivityOverview-CancelOrder-GetOrderIDAndRefund - CopiedURL: Test Cases/NewActivityOverview-LeftNavigation/ActivityOverview-CancelOrder-GetOrderIDAndRefund - CopiedURL

2022-02-11 22:26:58 - [TEST_STEP][PASSED] - callTestCase(findTestCase("LoginWithSuperAdmin/SuperAdmin-Login"), [:], STOP_ON_FAILURE): Call Test Case 'Test Cases/LoginWithSuperAdmin/SuperAdmin-Login' successfully

2022-02-11 22:26:58 - [TEST_CASE][PASSED] - Test Cases/LoginWithSuperAdmin/SuperAdmin-Login: Test Cases/LoginWithSuperAdmin/SuperAdmin-Login

2022-02-11 22:26:58 - [TEST_STEP][PASSED] - openBrowser(""): Browser is opened with url: ''

2022-02-11 22:26:58 - [MESSAGE][WARNING] - A browser is already opened. Closing browser and opening a new one

2022-02-11 22:26:59 - [MESSAGE][INFO] - Starting 'Chrome' driver

2022-02-11 22:26:59 - [MESSAGE][INFO] - Action delay is set to 3,000 milliseconds

2022-02-11 22:27:02 - [MESSAGE][PASSED] - Browser is opened with url: ''

2022-02-11 22:27:02 - [TEST_STEP][PASSED] - setViewPortSize(1920, 1080): Viewport is set to new size with width = 1920 and height = 1080

2022-02-11 22:27:02 - [MESSAGE][PASSED] - Viewport is set to new size with width = 1920 and height = 1080

2022-02-11 22:27:02 - [TEST_STEP][PASSED] - navigateToUrl(URL): Navigate to 'https://marketplacev1.test-prio.com' successfully

2022-02-11 22:27:07 - [MESSAGE][PASSED] - Navigate to 'https://marketplacev1.test-prio.com' successfully

2022-02-11 22:27:07 - [TEST_STEP][PASSED] - delay(3): Delayed 3 second(s)

2022-02-11 22:27:10 - [MESSAGE][PASSED] - Delayed 3 second(s)

2022-02-11 22:27:10 - [TEST_STEP][PASSED] - click(findTestObject("SuperAdmin/Login/input_Email_contact_email")): Object: 'Object Repository/SuperAdmin/Login/input_Email_contact_email' is clicked on

2022-02-11 22:27:20 - [MESSAGE][PASSED] - Object: 'Object Repository/SuperAdmin/Login/input_Email_contact_email' is clicked on

2022-02-11 22:27:20 - [TEST_STEP][PASSED] - setText(findTestObject("SuperAdmin/Login/input_Email_contact_email"), uname): Text 'superadmin@tippoint.com' is set on object 'Object Repository/SuperAdmin/Login/input_Email_contact_email'

2022-02-11 22:27:27 - [MESSAGE][PASSED] - Text 'superadmin@tippoint.com' is set on object 'Object Repository/SuperAdmin/Login/input_Email_contact_email'

2022-02-11 22:27:27 - [TEST_STEP][PASSED] - setEncryptedText(findTestObject("SuperAdmin/Login/input_Password_password"), Password): Text ****** has been set on object 'Object Repository/SuperAdmin/Login/input_Password_password'

2022-02-11 22:27:33 - [MESSAGE][PASSED] - Text ****** has been set on object 'Object Repository/SuperAdmin/Login/input_Password_password'

2022-02-11 22:27:33 - [TEST_STEP][PASSED] - takeScreenshot(): Taking screenshot successfully

2022-02-11 22:27:35 - [MESSAGE][PASSED] - Taking screenshot successfully
[[ATTACHMENT|D:\\xampp\\htdocs\\training\\Training\\Rattan\\Final_testing\\New_ActivityOverview\\Reports\\20220211_221705\\CancelOrder-CopiedURL\\20220211_221717\\1644598654060.png]]

2022-02-11 22:27:35 - [TEST_STEP][PASSED] - newpackage.clickUsingJS.clickUsingJS(findTestObject("SuperAdmin/Login/button_Sign in"), 5): newpackage.clickUsingJS.clickUsingJS is PASSED

2022-02-11 22:27:35 - [MESSAGE][PASSED] - newpackage.clickUsingJS.clickUsingJS is PASSED

2022-02-11 22:27:35 - [MESSAGE][PASSED] - Call Test Case 'Test Cases/LoginWithSuperAdmin/SuperAdmin-Login' successfully

2022-02-11 22:27:35 - [TEST_STEP][PASSED] - switchToDefaultContent(): null

2022-02-11 22:27:35 - [TEST_STEP][PASSED] - click(findTestObject("SuperAdminLeftNavigation/NewActivityOverview-LeftNavigation")): Object: 'Object Repository/SuperAdminLeftNavigation/NewActivityOverview-LeftNavigation' is clicked on

2022-02-11 22:27:55 - [MESSAGE][PASSED] - Object: 'Object Repository/SuperAdminLeftNavigation/NewActivityOverview-LeftNavigation' is clicked on

2022-02-11 22:27:55 - [TEST_STEP][PASSED] - takeScreenshot(): Taking screenshot successfully

2022-02-11 22:28:05 - [MESSAGE][PASSED] - Taking screenshot successfully
[[ATTACHMENT|D:\\xampp\\htdocs\\training\\Training\\Rattan\\Final_testing\\New_ActivityOverview\\Reports\\20220211_221705\\CancelOrder-CopiedURL\\20220211_221717\\1644598676713.png]]

2022-02-11 22:28:05 - [TEST_STEP][PASSED] - switchToFrame(findTestObject("Object Repository/Iframe/NewActivityOverviewIframe"), 5): null

2022-02-11 22:28:05 - [TEST_STEP][PASSED] - delay(10): Delayed 10 second(s)

2022-02-11 22:28:15 - [MESSAGE][PASSED] - Delayed 10 second(s)

2022-02-11 22:28:15 - [TEST_STEP][PASSED] - takeScreenshot(): Taking screenshot successfully

2022-02-11 22:28:15 - [MESSAGE][PASSED] - Taking screenshot successfully
[[ATTACHMENT|D:\\xampp\\htdocs\\training\\Training\\Rattan\\Final_testing\\New_ActivityOverview\\Reports\\20220211_221705\\CancelOrder-CopiedURL\\20220211_221717\\1644598695584.png]]

2022-02-11 22:28:15 - [TEST_STEP][PASSED] - sizeoflisting = findWebElements(findTestObject("ListingArea/ListingContainsData"), 5).size(): null

2022-02-11 22:28:16 - [TEST_STEP][PASSED] - println(sizeoflisting): null

2022-02-11 22:28:16 - [TEST_STEP][PASSED] - logInfo(Size of Order Listing: $sizeoflisting): Size of Order Listing: 11

2022-02-11 22:28:16 - [MESSAGE][INFO] - Size of Order Listing: 11

2022-02-11 22:28:16 - [TEST_STEP][PASSED] - if (sizeoflisting > 2): Delayed 13 second(s)

2022-02-11 22:28:16 - [TEST_STEP][PASSED] - logInfo("Orders Exist in Listing"): Orders Exist in Listing

2022-02-11 22:28:16 - [MESSAGE][INFO] - Orders Exist in Listing

2022-02-11 22:28:16 - [TEST_STEP][PASSED] - click(findTestObject("Object Repository/OrderPerPage/OrderPerPage_select")): Object: 'Object Repository/OrderPerPage/OrderPerPage_select' is clicked on

2022-02-11 22:28:19 - [MESSAGE][PASSED] - Object: 'Object Repository/OrderPerPage/OrderPerPage_select' is clicked on

2022-02-11 22:28:19 - [TEST_STEP][PASSED] - delay(5): Delayed 5 second(s)

2022-02-11 22:28:24 - [MESSAGE][PASSED] - Delayed 5 second(s)

2022-02-11 22:28:24 - [TEST_STEP][PASSED] - click(findTestObject("Object Repository/OrderPerPage/OrderPerPage-SelectOption")): Object: 'Object Repository/OrderPerPage/OrderPerPage-SelectOption' is clicked on

2022-02-11 22:28:27 - [MESSAGE][PASSED] - Object: 'Object Repository/OrderPerPage/OrderPerPage-SelectOption' is clicked on

2022-02-11 22:28:27 - [TEST_STEP][PASSED] - delay(20): Delayed 20 second(s)

2022-02-11 22:28:47 - [MESSAGE][PASSED] - Delayed 20 second(s)

2022-02-11 22:28:47 - [TEST_STEP][PASSED] - takeScreenshot(): Taking screenshot successfully

2022-02-11 22:28:47 - [MESSAGE][PASSED] - Taking screenshot successfully
[[ATTACHMENT|D:\\xampp\\htdocs\\training\\Training\\Rattan\\Final_testing\\New_ActivityOverview\\Reports\\20220211_221705\\CancelOrder-CopiedURL\\20220211_221717\\1644598727618.png]]

2022-02-11 22:28:47 - [TEST_STEP][PASSED] - SizeofPagination = getText(findTestObject("Object Repository/PaginationCOunt/PaginationCount")): Text of object 'Object Repository/PaginationCOunt/PaginationCount' is: '100'

2022-02-11 22:28:48 - [MESSAGE][PASSED] - Text of object 'Object Repository/PaginationCOunt/PaginationCount' is: '100'

2022-02-11 22:28:48 - [TEST_STEP][PASSED] - println(SizeofPagination): null

2022-02-11 22:28:48 - [TEST_STEP][PASSED] - paginationmaxcount = Integer.parseInt(SizeofPagination): null

2022-02-11 22:28:48 - [TEST_STEP][PASSED] - paginationmaxcount = 2: null

2022-02-11 22:28:48 - [TEST_STEP][PASSED] - logInfo(Size of Pagination: $paginationmaxcount): Size of Pagination: 2

2022-02-11 22:28:48 - [MESSAGE][INFO] - Size of Pagination: 2

2022-02-11 22:28:48 - [TEST_STEP][PASSED] - totalrecords = 0: null

2022-02-11 22:28:48 - [TEST_STEP][PASSED] - for ([l = 1, l <= paginationmaxcount, (l++)]): Delayed 13 second(s)

2022-02-11 22:28:48 - [TEST_STEP][PASSED] - if (l <= 5): null

2022-02-11 22:28:48 - [TEST_STEP][PASSED] - paginationvalue = l: null

2022-02-11 22:28:48 - [TEST_STEP][PASSED] - if (l > 5): null

2022-02-11 22:28:48 - [TEST_STEP][PASSED] - logInfo(Size of Pagination: $paginationvalue): Size of Pagination: 1

2022-02-11 22:28:48 - [MESSAGE][INFO] - Size of Pagination: 1

2022-02-11 22:28:48 - [TEST_STEP][PASSED] - click(findTestObject("Object Repository/PaginationCOunt/ClickOnPagination", ["pagination":paginationvalue])): Object: 'Object Repository/PaginationCOunt/ClickOnPagination' is clicked on

2022-02-11 22:28:51 - [MESSAGE][PASSED] - Object: 'Object Repository/PaginationCOunt/ClickOnPagination' is clicked on

2022-02-11 22:28:51 - [TEST_STEP][PASSED] - delay(20): Delayed 20 second(s)

2022-02-11 22:29:11 - [MESSAGE][PASSED] - Delayed 20 second(s)

2022-02-11 22:29:11 - [TEST_STEP][PASSED] - takeScreenshot(): Taking screenshot successfully

2022-02-11 22:29:11 - [MESSAGE][PASSED] - Taking screenshot successfully
[[ATTACHMENT|D:\\xampp\\htdocs\\training\\Training\\Rattan\\Final_testing\\New_ActivityOverview\\Reports\\20220211_221705\\CancelOrder-CopiedURL\\20220211_221717\\1644598751518.png]]

2022-02-11 22:29:11 - [TEST_STEP][PASSED] - SizeofActiveBookings = findWebElements(findTestObject("Object Repository/CancelAndRefund/OrderListWithoutRefundedStatus"), 5).size(): null

2022-02-11 22:29:11 - [TEST_STEP][PASSED] - logInfo(Size of Active Bookings: $SizeofActiveBookings): Size of Active Bookings: 84

2022-02-11 22:29:11 - [MESSAGE][INFO] - Size of Active Bookings: 84

2022-02-11 22:29:11 - [TEST_STEP][PASSED] - for ([refund = 1, refund < SizeofActiveBookings, (refund++)]): Call Test Case 'Test Cases/StepToReUse/ActivityOverview-CancelOrder' successfully

2022-02-11 22:29:11 - [TEST_STEP][PASSED] - if (refund == 1): null

2022-02-11 22:29:11 - [TEST_STEP][PASSED] - refund = SizeofActiveBookings: null

2022-02-11 22:29:11 - [TEST_STEP][PASSED] - refundvalue = refund: null

2022-02-11 22:29:11 - [TEST_STEP][PASSED] - logInfo(Size of refund booking: $refund): Size of refund booking: 84

2022-02-11 22:29:11 - [MESSAGE][INFO] - Size of refund booking: 84

2022-02-11 22:29:11 - [TEST_STEP][PASSED] - scrollToElement(findTestObject("Object Repository/CancelAndRefund/OrderListWithoutRefundedStatus - Click", ["position":refund]), 15): Scroll to object 'Object Repository/CancelAndRefund/OrderListWithoutRefundedStatus - Click' successfully

2022-02-11 22:29:12 - [MESSAGE][PASSED] - Scroll to object 'Object Repository/CancelAndRefund/OrderListWithoutRefundedStatus - Click' successfully

2022-02-11 22:29:12 - [TEST_STEP][PASSED] - takeScreenshot(): Taking screenshot successfully

2022-02-11 22:29:12 - [MESSAGE][PASSED] - Taking screenshot successfully
[[ATTACHMENT|D:\\xampp\\htdocs\\training\\Training\\Rattan\\Final_testing\\New_ActivityOverview\\Reports\\20220211_221705\\CancelOrder-CopiedURL\\20220211_221717\\1644598752115.png]]

2022-02-11 22:29:12 - [TEST_STEP][PASSED] - orderId = findWebElement(findTestObject("Object Repository/GetOrderID/GetOrderID", ["position":refund])).getAttribute("data-order_id"): null

2022-02-11 22:29:12 - [TEST_STEP][PASSED] - orderId = orderId: null

2022-02-11 22:29:12 - [TEST_STEP][PASSED] - logInfo(Order ID: $orderId): Order ID: 164449792376653

2022-02-11 22:29:12 - [MESSAGE][INFO] - Order ID: 164449792376653

2022-02-11 22:29:12 - [TEST_STEP][PASSED] - click(findTestObject("Object Repository/GetOrderID/GetOrderID", ["position":refund])): Object: 'Object Repository/GetOrderID/GetOrderID' is clicked on

2022-02-11 22:29:15 - [MESSAGE][PASSED] - Object: 'Object Repository/GetOrderID/GetOrderID' is clicked on

2022-02-11 22:29:15 - [TEST_STEP][PASSED] - delay(20): Delayed 20 second(s)

2022-02-11 22:29:35 - [MESSAGE][PASSED] - Delayed 20 second(s)

2022-02-11 22:29:35 - [TEST_STEP][PASSED] - takeScreenshot(): Taking screenshot successfully

2022-02-11 22:29:36 - [MESSAGE][PASSED] - Taking screenshot successfully
[[ATTACHMENT|D:\\xampp\\htdocs\\training\\Training\\Rattan\\Final_testing\\New_ActivityOverview\\Reports\\20220211_221705\\CancelOrder-CopiedURL\\20220211_221717\\1644598775956.png]]

2022-02-11 22:29:36 - [TEST_STEP][PASSED] - callTestCase(findTestCase("Test Cases/StepToReUse/StepTOCopyURLAndAddAnotherTab"), [:], CONTINUE_ON_FAILURE): Call Test Case 'Test Cases/StepToReUse/StepTOCopyURLAndAddAnotherTab' successfully

2022-02-11 22:29:36 - [TEST_CASE][PASSED] - Test Cases/StepToReUse/StepTOCopyURLAndAddAnotherTab: Test Cases/StepToReUse/StepTOCopyURLAndAddAnotherTab

2022-02-11 22:29:36 - [TEST_STEP][PASSED] - click(findTestObject("Object Repository/Header/Preview/ClickOnPreviewIcon")): Object: 'Object Repository/Header/Preview/ClickOnPreviewIcon' is clicked on

2022-02-11 22:29:39 - [MESSAGE][PASSED] - Object: 'Object Repository/Header/Preview/ClickOnPreviewIcon' is clicked on

2022-02-11 22:29:39 - [TEST_STEP][PASSED] - delay(10): Delayed 10 second(s)

2022-02-11 22:29:49 - [MESSAGE][PASSED] - Delayed 10 second(s)

2022-02-11 22:29:49 - [TEST_STEP][PASSED] - takeScreenshot(): Taking screenshot successfully

2022-02-11 22:29:50 - [MESSAGE][PASSED] - Taking screenshot successfully
[[ATTACHMENT|D:\\xampp\\htdocs\\training\\Training\\Rattan\\Final_testing\\New_ActivityOverview\\Reports\\20220211_221705\\CancelOrder-CopiedURL\\20220211_221717\\1644598789813.png]]

2022-02-11 22:29:50 - [TEST_STEP][PASSED] - click(findTestObject("Object Repository/Header/Preview/PrintVoucher")): Object: 'Object Repository/Header/Preview/PrintVoucher' is clicked on

2022-02-11 22:29:53 - [MESSAGE][PASSED] - Object: 'Object Repository/Header/Preview/PrintVoucher' is clicked on

2022-02-11 22:29:53 - [TEST_STEP][PASSED] - delay(10): Delayed 10 second(s)

2022-02-11 22:30:03 - [MESSAGE][PASSED] - Delayed 10 second(s)

2022-02-11 22:30:03 - [TEST_STEP][PASSED] - takeScreenshot(): Taking screenshot successfully

2022-02-11 22:30:03 - [MESSAGE][PASSED] - Taking screenshot successfully
[[ATTACHMENT|D:\\xampp\\htdocs\\training\\Training\\Rattan\\Final_testing\\New_ActivityOverview\\Reports\\20220211_221705\\CancelOrder-CopiedURL\\20220211_221717\\1644598803349.png]]

2022-02-11 22:30:03 - [TEST_STEP][PASSED] - UrlToClick = findWebElement(findTestObject("Object Repository/Header/CopyUrl/CopyUrl")).getAttribute("data-href_url"): null

2022-02-11 22:30:03 - [TEST_STEP][PASSED] - println(UrlToClick): null

2022-02-11 22:30:03 - [TEST_STEP][PASSED] - ActivityUrl = UrlToClick: null

2022-02-11 22:30:03 - [TEST_STEP][PASSED] - switchToWindowIndex(1): Switched to window with index: '1'

2022-02-11 22:30:03 - [MESSAGE][PASSED] - Switched to window with index: '1'

2022-02-11 22:30:03 - [TEST_STEP][PASSED] - delay(5): Delayed 5 second(s)

2022-02-11 22:30:08 - [MESSAGE][PASSED] - Delayed 5 second(s)

2022-02-11 22:30:08 - [TEST_STEP][PASSED] - navigateToUrl(ActivityUrl): Navigate to 'https://activity.test-prio.com/orders/164449792376653' successfully

2022-02-11 22:30:13 - [MESSAGE][PASSED] - Navigate to 'https://activity.test-prio.com/orders/164449792376653' successfully

2022-02-11 22:30:13 - [TEST_STEP][PASSED] - takeScreenshot(): Taking screenshot successfully

2022-02-11 22:30:14 - [MESSAGE][PASSED] - Taking screenshot successfully
[[ATTACHMENT|D:\\xampp\\htdocs\\training\\Training\\Rattan\\Final_testing\\New_ActivityOverview\\Reports\\20220211_221705\\CancelOrder-CopiedURL\\20220211_221717\\1644598814429.png]]

2022-02-11 22:30:14 - [TEST_STEP][PASSED] - switchToDefaultContent(): null

2022-02-11 22:30:14 - [MESSAGE][PASSED] - Call Test Case 'Test Cases/StepToReUse/StepTOCopyURLAndAddAnotherTab' successfully

2022-02-11 22:30:14 - [TEST_STEP][PASSED] - callTestCase(findTestCase("Test Cases/StepToReUse/ActivityOverview-CancelOrder"), [:], CONTINUE_ON_FAILURE): Call Test Case 'Test Cases/StepToReUse/ActivityOverview-CancelOrder' successfully

2022-02-11 22:30:14 - [TEST_CASE][PASSED] - Test Cases/StepToReUse/ActivityOverview-CancelOrder: Test Cases/StepToReUse/ActivityOverview-CancelOrder

2022-02-11 22:30:14 - [TEST_STEP][PASSED] - logInfo(Refund Value: $GlobalVariable.refundvalue): Refund Value: 84

2022-02-11 22:30:14 - [MESSAGE][INFO] - Refund Value: 84

2022-02-11 22:30:14 - [TEST_STEP][PASSED] - if (waitForElementClickable(findTestObject("Object Repository/CancelAndRefund/CancelOrderButton"), 15) == true): Taking screenshot successfully

2022-02-11 22:30:15 - [MESSAGE][PASSED] - Object 'Object Repository/CancelAndRefund/CancelOrderButton' is clickable

2022-02-11 22:30:15 - [TEST_STEP][PASSED] - scrollToElement(findTestObject("Object Repository/CancelAndRefund/CancelOrderButton"), 15): Scroll to object 'Object Repository/CancelAndRefund/CancelOrderButton' successfully

2022-02-11 22:30:15 - [MESSAGE][PASSED] - Scroll to object 'Object Repository/CancelAndRefund/CancelOrderButton' successfully

2022-02-11 22:30:15 - [TEST_STEP][PASSED] - click(findTestObject("Object Repository/CancelAndRefund/CancelOrderButton")): Object: 'Object Repository/CancelAndRefund/CancelOrderButton' is clicked on

2022-02-11 22:30:19 - [MESSAGE][PASSED] - Object: 'Object Repository/CancelAndRefund/CancelOrderButton' is clicked on

2022-02-11 22:30:19 - [TEST_STEP][PASSED] - delay(3): Delayed 3 second(s)

2022-02-11 22:30:22 - [MESSAGE][PASSED] - Delayed 3 second(s)

2022-02-11 22:30:22 - [TEST_STEP][PASSED] - takeScreenshot(): Taking screenshot successfully

2022-02-11 22:30:23 - [MESSAGE][PASSED] - Taking screenshot successfully
[[ATTACHMENT|D:\\xampp\\htdocs\\training\\Training\\Rattan\\Final_testing\\New_ActivityOverview\\Reports\\20220211_221705\\CancelOrder-CopiedURL\\20220211_221717\\1644598822319.png]]

2022-02-11 22:30:23 - [TEST_STEP][PASSED] - if (waitForElementClickable(findTestObject("Object Repository/CancelAndRefund/CancelButton - OnRefundPop-up"), 15) == true): Taking screenshot successfully

2022-02-11 22:30:23 - [MESSAGE][PASSED] - Object 'Object Repository/CancelAndRefund/CancelButton - OnRefundPop-up' is clickable

2022-02-11 22:30:23 - [TEST_STEP][PASSED] - click(findTestObject("Object Repository/CancelAndRefund/CancelButton - OnRefundPop-up")): Object: 'Object Repository/CancelAndRefund/CancelButton - OnRefundPop-up' is clicked on

2022-02-11 22:30:28 - [MESSAGE][PASSED] - Object: 'Object Repository/CancelAndRefund/CancelButton - OnRefundPop-up' is clicked on

2022-02-11 22:30:28 - [TEST_STEP][PASSED] - delay(3): Delayed 3 second(s)

2022-02-11 22:30:31 - [MESSAGE][PASSED] - Delayed 3 second(s)

2022-02-11 22:30:31 - [TEST_STEP][PASSED] - takeScreenshot(): Taking screenshot successfully

2022-02-11 22:30:31 - [MESSAGE][PASSED] - Taking screenshot successfully
[[ATTACHMENT|D:\\xampp\\htdocs\\training\\Training\\Rattan\\Final_testing\\New_ActivityOverview\\Reports\\20220211_221705\\CancelOrder-CopiedURL\\20220211_221717\\1644598831622.png]]

2022-02-11 22:30:31 - [TEST_STEP][PASSED] - click(findTestObject("Object Repository/CancelAndRefund/CancelOrderButton")): Object: 'Object Repository/CancelAndRefund/CancelOrderButton' is clicked on

2022-02-11 22:30:35 - [MESSAGE][PASSED] - Object: 'Object Repository/CancelAndRefund/CancelOrderButton' is clicked on

2022-02-11 22:30:35 - [TEST_STEP][PASSED] - if (refundvalue < 4): null

2022-02-11 22:30:35 - [TEST_STEP][PASSED] - if (refundvalue <= 6 && refundvalue >= 4): null

2022-02-11 22:30:35 - [TEST_STEP][PASSED] - if (refundvalue > 6): Object 'Object Repository/CancelAndRefund/RefundOptionRadio' is not visible after 15 second(s)

2022-02-11 22:30:35 - [TEST_STEP][PASSED] - if (waitForElementVisible(findTestObject("Object Repository/CancelAndRefund/RefundOptionRadio"), 15) == true): Object 'Object Repository/CancelAndRefund/RefundOptionRadio' is not visible after 15 second(s)

2022-02-11 22:30:50 - [MESSAGE][WARNING] - Object 'Object Repository/CancelAndRefund/RefundOptionRadio' is not visible after 15 second(s)

2022-02-11 22:30:50 - [TEST_STEP][PASSED] - setText(findTestObject("Object Repository/CancelAndRefund/ReasonForCancellation"), CancellationReason): Text 'Order Refunded to Test Automation Testing Under Katalon' is set on object 'Object Repository/CancelAndRefund/ReasonForCancellation'

2022-02-11 22:30:57 - [MESSAGE][PASSED] - Text 'Order Refunded to Test Automation Testing Under Katalon' is set on object 'Object Repository/CancelAndRefund/ReasonForCancellation'

2022-02-11 22:30:57 - [TEST_STEP][PASSED] - click(findTestObject("Object Repository/CancelAndRefund/ConfirmCancellationButton")): Object: 'Object Repository/CancelAndRefund/ConfirmCancellationButton' is clicked on

2022-02-11 22:31:01 - [MESSAGE][PASSED] - Object: 'Object Repository/CancelAndRefund/ConfirmCancellationButton' is clicked on

2022-02-11 22:31:01 - [TEST_STEP][PASSED] - delay(3): Delayed 3 second(s)

2022-02-11 22:31:04 - [MESSAGE][PASSED] - Delayed 3 second(s)

2022-02-11 22:31:04 - [TEST_STEP][PASSED] - takeScreenshot(): Taking screenshot successfully

2022-02-11 22:31:09 - [MESSAGE][PASSED] - Taking screenshot successfully
[[ATTACHMENT|D:\\xampp\\htdocs\\training\\Training\\Rattan\\Final_testing\\New_ActivityOverview\\Reports\\20220211_221705\\CancelOrder-CopiedURL\\20220211_221717\\1644598864646.png]]

2022-02-11 22:31:09 - [MESSAGE][PASSED] - Call Test Case 'Test Cases/StepToReUse/ActivityOverview-CancelOrder' successfully

2022-02-11 22:31:09 - [TEST_STEP][PASSED] - switchToWindowIndex(0): Switched to window with index: '0'

2022-02-11 22:31:09 - [MESSAGE][PASSED] - Switched to window with index: '0'

2022-02-11 22:31:09 - [TEST_STEP][PASSED] - delay(13): Delayed 13 second(s)

2022-02-11 22:31:22 - [MESSAGE][PASSED] - Delayed 13 second(s)

2022-02-11 22:31:22 - [TEST_STEP][PASSED] - switchToFrame(findTestObject("Object Repository/Iframe/NewActivityOverviewIframe"), 5): null

2022-02-11 22:31:22 - [TEST_STEP][PASSED] - click(findTestObject("Object Repository/DetailPop-up/Backbutton/BackButtonToListing")): Object: 'Object Repository/DetailPop-up/Backbutton/BackButtonToListing' is clicked on

2022-02-11 22:31:26 - [MESSAGE][PASSED] - Object: 'Object Repository/DetailPop-up/Backbutton/BackButtonToListing' is clicked on

2022-02-11 22:31:26 - [TEST_STEP][PASSED] - delay(13): Delayed 13 second(s)

2022-02-11 22:31:39 - [MESSAGE][PASSED] - Delayed 13 second(s)

2022-02-11 22:31:39 - [TEST_STEP][PASSED] - if (l <= 5): null

2022-02-11 22:31:39 - [TEST_STEP][PASSED] - paginationvalue = l: null

2022-02-11 22:31:39 - [TEST_STEP][PASSED] - if (l > 5): null

2022-02-11 22:31:39 - [TEST_STEP][PASSED] - logInfo(Size of Pagination: $paginationvalue): Size of Pagination: 2

2022-02-11 22:31:39 - [MESSAGE][INFO] - Size of Pagination: 2

2022-02-11 22:31:39 - [TEST_STEP][PASSED] - click(findTestObject("Object Repository/PaginationCOunt/ClickOnPagination", ["pagination":paginationvalue])): Object: 'Object Repository/PaginationCOunt/ClickOnPagination' is clicked on

2022-02-11 22:31:42 - [MESSAGE][PASSED] - Object: 'Object Repository/PaginationCOunt/ClickOnPagination' is clicked on

2022-02-11 22:31:42 - [TEST_STEP][PASSED] - delay(20): Delayed 20 second(s)

2022-02-11 22:32:02 - [MESSAGE][PASSED] - Delayed 20 second(s)

2022-02-11 22:32:02 - [TEST_STEP][PASSED] - takeScreenshot(): Taking screenshot successfully

2022-02-11 22:32:02 - [MESSAGE][PASSED] - Taking screenshot successfully
[[ATTACHMENT|D:\\xampp\\htdocs\\training\\Training\\Rattan\\Final_testing\\New_ActivityOverview\\Reports\\20220211_221705\\CancelOrder-CopiedURL\\20220211_221717\\1644598922633.png]]

2022-02-11 22:32:02 - [TEST_STEP][PASSED] - SizeofActiveBookings = findWebElements(findTestObject("Object Repository/CancelAndRefund/OrderListWithoutRefundedStatus"), 5).size(): null

2022-02-11 22:32:03 - [TEST_STEP][PASSED] - logInfo(Size of Active Bookings: $SizeofActiveBookings): Size of Active Bookings: 79

2022-02-11 22:32:03 - [MESSAGE][INFO] - Size of Active Bookings: 79

2022-02-11 22:32:03 - [TEST_STEP][PASSED] - for ([refund = 1, refund < SizeofActiveBookings, (refund++)]): Call Test Case 'Test Cases/StepToReUse/ActivityOverview-CancelOrder' successfully

2022-02-11 22:32:03 - [TEST_STEP][PASSED] - if (refund == 1): null

2022-02-11 22:32:03 - [TEST_STEP][PASSED] - refund = SizeofActiveBookings: null

2022-02-11 22:32:03 - [TEST_STEP][PASSED] - refundvalue = refund: null

2022-02-11 22:32:03 - [TEST_STEP][PASSED] - logInfo(Size of refund booking: $refund): Size of refund booking: 79

2022-02-11 22:32:03 - [MESSAGE][INFO] - Size of refund booking: 79

2022-02-11 22:32:03 - [TEST_STEP][PASSED] - scrollToElement(findTestObject("Object Repository/CancelAndRefund/OrderListWithoutRefundedStatus - Click", ["position":refund]), 15): Scroll to object 'Object Repository/CancelAndRefund/OrderListWithoutRefundedStatus - Click' successfully

2022-02-11 22:32:03 - [MESSAGE][PASSED] - Scroll to object 'Object Repository/CancelAndRefund/OrderListWithoutRefundedStatus - Click' successfully

2022-02-11 22:32:03 - [TEST_STEP][PASSED] - takeScreenshot(): Taking screenshot successfully

2022-02-11 22:32:03 - [MESSAGE][PASSED] - Taking screenshot successfully
[[ATTACHMENT|D:\\xampp\\htdocs\\training\\Training\\Rattan\\Final_testing\\New_ActivityOverview\\Reports\\20220211_221705\\CancelOrder-CopiedURL\\20220211_221717\\1644598923301.png]]

2022-02-11 22:32:03 - [TEST_STEP][PASSED] - orderId = findWebElement(findTestObject("Object Repository/GetOrderID/GetOrderID", ["position":refund])).getAttribute("data-order_id"): null

2022-02-11 22:32:04 - [TEST_STEP][PASSED] - orderId = orderId: null

2022-02-11 22:32:04 - [TEST_STEP][PASSED] - logInfo(Order ID: $orderId): Order ID: 164440489862832

2022-02-11 22:32:04 - [MESSAGE][INFO] - Order ID: 164440489862832

2022-02-11 22:32:04 - [TEST_STEP][PASSED] - click(findTestObject("Object Repository/GetOrderID/GetOrderID", ["position":refund])): Object: 'Object Repository/GetOrderID/GetOrderID' is clicked on

2022-02-11 22:32:07 - [MESSAGE][PASSED] - Object: 'Object Repository/GetOrderID/GetOrderID' is clicked on

2022-02-11 22:32:07 - [TEST_STEP][PASSED] - delay(20): Delayed 20 second(s)

2022-02-11 22:32:27 - [MESSAGE][PASSED] - Delayed 20 second(s)

2022-02-11 22:32:27 - [TEST_STEP][PASSED] - takeScreenshot(): Taking screenshot successfully

2022-02-11 22:32:27 - [MESSAGE][PASSED] - Taking screenshot successfully
[[ATTACHMENT|D:\\xampp\\htdocs\\training\\Training\\Rattan\\Final_testing\\New_ActivityOverview\\Reports\\20220211_221705\\CancelOrder-CopiedURL\\20220211_221717\\1644598947368.png]]

2022-02-11 22:32:27 - [TEST_STEP][PASSED] - callTestCase(findTestCase("Test Cases/StepToReUse/StepTOCopyURLAndAddAnotherTab"), [:], CONTINUE_ON_FAILURE): Call Test Case 'Test Cases/StepToReUse/StepTOCopyURLAndAddAnotherTab' successfully

2022-02-11 22:32:27 - [TEST_CASE][PASSED] - Test Cases/StepToReUse/StepTOCopyURLAndAddAnotherTab: Test Cases/StepToReUse/StepTOCopyURLAndAddAnotherTab

2022-02-11 22:32:27 - [TEST_STEP][PASSED] - click(findTestObject("Object Repository/Header/Preview/ClickOnPreviewIcon")): Object: 'Object Repository/Header/Preview/ClickOnPreviewIcon' is clicked on

2022-02-11 22:32:31 - [MESSAGE][PASSED] - Object: 'Object Repository/Header/Preview/ClickOnPreviewIcon' is clicked on

2022-02-11 22:32:31 - [TEST_STEP][PASSED] - delay(10): Delayed 10 second(s)

2022-02-11 22:32:41 - [MESSAGE][PASSED] - Delayed 10 second(s)

2022-02-11 22:32:41 - [TEST_STEP][PASSED] - takeScreenshot(): Taking screenshot successfully

2022-02-11 22:32:41 - [MESSAGE][PASSED] - Taking screenshot successfully
[[ATTACHMENT|D:\\xampp\\htdocs\\training\\Training\\Rattan\\Final_testing\\New_ActivityOverview\\Reports\\20220211_221705\\CancelOrder-CopiedURL\\20220211_221717\\1644598961547.png]]

2022-02-11 22:32:41 - [TEST_STEP][PASSED] - click(findTestObject("Object Repository/Header/Preview/PrintVoucher")): Object: 'Object Repository/Header/Preview/PrintVoucher' is clicked on

2022-02-11 22:32:45 - [MESSAGE][PASSED] - Object: 'Object Repository/Header/Preview/PrintVoucher' is clicked on

2022-02-11 22:32:45 - [TEST_STEP][PASSED] - delay(10): Delayed 10 second(s)

2022-02-11 22:32:55 - [MESSAGE][PASSED] - Delayed 10 second(s)

2022-02-11 22:32:55 - [TEST_STEP][PASSED] - takeScreenshot(): Taking screenshot successfully

2022-02-11 22:32:55 - [MESSAGE][PASSED] - Taking screenshot successfully
[[ATTACHMENT|D:\\xampp\\htdocs\\training\\Training\\Rattan\\Final_testing\\New_ActivityOverview\\Reports\\20220211_221705\\CancelOrder-CopiedURL\\20220211_221717\\1644598975088.png]]

2022-02-11 22:32:55 - [TEST_STEP][PASSED] - UrlToClick = findWebElement(findTestObject("Object Repository/Header/CopyUrl/CopyUrl")).getAttribute("data-href_url"): null

2022-02-11 22:32:55 - [TEST_STEP][PASSED] - println(UrlToClick): null

2022-02-11 22:32:55 - [TEST_STEP][PASSED] - ActivityUrl = UrlToClick: null

2022-02-11 22:32:55 - [TEST_STEP][PASSED] - switchToWindowIndex(1): Switched to window with index: '1'

2022-02-11 22:32:55 - [MESSAGE][PASSED] - Switched to window with index: '1'

2022-02-11 22:32:55 - [TEST_STEP][PASSED] - delay(5): Delayed 5 second(s)

2022-02-11 22:33:00 - [MESSAGE][PASSED] - Delayed 5 second(s)

2022-02-11 22:33:00 - [TEST_STEP][PASSED] - navigateToUrl(ActivityUrl): Navigate to 'https://activity.test-prio.com/orders/164440489862832' successfully

2022-02-11 22:33:04 - [MESSAGE][PASSED] - Navigate to 'https://activity.test-prio.com/orders/164440489862832' successfully

2022-02-11 22:33:04 - [TEST_STEP][PASSED] - takeScreenshot(): Taking screenshot successfully

2022-02-11 22:33:05 - [MESSAGE][PASSED] - Taking screenshot successfully
[[ATTACHMENT|D:\\xampp\\htdocs\\training\\Training\\Rattan\\Final_testing\\New_ActivityOverview\\Reports\\20220211_221705\\CancelOrder-CopiedURL\\20220211_221717\\1644598985640.png]]

2022-02-11 22:33:05 - [TEST_STEP][PASSED] - switchToDefaultContent(): null

2022-02-11 22:33:06 - [MESSAGE][PASSED] - Call Test Case 'Test Cases/StepToReUse/StepTOCopyURLAndAddAnotherTab' successfully

2022-02-11 22:33:06 - [TEST_STEP][PASSED] - callTestCase(findTestCase("Test Cases/StepToReUse/ActivityOverview-CancelOrder"), [:], CONTINUE_ON_FAILURE): Call Test Case 'Test Cases/StepToReUse/ActivityOverview-CancelOrder' successfully

2022-02-11 22:33:06 - [TEST_CASE][PASSED] - Test Cases/StepToReUse/ActivityOverview-CancelOrder: Test Cases/StepToReUse/ActivityOverview-CancelOrder

2022-02-11 22:33:06 - [TEST_STEP][PASSED] - logInfo(Refund Value: $GlobalVariable.refundvalue): Refund Value: 79

2022-02-11 22:33:06 - [MESSAGE][INFO] - Refund Value: 79

2022-02-11 22:33:06 - [TEST_STEP][PASSED] - if (waitForElementClickable(findTestObject("Object Repository/CancelAndRefund/CancelOrderButton"), 15) == true): Taking screenshot successfully

2022-02-11 22:33:07 - [MESSAGE][PASSED] - Object 'Object Repository/CancelAndRefund/CancelOrderButton' is clickable

2022-02-11 22:33:07 - [TEST_STEP][PASSED] - scrollToElement(findTestObject("Object Repository/CancelAndRefund/CancelOrderButton"), 15): Scroll to object 'Object Repository/CancelAndRefund/CancelOrderButton' successfully

2022-02-11 22:33:08 - [MESSAGE][PASSED] - Scroll to object 'Object Repository/CancelAndRefund/CancelOrderButton' successfully

2022-02-11 22:33:08 - [TEST_STEP][PASSED] - click(findTestObject("Object Repository/CancelAndRefund/CancelOrderButton")): Object: 'Object Repository/CancelAndRefund/CancelOrderButton' is clicked on

2022-02-11 22:33:11 - [MESSAGE][PASSED] - Object: 'Object Repository/CancelAndRefund/CancelOrderButton' is clicked on

2022-02-11 22:33:11 - [TEST_STEP][PASSED] - delay(3): Delayed 3 second(s)

2022-02-11 22:33:14 - [MESSAGE][PASSED] - Delayed 3 second(s)

2022-02-11 22:33:14 - [TEST_STEP][PASSED] - takeScreenshot(): Taking screenshot successfully

2022-02-11 22:33:16 - [MESSAGE][PASSED] - Taking screenshot successfully
[[ATTACHMENT|D:\\xampp\\htdocs\\training\\Training\\Rattan\\Final_testing\\New_ActivityOverview\\Reports\\20220211_221705\\CancelOrder-CopiedURL\\20220211_221717\\1644598996460.png]]

2022-02-11 22:33:16 - [TEST_STEP][PASSED] - if (waitForElementClickable(findTestObject("Object Repository/CancelAndRefund/CancelButton - OnRefundPop-up"), 15) == true): Taking screenshot successfully

2022-02-11 22:33:18 - [MESSAGE][PASSED] - Object 'Object Repository/CancelAndRefund/CancelButton - OnRefundPop-up' is clickable

2022-02-11 22:33:18 - [TEST_STEP][PASSED] - click(findTestObject("Object Repository/CancelAndRefund/CancelButton - OnRefundPop-up")): Object: 'Object Repository/CancelAndRefund/CancelButton - OnRefundPop-up' is clicked on

2022-02-11 22:33:24 - [MESSAGE][PASSED] - Object: 'Object Repository/CancelAndRefund/CancelButton - OnRefundPop-up' is clicked on

2022-02-11 22:33:24 - [TEST_STEP][PASSED] - delay(3): Delayed 3 second(s)

2022-02-11 22:33:27 - [MESSAGE][PASSED] - Delayed 3 second(s)

2022-02-11 22:33:27 - [TEST_STEP][PASSED] - takeScreenshot(): Taking screenshot successfully

2022-02-11 22:33:28 - [MESSAGE][PASSED] - Taking screenshot successfully
[[ATTACHMENT|D:\\xampp\\htdocs\\training\\Training\\Rattan\\Final_testing\\New_ActivityOverview\\Reports\\20220211_221705\\CancelOrder-CopiedURL\\20220211_221717\\1644599007840.png]]

2022-02-11 22:33:28 - [TEST_STEP][PASSED] - click(findTestObject("Object Repository/CancelAndRefund/CancelOrderButton")): Object: 'Object Repository/CancelAndRefund/CancelOrderButton' is clicked on

2022-02-11 22:33:32 - [MESSAGE][PASSED] - Object: 'Object Repository/CancelAndRefund/CancelOrderButton' is clicked on

2022-02-11 22:33:32 - [TEST_STEP][PASSED] - if (refundvalue < 4): null

2022-02-11 22:33:32 - [TEST_STEP][PASSED] - if (refundvalue <= 6 && refundvalue >= 4): null

2022-02-11 22:33:32 - [TEST_STEP][PASSED] - if (refundvalue > 6): Object 'Object Repository/CancelAndRefund/RefundOptionRadio' is not visible after 15 second(s)

2022-02-11 22:33:32 - [TEST_STEP][PASSED] - if (waitForElementVisible(findTestObject("Object Repository/CancelAndRefund/RefundOptionRadio"), 15) == true): Object 'Object Repository/CancelAndRefund/RefundOptionRadio' is not visible after 15 second(s)

2022-02-11 22:33:47 - [MESSAGE][WARNING] - Object 'Object Repository/CancelAndRefund/RefundOptionRadio' is not visible after 15 second(s)

2022-02-11 22:33:47 - [TEST_STEP][PASSED] - setText(findTestObject("Object Repository/CancelAndRefund/ReasonForCancellation"), CancellationReason): Text 'Order Refunded to Test Automation Testing Under Katalon' is set on object 'Object Repository/CancelAndRefund/ReasonForCancellation'

2022-02-11 22:33:54 - [MESSAGE][PASSED] - Text 'Order Refunded to Test Automation Testing Under Katalon' is set on object 'Object Repository/CancelAndRefund/ReasonForCancellation'

2022-02-11 22:33:54 - [TEST_STEP][PASSED] - click(findTestObject("Object Repository/CancelAndRefund/ConfirmCancellationButton")): Object: 'Object Repository/CancelAndRefund/ConfirmCancellationButton' is clicked on

2022-02-11 22:33:58 - [MESSAGE][PASSED] - Object: 'Object Repository/CancelAndRefund/ConfirmCancellationButton' is clicked on

2022-02-11 22:33:58 - [TEST_STEP][PASSED] - delay(3): Delayed 3 second(s)

2022-02-11 22:34:01 - [MESSAGE][PASSED] - Delayed 3 second(s)

2022-02-11 22:34:01 - [TEST_STEP][PASSED] - takeScreenshot(): Taking screenshot successfully

2022-02-11 22:34:01 - [MESSAGE][PASSED] - Taking screenshot successfully
[[ATTACHMENT|D:\\xampp\\htdocs\\training\\Training\\Rattan\\Final_testing\\New_ActivityOverview\\Reports\\20220211_221705\\CancelOrder-CopiedURL\\20220211_221717\\1644599041662.png]]

2022-02-11 22:34:01 - [MESSAGE][PASSED] - Call Test Case 'Test Cases/StepToReUse/ActivityOverview-CancelOrder' successfully

2022-02-11 22:34:01 - [TEST_STEP][PASSED] - switchToWindowIndex(0): Switched to window with index: '0'

2022-02-11 22:34:02 - [MESSAGE][PASSED] - Switched to window with index: '0'

2022-02-11 22:34:02 - [TEST_STEP][PASSED] - delay(13): Delayed 13 second(s)

2022-02-11 22:34:15 - [MESSAGE][PASSED] - Delayed 13 second(s)

2022-02-11 22:34:15 - [TEST_STEP][PASSED] - switchToFrame(findTestObject("Object Repository/Iframe/NewActivityOverviewIframe"), 5): null

2022-02-11 22:34:15 - [TEST_STEP][PASSED] - click(findTestObject("Object Repository/DetailPop-up/Backbutton/BackButtonToListing")): Object: 'Object Repository/DetailPop-up/Backbutton/BackButtonToListing' is clicked on

2022-02-11 22:34:19 - [MESSAGE][PASSED] - Object: 'Object Repository/DetailPop-up/Backbutton/BackButtonToListing' is clicked on

2022-02-11 22:34:19 - [TEST_STEP][PASSED] - delay(13): Delayed 13 second(s)

2022-02-11 22:34:32 - [MESSAGE][PASSED] - Delayed 13 second(s)]]></system-out>
         <system-err><![CDATA[]]></system-err>
      </testcase>
      <system-out><![CDATA[2022-02-11 22:19:01 - [TEST_SUITE][FAILED] - CancelOrder-CopiedURL: Test Cases/NewActivityOverview-LeftNavigation/ActivityOverview-CancelOrder-GetOrderIDAndRefund - CopiedURL FAILED.
Reason:
com.kms.katalon.core.exception.StepFailedException: Unable to call Test Case 'Test Cases/StepToReUse/StepTOCopyURLAndAddAnotherTab' (Root cause: com.kms.katalon.core.exception.StepFailedException: Call Test Case 'Test Cases/StepToReUse/StepTOCopyURLAndAddAnotherTab' failed
	at com.kms.katalon.core.keyword.builtin.CallTestCaseKeyword$_callTestCase_closure1.doCall(CallTestCaseKeyword.groovy:63)
	at com.kms.katalon.core.keyword.builtin.CallTestCaseKeyword$_callTestCase_closure1.call(CallTestCaseKeyword.groovy)
	at com.kms.katalon.core.keyword.internal.KeywordMain.runKeyword(KeywordMain.groovy:74)
	at com.kms.katalon.core.keyword.builtin.CallTestCaseKeyword.callTestCase(CallTestCaseKeyword.groovy:81)
	at com.kms.katalon.core.keyword.builtin.CallTestCaseKeyword.execute(CallTestCaseKeyword.groovy:44)
	at com.kms.katalon.core.keyword.internal.KeywordExecutor.executeKeywordForPlatform(KeywordExecutor.groovy:74)
	at com.kms.katalon.core.keyword.BuiltinKeywords.callTestCase(BuiltinKeywords.groovy:334)
	at ActivityOverview-CancelOrder-GetOrderIDAndRefund - CopiedURL.run(ActivityOverview-CancelOrder-GetOrderIDAndRefund - CopiedURL:128)
	at com.kms.katalon.core.main.ScriptEngine.run(ScriptEngine.java:194)
	at com.kms.katalon.core.main.ScriptEngine.runScriptAsRawText(ScriptEngine.java:119)
	at com.kms.katalon.core.main.TestCaseExecutor.runScript(TestCaseExecutor.java:442)
	at com.kms.katalon.core.main.TestCaseExecutor.doExecute(TestCaseExecutor.java:433)
	at com.kms.katalon.core.main.TestCaseExecutor.processExecutionPhase(TestCaseExecutor.java:412)
	at com.kms.katalon.core.main.TestCaseExecutor.accessMainPhase(TestCaseExecutor.java:404)
	at com.kms.katalon.core.main.TestCaseExecutor.execute(TestCaseExecutor.java:281)
	at com.kms.katalon.core.main.TestSuiteExecutor.accessTestCaseMainPhase(TestSuiteExecutor.java:202)
	at com.kms.katalon.core.main.TestSuiteExecutor.accessTestSuiteMainPhase(TestSuiteExecutor.java:164)
	at com.kms.katalon.core.main.TestSuiteExecutor.execute(TestSuiteExecutor.java:105)
	at com.kms.katalon.core.main.TestCaseMain.startTestSuite(TestCaseMain.java:185)
	at com.kms.katalon.core.main.TestCaseMain$startTestSuite$0.call(Unknown Source)
	at TempTestSuite1644598037740.run(TempTestSuite1644598037740.groovy:36)
Caused by: com.kms.katalon.core.exception.StepFailedException: Unable to click on object 'Object Repository/Header/Preview/ClickOnPreviewIcon'
	at com.kms.katalon.core.webui.keyword.internal.WebUIKeywordMain.stepFailed(WebUIKeywordMain.groovy:64)
	at com.kms.katalon.core.webui.keyword.internal.WebUIKeywordMain.runKeyword(WebUIKeywordMain.groovy:26)
	at com.kms.katalon.core.webui.keyword.builtin.ClickKeyword.click(ClickKeyword.groovy:74)
	at com.kms.katalon.core.webui.keyword.builtin.ClickKeyword.execute(ClickKeyword.groovy:40)
	at com.kms.katalon.core.keyword.internal.KeywordExecutor.executeKeywordForPlatform(KeywordExecutor.groovy:74)
	at com.kms.katalon.core.webui.keyword.WebUiBuiltInKeywords.click(WebUiBuiltInKeywords.groovy:620)
	at com.kms.katalon.core.webui.keyword.WebUiBuiltInKeywords$click$2.call(Unknown Source)
	at StepTOCopyURLAndAddAnotherTab.run(StepTOCopyURLAndAddAnotherTab:29)
	at com.kms.katalon.core.main.ScriptEngine.run(ScriptEngine.java:194)
	at com.kms.katalon.core.main.ScriptEngine.runScriptAsRawText(ScriptEngine.java:119)
	at com.kms.katalon.core.main.TestCaseExecutor.runScript(TestCaseExecutor.java:442)
	at com.kms.katalon.core.main.TestCaseExecutor.doExecute(TestCaseExecutor.java:433)
	at com.kms.katalon.core.main.TestCaseExecutor.processExecutionPhase(TestCaseExecutor.java:412)
	at com.kms.katalon.core.main.TestCaseExecutor.accessMainPhase(TestCaseExecutor.java:404)
	at com.kms.katalon.core.main.TestCaseExecutor.execute(TestCaseExecutor.java:281)
	at com.kms.katalon.core.main.TestCaseMain.runTestCase(TestCaseMain.java:142)
	at com.kms.katalon.core.keyword.builtin.CallTestCaseKeyword$_callTestCase_closure1.doCall(CallTestCaseKeyword.groovy:59)
	... 20 more
Caused by: com.kms.katalon.core.webui.exception.WebElementNotFoundException: Web element with id: 'Object Repository/Header/Preview/ClickOnPreviewIcon' located by '//span[contains(text(),'Preview')]//parent::a' not found
	at com.kms.katalon.core.webui.common.WebUiCommonHelper.findWebElement(WebUiCommonHelper.java:1370)
	at com.kms.katalon.core.webui.keyword.internal.WebUIAbstractKeyword.findWebElement(WebUIAbstractKeyword.groovy:27)
	at com.kms.katalon.core.webui.keyword.builtin.ClickKeyword$_click_closure1.doCall(ClickKeyword.groovy:65)
	at com.kms.katalon.core.webui.keyword.builtin.ClickKeyword$_click_closure1.call(ClickKeyword.groovy)
	at com.kms.katalon.core.webui.keyword.internal.WebUIKeywordMain.runKeyword(WebUIKeywordMain.groovy:20)
	... 35 more
)
	at com.kms.katalon.core.keyword.internal.KeywordMain.stepFailed(KeywordMain.groovy:39)
	at com.kms.katalon.core.keyword.internal.KeywordMain.stepFailed(KeywordMain.groovy)
	at com.kms.katalon.core.keyword.internal.KeywordMain.runKeyword(KeywordMain.groovy:76)
	at com.kms.katalon.core.keyword.builtin.CallTestCaseKeyword.callTestCase(CallTestCaseKeyword.groovy:81)
	at com.kms.katalon.core.keyword.builtin.CallTestCaseKeyword.execute(CallTestCaseKeyword.groovy:44)
	at com.kms.katalon.core.keyword.internal.KeywordExecutor.executeKeywordForPlatform(KeywordExecutor.groovy:74)
	at com.kms.katalon.core.keyword.BuiltinKeywords.callTestCase(BuiltinKeywords.groovy:334)
	at ActivityOverview-CancelOrder-GetOrderIDAndRefund - CopiedURL.run(ActivityOverview-CancelOrder-GetOrderIDAndRefund - CopiedURL:128)
	at com.kms.katalon.core.main.ScriptEngine.run(ScriptEngine.java:194)
	at com.kms.katalon.core.main.ScriptEngine.runScriptAsRawText(ScriptEngine.java:119)
	at com.kms.katalon.core.main.TestCaseExecutor.runScript(TestCaseExecutor.java:442)
	at com.kms.katalon.core.main.TestCaseExecutor.doExecute(TestCaseExecutor.java:433)
	at com.kms.katalon.core.main.TestCaseExecutor.processExecutionPhase(TestCaseExecutor.java:412)
	at com.kms.katalon.core.main.TestCaseExecutor.accessMainPhase(TestCaseExecutor.java:404)
	at com.kms.katalon.core.main.TestCaseExecutor.execute(TestCaseExecutor.java:281)
	at com.kms.katalon.core.main.TestSuiteExecutor.accessTestCaseMainPhase(TestSuiteExecutor.java:202)
	at com.kms.katalon.core.main.TestSuiteExecutor.accessTestSuiteMainPhase(TestSuiteExecutor.java:164)
	at com.kms.katalon.core.main.TestSuiteExecutor.execute(TestSuiteExecutor.java:105)
	at com.kms.katalon.core.main.TestCaseMain.startTestSuite(TestCaseMain.java:185)
	at com.kms.katalon.core.main.TestCaseMain$startTestSuite$0.call(Unknown Source)
	at TempTestSuite1644598037740.run(TempTestSuite1644598037740.groovy:36)
Caused by: com.kms.katalon.core.exception.StepFailedException: Call Test Case 'Test Cases/StepToReUse/StepTOCopyURLAndAddAnotherTab' failed
	at com.kms.katalon.core.keyword.builtin.CallTestCaseKeyword$_callTestCase_closure1.doCall(CallTestCaseKeyword.groovy:63)
	at com.kms.katalon.core.keyword.builtin.CallTestCaseKeyword$_callTestCase_closure1.call(CallTestCaseKeyword.groovy)
	at com.kms.katalon.core.keyword.internal.KeywordMain.runKeyword(KeywordMain.groovy:74)
	... 18 more
Caused by: com.kms.katalon.core.exception.StepFailedException: Unable to click on object 'Object Repository/Header/Preview/ClickOnPreviewIcon'
	at com.kms.katalon.core.webui.keyword.internal.WebUIKeywordMain.stepFailed(WebUIKeywordMain.groovy:64)
	at com.kms.katalon.core.webui.keyword.internal.WebUIKeywordMain.runKeyword(WebUIKeywordMain.groovy:26)
	at com.kms.katalon.core.webui.keyword.builtin.ClickKeyword.click(ClickKeyword.groovy:74)
	at com.kms.katalon.core.webui.keyword.builtin.ClickKeyword.execute(ClickKeyword.groovy:40)
	at com.kms.katalon.core.keyword.internal.KeywordExecutor.executeKeywordForPlatform(KeywordExecutor.groovy:74)
	at com.kms.katalon.core.webui.keyword.WebUiBuiltInKeywords.click(WebUiBuiltInKeywords.groovy:620)
	at com.kms.katalon.core.webui.keyword.WebUiBuiltInKeywords$click$2.call(Unknown Source)
	at StepTOCopyURLAndAddAnotherTab.run(StepTOCopyURLAndAddAnotherTab:29)
	at com.kms.katalon.core.main.ScriptEngine.run(ScriptEngine.java:194)
	at com.kms.katalon.core.main.ScriptEngine.runScriptAsRawText(ScriptEngine.java:119)
	at com.kms.katalon.core.main.TestCaseExecutor.runScript(TestCaseExecutor.java:442)
	at com.kms.katalon.core.main.TestCaseExecutor.doExecute(TestCaseExecutor.java:433)
	at com.kms.katalon.core.main.TestCaseExecutor.processExecutionPhase(TestCaseExecutor.java:412)
	at com.kms.katalon.core.main.TestCaseExecutor.accessMainPhase(TestCaseExecutor.java:404)
	at com.kms.katalon.core.main.TestCaseExecutor.execute(TestCaseExecutor.java:281)
	at com.kms.katalon.core.main.TestCaseMain.runTestCase(TestCaseMain.java:142)
	at com.kms.katalon.core.keyword.builtin.CallTestCaseKeyword$_callTestCase_closure1.doCall(CallTestCaseKeyword.groovy:59)
	... 20 more
Caused by: com.kms.katalon.core.webui.exception.WebElementNotFoundException: Web element with id: 'Object Repository/Header/Preview/ClickOnPreviewIcon' located by '//span[contains(text(),'Preview')]//parent::a' not found
	at com.kms.katalon.core.webui.common.WebUiCommonHelper.findWebElement(WebUiCommonHelper.java:1370)
	at com.kms.katalon.core.webui.keyword.internal.WebUIAbstractKeyword.findWebElement(WebUIAbstractKeyword.groovy:27)
	at com.kms.katalon.core.webui.keyword.builtin.ClickKeyword$_click_closure1.doCall(ClickKeyword.groovy:65)
	at com.kms.katalon.core.webui.keyword.builtin.ClickKeyword$_click_closure1.call(ClickKeyword.groovy)
	at com.kms.katalon.core.webui.keyword.internal.WebUIKeywordMain.runKeyword(WebUIKeywordMain.groovy:20)
	... 35 more]]></system-out>
      <system-err><![CDATA[2022-02-11 22:19:01 - [TEST_SUITE][FAILED] - CancelOrder-CopiedURL: Test Cases/NewActivityOverview-LeftNavigation/ActivityOverview-CancelOrder-GetOrderIDAndRefund - CopiedURL FAILED.
Reason:
com.kms.katalon.core.exception.StepFailedException: Unable to call Test Case 'Test Cases/StepToReUse/StepTOCopyURLAndAddAnotherTab' (Root cause: com.kms.katalon.core.exception.StepFailedException: Call Test Case 'Test Cases/StepToReUse/StepTOCopyURLAndAddAnotherTab' failed
	at com.kms.katalon.core.keyword.builtin.CallTestCaseKeyword$_callTestCase_closure1.doCall(CallTestCaseKeyword.groovy:63)
	at com.kms.katalon.core.keyword.builtin.CallTestCaseKeyword$_callTestCase_closure1.call(CallTestCaseKeyword.groovy)
	at com.kms.katalon.core.keyword.internal.KeywordMain.runKeyword(KeywordMain.groovy:74)
	at com.kms.katalon.core.keyword.builtin.CallTestCaseKeyword.callTestCase(CallTestCaseKeyword.groovy:81)
	at com.kms.katalon.core.keyword.builtin.CallTestCaseKeyword.execute(CallTestCaseKeyword.groovy:44)
	at com.kms.katalon.core.keyword.internal.KeywordExecutor.executeKeywordForPlatform(KeywordExecutor.groovy:74)
	at com.kms.katalon.core.keyword.BuiltinKeywords.callTestCase(BuiltinKeywords.groovy:334)
	at ActivityOverview-CancelOrder-GetOrderIDAndRefund - CopiedURL.run(ActivityOverview-CancelOrder-GetOrderIDAndRefund - CopiedURL:128)
	at com.kms.katalon.core.main.ScriptEngine.run(ScriptEngine.java:194)
	at com.kms.katalon.core.main.ScriptEngine.runScriptAsRawText(ScriptEngine.java:119)
	at com.kms.katalon.core.main.TestCaseExecutor.runScript(TestCaseExecutor.java:442)
	at com.kms.katalon.core.main.TestCaseExecutor.doExecute(TestCaseExecutor.java:433)
	at com.kms.katalon.core.main.TestCaseExecutor.processExecutionPhase(TestCaseExecutor.java:412)
	at com.kms.katalon.core.main.TestCaseExecutor.accessMainPhase(TestCaseExecutor.java:404)
	at com.kms.katalon.core.main.TestCaseExecutor.execute(TestCaseExecutor.java:281)
	at com.kms.katalon.core.main.TestSuiteExecutor.accessTestCaseMainPhase(TestSuiteExecutor.java:202)
	at com.kms.katalon.core.main.TestSuiteExecutor.accessTestSuiteMainPhase(TestSuiteExecutor.java:164)
	at com.kms.katalon.core.main.TestSuiteExecutor.execute(TestSuiteExecutor.java:105)
	at com.kms.katalon.core.main.TestCaseMain.startTestSuite(TestCaseMain.java:185)
	at com.kms.katalon.core.main.TestCaseMain$startTestSuite$0.call(Unknown Source)
	at TempTestSuite1644598037740.run(TempTestSuite1644598037740.groovy:36)
Caused by: com.kms.katalon.core.exception.StepFailedException: Unable to click on object 'Object Repository/Header/Preview/ClickOnPreviewIcon'
	at com.kms.katalon.core.webui.keyword.internal.WebUIKeywordMain.stepFailed(WebUIKeywordMain.groovy:64)
	at com.kms.katalon.core.webui.keyword.internal.WebUIKeywordMain.runKeyword(WebUIKeywordMain.groovy:26)
	at com.kms.katalon.core.webui.keyword.builtin.ClickKeyword.click(ClickKeyword.groovy:74)
	at com.kms.katalon.core.webui.keyword.builtin.ClickKeyword.execute(ClickKeyword.groovy:40)
	at com.kms.katalon.core.keyword.internal.KeywordExecutor.executeKeywordForPlatform(KeywordExecutor.groovy:74)
	at com.kms.katalon.core.webui.keyword.WebUiBuiltInKeywords.click(WebUiBuiltInKeywords.groovy:620)
	at com.kms.katalon.core.webui.keyword.WebUiBuiltInKeywords$click$2.call(Unknown Source)
	at StepTOCopyURLAndAddAnotherTab.run(StepTOCopyURLAndAddAnotherTab:29)
	at com.kms.katalon.core.main.ScriptEngine.run(ScriptEngine.java:194)
	at com.kms.katalon.core.main.ScriptEngine.runScriptAsRawText(ScriptEngine.java:119)
	at com.kms.katalon.core.main.TestCaseExecutor.runScript(TestCaseExecutor.java:442)
	at com.kms.katalon.core.main.TestCaseExecutor.doExecute(TestCaseExecutor.java:433)
	at com.kms.katalon.core.main.TestCaseExecutor.processExecutionPhase(TestCaseExecutor.java:412)
	at com.kms.katalon.core.main.TestCaseExecutor.accessMainPhase(TestCaseExecutor.java:404)
	at com.kms.katalon.core.main.TestCaseExecutor.execute(TestCaseExecutor.java:281)
	at com.kms.katalon.core.main.TestCaseMain.runTestCase(TestCaseMain.java:142)
	at com.kms.katalon.core.keyword.builtin.CallTestCaseKeyword$_callTestCase_closure1.doCall(CallTestCaseKeyword.groovy:59)
	... 20 more
Caused by: com.kms.katalon.core.webui.exception.WebElementNotFoundException: Web element with id: 'Object Repository/Header/Preview/ClickOnPreviewIcon' located by '//span[contains(text(),'Preview')]//parent::a' not found
	at com.kms.katalon.core.webui.common.WebUiCommonHelper.findWebElement(WebUiCommonHelper.java:1370)
	at com.kms.katalon.core.webui.keyword.internal.WebUIAbstractKeyword.findWebElement(WebUIAbstractKeyword.groovy:27)
	at com.kms.katalon.core.webui.keyword.builtin.ClickKeyword$_click_closure1.doCall(ClickKeyword.groovy:65)
	at com.kms.katalon.core.webui.keyword.builtin.ClickKeyword$_click_closure1.call(ClickKeyword.groovy)
	at com.kms.katalon.core.webui.keyword.internal.WebUIKeywordMain.runKeyword(WebUIKeywordMain.groovy:20)
	... 35 more
)
	at com.kms.katalon.core.keyword.internal.KeywordMain.stepFailed(KeywordMain.groovy:39)
	at com.kms.katalon.core.keyword.internal.KeywordMain.stepFailed(KeywordMain.groovy)
	at com.kms.katalon.core.keyword.internal.KeywordMain.runKeyword(KeywordMain.groovy:76)
	at com.kms.katalon.core.keyword.builtin.CallTestCaseKeyword.callTestCase(CallTestCaseKeyword.groovy:81)
	at com.kms.katalon.core.keyword.builtin.CallTestCaseKeyword.execute(CallTestCaseKeyword.groovy:44)
	at com.kms.katalon.core.keyword.internal.KeywordExecutor.executeKeywordForPlatform(KeywordExecutor.groovy:74)
	at com.kms.katalon.core.keyword.BuiltinKeywords.callTestCase(BuiltinKeywords.groovy:334)
	at ActivityOverview-CancelOrder-GetOrderIDAndRefund - CopiedURL.run(ActivityOverview-CancelOrder-GetOrderIDAndRefund - CopiedURL:128)
	at com.kms.katalon.core.main.ScriptEngine.run(ScriptEngine.java:194)
	at com.kms.katalon.core.main.ScriptEngine.runScriptAsRawText(ScriptEngine.java:119)
	at com.kms.katalon.core.main.TestCaseExecutor.runScript(TestCaseExecutor.java:442)
	at com.kms.katalon.core.main.TestCaseExecutor.doExecute(TestCaseExecutor.java:433)
	at com.kms.katalon.core.main.TestCaseExecutor.processExecutionPhase(TestCaseExecutor.java:412)
	at com.kms.katalon.core.main.TestCaseExecutor.accessMainPhase(TestCaseExecutor.java:404)
	at com.kms.katalon.core.main.TestCaseExecutor.execute(TestCaseExecutor.java:281)
	at com.kms.katalon.core.main.TestSuiteExecutor.accessTestCaseMainPhase(TestSuiteExecutor.java:202)
	at com.kms.katalon.core.main.TestSuiteExecutor.accessTestSuiteMainPhase(TestSuiteExecutor.java:164)
	at com.kms.katalon.core.main.TestSuiteExecutor.execute(TestSuiteExecutor.java:105)
	at com.kms.katalon.core.main.TestCaseMain.startTestSuite(TestCaseMain.java:185)
	at com.kms.katalon.core.main.TestCaseMain$startTestSuite$0.call(Unknown Source)
	at TempTestSuite1644598037740.run(TempTestSuite1644598037740.groovy:36)
Caused by: com.kms.katalon.core.exception.StepFailedException: Call Test Case 'Test Cases/StepToReUse/StepTOCopyURLAndAddAnotherTab' failed
	at com.kms.katalon.core.keyword.builtin.CallTestCaseKeyword$_callTestCase_closure1.doCall(CallTestCaseKeyword.groovy:63)
	at com.kms.katalon.core.keyword.builtin.CallTestCaseKeyword$_callTestCase_closure1.call(CallTestCaseKeyword.groovy)
	at com.kms.katalon.core.keyword.internal.KeywordMain.runKeyword(KeywordMain.groovy:74)
	... 18 more
Caused by: com.kms.katalon.core.exception.StepFailedException: Unable to click on object 'Object Repository/Header/Preview/ClickOnPreviewIcon'
	at com.kms.katalon.core.webui.keyword.internal.WebUIKeywordMain.stepFailed(WebUIKeywordMain.groovy:64)
	at com.kms.katalon.core.webui.keyword.internal.WebUIKeywordMain.runKeyword(WebUIKeywordMain.groovy:26)
	at com.kms.katalon.core.webui.keyword.builtin.ClickKeyword.click(ClickKeyword.groovy:74)
	at com.kms.katalon.core.webui.keyword.builtin.ClickKeyword.execute(ClickKeyword.groovy:40)
	at com.kms.katalon.core.keyword.internal.KeywordExecutor.executeKeywordForPlatform(KeywordExecutor.groovy:74)
	at com.kms.katalon.core.webui.keyword.WebUiBuiltInKeywords.click(WebUiBuiltInKeywords.groovy:620)
	at com.kms.katalon.core.webui.keyword.WebUiBuiltInKeywords$click$2.call(Unknown Source)
	at StepTOCopyURLAndAddAnotherTab.run(StepTOCopyURLAndAddAnotherTab:29)
	at com.kms.katalon.core.main.ScriptEngine.run(ScriptEngine.java:194)
	at com.kms.katalon.core.main.ScriptEngine.runScriptAsRawText(ScriptEngine.java:119)
	at com.kms.katalon.core.main.TestCaseExecutor.runScript(TestCaseExecutor.java:442)
	at com.kms.katalon.core.main.TestCaseExecutor.doExecute(TestCaseExecutor.java:433)
	at com.kms.katalon.core.main.TestCaseExecutor.processExecutionPhase(TestCaseExecutor.java:412)
	at com.kms.katalon.core.main.TestCaseExecutor.accessMainPhase(TestCaseExecutor.java:404)
	at com.kms.katalon.core.main.TestCaseExecutor.execute(TestCaseExecutor.java:281)
	at com.kms.katalon.core.main.TestCaseMain.runTestCase(TestCaseMain.java:142)
	at com.kms.katalon.core.keyword.builtin.CallTestCaseKeyword$_callTestCase_closure1.doCall(CallTestCaseKeyword.groovy:59)
	... 20 more
Caused by: com.kms.katalon.core.webui.exception.WebElementNotFoundException: Web element with id: 'Object Repository/Header/Preview/ClickOnPreviewIcon' located by '//span[contains(text(),'Preview')]//parent::a' not found
	at com.kms.katalon.core.webui.common.WebUiCommonHelper.findWebElement(WebUiCommonHelper.java:1370)
	at com.kms.katalon.core.webui.keyword.internal.WebUIAbstractKeyword.findWebElement(WebUIAbstractKeyword.groovy:27)
	at com.kms.katalon.core.webui.keyword.builtin.ClickKeyword$_click_closure1.doCall(ClickKeyword.groovy:65)
	at com.kms.katalon.core.webui.keyword.builtin.ClickKeyword$_click_closure1.call(ClickKeyword.groovy)
	at com.kms.katalon.core.webui.keyword.internal.WebUIKeywordMain.runKeyword(WebUIKeywordMain.groovy:20)
	... 35 more]]></system-err>
   </testsuite>
   <testsuite name="CancelOrder-OnIframeView" tests="1" failures="0" errors="0" time="394.375" skipped="0" timestamp="2022-02-11 22:19:11" hostname="intersoft-admin - DESKTOP-ANQSRIJ" id="Test Suites/CancelOrder-OnIframeView">
      <properties>
         <property name="deviceName" value=""/>
         <property name="devicePlatform" value=""/>
         <property name="logFolder" value="D:\\xampp\\htdocs\\training\\Training\\Rattan\\Final_testing\\New_ActivityOverview\\Reports\\20220211_221705\\CancelOrder-OnIframeView\\20220211_221719"/>
         <property name="logFiles" value="D:\\xampp\\htdocs\\training\\Training\\Rattan\\Final_testing\\New_ActivityOverview\\Reports\\20220211_221705\\CancelOrder-OnIframeView\\20220211_221719\\execution0.log"/>
         <property name="attachments" value="D:\\xampp\\htdocs\\training\\Training\\Rattan\\Final_testing\\New_ActivityOverview\\Reports\\20220211_221705\\CancelOrder-OnIframeView\\20220211_221719\\1644598232881.png, D:\\xampp\\htdocs\\training\\Training\\Rattan\\Final_testing\\New_ActivityOverview\\Reports\\20220211_221705\\CancelOrder-OnIframeView\\20220211_221719\\1644598258380.png, D:\\xampp\\htdocs\\training\\Training\\Rattan\\Final_testing\\New_ActivityOverview\\Reports\\20220211_221705\\CancelOrder-OnIframeView\\20220211_221719\\1644598275136.png, D:\\xampp\\htdocs\\training\\Training\\Rattan\\Final_testing\\New_ActivityOverview\\Reports\\20220211_221705\\CancelOrder-OnIframeView\\20220211_221719\\1644598307520.png, D:\\xampp\\htdocs\\training\\Training\\Rattan\\Final_testing\\New_ActivityOverview\\Reports\\20220211_221705\\CancelOrder-OnIframeView\\20220211_221719\\1644598331869.png, D:\\xampp\\htdocs\\training\\Training\\Rattan\\Final_testing\\New_ActivityOverview\\Reports\\20220211_221705\\CancelOrder-OnIframeView\\20220211_221719\\1644598332461.png, D:\\xampp\\htdocs\\training\\Training\\Rattan\\Final_testing\\New_ActivityOverview\\Reports\\20220211_221705\\CancelOrder-OnIframeView\\20220211_221719\\1644598356306.png, D:\\xampp\\htdocs\\training\\Training\\Rattan\\Final_testing\\New_ActivityOverview\\Reports\\20220211_221705\\CancelOrder-OnIframeView\\20220211_221719\\1644598432252.png, D:\\xampp\\htdocs\\training\\Training\\Rattan\\Final_testing\\New_ActivityOverview\\Reports\\20220211_221705\\CancelOrder-OnIframeView\\20220211_221719\\1644598433370.png, D:\\xampp\\htdocs\\training\\Training\\Rattan\\Final_testing\\New_ActivityOverview\\Reports\\20220211_221705\\CancelOrder-OnIframeView\\20220211_221719\\1644598458356.png, D:\\xampp\\htdocs\\training\\Training\\Rattan\\Final_testing\\New_ActivityOverview\\Reports\\20220211_221705\\CancelOrder-OnIframeView\\20220211_221719\\1644598468178.png, D:\\xampp\\htdocs\\training\\Training\\Rattan\\Final_testing\\New_ActivityOverview\\Reports\\20220211_221705\\CancelOrder-OnIframeView\\20220211_221719\\1644598478501.png, D:\\xampp\\htdocs\\training\\Training\\Rattan\\Final_testing\\New_ActivityOverview\\Reports\\20220211_221705\\CancelOrder-OnIframeView\\20220211_221719\\1644598511936.png"/>
         <property name="hostName" value="intersoft-admin - DESKTOP-ANQSRIJ"/>
         <property name="os" value="Windows 10 64bit"/>
         <property name="katalonVersion" value="8.2.5.208"/>
         <property name="browser" value="Chrome 98.0.4758.82"/>
         <property name="hostAddress" value="192.168.1.59"/>
         <property name="sessionId" value="05a42522a58e603966fd91f2c0ae5b4e"/>
         <property name="seleniumVersion" value="3.141.59"/>
         <property name="proxyInformation" value="ProxyInformation { proxyOption=NO_PROXY, proxyServerType=HTTP, username=, password=********, proxyServerAddress=, proxyServerPort=0, executionList=&quot;&quot;, isApplyToDesiredCapabilities=true }"/>
         <property name="platform" value="Windows 10"/>
      </properties>
      <testcase name="Test Cases/NewActivityOverview-LeftNavigation/ActivityOverview-CancelOrder-GetOrderIDAndRefund" time="392.995" classname="Test Cases/NewActivityOverview-LeftNavigation/ActivityOverview-CancelOrder-GetOrderIDAndRefund" status="PASSED">
         <system-out><![CDATA[2022-02-11 22:19:13 - [TEST_CASE][PASSED] - Test Cases/NewActivityOverview-LeftNavigation/ActivityOverview-CancelOrder-GetOrderIDAndRefund: Test Cases/NewActivityOverview-LeftNavigation/ActivityOverview-CancelOrder-GetOrderIDAndRefund

2022-02-11 22:19:16 - [TEST_STEP][PASSED] - callTestCase(findTestCase("LoginWithSuperAdmin/SuperAdmin-Login"), [:], STOP_ON_FAILURE): Call Test Case 'Test Cases/LoginWithSuperAdmin/SuperAdmin-Login' successfully

2022-02-11 22:19:17 - [TEST_CASE][PASSED] - Test Cases/LoginWithSuperAdmin/SuperAdmin-Login: Test Cases/LoginWithSuperAdmin/SuperAdmin-Login

2022-02-11 22:19:18 - [TEST_STEP][PASSED] - openBrowser(""): Browser is opened with url: ''

2022-02-11 22:19:20 - [MESSAGE][INFO] - Starting 'Chrome' driver

2022-02-11 22:19:22 - [MESSAGE][INFO] - Action delay is set to 3,000 milliseconds

2022-02-11 22:19:35 - [MESSAGE][PASSED] - Browser is opened with url: ''

2022-02-11 22:19:35 - [TEST_STEP][PASSED] - setViewPortSize(1920, 1080): Viewport is set to new size with width = 1920 and height = 1080

2022-02-11 22:19:35 - [MESSAGE][PASSED] - Viewport is set to new size with width = 1920 and height = 1080

2022-02-11 22:19:35 - [TEST_STEP][PASSED] - navigateToUrl(URL): Navigate to 'https://marketplacev1.test-prio.com' successfully

2022-02-11 22:19:43 - [MESSAGE][PASSED] - Navigate to 'https://marketplacev1.test-prio.com' successfully

2022-02-11 22:19:43 - [TEST_STEP][PASSED] - delay(3): Delayed 3 second(s)

2022-02-11 22:19:46 - [MESSAGE][PASSED] - Delayed 3 second(s)

2022-02-11 22:19:46 - [TEST_STEP][PASSED] - click(findTestObject("SuperAdmin/Login/input_Email_contact_email")): Object: 'Object Repository/SuperAdmin/Login/input_Email_contact_email' is clicked on

2022-02-11 22:20:18 - [MESSAGE][PASSED] - Object: 'Object Repository/SuperAdmin/Login/input_Email_contact_email' is clicked on

2022-02-11 22:20:18 - [TEST_STEP][PASSED] - setText(findTestObject("SuperAdmin/Login/input_Email_contact_email"), uname): Text 'superadmin@tippoint.com' is set on object 'Object Repository/SuperAdmin/Login/input_Email_contact_email'

2022-02-11 22:20:25 - [MESSAGE][PASSED] - Text 'superadmin@tippoint.com' is set on object 'Object Repository/SuperAdmin/Login/input_Email_contact_email'

2022-02-11 22:20:25 - [TEST_STEP][PASSED] - setEncryptedText(findTestObject("SuperAdmin/Login/input_Password_password"), Password): Text ****** has been set on object 'Object Repository/SuperAdmin/Login/input_Password_password'

2022-02-11 22:20:32 - [MESSAGE][PASSED] - Text ****** has been set on object 'Object Repository/SuperAdmin/Login/input_Password_password'

2022-02-11 22:20:32 - [TEST_STEP][PASSED] - takeScreenshot(): Taking screenshot successfully

2022-02-11 22:20:37 - [MESSAGE][PASSED] - Taking screenshot successfully
[[ATTACHMENT|D:\\xampp\\htdocs\\training\\Training\\Rattan\\Final_testing\\New_ActivityOverview\\Reports\\20220211_221705\\CancelOrder-OnIframeView\\20220211_221719\\1644598232881.png]]

2022-02-11 22:20:37 - [TEST_STEP][PASSED] - newpackage.clickUsingJS.clickUsingJS(findTestObject("SuperAdmin/Login/button_Sign in"), 5): newpackage.clickUsingJS.clickUsingJS is PASSED

2022-02-11 22:20:40 - [MESSAGE][PASSED] - newpackage.clickUsingJS.clickUsingJS is PASSED

2022-02-11 22:20:40 - [MESSAGE][PASSED] - Call Test Case 'Test Cases/LoginWithSuperAdmin/SuperAdmin-Login' successfully

2022-02-11 22:20:40 - [TEST_STEP][PASSED] - switchToDefaultContent(): null

2022-02-11 22:20:41 - [TEST_STEP][PASSED] - click(findTestObject("SuperAdminLeftNavigation/NewActivityOverview-LeftNavigation")): Object: 'Object Repository/SuperAdminLeftNavigation/NewActivityOverview-LeftNavigation' is clicked on

2022-02-11 22:20:56 - [MESSAGE][PASSED] - Object: 'Object Repository/SuperAdminLeftNavigation/NewActivityOverview-LeftNavigation' is clicked on

2022-02-11 22:20:56 - [TEST_STEP][PASSED] - takeScreenshot(): Taking screenshot successfully

2022-02-11 22:21:04 - [MESSAGE][PASSED] - Taking screenshot successfully
[[ATTACHMENT|D:\\xampp\\htdocs\\training\\Training\\Rattan\\Final_testing\\New_ActivityOverview\\Reports\\20220211_221705\\CancelOrder-OnIframeView\\20220211_221719\\1644598258380.png]]

2022-02-11 22:21:04 - [TEST_STEP][PASSED] - switchToFrame(findTestObject("Object Repository/Iframe/NewActivityOverviewIframe"), 5): null

2022-02-11 22:21:05 - [TEST_STEP][PASSED] - delay(10): Delayed 10 second(s)

2022-02-11 22:21:15 - [MESSAGE][PASSED] - Delayed 10 second(s)

2022-02-11 22:21:15 - [TEST_STEP][PASSED] - takeScreenshot(): Taking screenshot successfully

2022-02-11 22:21:15 - [MESSAGE][PASSED] - Taking screenshot successfully
[[ATTACHMENT|D:\\xampp\\htdocs\\training\\Training\\Rattan\\Final_testing\\New_ActivityOverview\\Reports\\20220211_221705\\CancelOrder-OnIframeView\\20220211_221719\\1644598275136.png]]

2022-02-11 22:21:15 - [TEST_STEP][PASSED] - sizeoflisting = findWebElements(findTestObject("ListingArea/ListingContainsData"), 5).size(): null

2022-02-11 22:21:15 - [TEST_STEP][PASSED] - println(sizeoflisting): null

2022-02-11 22:21:15 - [TEST_STEP][PASSED] - logInfo(Size of Order Listing: $sizeoflisting): Size of Order Listing: 11

2022-02-11 22:21:15 - [MESSAGE][INFO] - Size of Order Listing: 11

2022-02-11 22:21:15 - [TEST_STEP][PASSED] - if (sizeoflisting > 2): Delayed 13 second(s)

2022-02-11 22:21:15 - [TEST_STEP][PASSED] - logInfo("Orders Exist in Listing"): Orders Exist in Listing

2022-02-11 22:21:15 - [MESSAGE][INFO] - Orders Exist in Listing

2022-02-11 22:21:15 - [TEST_STEP][PASSED] - click(findTestObject("Object Repository/OrderPerPage/OrderPerPage_select")): Object: 'Object Repository/OrderPerPage/OrderPerPage_select' is clicked on

2022-02-11 22:21:18 - [MESSAGE][PASSED] - Object: 'Object Repository/OrderPerPage/OrderPerPage_select' is clicked on

2022-02-11 22:21:18 - [TEST_STEP][PASSED] - delay(5): Delayed 5 second(s)

2022-02-11 22:21:23 - [MESSAGE][PASSED] - Delayed 5 second(s)

2022-02-11 22:21:23 - [TEST_STEP][PASSED] - click(findTestObject("Object Repository/OrderPerPage/OrderPerPage-SelectOption")): Object: 'Object Repository/OrderPerPage/OrderPerPage-SelectOption' is clicked on

2022-02-11 22:21:27 - [MESSAGE][PASSED] - Object: 'Object Repository/OrderPerPage/OrderPerPage-SelectOption' is clicked on

2022-02-11 22:21:27 - [TEST_STEP][PASSED] - delay(20): Delayed 20 second(s)

2022-02-11 22:21:47 - [MESSAGE][PASSED] - Delayed 20 second(s)

2022-02-11 22:21:47 - [TEST_STEP][PASSED] - takeScreenshot(): Taking screenshot successfully

2022-02-11 22:21:47 - [MESSAGE][PASSED] - Taking screenshot successfully
[[ATTACHMENT|D:\\xampp\\htdocs\\training\\Training\\Rattan\\Final_testing\\New_ActivityOverview\\Reports\\20220211_221705\\CancelOrder-OnIframeView\\20220211_221719\\1644598307520.png]]

2022-02-11 22:21:47 - [TEST_STEP][PASSED] - SizeofPagination = getText(findTestObject("Object Repository/PaginationCOunt/PaginationCount")): Text of object 'Object Repository/PaginationCOunt/PaginationCount' is: '100'

2022-02-11 22:21:48 - [MESSAGE][PASSED] - Text of object 'Object Repository/PaginationCOunt/PaginationCount' is: '100'

2022-02-11 22:21:48 - [TEST_STEP][PASSED] - println(SizeofPagination): null

2022-02-11 22:21:48 - [TEST_STEP][PASSED] - paginationmaxcount = Integer.parseInt(SizeofPagination): null

2022-02-11 22:21:48 - [TEST_STEP][PASSED] - paginationmaxcount = 2: null

2022-02-11 22:21:48 - [TEST_STEP][PASSED] - logInfo(Size of Pagination: $paginationmaxcount): Size of Pagination: 2

2022-02-11 22:21:48 - [MESSAGE][INFO] - Size of Pagination: 2

2022-02-11 22:21:48 - [TEST_STEP][PASSED] - totalrecords = 0: null

2022-02-11 22:21:48 - [TEST_STEP][PASSED] - for ([l = 1, l <= paginationmaxcount, (l++)]): Delayed 13 second(s)

2022-02-11 22:21:48 - [TEST_STEP][PASSED] - if (l <= 5): null

2022-02-11 22:21:48 - [TEST_STEP][PASSED] - paginationvalue = l: null

2022-02-11 22:21:48 - [TEST_STEP][PASSED] - if (l > 5): null

2022-02-11 22:21:48 - [TEST_STEP][PASSED] - logInfo(Size of Pagination: $paginationvalue): Size of Pagination: 1

2022-02-11 22:21:48 - [MESSAGE][INFO] - Size of Pagination: 1

2022-02-11 22:21:48 - [TEST_STEP][PASSED] - click(findTestObject("Object Repository/PaginationCOunt/ClickOnPagination", ["pagination":paginationvalue])): Object: 'Object Repository/PaginationCOunt/ClickOnPagination' is clicked on

2022-02-11 22:21:51 - [MESSAGE][PASSED] - Object: 'Object Repository/PaginationCOunt/ClickOnPagination' is clicked on

2022-02-11 22:21:51 - [TEST_STEP][PASSED] - delay(20): Delayed 20 second(s)

2022-02-11 22:22:11 - [MESSAGE][PASSED] - Delayed 20 second(s)

2022-02-11 22:22:11 - [TEST_STEP][PASSED] - takeScreenshot(): Taking screenshot successfully

2022-02-11 22:22:12 - [MESSAGE][PASSED] - Taking screenshot successfully
[[ATTACHMENT|D:\\xampp\\htdocs\\training\\Training\\Rattan\\Final_testing\\New_ActivityOverview\\Reports\\20220211_221705\\CancelOrder-OnIframeView\\20220211_221719\\1644598331869.png]]

2022-02-11 22:22:12 - [TEST_STEP][PASSED] - SizeofActiveBookings = findWebElements(findTestObject("Object Repository/CancelAndRefund/OrderListWithoutRefundedStatus"), 5).size(): null

2022-02-11 22:22:12 - [TEST_STEP][PASSED] - logInfo(Size of Active Bookings: $SizeofActiveBookings): Size of Active Bookings: 85

2022-02-11 22:22:12 - [MESSAGE][INFO] - Size of Active Bookings: 85

2022-02-11 22:22:12 - [TEST_STEP][PASSED] - for ([refund = 1, refund < SizeofActiveBookings, (refund++)]): Call Test Case 'Test Cases/StepToReUse/ActivityOverview-CancelOrder' successfully

2022-02-11 22:22:12 - [TEST_STEP][PASSED] - if (refund == 1): null

2022-02-11 22:22:12 - [TEST_STEP][PASSED] - refund = SizeofActiveBookings: null

2022-02-11 22:22:12 - [TEST_STEP][PASSED] - refundvalue = refund: null

2022-02-11 22:22:12 - [TEST_STEP][PASSED] - logInfo(Size of refund booking: $refund): Size of refund booking: 85

2022-02-11 22:22:12 - [MESSAGE][INFO] - Size of refund booking: 85

2022-02-11 22:22:12 - [TEST_STEP][PASSED] - scrollToElement(findTestObject("Object Repository/CancelAndRefund/OrderListWithoutRefundedStatus - Click", ["position":refund]), 15): Scroll to object 'Object Repository/CancelAndRefund/OrderListWithoutRefundedStatus - Click' successfully

2022-02-11 22:22:12 - [MESSAGE][PASSED] - Scroll to object 'Object Repository/CancelAndRefund/OrderListWithoutRefundedStatus - Click' successfully

2022-02-11 22:22:12 - [TEST_STEP][PASSED] - takeScreenshot(): Taking screenshot successfully

2022-02-11 22:22:12 - [MESSAGE][PASSED] - Taking screenshot successfully
[[ATTACHMENT|D:\\xampp\\htdocs\\training\\Training\\Rattan\\Final_testing\\New_ActivityOverview\\Reports\\20220211_221705\\CancelOrder-OnIframeView\\20220211_221719\\1644598332461.png]]

2022-02-11 22:22:12 - [TEST_STEP][PASSED] - orderId = findWebElement(findTestObject("Object Repository/GetOrderID/GetOrderID", ["position":refund])).getAttribute("data-order_id"): null

2022-02-11 22:22:12 - [TEST_STEP][PASSED] - orderId = orderId: null

2022-02-11 22:22:12 - [TEST_STEP][PASSED] - logInfo(Order ID: $orderId): Order ID: 164449722226379

2022-02-11 22:22:12 - [MESSAGE][INFO] - Order ID: 164449722226379

2022-02-11 22:22:12 - [TEST_STEP][PASSED] - click(findTestObject("Object Repository/GetOrderID/GetOrderID", ["position":refund])): Object: 'Object Repository/GetOrderID/GetOrderID' is clicked on

2022-02-11 22:22:16 - [MESSAGE][PASSED] - Object: 'Object Repository/GetOrderID/GetOrderID' is clicked on

2022-02-11 22:22:16 - [TEST_STEP][PASSED] - delay(20): Delayed 20 second(s)

2022-02-11 22:22:36 - [MESSAGE][PASSED] - Delayed 20 second(s)

2022-02-11 22:22:36 - [TEST_STEP][PASSED] - takeScreenshot(): Taking screenshot successfully

2022-02-11 22:22:36 - [MESSAGE][PASSED] - Taking screenshot successfully
[[ATTACHMENT|D:\\xampp\\htdocs\\training\\Training\\Rattan\\Final_testing\\New_ActivityOverview\\Reports\\20220211_221705\\CancelOrder-OnIframeView\\20220211_221719\\1644598356306.png]]

2022-02-11 22:22:36 - [TEST_STEP][PASSED] - callTestCase(findTestCase("Test Cases/StepToReUse/ActivityOverview-CancelOrder"), [:], CONTINUE_ON_FAILURE): Call Test Case 'Test Cases/StepToReUse/ActivityOverview-CancelOrder' successfully

2022-02-11 22:22:36 - [TEST_CASE][PASSED] - Test Cases/StepToReUse/ActivityOverview-CancelOrder: Test Cases/StepToReUse/ActivityOverview-CancelOrder

2022-02-11 22:22:40 - [TEST_STEP][PASSED] - logInfo(Refund Value: $GlobalVariable.refundvalue): Refund Value: 85

2022-02-11 22:22:40 - [MESSAGE][INFO] - Refund Value: 85

2022-02-11 22:22:40 - [TEST_STEP][PASSED] - if (waitForElementClickable(findTestObject("Object Repository/CancelAndRefund/CancelOrderButton"), 15) == true): Web element with id: 'Object Repository/CancelAndRefund/CancelOrderButton' located by '//a[@class='btn cancel-order ml8 cancel_order']' not found

2022-02-11 22:22:56 - [MESSAGE][INFO] - Unable to find the element located by 'By.xpath: //a[@class='btn cancel-order ml8 cancel_order']'. Please recheck the objects properties to make sure the desired element is located. 

2022-02-11 22:22:56 - [MESSAGE][WARNING] - [SELF-HEALING] Failed to find element with id 'Object Repository/CancelAndRefund/CancelOrderButton'. Try using Self-healing.

2022-02-11 22:22:57 - [MESSAGE][INFO] - [SELF-HEALING] No working XPath is found.

2022-02-11 22:22:58 - [MESSAGE][INFO] - Unable to find the element located by 'By.xpath: '. Please recheck the objects properties to make sure the desired element is located. 

2022-02-11 22:22:58 - [MESSAGE][WARNING] - [SELF-HEALING] Cannot find elements when the selector is null

2022-02-11 22:22:58 - [MESSAGE][WARNING] - Web element with id: 'Object Repository/CancelAndRefund/CancelOrderButton' located by '//a[@class='btn cancel-order ml8 cancel_order']' not found

2022-02-11 22:22:58 - [MESSAGE][PASSED] - Call Test Case 'Test Cases/StepToReUse/ActivityOverview-CancelOrder' successfully

2022-02-11 22:22:58 - [TEST_STEP][PASSED] - delay(13): Delayed 13 second(s)

2022-02-11 22:23:11 - [MESSAGE][PASSED] - Delayed 13 second(s)

2022-02-11 22:23:11 - [TEST_STEP][PASSED] - click(findTestObject("Object Repository/DetailPop-up/Backbutton/BackButtonToListing")): Object: 'Object Repository/DetailPop-up/Backbutton/BackButtonToListing' is clicked on

2022-02-11 22:23:15 - [MESSAGE][PASSED] - Object: 'Object Repository/DetailPop-up/Backbutton/BackButtonToListing' is clicked on

2022-02-11 22:23:15 - [TEST_STEP][PASSED] - delay(13): Delayed 13 second(s)

2022-02-11 22:23:28 - [MESSAGE][PASSED] - Delayed 13 second(s)

2022-02-11 22:23:28 - [TEST_STEP][PASSED] - if (l <= 5): null

2022-02-11 22:23:28 - [TEST_STEP][PASSED] - paginationvalue = l: null

2022-02-11 22:23:28 - [TEST_STEP][PASSED] - if (l > 5): null

2022-02-11 22:23:28 - [TEST_STEP][PASSED] - logInfo(Size of Pagination: $paginationvalue): Size of Pagination: 2

2022-02-11 22:23:28 - [MESSAGE][INFO] - Size of Pagination: 2

2022-02-11 22:23:28 - [TEST_STEP][PASSED] - click(findTestObject("Object Repository/PaginationCOunt/ClickOnPagination", ["pagination":paginationvalue])): Object: 'Object Repository/PaginationCOunt/ClickOnPagination' is clicked on

2022-02-11 22:23:32 - [MESSAGE][PASSED] - Object: 'Object Repository/PaginationCOunt/ClickOnPagination' is clicked on

2022-02-11 22:23:32 - [TEST_STEP][PASSED] - delay(20): Delayed 20 second(s)

2022-02-11 22:23:52 - [MESSAGE][PASSED] - Delayed 20 second(s)

2022-02-11 22:23:52 - [TEST_STEP][PASSED] - takeScreenshot(): Taking screenshot successfully

2022-02-11 22:23:52 - [MESSAGE][PASSED] - Taking screenshot successfully
[[ATTACHMENT|D:\\xampp\\htdocs\\training\\Training\\Rattan\\Final_testing\\New_ActivityOverview\\Reports\\20220211_221705\\CancelOrder-OnIframeView\\20220211_221719\\1644598432252.png]]

2022-02-11 22:23:52 - [TEST_STEP][PASSED] - SizeofActiveBookings = findWebElements(findTestObject("Object Repository/CancelAndRefund/OrderListWithoutRefundedStatus"), 5).size(): null

2022-02-11 22:23:52 - [TEST_STEP][PASSED] - logInfo(Size of Active Bookings: $SizeofActiveBookings): Size of Active Bookings: 79

2022-02-11 22:23:52 - [MESSAGE][INFO] - Size of Active Bookings: 79

2022-02-11 22:23:52 - [TEST_STEP][PASSED] - for ([refund = 1, refund < SizeofActiveBookings, (refund++)]): Call Test Case 'Test Cases/StepToReUse/ActivityOverview-CancelOrder' successfully

2022-02-11 22:23:52 - [TEST_STEP][PASSED] - if (refund == 1): null

2022-02-11 22:23:52 - [TEST_STEP][PASSED] - refund = SizeofActiveBookings: null

2022-02-11 22:23:52 - [TEST_STEP][PASSED] - refundvalue = refund: null

2022-02-11 22:23:52 - [TEST_STEP][PASSED] - logInfo(Size of refund booking: $refund): Size of refund booking: 79

2022-02-11 22:23:52 - [MESSAGE][INFO] - Size of refund booking: 79

2022-02-11 22:23:52 - [TEST_STEP][PASSED] - scrollToElement(findTestObject("Object Repository/CancelAndRefund/OrderListWithoutRefundedStatus - Click", ["position":refund]), 15): Scroll to object 'Object Repository/CancelAndRefund/OrderListWithoutRefundedStatus - Click' successfully

2022-02-11 22:23:53 - [MESSAGE][PASSED] - Scroll to object 'Object Repository/CancelAndRefund/OrderListWithoutRefundedStatus - Click' successfully

2022-02-11 22:23:53 - [TEST_STEP][PASSED] - takeScreenshot(): Taking screenshot successfully

2022-02-11 22:23:53 - [MESSAGE][PASSED] - Taking screenshot successfully
[[ATTACHMENT|D:\\xampp\\htdocs\\training\\Training\\Rattan\\Final_testing\\New_ActivityOverview\\Reports\\20220211_221705\\CancelOrder-OnIframeView\\20220211_221719\\1644598433370.png]]

2022-02-11 22:23:53 - [TEST_STEP][PASSED] - orderId = findWebElement(findTestObject("Object Repository/GetOrderID/GetOrderID", ["position":refund])).getAttribute("data-order_id"): null

2022-02-11 22:23:53 - [TEST_STEP][PASSED] - orderId = orderId: null

2022-02-11 22:23:53 - [TEST_STEP][PASSED] - logInfo(Order ID: $orderId): Order ID: 164440489862832

2022-02-11 22:23:53 - [MESSAGE][INFO] - Order ID: 164440489862832

2022-02-11 22:23:53 - [TEST_STEP][PASSED] - click(findTestObject("Object Repository/GetOrderID/GetOrderID", ["position":refund])): Object: 'Object Repository/GetOrderID/GetOrderID' is clicked on

2022-02-11 22:23:57 - [MESSAGE][PASSED] - Object: 'Object Repository/GetOrderID/GetOrderID' is clicked on

2022-02-11 22:23:57 - [TEST_STEP][PASSED] - delay(20): Delayed 20 second(s)

2022-02-11 22:24:17 - [MESSAGE][PASSED] - Delayed 20 second(s)

2022-02-11 22:24:17 - [TEST_STEP][PASSED] - takeScreenshot(): Taking screenshot successfully

2022-02-11 22:24:19 - [MESSAGE][PASSED] - Taking screenshot successfully
[[ATTACHMENT|D:\\xampp\\htdocs\\training\\Training\\Rattan\\Final_testing\\New_ActivityOverview\\Reports\\20220211_221705\\CancelOrder-OnIframeView\\20220211_221719\\1644598458356.png]]

2022-02-11 22:24:19 - [TEST_STEP][PASSED] - callTestCase(findTestCase("Test Cases/StepToReUse/ActivityOverview-CancelOrder"), [:], CONTINUE_ON_FAILURE): Call Test Case 'Test Cases/StepToReUse/ActivityOverview-CancelOrder' successfully

2022-02-11 22:24:19 - [TEST_CASE][PASSED] - Test Cases/StepToReUse/ActivityOverview-CancelOrder: Test Cases/StepToReUse/ActivityOverview-CancelOrder

2022-02-11 22:24:19 - [TEST_STEP][PASSED] - logInfo(Refund Value: $GlobalVariable.refundvalue): Refund Value: 79

2022-02-11 22:24:19 - [MESSAGE][INFO] - Refund Value: 79

2022-02-11 22:24:19 - [TEST_STEP][PASSED] - if (waitForElementClickable(findTestObject("Object Repository/CancelAndRefund/CancelOrderButton"), 15) == true): Taking screenshot successfully

2022-02-11 22:24:20 - [MESSAGE][PASSED] - Object 'Object Repository/CancelAndRefund/CancelOrderButton' is clickable

2022-02-11 22:24:20 - [TEST_STEP][PASSED] - scrollToElement(findTestObject("Object Repository/CancelAndRefund/CancelOrderButton"), 15): Scroll to object 'Object Repository/CancelAndRefund/CancelOrderButton' successfully

2022-02-11 22:24:20 - [MESSAGE][PASSED] - Scroll to object 'Object Repository/CancelAndRefund/CancelOrderButton' successfully

2022-02-11 22:24:20 - [TEST_STEP][PASSED] - click(findTestObject("Object Repository/CancelAndRefund/CancelOrderButton")): Object: 'Object Repository/CancelAndRefund/CancelOrderButton' is clicked on

2022-02-11 22:24:25 - [MESSAGE][PASSED] - Object: 'Object Repository/CancelAndRefund/CancelOrderButton' is clicked on

2022-02-11 22:24:25 - [TEST_STEP][PASSED] - delay(3): Delayed 3 second(s)

2022-02-11 22:24:28 - [MESSAGE][PASSED] - Delayed 3 second(s)

2022-02-11 22:24:28 - [TEST_STEP][PASSED] - takeScreenshot(): Taking screenshot successfully

2022-02-11 22:24:31 - [MESSAGE][PASSED] - Taking screenshot successfully
[[ATTACHMENT|D:\\xampp\\htdocs\\training\\Training\\Rattan\\Final_testing\\New_ActivityOverview\\Reports\\20220211_221705\\CancelOrder-OnIframeView\\20220211_221719\\1644598468178.png]]

2022-02-11 22:24:31 - [TEST_STEP][PASSED] - if (waitForElementClickable(findTestObject("Object Repository/CancelAndRefund/CancelButton - OnRefundPop-up"), 15) == true): Taking screenshot successfully

2022-02-11 22:24:32 - [MESSAGE][PASSED] - Object 'Object Repository/CancelAndRefund/CancelButton - OnRefundPop-up' is clickable

2022-02-11 22:24:32 - [TEST_STEP][PASSED] - click(findTestObject("Object Repository/CancelAndRefund/CancelButton - OnRefundPop-up")): Object: 'Object Repository/CancelAndRefund/CancelButton - OnRefundPop-up' is clicked on

2022-02-11 22:24:35 - [MESSAGE][PASSED] - Object: 'Object Repository/CancelAndRefund/CancelButton - OnRefundPop-up' is clicked on

2022-02-11 22:24:35 - [TEST_STEP][PASSED] - delay(3): Delayed 3 second(s)

2022-02-11 22:24:38 - [MESSAGE][PASSED] - Delayed 3 second(s)

2022-02-11 22:24:38 - [TEST_STEP][PASSED] - takeScreenshot(): Taking screenshot successfully

2022-02-11 22:24:38 - [MESSAGE][PASSED] - Taking screenshot successfully
[[ATTACHMENT|D:\\xampp\\htdocs\\training\\Training\\Rattan\\Final_testing\\New_ActivityOverview\\Reports\\20220211_221705\\CancelOrder-OnIframeView\\20220211_221719\\1644598478501.png]]

2022-02-11 22:24:38 - [TEST_STEP][PASSED] - click(findTestObject("Object Repository/CancelAndRefund/CancelOrderButton")): Object: 'Object Repository/CancelAndRefund/CancelOrderButton' is clicked on

2022-02-11 22:24:42 - [MESSAGE][PASSED] - Object: 'Object Repository/CancelAndRefund/CancelOrderButton' is clicked on

2022-02-11 22:24:42 - [TEST_STEP][PASSED] - if (refundvalue < 4): null

2022-02-11 22:24:42 - [TEST_STEP][PASSED] - if (refundvalue <= 6 && refundvalue >= 4): null

2022-02-11 22:24:42 - [TEST_STEP][PASSED] - if (refundvalue > 6): Object 'Object Repository/CancelAndRefund/RefundOptionRadio' is not visible after 15 second(s)

2022-02-11 22:24:42 - [TEST_STEP][PASSED] - if (waitForElementVisible(findTestObject("Object Repository/CancelAndRefund/RefundOptionRadio"), 15) == true): Object 'Object Repository/CancelAndRefund/RefundOptionRadio' is not visible after 15 second(s)

2022-02-11 22:24:57 - [MESSAGE][WARNING] - Object 'Object Repository/CancelAndRefund/RefundOptionRadio' is not visible after 15 second(s)

2022-02-11 22:24:57 - [TEST_STEP][PASSED] - setText(findTestObject("Object Repository/CancelAndRefund/ReasonForCancellation"), CancellationReason): Text 'Order Refunded to Test Automation Testing Under Katalon' is set on object 'Object Repository/CancelAndRefund/ReasonForCancellation'

2022-02-11 22:25:05 - [MESSAGE][PASSED] - Text 'Order Refunded to Test Automation Testing Under Katalon' is set on object 'Object Repository/CancelAndRefund/ReasonForCancellation'

2022-02-11 22:25:05 - [TEST_STEP][PASSED] - click(findTestObject("Object Repository/CancelAndRefund/ConfirmCancellationButton")): Object: 'Object Repository/CancelAndRefund/ConfirmCancellationButton' is clicked on

2022-02-11 22:25:08 - [MESSAGE][PASSED] - Object: 'Object Repository/CancelAndRefund/ConfirmCancellationButton' is clicked on

2022-02-11 22:25:08 - [TEST_STEP][PASSED] - delay(3): Delayed 3 second(s)

2022-02-11 22:25:11 - [MESSAGE][PASSED] - Delayed 3 second(s)

2022-02-11 22:25:11 - [TEST_STEP][PASSED] - takeScreenshot(): Taking screenshot successfully

2022-02-11 22:25:16 - [MESSAGE][PASSED] - Taking screenshot successfully
[[ATTACHMENT|D:\\xampp\\htdocs\\training\\Training\\Rattan\\Final_testing\\New_ActivityOverview\\Reports\\20220211_221705\\CancelOrder-OnIframeView\\20220211_221719\\1644598511936.png]]

2022-02-11 22:25:16 - [MESSAGE][PASSED] - Call Test Case 'Test Cases/StepToReUse/ActivityOverview-CancelOrder' successfully

2022-02-11 22:25:16 - [TEST_STEP][PASSED] - delay(13): Delayed 13 second(s)

2022-02-11 22:25:29 - [MESSAGE][PASSED] - Delayed 13 second(s)

2022-02-11 22:25:29 - [TEST_STEP][PASSED] - click(findTestObject("Object Repository/DetailPop-up/Backbutton/BackButtonToListing")): Object: 'Object Repository/DetailPop-up/Backbutton/BackButtonToListing' is clicked on

2022-02-11 22:25:33 - [MESSAGE][PASSED] - Object: 'Object Repository/DetailPop-up/Backbutton/BackButtonToListing' is clicked on

2022-02-11 22:25:33 - [TEST_STEP][PASSED] - delay(13): Delayed 13 second(s)

2022-02-11 22:25:46 - [MESSAGE][PASSED] - Delayed 13 second(s)]]></system-out>
         <system-err><![CDATA[]]></system-err>
      </testcase>
      <system-out><![CDATA[2022-02-11 22:19:11 - [TEST_SUITE][PASSED] - CancelOrder-OnIframeView: Test Cases/NewActivityOverview-LeftNavigation/ActivityOverview-CancelOrder-GetOrderIDAndRefund]]></system-out>
      <system-err><![CDATA[]]></system-err>
   </testsuite>
   <testsuite name="CancelSingleBookingNotHavingStatusRefunded" tests="1" failures="0" errors="0" time="211.02" skipped="0" timestamp="2022-02-11 22:19:20" hostname="intersoft-admin - DESKTOP-ANQSRIJ" id="Test Suites/CancelSingleBookingNotHavingStatusRefunded">
      <properties>
         <property name="deviceName" value=""/>
         <property name="devicePlatform" value=""/>
         <property name="logFolder" value="D:\\xampp\\htdocs\\training\\Training\\Rattan\\Final_testing\\New_ActivityOverview\\Reports\\20220211_221705\\CancelSingleBookingNotHavingStatusRefunded\\20220211_221721"/>
         <property name="logFiles" value="D:\\xampp\\htdocs\\training\\Training\\Rattan\\Final_testing\\New_ActivityOverview\\Reports\\20220211_221705\\CancelSingleBookingNotHavingStatusRefunded\\20220211_221721\\execution0.log"/>
         <property name="attachments" value="D:\\xampp\\htdocs\\training\\Training\\Rattan\\Final_testing\\New_ActivityOverview\\Reports\\20220211_221705\\CancelSingleBookingNotHavingStatusRefunded\\20220211_221721\\1644598251757.png, D:\\xampp\\htdocs\\training\\Training\\Rattan\\Final_testing\\New_ActivityOverview\\Reports\\20220211_221705\\CancelSingleBookingNotHavingStatusRefunded\\20220211_221721\\1644598271897.png, D:\\xampp\\htdocs\\training\\Training\\Rattan\\Final_testing\\New_ActivityOverview\\Reports\\20220211_221705\\CancelSingleBookingNotHavingStatusRefunded\\20220211_221721\\1644598302871.png, D:\\xampp\\htdocs\\training\\Training\\Rattan\\Final_testing\\New_ActivityOverview\\Reports\\20220211_221705\\CancelSingleBookingNotHavingStatusRefunded\\20220211_221721\\1644598304758.png, D:\\xampp\\htdocs\\training\\Training\\Rattan\\Final_testing\\New_ActivityOverview\\Reports\\20220211_221705\\CancelSingleBookingNotHavingStatusRefunded\\20220211_221721\\1644598310407.png, D:\\xampp\\htdocs\\training\\Training\\Rattan\\Final_testing\\New_ActivityOverview\\Reports\\20220211_221705\\CancelSingleBookingNotHavingStatusRefunded\\20220211_221721\\1644598325934.png, D:\\xampp\\htdocs\\training\\Training\\Rattan\\Final_testing\\New_ActivityOverview\\Reports\\20220211_221705\\CancelSingleBookingNotHavingStatusRefunded\\20220211_221721\\1644598333803.png, D:\\xampp\\htdocs\\training\\Training\\Rattan\\Final_testing\\New_ActivityOverview\\Reports\\20220211_221705\\CancelSingleBookingNotHavingStatusRefunded\\20220211_221721\\1644598344122.png, D:\\xampp\\htdocs\\training\\Training\\Rattan\\Final_testing\\New_ActivityOverview\\Reports\\20220211_221705\\CancelSingleBookingNotHavingStatusRefunded\\20220211_221721\\1644598363119.png"/>
         <property name="hostName" value="intersoft-admin - DESKTOP-ANQSRIJ"/>
         <property name="os" value="Windows 10 64bit"/>
         <property name="katalonVersion" value="8.2.5.208"/>
         <property name="browser" value="Chrome 98.0.4758.82"/>
         <property name="hostAddress" value="192.168.1.59"/>
         <property name="sessionId" value="6aefae8e2027c3162242a8826ca246ae"/>
         <property name="seleniumVersion" value="3.141.59"/>
         <property name="proxyInformation" value="ProxyInformation { proxyOption=NO_PROXY, proxyServerType=HTTP, username=, password=********, proxyServerAddress=, proxyServerPort=0, executionList=&quot;&quot;, isApplyToDesiredCapabilities=true }"/>
         <property name="platform" value="Windows 10"/>
      </properties>
      <testcase name="Test Cases/NewActivityOverview-LeftNavigation/ActivityOverview-CancelBooking" time="208.017" classname="Test Cases/NewActivityOverview-LeftNavigation/ActivityOverview-CancelBooking" status="PASSED">
         <system-out><![CDATA[2022-02-11 22:19:23 - [TEST_CASE][PASSED] - Test Cases/NewActivityOverview-LeftNavigation/ActivityOverview-CancelBooking: Test Cases/NewActivityOverview-LeftNavigation/ActivityOverview-CancelBooking

2022-02-11 22:19:26 - [TEST_STEP][PASSED] - callTestCase(findTestCase("LoginWithSuperAdmin/SuperAdmin-Login"), [:], STOP_ON_FAILURE): Call Test Case 'Test Cases/LoginWithSuperAdmin/SuperAdmin-Login' successfully

2022-02-11 22:19:27 - [TEST_CASE][PASSED] - Test Cases/LoginWithSuperAdmin/SuperAdmin-Login: Test Cases/LoginWithSuperAdmin/SuperAdmin-Login

2022-02-11 22:19:29 - [TEST_STEP][PASSED] - openBrowser(""): Browser is opened with url: ''

2022-02-11 22:19:29 - [MESSAGE][INFO] - Starting 'Chrome' driver

2022-02-11 22:19:29 - [MESSAGE][INFO] - Action delay is set to 3,000 milliseconds

2022-02-11 22:19:51 - [MESSAGE][PASSED] - Browser is opened with url: ''

2022-02-11 22:19:51 - [TEST_STEP][PASSED] - setViewPortSize(1920, 1080): Viewport is set to new size with width = 1920 and height = 1080

2022-02-11 22:19:52 - [MESSAGE][PASSED] - Viewport is set to new size with width = 1920 and height = 1080

2022-02-11 22:19:52 - [TEST_STEP][PASSED] - navigateToUrl(URL): Navigate to 'https://marketplacev1.test-prio.com' successfully

2022-02-11 22:19:59 - [MESSAGE][PASSED] - Navigate to 'https://marketplacev1.test-prio.com' successfully

2022-02-11 22:19:59 - [TEST_STEP][PASSED] - delay(3): Delayed 3 second(s)

2022-02-11 22:20:02 - [MESSAGE][PASSED] - Delayed 3 second(s)

2022-02-11 22:20:02 - [TEST_STEP][PASSED] - click(findTestObject("SuperAdmin/Login/input_Email_contact_email")): Object: 'Object Repository/SuperAdmin/Login/input_Email_contact_email' is clicked on

2022-02-11 22:20:33 - [MESSAGE][PASSED] - Object: 'Object Repository/SuperAdmin/Login/input_Email_contact_email' is clicked on

2022-02-11 22:20:33 - [TEST_STEP][PASSED] - setText(findTestObject("SuperAdmin/Login/input_Email_contact_email"), uname): Text 'superadmin@tippoint.com' is set on object 'Object Repository/SuperAdmin/Login/input_Email_contact_email'

2022-02-11 22:20:43 - [MESSAGE][PASSED] - Text 'superadmin@tippoint.com' is set on object 'Object Repository/SuperAdmin/Login/input_Email_contact_email'

2022-02-11 22:20:43 - [TEST_STEP][PASSED] - setEncryptedText(findTestObject("SuperAdmin/Login/input_Password_password"), Password): Text ****** has been set on object 'Object Repository/SuperAdmin/Login/input_Password_password'

2022-02-11 22:20:51 - [MESSAGE][PASSED] - Text ****** has been set on object 'Object Repository/SuperAdmin/Login/input_Password_password'

2022-02-11 22:20:51 - [TEST_STEP][PASSED] - takeScreenshot(): Taking screenshot successfully

2022-02-11 22:20:54 - [MESSAGE][PASSED] - Taking screenshot successfully
[[ATTACHMENT|D:\\xampp\\htdocs\\training\\Training\\Rattan\\Final_testing\\New_ActivityOverview\\Reports\\20220211_221705\\CancelSingleBookingNotHavingStatusRefunded\\20220211_221721\\1644598251757.png]]

2022-02-11 22:20:54 - [TEST_STEP][PASSED] - newpackage.clickUsingJS.clickUsingJS(findTestObject("SuperAdmin/Login/button_Sign in"), 5): newpackage.clickUsingJS.clickUsingJS is PASSED

2022-02-11 22:20:56 - [MESSAGE][PASSED] - newpackage.clickUsingJS.clickUsingJS is PASSED

2022-02-11 22:20:56 - [MESSAGE][PASSED] - Call Test Case 'Test Cases/LoginWithSuperAdmin/SuperAdmin-Login' successfully

2022-02-11 22:20:56 - [TEST_STEP][PASSED] - switchToDefaultContent(): null

2022-02-11 22:20:57 - [TEST_STEP][PASSED] - click(findTestObject("SuperAdminLeftNavigation/NewActivityOverview-LeftNavigation")): Object: 'Object Repository/SuperAdminLeftNavigation/NewActivityOverview-LeftNavigation' is clicked on

2022-02-11 22:21:10 - [MESSAGE][PASSED] - Object: 'Object Repository/SuperAdminLeftNavigation/NewActivityOverview-LeftNavigation' is clicked on

2022-02-11 22:21:10 - [TEST_STEP][PASSED] - takeScreenshot(): Taking screenshot successfully

2022-02-11 22:21:22 - [MESSAGE][PASSED] - Taking screenshot successfully
[[ATTACHMENT|D:\\xampp\\htdocs\\training\\Training\\Rattan\\Final_testing\\New_ActivityOverview\\Reports\\20220211_221705\\CancelSingleBookingNotHavingStatusRefunded\\20220211_221721\\1644598271897.png]]

2022-02-11 22:21:22 - [TEST_STEP][PASSED] - switchToFrame(findTestObject("Object Repository/Iframe/NewActivityOverviewIframe"), 5): null

2022-02-11 22:21:22 - [TEST_STEP][PASSED] - delay(20): Delayed 20 second(s)

2022-02-11 22:21:42 - [MESSAGE][PASSED] - Delayed 20 second(s)

2022-02-11 22:21:42 - [TEST_STEP][PASSED] - takeScreenshot(): Taking screenshot successfully

2022-02-11 22:21:43 - [MESSAGE][PASSED] - Taking screenshot successfully
[[ATTACHMENT|D:\\xampp\\htdocs\\training\\Training\\Rattan\\Final_testing\\New_ActivityOverview\\Reports\\20220211_221705\\CancelSingleBookingNotHavingStatusRefunded\\20220211_221721\\1644598302871.png]]

2022-02-11 22:21:43 - [TEST_STEP][PASSED] - sizeoflisting = findWebElements(findTestObject("ListingArea/ListingContainsData"), 5).size(): null

2022-02-11 22:21:43 - [TEST_STEP][PASSED] - println(sizeoflisting): null

2022-02-11 22:21:43 - [TEST_STEP][PASSED] - logInfo(Size of Order Listing: $sizeoflisting): Size of Order Listing: 11

2022-02-11 22:21:43 - [MESSAGE][INFO] - Size of Order Listing: 11

2022-02-11 22:21:43 - [TEST_STEP][PASSED] - if (sizeoflisting > 2): Taking screenshot successfully

2022-02-11 22:21:43 - [TEST_STEP][PASSED] - logInfo("Orders Exist in Listing"): Orders Exist in Listing

2022-02-11 22:21:43 - [MESSAGE][INFO] - Orders Exist in Listing

2022-02-11 22:21:43 - [TEST_STEP][PASSED] - SizeofActiveBookings = findWebElements(findTestObject("Object Repository/CancelAndRefund/OrderListWithoutRefundedStatus"), 5).size(): null

2022-02-11 22:21:43 - [TEST_STEP][PASSED] - logInfo(Size of Active Bookings: $SizeofActiveBookings): Size of Active Bookings: 9

2022-02-11 22:21:43 - [MESSAGE][INFO] - Size of Active Bookings: 9

2022-02-11 22:21:43 - [TEST_STEP][PASSED] - for ([refund = 1, refund < SizeofActiveBookings, (refund++)]): Taking screenshot successfully

2022-02-11 22:21:43 - [TEST_STEP][PASSED] - if (refund == 1): null

2022-02-11 22:21:43 - [TEST_STEP][PASSED] - refund = SizeofActiveBookings: null

2022-02-11 22:21:43 - [TEST_STEP][PASSED] - logInfo(Size of refund booking: $refund): Size of refund booking: 9

2022-02-11 22:21:43 - [MESSAGE][INFO] - Size of refund booking: 9

2022-02-11 22:21:43 - [TEST_STEP][PASSED] - scrollToElement(findTestObject("Object Repository/CancelAndRefund/OrderListWithoutRefundedStatus - Click", ["position":refund]), 15): Scroll to object 'Object Repository/CancelAndRefund/OrderListWithoutRefundedStatus - Click' successfully

2022-02-11 22:21:44 - [MESSAGE][PASSED] - Scroll to object 'Object Repository/CancelAndRefund/OrderListWithoutRefundedStatus - Click' successfully

2022-02-11 22:21:44 - [TEST_STEP][PASSED] - takeScreenshot(): Taking screenshot successfully

2022-02-11 22:21:46 - [MESSAGE][PASSED] - Taking screenshot successfully
[[ATTACHMENT|D:\\xampp\\htdocs\\training\\Training\\Rattan\\Final_testing\\New_ActivityOverview\\Reports\\20220211_221705\\CancelSingleBookingNotHavingStatusRefunded\\20220211_221721\\1644598304758.png]]

2022-02-11 22:21:46 - [TEST_STEP][PASSED] - click(findTestObject("Object Repository/CancelAndRefund/OrderListWithoutRefundedStatus - Click", ["position":refund])): Object: 'Object Repository/CancelAndRefund/OrderListWithoutRefundedStatus - Click' is clicked on

2022-02-11 22:21:50 - [MESSAGE][PASSED] - Object: 'Object Repository/CancelAndRefund/OrderListWithoutRefundedStatus - Click' is clicked on

2022-02-11 22:21:50 - [TEST_STEP][PASSED] - takeScreenshot(): Taking screenshot successfully

2022-02-11 22:21:59 - [MESSAGE][PASSED] - Taking screenshot successfully
[[ATTACHMENT|D:\\xampp\\htdocs\\training\\Training\\Rattan\\Final_testing\\New_ActivityOverview\\Reports\\20220211_221705\\CancelSingleBookingNotHavingStatusRefunded\\20220211_221721\\1644598310407.png]]

2022-02-11 22:21:59 - [TEST_STEP][PASSED] - if (waitForElementClickable(findTestObject("Object Repository/CancelAndRefund/CancelBookingButton"), 15) == true): Taking screenshot successfully

2022-02-11 22:21:59 - [MESSAGE][PASSED] - Object 'Object Repository/CancelAndRefund/CancelBookingButton' is clickable

2022-02-11 22:21:59 - [TEST_STEP][PASSED] - click(findTestObject("Object Repository/CancelAndRefund/CancelBookingButton")): Object: 'Object Repository/CancelAndRefund/CancelBookingButton' is clicked on

2022-02-11 22:22:02 - [MESSAGE][PASSED] - Object: 'Object Repository/CancelAndRefund/CancelBookingButton' is clicked on

2022-02-11 22:22:02 - [TEST_STEP][PASSED] - delay(3): Delayed 3 second(s)

2022-02-11 22:22:05 - [MESSAGE][PASSED] - Delayed 3 second(s)

2022-02-11 22:22:05 - [TEST_STEP][PASSED] - takeScreenshot(): Taking screenshot successfully

2022-02-11 22:22:07 - [MESSAGE][PASSED] - Taking screenshot successfully
[[ATTACHMENT|D:\\xampp\\htdocs\\training\\Training\\Rattan\\Final_testing\\New_ActivityOverview\\Reports\\20220211_221705\\CancelSingleBookingNotHavingStatusRefunded\\20220211_221721\\1644598325934.png]]

2022-02-11 22:22:07 - [TEST_STEP][PASSED] - if (waitForElementClickable(findTestObject("Object Repository/CancelAndRefund/CancelButton - OnRefundPop-up"), 15) == true): Taking screenshot successfully

2022-02-11 22:22:07 - [MESSAGE][PASSED] - Object 'Object Repository/CancelAndRefund/CancelButton - OnRefundPop-up' is clickable

2022-02-11 22:22:07 - [TEST_STEP][PASSED] - click(findTestObject("Object Repository/CancelAndRefund/CancelButton - OnRefundPop-up")): Object: 'Object Repository/CancelAndRefund/CancelButton - OnRefundPop-up' is clicked on

2022-02-11 22:22:10 - [MESSAGE][PASSED] - Object: 'Object Repository/CancelAndRefund/CancelButton - OnRefundPop-up' is clicked on

2022-02-11 22:22:10 - [TEST_STEP][PASSED] - delay(3): Delayed 3 second(s)

2022-02-11 22:22:13 - [MESSAGE][PASSED] - Delayed 3 second(s)

2022-02-11 22:22:13 - [TEST_STEP][PASSED] - takeScreenshot(): Taking screenshot successfully

2022-02-11 22:22:14 - [MESSAGE][PASSED] - Taking screenshot successfully
[[ATTACHMENT|D:\\xampp\\htdocs\\training\\Training\\Rattan\\Final_testing\\New_ActivityOverview\\Reports\\20220211_221705\\CancelSingleBookingNotHavingStatusRefunded\\20220211_221721\\1644598333803.png]]

2022-02-11 22:22:14 - [TEST_STEP][PASSED] - click(findTestObject("Object Repository/CancelAndRefund/CancelBookingButton")): Object: 'Object Repository/CancelAndRefund/CancelBookingButton' is clicked on

2022-02-11 22:22:17 - [MESSAGE][PASSED] - Object: 'Object Repository/CancelAndRefund/CancelBookingButton' is clicked on

2022-02-11 22:22:17 - [TEST_STEP][PASSED] - if (refund < 4): null

2022-02-11 22:22:17 - [TEST_STEP][PASSED] - if (refund <= 6 && refund >= 4): null

2022-02-11 22:22:17 - [TEST_STEP][PASSED] - if (refund > 6): Taking screenshot successfully

2022-02-11 22:22:17 - [TEST_STEP][PASSED] - if (waitForElementClickable(findTestObject("Object Repository/CancelAndRefund/RefundOptionRadio"), 15) == true): Taking screenshot successfully

2022-02-11 22:22:17 - [MESSAGE][PASSED] - Object 'Object Repository/CancelAndRefund/RefundOptionRadio' is clickable

2022-02-11 22:22:17 - [TEST_STEP][PASSED] - click(findTestObject("Object Repository/CancelAndRefund/RefundOptionRadio")): Object: 'Object Repository/CancelAndRefund/RefundOptionRadio' is clicked on

2022-02-11 22:22:21 - [MESSAGE][PASSED] - Object: 'Object Repository/CancelAndRefund/RefundOptionRadio' is clicked on

2022-02-11 22:22:21 - [TEST_STEP][PASSED] - delay(3): Delayed 3 second(s)

2022-02-11 22:22:24 - [MESSAGE][PASSED] - Delayed 3 second(s)

2022-02-11 22:22:24 - [TEST_STEP][PASSED] - takeScreenshot(): Taking screenshot successfully

2022-02-11 22:22:24 - [MESSAGE][PASSED] - Taking screenshot successfully
[[ATTACHMENT|D:\\xampp\\htdocs\\training\\Training\\Rattan\\Final_testing\\New_ActivityOverview\\Reports\\20220211_221705\\CancelSingleBookingNotHavingStatusRefunded\\20220211_221721\\1644598344122.png]]

2022-02-11 22:22:24 - [TEST_STEP][PASSED] - setText(findTestObject("Object Repository/CancelAndRefund/ReasonForCancellation"), CancellationReason): Text 'Order Refunded to Test Automation Testing Under Katalon' is set on object 'Object Repository/CancelAndRefund/ReasonForCancellation'

2022-02-11 22:22:33 - [MESSAGE][PASSED] - Text 'Order Refunded to Test Automation Testing Under Katalon' is set on object 'Object Repository/CancelAndRefund/ReasonForCancellation'

2022-02-11 22:22:33 - [TEST_STEP][PASSED] - click(findTestObject("Object Repository/CancelAndRefund/ConfirmCancellationButton")): Object: 'Object Repository/CancelAndRefund/ConfirmCancellationButton' is clicked on

2022-02-11 22:22:39 - [MESSAGE][PASSED] - Object: 'Object Repository/CancelAndRefund/ConfirmCancellationButton' is clicked on

2022-02-11 22:22:39 - [TEST_STEP][PASSED] - delay(3): Delayed 3 second(s)

2022-02-11 22:22:42 - [MESSAGE][PASSED] - Delayed 3 second(s)

2022-02-11 22:22:43 - [TEST_STEP][PASSED] - takeScreenshot(): Taking screenshot successfully

2022-02-11 22:22:47 - [MESSAGE][PASSED] - Taking screenshot successfully
[[ATTACHMENT|D:\\xampp\\htdocs\\training\\Training\\Rattan\\Final_testing\\New_ActivityOverview\\Reports\\20220211_221705\\CancelSingleBookingNotHavingStatusRefunded\\20220211_221721\\1644598363119.png]]

2022-02-11 22:22:48 - [TEST_STEP][PASSED] - if (sizeoflisting < 2): null]]></system-out>
         <system-err><![CDATA[]]></system-err>
      </testcase>
      <system-out><![CDATA[2022-02-11 22:19:20 - [TEST_SUITE][PASSED] - CancelSingleBookingNotHavingStatusRefunded: Test Cases/NewActivityOverview-LeftNavigation/ActivityOverview-CancelBooking]]></system-out>
      <system-err><![CDATA[]]></system-err>
   </testsuite>
   <testsuite name="DetailPop-up-BothSideUrlBasedAndNormal" tests="3" failures="2" errors="0" time="764.943" skipped="0" timestamp="2022-02-11 22:22:32" hostname="intersoft-admin - DESKTOP-ANQSRIJ" id="Test Suites/DetailPop-up-BothSideUrlBasedAndNormal">
      <properties>
         <property name="deviceName" value=""/>
         <property name="devicePlatform" value=""/>
         <property name="logFolder" value="D:\\xampp\\htdocs\\training\\Training\\Rattan\\Final_testing\\New_ActivityOverview\\Reports\\20220211_221705\\DetailPop-up-BothSideUrlBasedAndNormal\\20220211_221723"/>
         <property name="logFiles" value="D:\\xampp\\htdocs\\training\\Training\\Rattan\\Final_testing\\New_ActivityOverview\\Reports\\20220211_221705\\DetailPop-up-BothSideUrlBasedAndNormal\\20220211_221723\\execution0.log"/>
         <property name="attachments" value="D:\\xampp\\htdocs\\training\\Training\\Rattan\\Final_testing\\New_ActivityOverview\\Reports\\20220211_221705\\DetailPop-up-BothSideUrlBasedAndNormal\\20220211_221723\\1644598415441.png, D:\\xampp\\htdocs\\training\\Training\\Rattan\\Final_testing\\New_ActivityOverview\\Reports\\20220211_221705\\DetailPop-up-BothSideUrlBasedAndNormal\\20220211_221723\\1644598428907.png, D:\\xampp\\htdocs\\training\\Training\\Rattan\\Final_testing\\New_ActivityOverview\\Reports\\20220211_221705\\DetailPop-up-BothSideUrlBasedAndNormal\\20220211_221723\\1644598446630.png, D:\\xampp\\htdocs\\training\\Training\\Rattan\\Final_testing\\New_ActivityOverview\\Reports\\20220211_221705\\DetailPop-up-BothSideUrlBasedAndNormal\\20220211_221723\\1644598481123.png, D:\\xampp\\htdocs\\training\\Training\\Rattan\\Final_testing\\New_ActivityOverview\\Reports\\20220211_221705\\DetailPop-up-BothSideUrlBasedAndNormal\\20220211_221723\\1644598505095.png, D:\\xampp\\htdocs\\training\\Training\\Rattan\\Final_testing\\New_ActivityOverview\\Reports\\20220211_221705\\DetailPop-up-BothSideUrlBasedAndNormal\\20220211_221723\\1644598506117.png, D:\\xampp\\htdocs\\training\\Training\\Rattan\\Final_testing\\New_ActivityOverview\\Reports\\20220211_221705\\DetailPop-up-BothSideUrlBasedAndNormal\\20220211_221723\\1644598530547.png, D:\\xampp\\htdocs\\training\\Training\\Rattan\\Final_testing\\New_ActivityOverview\\Reports\\20220211_221705\\DetailPop-up-BothSideUrlBasedAndNormal\\20220211_221723\\1644598538512.png, D:\\xampp\\htdocs\\training\\Training\\Rattan\\Final_testing\\New_ActivityOverview\\Reports\\20220211_221705\\DetailPop-up-BothSideUrlBasedAndNormal\\20220211_221723\\1644598545481.png, D:\\xampp\\htdocs\\training\\Training\\Rattan\\Final_testing\\New_ActivityOverview\\Reports\\20220211_221705\\DetailPop-up-BothSideUrlBasedAndNormal\\20220211_221723\\1644598552885.png, D:\\xampp\\htdocs\\training\\Training\\Rattan\\Final_testing\\New_ActivityOverview\\Reports\\20220211_221705\\DetailPop-up-BothSideUrlBasedAndNormal\\20220211_221723\\1644598559827.png, D:\\xampp\\htdocs\\training\\Training\\Rattan\\Final_testing\\New_ActivityOverview\\Reports\\20220211_221705\\DetailPop-up-BothSideUrlBasedAndNormal\\20220211_221723\\1644598566853.png, D:\\xampp\\htdocs\\training\\Training\\Rattan\\Final_testing\\New_ActivityOverview\\Reports\\20220211_221705\\DetailPop-up-BothSideUrlBasedAndNormal\\20220211_221723\\1644598574299.png, D:\\xampp\\htdocs\\training\\Training\\Rattan\\Final_testing\\New_ActivityOverview\\Reports\\20220211_221705\\DetailPop-up-BothSideUrlBasedAndNormal\\20220211_221723\\1644598623087.png, D:\\xampp\\htdocs\\training\\Training\\Rattan\\Final_testing\\New_ActivityOverview\\Reports\\20220211_221705\\DetailPop-up-BothSideUrlBasedAndNormal\\20220211_221723\\1644598636595.png, D:\\xampp\\htdocs\\training\\Training\\Rattan\\Final_testing\\New_ActivityOverview\\Reports\\20220211_221705\\DetailPop-up-BothSideUrlBasedAndNormal\\20220211_221723\\1644598649952.png, D:\\xampp\\htdocs\\training\\Training\\Rattan\\Final_testing\\New_ActivityOverview\\Reports\\20220211_221705\\DetailPop-up-BothSideUrlBasedAndNormal\\20220211_221723\\1644598666932.png, D:\\xampp\\htdocs\\training\\Training\\Rattan\\Final_testing\\New_ActivityOverview\\Reports\\20220211_221705\\DetailPop-up-BothSideUrlBasedAndNormal\\20220211_221723\\1644598688520.png, D:\\xampp\\htdocs\\training\\Training\\Rattan\\Final_testing\\New_ActivityOverview\\Reports\\20220211_221705\\DetailPop-up-BothSideUrlBasedAndNormal\\20220211_221723\\1644598695848.png, D:\\xampp\\htdocs\\training\\Training\\Rattan\\Final_testing\\New_ActivityOverview\\Reports\\20220211_221705\\DetailPop-up-BothSideUrlBasedAndNormal\\20220211_221723\\1644598703254.png, D:\\xampp\\htdocs\\training\\Training\\Rattan\\Final_testing\\New_ActivityOverview\\Reports\\20220211_221705\\DetailPop-up-BothSideUrlBasedAndNormal\\20220211_221723\\1644598710515.png, D:\\xampp\\htdocs\\training\\Training\\Rattan\\Final_testing\\New_ActivityOverview\\Reports\\20220211_221705\\DetailPop-up-BothSideUrlBasedAndNormal\\20220211_221723\\1644598717791.png, D:\\xampp\\htdocs\\training\\Training\\Rattan\\Final_testing\\New_ActivityOverview\\Reports\\20220211_221705\\DetailPop-up-BothSideUrlBasedAndNormal\\20220211_221723\\1644598787548.png, D:\\xampp\\htdocs\\training\\Training\\Rattan\\Final_testing\\New_ActivityOverview\\Reports\\20220211_221705\\DetailPop-up-BothSideUrlBasedAndNormal\\20220211_221723\\1644598788429.png, D:\\xampp\\htdocs\\training\\Training\\Rattan\\Final_testing\\New_ActivityOverview\\Reports\\20220211_221705\\DetailPop-up-BothSideUrlBasedAndNormal\\20220211_221723\\1644598812703.png, D:\\xampp\\htdocs\\training\\Training\\Rattan\\Final_testing\\New_ActivityOverview\\Reports\\20220211_221705\\DetailPop-up-BothSideUrlBasedAndNormal\\20220211_221723\\1644598885568.png, D:\\xampp\\htdocs\\training\\Training\\Rattan\\Final_testing\\New_ActivityOverview\\Reports\\20220211_221705\\DetailPop-up-BothSideUrlBasedAndNormal\\20220211_221723\\1644598894980.png, D:\\xampp\\htdocs\\training\\Training\\Rattan\\Final_testing\\New_ActivityOverview\\Reports\\20220211_221705\\DetailPop-up-BothSideUrlBasedAndNormal\\20220211_221723\\1644598915527.png, D:\\xampp\\htdocs\\training\\Training\\Rattan\\Final_testing\\New_ActivityOverview\\Reports\\20220211_221705\\DetailPop-up-BothSideUrlBasedAndNormal\\20220211_221723\\1644598922810.png, D:\\xampp\\htdocs\\training\\Training\\Rattan\\Final_testing\\New_ActivityOverview\\Reports\\20220211_221705\\DetailPop-up-BothSideUrlBasedAndNormal\\20220211_221723\\1644598930423.png, D:\\xampp\\htdocs\\training\\Training\\Rattan\\Final_testing\\New_ActivityOverview\\Reports\\20220211_221705\\DetailPop-up-BothSideUrlBasedAndNormal\\20220211_221723\\1644598937682.png, D:\\xampp\\htdocs\\training\\Training\\Rattan\\Final_testing\\New_ActivityOverview\\Reports\\20220211_221705\\DetailPop-up-BothSideUrlBasedAndNormal\\20220211_221723\\1644598944923.png, D:\\xampp\\htdocs\\training\\Training\\Rattan\\Final_testing\\New_ActivityOverview\\Reports\\20220211_221705\\DetailPop-up-BothSideUrlBasedAndNormal\\20220211_221723\\1644599031287.png, D:\\xampp\\htdocs\\training\\Training\\Rattan\\Final_testing\\New_ActivityOverview\\Reports\\20220211_221705\\DetailPop-up-BothSideUrlBasedAndNormal\\20220211_221723\\1644599040838.png, D:\\xampp\\htdocs\\training\\Training\\Rattan\\Final_testing\\New_ActivityOverview\\Reports\\20220211_221705\\DetailPop-up-BothSideUrlBasedAndNormal\\20220211_221723\\1644599062136.png, D:\\xampp\\htdocs\\training\\Training\\Rattan\\Final_testing\\New_ActivityOverview\\Reports\\20220211_221705\\DetailPop-up-BothSideUrlBasedAndNormal\\20220211_221723\\1644599069838.png, D:\\xampp\\htdocs\\training\\Training\\Rattan\\Final_testing\\New_ActivityOverview\\Reports\\20220211_221705\\DetailPop-up-BothSideUrlBasedAndNormal\\20220211_221723\\1644599078267.png, D:\\xampp\\htdocs\\training\\Training\\Rattan\\Final_testing\\New_ActivityOverview\\Reports\\20220211_221705\\DetailPop-up-BothSideUrlBasedAndNormal\\20220211_221723\\1644599089958.png, D:\\xampp\\htdocs\\training\\Training\\Rattan\\Final_testing\\New_ActivityOverview\\Reports\\20220211_221705\\DetailPop-up-BothSideUrlBasedAndNormal\\20220211_221723\\1644599100099.png"/>
         <property name="hostName" value="intersoft-admin - DESKTOP-ANQSRIJ"/>
         <property name="os" value="Windows 10 64bit"/>
         <property name="katalonVersion" value="8.2.5.208"/>
         <property name="browser" value="Chrome 98.0.4758.82"/>
         <property name="hostAddress" value="192.168.1.59"/>
         <property name="sessionId" value="27df6a242f45682bcdfae606cfd7b2ff"/>
         <property name="seleniumVersion" value="3.141.59"/>
         <property name="proxyInformation" value="ProxyInformation { proxyOption=NO_PROXY, proxyServerType=HTTP, username=, password=********, proxyServerAddress=, proxyServerPort=0, executionList=&quot;&quot;, isApplyToDesiredCapabilities=true }"/>
         <property name="platform" value="Windows 10"/>
      </properties>
      <testcase name="Test Cases/NewActivityOverview-LeftNavigation/ActivityOverview-OpenDetailPop-up" time="638.644" classname="Test Cases/NewActivityOverview-LeftNavigation/ActivityOverview-OpenDetailPop-up" status="FAILED">
         <failure type="FAILED" message="Test Cases/NewActivityOverview-LeftNavigation/ActivityOverview-OpenDetailPop-up FAILED.
Reason:
com.kms.katalon.core.exception.StepFailedException: Unable to call Test Case 'Test Cases/StepToReUse/StepTOCopyURLAndAddAnotherTab' (Root cause: com.kms.katalon.core.exception.StepFailedException: Call Test Case 'Test Cases/StepToReUse/StepTOCopyURLAndAddAnotherTab' failed
	at com.kms.katalon.core.keyword.builtin.CallTestCaseKeyword$_callTestCase_closure1.doCall(CallTestCaseKeyword.groovy:63)
	at com.kms.katalon.core.keyword.builtin.CallTestCaseKeyword$_callTestCase_closure1.call(CallTestCaseKeyword.groovy)
	at com.kms.katalon.core.keyword.internal.KeywordMain.runKeyword(KeywordMain.groovy:74)
	at com.kms.katalon.core.keyword.builtin.CallTestCaseKeyword.callTestCase(CallTestCaseKeyword.groovy:81)
	at com.kms.katalon.core.keyword.builtin.CallTestCaseKeyword.execute(CallTestCaseKeyword.groovy:44)
	at com.kms.katalon.core.keyword.internal.KeywordExecutor.executeKeywordForPlatform(KeywordExecutor.groovy:74)
	at com.kms.katalon.core.keyword.BuiltinKeywords.callTestCase(BuiltinKeywords.groovy:334)
	at ActivityOverview-OpenDetailPop-up.run(ActivityOverview-OpenDetailPop-up:226)
	at com.kms.katalon.core.main.ScriptEngine.run(ScriptEngine.java:194)
	at com.kms.katalon.core.main.ScriptEngine.runScriptAsRawText(ScriptEngine.java:119)
	at com.kms.katalon.core.main.TestCaseExecutor.runScript(TestCaseExecutor.java:442)
	at com.kms.katalon.core.main.TestCaseExecutor.doExecute(TestCaseExecutor.java:433)
	at com.kms.katalon.core.main.TestCaseExecutor.processExecutionPhase(TestCaseExecutor.java:412)
	at com.kms.katalon.core.main.TestCaseExecutor.accessMainPhase(TestCaseExecutor.java:404)
	at com.kms.katalon.core.main.TestCaseExecutor.execute(TestCaseExecutor.java:281)
	at com.kms.katalon.core.main.TestSuiteExecutor.accessTestCaseMainPhase(TestSuiteExecutor.java:202)
	at com.kms.katalon.core.main.TestSuiteExecutor.accessTestSuiteMainPhase(TestSuiteExecutor.java:164)
	at com.kms.katalon.core.main.TestSuiteExecutor.execute(TestSuiteExecutor.java:105)
	at com.kms.katalon.core.main.TestCaseMain.startTestSuite(TestCaseMain.java:185)
	at com.kms.katalon.core.main.TestCaseMain$startTestSuite$0.call(Unknown Source)
	at TempTestSuite1644598043886.run(TempTestSuite1644598043886.groovy:36)
Caused by: com.kms.katalon.core.exception.StepFailedException: Unable to click on object 'Object Repository/Header/Preview/ClickOnPreviewIcon'
	at com.kms.katalon.core.webui.keyword.internal.WebUIKeywordMain.stepFailed(WebUIKeywordMain.groovy:64)
	at com.kms.katalon.core.webui.keyword.internal.WebUIKeywordMain.runKeyword(WebUIKeywordMain.groovy:26)
	at com.kms.katalon.core.webui.keyword.builtin.ClickKeyword.click(ClickKeyword.groovy:74)
	at com.kms.katalon.core.webui.keyword.builtin.ClickKeyword.execute(ClickKeyword.groovy:40)
	at com.kms.katalon.core.keyword.internal.KeywordExecutor.executeKeywordForPlatform(KeywordExecutor.groovy:74)
	at com.kms.katalon.core.webui.keyword.WebUiBuiltInKeywords.click(WebUiBuiltInKeywords.groovy:620)
	at com.kms.katalon.core.webui.keyword.WebUiBuiltInKeywords$click$2.call(Unknown Source)
	at StepTOCopyURLAndAddAnotherTab.run(StepTOCopyURLAndAddAnotherTab:29)
	at com.kms.katalon.core.main.ScriptEngine.run(ScriptEngine.java:194)
	at com.kms.katalon.core.main.ScriptEngine.runScriptAsRawText(ScriptEngine.java:119)
	at com.kms.katalon.core.main.TestCaseExecutor.runScript(TestCaseExecutor.java:442)
	at com.kms.katalon.core.main.TestCaseExecutor.doExecute(TestCaseExecutor.java:433)
	at com.kms.katalon.core.main.TestCaseExecutor.processExecutionPhase(TestCaseExecutor.java:412)
	at com.kms.katalon.core.main.TestCaseExecutor.accessMainPhase(TestCaseExecutor.java:404)
	at com.kms.katalon.core.main.TestCaseExecutor.execute(TestCaseExecutor.java:281)
	at com.kms.katalon.core.main.TestCaseMain.runTestCase(TestCaseMain.java:142)
	at com.kms.katalon.core.keyword.builtin.CallTestCaseKeyword$_callTestCase_closure1.doCall(CallTestCaseKeyword.groovy:59)
	... 20 more
Caused by: com.kms.katalon.core.webui.exception.WebElementNotFoundException: Web element with id: 'Object Repository/Header/Preview/ClickOnPreviewIcon' located by '//span[contains(text(),'Preview')]//parent::a' not found
	at com.kms.katalon.core.webui.common.WebUiCommonHelper.findWebElement(WebUiCommonHelper.java:1370)
	at com.kms.katalon.core.webui.keyword.internal.WebUIAbstractKeyword.findWebElement(WebUIAbstractKeyword.groovy:27)
	at com.kms.katalon.core.webui.keyword.builtin.ClickKeyword$_click_closure1.doCall(ClickKeyword.groovy:65)
	at com.kms.katalon.core.webui.keyword.builtin.ClickKeyword$_click_closure1.call(ClickKeyword.groovy)
	at com.kms.katalon.core.webui.keyword.internal.WebUIKeywordMain.runKeyword(WebUIKeywordMain.groovy:20)
	... 35 more
)
	at com.kms.katalon.core.keyword.internal.KeywordMain.stepFailed(KeywordMain.groovy:39)
	at com.kms.katalon.core.keyword.internal.KeywordMain.stepFailed(KeywordMain.groovy)
	at com.kms.katalon.core.keyword.internal.KeywordMain.runKeyword(KeywordMain.groovy:76)
	at com.kms.katalon.core.keyword.builtin.CallTestCaseKeyword.callTestCase(CallTestCaseKeyword.groovy:81)
	at com.kms.katalon.core.keyword.builtin.CallTestCaseKeyword.execute(CallTestCaseKeyword.groovy:44)
	at com.kms.katalon.core.keyword.internal.KeywordExecutor.executeKeywordForPlatform(KeywordExecutor.groovy:74)
	at com.kms.katalon.core.keyword.BuiltinKeywords.callTestCase(BuiltinKeywords.groovy:334)
	at ActivityOverview-OpenDetailPop-up.run(ActivityOverview-OpenDetailPop-up:226)
	at com.kms.katalon.core.main.ScriptEngine.run(ScriptEngine.java:194)
	at com.kms.katalon.core.main.ScriptEngine.runScriptAsRawText(ScriptEngine.java:119)
	at com.kms.katalon.core.main.TestCaseExecutor.runScript(TestCaseExecutor.java:442)
	at com.kms.katalon.core.main.TestCaseExecutor.doExecute(TestCaseExecutor.java:433)
	at com.kms.katalon.core.main.TestCaseExecutor.processExecutionPhase(TestCaseExecutor.java:412)
	at com.kms.katalon.core.main.TestCaseExecutor.accessMainPhase(TestCaseExecutor.java:404)
	at com.kms.katalon.core.main.TestCaseExecutor.execute(TestCaseExecutor.java:281)
	at com.kms.katalon.core.main.TestSuiteExecutor.accessTestCaseMainPhase(TestSuiteExecutor.java:202)
	at com.kms.katalon.core.main.TestSuiteExecutor.accessTestSuiteMainPhase(TestSuiteExecutor.java:164)
	at com.kms.katalon.core.main.TestSuiteExecutor.execute(TestSuiteExecutor.java:105)
	at com.kms.katalon.core.main.TestCaseMain.startTestSuite(TestCaseMain.java:185)
	at com.kms.katalon.core.main.TestCaseMain$startTestSuite$0.call(Unknown Source)
	at TempTestSuite1644598043886.run(TempTestSuite1644598043886.groovy:36)
Caused by: com.kms.katalon.core.exception.StepFailedException: Call Test Case 'Test Cases/StepToReUse/StepTOCopyURLAndAddAnotherTab' failed
	at com.kms.katalon.core.keyword.builtin.CallTestCaseKeyword$_callTestCase_closure1.doCall(CallTestCaseKeyword.groovy:63)
	at com.kms.katalon.core.keyword.builtin.CallTestCaseKeyword$_callTestCase_closure1.call(CallTestCaseKeyword.groovy)
	at com.kms.katalon.core.keyword.internal.KeywordMain.runKeyword(KeywordMain.groovy:74)
	... 18 more
Caused by: com.kms.katalon.core.exception.StepFailedException: Unable to click on object 'Object Repository/Header/Preview/ClickOnPreviewIcon'
	at com.kms.katalon.core.webui.keyword.internal.WebUIKeywordMain.stepFailed(WebUIKeywordMain.groovy:64)
	at com.kms.katalon.core.webui.keyword.internal.WebUIKeywordMain.runKeyword(WebUIKeywordMain.groovy:26)
	at com.kms.katalon.core.webui.keyword.builtin.ClickKeyword.click(ClickKeyword.groovy:74)
	at com.kms.katalon.core.webui.keyword.builtin.ClickKeyword.execute(ClickKeyword.groovy:40)
	at com.kms.katalon.core.keyword.internal.KeywordExecutor.executeKeywordForPlatform(KeywordExecutor.groovy:74)
	at com.kms.katalon.core.webui.keyword.WebUiBuiltInKeywords.click(WebUiBuiltInKeywords.groovy:620)
	at com.kms.katalon.core.webui.keyword.WebUiBuiltInKeywords$click$2.call(Unknown Source)
	at StepTOCopyURLAndAddAnotherTab.run(StepTOCopyURLAndAddAnotherTab:29)
	at com.kms.katalon.core.main.ScriptEngine.run(ScriptEngine.java:194)
	at com.kms.katalon.core.main.ScriptEngine.runScriptAsRawText(ScriptEngine.java:119)
	at com.kms.katalon.core.main.TestCaseExecutor.runScript(TestCaseExecutor.java:442)
	at com.kms.katalon.core.main.TestCaseExecutor.doExecute(TestCaseExecutor.java:433)
	at com.kms.katalon.core.main.TestCaseExecutor.processExecutionPhase(TestCaseExecutor.java:412)
	at com.kms.katalon.core.main.TestCaseExecutor.accessMainPhase(TestCaseExecutor.java:404)
	at com.kms.katalon.core.main.TestCaseExecutor.execute(TestCaseExecutor.java:281)
	at com.kms.katalon.core.main.TestCaseMain.runTestCase(TestCaseMain.java:142)
	at com.kms.katalon.core.keyword.builtin.CallTestCaseKeyword$_callTestCase_closure1.doCall(CallTestCaseKeyword.groovy:59)
	... 20 more
Caused by: com.kms.katalon.core.webui.exception.WebElementNotFoundException: Web element with id: 'Object Repository/Header/Preview/ClickOnPreviewIcon' located by '//span[contains(text(),'Preview')]//parent::a' not found
	at com.kms.katalon.core.webui.common.WebUiCommonHelper.findWebElement(WebUiCommonHelper.java:1370)
	at com.kms.katalon.core.webui.keyword.internal.WebUIAbstractKeyword.findWebElement(WebUIAbstractKeyword.groovy:27)
	at com.kms.katalon.core.webui.keyword.builtin.ClickKeyword$_click_closure1.doCall(ClickKeyword.groovy:65)
	at com.kms.katalon.core.webui.keyword.builtin.ClickKeyword$_click_closure1.call(ClickKeyword.groovy)
	at com.kms.katalon.core.webui.keyword.internal.WebUIKeywordMain.runKeyword(WebUIKeywordMain.groovy:20)
	... 35 more
"/>
         <system-out><![CDATA[2022-02-11 22:22:33 - [TEST_CASE][FAILED] - Test Cases/NewActivityOverview-LeftNavigation/ActivityOverview-OpenDetailPop-up: Test Cases/NewActivityOverview-LeftNavigation/ActivityOverview-OpenDetailPop-up FAILED.
Reason:
com.kms.katalon.core.exception.StepFailedException: Unable to call Test Case 'Test Cases/StepToReUse/StepTOCopyURLAndAddAnotherTab' (Root cause: com.kms.katalon.core.exception.StepFailedException: Call Test Case 'Test Cases/StepToReUse/StepTOCopyURLAndAddAnotherTab' failed
	at com.kms.katalon.core.keyword.builtin.CallTestCaseKeyword$_callTestCase_closure1.doCall(CallTestCaseKeyword.groovy:63)
	at com.kms.katalon.core.keyword.builtin.CallTestCaseKeyword$_callTestCase_closure1.call(CallTestCaseKeyword.groovy)
	at com.kms.katalon.core.keyword.internal.KeywordMain.runKeyword(KeywordMain.groovy:74)
	at com.kms.katalon.core.keyword.builtin.CallTestCaseKeyword.callTestCase(CallTestCaseKeyword.groovy:81)
	at com.kms.katalon.core.keyword.builtin.CallTestCaseKeyword.execute(CallTestCaseKeyword.groovy:44)
	at com.kms.katalon.core.keyword.internal.KeywordExecutor.executeKeywordForPlatform(KeywordExecutor.groovy:74)
	at com.kms.katalon.core.keyword.BuiltinKeywords.callTestCase(BuiltinKeywords.groovy:334)
	at ActivityOverview-OpenDetailPop-up.run(ActivityOverview-OpenDetailPop-up:226)
	at com.kms.katalon.core.main.ScriptEngine.run(ScriptEngine.java:194)
	at com.kms.katalon.core.main.ScriptEngine.runScriptAsRawText(ScriptEngine.java:119)
	at com.kms.katalon.core.main.TestCaseExecutor.runScript(TestCaseExecutor.java:442)
	at com.kms.katalon.core.main.TestCaseExecutor.doExecute(TestCaseExecutor.java:433)
	at com.kms.katalon.core.main.TestCaseExecutor.processExecutionPhase(TestCaseExecutor.java:412)
	at com.kms.katalon.core.main.TestCaseExecutor.accessMainPhase(TestCaseExecutor.java:404)
	at com.kms.katalon.core.main.TestCaseExecutor.execute(TestCaseExecutor.java:281)
	at com.kms.katalon.core.main.TestSuiteExecutor.accessTestCaseMainPhase(TestSuiteExecutor.java:202)
	at com.kms.katalon.core.main.TestSuiteExecutor.accessTestSuiteMainPhase(TestSuiteExecutor.java:164)
	at com.kms.katalon.core.main.TestSuiteExecutor.execute(TestSuiteExecutor.java:105)
	at com.kms.katalon.core.main.TestCaseMain.startTestSuite(TestCaseMain.java:185)
	at com.kms.katalon.core.main.TestCaseMain$startTestSuite$0.call(Unknown Source)
	at TempTestSuite1644598043886.run(TempTestSuite1644598043886.groovy:36)
Caused by: com.kms.katalon.core.exception.StepFailedException: Unable to click on object 'Object Repository/Header/Preview/ClickOnPreviewIcon'
	at com.kms.katalon.core.webui.keyword.internal.WebUIKeywordMain.stepFailed(WebUIKeywordMain.groovy:64)
	at com.kms.katalon.core.webui.keyword.internal.WebUIKeywordMain.runKeyword(WebUIKeywordMain.groovy:26)
	at com.kms.katalon.core.webui.keyword.builtin.ClickKeyword.click(ClickKeyword.groovy:74)
	at com.kms.katalon.core.webui.keyword.builtin.ClickKeyword.execute(ClickKeyword.groovy:40)
	at com.kms.katalon.core.keyword.internal.KeywordExecutor.executeKeywordForPlatform(KeywordExecutor.groovy:74)
	at com.kms.katalon.core.webui.keyword.WebUiBuiltInKeywords.click(WebUiBuiltInKeywords.groovy:620)
	at com.kms.katalon.core.webui.keyword.WebUiBuiltInKeywords$click$2.call(Unknown Source)
	at StepTOCopyURLAndAddAnotherTab.run(StepTOCopyURLAndAddAnotherTab:29)
	at com.kms.katalon.core.main.ScriptEngine.run(ScriptEngine.java:194)
	at com.kms.katalon.core.main.ScriptEngine.runScriptAsRawText(ScriptEngine.java:119)
	at com.kms.katalon.core.main.TestCaseExecutor.runScript(TestCaseExecutor.java:442)
	at com.kms.katalon.core.main.TestCaseExecutor.doExecute(TestCaseExecutor.java:433)
	at com.kms.katalon.core.main.TestCaseExecutor.processExecutionPhase(TestCaseExecutor.java:412)
	at com.kms.katalon.core.main.TestCaseExecutor.accessMainPhase(TestCaseExecutor.java:404)
	at com.kms.katalon.core.main.TestCaseExecutor.execute(TestCaseExecutor.java:281)
	at com.kms.katalon.core.main.TestCaseMain.runTestCase(TestCaseMain.java:142)
	at com.kms.katalon.core.keyword.builtin.CallTestCaseKeyword$_callTestCase_closure1.doCall(CallTestCaseKeyword.groovy:59)
	... 20 more
Caused by: com.kms.katalon.core.webui.exception.WebElementNotFoundException: Web element with id: 'Object Repository/Header/Preview/ClickOnPreviewIcon' located by '//span[contains(text(),'Preview')]//parent::a' not found
	at com.kms.katalon.core.webui.common.WebUiCommonHelper.findWebElement(WebUiCommonHelper.java:1370)
	at com.kms.katalon.core.webui.keyword.internal.WebUIAbstractKeyword.findWebElement(WebUIAbstractKeyword.groovy:27)
	at com.kms.katalon.core.webui.keyword.builtin.ClickKeyword$_click_closure1.doCall(ClickKeyword.groovy:65)
	at com.kms.katalon.core.webui.keyword.builtin.ClickKeyword$_click_closure1.call(ClickKeyword.groovy)
	at com.kms.katalon.core.webui.keyword.internal.WebUIKeywordMain.runKeyword(WebUIKeywordMain.groovy:20)
	... 35 more
)
	at com.kms.katalon.core.keyword.internal.KeywordMain.stepFailed(KeywordMain.groovy:39)
	at com.kms.katalon.core.keyword.internal.KeywordMain.stepFailed(KeywordMain.groovy)
	at com.kms.katalon.core.keyword.internal.KeywordMain.runKeyword(KeywordMain.groovy:76)
	at com.kms.katalon.core.keyword.builtin.CallTestCaseKeyword.callTestCase(CallTestCaseKeyword.groovy:81)
	at com.kms.katalon.core.keyword.builtin.CallTestCaseKeyword.execute(CallTestCaseKeyword.groovy:44)
	at com.kms.katalon.core.keyword.internal.KeywordExecutor.executeKeywordForPlatform(KeywordExecutor.groovy:74)
	at com.kms.katalon.core.keyword.BuiltinKeywords.callTestCase(BuiltinKeywords.groovy:334)
	at ActivityOverview-OpenDetailPop-up.run(ActivityOverview-OpenDetailPop-up:226)
	at com.kms.katalon.core.main.ScriptEngine.run(ScriptEngine.java:194)
	at com.kms.katalon.core.main.ScriptEngine.runScriptAsRawText(ScriptEngine.java:119)
	at com.kms.katalon.core.main.TestCaseExecutor.runScript(TestCaseExecutor.java:442)
	at com.kms.katalon.core.main.TestCaseExecutor.doExecute(TestCaseExecutor.java:433)
	at com.kms.katalon.core.main.TestCaseExecutor.processExecutionPhase(TestCaseExecutor.java:412)
	at com.kms.katalon.core.main.TestCaseExecutor.accessMainPhase(TestCaseExecutor.java:404)
	at com.kms.katalon.core.main.TestCaseExecutor.execute(TestCaseExecutor.java:281)
	at com.kms.katalon.core.main.TestSuiteExecutor.accessTestCaseMainPhase(TestSuiteExecutor.java:202)
	at com.kms.katalon.core.main.TestSuiteExecutor.accessTestSuiteMainPhase(TestSuiteExecutor.java:164)
	at com.kms.katalon.core.main.TestSuiteExecutor.execute(TestSuiteExecutor.java:105)
	at com.kms.katalon.core.main.TestCaseMain.startTestSuite(TestCaseMain.java:185)
	at com.kms.katalon.core.main.TestCaseMain$startTestSuite$0.call(Unknown Source)
	at TempTestSuite1644598043886.run(TempTestSuite1644598043886.groovy:36)
Caused by: com.kms.katalon.core.exception.StepFailedException: Call Test Case 'Test Cases/StepToReUse/StepTOCopyURLAndAddAnotherTab' failed
	at com.kms.katalon.core.keyword.builtin.CallTestCaseKeyword$_callTestCase_closure1.doCall(CallTestCaseKeyword.groovy:63)
	at com.kms.katalon.core.keyword.builtin.CallTestCaseKeyword$_callTestCase_closure1.call(CallTestCaseKeyword.groovy)
	at com.kms.katalon.core.keyword.internal.KeywordMain.runKeyword(KeywordMain.groovy:74)
	... 18 more
Caused by: com.kms.katalon.core.exception.StepFailedException: Unable to click on object 'Object Repository/Header/Preview/ClickOnPreviewIcon'
	at com.kms.katalon.core.webui.keyword.internal.WebUIKeywordMain.stepFailed(WebUIKeywordMain.groovy:64)
	at com.kms.katalon.core.webui.keyword.internal.WebUIKeywordMain.runKeyword(WebUIKeywordMain.groovy:26)
	at com.kms.katalon.core.webui.keyword.builtin.ClickKeyword.click(ClickKeyword.groovy:74)
	at com.kms.katalon.core.webui.keyword.builtin.ClickKeyword.execute(ClickKeyword.groovy:40)
	at com.kms.katalon.core.keyword.internal.KeywordExecutor.executeKeywordForPlatform(KeywordExecutor.groovy:74)
	at com.kms.katalon.core.webui.keyword.WebUiBuiltInKeywords.click(WebUiBuiltInKeywords.groovy:620)
	at com.kms.katalon.core.webui.keyword.WebUiBuiltInKeywords$click$2.call(Unknown Source)
	at StepTOCopyURLAndAddAnotherTab.run(StepTOCopyURLAndAddAnotherTab:29)
	at com.kms.katalon.core.main.ScriptEngine.run(ScriptEngine.java:194)
	at com.kms.katalon.core.main.ScriptEngine.runScriptAsRawText(ScriptEngine.java:119)
	at com.kms.katalon.core.main.TestCaseExecutor.runScript(TestCaseExecutor.java:442)
	at com.kms.katalon.core.main.TestCaseExecutor.doExecute(TestCaseExecutor.java:433)
	at com.kms.katalon.core.main.TestCaseExecutor.processExecutionPhase(TestCaseExecutor.java:412)
	at com.kms.katalon.core.main.TestCaseExecutor.accessMainPhase(TestCaseExecutor.java:404)
	at com.kms.katalon.core.main.TestCaseExecutor.execute(TestCaseExecutor.java:281)
	at com.kms.katalon.core.main.TestCaseMain.runTestCase(TestCaseMain.java:142)
	at com.kms.katalon.core.keyword.builtin.CallTestCaseKeyword$_callTestCase_closure1.doCall(CallTestCaseKeyword.groovy:59)
	... 20 more
Caused by: com.kms.katalon.core.webui.exception.WebElementNotFoundException: Web element with id: 'Object Repository/Header/Preview/ClickOnPreviewIcon' located by '//span[contains(text(),'Preview')]//parent::a' not found
	at com.kms.katalon.core.webui.common.WebUiCommonHelper.findWebElement(WebUiCommonHelper.java:1370)
	at com.kms.katalon.core.webui.keyword.internal.WebUIAbstractKeyword.findWebElement(WebUIAbstractKeyword.groovy:27)
	at com.kms.katalon.core.webui.keyword.builtin.ClickKeyword$_click_closure1.doCall(ClickKeyword.groovy:65)
	at com.kms.katalon.core.webui.keyword.builtin.ClickKeyword$_click_closure1.call(ClickKeyword.groovy)
	at com.kms.katalon.core.webui.keyword.internal.WebUIKeywordMain.runKeyword(WebUIKeywordMain.groovy:20)
	... 35 more


2022-02-11 22:22:36 - [TEST_STEP][PASSED] - callTestCase(findTestCase("LoginWithSuperAdmin/SuperAdmin-Login"), [:], STOP_ON_FAILURE): Call Test Case 'Test Cases/LoginWithSuperAdmin/SuperAdmin-Login' successfully

2022-02-11 22:22:37 - [TEST_CASE][PASSED] - Test Cases/LoginWithSuperAdmin/SuperAdmin-Login: Test Cases/LoginWithSuperAdmin/SuperAdmin-Login

2022-02-11 22:22:39 - [TEST_STEP][PASSED] - openBrowser(""): Browser is opened with url: ''

2022-02-11 22:22:40 - [MESSAGE][INFO] - Starting 'Chrome' driver

2022-02-11 22:22:40 - [MESSAGE][INFO] - Action delay is set to 3,000 milliseconds

2022-02-11 22:22:45 - [MESSAGE][PASSED] - Browser is opened with url: ''

2022-02-11 22:22:45 - [TEST_STEP][PASSED] - setViewPortSize(1920, 1080): Viewport is set to new size with width = 1920 and height = 1080

2022-02-11 22:22:46 - [MESSAGE][PASSED] - Viewport is set to new size with width = 1920 and height = 1080

2022-02-11 22:22:46 - [TEST_STEP][PASSED] - navigateToUrl(URL): Navigate to 'https://marketplacev1.test-prio.com' successfully

2022-02-11 22:22:52 - [MESSAGE][PASSED] - Navigate to 'https://marketplacev1.test-prio.com' successfully

2022-02-11 22:22:52 - [TEST_STEP][PASSED] - delay(3): Delayed 3 second(s)

2022-02-11 22:22:55 - [MESSAGE][PASSED] - Delayed 3 second(s)

2022-02-11 22:22:55 - [TEST_STEP][PASSED] - click(findTestObject("SuperAdmin/Login/input_Email_contact_email")): Object: 'Object Repository/SuperAdmin/Login/input_Email_contact_email' is clicked on

2022-02-11 22:23:21 - [MESSAGE][PASSED] - Object: 'Object Repository/SuperAdmin/Login/input_Email_contact_email' is clicked on

2022-02-11 22:23:21 - [TEST_STEP][PASSED] - setText(findTestObject("SuperAdmin/Login/input_Email_contact_email"), uname): Text 'superadmin@tippoint.com' is set on object 'Object Repository/SuperAdmin/Login/input_Email_contact_email'

2022-02-11 22:23:28 - [MESSAGE][PASSED] - Text 'superadmin@tippoint.com' is set on object 'Object Repository/SuperAdmin/Login/input_Email_contact_email'

2022-02-11 22:23:28 - [TEST_STEP][PASSED] - setEncryptedText(findTestObject("SuperAdmin/Login/input_Password_password"), Password): Text ****** has been set on object 'Object Repository/SuperAdmin/Login/input_Password_password'

2022-02-11 22:23:35 - [MESSAGE][PASSED] - Text ****** has been set on object 'Object Repository/SuperAdmin/Login/input_Password_password'

2022-02-11 22:23:35 - [TEST_STEP][PASSED] - takeScreenshot(): Taking screenshot successfully

2022-02-11 22:23:36 - [MESSAGE][PASSED] - Taking screenshot successfully
[[ATTACHMENT|D:\\xampp\\htdocs\\training\\Training\\Rattan\\Final_testing\\New_ActivityOverview\\Reports\\20220211_221705\\DetailPop-up-BothSideUrlBasedAndNormal\\20220211_221723\\1644598415441.png]]

2022-02-11 22:23:36 - [TEST_STEP][PASSED] - newpackage.clickUsingJS.clickUsingJS(findTestObject("SuperAdmin/Login/button_Sign in"), 5): newpackage.clickUsingJS.clickUsingJS is PASSED

2022-02-11 22:23:36 - [MESSAGE][PASSED] - newpackage.clickUsingJS.clickUsingJS is PASSED

2022-02-11 22:23:37 - [MESSAGE][PASSED] - Call Test Case 'Test Cases/LoginWithSuperAdmin/SuperAdmin-Login' successfully

2022-02-11 22:23:37 - [TEST_STEP][PASSED] - switchToDefaultContent(): null

2022-02-11 22:23:37 - [TEST_STEP][PASSED] - click(findTestObject("SuperAdminLeftNavigation/NewActivityOverview-LeftNavigation")): Object: 'Object Repository/SuperAdminLeftNavigation/NewActivityOverview-LeftNavigation' is clicked on

2022-02-11 22:23:48 - [MESSAGE][PASSED] - Object: 'Object Repository/SuperAdminLeftNavigation/NewActivityOverview-LeftNavigation' is clicked on

2022-02-11 22:23:48 - [TEST_STEP][PASSED] - takeScreenshot(): Taking screenshot successfully

2022-02-11 22:23:55 - [MESSAGE][PASSED] - Taking screenshot successfully
[[ATTACHMENT|D:\\xampp\\htdocs\\training\\Training\\Rattan\\Final_testing\\New_ActivityOverview\\Reports\\20220211_221705\\DetailPop-up-BothSideUrlBasedAndNormal\\20220211_221723\\1644598428907.png]]

2022-02-11 22:23:55 - [TEST_STEP][PASSED] - switchToFrame(findTestObject("Object Repository/Iframe/NewActivityOverviewIframe"), 5): null

2022-02-11 22:23:56 - [TEST_STEP][PASSED] - delay(10): Delayed 10 second(s)

2022-02-11 22:24:06 - [MESSAGE][PASSED] - Delayed 10 second(s)

2022-02-11 22:24:06 - [TEST_STEP][PASSED] - takeScreenshot(): Taking screenshot successfully

2022-02-11 22:24:07 - [MESSAGE][PASSED] - Taking screenshot successfully
[[ATTACHMENT|D:\\xampp\\htdocs\\training\\Training\\Rattan\\Final_testing\\New_ActivityOverview\\Reports\\20220211_221705\\DetailPop-up-BothSideUrlBasedAndNormal\\20220211_221723\\1644598446630.png]]

2022-02-11 22:24:07 - [TEST_STEP][PASSED] - sizeoflisting = findWebElements(findTestObject("ListingArea/ListingContainsData"), 5).size(): null

2022-02-11 22:24:07 - [TEST_STEP][PASSED] - println(sizeoflisting): null

2022-02-11 22:24:07 - [TEST_STEP][PASSED] - logInfo(Size of Order Listing: $sizeoflisting): Size of Order Listing: 11

2022-02-11 22:24:07 - [MESSAGE][INFO] - Size of Order Listing: 11

2022-02-11 22:24:07 - [TEST_STEP][FAILED] - if (sizeoflisting > 2): Delayed 13 second(s)

2022-02-11 22:24:07 - [TEST_STEP][PASSED] - logInfo("Orders Exist in Listing"): Orders Exist in Listing

2022-02-11 22:24:07 - [MESSAGE][INFO] - Orders Exist in Listing

2022-02-11 22:24:07 - [TEST_STEP][PASSED] - click(findTestObject("Object Repository/OrderPerPage/OrderPerPage_select")): Object: 'Object Repository/OrderPerPage/OrderPerPage_select' is clicked on

2022-02-11 22:24:11 - [MESSAGE][PASSED] - Object: 'Object Repository/OrderPerPage/OrderPerPage_select' is clicked on

2022-02-11 22:24:11 - [TEST_STEP][PASSED] - delay(5): Delayed 5 second(s)

2022-02-11 22:24:16 - [MESSAGE][PASSED] - Delayed 5 second(s)

2022-02-11 22:24:16 - [TEST_STEP][PASSED] - click(findTestObject("Object Repository/OrderPerPage/OrderPerPage-SelectOption")): Object: 'Object Repository/OrderPerPage/OrderPerPage-SelectOption' is clicked on

2022-02-11 22:24:21 - [MESSAGE][PASSED] - Object: 'Object Repository/OrderPerPage/OrderPerPage-SelectOption' is clicked on

2022-02-11 22:24:21 - [TEST_STEP][PASSED] - delay(20): Delayed 20 second(s)

2022-02-11 22:24:41 - [MESSAGE][PASSED] - Delayed 20 second(s)

2022-02-11 22:24:41 - [TEST_STEP][PASSED] - takeScreenshot(): Taking screenshot successfully

2022-02-11 22:24:41 - [MESSAGE][PASSED] - Taking screenshot successfully
[[ATTACHMENT|D:\\xampp\\htdocs\\training\\Training\\Rattan\\Final_testing\\New_ActivityOverview\\Reports\\20220211_221705\\DetailPop-up-BothSideUrlBasedAndNormal\\20220211_221723\\1644598481123.png]]

2022-02-11 22:24:41 - [TEST_STEP][PASSED] - SizeofPagination = getText(findTestObject("Object Repository/PaginationCOunt/PaginationCount")): Text of object 'Object Repository/PaginationCOunt/PaginationCount' is: '100'

2022-02-11 22:24:41 - [MESSAGE][PASSED] - Text of object 'Object Repository/PaginationCOunt/PaginationCount' is: '100'

2022-02-11 22:24:41 - [TEST_STEP][PASSED] - println(SizeofPagination): null

2022-02-11 22:24:41 - [TEST_STEP][PASSED] - paginationmaxcount = Integer.parseInt(SizeofPagination): null

2022-02-11 22:24:41 - [TEST_STEP][PASSED] - paginationmaxcount = 2: null

2022-02-11 22:24:41 - [TEST_STEP][PASSED] - logInfo(Size of Pagination: $paginationmaxcount): Size of Pagination: 2

2022-02-11 22:24:41 - [MESSAGE][INFO] - Size of Pagination: 2

2022-02-11 22:24:41 - [TEST_STEP][PASSED] - totalrecords = 0: null

2022-02-11 22:24:41 - [TEST_STEP][FAILED] - for ([l = 1, l <= paginationmaxcount, (l++)]): Delayed 13 second(s)

2022-02-11 22:24:41 - [TEST_STEP][PASSED] - if (l <= 5): null

2022-02-11 22:24:41 - [TEST_STEP][PASSED] - paginationvalue = l: null

2022-02-11 22:24:41 - [TEST_STEP][PASSED] - if (l > 5): null

2022-02-11 22:24:41 - [TEST_STEP][PASSED] - logInfo(Size of Pagination: $paginationvalue): Size of Pagination: 1

2022-02-11 22:24:41 - [MESSAGE][INFO] - Size of Pagination: 1

2022-02-11 22:24:41 - [TEST_STEP][PASSED] - click(findTestObject("Object Repository/PaginationCOunt/ClickOnPagination", ["pagination":paginationvalue])): Object: 'Object Repository/PaginationCOunt/ClickOnPagination' is clicked on

2022-02-11 22:24:44 - [MESSAGE][PASSED] - Object: 'Object Repository/PaginationCOunt/ClickOnPagination' is clicked on

2022-02-11 22:24:44 - [TEST_STEP][PASSED] - delay(20): Delayed 20 second(s)

2022-02-11 22:25:04 - [MESSAGE][PASSED] - Delayed 20 second(s)

2022-02-11 22:25:04 - [TEST_STEP][PASSED] - takeScreenshot(): Taking screenshot successfully

2022-02-11 22:25:05 - [MESSAGE][PASSED] - Taking screenshot successfully
[[ATTACHMENT|D:\\xampp\\htdocs\\training\\Training\\Rattan\\Final_testing\\New_ActivityOverview\\Reports\\20220211_221705\\DetailPop-up-BothSideUrlBasedAndNormal\\20220211_221723\\1644598505095.png]]

2022-02-11 22:25:05 - [TEST_STEP][PASSED] - RecordsinListing = findWebElements(findTestObject("Object Repository/ListingArea/RecordsInListing"), 5).size(): null

2022-02-11 22:25:05 - [TEST_STEP][PASSED] - logInfo(Size of Active Bookings: $RecordsinListing): Size of Active Bookings: 100

2022-02-11 22:25:05 - [MESSAGE][INFO] - Size of Active Bookings: 100

2022-02-11 22:25:05 - [TEST_STEP][PASSED] - for ([refund = 1, refund < RecordsinListing, (refund++)]): Delayed 13 second(s)

2022-02-11 22:25:05 - [TEST_STEP][PASSED] - if (refund == 1): null

2022-02-11 22:25:05 - [TEST_STEP][PASSED] - refund = RecordsinListing: null

2022-02-11 22:25:05 - [TEST_STEP][PASSED] - refundvalue = refund: null

2022-02-11 22:25:05 - [TEST_STEP][PASSED] - logInfo(Size of refund booking: $refund): Size of refund booking: 100

2022-02-11 22:25:05 - [MESSAGE][INFO] - Size of refund booking: 100

2022-02-11 22:25:05 - [TEST_STEP][PASSED] - scrollToElement(findTestObject("Object Repository/ListingArea/ClickondetailPOp-up", ["position":refund]), 15): Scroll to object 'Object Repository/ListingArea/ClickondetailPOp-up' successfully

2022-02-11 22:25:06 - [MESSAGE][PASSED] - Scroll to object 'Object Repository/ListingArea/ClickondetailPOp-up' successfully

2022-02-11 22:25:06 - [TEST_STEP][PASSED] - takeScreenshot(): Taking screenshot successfully

2022-02-11 22:25:06 - [MESSAGE][PASSED] - Taking screenshot successfully
[[ATTACHMENT|D:\\xampp\\htdocs\\training\\Training\\Rattan\\Final_testing\\New_ActivityOverview\\Reports\\20220211_221705\\DetailPop-up-BothSideUrlBasedAndNormal\\20220211_221723\\1644598506117.png]]

2022-02-11 22:25:06 - [TEST_STEP][PASSED] - orderId = findWebElement(findTestObject("Object Repository/GetOrderID/GetOrderID", ["position":refund])).getAttribute("data-order_id"): null

2022-02-11 22:25:06 - [TEST_STEP][PASSED] - orderId = orderId: null

2022-02-11 22:25:06 - [TEST_STEP][PASSED] - logInfo(Order ID: $orderId): Order ID: 164448172323101

2022-02-11 22:25:06 - [MESSAGE][INFO] - Order ID: 164448172323101

2022-02-11 22:25:06 - [TEST_STEP][PASSED] - click(findTestObject("Object Repository/GetOrderID/GetOrderID", ["position":refund])): Object: 'Object Repository/GetOrderID/GetOrderID' is clicked on

2022-02-11 22:25:10 - [MESSAGE][PASSED] - Object: 'Object Repository/GetOrderID/GetOrderID' is clicked on

2022-02-11 22:25:10 - [TEST_STEP][PASSED] - delay(20): Delayed 20 second(s)

2022-02-11 22:25:30 - [MESSAGE][PASSED] - Delayed 20 second(s)

2022-02-11 22:25:30 - [TEST_STEP][PASSED] - takeScreenshot(): Taking screenshot successfully

2022-02-11 22:25:31 - [MESSAGE][PASSED] - Taking screenshot successfully
[[ATTACHMENT|D:\\xampp\\htdocs\\training\\Training\\Rattan\\Final_testing\\New_ActivityOverview\\Reports\\20220211_221705\\DetailPop-up-BothSideUrlBasedAndNormal\\20220211_221723\\1644598530547.png]]

2022-02-11 22:25:31 - [TEST_STEP][PASSED] - if (waitForElementPresent(findTestObject("Object Repository/DetailPop-up/ExpanSection/ProductInformationExpandedSection-Exist"), 10)): Taking screenshot successfully

2022-02-11 22:25:31 - [MESSAGE][PASSED] - Object 'Object Repository/DetailPop-up/ExpanSection/ProductInformationExpandedSection-Exist' is present

2022-02-11 22:25:31 - [TEST_STEP][PASSED] - logInfo("Product Expanded Section Exist"): Product Expanded Section Exist

2022-02-11 22:25:31 - [MESSAGE][INFO] - Product Expanded Section Exist

2022-02-11 22:25:31 - [TEST_STEP][PASSED] - click(findTestObject("DetailPop-up/ExpanSection/ProductInformationExpandedSection -Exist- ClickOnExpandedView")): Object: 'Object Repository/DetailPop-up/ExpanSection/ProductInformationExpandedSection -Exist- ClickOnExpandedView' is clicked on

2022-02-11 22:25:35 - [MESSAGE][PASSED] - Object: 'Object Repository/DetailPop-up/ExpanSection/ProductInformationExpandedSection -Exist- ClickOnExpandedView' is clicked on

2022-02-11 22:25:35 - [TEST_STEP][PASSED] - delay(3): Delayed 3 second(s)

2022-02-11 22:25:38 - [MESSAGE][PASSED] - Delayed 3 second(s)

2022-02-11 22:25:38 - [TEST_STEP][PASSED] - takeScreenshot(): Taking screenshot successfully

2022-02-11 22:25:38 - [MESSAGE][PASSED] - Taking screenshot successfully
[[ATTACHMENT|D:\\xampp\\htdocs\\training\\Training\\Rattan\\Final_testing\\New_ActivityOverview\\Reports\\20220211_221705\\DetailPop-up-BothSideUrlBasedAndNormal\\20220211_221723\\1644598538512.png]]

2022-02-11 22:25:38 - [TEST_STEP][PASSED] - bookingsize = findWebElements(findTestObject("Object Repository/DetailPop-up/ExpanSection/ProductSectionLength"), 5).size(): null

2022-02-11 22:25:39 - [TEST_STEP][PASSED] - logInfo(Size of Bookings on Product detail Pop-up: $bookingsize): Size of Bookings on Product detail Pop-up: 1

2022-02-11 22:25:39 - [MESSAGE][INFO] - Size of Bookings on Product detail Pop-up: 1

2022-02-11 22:25:39 - [TEST_STEP][PASSED] - for ([looping = 1, looping <= bookingsize, (looping++)]): Object 'Object Repository/DetailPop-up/InformationSection/Details' is not visible after 15 second(s)

2022-02-11 22:25:39 - [TEST_STEP][PASSED] - click(findTestObject("Object Repository/DetailPop-up/ExpanSection/ExpandProductSection", ["position":looping])): Object: 'Object Repository/DetailPop-up/ExpanSection/ExpandProductSection' is clicked on

2022-02-11 22:25:42 - [MESSAGE][PASSED] - Object: 'Object Repository/DetailPop-up/ExpanSection/ExpandProductSection' is clicked on

2022-02-11 22:25:42 - [TEST_STEP][PASSED] - delay(3): Delayed 3 second(s)

2022-02-11 22:25:45 - [MESSAGE][PASSED] - Delayed 3 second(s)

2022-02-11 22:25:45 - [TEST_STEP][PASSED] - takeScreenshot(): Taking screenshot successfully

2022-02-11 22:25:45 - [MESSAGE][PASSED] - Taking screenshot successfully
[[ATTACHMENT|D:\\xampp\\htdocs\\training\\Training\\Rattan\\Final_testing\\New_ActivityOverview\\Reports\\20220211_221705\\DetailPop-up-BothSideUrlBasedAndNormal\\20220211_221723\\1644598545481.png]]

2022-02-11 22:25:45 - [TEST_STEP][PASSED] - if (waitForElementVisible(findTestObject("Object Repository/DetailPop-up/InformationSection/Details", ["position":"1", "position2":"1"]), 15) == true): Taking screenshot successfully

2022-02-11 22:25:46 - [MESSAGE][PASSED] - Object 'Object Repository/DetailPop-up/InformationSection/Details' is visible

2022-02-11 22:25:46 - [TEST_STEP][PASSED] - click(findTestObject("Object Repository/DetailPop-up/InformationSection/Details", ["position":"1", "position2":"1"])): Object: 'Object Repository/DetailPop-up/InformationSection/Details' is clicked on

2022-02-11 22:25:49 - [MESSAGE][PASSED] - Object: 'Object Repository/DetailPop-up/InformationSection/Details' is clicked on

2022-02-11 22:25:49 - [TEST_STEP][PASSED] - delay(3): Delayed 3 second(s)

2022-02-11 22:25:52 - [MESSAGE][PASSED] - Delayed 3 second(s)

2022-02-11 22:25:52 - [TEST_STEP][PASSED] - takeScreenshot(): Taking screenshot successfully

2022-02-11 22:25:53 - [MESSAGE][PASSED] - Taking screenshot successfully
[[ATTACHMENT|D:\\xampp\\htdocs\\training\\Training\\Rattan\\Final_testing\\New_ActivityOverview\\Reports\\20220211_221705\\DetailPop-up-BothSideUrlBasedAndNormal\\20220211_221723\\1644598552885.png]]

2022-02-11 22:25:53 - [TEST_STEP][PASSED] - if (waitForElementVisible(findTestObject("Object Repository/DetailPop-up/InformationSection/Details", ["position":"1", "position2":"2"]), 15) == true): Taking screenshot successfully

2022-02-11 22:25:53 - [MESSAGE][PASSED] - Object 'Object Repository/DetailPop-up/InformationSection/Details' is visible

2022-02-11 22:25:53 - [TEST_STEP][PASSED] - click(findTestObject("Object Repository/DetailPop-up/InformationSection/Details", ["position":"1", "position2":"2"])): Object: 'Object Repository/DetailPop-up/InformationSection/Details' is clicked on

2022-02-11 22:25:56 - [MESSAGE][PASSED] - Object: 'Object Repository/DetailPop-up/InformationSection/Details' is clicked on

2022-02-11 22:25:56 - [TEST_STEP][PASSED] - delay(3): Delayed 3 second(s)

2022-02-11 22:25:59 - [MESSAGE][PASSED] - Delayed 3 second(s)

2022-02-11 22:25:59 - [TEST_STEP][PASSED] - takeScreenshot(): Taking screenshot successfully

2022-02-11 22:26:00 - [MESSAGE][PASSED] - Taking screenshot successfully
[[ATTACHMENT|D:\\xampp\\htdocs\\training\\Training\\Rattan\\Final_testing\\New_ActivityOverview\\Reports\\20220211_221705\\DetailPop-up-BothSideUrlBasedAndNormal\\20220211_221723\\1644598559827.png]]

2022-02-11 22:26:00 - [TEST_STEP][PASSED] - if (waitForElementVisible(findTestObject("Object Repository/DetailPop-up/InformationSection/Details", ["position":"1", "position2":"3"]), 15) == true): Taking screenshot successfully

2022-02-11 22:26:00 - [MESSAGE][PASSED] - Object 'Object Repository/DetailPop-up/InformationSection/Details' is visible

2022-02-11 22:26:00 - [TEST_STEP][PASSED] - click(findTestObject("Object Repository/DetailPop-up/InformationSection/Details", ["position":"1", "position2":"3"])): Object: 'Object Repository/DetailPop-up/InformationSection/Details' is clicked on

2022-02-11 22:26:03 - [MESSAGE][PASSED] - Object: 'Object Repository/DetailPop-up/InformationSection/Details' is clicked on

2022-02-11 22:26:03 - [TEST_STEP][PASSED] - delay(3): Delayed 3 second(s)

2022-02-11 22:26:06 - [MESSAGE][PASSED] - Delayed 3 second(s)

2022-02-11 22:26:06 - [TEST_STEP][PASSED] - takeScreenshot(): Taking screenshot successfully

2022-02-11 22:26:07 - [MESSAGE][PASSED] - Taking screenshot successfully
[[ATTACHMENT|D:\\xampp\\htdocs\\training\\Training\\Rattan\\Final_testing\\New_ActivityOverview\\Reports\\20220211_221705\\DetailPop-up-BothSideUrlBasedAndNormal\\20220211_221723\\1644598566853.png]]

2022-02-11 22:26:07 - [TEST_STEP][PASSED] - if (waitForElementVisible(findTestObject("Object Repository/DetailPop-up/InformationSection/Details", ["position":"1", "position2":"5"]), 15) == true): Taking screenshot successfully

2022-02-11 22:26:07 - [MESSAGE][PASSED] - Object 'Object Repository/DetailPop-up/InformationSection/Details' is visible

2022-02-11 22:26:07 - [TEST_STEP][PASSED] - click(findTestObject("Object Repository/DetailPop-up/InformationSection/Details", ["position":"1", "position2":"5"])): Object: 'Object Repository/DetailPop-up/InformationSection/Details' is clicked on

2022-02-11 22:26:11 - [MESSAGE][PASSED] - Object: 'Object Repository/DetailPop-up/InformationSection/Details' is clicked on

2022-02-11 22:26:11 - [TEST_STEP][PASSED] - delay(3): Delayed 3 second(s)

2022-02-11 22:26:14 - [MESSAGE][PASSED] - Delayed 3 second(s)

2022-02-11 22:26:14 - [TEST_STEP][PASSED] - takeScreenshot(): Taking screenshot successfully

2022-02-11 22:26:14 - [MESSAGE][PASSED] - Taking screenshot successfully
[[ATTACHMENT|D:\\xampp\\htdocs\\training\\Training\\Rattan\\Final_testing\\New_ActivityOverview\\Reports\\20220211_221705\\DetailPop-up-BothSideUrlBasedAndNormal\\20220211_221723\\1644598574299.png]]

2022-02-11 22:26:14 - [TEST_STEP][PASSED] - if (waitForElementVisible(findTestObject("Object Repository/DetailPop-up/InformationSection/Details", ["position":"1", "position2":"4"]), 15) == true): Object 'Object Repository/DetailPop-up/InformationSection/Details' is not visible after 15 second(s)

2022-02-11 22:26:30 - [MESSAGE][WARNING] - Object 'Object Repository/DetailPop-up/InformationSection/Details' is not visible after 15 second(s)

2022-02-11 22:26:30 - [TEST_STEP][PASSED] - if (waitForElementClickable(findTestObject("Object Repository/DetailPop-up/ExpanSection/SubProductList-ClickOnExpandView", ["position":"1"]), 15)): Web element with id: 'Object Repository/DetailPop-up/ExpanSection/SubProductList-ClickOnExpandView' located by '(//div[@class='order-detail-left']//li[@class='order-list order-sub-list confirm hash-link-parent']//i[contains(text(),'expand_more')])[1]' not found

2022-02-11 22:26:46 - [MESSAGE][INFO] - Unable to find the element located by 'By.xpath: (//div[@class='order-detail-left']//li[@class='order-list order-sub-list confirm hash-link-parent']//i[contains(text(),'expand_more')])[1]'. Please recheck the objects properties to make sure the desired element is located. 

2022-02-11 22:26:46 - [MESSAGE][WARNING] - [SELF-HEALING] Failed to find element with id 'Object Repository/DetailPop-up/ExpanSection/SubProductList-ClickOnExpandView'. Try using Self-healing.

2022-02-11 22:26:47 - [MESSAGE][INFO] - [SELF-HEALING] No working XPath is found.

2022-02-11 22:26:48 - [MESSAGE][INFO] - Unable to find the element located by 'By.xpath: '. Please recheck the objects properties to make sure the desired element is located. 

2022-02-11 22:26:48 - [MESSAGE][WARNING] - [SELF-HEALING] Cannot find elements when the selector is null

2022-02-11 22:26:48 - [MESSAGE][WARNING] - Web element with id: 'Object Repository/DetailPop-up/ExpanSection/SubProductList-ClickOnExpandView' located by '(//div[@class='order-detail-left']//li[@class='order-list order-sub-list confirm hash-link-parent']//i[contains(text(),'expand_more')])[1]' not found

2022-02-11 22:26:48 - [TEST_STEP][PASSED] - callTestCase(findTestCase("Test Cases/StepToReUse/StepTOCopyURLAndAddAnotherTab"), [:], CONTINUE_ON_FAILURE): Call Test Case 'Test Cases/StepToReUse/StepTOCopyURLAndAddAnotherTab' successfully

2022-02-11 22:26:48 - [TEST_CASE][PASSED] - Test Cases/StepToReUse/StepTOCopyURLAndAddAnotherTab: Test Cases/StepToReUse/StepTOCopyURLAndAddAnotherTab

2022-02-11 22:26:49 - [TEST_STEP][PASSED] - click(findTestObject("Object Repository/Header/Preview/ClickOnPreviewIcon")): Object: 'Object Repository/Header/Preview/ClickOnPreviewIcon' is clicked on

2022-02-11 22:26:53 - [MESSAGE][PASSED] - Object: 'Object Repository/Header/Preview/ClickOnPreviewIcon' is clicked on

2022-02-11 22:26:53 - [TEST_STEP][PASSED] - delay(10): Delayed 10 second(s)

2022-02-11 22:27:03 - [MESSAGE][PASSED] - Delayed 10 second(s)

2022-02-11 22:27:03 - [TEST_STEP][PASSED] - takeScreenshot(): Taking screenshot successfully

2022-02-11 22:27:03 - [MESSAGE][PASSED] - Taking screenshot successfully
[[ATTACHMENT|D:\\xampp\\htdocs\\training\\Training\\Rattan\\Final_testing\\New_ActivityOverview\\Reports\\20220211_221705\\DetailPop-up-BothSideUrlBasedAndNormal\\20220211_221723\\1644598623087.png]]

2022-02-11 22:27:03 - [TEST_STEP][PASSED] - click(findTestObject("Object Repository/Header/Preview/PrintVoucher")): Object: 'Object Repository/Header/Preview/PrintVoucher' is clicked on

2022-02-11 22:27:06 - [MESSAGE][PASSED] - Object: 'Object Repository/Header/Preview/PrintVoucher' is clicked on

2022-02-11 22:27:06 - [TEST_STEP][PASSED] - delay(10): Delayed 10 second(s)

2022-02-11 22:27:16 - [MESSAGE][PASSED] - Delayed 10 second(s)

2022-02-11 22:27:16 - [TEST_STEP][PASSED] - takeScreenshot(): Taking screenshot successfully

2022-02-11 22:27:19 - [MESSAGE][PASSED] - Taking screenshot successfully
[[ATTACHMENT|D:\\xampp\\htdocs\\training\\Training\\Rattan\\Final_testing\\New_ActivityOverview\\Reports\\20220211_221705\\DetailPop-up-BothSideUrlBasedAndNormal\\20220211_221723\\1644598636595.png]]

2022-02-11 22:27:19 - [TEST_STEP][PASSED] - UrlToClick = findWebElement(findTestObject("Object Repository/Header/CopyUrl/CopyUrl")).getAttribute("data-href_url"): null

2022-02-11 22:27:19 - [TEST_STEP][PASSED] - println(UrlToClick): null

2022-02-11 22:27:19 - [TEST_STEP][PASSED] - ActivityUrl = UrlToClick: null

2022-02-11 22:27:19 - [TEST_STEP][PASSED] - switchToWindowIndex(1): Switched to window with index: '1'

2022-02-11 22:27:19 - [MESSAGE][PASSED] - Switched to window with index: '1'

2022-02-11 22:27:19 - [TEST_STEP][PASSED] - delay(5): Delayed 5 second(s)

2022-02-11 22:27:24 - [MESSAGE][PASSED] - Delayed 5 second(s)

2022-02-11 22:27:24 - [TEST_STEP][PASSED] - navigateToUrl(ActivityUrl): Navigate to 'https://activity.test-prio.com/orders/164448172323101' successfully

2022-02-11 22:27:29 - [MESSAGE][PASSED] - Navigate to 'https://activity.test-prio.com/orders/164448172323101' successfully

2022-02-11 22:27:29 - [TEST_STEP][PASSED] - takeScreenshot(): Taking screenshot successfully

2022-02-11 22:27:34 - [MESSAGE][PASSED] - Taking screenshot successfully
[[ATTACHMENT|D:\\xampp\\htdocs\\training\\Training\\Rattan\\Final_testing\\New_ActivityOverview\\Reports\\20220211_221705\\DetailPop-up-BothSideUrlBasedAndNormal\\20220211_221723\\1644598649952.png]]

2022-02-11 22:27:34 - [TEST_STEP][PASSED] - switchToDefaultContent(): null

2022-02-11 22:27:34 - [MESSAGE][PASSED] - Call Test Case 'Test Cases/StepToReUse/StepTOCopyURLAndAddAnotherTab' successfully

2022-02-11 22:27:34 - [TEST_STEP][PASSED] - callTestCase(findTestCase("Test Cases/NewActivityOverview-LeftNavigation/ActivityOverview-OpenDetailPop-up - CopiedURL"), [:], CONTINUE_ON_FAILURE): Call Test Case 'Test Cases/NewActivityOverview-LeftNavigation/ActivityOverview-OpenDetailPop-up - CopiedURL' successfully

2022-02-11 22:27:34 - [TEST_CASE][PASSED] - Test Cases/NewActivityOverview-LeftNavigation/ActivityOverview-OpenDetailPop-up - CopiedURL: Test Cases/NewActivityOverview-LeftNavigation/ActivityOverview-OpenDetailPop-up - CopiedURL

2022-02-11 22:27:35 - [TEST_STEP][PASSED] - switchToWindowIndex(1): Switched to window with index: '1'

2022-02-11 22:27:35 - [MESSAGE][PASSED] - Switched to window with index: '1'

2022-02-11 22:27:35 - [TEST_STEP][PASSED] - delay(5): Delayed 5 second(s)

2022-02-11 22:27:40 - [MESSAGE][PASSED] - Delayed 5 second(s)

2022-02-11 22:27:40 - [TEST_STEP][PASSED] - navigateToUrl(ActivityUrl): Navigate to 'https://activity.test-prio.com/orders/164448172323101' successfully

2022-02-11 22:27:44 - [MESSAGE][PASSED] - Navigate to 'https://activity.test-prio.com/orders/164448172323101' successfully

2022-02-11 22:27:44 - [TEST_STEP][PASSED] - takeScreenshot(): Taking screenshot successfully

2022-02-11 22:27:47 - [MESSAGE][PASSED] - Taking screenshot successfully
[[ATTACHMENT|D:\\xampp\\htdocs\\training\\Training\\Rattan\\Final_testing\\New_ActivityOverview\\Reports\\20220211_221705\\DetailPop-up-BothSideUrlBasedAndNormal\\20220211_221723\\1644598666932.png]]

2022-02-11 22:27:47 - [TEST_STEP][PASSED] - switchToDefaultContent(): null

2022-02-11 22:27:47 - [TEST_STEP][PASSED] - if (waitForElementPresent(findTestObject("Object Repository/DetailPop-up/ExpanSection/ProductInformationExpandedSection-Exist"), 10)): Object 'Object Repository/DetailPop-up/ExpanSection/ProductInformationExpandedSection-Exist' is not present after 10 second(s)

2022-02-11 22:27:59 - [MESSAGE][INFO] - Unable to find the element located by 'By.xpath: //div[@class='order-detail-left']//li[@class='order-list confirm hash-link-parent active']'. Please recheck the objects properties to make sure the desired element is located. 

2022-02-11 22:27:59 - [MESSAGE][WARNING] - [SELF-HEALING] Failed to find element with id 'Object Repository/DetailPop-up/ExpanSection/ProductInformationExpandedSection-Exist'. Try using Self-healing.

2022-02-11 22:28:00 - [MESSAGE][INFO] - [SELF-HEALING] No working XPath is found.

2022-02-11 22:28:01 - [MESSAGE][INFO] - Unable to find the element located by 'By.xpath: '. Please recheck the objects properties to make sure the desired element is located. 

2022-02-11 22:28:01 - [MESSAGE][WARNING] - [SELF-HEALING] Cannot find elements when the selector is null

2022-02-11 22:28:01 - [MESSAGE][WARNING] - Object 'Object Repository/DetailPop-up/ExpanSection/ProductInformationExpandedSection-Exist' is not present after 10 second(s)

2022-02-11 22:28:01 - [TEST_STEP][PASSED] - bookingsize = findWebElements(findTestObject("Object Repository/DetailPop-up/ExpanSection/ProductSectionLength"), 5).size(): null

2022-02-11 22:28:01 - [TEST_STEP][PASSED] - logInfo(Size of Bookings on Product detail Pop-up: $bookingsize): Size of Bookings on Product detail Pop-up: 1

2022-02-11 22:28:01 - [MESSAGE][INFO] - Size of Bookings on Product detail Pop-up: 1

2022-02-11 22:28:01 - [TEST_STEP][PASSED] - for ([looping = 1, looping <= bookingsize, (looping++)]): Object 'Object Repository/DetailPop-up/InformationSection/Details' is not visible after 15 second(s)

2022-02-11 22:28:01 - [TEST_STEP][PASSED] - click(findTestObject("Object Repository/DetailPop-up/ExpanSection/ExpandProductSection", ["position":looping])): Object: 'Object Repository/DetailPop-up/ExpanSection/ExpandProductSection' is clicked on

2022-02-11 22:28:05 - [MESSAGE][PASSED] - Object: 'Object Repository/DetailPop-up/ExpanSection/ExpandProductSection' is clicked on

2022-02-11 22:28:05 - [TEST_STEP][PASSED] - delay(3): Delayed 3 second(s)

2022-02-11 22:28:08 - [MESSAGE][PASSED] - Delayed 3 second(s)

2022-02-11 22:28:08 - [TEST_STEP][PASSED] - takeScreenshot(): Taking screenshot successfully

2022-02-11 22:28:08 - [MESSAGE][PASSED] - Taking screenshot successfully
[[ATTACHMENT|D:\\xampp\\htdocs\\training\\Training\\Rattan\\Final_testing\\New_ActivityOverview\\Reports\\20220211_221705\\DetailPop-up-BothSideUrlBasedAndNormal\\20220211_221723\\1644598688520.png]]

2022-02-11 22:28:08 - [TEST_STEP][PASSED] - if (waitForElementVisible(findTestObject("Object Repository/DetailPop-up/InformationSection/Details", ["position":"1", "position2":"1"]), 15) == true): Taking screenshot successfully

2022-02-11 22:28:09 - [MESSAGE][PASSED] - Object 'Object Repository/DetailPop-up/InformationSection/Details' is visible

2022-02-11 22:28:09 - [TEST_STEP][PASSED] - click(findTestObject("Object Repository/DetailPop-up/InformationSection/Details", ["position":"1", "position2":"1"])): Object: 'Object Repository/DetailPop-up/InformationSection/Details' is clicked on

2022-02-11 22:28:12 - [MESSAGE][PASSED] - Object: 'Object Repository/DetailPop-up/InformationSection/Details' is clicked on

2022-02-11 22:28:12 - [TEST_STEP][PASSED] - delay(3): Delayed 3 second(s)

2022-02-11 22:28:15 - [MESSAGE][PASSED] - Delayed 3 second(s)

2022-02-11 22:28:15 - [TEST_STEP][PASSED] - takeScreenshot(): Taking screenshot successfully

2022-02-11 22:28:16 - [MESSAGE][PASSED] - Taking screenshot successfully
[[ATTACHMENT|D:\\xampp\\htdocs\\training\\Training\\Rattan\\Final_testing\\New_ActivityOverview\\Reports\\20220211_221705\\DetailPop-up-BothSideUrlBasedAndNormal\\20220211_221723\\1644598695848.png]]

2022-02-11 22:28:16 - [TEST_STEP][PASSED] - if (waitForElementVisible(findTestObject("Object Repository/DetailPop-up/InformationSection/Details", ["position":"1", "position2":"2"]), 15) == true): Taking screenshot successfully

2022-02-11 22:28:16 - [MESSAGE][PASSED] - Object 'Object Repository/DetailPop-up/InformationSection/Details' is visible

2022-02-11 22:28:16 - [TEST_STEP][PASSED] - click(findTestObject("Object Repository/DetailPop-up/InformationSection/Details", ["position":"1", "position2":"2"])): Object: 'Object Repository/DetailPop-up/InformationSection/Details' is clicked on

2022-02-11 22:28:19 - [MESSAGE][PASSED] - Object: 'Object Repository/DetailPop-up/InformationSection/Details' is clicked on

2022-02-11 22:28:19 - [TEST_STEP][PASSED] - delay(3): Delayed 3 second(s)

2022-02-11 22:28:23 - [MESSAGE][PASSED] - Delayed 3 second(s)

2022-02-11 22:28:23 - [TEST_STEP][PASSED] - takeScreenshot(): Taking screenshot successfully

2022-02-11 22:28:23 - [MESSAGE][PASSED] - Taking screenshot successfully
[[ATTACHMENT|D:\\xampp\\htdocs\\training\\Training\\Rattan\\Final_testing\\New_ActivityOverview\\Reports\\20220211_221705\\DetailPop-up-BothSideUrlBasedAndNormal\\20220211_221723\\1644598703254.png]]

2022-02-11 22:28:23 - [TEST_STEP][PASSED] - if (waitForElementVisible(findTestObject("Object Repository/DetailPop-up/InformationSection/Details", ["position":"1", "position2":"3"]), 15) == true): Taking screenshot successfully

2022-02-11 22:28:23 - [MESSAGE][PASSED] - Object 'Object Repository/DetailPop-up/InformationSection/Details' is visible

2022-02-11 22:28:23 - [TEST_STEP][PASSED] - click(findTestObject("Object Repository/DetailPop-up/InformationSection/Details", ["position":"1", "position2":"3"])): Object: 'Object Repository/DetailPop-up/InformationSection/Details' is clicked on

2022-02-11 22:28:27 - [MESSAGE][PASSED] - Object: 'Object Repository/DetailPop-up/InformationSection/Details' is clicked on

2022-02-11 22:28:27 - [TEST_STEP][PASSED] - delay(3): Delayed 3 second(s)

2022-02-11 22:28:30 - [MESSAGE][PASSED] - Delayed 3 second(s)

2022-02-11 22:28:30 - [TEST_STEP][PASSED] - takeScreenshot(): Taking screenshot successfully

2022-02-11 22:28:30 - [MESSAGE][PASSED] - Taking screenshot successfully
[[ATTACHMENT|D:\\xampp\\htdocs\\training\\Training\\Rattan\\Final_testing\\New_ActivityOverview\\Reports\\20220211_221705\\DetailPop-up-BothSideUrlBasedAndNormal\\20220211_221723\\1644598710515.png]]

2022-02-11 22:28:30 - [TEST_STEP][PASSED] - if (waitForElementVisible(findTestObject("Object Repository/DetailPop-up/InformationSection/Details", ["position":"1", "position2":"5"]), 15) == true): Taking screenshot successfully

2022-02-11 22:28:31 - [MESSAGE][PASSED] - Object 'Object Repository/DetailPop-up/InformationSection/Details' is visible

2022-02-11 22:28:31 - [TEST_STEP][PASSED] - click(findTestObject("Object Repository/DetailPop-up/InformationSection/Details", ["position":"1", "position2":"5"])): Object: 'Object Repository/DetailPop-up/InformationSection/Details' is clicked on

2022-02-11 22:28:34 - [MESSAGE][PASSED] - Object: 'Object Repository/DetailPop-up/InformationSection/Details' is clicked on

2022-02-11 22:28:34 - [TEST_STEP][PASSED] - delay(3): Delayed 3 second(s)

2022-02-11 22:28:37 - [MESSAGE][PASSED] - Delayed 3 second(s)

2022-02-11 22:28:37 - [TEST_STEP][PASSED] - takeScreenshot(): Taking screenshot successfully

2022-02-11 22:28:37 - [MESSAGE][PASSED] - Taking screenshot successfully
[[ATTACHMENT|D:\\xampp\\htdocs\\training\\Training\\Rattan\\Final_testing\\New_ActivityOverview\\Reports\\20220211_221705\\DetailPop-up-BothSideUrlBasedAndNormal\\20220211_221723\\1644598717791.png]]

2022-02-11 22:28:37 - [TEST_STEP][PASSED] - if (waitForElementVisible(findTestObject("Object Repository/DetailPop-up/InformationSection/Details", ["position":"1", "position2":"4"]), 15) == true): Object 'Object Repository/DetailPop-up/InformationSection/Details' is not visible after 15 second(s)

2022-02-11 22:28:53 - [MESSAGE][WARNING] - Object 'Object Repository/DetailPop-up/InformationSection/Details' is not visible after 15 second(s)

2022-02-11 22:28:53 - [TEST_STEP][PASSED] - if (waitForElementClickable(findTestObject("Object Repository/DetailPop-up/ExpanSection/SubProductList-ClickOnExpandView", ["position":"1"]), 15)): null

2022-02-11 22:28:53 - [MESSAGE][PASSED] - Object 'Object Repository/DetailPop-up/ExpanSection/SubProductList-ClickOnExpandView' is clickable

2022-02-11 22:28:53 - [TEST_STEP][PASSED] - SubProductsInBookingSize = findWebElements(findTestObject("Object Repository/DetailPop-up/ExpanSection/SubProductListLength"), 5).size(): null

2022-02-11 22:28:54 - [TEST_STEP][PASSED] - logInfo(Size of Bookings on Product detail Pop-up: $SubProductsInBookingSize): Size of Bookings on Product detail Pop-up: 2

2022-02-11 22:28:54 - [MESSAGE][INFO] - Size of Bookings on Product detail Pop-up: 2

2022-02-11 22:28:54 - [TEST_STEP][PASSED] - for ([sublooping = 80, sublooping < SubProductsInBookingSize, (sublooping++)]): null

2022-02-11 22:28:54 - [MESSAGE][PASSED] - Call Test Case 'Test Cases/NewActivityOverview-LeftNavigation/ActivityOverview-OpenDetailPop-up - CopiedURL' successfully

2022-02-11 22:28:54 - [TEST_STEP][PASSED] - switchToWindowIndex(0): Switched to window with index: '0'

2022-02-11 22:28:54 - [MESSAGE][PASSED] - Switched to window with index: '0'

2022-02-11 22:28:54 - [TEST_STEP][PASSED] - delay(13): Delayed 13 second(s)

2022-02-11 22:29:07 - [MESSAGE][PASSED] - Delayed 13 second(s)

2022-02-11 22:29:07 - [TEST_STEP][PASSED] - switchToFrame(findTestObject("Object Repository/Iframe/NewActivityOverviewIframe"), 5): null

2022-02-11 22:29:07 - [TEST_STEP][PASSED] - click(findTestObject("Object Repository/DetailPop-up/Backbutton/BackButtonToListing")): Object: 'Object Repository/DetailPop-up/Backbutton/BackButtonToListing' is clicked on

2022-02-11 22:29:11 - [MESSAGE][PASSED] - Object: 'Object Repository/DetailPop-up/Backbutton/BackButtonToListing' is clicked on

2022-02-11 22:29:11 - [TEST_STEP][PASSED] - delay(13): Delayed 13 second(s)

2022-02-11 22:29:24 - [MESSAGE][PASSED] - Delayed 13 second(s)

2022-02-11 22:29:24 - [TEST_STEP][PASSED] - if (l <= 5): null

2022-02-11 22:29:24 - [TEST_STEP][PASSED] - paginationvalue = l: null

2022-02-11 22:29:24 - [TEST_STEP][PASSED] - if (l > 5): null

2022-02-11 22:29:24 - [TEST_STEP][PASSED] - logInfo(Size of Pagination: $paginationvalue): Size of Pagination: 2

2022-02-11 22:29:24 - [MESSAGE][INFO] - Size of Pagination: 2

2022-02-11 22:29:24 - [TEST_STEP][PASSED] - click(findTestObject("Object Repository/PaginationCOunt/ClickOnPagination", ["pagination":paginationvalue])): Object: 'Object Repository/PaginationCOunt/ClickOnPagination' is clicked on

2022-02-11 22:29:27 - [MESSAGE][PASSED] - Object: 'Object Repository/PaginationCOunt/ClickOnPagination' is clicked on

2022-02-11 22:29:27 - [TEST_STEP][PASSED] - delay(20): Delayed 20 second(s)

2022-02-11 22:29:47 - [MESSAGE][PASSED] - Delayed 20 second(s)

2022-02-11 22:29:47 - [TEST_STEP][PASSED] - takeScreenshot(): Taking screenshot successfully

2022-02-11 22:29:47 - [MESSAGE][PASSED] - Taking screenshot successfully
[[ATTACHMENT|D:\\xampp\\htdocs\\training\\Training\\Rattan\\Final_testing\\New_ActivityOverview\\Reports\\20220211_221705\\DetailPop-up-BothSideUrlBasedAndNormal\\20220211_221723\\1644598787548.png]]

2022-02-11 22:29:47 - [TEST_STEP][PASSED] - RecordsinListing = findWebElements(findTestObject("Object Repository/ListingArea/RecordsInListing"), 5).size(): null

2022-02-11 22:29:47 - [TEST_STEP][PASSED] - logInfo(Size of Active Bookings: $RecordsinListing): Size of Active Bookings: 100

2022-02-11 22:29:47 - [MESSAGE][INFO] - Size of Active Bookings: 100

2022-02-11 22:29:47 - [TEST_STEP][FAILED] - for ([refund = 1, refund < RecordsinListing, (refund++)]): Delayed 13 second(s)

2022-02-11 22:29:47 - [TEST_STEP][PASSED] - if (refund == 1): null

2022-02-11 22:29:47 - [TEST_STEP][PASSED] - refund = RecordsinListing: null

2022-02-11 22:29:47 - [TEST_STEP][PASSED] - refundvalue = refund: null

2022-02-11 22:29:47 - [TEST_STEP][PASSED] - logInfo(Size of refund booking: $refund): Size of refund booking: 100

2022-02-11 22:29:47 - [MESSAGE][INFO] - Size of refund booking: 100

2022-02-11 22:29:47 - [TEST_STEP][PASSED] - scrollToElement(findTestObject("Object Repository/ListingArea/ClickondetailPOp-up", ["position":refund]), 15): Scroll to object 'Object Repository/ListingArea/ClickondetailPOp-up' successfully

2022-02-11 22:29:48 - [MESSAGE][PASSED] - Scroll to object 'Object Repository/ListingArea/ClickondetailPOp-up' successfully

2022-02-11 22:29:48 - [TEST_STEP][PASSED] - takeScreenshot(): Taking screenshot successfully

2022-02-11 22:29:48 - [MESSAGE][PASSED] - Taking screenshot successfully
[[ATTACHMENT|D:\\xampp\\htdocs\\training\\Training\\Rattan\\Final_testing\\New_ActivityOverview\\Reports\\20220211_221705\\DetailPop-up-BothSideUrlBasedAndNormal\\20220211_221723\\1644598788429.png]]

2022-02-11 22:29:48 - [TEST_STEP][PASSED] - orderId = findWebElement(findTestObject("Object Repository/GetOrderID/GetOrderID", ["position":refund])).getAttribute("data-order_id"): null

2022-02-11 22:29:49 - [TEST_STEP][PASSED] - orderId = orderId: null

2022-02-11 22:29:49 - [TEST_STEP][PASSED] - logInfo(Order ID: $orderId): Order ID: 164439921876565

2022-02-11 22:29:49 - [MESSAGE][INFO] - Order ID: 164439921876565

2022-02-11 22:29:49 - [TEST_STEP][PASSED] - click(findTestObject("Object Repository/GetOrderID/GetOrderID", ["position":refund])): Object: 'Object Repository/GetOrderID/GetOrderID' is clicked on

2022-02-11 22:29:52 - [MESSAGE][PASSED] - Object: 'Object Repository/GetOrderID/GetOrderID' is clicked on

2022-02-11 22:29:52 - [TEST_STEP][PASSED] - delay(20): Delayed 20 second(s)

2022-02-11 22:30:12 - [MESSAGE][PASSED] - Delayed 20 second(s)

2022-02-11 22:30:12 - [TEST_STEP][PASSED] - takeScreenshot(): Taking screenshot successfully

2022-02-11 22:30:12 - [MESSAGE][PASSED] - Taking screenshot successfully
[[ATTACHMENT|D:\\xampp\\htdocs\\training\\Training\\Rattan\\Final_testing\\New_ActivityOverview\\Reports\\20220211_221705\\DetailPop-up-BothSideUrlBasedAndNormal\\20220211_221723\\1644598812703.png]]

2022-02-11 22:30:12 - [TEST_STEP][PASSED] - if (waitForElementPresent(findTestObject("Object Repository/DetailPop-up/ExpanSection/ProductInformationExpandedSection-Exist"), 10)): Object 'Object Repository/DetailPop-up/ExpanSection/ProductInformationExpandedSection-Exist' is not present after 10 second(s)

2022-02-11 22:30:23 - [MESSAGE][INFO] - Unable to find the element located by 'By.xpath: //div[@class='order-detail-left']//li[@class='order-list confirm hash-link-parent active']'. Please recheck the objects properties to make sure the desired element is located. 

2022-02-11 22:30:23 - [MESSAGE][WARNING] - [SELF-HEALING] Failed to find element with id 'Object Repository/DetailPop-up/ExpanSection/ProductInformationExpandedSection-Exist'. Try using Self-healing.

2022-02-11 22:30:24 - [MESSAGE][INFO] - [SELF-HEALING] No working XPath is found.

2022-02-11 22:30:25 - [MESSAGE][INFO] - Unable to find the element located by 'By.xpath: '. Please recheck the objects properties to make sure the desired element is located. 

2022-02-11 22:30:25 - [MESSAGE][WARNING] - [SELF-HEALING] Cannot find elements when the selector is null

2022-02-11 22:30:25 - [MESSAGE][WARNING] - Object 'Object Repository/DetailPop-up/ExpanSection/ProductInformationExpandedSection-Exist' is not present after 10 second(s)

2022-02-11 22:30:25 - [TEST_STEP][PASSED] - bookingsize = findWebElements(findTestObject("Object Repository/DetailPop-up/ExpanSection/ProductSectionLength"), 5).size(): [SELF-HEALING] Cannot find elements when the selector is null

2022-02-11 22:30:32 - [MESSAGE][INFO] - Unable to find the element located by 'By.xpath: //div[@class='order-detail-left']//li[@class='order-list confirm hash-link-parent']'. Please recheck the objects properties to make sure the desired element is located. 

2022-02-11 22:30:32 - [MESSAGE][WARNING] - [SELF-HEALING] Failed to find element with id 'Object Repository/DetailPop-up/ExpanSection/ProductSectionLength'. Try using Self-healing.

2022-02-11 22:30:33 - [MESSAGE][INFO] - [SELF-HEALING] No working XPath is found.

2022-02-11 22:30:34 - [MESSAGE][INFO] - Unable to find the element located by 'By.xpath: '. Please recheck the objects properties to make sure the desired element is located. 

2022-02-11 22:30:34 - [MESSAGE][WARNING] - [SELF-HEALING] Cannot find elements when the selector is null

2022-02-11 22:30:34 - [TEST_STEP][PASSED] - logInfo(Size of Bookings on Product detail Pop-up: $bookingsize): Size of Bookings on Product detail Pop-up: 0

2022-02-11 22:30:34 - [MESSAGE][INFO] - Size of Bookings on Product detail Pop-up: 0

2022-02-11 22:30:34 - [TEST_STEP][PASSED] - for ([looping = 1, looping <= bookingsize, (looping++)]): null

2022-02-11 22:30:34 - [TEST_STEP][PASSED] - if (waitForElementClickable(findTestObject("Object Repository/DetailPop-up/ExpanSection/SubProductList-ClickOnExpandView", ["position":"1"]), 15)): Web element with id: 'Object Repository/DetailPop-up/ExpanSection/SubProductList-ClickOnExpandView' located by '(//div[@class='order-detail-left']//li[@class='order-list order-sub-list confirm hash-link-parent']//i[contains(text(),'expand_more')])[1]' not found

2022-02-11 22:30:50 - [MESSAGE][INFO] - Unable to find the element located by 'By.xpath: (//div[@class='order-detail-left']//li[@class='order-list order-sub-list confirm hash-link-parent']//i[contains(text(),'expand_more')])[1]'. Please recheck the objects properties to make sure the desired element is located. 

2022-02-11 22:30:50 - [MESSAGE][WARNING] - [SELF-HEALING] Failed to find element with id 'Object Repository/DetailPop-up/ExpanSection/SubProductList-ClickOnExpandView'. Try using Self-healing.

2022-02-11 22:30:51 - [MESSAGE][INFO] - [SELF-HEALING] No working XPath is found.

2022-02-11 22:30:52 - [MESSAGE][INFO] - Unable to find the element located by 'By.xpath: '. Please recheck the objects properties to make sure the desired element is located. 

2022-02-11 22:30:52 - [MESSAGE][WARNING] - [SELF-HEALING] Cannot find elements when the selector is null

2022-02-11 22:30:52 - [MESSAGE][WARNING] - Web element with id: 'Object Repository/DetailPop-up/ExpanSection/SubProductList-ClickOnExpandView' located by '(//div[@class='order-detail-left']//li[@class='order-list order-sub-list confirm hash-link-parent']//i[contains(text(),'expand_more')])[1]' not found

2022-02-11 22:30:52 - [TEST_STEP][FAILED] - callTestCase(findTestCase("Test Cases/StepToReUse/StepTOCopyURLAndAddAnotherTab"), [:], CONTINUE_ON_FAILURE): Unable to call Test Case 'Test Cases/StepToReUse/StepTOCopyURLAndAddAnotherTab' (Root cause: com.kms.katalon.core.exception.StepFailedException: Call Test Case 'Test Cases/StepToReUse/StepTOCopyURLAndAddAnotherTab' failed
	at com.kms.katalon.core.keyword.builtin.CallTestCaseKeyword$_callTestCase_closure1.doCall(CallTestCaseKeyword.groovy:63)
	at com.kms.katalon.core.keyword.builtin.CallTestCaseKeyword$_callTestCase_closure1.call(CallTestCaseKeyword.groovy)
	at com.kms.katalon.core.keyword.internal.KeywordMain.runKeyword(KeywordMain.groovy:74)
	at com.kms.katalon.core.keyword.builtin.CallTestCaseKeyword.callTestCase(CallTestCaseKeyword.groovy:81)
	at com.kms.katalon.core.keyword.builtin.CallTestCaseKeyword.execute(CallTestCaseKeyword.groovy:44)
	at com.kms.katalon.core.keyword.internal.KeywordExecutor.executeKeywordForPlatform(KeywordExecutor.groovy:74)
	at com.kms.katalon.core.keyword.BuiltinKeywords.callTestCase(BuiltinKeywords.groovy:334)
	at ActivityOverview-OpenDetailPop-up.run(ActivityOverview-OpenDetailPop-up:226)
	at com.kms.katalon.core.main.ScriptEngine.run(ScriptEngine.java:194)
	at com.kms.katalon.core.main.ScriptEngine.runScriptAsRawText(ScriptEngine.java:119)
	at com.kms.katalon.core.main.TestCaseExecutor.runScript(TestCaseExecutor.java:442)
	at com.kms.katalon.core.main.TestCaseExecutor.doExecute(TestCaseExecutor.java:433)
	at com.kms.katalon.core.main.TestCaseExecutor.processExecutionPhase(TestCaseExecutor.java:412)
	at com.kms.katalon.core.main.TestCaseExecutor.accessMainPhase(TestCaseExecutor.java:404)
	at com.kms.katalon.core.main.TestCaseExecutor.execute(TestCaseExecutor.java:281)
	at com.kms.katalon.core.main.TestSuiteExecutor.accessTestCaseMainPhase(TestSuiteExecutor.java:202)
	at com.kms.katalon.core.main.TestSuiteExecutor.accessTestSuiteMainPhase(TestSuiteExecutor.java:164)
	at com.kms.katalon.core.main.TestSuiteExecutor.execute(TestSuiteExecutor.java:105)
	at com.kms.katalon.core.main.TestCaseMain.startTestSuite(TestCaseMain.java:185)
	at com.kms.katalon.core.main.TestCaseMain$startTestSuite$0.call(Unknown Source)
	at TempTestSuite1644598043886.run(TempTestSuite1644598043886.groovy:36)
Caused by: com.kms.katalon.core.exception.StepFailedException: Unable to click on object 'Object Repository/Header/Preview/ClickOnPreviewIcon'
	at com.kms.katalon.core.webui.keyword.internal.WebUIKeywordMain.stepFailed(WebUIKeywordMain.groovy:64)
	at com.kms.katalon.core.webui.keyword.internal.WebUIKeywordMain.runKeyword(WebUIKeywordMain.groovy:26)
	at com.kms.katalon.core.webui.keyword.builtin.ClickKeyword.click(ClickKeyword.groovy:74)
	at com.kms.katalon.core.webui.keyword.builtin.ClickKeyword.execute(ClickKeyword.groovy:40)
	at com.kms.katalon.core.keyword.internal.KeywordExecutor.executeKeywordForPlatform(KeywordExecutor.groovy:74)
	at com.kms.katalon.core.webui.keyword.WebUiBuiltInKeywords.click(WebUiBuiltInKeywords.groovy:620)
	at com.kms.katalon.core.webui.keyword.WebUiBuiltInKeywords$click$2.call(Unknown Source)
	at StepTOCopyURLAndAddAnotherTab.run(StepTOCopyURLAndAddAnotherTab:29)
	at com.kms.katalon.core.main.ScriptEngine.run(ScriptEngine.java:194)
	at com.kms.katalon.core.main.ScriptEngine.runScriptAsRawText(ScriptEngine.java:119)
	at com.kms.katalon.core.main.TestCaseExecutor.runScript(TestCaseExecutor.java:442)
	at com.kms.katalon.core.main.TestCaseExecutor.doExecute(TestCaseExecutor.java:433)
	at com.kms.katalon.core.main.TestCaseExecutor.processExecutionPhase(TestCaseExecutor.java:412)
	at com.kms.katalon.core.main.TestCaseExecutor.accessMainPhase(TestCaseExecutor.java:404)
	at com.kms.katalon.core.main.TestCaseExecutor.execute(TestCaseExecutor.java:281)
	at com.kms.katalon.core.main.TestCaseMain.runTestCase(TestCaseMain.java:142)
	at com.kms.katalon.core.keyword.builtin.CallTestCaseKeyword$_callTestCase_closure1.doCall(CallTestCaseKeyword.groovy:59)
	... 20 more
Caused by: com.kms.katalon.core.webui.exception.WebElementNotFoundException: Web element with id: 'Object Repository/Header/Preview/ClickOnPreviewIcon' located by '//span[contains(text(),'Preview')]//parent::a' not found
	at com.kms.katalon.core.webui.common.WebUiCommonHelper.findWebElement(WebUiCommonHelper.java:1370)
	at com.kms.katalon.core.webui.keyword.internal.WebUIAbstractKeyword.findWebElement(WebUIAbstractKeyword.groovy:27)
	at com.kms.katalon.core.webui.keyword.builtin.ClickKeyword$_click_closure1.doCall(ClickKeyword.groovy:65)
	at com.kms.katalon.core.webui.keyword.builtin.ClickKeyword$_click_closure1.call(ClickKeyword.groovy)
	at com.kms.katalon.core.webui.keyword.internal.WebUIKeywordMain.runKeyword(WebUIKeywordMain.groovy:20)
	... 35 more
)

2022-02-11 22:30:52 - [TEST_CASE][FAILED] - Test Cases/StepToReUse/StepTOCopyURLAndAddAnotherTab: Test Cases/StepToReUse/StepTOCopyURLAndAddAnotherTab FAILED.
Reason:
com.kms.katalon.core.exception.StepFailedException: Unable to click on object 'Object Repository/Header/Preview/ClickOnPreviewIcon'
	at com.kms.katalon.core.webui.keyword.internal.WebUIKeywordMain.stepFailed(WebUIKeywordMain.groovy:64)
	at com.kms.katalon.core.webui.keyword.internal.WebUIKeywordMain.runKeyword(WebUIKeywordMain.groovy:26)
	at com.kms.katalon.core.webui.keyword.builtin.ClickKeyword.click(ClickKeyword.groovy:74)
	at com.kms.katalon.core.webui.keyword.builtin.ClickKeyword.execute(ClickKeyword.groovy:40)
	at com.kms.katalon.core.keyword.internal.KeywordExecutor.executeKeywordForPlatform(KeywordExecutor.groovy:74)
	at com.kms.katalon.core.webui.keyword.WebUiBuiltInKeywords.click(WebUiBuiltInKeywords.groovy:620)
	at com.kms.katalon.core.webui.keyword.WebUiBuiltInKeywords$click$2.call(Unknown Source)
	at StepTOCopyURLAndAddAnotherTab.run(StepTOCopyURLAndAddAnotherTab:29)
	at com.kms.katalon.core.main.ScriptEngine.run(ScriptEngine.java:194)
	at com.kms.katalon.core.main.ScriptEngine.runScriptAsRawText(ScriptEngine.java:119)
	at com.kms.katalon.core.main.TestCaseExecutor.runScript(TestCaseExecutor.java:442)
	at com.kms.katalon.core.main.TestCaseExecutor.doExecute(TestCaseExecutor.java:433)
	at com.kms.katalon.core.main.TestCaseExecutor.processExecutionPhase(TestCaseExecutor.java:412)
	at com.kms.katalon.core.main.TestCaseExecutor.accessMainPhase(TestCaseExecutor.java:404)
	at com.kms.katalon.core.main.TestCaseExecutor.execute(TestCaseExecutor.java:281)
	at com.kms.katalon.core.main.TestCaseMain.runTestCase(TestCaseMain.java:142)
	at com.kms.katalon.core.keyword.builtin.CallTestCaseKeyword$_callTestCase_closure1.doCall(CallTestCaseKeyword.groovy:59)
	at com.kms.katalon.core.keyword.builtin.CallTestCaseKeyword$_callTestCase_closure1.call(CallTestCaseKeyword.groovy)
	at com.kms.katalon.core.keyword.internal.KeywordMain.runKeyword(KeywordMain.groovy:74)
	at com.kms.katalon.core.keyword.builtin.CallTestCaseKeyword.callTestCase(CallTestCaseKeyword.groovy:81)
	at com.kms.katalon.core.keyword.builtin.CallTestCaseKeyword.execute(CallTestCaseKeyword.groovy:44)
	at com.kms.katalon.core.keyword.internal.KeywordExecutor.executeKeywordForPlatform(KeywordExecutor.groovy:74)
	at com.kms.katalon.core.keyword.BuiltinKeywords.callTestCase(BuiltinKeywords.groovy:334)
	at ActivityOverview-OpenDetailPop-up.run(ActivityOverview-OpenDetailPop-up:226)
	at com.kms.katalon.core.main.ScriptEngine.run(ScriptEngine.java:194)
	at com.kms.katalon.core.main.ScriptEngine.runScriptAsRawText(ScriptEngine.java:119)
	at com.kms.katalon.core.main.TestCaseExecutor.runScript(TestCaseExecutor.java:442)
	at com.kms.katalon.core.main.TestCaseExecutor.doExecute(TestCaseExecutor.java:433)
	at com.kms.katalon.core.main.TestCaseExecutor.processExecutionPhase(TestCaseExecutor.java:412)
	at com.kms.katalon.core.main.TestCaseExecutor.accessMainPhase(TestCaseExecutor.java:404)
	at com.kms.katalon.core.main.TestCaseExecutor.execute(TestCaseExecutor.java:281)
	at com.kms.katalon.core.main.TestSuiteExecutor.accessTestCaseMainPhase(TestSuiteExecutor.java:202)
	at com.kms.katalon.core.main.TestSuiteExecutor.accessTestSuiteMainPhase(TestSuiteExecutor.java:164)
	at com.kms.katalon.core.main.TestSuiteExecutor.execute(TestSuiteExecutor.java:105)
	at com.kms.katalon.core.main.TestCaseMain.startTestSuite(TestCaseMain.java:185)
	at com.kms.katalon.core.main.TestCaseMain$startTestSuite$0.call(Unknown Source)
	at TempTestSuite1644598043886.run(TempTestSuite1644598043886.groovy:36)
Caused by: com.kms.katalon.core.webui.exception.WebElementNotFoundException: Web element with id: 'Object Repository/Header/Preview/ClickOnPreviewIcon' located by '//span[contains(text(),'Preview')]//parent::a' not found
	at com.kms.katalon.core.webui.common.WebUiCommonHelper.findWebElement(WebUiCommonHelper.java:1370)
	at com.kms.katalon.core.webui.keyword.internal.WebUIAbstractKeyword.findWebElement(WebUIAbstractKeyword.groovy:27)
	at com.kms.katalon.core.webui.keyword.builtin.ClickKeyword$_click_closure1.doCall(ClickKeyword.groovy:65)
	at com.kms.katalon.core.webui.keyword.builtin.ClickKeyword$_click_closure1.call(ClickKeyword.groovy)
	at com.kms.katalon.core.webui.keyword.internal.WebUIKeywordMain.runKeyword(WebUIKeywordMain.groovy:20)
	... 35 more


2022-02-11 22:30:52 - [TEST_STEP][FAILED] - click(findTestObject("Object Repository/Header/Preview/ClickOnPreviewIcon")): Unable to click on object 'Object Repository/Header/Preview/ClickOnPreviewIcon' (Root cause: com.kms.katalon.core.exception.StepFailedException: Unable to click on object 'Object Repository/Header/Preview/ClickOnPreviewIcon'
	at com.kms.katalon.core.webui.keyword.internal.WebUIKeywordMain.stepFailed(WebUIKeywordMain.groovy:64)
	at com.kms.katalon.core.webui.keyword.internal.WebUIKeywordMain.runKeyword(WebUIKeywordMain.groovy:26)
	at com.kms.katalon.core.webui.keyword.builtin.ClickKeyword.click(ClickKeyword.groovy:74)
	at com.kms.katalon.core.webui.keyword.builtin.ClickKeyword.execute(ClickKeyword.groovy:40)
	at com.kms.katalon.core.keyword.internal.KeywordExecutor.executeKeywordForPlatform(KeywordExecutor.groovy:74)
	at com.kms.katalon.core.webui.keyword.WebUiBuiltInKeywords.click(WebUiBuiltInKeywords.groovy:620)
	at com.kms.katalon.core.webui.keyword.WebUiBuiltInKeywords$click$2.call(Unknown Source)
	at StepTOCopyURLAndAddAnotherTab.run(StepTOCopyURLAndAddAnotherTab:29)
	at com.kms.katalon.core.main.ScriptEngine.run(ScriptEngine.java:194)
	at com.kms.katalon.core.main.ScriptEngine.runScriptAsRawText(ScriptEngine.java:119)
	at com.kms.katalon.core.main.TestCaseExecutor.runScript(TestCaseExecutor.java:442)
	at com.kms.katalon.core.main.TestCaseExecutor.doExecute(TestCaseExecutor.java:433)
	at com.kms.katalon.core.main.TestCaseExecutor.processExecutionPhase(TestCaseExecutor.java:412)
	at com.kms.katalon.core.main.TestCaseExecutor.accessMainPhase(TestCaseExecutor.java:404)
	at com.kms.katalon.core.main.TestCaseExecutor.execute(TestCaseExecutor.java:281)
	at com.kms.katalon.core.main.TestCaseMain.runTestCase(TestCaseMain.java:142)
	at com.kms.katalon.core.keyword.builtin.CallTestCaseKeyword$_callTestCase_closure1.doCall(CallTestCaseKeyword.groovy:59)
	at com.kms.katalon.core.keyword.builtin.CallTestCaseKeyword$_callTestCase_closure1.call(CallTestCaseKeyword.groovy)
	at com.kms.katalon.core.keyword.internal.KeywordMain.runKeyword(KeywordMain.groovy:74)
	at com.kms.katalon.core.keyword.builtin.CallTestCaseKeyword.callTestCase(CallTestCaseKeyword.groovy:81)
	at com.kms.katalon.core.keyword.builtin.CallTestCaseKeyword.execute(CallTestCaseKeyword.groovy:44)
	at com.kms.katalon.core.keyword.internal.KeywordExecutor.executeKeywordForPlatform(KeywordExecutor.groovy:74)
	at com.kms.katalon.core.keyword.BuiltinKeywords.callTestCase(BuiltinKeywords.groovy:334)
	at ActivityOverview-OpenDetailPop-up.run(ActivityOverview-OpenDetailPop-up:226)
	at com.kms.katalon.core.main.ScriptEngine.run(ScriptEngine.java:194)
	at com.kms.katalon.core.main.ScriptEngine.runScriptAsRawText(ScriptEngine.java:119)
	at com.kms.katalon.core.main.TestCaseExecutor.runScript(TestCaseExecutor.java:442)
	at com.kms.katalon.core.main.TestCaseExecutor.doExecute(TestCaseExecutor.java:433)
	at com.kms.katalon.core.main.TestCaseExecutor.processExecutionPhase(TestCaseExecutor.java:412)
	at com.kms.katalon.core.main.TestCaseExecutor.accessMainPhase(TestCaseExecutor.java:404)
	at com.kms.katalon.core.main.TestCaseExecutor.execute(TestCaseExecutor.java:281)
	at com.kms.katalon.core.main.TestSuiteExecutor.accessTestCaseMainPhase(TestSuiteExecutor.java:202)
	at com.kms.katalon.core.main.TestSuiteExecutor.accessTestSuiteMainPhase(TestSuiteExecutor.java:164)
	at com.kms.katalon.core.main.TestSuiteExecutor.execute(TestSuiteExecutor.java:105)
	at com.kms.katalon.core.main.TestCaseMain.startTestSuite(TestCaseMain.java:185)
	at com.kms.katalon.core.main.TestCaseMain$startTestSuite$0.call(Unknown Source)
	at TempTestSuite1644598043886.run(TempTestSuite1644598043886.groovy:36)
Caused by: com.kms.katalon.core.webui.exception.WebElementNotFoundException: Web element with id: 'Object Repository/Header/Preview/ClickOnPreviewIcon' located by '//span[contains(text(),'Preview')]//parent::a' not found
	at com.kms.katalon.core.webui.common.WebUiCommonHelper.findWebElement(WebUiCommonHelper.java:1370)
	at com.kms.katalon.core.webui.keyword.internal.WebUIAbstractKeyword.findWebElement(WebUIAbstractKeyword.groovy:27)
	at com.kms.katalon.core.webui.keyword.builtin.ClickKeyword$_click_closure1.doCall(ClickKeyword.groovy:65)
	at com.kms.katalon.core.webui.keyword.builtin.ClickKeyword$_click_closure1.call(ClickKeyword.groovy)
	at com.kms.katalon.core.webui.keyword.internal.WebUIKeywordMain.runKeyword(WebUIKeywordMain.groovy:20)
	at com.kms.katalon.core.webui.keyword.builtin.ClickKeyword.click(ClickKeyword.groovy:74)
	at com.kms.katalon.core.webui.keyword.builtin.ClickKeyword.execute(ClickKeyword.groovy:40)
	at com.kms.katalon.core.keyword.internal.KeywordExecutor.executeKeywordForPlatform(KeywordExecutor.groovy:74)
	at com.kms.katalon.core.webui.keyword.WebUiBuiltInKeywords.click(WebUiBuiltInKeywords.groovy:620)
	at com.kms.katalon.core.webui.keyword.WebUiBuiltInKeywords$click$2.call(Unknown Source)
	at Script1644422514682.run(Script1644422514682.groovy:29)
	at com.kms.katalon.core.main.ScriptEngine.run(ScriptEngine.java:194)
	at com.kms.katalon.core.main.ScriptEngine.runScriptAsRawText(ScriptEngine.java:119)
	at com.kms.katalon.core.main.TestCaseExecutor.runScript(TestCaseExecutor.java:442)
	at com.kms.katalon.core.main.TestCaseExecutor.doExecute(TestCaseExecutor.java:433)
	at com.kms.katalon.core.main.TestCaseExecutor.processExecutionPhase(TestCaseExecutor.java:412)
	at com.kms.katalon.core.main.TestCaseExecutor.accessMainPhase(TestCaseExecutor.java:404)
	at com.kms.katalon.core.main.TestCaseExecutor.execute(TestCaseExecutor.java:281)
	at com.kms.katalon.core.main.TestCaseMain.runTestCase(TestCaseMain.java:142)
	at com.kms.katalon.core.keyword.builtin.CallTestCaseKeyword$_callTestCase_closure1.doCall(CallTestCaseKeyword.groovy:59)
	at com.kms.katalon.core.keyword.builtin.CallTestCaseKeyword$_callTestCase_closure1.call(CallTestCaseKeyword.groovy)
	at com.kms.katalon.core.keyword.internal.KeywordMain.runKeyword(KeywordMain.groovy:74)
	at com.kms.katalon.core.keyword.builtin.CallTestCaseKeyword.callTestCase(CallTestCaseKeyword.groovy:81)
	at com.kms.katalon.core.keyword.builtin.CallTestCaseKeyword.execute(CallTestCaseKeyword.groovy:44)
	at com.kms.katalon.core.keyword.internal.KeywordExecutor.executeKeywordForPlatform(KeywordExecutor.groovy:74)
	at com.kms.katalon.core.keyword.BuiltinKeywords.callTestCase(BuiltinKeywords.groovy:334)
	at Script1643703980676.run(Script1643703980676.groovy:226)
	... 13 more
)

2022-02-11 22:31:23 - [MESSAGE][INFO] - Unable to find the element located by 'By.xpath: //span[contains(text(),'Preview')]//parent::a'. Please recheck the objects properties to make sure the desired element is located. 

2022-02-11 22:31:23 - [MESSAGE][WARNING] - [SELF-HEALING] Failed to find element with id 'Object Repository/Header/Preview/ClickOnPreviewIcon'. Try using Self-healing.

2022-02-11 22:31:24 - [MESSAGE][INFO] - [SELF-HEALING] No working XPath is found.

2022-02-11 22:31:25 - [MESSAGE][INFO] - Unable to find the element located by 'By.xpath: '. Please recheck the objects properties to make sure the desired element is located. 

2022-02-11 22:31:25 - [MESSAGE][WARNING] - [SELF-HEALING] Cannot find elements when the selector is null

2022-02-11 22:31:25 - [MESSAGE][FAILED] - Unable to click on object 'Object Repository/Header/Preview/ClickOnPreviewIcon' (Root cause: com.kms.katalon.core.exception.StepFailedException: Unable to click on object 'Object Repository/Header/Preview/ClickOnPreviewIcon'
	at com.kms.katalon.core.webui.keyword.internal.WebUIKeywordMain.stepFailed(WebUIKeywordMain.groovy:64)
	at com.kms.katalon.core.webui.keyword.internal.WebUIKeywordMain.runKeyword(WebUIKeywordMain.groovy:26)
	at com.kms.katalon.core.webui.keyword.builtin.ClickKeyword.click(ClickKeyword.groovy:74)
	at com.kms.katalon.core.webui.keyword.builtin.ClickKeyword.execute(ClickKeyword.groovy:40)
	at com.kms.katalon.core.keyword.internal.KeywordExecutor.executeKeywordForPlatform(KeywordExecutor.groovy:74)
	at com.kms.katalon.core.webui.keyword.WebUiBuiltInKeywords.click(WebUiBuiltInKeywords.groovy:620)
	at com.kms.katalon.core.webui.keyword.WebUiBuiltInKeywords$click$2.call(Unknown Source)
	at StepTOCopyURLAndAddAnotherTab.run(StepTOCopyURLAndAddAnotherTab:29)
	at com.kms.katalon.core.main.ScriptEngine.run(ScriptEngine.java:194)
	at com.kms.katalon.core.main.ScriptEngine.runScriptAsRawText(ScriptEngine.java:119)
	at com.kms.katalon.core.main.TestCaseExecutor.runScript(TestCaseExecutor.java:442)
	at com.kms.katalon.core.main.TestCaseExecutor.doExecute(TestCaseExecutor.java:433)
	at com.kms.katalon.core.main.TestCaseExecutor.processExecutionPhase(TestCaseExecutor.java:412)
	at com.kms.katalon.core.main.TestCaseExecutor.accessMainPhase(TestCaseExecutor.java:404)
	at com.kms.katalon.core.main.TestCaseExecutor.execute(TestCaseExecutor.java:281)
	at com.kms.katalon.core.main.TestCaseMain.runTestCase(TestCaseMain.java:142)
	at com.kms.katalon.core.keyword.builtin.CallTestCaseKeyword$_callTestCase_closure1.doCall(CallTestCaseKeyword.groovy:59)
	at com.kms.katalon.core.keyword.builtin.CallTestCaseKeyword$_callTestCase_closure1.call(CallTestCaseKeyword.groovy)
	at com.kms.katalon.core.keyword.internal.KeywordMain.runKeyword(KeywordMain.groovy:74)
	at com.kms.katalon.core.keyword.builtin.CallTestCaseKeyword.callTestCase(CallTestCaseKeyword.groovy:81)
	at com.kms.katalon.core.keyword.builtin.CallTestCaseKeyword.execute(CallTestCaseKeyword.groovy:44)
	at com.kms.katalon.core.keyword.internal.KeywordExecutor.executeKeywordForPlatform(KeywordExecutor.groovy:74)
	at com.kms.katalon.core.keyword.BuiltinKeywords.callTestCase(BuiltinKeywords.groovy:334)
	at ActivityOverview-OpenDetailPop-up.run(ActivityOverview-OpenDetailPop-up:226)
	at com.kms.katalon.core.main.ScriptEngine.run(ScriptEngine.java:194)
	at com.kms.katalon.core.main.ScriptEngine.runScriptAsRawText(ScriptEngine.java:119)
	at com.kms.katalon.core.main.TestCaseExecutor.runScript(TestCaseExecutor.java:442)
	at com.kms.katalon.core.main.TestCaseExecutor.doExecute(TestCaseExecutor.java:433)
	at com.kms.katalon.core.main.TestCaseExecutor.processExecutionPhase(TestCaseExecutor.java:412)
	at com.kms.katalon.core.main.TestCaseExecutor.accessMainPhase(TestCaseExecutor.java:404)
	at com.kms.katalon.core.main.TestCaseExecutor.execute(TestCaseExecutor.java:281)
	at com.kms.katalon.core.main.TestSuiteExecutor.accessTestCaseMainPhase(TestSuiteExecutor.java:202)
	at com.kms.katalon.core.main.TestSuiteExecutor.accessTestSuiteMainPhase(TestSuiteExecutor.java:164)
	at com.kms.katalon.core.main.TestSuiteExecutor.execute(TestSuiteExecutor.java:105)
	at com.kms.katalon.core.main.TestCaseMain.startTestSuite(TestCaseMain.java:185)
	at com.kms.katalon.core.main.TestCaseMain$startTestSuite$0.call(Unknown Source)
	at TempTestSuite1644598043886.run(TempTestSuite1644598043886.groovy:36)
Caused by: com.kms.katalon.core.webui.exception.WebElementNotFoundException: Web element with id: 'Object Repository/Header/Preview/ClickOnPreviewIcon' located by '//span[contains(text(),'Preview')]//parent::a' not found
	at com.kms.katalon.core.webui.common.WebUiCommonHelper.findWebElement(WebUiCommonHelper.java:1370)
	at com.kms.katalon.core.webui.keyword.internal.WebUIAbstractKeyword.findWebElement(WebUIAbstractKeyword.groovy:27)
	at com.kms.katalon.core.webui.keyword.builtin.ClickKeyword$_click_closure1.doCall(ClickKeyword.groovy:65)
	at com.kms.katalon.core.webui.keyword.builtin.ClickKeyword$_click_closure1.call(ClickKeyword.groovy)
	at com.kms.katalon.core.webui.keyword.internal.WebUIKeywordMain.runKeyword(WebUIKeywordMain.groovy:20)
	at com.kms.katalon.core.webui.keyword.builtin.ClickKeyword.click(ClickKeyword.groovy:74)
	at com.kms.katalon.core.webui.keyword.builtin.ClickKeyword.execute(ClickKeyword.groovy:40)
	at com.kms.katalon.core.keyword.internal.KeywordExecutor.executeKeywordForPlatform(KeywordExecutor.groovy:74)
	at com.kms.katalon.core.webui.keyword.WebUiBuiltInKeywords.click(WebUiBuiltInKeywords.groovy:620)
	at com.kms.katalon.core.webui.keyword.WebUiBuiltInKeywords$click$2.call(Unknown Source)
	at Script1644422514682.run(Script1644422514682.groovy:29)
	at com.kms.katalon.core.main.ScriptEngine.run(ScriptEngine.java:194)
	at com.kms.katalon.core.main.ScriptEngine.runScriptAsRawText(ScriptEngine.java:119)
	at com.kms.katalon.core.main.TestCaseExecutor.runScript(TestCaseExecutor.java:442)
	at com.kms.katalon.core.main.TestCaseExecutor.doExecute(TestCaseExecutor.java:433)
	at com.kms.katalon.core.main.TestCaseExecutor.processExecutionPhase(TestCaseExecutor.java:412)
	at com.kms.katalon.core.main.TestCaseExecutor.accessMainPhase(TestCaseExecutor.java:404)
	at com.kms.katalon.core.main.TestCaseExecutor.execute(TestCaseExecutor.java:281)
	at com.kms.katalon.core.main.TestCaseMain.runTestCase(TestCaseMain.java:142)
	at com.kms.katalon.core.keyword.builtin.CallTestCaseKeyword$_callTestCase_closure1.doCall(CallTestCaseKeyword.groovy:59)
	at com.kms.katalon.core.keyword.builtin.CallTestCaseKeyword$_callTestCase_closure1.call(CallTestCaseKeyword.groovy)
	at com.kms.katalon.core.keyword.internal.KeywordMain.runKeyword(KeywordMain.groovy:74)
	at com.kms.katalon.core.keyword.builtin.CallTestCaseKeyword.callTestCase(CallTestCaseKeyword.groovy:81)
	at com.kms.katalon.core.keyword.builtin.CallTestCaseKeyword.execute(CallTestCaseKeyword.groovy:44)
	at com.kms.katalon.core.keyword.internal.KeywordExecutor.executeKeywordForPlatform(KeywordExecutor.groovy:74)
	at com.kms.katalon.core.keyword.BuiltinKeywords.callTestCase(BuiltinKeywords.groovy:334)
	at Script1643703980676.run(Script1643703980676.groovy:226)
	... 13 more
)
[[ATTACHMENT|D:\\xampp\\htdocs\\training\\Training\\Rattan\\Final_testing\\New_ActivityOverview\\Reports\\20220211_221705\\DetailPop-up-BothSideUrlBasedAndNormal\\20220211_221723\\1644598885568.png]]

2022-02-11 22:31:25 - [MESSAGE][FAILED] - Unable to call Test Case 'Test Cases/StepToReUse/StepTOCopyURLAndAddAnotherTab' (Root cause: com.kms.katalon.core.exception.StepFailedException: Call Test Case 'Test Cases/StepToReUse/StepTOCopyURLAndAddAnotherTab' failed
	at com.kms.katalon.core.keyword.builtin.CallTestCaseKeyword$_callTestCase_closure1.doCall(CallTestCaseKeyword.groovy:63)
	at com.kms.katalon.core.keyword.builtin.CallTestCaseKeyword$_callTestCase_closure1.call(CallTestCaseKeyword.groovy)
	at com.kms.katalon.core.keyword.internal.KeywordMain.runKeyword(KeywordMain.groovy:74)
	at com.kms.katalon.core.keyword.builtin.CallTestCaseKeyword.callTestCase(CallTestCaseKeyword.groovy:81)
	at com.kms.katalon.core.keyword.builtin.CallTestCaseKeyword.execute(CallTestCaseKeyword.groovy:44)
	at com.kms.katalon.core.keyword.internal.KeywordExecutor.executeKeywordForPlatform(KeywordExecutor.groovy:74)
	at com.kms.katalon.core.keyword.BuiltinKeywords.callTestCase(BuiltinKeywords.groovy:334)
	at ActivityOverview-OpenDetailPop-up.run(ActivityOverview-OpenDetailPop-up:226)
	at com.kms.katalon.core.main.ScriptEngine.run(ScriptEngine.java:194)
	at com.kms.katalon.core.main.ScriptEngine.runScriptAsRawText(ScriptEngine.java:119)
	at com.kms.katalon.core.main.TestCaseExecutor.runScript(TestCaseExecutor.java:442)
	at com.kms.katalon.core.main.TestCaseExecutor.doExecute(TestCaseExecutor.java:433)
	at com.kms.katalon.core.main.TestCaseExecutor.processExecutionPhase(TestCaseExecutor.java:412)
	at com.kms.katalon.core.main.TestCaseExecutor.accessMainPhase(TestCaseExecutor.java:404)
	at com.kms.katalon.core.main.TestCaseExecutor.execute(TestCaseExecutor.java:281)
	at com.kms.katalon.core.main.TestSuiteExecutor.accessTestCaseMainPhase(TestSuiteExecutor.java:202)
	at com.kms.katalon.core.main.TestSuiteExecutor.accessTestSuiteMainPhase(TestSuiteExecutor.java:164)
	at com.kms.katalon.core.main.TestSuiteExecutor.execute(TestSuiteExecutor.java:105)
	at com.kms.katalon.core.main.TestCaseMain.startTestSuite(TestCaseMain.java:185)
	at com.kms.katalon.core.main.TestCaseMain$startTestSuite$0.call(Unknown Source)
	at TempTestSuite1644598043886.run(TempTestSuite1644598043886.groovy:36)
Caused by: com.kms.katalon.core.exception.StepFailedException: Unable to click on object 'Object Repository/Header/Preview/ClickOnPreviewIcon'
	at com.kms.katalon.core.webui.keyword.internal.WebUIKeywordMain.stepFailed(WebUIKeywordMain.groovy:64)
	at com.kms.katalon.core.webui.keyword.internal.WebUIKeywordMain.runKeyword(WebUIKeywordMain.groovy:26)
	at com.kms.katalon.core.webui.keyword.builtin.ClickKeyword.click(ClickKeyword.groovy:74)
	at com.kms.katalon.core.webui.keyword.builtin.ClickKeyword.execute(ClickKeyword.groovy:40)
	at com.kms.katalon.core.keyword.internal.KeywordExecutor.executeKeywordForPlatform(KeywordExecutor.groovy:74)
	at com.kms.katalon.core.webui.keyword.WebUiBuiltInKeywords.click(WebUiBuiltInKeywords.groovy:620)
	at com.kms.katalon.core.webui.keyword.WebUiBuiltInKeywords$click$2.call(Unknown Source)
	at StepTOCopyURLAndAddAnotherTab.run(StepTOCopyURLAndAddAnotherTab:29)
	at com.kms.katalon.core.main.ScriptEngine.run(ScriptEngine.java:194)
	at com.kms.katalon.core.main.ScriptEngine.runScriptAsRawText(ScriptEngine.java:119)
	at com.kms.katalon.core.main.TestCaseExecutor.runScript(TestCaseExecutor.java:442)
	at com.kms.katalon.core.main.TestCaseExecutor.doExecute(TestCaseExecutor.java:433)
	at com.kms.katalon.core.main.TestCaseExecutor.processExecutionPhase(TestCaseExecutor.java:412)
	at com.kms.katalon.core.main.TestCaseExecutor.accessMainPhase(TestCaseExecutor.java:404)
	at com.kms.katalon.core.main.TestCaseExecutor.execute(TestCaseExecutor.java:281)
	at com.kms.katalon.core.main.TestCaseMain.runTestCase(TestCaseMain.java:142)
	at com.kms.katalon.core.keyword.builtin.CallTestCaseKeyword$_callTestCase_closure1.doCall(CallTestCaseKeyword.groovy:59)
	... 20 more
Caused by: com.kms.katalon.core.webui.exception.WebElementNotFoundException: Web element with id: 'Object Repository/Header/Preview/ClickOnPreviewIcon' located by '//span[contains(text(),'Preview')]//parent::a' not found
	at com.kms.katalon.core.webui.common.WebUiCommonHelper.findWebElement(WebUiCommonHelper.java:1370)
	at com.kms.katalon.core.webui.keyword.internal.WebUIAbstractKeyword.findWebElement(WebUIAbstractKeyword.groovy:27)
	at com.kms.katalon.core.webui.keyword.builtin.ClickKeyword$_click_closure1.doCall(ClickKeyword.groovy:65)
	at com.kms.katalon.core.webui.keyword.builtin.ClickKeyword$_click_closure1.call(ClickKeyword.groovy)
	at com.kms.katalon.core.webui.keyword.internal.WebUIKeywordMain.runKeyword(WebUIKeywordMain.groovy:20)
	... 35 more
)

2022-02-11 22:31:25 - [TEST_STEP][PASSED] - callTestCase(findTestCase("Test Cases/NewActivityOverview-LeftNavigation/ActivityOverview-OpenDetailPop-up - CopiedURL"), [:], CONTINUE_ON_FAILURE): Call Test Case 'Test Cases/NewActivityOverview-LeftNavigation/ActivityOverview-OpenDetailPop-up - CopiedURL' successfully

2022-02-11 22:31:25 - [TEST_CASE][PASSED] - Test Cases/NewActivityOverview-LeftNavigation/ActivityOverview-OpenDetailPop-up - CopiedURL: Test Cases/NewActivityOverview-LeftNavigation/ActivityOverview-OpenDetailPop-up - CopiedURL

2022-02-11 22:31:26 - [TEST_STEP][PASSED] - switchToWindowIndex(1): Switched to window with index: '1'

2022-02-11 22:31:26 - [MESSAGE][PASSED] - Switched to window with index: '1'

2022-02-11 22:31:26 - [TEST_STEP][PASSED] - delay(5): Delayed 5 second(s)

2022-02-11 22:31:31 - [MESSAGE][PASSED] - Delayed 5 second(s)

2022-02-11 22:31:31 - [TEST_STEP][PASSED] - navigateToUrl(ActivityUrl): Navigate to 'https://activity.test-prio.com/orders/164448172323101' successfully

2022-02-11 22:31:34 - [MESSAGE][PASSED] - Navigate to 'https://activity.test-prio.com/orders/164448172323101' successfully

2022-02-11 22:31:34 - [TEST_STEP][PASSED] - takeScreenshot(): Taking screenshot successfully

2022-02-11 22:31:35 - [MESSAGE][PASSED] - Taking screenshot successfully
[[ATTACHMENT|D:\\xampp\\htdocs\\training\\Training\\Rattan\\Final_testing\\New_ActivityOverview\\Reports\\20220211_221705\\DetailPop-up-BothSideUrlBasedAndNormal\\20220211_221723\\1644598894980.png]]

2022-02-11 22:31:35 - [TEST_STEP][PASSED] - switchToDefaultContent(): null

2022-02-11 22:31:35 - [TEST_STEP][PASSED] - if (waitForElementPresent(findTestObject("Object Repository/DetailPop-up/ExpanSection/ProductInformationExpandedSection-Exist"), 10)): Object 'Object Repository/DetailPop-up/ExpanSection/ProductInformationExpandedSection-Exist' is not present after 10 second(s)

2022-02-11 22:31:46 - [MESSAGE][INFO] - Unable to find the element located by 'By.xpath: //div[@class='order-detail-left']//li[@class='order-list confirm hash-link-parent active']'. Please recheck the objects properties to make sure the desired element is located. 

2022-02-11 22:31:46 - [MESSAGE][WARNING] - [SELF-HEALING] Failed to find element with id 'Object Repository/DetailPop-up/ExpanSection/ProductInformationExpandedSection-Exist'. Try using Self-healing.

2022-02-11 22:31:47 - [MESSAGE][INFO] - [SELF-HEALING] No working XPath is found.

2022-02-11 22:31:48 - [MESSAGE][INFO] - Unable to find the element located by 'By.xpath: '. Please recheck the objects properties to make sure the desired element is located. 

2022-02-11 22:31:48 - [MESSAGE][WARNING] - [SELF-HEALING] Cannot find elements when the selector is null

2022-02-11 22:31:48 - [MESSAGE][WARNING] - Object 'Object Repository/DetailPop-up/ExpanSection/ProductInformationExpandedSection-Exist' is not present after 10 second(s)

2022-02-11 22:31:48 - [TEST_STEP][PASSED] - bookingsize = findWebElements(findTestObject("Object Repository/DetailPop-up/ExpanSection/ProductSectionLength"), 5).size(): null

2022-02-11 22:31:48 - [TEST_STEP][PASSED] - logInfo(Size of Bookings on Product detail Pop-up: $bookingsize): Size of Bookings on Product detail Pop-up: 1

2022-02-11 22:31:48 - [MESSAGE][INFO] - Size of Bookings on Product detail Pop-up: 1

2022-02-11 22:31:48 - [TEST_STEP][PASSED] - for ([looping = 1, looping <= bookingsize, (looping++)]): Object 'Object Repository/DetailPop-up/InformationSection/Details' is not visible after 15 second(s)

2022-02-11 22:31:48 - [TEST_STEP][PASSED] - click(findTestObject("Object Repository/DetailPop-up/ExpanSection/ExpandProductSection", ["position":looping])): Object: 'Object Repository/DetailPop-up/ExpanSection/ExpandProductSection' is clicked on

2022-02-11 22:31:52 - [MESSAGE][PASSED] - Object: 'Object Repository/DetailPop-up/ExpanSection/ExpandProductSection' is clicked on

2022-02-11 22:31:52 - [TEST_STEP][PASSED] - delay(3): Delayed 3 second(s)

2022-02-11 22:31:55 - [MESSAGE][PASSED] - Delayed 3 second(s)

2022-02-11 22:31:55 - [TEST_STEP][PASSED] - takeScreenshot(): Taking screenshot successfully

2022-02-11 22:31:55 - [MESSAGE][PASSED] - Taking screenshot successfully
[[ATTACHMENT|D:\\xampp\\htdocs\\training\\Training\\Rattan\\Final_testing\\New_ActivityOverview\\Reports\\20220211_221705\\DetailPop-up-BothSideUrlBasedAndNormal\\20220211_221723\\1644598915527.png]]

2022-02-11 22:31:55 - [TEST_STEP][PASSED] - if (waitForElementVisible(findTestObject("Object Repository/DetailPop-up/InformationSection/Details", ["position":"1", "position2":"1"]), 15) == true): Taking screenshot successfully

2022-02-11 22:31:56 - [MESSAGE][PASSED] - Object 'Object Repository/DetailPop-up/InformationSection/Details' is visible

2022-02-11 22:31:56 - [TEST_STEP][PASSED] - click(findTestObject("Object Repository/DetailPop-up/InformationSection/Details", ["position":"1", "position2":"1"])): Object: 'Object Repository/DetailPop-up/InformationSection/Details' is clicked on

2022-02-11 22:31:59 - [MESSAGE][PASSED] - Object: 'Object Repository/DetailPop-up/InformationSection/Details' is clicked on

2022-02-11 22:31:59 - [TEST_STEP][PASSED] - delay(3): Delayed 3 second(s)

2022-02-11 22:32:02 - [MESSAGE][PASSED] - Delayed 3 second(s)

2022-02-11 22:32:02 - [TEST_STEP][PASSED] - takeScreenshot(): Taking screenshot successfully

2022-02-11 22:32:03 - [MESSAGE][PASSED] - Taking screenshot successfully
[[ATTACHMENT|D:\\xampp\\htdocs\\training\\Training\\Rattan\\Final_testing\\New_ActivityOverview\\Reports\\20220211_221705\\DetailPop-up-BothSideUrlBasedAndNormal\\20220211_221723\\1644598922810.png]]

2022-02-11 22:32:03 - [TEST_STEP][PASSED] - if (waitForElementVisible(findTestObject("Object Repository/DetailPop-up/InformationSection/Details", ["position":"1", "position2":"2"]), 15) == true): Taking screenshot successfully

2022-02-11 22:32:03 - [MESSAGE][PASSED] - Object 'Object Repository/DetailPop-up/InformationSection/Details' is visible

2022-02-11 22:32:03 - [TEST_STEP][PASSED] - click(findTestObject("Object Repository/DetailPop-up/InformationSection/Details", ["position":"1", "position2":"2"])): Object: 'Object Repository/DetailPop-up/InformationSection/Details' is clicked on

2022-02-11 22:32:07 - [MESSAGE][PASSED] - Object: 'Object Repository/DetailPop-up/InformationSection/Details' is clicked on

2022-02-11 22:32:07 - [TEST_STEP][PASSED] - delay(3): Delayed 3 second(s)

2022-02-11 22:32:10 - [MESSAGE][PASSED] - Delayed 3 second(s)

2022-02-11 22:32:10 - [TEST_STEP][PASSED] - takeScreenshot(): Taking screenshot successfully

2022-02-11 22:32:10 - [MESSAGE][PASSED] - Taking screenshot successfully
[[ATTACHMENT|D:\\xampp\\htdocs\\training\\Training\\Rattan\\Final_testing\\New_ActivityOverview\\Reports\\20220211_221705\\DetailPop-up-BothSideUrlBasedAndNormal\\20220211_221723\\1644598930423.png]]

2022-02-11 22:32:10 - [TEST_STEP][PASSED] - if (waitForElementVisible(findTestObject("Object Repository/DetailPop-up/InformationSection/Details", ["position":"1", "position2":"3"]), 15) == true): Taking screenshot successfully

2022-02-11 22:32:10 - [MESSAGE][PASSED] - Object 'Object Repository/DetailPop-up/InformationSection/Details' is visible

2022-02-11 22:32:10 - [TEST_STEP][PASSED] - click(findTestObject("Object Repository/DetailPop-up/InformationSection/Details", ["position":"1", "position2":"3"])): Object: 'Object Repository/DetailPop-up/InformationSection/Details' is clicked on

2022-02-11 22:32:14 - [MESSAGE][PASSED] - Object: 'Object Repository/DetailPop-up/InformationSection/Details' is clicked on

2022-02-11 22:32:14 - [TEST_STEP][PASSED] - delay(3): Delayed 3 second(s)

2022-02-11 22:32:17 - [MESSAGE][PASSED] - Delayed 3 second(s)

2022-02-11 22:32:17 - [TEST_STEP][PASSED] - takeScreenshot(): Taking screenshot successfully

2022-02-11 22:32:17 - [MESSAGE][PASSED] - Taking screenshot successfully
[[ATTACHMENT|D:\\xampp\\htdocs\\training\\Training\\Rattan\\Final_testing\\New_ActivityOverview\\Reports\\20220211_221705\\DetailPop-up-BothSideUrlBasedAndNormal\\20220211_221723\\1644598937682.png]]

2022-02-11 22:32:17 - [TEST_STEP][PASSED] - if (waitForElementVisible(findTestObject("Object Repository/DetailPop-up/InformationSection/Details", ["position":"1", "position2":"5"]), 15) == true): Taking screenshot successfully

2022-02-11 22:32:18 - [MESSAGE][PASSED] - Object 'Object Repository/DetailPop-up/InformationSection/Details' is visible

2022-02-11 22:32:18 - [TEST_STEP][PASSED] - click(findTestObject("Object Repository/DetailPop-up/InformationSection/Details", ["position":"1", "position2":"5"])): Object: 'Object Repository/DetailPop-up/InformationSection/Details' is clicked on

2022-02-11 22:32:21 - [MESSAGE][PASSED] - Object: 'Object Repository/DetailPop-up/InformationSection/Details' is clicked on

2022-02-11 22:32:21 - [TEST_STEP][PASSED] - delay(3): Delayed 3 second(s)

2022-02-11 22:32:24 - [MESSAGE][PASSED] - Delayed 3 second(s)

2022-02-11 22:32:24 - [TEST_STEP][PASSED] - takeScreenshot(): Taking screenshot successfully

2022-02-11 22:32:25 - [MESSAGE][PASSED] - Taking screenshot successfully
[[ATTACHMENT|D:\\xampp\\htdocs\\training\\Training\\Rattan\\Final_testing\\New_ActivityOverview\\Reports\\20220211_221705\\DetailPop-up-BothSideUrlBasedAndNormal\\20220211_221723\\1644598944923.png]]

2022-02-11 22:32:25 - [TEST_STEP][PASSED] - if (waitForElementVisible(findTestObject("Object Repository/DetailPop-up/InformationSection/Details", ["position":"1", "position2":"4"]), 15) == true): Object 'Object Repository/DetailPop-up/InformationSection/Details' is not visible after 15 second(s)

2022-02-11 22:32:40 - [MESSAGE][WARNING] - Object 'Object Repository/DetailPop-up/InformationSection/Details' is not visible after 15 second(s)

2022-02-11 22:32:40 - [TEST_STEP][PASSED] - if (waitForElementClickable(findTestObject("Object Repository/DetailPop-up/ExpanSection/SubProductList-ClickOnExpandView", ["position":"1"]), 15)): null

2022-02-11 22:32:41 - [MESSAGE][PASSED] - Object 'Object Repository/DetailPop-up/ExpanSection/SubProductList-ClickOnExpandView' is clickable

2022-02-11 22:32:41 - [TEST_STEP][PASSED] - SubProductsInBookingSize = findWebElements(findTestObject("Object Repository/DetailPop-up/ExpanSection/SubProductListLength"), 5).size(): null

2022-02-11 22:32:41 - [TEST_STEP][PASSED] - logInfo(Size of Bookings on Product detail Pop-up: $SubProductsInBookingSize): Size of Bookings on Product detail Pop-up: 2

2022-02-11 22:32:41 - [MESSAGE][INFO] - Size of Bookings on Product detail Pop-up: 2

2022-02-11 22:32:41 - [TEST_STEP][PASSED] - for ([sublooping = 80, sublooping < SubProductsInBookingSize, (sublooping++)]): null

2022-02-11 22:32:41 - [MESSAGE][PASSED] - Call Test Case 'Test Cases/NewActivityOverview-LeftNavigation/ActivityOverview-OpenDetailPop-up - CopiedURL' successfully

2022-02-11 22:32:41 - [TEST_STEP][PASSED] - switchToWindowIndex(0): Switched to window with index: '0'

2022-02-11 22:32:41 - [MESSAGE][PASSED] - Switched to window with index: '0'

2022-02-11 22:32:41 - [TEST_STEP][PASSED] - delay(13): Delayed 13 second(s)

2022-02-11 22:32:54 - [MESSAGE][PASSED] - Delayed 13 second(s)

2022-02-11 22:32:54 - [TEST_STEP][PASSED] - switchToFrame(findTestObject("Object Repository/Iframe/NewActivityOverviewIframe"), 5): null

2022-02-11 22:32:55 - [TEST_STEP][PASSED] - click(findTestObject("Object Repository/DetailPop-up/Backbutton/BackButtonToListing")): Object: 'Object Repository/DetailPop-up/Backbutton/BackButtonToListing' is clicked on

2022-02-11 22:32:58 - [MESSAGE][PASSED] - Object: 'Object Repository/DetailPop-up/Backbutton/BackButtonToListing' is clicked on

2022-02-11 22:32:58 - [TEST_STEP][PASSED] - delay(13): Delayed 13 second(s)

2022-02-11 22:33:11 - [MESSAGE][PASSED] - Delayed 13 second(s)

2022-02-11 22:33:11 - [TEST_STEP][PASSED] - if (sizeoflisting < 2): null]]></system-out>
         <system-err><![CDATA[2022-02-11 22:22:33 - [TEST_CASE][FAILED] - Test Cases/NewActivityOverview-LeftNavigation/ActivityOverview-OpenDetailPop-up: Test Cases/NewActivityOverview-LeftNavigation/ActivityOverview-OpenDetailPop-up FAILED.
Reason:
com.kms.katalon.core.exception.StepFailedException: Unable to call Test Case 'Test Cases/StepToReUse/StepTOCopyURLAndAddAnotherTab' (Root cause: com.kms.katalon.core.exception.StepFailedException: Call Test Case 'Test Cases/StepToReUse/StepTOCopyURLAndAddAnotherTab' failed
	at com.kms.katalon.core.keyword.builtin.CallTestCaseKeyword$_callTestCase_closure1.doCall(CallTestCaseKeyword.groovy:63)
	at com.kms.katalon.core.keyword.builtin.CallTestCaseKeyword$_callTestCase_closure1.call(CallTestCaseKeyword.groovy)
	at com.kms.katalon.core.keyword.internal.KeywordMain.runKeyword(KeywordMain.groovy:74)
	at com.kms.katalon.core.keyword.builtin.CallTestCaseKeyword.callTestCase(CallTestCaseKeyword.groovy:81)
	at com.kms.katalon.core.keyword.builtin.CallTestCaseKeyword.execute(CallTestCaseKeyword.groovy:44)
	at com.kms.katalon.core.keyword.internal.KeywordExecutor.executeKeywordForPlatform(KeywordExecutor.groovy:74)
	at com.kms.katalon.core.keyword.BuiltinKeywords.callTestCase(BuiltinKeywords.groovy:334)
	at ActivityOverview-OpenDetailPop-up.run(ActivityOverview-OpenDetailPop-up:226)
	at com.kms.katalon.core.main.ScriptEngine.run(ScriptEngine.java:194)
	at com.kms.katalon.core.main.ScriptEngine.runScriptAsRawText(ScriptEngine.java:119)
	at com.kms.katalon.core.main.TestCaseExecutor.runScript(TestCaseExecutor.java:442)
	at com.kms.katalon.core.main.TestCaseExecutor.doExecute(TestCaseExecutor.java:433)
	at com.kms.katalon.core.main.TestCaseExecutor.processExecutionPhase(TestCaseExecutor.java:412)
	at com.kms.katalon.core.main.TestCaseExecutor.accessMainPhase(TestCaseExecutor.java:404)
	at com.kms.katalon.core.main.TestCaseExecutor.execute(TestCaseExecutor.java:281)
	at com.kms.katalon.core.main.TestSuiteExecutor.accessTestCaseMainPhase(TestSuiteExecutor.java:202)
	at com.kms.katalon.core.main.TestSuiteExecutor.accessTestSuiteMainPhase(TestSuiteExecutor.java:164)
	at com.kms.katalon.core.main.TestSuiteExecutor.execute(TestSuiteExecutor.java:105)
	at com.kms.katalon.core.main.TestCaseMain.startTestSuite(TestCaseMain.java:185)
	at com.kms.katalon.core.main.TestCaseMain$startTestSuite$0.call(Unknown Source)
	at TempTestSuite1644598043886.run(TempTestSuite1644598043886.groovy:36)
Caused by: com.kms.katalon.core.exception.StepFailedException: Unable to click on object 'Object Repository/Header/Preview/ClickOnPreviewIcon'
	at com.kms.katalon.core.webui.keyword.internal.WebUIKeywordMain.stepFailed(WebUIKeywordMain.groovy:64)
	at com.kms.katalon.core.webui.keyword.internal.WebUIKeywordMain.runKeyword(WebUIKeywordMain.groovy:26)
	at com.kms.katalon.core.webui.keyword.builtin.ClickKeyword.click(ClickKeyword.groovy:74)
	at com.kms.katalon.core.webui.keyword.builtin.ClickKeyword.execute(ClickKeyword.groovy:40)
	at com.kms.katalon.core.keyword.internal.KeywordExecutor.executeKeywordForPlatform(KeywordExecutor.groovy:74)
	at com.kms.katalon.core.webui.keyword.WebUiBuiltInKeywords.click(WebUiBuiltInKeywords.groovy:620)
	at com.kms.katalon.core.webui.keyword.WebUiBuiltInKeywords$click$2.call(Unknown Source)
	at StepTOCopyURLAndAddAnotherTab.run(StepTOCopyURLAndAddAnotherTab:29)
	at com.kms.katalon.core.main.ScriptEngine.run(ScriptEngine.java:194)
	at com.kms.katalon.core.main.ScriptEngine.runScriptAsRawText(ScriptEngine.java:119)
	at com.kms.katalon.core.main.TestCaseExecutor.runScript(TestCaseExecutor.java:442)
	at com.kms.katalon.core.main.TestCaseExecutor.doExecute(TestCaseExecutor.java:433)
	at com.kms.katalon.core.main.TestCaseExecutor.processExecutionPhase(TestCaseExecutor.java:412)
	at com.kms.katalon.core.main.TestCaseExecutor.accessMainPhase(TestCaseExecutor.java:404)
	at com.kms.katalon.core.main.TestCaseExecutor.execute(TestCaseExecutor.java:281)
	at com.kms.katalon.core.main.TestCaseMain.runTestCase(TestCaseMain.java:142)
	at com.kms.katalon.core.keyword.builtin.CallTestCaseKeyword$_callTestCase_closure1.doCall(CallTestCaseKeyword.groovy:59)
	... 20 more
Caused by: com.kms.katalon.core.webui.exception.WebElementNotFoundException: Web element with id: 'Object Repository/Header/Preview/ClickOnPreviewIcon' located by '//span[contains(text(),'Preview')]//parent::a' not found
	at com.kms.katalon.core.webui.common.WebUiCommonHelper.findWebElement(WebUiCommonHelper.java:1370)
	at com.kms.katalon.core.webui.keyword.internal.WebUIAbstractKeyword.findWebElement(WebUIAbstractKeyword.groovy:27)
	at com.kms.katalon.core.webui.keyword.builtin.ClickKeyword$_click_closure1.doCall(ClickKeyword.groovy:65)
	at com.kms.katalon.core.webui.keyword.builtin.ClickKeyword$_click_closure1.call(ClickKeyword.groovy)
	at com.kms.katalon.core.webui.keyword.internal.WebUIKeywordMain.runKeyword(WebUIKeywordMain.groovy:20)
	... 35 more
)
	at com.kms.katalon.core.keyword.internal.KeywordMain.stepFailed(KeywordMain.groovy:39)
	at com.kms.katalon.core.keyword.internal.KeywordMain.stepFailed(KeywordMain.groovy)
	at com.kms.katalon.core.keyword.internal.KeywordMain.runKeyword(KeywordMain.groovy:76)
	at com.kms.katalon.core.keyword.builtin.CallTestCaseKeyword.callTestCase(CallTestCaseKeyword.groovy:81)
	at com.kms.katalon.core.keyword.builtin.CallTestCaseKeyword.execute(CallTestCaseKeyword.groovy:44)
	at com.kms.katalon.core.keyword.internal.KeywordExecutor.executeKeywordForPlatform(KeywordExecutor.groovy:74)
	at com.kms.katalon.core.keyword.BuiltinKeywords.callTestCase(BuiltinKeywords.groovy:334)
	at ActivityOverview-OpenDetailPop-up.run(ActivityOverview-OpenDetailPop-up:226)
	at com.kms.katalon.core.main.ScriptEngine.run(ScriptEngine.java:194)
	at com.kms.katalon.core.main.ScriptEngine.runScriptAsRawText(ScriptEngine.java:119)
	at com.kms.katalon.core.main.TestCaseExecutor.runScript(TestCaseExecutor.java:442)
	at com.kms.katalon.core.main.TestCaseExecutor.doExecute(TestCaseExecutor.java:433)
	at com.kms.katalon.core.main.TestCaseExecutor.processExecutionPhase(TestCaseExecutor.java:412)
	at com.kms.katalon.core.main.TestCaseExecutor.accessMainPhase(TestCaseExecutor.java:404)
	at com.kms.katalon.core.main.TestCaseExecutor.execute(TestCaseExecutor.java:281)
	at com.kms.katalon.core.main.TestSuiteExecutor.accessTestCaseMainPhase(TestSuiteExecutor.java:202)
	at com.kms.katalon.core.main.TestSuiteExecutor.accessTestSuiteMainPhase(TestSuiteExecutor.java:164)
	at com.kms.katalon.core.main.TestSuiteExecutor.execute(TestSuiteExecutor.java:105)
	at com.kms.katalon.core.main.TestCaseMain.startTestSuite(TestCaseMain.java:185)
	at com.kms.katalon.core.main.TestCaseMain$startTestSuite$0.call(Unknown Source)
	at TempTestSuite1644598043886.run(TempTestSuite1644598043886.groovy:36)
Caused by: com.kms.katalon.core.exception.StepFailedException: Call Test Case 'Test Cases/StepToReUse/StepTOCopyURLAndAddAnotherTab' failed
	at com.kms.katalon.core.keyword.builtin.CallTestCaseKeyword$_callTestCase_closure1.doCall(CallTestCaseKeyword.groovy:63)
	at com.kms.katalon.core.keyword.builtin.CallTestCaseKeyword$_callTestCase_closure1.call(CallTestCaseKeyword.groovy)
	at com.kms.katalon.core.keyword.internal.KeywordMain.runKeyword(KeywordMain.groovy:74)
	... 18 more
Caused by: com.kms.katalon.core.exception.StepFailedException: Unable to click on object 'Object Repository/Header/Preview/ClickOnPreviewIcon'
	at com.kms.katalon.core.webui.keyword.internal.WebUIKeywordMain.stepFailed(WebUIKeywordMain.groovy:64)
	at com.kms.katalon.core.webui.keyword.internal.WebUIKeywordMain.runKeyword(WebUIKeywordMain.groovy:26)
	at com.kms.katalon.core.webui.keyword.builtin.ClickKeyword.click(ClickKeyword.groovy:74)
	at com.kms.katalon.core.webui.keyword.builtin.ClickKeyword.execute(ClickKeyword.groovy:40)
	at com.kms.katalon.core.keyword.internal.KeywordExecutor.executeKeywordForPlatform(KeywordExecutor.groovy:74)
	at com.kms.katalon.core.webui.keyword.WebUiBuiltInKeywords.click(WebUiBuiltInKeywords.groovy:620)
	at com.kms.katalon.core.webui.keyword.WebUiBuiltInKeywords$click$2.call(Unknown Source)
	at StepTOCopyURLAndAddAnotherTab.run(StepTOCopyURLAndAddAnotherTab:29)
	at com.kms.katalon.core.main.ScriptEngine.run(ScriptEngine.java:194)
	at com.kms.katalon.core.main.ScriptEngine.runScriptAsRawText(ScriptEngine.java:119)
	at com.kms.katalon.core.main.TestCaseExecutor.runScript(TestCaseExecutor.java:442)
	at com.kms.katalon.core.main.TestCaseExecutor.doExecute(TestCaseExecutor.java:433)
	at com.kms.katalon.core.main.TestCaseExecutor.processExecutionPhase(TestCaseExecutor.java:412)
	at com.kms.katalon.core.main.TestCaseExecutor.accessMainPhase(TestCaseExecutor.java:404)
	at com.kms.katalon.core.main.TestCaseExecutor.execute(TestCaseExecutor.java:281)
	at com.kms.katalon.core.main.TestCaseMain.runTestCase(TestCaseMain.java:142)
	at com.kms.katalon.core.keyword.builtin.CallTestCaseKeyword$_callTestCase_closure1.doCall(CallTestCaseKeyword.groovy:59)
	... 20 more
Caused by: com.kms.katalon.core.webui.exception.WebElementNotFoundException: Web element with id: 'Object Repository/Header/Preview/ClickOnPreviewIcon' located by '//span[contains(text(),'Preview')]//parent::a' not found
	at com.kms.katalon.core.webui.common.WebUiCommonHelper.findWebElement(WebUiCommonHelper.java:1370)
	at com.kms.katalon.core.webui.keyword.internal.WebUIAbstractKeyword.findWebElement(WebUIAbstractKeyword.groovy:27)
	at com.kms.katalon.core.webui.keyword.builtin.ClickKeyword$_click_closure1.doCall(ClickKeyword.groovy:65)
	at com.kms.katalon.core.webui.keyword.builtin.ClickKeyword$_click_closure1.call(ClickKeyword.groovy)
	at com.kms.katalon.core.webui.keyword.internal.WebUIKeywordMain.runKeyword(WebUIKeywordMain.groovy:20)
	... 35 more]]></system-err>
      </testcase>
      <testcase name="Test Cases/StepToReUse/StepTOCopyURLAndAddAnotherTab" time="36.951" classname="Test Cases/StepToReUse/StepTOCopyURLAndAddAnotherTab" status="FAILED">
         <failure type="FAILED" message="Test Cases/StepToReUse/StepTOCopyURLAndAddAnotherTab FAILED.
Reason:
com.kms.katalon.core.exception.StepFailedException: Unable to click on object 'Object Repository/Header/Preview/ClickOnPreviewIcon'
	at com.kms.katalon.core.webui.keyword.internal.WebUIKeywordMain.stepFailed(WebUIKeywordMain.groovy:64)
	at com.kms.katalon.core.webui.keyword.internal.WebUIKeywordMain.runKeyword(WebUIKeywordMain.groovy:26)
	at com.kms.katalon.core.webui.keyword.builtin.ClickKeyword.click(ClickKeyword.groovy:74)
	at com.kms.katalon.core.webui.keyword.builtin.ClickKeyword.execute(ClickKeyword.groovy:40)
	at com.kms.katalon.core.keyword.internal.KeywordExecutor.executeKeywordForPlatform(KeywordExecutor.groovy:74)
	at com.kms.katalon.core.webui.keyword.WebUiBuiltInKeywords.click(WebUiBuiltInKeywords.groovy:620)
	at com.kms.katalon.core.webui.keyword.WebUiBuiltInKeywords$click$2.call(Unknown Source)
	at StepTOCopyURLAndAddAnotherTab.run(StepTOCopyURLAndAddAnotherTab:29)
	at com.kms.katalon.core.main.ScriptEngine.run(ScriptEngine.java:194)
	at com.kms.katalon.core.main.ScriptEngine.runScriptAsRawText(ScriptEngine.java:119)
	at com.kms.katalon.core.main.TestCaseExecutor.runScript(TestCaseExecutor.java:442)
	at com.kms.katalon.core.main.TestCaseExecutor.doExecute(TestCaseExecutor.java:433)
	at com.kms.katalon.core.main.TestCaseExecutor.processExecutionPhase(TestCaseExecutor.java:412)
	at com.kms.katalon.core.main.TestCaseExecutor.accessMainPhase(TestCaseExecutor.java:404)
	at com.kms.katalon.core.main.TestCaseExecutor.execute(TestCaseExecutor.java:281)
	at com.kms.katalon.core.main.TestSuiteExecutor.accessTestCaseMainPhase(TestSuiteExecutor.java:202)
	at com.kms.katalon.core.main.TestSuiteExecutor.accessTestSuiteMainPhase(TestSuiteExecutor.java:164)
	at com.kms.katalon.core.main.TestSuiteExecutor.execute(TestSuiteExecutor.java:105)
	at com.kms.katalon.core.main.TestCaseMain.startTestSuite(TestCaseMain.java:185)
	at com.kms.katalon.core.main.TestCaseMain$startTestSuite$0.call(Unknown Source)
	at TempTestSuite1644598043886.run(TempTestSuite1644598043886.groovy:36)
Caused by: com.kms.katalon.core.webui.exception.WebElementNotFoundException: Web element with id: 'Object Repository/Header/Preview/ClickOnPreviewIcon' located by '//span[contains(text(),'Preview')]//parent::a' not found
	at com.kms.katalon.core.webui.common.WebUiCommonHelper.findWebElement(WebUiCommonHelper.java:1370)
	at com.kms.katalon.core.webui.keyword.internal.WebUIAbstractKeyword.findWebElement(WebUIAbstractKeyword.groovy:27)
	at com.kms.katalon.core.webui.keyword.builtin.ClickKeyword$_click_closure1.doCall(ClickKeyword.groovy:65)
	at com.kms.katalon.core.webui.keyword.builtin.ClickKeyword$_click_closure1.call(ClickKeyword.groovy)
	at com.kms.katalon.core.webui.keyword.internal.WebUIKeywordMain.runKeyword(WebUIKeywordMain.groovy:20)
	... 19 more
"/>
         <system-out><![CDATA[2022-02-11 22:33:14 - [TEST_CASE][FAILED] - Test Cases/StepToReUse/StepTOCopyURLAndAddAnotherTab: Test Cases/StepToReUse/StepTOCopyURLAndAddAnotherTab FAILED.
Reason:
com.kms.katalon.core.exception.StepFailedException: Unable to click on object 'Object Repository/Header/Preview/ClickOnPreviewIcon'
	at com.kms.katalon.core.webui.keyword.internal.WebUIKeywordMain.stepFailed(WebUIKeywordMain.groovy:64)
	at com.kms.katalon.core.webui.keyword.internal.WebUIKeywordMain.runKeyword(WebUIKeywordMain.groovy:26)
	at com.kms.katalon.core.webui.keyword.builtin.ClickKeyword.click(ClickKeyword.groovy:74)
	at com.kms.katalon.core.webui.keyword.builtin.ClickKeyword.execute(ClickKeyword.groovy:40)
	at com.kms.katalon.core.keyword.internal.KeywordExecutor.executeKeywordForPlatform(KeywordExecutor.groovy:74)
	at com.kms.katalon.core.webui.keyword.WebUiBuiltInKeywords.click(WebUiBuiltInKeywords.groovy:620)
	at com.kms.katalon.core.webui.keyword.WebUiBuiltInKeywords$click$2.call(Unknown Source)
	at StepTOCopyURLAndAddAnotherTab.run(StepTOCopyURLAndAddAnotherTab:29)
	at com.kms.katalon.core.main.ScriptEngine.run(ScriptEngine.java:194)
	at com.kms.katalon.core.main.ScriptEngine.runScriptAsRawText(ScriptEngine.java:119)
	at com.kms.katalon.core.main.TestCaseExecutor.runScript(TestCaseExecutor.java:442)
	at com.kms.katalon.core.main.TestCaseExecutor.doExecute(TestCaseExecutor.java:433)
	at com.kms.katalon.core.main.TestCaseExecutor.processExecutionPhase(TestCaseExecutor.java:412)
	at com.kms.katalon.core.main.TestCaseExecutor.accessMainPhase(TestCaseExecutor.java:404)
	at com.kms.katalon.core.main.TestCaseExecutor.execute(TestCaseExecutor.java:281)
	at com.kms.katalon.core.main.TestSuiteExecutor.accessTestCaseMainPhase(TestSuiteExecutor.java:202)
	at com.kms.katalon.core.main.TestSuiteExecutor.accessTestSuiteMainPhase(TestSuiteExecutor.java:164)
	at com.kms.katalon.core.main.TestSuiteExecutor.execute(TestSuiteExecutor.java:105)
	at com.kms.katalon.core.main.TestCaseMain.startTestSuite(TestCaseMain.java:185)
	at com.kms.katalon.core.main.TestCaseMain$startTestSuite$0.call(Unknown Source)
	at TempTestSuite1644598043886.run(TempTestSuite1644598043886.groovy:36)
Caused by: com.kms.katalon.core.webui.exception.WebElementNotFoundException: Web element with id: 'Object Repository/Header/Preview/ClickOnPreviewIcon' located by '//span[contains(text(),'Preview')]//parent::a' not found
	at com.kms.katalon.core.webui.common.WebUiCommonHelper.findWebElement(WebUiCommonHelper.java:1370)
	at com.kms.katalon.core.webui.keyword.internal.WebUIAbstractKeyword.findWebElement(WebUIAbstractKeyword.groovy:27)
	at com.kms.katalon.core.webui.keyword.builtin.ClickKeyword$_click_closure1.doCall(ClickKeyword.groovy:65)
	at com.kms.katalon.core.webui.keyword.builtin.ClickKeyword$_click_closure1.call(ClickKeyword.groovy)
	at com.kms.katalon.core.webui.keyword.internal.WebUIKeywordMain.runKeyword(WebUIKeywordMain.groovy:20)
	... 19 more


2022-02-11 22:33:17 - [TEST_STEP][FAILED] - click(findTestObject("Object Repository/Header/Preview/ClickOnPreviewIcon")): Unable to click on object 'Object Repository/Header/Preview/ClickOnPreviewIcon' (Root cause: com.kms.katalon.core.exception.StepFailedException: Unable to click on object 'Object Repository/Header/Preview/ClickOnPreviewIcon'
	at com.kms.katalon.core.webui.keyword.internal.WebUIKeywordMain.stepFailed(WebUIKeywordMain.groovy:64)
	at com.kms.katalon.core.webui.keyword.internal.WebUIKeywordMain.runKeyword(WebUIKeywordMain.groovy:26)
	at com.kms.katalon.core.webui.keyword.builtin.ClickKeyword.click(ClickKeyword.groovy:74)
	at com.kms.katalon.core.webui.keyword.builtin.ClickKeyword.execute(ClickKeyword.groovy:40)
	at com.kms.katalon.core.keyword.internal.KeywordExecutor.executeKeywordForPlatform(KeywordExecutor.groovy:74)
	at com.kms.katalon.core.webui.keyword.WebUiBuiltInKeywords.click(WebUiBuiltInKeywords.groovy:620)
	at com.kms.katalon.core.webui.keyword.WebUiBuiltInKeywords$click$2.call(Unknown Source)
	at StepTOCopyURLAndAddAnotherTab.run(StepTOCopyURLAndAddAnotherTab:29)
	at com.kms.katalon.core.main.ScriptEngine.run(ScriptEngine.java:194)
	at com.kms.katalon.core.main.ScriptEngine.runScriptAsRawText(ScriptEngine.java:119)
	at com.kms.katalon.core.main.TestCaseExecutor.runScript(TestCaseExecutor.java:442)
	at com.kms.katalon.core.main.TestCaseExecutor.doExecute(TestCaseExecutor.java:433)
	at com.kms.katalon.core.main.TestCaseExecutor.processExecutionPhase(TestCaseExecutor.java:412)
	at com.kms.katalon.core.main.TestCaseExecutor.accessMainPhase(TestCaseExecutor.java:404)
	at com.kms.katalon.core.main.TestCaseExecutor.execute(TestCaseExecutor.java:281)
	at com.kms.katalon.core.main.TestSuiteExecutor.accessTestCaseMainPhase(TestSuiteExecutor.java:202)
	at com.kms.katalon.core.main.TestSuiteExecutor.accessTestSuiteMainPhase(TestSuiteExecutor.java:164)
	at com.kms.katalon.core.main.TestSuiteExecutor.execute(TestSuiteExecutor.java:105)
	at com.kms.katalon.core.main.TestCaseMain.startTestSuite(TestCaseMain.java:185)
	at com.kms.katalon.core.main.TestCaseMain$startTestSuite$0.call(Unknown Source)
	at TempTestSuite1644598043886.run(TempTestSuite1644598043886.groovy:36)
Caused by: com.kms.katalon.core.webui.exception.WebElementNotFoundException: Web element with id: 'Object Repository/Header/Preview/ClickOnPreviewIcon' located by '//span[contains(text(),'Preview')]//parent::a' not found
	at com.kms.katalon.core.webui.common.WebUiCommonHelper.findWebElement(WebUiCommonHelper.java:1370)
	at com.kms.katalon.core.webui.keyword.internal.WebUIAbstractKeyword.findWebElement(WebUIAbstractKeyword.groovy:27)
	at com.kms.katalon.core.webui.keyword.builtin.ClickKeyword$_click_closure1.doCall(ClickKeyword.groovy:65)
	at com.kms.katalon.core.webui.keyword.builtin.ClickKeyword$_click_closure1.call(ClickKeyword.groovy)
	at com.kms.katalon.core.webui.keyword.internal.WebUIKeywordMain.runKeyword(WebUIKeywordMain.groovy:20)
	at com.kms.katalon.core.webui.keyword.builtin.ClickKeyword.click(ClickKeyword.groovy:74)
	at com.kms.katalon.core.webui.keyword.builtin.ClickKeyword.execute(ClickKeyword.groovy:40)
	at com.kms.katalon.core.keyword.internal.KeywordExecutor.executeKeywordForPlatform(KeywordExecutor.groovy:74)
	at com.kms.katalon.core.webui.keyword.WebUiBuiltInKeywords.click(WebUiBuiltInKeywords.groovy:620)
	at com.kms.katalon.core.webui.keyword.WebUiBuiltInKeywords$click$2.call(Unknown Source)
	at Script1644422514682.run(Script1644422514682.groovy:29)
	... 13 more
)

2022-02-11 22:33:49 - [MESSAGE][INFO] - Unable to find the element located by 'By.xpath: //span[contains(text(),'Preview')]//parent::a'. Please recheck the objects properties to make sure the desired element is located. 

2022-02-11 22:33:49 - [MESSAGE][WARNING] - [SELF-HEALING] Failed to find element with id 'Object Repository/Header/Preview/ClickOnPreviewIcon'. Try using Self-healing.

2022-02-11 22:33:50 - [MESSAGE][INFO] - [SELF-HEALING] No working XPath is found.

2022-02-11 22:33:51 - [MESSAGE][INFO] - Unable to find the element located by 'By.xpath: '. Please recheck the objects properties to make sure the desired element is located. 

2022-02-11 22:33:51 - [MESSAGE][WARNING] - [SELF-HEALING] Cannot find elements when the selector is null

2022-02-11 22:33:51 - [MESSAGE][FAILED] - Unable to click on object 'Object Repository/Header/Preview/ClickOnPreviewIcon' (Root cause: com.kms.katalon.core.exception.StepFailedException: Unable to click on object 'Object Repository/Header/Preview/ClickOnPreviewIcon'
	at com.kms.katalon.core.webui.keyword.internal.WebUIKeywordMain.stepFailed(WebUIKeywordMain.groovy:64)
	at com.kms.katalon.core.webui.keyword.internal.WebUIKeywordMain.runKeyword(WebUIKeywordMain.groovy:26)
	at com.kms.katalon.core.webui.keyword.builtin.ClickKeyword.click(ClickKeyword.groovy:74)
	at com.kms.katalon.core.webui.keyword.builtin.ClickKeyword.execute(ClickKeyword.groovy:40)
	at com.kms.katalon.core.keyword.internal.KeywordExecutor.executeKeywordForPlatform(KeywordExecutor.groovy:74)
	at com.kms.katalon.core.webui.keyword.WebUiBuiltInKeywords.click(WebUiBuiltInKeywords.groovy:620)
	at com.kms.katalon.core.webui.keyword.WebUiBuiltInKeywords$click$2.call(Unknown Source)
	at StepTOCopyURLAndAddAnotherTab.run(StepTOCopyURLAndAddAnotherTab:29)
	at com.kms.katalon.core.main.ScriptEngine.run(ScriptEngine.java:194)
	at com.kms.katalon.core.main.ScriptEngine.runScriptAsRawText(ScriptEngine.java:119)
	at com.kms.katalon.core.main.TestCaseExecutor.runScript(TestCaseExecutor.java:442)
	at com.kms.katalon.core.main.TestCaseExecutor.doExecute(TestCaseExecutor.java:433)
	at com.kms.katalon.core.main.TestCaseExecutor.processExecutionPhase(TestCaseExecutor.java:412)
	at com.kms.katalon.core.main.TestCaseExecutor.accessMainPhase(TestCaseExecutor.java:404)
	at com.kms.katalon.core.main.TestCaseExecutor.execute(TestCaseExecutor.java:281)
	at com.kms.katalon.core.main.TestSuiteExecutor.accessTestCaseMainPhase(TestSuiteExecutor.java:202)
	at com.kms.katalon.core.main.TestSuiteExecutor.accessTestSuiteMainPhase(TestSuiteExecutor.java:164)
	at com.kms.katalon.core.main.TestSuiteExecutor.execute(TestSuiteExecutor.java:105)
	at com.kms.katalon.core.main.TestCaseMain.startTestSuite(TestCaseMain.java:185)
	at com.kms.katalon.core.main.TestCaseMain$startTestSuite$0.call(Unknown Source)
	at TempTestSuite1644598043886.run(TempTestSuite1644598043886.groovy:36)
Caused by: com.kms.katalon.core.webui.exception.WebElementNotFoundException: Web element with id: 'Object Repository/Header/Preview/ClickOnPreviewIcon' located by '//span[contains(text(),'Preview')]//parent::a' not found
	at com.kms.katalon.core.webui.common.WebUiCommonHelper.findWebElement(WebUiCommonHelper.java:1370)
	at com.kms.katalon.core.webui.keyword.internal.WebUIAbstractKeyword.findWebElement(WebUIAbstractKeyword.groovy:27)
	at com.kms.katalon.core.webui.keyword.builtin.ClickKeyword$_click_closure1.doCall(ClickKeyword.groovy:65)
	at com.kms.katalon.core.webui.keyword.builtin.ClickKeyword$_click_closure1.call(ClickKeyword.groovy)
	at com.kms.katalon.core.webui.keyword.internal.WebUIKeywordMain.runKeyword(WebUIKeywordMain.groovy:20)
	at com.kms.katalon.core.webui.keyword.builtin.ClickKeyword.click(ClickKeyword.groovy:74)
	at com.kms.katalon.core.webui.keyword.builtin.ClickKeyword.execute(ClickKeyword.groovy:40)
	at com.kms.katalon.core.keyword.internal.KeywordExecutor.executeKeywordForPlatform(KeywordExecutor.groovy:74)
	at com.kms.katalon.core.webui.keyword.WebUiBuiltInKeywords.click(WebUiBuiltInKeywords.groovy:620)
	at com.kms.katalon.core.webui.keyword.WebUiBuiltInKeywords$click$2.call(Unknown Source)
	at Script1644422514682.run(Script1644422514682.groovy:29)
	... 13 more
)
[[ATTACHMENT|D:\\xampp\\htdocs\\training\\Training\\Rattan\\Final_testing\\New_ActivityOverview\\Reports\\20220211_221705\\DetailPop-up-BothSideUrlBasedAndNormal\\20220211_221723\\1644599031287.png]]]]></system-out>
         <system-err><![CDATA[2022-02-11 22:33:14 - [TEST_CASE][FAILED] - Test Cases/StepToReUse/StepTOCopyURLAndAddAnotherTab: Test Cases/StepToReUse/StepTOCopyURLAndAddAnotherTab FAILED.
Reason:
com.kms.katalon.core.exception.StepFailedException: Unable to click on object 'Object Repository/Header/Preview/ClickOnPreviewIcon'
	at com.kms.katalon.core.webui.keyword.internal.WebUIKeywordMain.stepFailed(WebUIKeywordMain.groovy:64)
	at com.kms.katalon.core.webui.keyword.internal.WebUIKeywordMain.runKeyword(WebUIKeywordMain.groovy:26)
	at com.kms.katalon.core.webui.keyword.builtin.ClickKeyword.click(ClickKeyword.groovy:74)
	at com.kms.katalon.core.webui.keyword.builtin.ClickKeyword.execute(ClickKeyword.groovy:40)
	at com.kms.katalon.core.keyword.internal.KeywordExecutor.executeKeywordForPlatform(KeywordExecutor.groovy:74)
	at com.kms.katalon.core.webui.keyword.WebUiBuiltInKeywords.click(WebUiBuiltInKeywords.groovy:620)
	at com.kms.katalon.core.webui.keyword.WebUiBuiltInKeywords$click$2.call(Unknown Source)
	at StepTOCopyURLAndAddAnotherTab.run(StepTOCopyURLAndAddAnotherTab:29)
	at com.kms.katalon.core.main.ScriptEngine.run(ScriptEngine.java:194)
	at com.kms.katalon.core.main.ScriptEngine.runScriptAsRawText(ScriptEngine.java:119)
	at com.kms.katalon.core.main.TestCaseExecutor.runScript(TestCaseExecutor.java:442)
	at com.kms.katalon.core.main.TestCaseExecutor.doExecute(TestCaseExecutor.java:433)
	at com.kms.katalon.core.main.TestCaseExecutor.processExecutionPhase(TestCaseExecutor.java:412)
	at com.kms.katalon.core.main.TestCaseExecutor.accessMainPhase(TestCaseExecutor.java:404)
	at com.kms.katalon.core.main.TestCaseExecutor.execute(TestCaseExecutor.java:281)
	at com.kms.katalon.core.main.TestSuiteExecutor.accessTestCaseMainPhase(TestSuiteExecutor.java:202)
	at com.kms.katalon.core.main.TestSuiteExecutor.accessTestSuiteMainPhase(TestSuiteExecutor.java:164)
	at com.kms.katalon.core.main.TestSuiteExecutor.execute(TestSuiteExecutor.java:105)
	at com.kms.katalon.core.main.TestCaseMain.startTestSuite(TestCaseMain.java:185)
	at com.kms.katalon.core.main.TestCaseMain$startTestSuite$0.call(Unknown Source)
	at TempTestSuite1644598043886.run(TempTestSuite1644598043886.groovy:36)
Caused by: com.kms.katalon.core.webui.exception.WebElementNotFoundException: Web element with id: 'Object Repository/Header/Preview/ClickOnPreviewIcon' located by '//span[contains(text(),'Preview')]//parent::a' not found
	at com.kms.katalon.core.webui.common.WebUiCommonHelper.findWebElement(WebUiCommonHelper.java:1370)
	at com.kms.katalon.core.webui.keyword.internal.WebUIAbstractKeyword.findWebElement(WebUIAbstractKeyword.groovy:27)
	at com.kms.katalon.core.webui.keyword.builtin.ClickKeyword$_click_closure1.doCall(ClickKeyword.groovy:65)
	at com.kms.katalon.core.webui.keyword.builtin.ClickKeyword$_click_closure1.call(ClickKeyword.groovy)
	at com.kms.katalon.core.webui.keyword.internal.WebUIKeywordMain.runKeyword(WebUIKeywordMain.groovy:20)
	... 19 more]]></system-err>
      </testcase>
      <testcase name="Test Cases/NewActivityOverview-LeftNavigation/ActivityOverview-OpenDetailPop-up - CopiedURL" time="85.702" classname="Test Cases/NewActivityOverview-LeftNavigation/ActivityOverview-OpenDetailPop-up - CopiedURL" status="PASSED">
         <system-out><![CDATA[2022-02-11 22:33:51 - [TEST_CASE][PASSED] - Test Cases/NewActivityOverview-LeftNavigation/ActivityOverview-OpenDetailPop-up - CopiedURL: Test Cases/NewActivityOverview-LeftNavigation/ActivityOverview-OpenDetailPop-up - CopiedURL

2022-02-11 22:33:51 - [TEST_STEP][PASSED] - switchToWindowIndex(1): Switched to window with index: '1'

2022-02-11 22:33:51 - [MESSAGE][PASSED] - Switched to window with index: '1'

2022-02-11 22:33:51 - [TEST_STEP][PASSED] - delay(5): Delayed 5 second(s)

2022-02-11 22:33:56 - [MESSAGE][PASSED] - Delayed 5 second(s)

2022-02-11 22:33:56 - [TEST_STEP][PASSED] - navigateToUrl(ActivityUrl): Navigate to 'https://activity.test-prio.com/orders/164448172323101' successfully

2022-02-11 22:34:00 - [MESSAGE][PASSED] - Navigate to 'https://activity.test-prio.com/orders/164448172323101' successfully

2022-02-11 22:34:00 - [TEST_STEP][PASSED] - takeScreenshot(): Taking screenshot successfully

2022-02-11 22:34:01 - [MESSAGE][PASSED] - Taking screenshot successfully
[[ATTACHMENT|D:\\xampp\\htdocs\\training\\Training\\Rattan\\Final_testing\\New_ActivityOverview\\Reports\\20220211_221705\\DetailPop-up-BothSideUrlBasedAndNormal\\20220211_221723\\1644599040838.png]]

2022-02-11 22:34:01 - [TEST_STEP][PASSED] - switchToDefaultContent(): null

2022-02-11 22:34:01 - [TEST_STEP][PASSED] - if (waitForElementPresent(findTestObject("Object Repository/DetailPop-up/ExpanSection/ProductInformationExpandedSection-Exist"), 10)): Object 'Object Repository/DetailPop-up/ExpanSection/ProductInformationExpandedSection-Exist' is not present after 10 second(s)

2022-02-11 22:34:12 - [MESSAGE][INFO] - Unable to find the element located by 'By.xpath: //div[@class='order-detail-left']//li[@class='order-list confirm hash-link-parent active']'. Please recheck the objects properties to make sure the desired element is located. 

2022-02-11 22:34:12 - [MESSAGE][WARNING] - [SELF-HEALING] Failed to find element with id 'Object Repository/DetailPop-up/ExpanSection/ProductInformationExpandedSection-Exist'. Try using Self-healing.

2022-02-11 22:34:13 - [MESSAGE][INFO] - [SELF-HEALING] No working XPath is found.

2022-02-11 22:34:14 - [MESSAGE][INFO] - Unable to find the element located by 'By.xpath: '. Please recheck the objects properties to make sure the desired element is located. 

2022-02-11 22:34:14 - [MESSAGE][WARNING] - [SELF-HEALING] Cannot find elements when the selector is null

2022-02-11 22:34:14 - [MESSAGE][WARNING] - Object 'Object Repository/DetailPop-up/ExpanSection/ProductInformationExpandedSection-Exist' is not present after 10 second(s)

2022-02-11 22:34:14 - [TEST_STEP][PASSED] - bookingsize = findWebElements(findTestObject("Object Repository/DetailPop-up/ExpanSection/ProductSectionLength"), 5).size(): null

2022-02-11 22:34:14 - [TEST_STEP][PASSED] - logInfo(Size of Bookings on Product detail Pop-up: $bookingsize): Size of Bookings on Product detail Pop-up: 1

2022-02-11 22:34:14 - [MESSAGE][INFO] - Size of Bookings on Product detail Pop-up: 1

2022-02-11 22:34:14 - [TEST_STEP][PASSED] - for ([looping = 1, looping <= bookingsize, (looping++)]): Object 'Object Repository/DetailPop-up/InformationSection/Details' is not visible after 15 second(s)

2022-02-11 22:34:14 - [TEST_STEP][PASSED] - click(findTestObject("Object Repository/DetailPop-up/ExpanSection/ExpandProductSection", ["position":looping])): Object: 'Object Repository/DetailPop-up/ExpanSection/ExpandProductSection' is clicked on

2022-02-11 22:34:18 - [MESSAGE][PASSED] - Object: 'Object Repository/DetailPop-up/ExpanSection/ExpandProductSection' is clicked on

2022-02-11 22:34:18 - [TEST_STEP][PASSED] - delay(3): Delayed 3 second(s)

2022-02-11 22:34:21 - [MESSAGE][PASSED] - Delayed 3 second(s)

2022-02-11 22:34:21 - [TEST_STEP][PASSED] - takeScreenshot(): Taking screenshot successfully

2022-02-11 22:34:22 - [MESSAGE][PASSED] - Taking screenshot successfully
[[ATTACHMENT|D:\\xampp\\htdocs\\training\\Training\\Rattan\\Final_testing\\New_ActivityOverview\\Reports\\20220211_221705\\DetailPop-up-BothSideUrlBasedAndNormal\\20220211_221723\\1644599062136.png]]

2022-02-11 22:34:22 - [TEST_STEP][PASSED] - if (waitForElementVisible(findTestObject("Object Repository/DetailPop-up/InformationSection/Details", ["position":"1", "position2":"1"]), 15) == true): Taking screenshot successfully

2022-02-11 22:34:23 - [MESSAGE][PASSED] - Object 'Object Repository/DetailPop-up/InformationSection/Details' is visible

2022-02-11 22:34:23 - [TEST_STEP][PASSED] - click(findTestObject("Object Repository/DetailPop-up/InformationSection/Details", ["position":"1", "position2":"1"])): Object: 'Object Repository/DetailPop-up/InformationSection/Details' is clicked on

2022-02-11 22:34:26 - [MESSAGE][PASSED] - Object: 'Object Repository/DetailPop-up/InformationSection/Details' is clicked on

2022-02-11 22:34:26 - [TEST_STEP][PASSED] - delay(3): Delayed 3 second(s)

2022-02-11 22:34:29 - [MESSAGE][PASSED] - Delayed 3 second(s)

2022-02-11 22:34:29 - [TEST_STEP][PASSED] - takeScreenshot(): Taking screenshot successfully

2022-02-11 22:34:30 - [MESSAGE][PASSED] - Taking screenshot successfully
[[ATTACHMENT|D:\\xampp\\htdocs\\training\\Training\\Rattan\\Final_testing\\New_ActivityOverview\\Reports\\20220211_221705\\DetailPop-up-BothSideUrlBasedAndNormal\\20220211_221723\\1644599069838.png]]

2022-02-11 22:34:30 - [TEST_STEP][PASSED] - if (waitForElementVisible(findTestObject("Object Repository/DetailPop-up/InformationSection/Details", ["position":"1", "position2":"2"]), 15) == true): Taking screenshot successfully

2022-02-11 22:34:30 - [MESSAGE][PASSED] - Object 'Object Repository/DetailPop-up/InformationSection/Details' is visible

2022-02-11 22:34:30 - [TEST_STEP][PASSED] - click(findTestObject("Object Repository/DetailPop-up/InformationSection/Details", ["position":"1", "position2":"2"])): Object: 'Object Repository/DetailPop-up/InformationSection/Details' is clicked on

2022-02-11 22:34:34 - [MESSAGE][PASSED] - Object: 'Object Repository/DetailPop-up/InformationSection/Details' is clicked on

2022-02-11 22:34:34 - [TEST_STEP][PASSED] - delay(3): Delayed 3 second(s)

2022-02-11 22:34:37 - [MESSAGE][PASSED] - Delayed 3 second(s)

2022-02-11 22:34:37 - [TEST_STEP][PASSED] - takeScreenshot(): Taking screenshot successfully

2022-02-11 22:34:38 - [MESSAGE][PASSED] - Taking screenshot successfully
[[ATTACHMENT|D:\\xampp\\htdocs\\training\\Training\\Rattan\\Final_testing\\New_ActivityOverview\\Reports\\20220211_221705\\DetailPop-up-BothSideUrlBasedAndNormal\\20220211_221723\\1644599078267.png]]

2022-02-11 22:34:38 - [TEST_STEP][PASSED] - if (waitForElementVisible(findTestObject("Object Repository/DetailPop-up/InformationSection/Details", ["position":"1", "position2":"3"]), 15) == true): Taking screenshot successfully

2022-02-11 22:34:40 - [MESSAGE][PASSED] - Object 'Object Repository/DetailPop-up/InformationSection/Details' is visible

2022-02-11 22:34:40 - [TEST_STEP][PASSED] - click(findTestObject("Object Repository/DetailPop-up/InformationSection/Details", ["position":"1", "position2":"3"])): Object: 'Object Repository/DetailPop-up/InformationSection/Details' is clicked on

2022-02-11 22:34:45 - [MESSAGE][PASSED] - Object: 'Object Repository/DetailPop-up/InformationSection/Details' is clicked on

2022-02-11 22:34:45 - [TEST_STEP][PASSED] - delay(3): Delayed 3 second(s)

2022-02-11 22:34:48 - [MESSAGE][PASSED] - Delayed 3 second(s)

2022-02-11 22:34:48 - [TEST_STEP][PASSED] - takeScreenshot(): Taking screenshot successfully

2022-02-11 22:34:51 - [MESSAGE][PASSED] - Taking screenshot successfully
[[ATTACHMENT|D:\\xampp\\htdocs\\training\\Training\\Rattan\\Final_testing\\New_ActivityOverview\\Reports\\20220211_221705\\DetailPop-up-BothSideUrlBasedAndNormal\\20220211_221723\\1644599089958.png]]

2022-02-11 22:34:51 - [TEST_STEP][PASSED] - if (waitForElementVisible(findTestObject("Object Repository/DetailPop-up/InformationSection/Details", ["position":"1", "position2":"5"]), 15) == true): Taking screenshot successfully

2022-02-11 22:34:52 - [MESSAGE][PASSED] - Object 'Object Repository/DetailPop-up/InformationSection/Details' is visible

2022-02-11 22:34:52 - [TEST_STEP][PASSED] - click(findTestObject("Object Repository/DetailPop-up/InformationSection/Details", ["position":"1", "position2":"5"])): Object: 'Object Repository/DetailPop-up/InformationSection/Details' is clicked on

2022-02-11 22:34:56 - [MESSAGE][PASSED] - Object: 'Object Repository/DetailPop-up/InformationSection/Details' is clicked on

2022-02-11 22:34:56 - [TEST_STEP][PASSED] - delay(3): Delayed 3 second(s)

2022-02-11 22:34:59 - [MESSAGE][PASSED] - Delayed 3 second(s)

2022-02-11 22:34:59 - [TEST_STEP][PASSED] - takeScreenshot(): Taking screenshot successfully

2022-02-11 22:35:00 - [MESSAGE][PASSED] - Taking screenshot successfully
[[ATTACHMENT|D:\\xampp\\htdocs\\training\\Training\\Rattan\\Final_testing\\New_ActivityOverview\\Reports\\20220211_221705\\DetailPop-up-BothSideUrlBasedAndNormal\\20220211_221723\\1644599100099.png]]

2022-02-11 22:35:00 - [TEST_STEP][PASSED] - if (waitForElementVisible(findTestObject("Object Repository/DetailPop-up/InformationSection/Details", ["position":"1", "position2":"4"]), 15) == true): Object 'Object Repository/DetailPop-up/InformationSection/Details' is not visible after 15 second(s)

2022-02-11 22:35:16 - [MESSAGE][WARNING] - Object 'Object Repository/DetailPop-up/InformationSection/Details' is not visible after 15 second(s)

2022-02-11 22:35:16 - [TEST_STEP][PASSED] - if (waitForElementClickable(findTestObject("Object Repository/DetailPop-up/ExpanSection/SubProductList-ClickOnExpandView", ["position":"1"]), 15)): null

2022-02-11 22:35:16 - [MESSAGE][PASSED] - Object 'Object Repository/DetailPop-up/ExpanSection/SubProductList-ClickOnExpandView' is clickable

2022-02-11 22:35:16 - [TEST_STEP][PASSED] - SubProductsInBookingSize = findWebElements(findTestObject("Object Repository/DetailPop-up/ExpanSection/SubProductListLength"), 5).size(): null

2022-02-11 22:35:17 - [TEST_STEP][PASSED] - logInfo(Size of Bookings on Product detail Pop-up: $SubProductsInBookingSize): Size of Bookings on Product detail Pop-up: 2

2022-02-11 22:35:17 - [MESSAGE][INFO] - Size of Bookings on Product detail Pop-up: 2

2022-02-11 22:35:17 - [TEST_STEP][PASSED] - for ([sublooping = 80, sublooping < SubProductsInBookingSize, (sublooping++)]): null]]></system-out>
         <system-err><![CDATA[]]></system-err>
      </testcase>
      <system-out><![CDATA[2022-02-11 22:22:32 - [TEST_SUITE][FAILED] - DetailPop-up-BothSideUrlBasedAndNormal: Test Cases/NewActivityOverview-LeftNavigation/ActivityOverview-OpenDetailPop-up FAILED.
Reason:
com.kms.katalon.core.exception.StepFailedException: Unable to call Test Case 'Test Cases/StepToReUse/StepTOCopyURLAndAddAnotherTab' (Root cause: com.kms.katalon.core.exception.StepFailedException: Call Test Case 'Test Cases/StepToReUse/StepTOCopyURLAndAddAnotherTab' failed
	at com.kms.katalon.core.keyword.builtin.CallTestCaseKeyword$_callTestCase_closure1.doCall(CallTestCaseKeyword.groovy:63)
	at com.kms.katalon.core.keyword.builtin.CallTestCaseKeyword$_callTestCase_closure1.call(CallTestCaseKeyword.groovy)
	at com.kms.katalon.core.keyword.internal.KeywordMain.runKeyword(KeywordMain.groovy:74)
	at com.kms.katalon.core.keyword.builtin.CallTestCaseKeyword.callTestCase(CallTestCaseKeyword.groovy:81)
	at com.kms.katalon.core.keyword.builtin.CallTestCaseKeyword.execute(CallTestCaseKeyword.groovy:44)
	at com.kms.katalon.core.keyword.internal.KeywordExecutor.executeKeywordForPlatform(KeywordExecutor.groovy:74)
	at com.kms.katalon.core.keyword.BuiltinKeywords.callTestCase(BuiltinKeywords.groovy:334)
	at ActivityOverview-OpenDetailPop-up.run(ActivityOverview-OpenDetailPop-up:226)
	at com.kms.katalon.core.main.ScriptEngine.run(ScriptEngine.java:194)
	at com.kms.katalon.core.main.ScriptEngine.runScriptAsRawText(ScriptEngine.java:119)
	at com.kms.katalon.core.main.TestCaseExecutor.runScript(TestCaseExecutor.java:442)
	at com.kms.katalon.core.main.TestCaseExecutor.doExecute(TestCaseExecutor.java:433)
	at com.kms.katalon.core.main.TestCaseExecutor.processExecutionPhase(TestCaseExecutor.java:412)
	at com.kms.katalon.core.main.TestCaseExecutor.accessMainPhase(TestCaseExecutor.java:404)
	at com.kms.katalon.core.main.TestCaseExecutor.execute(TestCaseExecutor.java:281)
	at com.kms.katalon.core.main.TestSuiteExecutor.accessTestCaseMainPhase(TestSuiteExecutor.java:202)
	at com.kms.katalon.core.main.TestSuiteExecutor.accessTestSuiteMainPhase(TestSuiteExecutor.java:164)
	at com.kms.katalon.core.main.TestSuiteExecutor.execute(TestSuiteExecutor.java:105)
	at com.kms.katalon.core.main.TestCaseMain.startTestSuite(TestCaseMain.java:185)
	at com.kms.katalon.core.main.TestCaseMain$startTestSuite$0.call(Unknown Source)
	at TempTestSuite1644598043886.run(TempTestSuite1644598043886.groovy:36)
Caused by: com.kms.katalon.core.exception.StepFailedException: Unable to click on object 'Object Repository/Header/Preview/ClickOnPreviewIcon'
	at com.kms.katalon.core.webui.keyword.internal.WebUIKeywordMain.stepFailed(WebUIKeywordMain.groovy:64)
	at com.kms.katalon.core.webui.keyword.internal.WebUIKeywordMain.runKeyword(WebUIKeywordMain.groovy:26)
	at com.kms.katalon.core.webui.keyword.builtin.ClickKeyword.click(ClickKeyword.groovy:74)
	at com.kms.katalon.core.webui.keyword.builtin.ClickKeyword.execute(ClickKeyword.groovy:40)
	at com.kms.katalon.core.keyword.internal.KeywordExecutor.executeKeywordForPlatform(KeywordExecutor.groovy:74)
	at com.kms.katalon.core.webui.keyword.WebUiBuiltInKeywords.click(WebUiBuiltInKeywords.groovy:620)
	at com.kms.katalon.core.webui.keyword.WebUiBuiltInKeywords$click$2.call(Unknown Source)
	at StepTOCopyURLAndAddAnotherTab.run(StepTOCopyURLAndAddAnotherTab:29)
	at com.kms.katalon.core.main.ScriptEngine.run(ScriptEngine.java:194)
	at com.kms.katalon.core.main.ScriptEngine.runScriptAsRawText(ScriptEngine.java:119)
	at com.kms.katalon.core.main.TestCaseExecutor.runScript(TestCaseExecutor.java:442)
	at com.kms.katalon.core.main.TestCaseExecutor.doExecute(TestCaseExecutor.java:433)
	at com.kms.katalon.core.main.TestCaseExecutor.processExecutionPhase(TestCaseExecutor.java:412)
	at com.kms.katalon.core.main.TestCaseExecutor.accessMainPhase(TestCaseExecutor.java:404)
	at com.kms.katalon.core.main.TestCaseExecutor.execute(TestCaseExecutor.java:281)
	at com.kms.katalon.core.main.TestCaseMain.runTestCase(TestCaseMain.java:142)
	at com.kms.katalon.core.keyword.builtin.CallTestCaseKeyword$_callTestCase_closure1.doCall(CallTestCaseKeyword.groovy:59)
	... 20 more
Caused by: com.kms.katalon.core.webui.exception.WebElementNotFoundException: Web element with id: 'Object Repository/Header/Preview/ClickOnPreviewIcon' located by '//span[contains(text(),'Preview')]//parent::a' not found
	at com.kms.katalon.core.webui.common.WebUiCommonHelper.findWebElement(WebUiCommonHelper.java:1370)
	at com.kms.katalon.core.webui.keyword.internal.WebUIAbstractKeyword.findWebElement(WebUIAbstractKeyword.groovy:27)
	at com.kms.katalon.core.webui.keyword.builtin.ClickKeyword$_click_closure1.doCall(ClickKeyword.groovy:65)
	at com.kms.katalon.core.webui.keyword.builtin.ClickKeyword$_click_closure1.call(ClickKeyword.groovy)
	at com.kms.katalon.core.webui.keyword.internal.WebUIKeywordMain.runKeyword(WebUIKeywordMain.groovy:20)
	... 35 more
)
	at com.kms.katalon.core.keyword.internal.KeywordMain.stepFailed(KeywordMain.groovy:39)
	at com.kms.katalon.core.keyword.internal.KeywordMain.stepFailed(KeywordMain.groovy)
	at com.kms.katalon.core.keyword.internal.KeywordMain.runKeyword(KeywordMain.groovy:76)
	at com.kms.katalon.core.keyword.builtin.CallTestCaseKeyword.callTestCase(CallTestCaseKeyword.groovy:81)
	at com.kms.katalon.core.keyword.builtin.CallTestCaseKeyword.execute(CallTestCaseKeyword.groovy:44)
	at com.kms.katalon.core.keyword.internal.KeywordExecutor.executeKeywordForPlatform(KeywordExecutor.groovy:74)
	at com.kms.katalon.core.keyword.BuiltinKeywords.callTestCase(BuiltinKeywords.groovy:334)
	at ActivityOverview-OpenDetailPop-up.run(ActivityOverview-OpenDetailPop-up:226)
	at com.kms.katalon.core.main.ScriptEngine.run(ScriptEngine.java:194)
	at com.kms.katalon.core.main.ScriptEngine.runScriptAsRawText(ScriptEngine.java:119)
	at com.kms.katalon.core.main.TestCaseExecutor.runScript(TestCaseExecutor.java:442)
	at com.kms.katalon.core.main.TestCaseExecutor.doExecute(TestCaseExecutor.java:433)
	at com.kms.katalon.core.main.TestCaseExecutor.processExecutionPhase(TestCaseExecutor.java:412)
	at com.kms.katalon.core.main.TestCaseExecutor.accessMainPhase(TestCaseExecutor.java:404)
	at com.kms.katalon.core.main.TestCaseExecutor.execute(TestCaseExecutor.java:281)
	at com.kms.katalon.core.main.TestSuiteExecutor.accessTestCaseMainPhase(TestSuiteExecutor.java:202)
	at com.kms.katalon.core.main.TestSuiteExecutor.accessTestSuiteMainPhase(TestSuiteExecutor.java:164)
	at com.kms.katalon.core.main.TestSuiteExecutor.execute(TestSuiteExecutor.java:105)
	at com.kms.katalon.core.main.TestCaseMain.startTestSuite(TestCaseMain.java:185)
	at com.kms.katalon.core.main.TestCaseMain$startTestSuite$0.call(Unknown Source)
	at TempTestSuite1644598043886.run(TempTestSuite1644598043886.groovy:36)
Caused by: com.kms.katalon.core.exception.StepFailedException: Call Test Case 'Test Cases/StepToReUse/StepTOCopyURLAndAddAnotherTab' failed
	at com.kms.katalon.core.keyword.builtin.CallTestCaseKeyword$_callTestCase_closure1.doCall(CallTestCaseKeyword.groovy:63)
	at com.kms.katalon.core.keyword.builtin.CallTestCaseKeyword$_callTestCase_closure1.call(CallTestCaseKeyword.groovy)
	at com.kms.katalon.core.keyword.internal.KeywordMain.runKeyword(KeywordMain.groovy:74)
	... 18 more
Caused by: com.kms.katalon.core.exception.StepFailedException: Unable to click on object 'Object Repository/Header/Preview/ClickOnPreviewIcon'
	at com.kms.katalon.core.webui.keyword.internal.WebUIKeywordMain.stepFailed(WebUIKeywordMain.groovy:64)
	at com.kms.katalon.core.webui.keyword.internal.WebUIKeywordMain.runKeyword(WebUIKeywordMain.groovy:26)
	at com.kms.katalon.core.webui.keyword.builtin.ClickKeyword.click(ClickKeyword.groovy:74)
	at com.kms.katalon.core.webui.keyword.builtin.ClickKeyword.execute(ClickKeyword.groovy:40)
	at com.kms.katalon.core.keyword.internal.KeywordExecutor.executeKeywordForPlatform(KeywordExecutor.groovy:74)
	at com.kms.katalon.core.webui.keyword.WebUiBuiltInKeywords.click(WebUiBuiltInKeywords.groovy:620)
	at com.kms.katalon.core.webui.keyword.WebUiBuiltInKeywords$click$2.call(Unknown Source)
	at StepTOCopyURLAndAddAnotherTab.run(StepTOCopyURLAndAddAnotherTab:29)
	at com.kms.katalon.core.main.ScriptEngine.run(ScriptEngine.java:194)
	at com.kms.katalon.core.main.ScriptEngine.runScriptAsRawText(ScriptEngine.java:119)
	at com.kms.katalon.core.main.TestCaseExecutor.runScript(TestCaseExecutor.java:442)
	at com.kms.katalon.core.main.TestCaseExecutor.doExecute(TestCaseExecutor.java:433)
	at com.kms.katalon.core.main.TestCaseExecutor.processExecutionPhase(TestCaseExecutor.java:412)
	at com.kms.katalon.core.main.TestCaseExecutor.accessMainPhase(TestCaseExecutor.java:404)
	at com.kms.katalon.core.main.TestCaseExecutor.execute(TestCaseExecutor.java:281)
	at com.kms.katalon.core.main.TestCaseMain.runTestCase(TestCaseMain.java:142)
	at com.kms.katalon.core.keyword.builtin.CallTestCaseKeyword$_callTestCase_closure1.doCall(CallTestCaseKeyword.groovy:59)
	... 20 more
Caused by: com.kms.katalon.core.webui.exception.WebElementNotFoundException: Web element with id: 'Object Repository/Header/Preview/ClickOnPreviewIcon' located by '//span[contains(text(),'Preview')]//parent::a' not found
	at com.kms.katalon.core.webui.common.WebUiCommonHelper.findWebElement(WebUiCommonHelper.java:1370)
	at com.kms.katalon.core.webui.keyword.internal.WebUIAbstractKeyword.findWebElement(WebUIAbstractKeyword.groovy:27)
	at com.kms.katalon.core.webui.keyword.builtin.ClickKeyword$_click_closure1.doCall(ClickKeyword.groovy:65)
	at com.kms.katalon.core.webui.keyword.builtin.ClickKeyword$_click_closure1.call(ClickKeyword.groovy)
	at com.kms.katalon.core.webui.keyword.internal.WebUIKeywordMain.runKeyword(WebUIKeywordMain.groovy:20)
	... 35 more]]></system-out>
      <system-err><![CDATA[2022-02-11 22:22:32 - [TEST_SUITE][FAILED] - DetailPop-up-BothSideUrlBasedAndNormal: Test Cases/NewActivityOverview-LeftNavigation/ActivityOverview-OpenDetailPop-up FAILED.
Reason:
com.kms.katalon.core.exception.StepFailedException: Unable to call Test Case 'Test Cases/StepToReUse/StepTOCopyURLAndAddAnotherTab' (Root cause: com.kms.katalon.core.exception.StepFailedException: Call Test Case 'Test Cases/StepToReUse/StepTOCopyURLAndAddAnotherTab' failed
	at com.kms.katalon.core.keyword.builtin.CallTestCaseKeyword$_callTestCase_closure1.doCall(CallTestCaseKeyword.groovy:63)
	at com.kms.katalon.core.keyword.builtin.CallTestCaseKeyword$_callTestCase_closure1.call(CallTestCaseKeyword.groovy)
	at com.kms.katalon.core.keyword.internal.KeywordMain.runKeyword(KeywordMain.groovy:74)
	at com.kms.katalon.core.keyword.builtin.CallTestCaseKeyword.callTestCase(CallTestCaseKeyword.groovy:81)
	at com.kms.katalon.core.keyword.builtin.CallTestCaseKeyword.execute(CallTestCaseKeyword.groovy:44)
	at com.kms.katalon.core.keyword.internal.KeywordExecutor.executeKeywordForPlatform(KeywordExecutor.groovy:74)
	at com.kms.katalon.core.keyword.BuiltinKeywords.callTestCase(BuiltinKeywords.groovy:334)
	at ActivityOverview-OpenDetailPop-up.run(ActivityOverview-OpenDetailPop-up:226)
	at com.kms.katalon.core.main.ScriptEngine.run(ScriptEngine.java:194)
	at com.kms.katalon.core.main.ScriptEngine.runScriptAsRawText(ScriptEngine.java:119)
	at com.kms.katalon.core.main.TestCaseExecutor.runScript(TestCaseExecutor.java:442)
	at com.kms.katalon.core.main.TestCaseExecutor.doExecute(TestCaseExecutor.java:433)
	at com.kms.katalon.core.main.TestCaseExecutor.processExecutionPhase(TestCaseExecutor.java:412)
	at com.kms.katalon.core.main.TestCaseExecutor.accessMainPhase(TestCaseExecutor.java:404)
	at com.kms.katalon.core.main.TestCaseExecutor.execute(TestCaseExecutor.java:281)
	at com.kms.katalon.core.main.TestSuiteExecutor.accessTestCaseMainPhase(TestSuiteExecutor.java:202)
	at com.kms.katalon.core.main.TestSuiteExecutor.accessTestSuiteMainPhase(TestSuiteExecutor.java:164)
	at com.kms.katalon.core.main.TestSuiteExecutor.execute(TestSuiteExecutor.java:105)
	at com.kms.katalon.core.main.TestCaseMain.startTestSuite(TestCaseMain.java:185)
	at com.kms.katalon.core.main.TestCaseMain$startTestSuite$0.call(Unknown Source)
	at TempTestSuite1644598043886.run(TempTestSuite1644598043886.groovy:36)
Caused by: com.kms.katalon.core.exception.StepFailedException: Unable to click on object 'Object Repository/Header/Preview/ClickOnPreviewIcon'
	at com.kms.katalon.core.webui.keyword.internal.WebUIKeywordMain.stepFailed(WebUIKeywordMain.groovy:64)
	at com.kms.katalon.core.webui.keyword.internal.WebUIKeywordMain.runKeyword(WebUIKeywordMain.groovy:26)
	at com.kms.katalon.core.webui.keyword.builtin.ClickKeyword.click(ClickKeyword.groovy:74)
	at com.kms.katalon.core.webui.keyword.builtin.ClickKeyword.execute(ClickKeyword.groovy:40)
	at com.kms.katalon.core.keyword.internal.KeywordExecutor.executeKeywordForPlatform(KeywordExecutor.groovy:74)
	at com.kms.katalon.core.webui.keyword.WebUiBuiltInKeywords.click(WebUiBuiltInKeywords.groovy:620)
	at com.kms.katalon.core.webui.keyword.WebUiBuiltInKeywords$click$2.call(Unknown Source)
	at StepTOCopyURLAndAddAnotherTab.run(StepTOCopyURLAndAddAnotherTab:29)
	at com.kms.katalon.core.main.ScriptEngine.run(ScriptEngine.java:194)
	at com.kms.katalon.core.main.ScriptEngine.runScriptAsRawText(ScriptEngine.java:119)
	at com.kms.katalon.core.main.TestCaseExecutor.runScript(TestCaseExecutor.java:442)
	at com.kms.katalon.core.main.TestCaseExecutor.doExecute(TestCaseExecutor.java:433)
	at com.kms.katalon.core.main.TestCaseExecutor.processExecutionPhase(TestCaseExecutor.java:412)
	at com.kms.katalon.core.main.TestCaseExecutor.accessMainPhase(TestCaseExecutor.java:404)
	at com.kms.katalon.core.main.TestCaseExecutor.execute(TestCaseExecutor.java:281)
	at com.kms.katalon.core.main.TestCaseMain.runTestCase(TestCaseMain.java:142)
	at com.kms.katalon.core.keyword.builtin.CallTestCaseKeyword$_callTestCase_closure1.doCall(CallTestCaseKeyword.groovy:59)
	... 20 more
Caused by: com.kms.katalon.core.webui.exception.WebElementNotFoundException: Web element with id: 'Object Repository/Header/Preview/ClickOnPreviewIcon' located by '//span[contains(text(),'Preview')]//parent::a' not found
	at com.kms.katalon.core.webui.common.WebUiCommonHelper.findWebElement(WebUiCommonHelper.java:1370)
	at com.kms.katalon.core.webui.keyword.internal.WebUIAbstractKeyword.findWebElement(WebUIAbstractKeyword.groovy:27)
	at com.kms.katalon.core.webui.keyword.builtin.ClickKeyword$_click_closure1.doCall(ClickKeyword.groovy:65)
	at com.kms.katalon.core.webui.keyword.builtin.ClickKeyword$_click_closure1.call(ClickKeyword.groovy)
	at com.kms.katalon.core.webui.keyword.internal.WebUIKeywordMain.runKeyword(WebUIKeywordMain.groovy:20)
	... 35 more
)
	at com.kms.katalon.core.keyword.internal.KeywordMain.stepFailed(KeywordMain.groovy:39)
	at com.kms.katalon.core.keyword.internal.KeywordMain.stepFailed(KeywordMain.groovy)
	at com.kms.katalon.core.keyword.internal.KeywordMain.runKeyword(KeywordMain.groovy:76)
	at com.kms.katalon.core.keyword.builtin.CallTestCaseKeyword.callTestCase(CallTestCaseKeyword.groovy:81)
	at com.kms.katalon.core.keyword.builtin.CallTestCaseKeyword.execute(CallTestCaseKeyword.groovy:44)
	at com.kms.katalon.core.keyword.internal.KeywordExecutor.executeKeywordForPlatform(KeywordExecutor.groovy:74)
	at com.kms.katalon.core.keyword.BuiltinKeywords.callTestCase(BuiltinKeywords.groovy:334)
	at ActivityOverview-OpenDetailPop-up.run(ActivityOverview-OpenDetailPop-up:226)
	at com.kms.katalon.core.main.ScriptEngine.run(ScriptEngine.java:194)
	at com.kms.katalon.core.main.ScriptEngine.runScriptAsRawText(ScriptEngine.java:119)
	at com.kms.katalon.core.main.TestCaseExecutor.runScript(TestCaseExecutor.java:442)
	at com.kms.katalon.core.main.TestCaseExecutor.doExecute(TestCaseExecutor.java:433)
	at com.kms.katalon.core.main.TestCaseExecutor.processExecutionPhase(TestCaseExecutor.java:412)
	at com.kms.katalon.core.main.TestCaseExecutor.accessMainPhase(TestCaseExecutor.java:404)
	at com.kms.katalon.core.main.TestCaseExecutor.execute(TestCaseExecutor.java:281)
	at com.kms.katalon.core.main.TestSuiteExecutor.accessTestCaseMainPhase(TestSuiteExecutor.java:202)
	at com.kms.katalon.core.main.TestSuiteExecutor.accessTestSuiteMainPhase(TestSuiteExecutor.java:164)
	at com.kms.katalon.core.main.TestSuiteExecutor.execute(TestSuiteExecutor.java:105)
	at com.kms.katalon.core.main.TestCaseMain.startTestSuite(TestCaseMain.java:185)
	at com.kms.katalon.core.main.TestCaseMain$startTestSuite$0.call(Unknown Source)
	at TempTestSuite1644598043886.run(TempTestSuite1644598043886.groovy:36)
Caused by: com.kms.katalon.core.exception.StepFailedException: Call Test Case 'Test Cases/StepToReUse/StepTOCopyURLAndAddAnotherTab' failed
	at com.kms.katalon.core.keyword.builtin.CallTestCaseKeyword$_callTestCase_closure1.doCall(CallTestCaseKeyword.groovy:63)
	at com.kms.katalon.core.keyword.builtin.CallTestCaseKeyword$_callTestCase_closure1.call(CallTestCaseKeyword.groovy)
	at com.kms.katalon.core.keyword.internal.KeywordMain.runKeyword(KeywordMain.groovy:74)
	... 18 more
Caused by: com.kms.katalon.core.exception.StepFailedException: Unable to click on object 'Object Repository/Header/Preview/ClickOnPreviewIcon'
	at com.kms.katalon.core.webui.keyword.internal.WebUIKeywordMain.stepFailed(WebUIKeywordMain.groovy:64)
	at com.kms.katalon.core.webui.keyword.internal.WebUIKeywordMain.runKeyword(WebUIKeywordMain.groovy:26)
	at com.kms.katalon.core.webui.keyword.builtin.ClickKeyword.click(ClickKeyword.groovy:74)
	at com.kms.katalon.core.webui.keyword.builtin.ClickKeyword.execute(ClickKeyword.groovy:40)
	at com.kms.katalon.core.keyword.internal.KeywordExecutor.executeKeywordForPlatform(KeywordExecutor.groovy:74)
	at com.kms.katalon.core.webui.keyword.WebUiBuiltInKeywords.click(WebUiBuiltInKeywords.groovy:620)
	at com.kms.katalon.core.webui.keyword.WebUiBuiltInKeywords$click$2.call(Unknown Source)
	at StepTOCopyURLAndAddAnotherTab.run(StepTOCopyURLAndAddAnotherTab:29)
	at com.kms.katalon.core.main.ScriptEngine.run(ScriptEngine.java:194)
	at com.kms.katalon.core.main.ScriptEngine.runScriptAsRawText(ScriptEngine.java:119)
	at com.kms.katalon.core.main.TestCaseExecutor.runScript(TestCaseExecutor.java:442)
	at com.kms.katalon.core.main.TestCaseExecutor.doExecute(TestCaseExecutor.java:433)
	at com.kms.katalon.core.main.TestCaseExecutor.processExecutionPhase(TestCaseExecutor.java:412)
	at com.kms.katalon.core.main.TestCaseExecutor.accessMainPhase(TestCaseExecutor.java:404)
	at com.kms.katalon.core.main.TestCaseExecutor.execute(TestCaseExecutor.java:281)
	at com.kms.katalon.core.main.TestCaseMain.runTestCase(TestCaseMain.java:142)
	at com.kms.katalon.core.keyword.builtin.CallTestCaseKeyword$_callTestCase_closure1.doCall(CallTestCaseKeyword.groovy:59)
	... 20 more
Caused by: com.kms.katalon.core.webui.exception.WebElementNotFoundException: Web element with id: 'Object Repository/Header/Preview/ClickOnPreviewIcon' located by '//span[contains(text(),'Preview')]//parent::a' not found
	at com.kms.katalon.core.webui.common.WebUiCommonHelper.findWebElement(WebUiCommonHelper.java:1370)
	at com.kms.katalon.core.webui.keyword.internal.WebUIAbstractKeyword.findWebElement(WebUIAbstractKeyword.groovy:27)
	at com.kms.katalon.core.webui.keyword.builtin.ClickKeyword$_click_closure1.doCall(ClickKeyword.groovy:65)
	at com.kms.katalon.core.webui.keyword.builtin.ClickKeyword$_click_closure1.call(ClickKeyword.groovy)
	at com.kms.katalon.core.webui.keyword.internal.WebUIKeywordMain.runKeyword(WebUIKeywordMain.groovy:20)
	... 35 more]]></system-err>
   </testsuite>
   <testsuite name="EmailDownloadPreview" tests="2" failures="0" errors="0" time="735.721" skipped="0" timestamp="2022-02-11 22:23:55" hostname="intersoft-admin - DESKTOP-ANQSRIJ" id="Test Suites/EmailDownloadPreview">
      <properties>
         <property name="deviceName" value=""/>
         <property name="devicePlatform" value=""/>
         <property name="logFolder" value="D:\\xampp\\htdocs\\training\\Training\\Rattan\\Final_testing\\New_ActivityOverview\\Reports\\20220211_221705\\EmailDownloadPreview\\20220211_221725"/>
         <property name="logFiles" value="D:\\xampp\\htdocs\\training\\Training\\Rattan\\Final_testing\\New_ActivityOverview\\Reports\\20220211_221705\\EmailDownloadPreview\\20220211_221725\\execution0.log"/>
         <property name="attachments" value="D:\\xampp\\htdocs\\training\\Training\\Rattan\\Final_testing\\New_ActivityOverview\\Reports\\20220211_221705\\EmailDownloadPreview\\20220211_221725\\1644598494802.png, D:\\xampp\\htdocs\\training\\Training\\Rattan\\Final_testing\\New_ActivityOverview\\Reports\\20220211_221705\\EmailDownloadPreview\\20220211_221725\\1644598510953.png, D:\\xampp\\htdocs\\training\\Training\\Rattan\\Final_testing\\New_ActivityOverview\\Reports\\20220211_221705\\EmailDownloadPreview\\20220211_221725\\1644598527490.png, D:\\xampp\\htdocs\\training\\Training\\Rattan\\Final_testing\\New_ActivityOverview\\Reports\\20220211_221705\\EmailDownloadPreview\\20220211_221725\\1644598560631.png, D:\\xampp\\htdocs\\training\\Training\\Rattan\\Final_testing\\New_ActivityOverview\\Reports\\20220211_221705\\EmailDownloadPreview\\20220211_221725\\1644598584745.png, D:\\xampp\\htdocs\\training\\Training\\Rattan\\Final_testing\\New_ActivityOverview\\Reports\\20220211_221705\\EmailDownloadPreview\\20220211_221725\\1644598585289.png, D:\\xampp\\htdocs\\training\\Training\\Rattan\\Final_testing\\New_ActivityOverview\\Reports\\20220211_221705\\EmailDownloadPreview\\20220211_221725\\1644598609234.png, D:\\xampp\\htdocs\\training\\Training\\Rattan\\Final_testing\\New_ActivityOverview\\Reports\\20220211_221705\\EmailDownloadPreview\\20220211_221725\\1644598624050.png, D:\\xampp\\htdocs\\training\\Training\\Rattan\\Final_testing\\New_ActivityOverview\\Reports\\20220211_221705\\EmailDownloadPreview\\20220211_221725\\1644598637688.png, D:\\xampp\\htdocs\\training\\Training\\Rattan\\Final_testing\\New_ActivityOverview\\Reports\\20220211_221705\\EmailDownloadPreview\\20220211_221725\\1644598652809.png, D:\\xampp\\htdocs\\training\\Training\\Rattan\\Final_testing\\New_ActivityOverview\\Reports\\20220211_221705\\EmailDownloadPreview\\20220211_221725\\1644598666801.png, D:\\xampp\\htdocs\\training\\Training\\Rattan\\Final_testing\\New_ActivityOverview\\Reports\\20220211_221705\\EmailDownloadPreview\\20220211_221725\\1644598681311.png, D:\\xampp\\htdocs\\training\\Training\\Rattan\\Final_testing\\New_ActivityOverview\\Reports\\20220211_221705\\EmailDownloadPreview\\20220211_221725\\1644598686738.png, D:\\xampp\\htdocs\\training\\Training\\Rattan\\Final_testing\\New_ActivityOverview\\Reports\\20220211_221705\\EmailDownloadPreview\\20220211_221725\\1644598695443.png, D:\\xampp\\htdocs\\training\\Training\\Rattan\\Final_testing\\New_ActivityOverview\\Reports\\20220211_221705\\EmailDownloadPreview\\20220211_221725\\1644598722217.png, D:\\xampp\\htdocs\\training\\Training\\Rattan\\Final_testing\\New_ActivityOverview\\Reports\\20220211_221705\\EmailDownloadPreview\\20220211_221725\\1644598727631.png, D:\\xampp\\htdocs\\training\\Training\\Rattan\\Final_testing\\New_ActivityOverview\\Reports\\20220211_221705\\EmailDownloadPreview\\20220211_221725\\1644598736328.png, D:\\xampp\\htdocs\\training\\Training\\Rattan\\Final_testing\\New_ActivityOverview\\Reports\\20220211_221705\\EmailDownloadPreview\\20220211_221725\\1644598755300.png, D:\\xampp\\htdocs\\training\\Training\\Rattan\\Final_testing\\New_ActivityOverview\\Reports\\20220211_221705\\EmailDownloadPreview\\20220211_221725\\1644598761837.png, D:\\xampp\\htdocs\\training\\Training\\Rattan\\Final_testing\\New_ActivityOverview\\Reports\\20220211_221705\\EmailDownloadPreview\\20220211_221725\\1644598767766.png, D:\\xampp\\htdocs\\training\\Training\\Rattan\\Final_testing\\New_ActivityOverview\\Reports\\20220211_221705\\EmailDownloadPreview\\20220211_221725\\1644598773346.png, D:\\xampp\\htdocs\\training\\Training\\Rattan\\Final_testing\\New_ActivityOverview\\Reports\\20220211_221705\\EmailDownloadPreview\\20220211_221725\\1644598784453.png, D:\\xampp\\htdocs\\training\\Training\\Rattan\\Final_testing\\New_ActivityOverview\\Reports\\20220211_221705\\EmailDownloadPreview\\20220211_221725\\1644598800171.png, D:\\xampp\\htdocs\\training\\Training\\Rattan\\Final_testing\\New_ActivityOverview\\Reports\\20220211_221705\\EmailDownloadPreview\\20220211_221725\\1644598814565.png, D:\\xampp\\htdocs\\training\\Training\\Rattan\\Final_testing\\New_ActivityOverview\\Reports\\20220211_221705\\EmailDownloadPreview\\20220211_221725\\1644598830204.png, D:\\xampp\\htdocs\\training\\Training\\Rattan\\Final_testing\\New_ActivityOverview\\Reports\\20220211_221705\\EmailDownloadPreview\\20220211_221725\\1644598844234.png, D:\\xampp\\htdocs\\training\\Training\\Rattan\\Final_testing\\New_ActivityOverview\\Reports\\20220211_221705\\EmailDownloadPreview\\20220211_221725\\1644598859266.png, D:\\xampp\\htdocs\\training\\Training\\Rattan\\Final_testing\\New_ActivityOverview\\Reports\\20220211_221705\\EmailDownloadPreview\\20220211_221725\\1644598873262.png, D:\\xampp\\htdocs\\training\\Training\\Rattan\\Final_testing\\New_ActivityOverview\\Reports\\20220211_221705\\EmailDownloadPreview\\20220211_221725\\1644598879162.png, D:\\xampp\\htdocs\\training\\Training\\Rattan\\Final_testing\\New_ActivityOverview\\Reports\\20220211_221705\\EmailDownloadPreview\\20220211_221725\\1644598888580.png, D:\\xampp\\htdocs\\training\\Training\\Rattan\\Final_testing\\New_ActivityOverview\\Reports\\20220211_221705\\EmailDownloadPreview\\20220211_221725\\1644598915894.png, D:\\xampp\\htdocs\\training\\Training\\Rattan\\Final_testing\\New_ActivityOverview\\Reports\\20220211_221705\\EmailDownloadPreview\\20220211_221725\\1644598921804.png, D:\\xampp\\htdocs\\training\\Training\\Rattan\\Final_testing\\New_ActivityOverview\\Reports\\20220211_221705\\EmailDownloadPreview\\20220211_221725\\1644598931013.png, D:\\xampp\\htdocs\\training\\Training\\Rattan\\Final_testing\\New_ActivityOverview\\Reports\\20220211_221705\\EmailDownloadPreview\\20220211_221725\\1644598950327.png, D:\\xampp\\htdocs\\training\\Training\\Rattan\\Final_testing\\New_ActivityOverview\\Reports\\20220211_221705\\EmailDownloadPreview\\20220211_221725\\1644598957549.png, D:\\xampp\\htdocs\\training\\Training\\Rattan\\Final_testing\\New_ActivityOverview\\Reports\\20220211_221705\\EmailDownloadPreview\\20220211_221725\\1644598963497.png, D:\\xampp\\htdocs\\training\\Training\\Rattan\\Final_testing\\New_ActivityOverview\\Reports\\20220211_221705\\EmailDownloadPreview\\20220211_221725\\1644598969831.png, D:\\xampp\\htdocs\\training\\Training\\Rattan\\Final_testing\\New_ActivityOverview\\Reports\\20220211_221705\\EmailDownloadPreview\\20220211_221725\\1644599024849.png, D:\\xampp\\htdocs\\training\\Training\\Rattan\\Final_testing\\New_ActivityOverview\\Reports\\20220211_221705\\EmailDownloadPreview\\20220211_221725\\1644599025516.png, D:\\xampp\\htdocs\\training\\Training\\Rattan\\Final_testing\\New_ActivityOverview\\Reports\\20220211_221705\\EmailDownloadPreview\\20220211_221725\\1644599049574.png, D:\\xampp\\htdocs\\training\\Training\\Rattan\\Final_testing\\New_ActivityOverview\\Reports\\20220211_221705\\EmailDownloadPreview\\20220211_221725\\1644599078937.png, D:\\xampp\\htdocs\\training\\Training\\Rattan\\Final_testing\\New_ActivityOverview\\Reports\\20220211_221705\\EmailDownloadPreview\\20220211_221725\\1644599092163.png, D:\\xampp\\htdocs\\training\\Training\\Rattan\\Final_testing\\New_ActivityOverview\\Reports\\20220211_221705\\EmailDownloadPreview\\20220211_221725\\1644599152510.png"/>
         <property name="hostName" value="intersoft-admin - DESKTOP-ANQSRIJ"/>
         <property name="os" value="Windows 10 64bit"/>
         <property name="katalonVersion" value="8.2.5.208"/>
         <property name="browser" value="Chrome 98.0.4758.82"/>
         <property name="hostAddress" value="192.168.1.59"/>
         <property name="sessionId" value="2bfcde866eedcb702c66965d404d40b0"/>
         <property name="seleniumVersion" value="3.141.59"/>
         <property name="proxyInformation" value="ProxyInformation { proxyOption=NO_PROXY, proxyServerType=HTTP, username=, password=********, proxyServerAddress=, proxyServerPort=0, executionList=&quot;&quot;, isApplyToDesiredCapabilities=true }"/>
         <property name="platform" value="Windows 10"/>
      </properties>
      <testcase name="Test Cases/NewActivityOverview-LeftNavigation/ActivityOverview-EmailDownloadPreview" time="706.427" classname="Test Cases/NewActivityOverview-LeftNavigation/ActivityOverview-EmailDownloadPreview" status="PASSED">
         <system-out><![CDATA[2022-02-11 22:23:55 - [TEST_CASE][PASSED] - Test Cases/NewActivityOverview-LeftNavigation/ActivityOverview-EmailDownloadPreview: Test Cases/NewActivityOverview-LeftNavigation/ActivityOverview-EmailDownloadPreview

2022-02-11 22:23:57 - [TEST_STEP][PASSED] - callTestCase(findTestCase("LoginWithSuperAdmin/SuperAdmin-Login"), [:], STOP_ON_FAILURE): Call Test Case 'Test Cases/LoginWithSuperAdmin/SuperAdmin-Login' successfully

2022-02-11 22:23:57 - [TEST_CASE][PASSED] - Test Cases/LoginWithSuperAdmin/SuperAdmin-Login: Test Cases/LoginWithSuperAdmin/SuperAdmin-Login

2022-02-11 22:23:58 - [TEST_STEP][PASSED] - openBrowser(""): Browser is opened with url: ''

2022-02-11 22:23:58 - [MESSAGE][INFO] - Starting 'Chrome' driver

2022-02-11 22:23:58 - [MESSAGE][INFO] - Action delay is set to 3,000 milliseconds

2022-02-11 22:24:03 - [MESSAGE][PASSED] - Browser is opened with url: ''

2022-02-11 22:24:03 - [TEST_STEP][PASSED] - setViewPortSize(1920, 1080): Viewport is set to new size with width = 1920 and height = 1080

2022-02-11 22:24:04 - [MESSAGE][PASSED] - Viewport is set to new size with width = 1920 and height = 1080

2022-02-11 22:24:04 - [TEST_STEP][PASSED] - navigateToUrl(URL): Navigate to 'https://marketplacev1.test-prio.com' successfully

2022-02-11 22:24:11 - [MESSAGE][PASSED] - Navigate to 'https://marketplacev1.test-prio.com' successfully

2022-02-11 22:24:11 - [TEST_STEP][PASSED] - delay(3): Delayed 3 second(s)

2022-02-11 22:24:14 - [MESSAGE][PASSED] - Delayed 3 second(s)

2022-02-11 22:24:14 - [TEST_STEP][PASSED] - click(findTestObject("SuperAdmin/Login/input_Email_contact_email")): Object: 'Object Repository/SuperAdmin/Login/input_Email_contact_email' is clicked on

2022-02-11 22:24:40 - [MESSAGE][PASSED] - Object: 'Object Repository/SuperAdmin/Login/input_Email_contact_email' is clicked on

2022-02-11 22:24:40 - [TEST_STEP][PASSED] - setText(findTestObject("SuperAdmin/Login/input_Email_contact_email"), uname): Text 'superadmin@tippoint.com' is set on object 'Object Repository/SuperAdmin/Login/input_Email_contact_email'

2022-02-11 22:24:47 - [MESSAGE][PASSED] - Text 'superadmin@tippoint.com' is set on object 'Object Repository/SuperAdmin/Login/input_Email_contact_email'

2022-02-11 22:24:47 - [TEST_STEP][PASSED] - setEncryptedText(findTestObject("SuperAdmin/Login/input_Password_password"), Password): Text ****** has been set on object 'Object Repository/SuperAdmin/Login/input_Password_password'

2022-02-11 22:24:54 - [MESSAGE][PASSED] - Text ****** has been set on object 'Object Repository/SuperAdmin/Login/input_Password_password'

2022-02-11 22:24:54 - [TEST_STEP][PASSED] - takeScreenshot(): Taking screenshot successfully

2022-02-11 22:24:55 - [MESSAGE][PASSED] - Taking screenshot successfully
[[ATTACHMENT|D:\\xampp\\htdocs\\training\\Training\\Rattan\\Final_testing\\New_ActivityOverview\\Reports\\20220211_221705\\EmailDownloadPreview\\20220211_221725\\1644598494802.png]]

2022-02-11 22:24:55 - [TEST_STEP][PASSED] - newpackage.clickUsingJS.clickUsingJS(findTestObject("SuperAdmin/Login/button_Sign in"), 5): newpackage.clickUsingJS.clickUsingJS is PASSED

2022-02-11 22:24:56 - [MESSAGE][PASSED] - newpackage.clickUsingJS.clickUsingJS is PASSED

2022-02-11 22:24:56 - [MESSAGE][PASSED] - Call Test Case 'Test Cases/LoginWithSuperAdmin/SuperAdmin-Login' successfully

2022-02-11 22:24:56 - [TEST_STEP][PASSED] - switchToDefaultContent(): null

2022-02-11 22:24:56 - [TEST_STEP][PASSED] - click(findTestObject("SuperAdminLeftNavigation/NewActivityOverview-LeftNavigation")): Object: 'Object Repository/SuperAdminLeftNavigation/NewActivityOverview-LeftNavigation' is clicked on

2022-02-11 22:25:09 - [MESSAGE][PASSED] - Object: 'Object Repository/SuperAdminLeftNavigation/NewActivityOverview-LeftNavigation' is clicked on

2022-02-11 22:25:09 - [TEST_STEP][PASSED] - takeScreenshot(): Taking screenshot successfully

2022-02-11 22:25:17 - [MESSAGE][PASSED] - Taking screenshot successfully
[[ATTACHMENT|D:\\xampp\\htdocs\\training\\Training\\Rattan\\Final_testing\\New_ActivityOverview\\Reports\\20220211_221705\\EmailDownloadPreview\\20220211_221725\\1644598510953.png]]

2022-02-11 22:25:17 - [TEST_STEP][PASSED] - switchToFrame(findTestObject("Object Repository/Iframe/NewActivityOverviewIframe"), 5): null

2022-02-11 22:25:17 - [TEST_STEP][PASSED] - delay(10): Delayed 10 second(s)

2022-02-11 22:25:27 - [MESSAGE][PASSED] - Delayed 10 second(s)

2022-02-11 22:25:27 - [TEST_STEP][PASSED] - takeScreenshot(): Taking screenshot successfully

2022-02-11 22:25:27 - [MESSAGE][PASSED] - Taking screenshot successfully
[[ATTACHMENT|D:\\xampp\\htdocs\\training\\Training\\Rattan\\Final_testing\\New_ActivityOverview\\Reports\\20220211_221705\\EmailDownloadPreview\\20220211_221725\\1644598527490.png]]

2022-02-11 22:25:27 - [TEST_STEP][PASSED] - sizeoflisting = findWebElements(findTestObject("ListingArea/ListingContainsData"), 5).size(): null

2022-02-11 22:25:27 - [TEST_STEP][PASSED] - println(sizeoflisting): null

2022-02-11 22:25:27 - [TEST_STEP][PASSED] - logInfo(Size of Order Listing: $sizeoflisting): Size of Order Listing: 11

2022-02-11 22:25:27 - [MESSAGE][INFO] - Size of Order Listing: 11

2022-02-11 22:25:27 - [TEST_STEP][PASSED] - if (sizeoflisting > 2): Delayed 13 second(s)

2022-02-11 22:25:27 - [TEST_STEP][PASSED] - logInfo("Orders Exist in Listing"): Orders Exist in Listing

2022-02-11 22:25:27 - [MESSAGE][INFO] - Orders Exist in Listing

2022-02-11 22:25:27 - [TEST_STEP][PASSED] - logInfo("Orders Exist in Listing"): Orders Exist in Listing

2022-02-11 22:25:27 - [MESSAGE][INFO] - Orders Exist in Listing

2022-02-11 22:25:27 - [TEST_STEP][PASSED] - click(findTestObject("Object Repository/OrderPerPage/OrderPerPage_select")): Object: 'Object Repository/OrderPerPage/OrderPerPage_select' is clicked on

2022-02-11 22:25:32 - [MESSAGE][PASSED] - Object: 'Object Repository/OrderPerPage/OrderPerPage_select' is clicked on

2022-02-11 22:25:32 - [TEST_STEP][PASSED] - delay(5): Delayed 5 second(s)

2022-02-11 22:25:37 - [MESSAGE][PASSED] - Delayed 5 second(s)

2022-02-11 22:25:37 - [TEST_STEP][PASSED] - click(findTestObject("Object Repository/OrderPerPage/OrderPerPage-SelectOption")): Object: 'Object Repository/OrderPerPage/OrderPerPage-SelectOption' is clicked on

2022-02-11 22:25:40 - [MESSAGE][PASSED] - Object: 'Object Repository/OrderPerPage/OrderPerPage-SelectOption' is clicked on

2022-02-11 22:25:40 - [TEST_STEP][PASSED] - delay(20): Delayed 20 second(s)

2022-02-11 22:26:00 - [MESSAGE][PASSED] - Delayed 20 second(s)

2022-02-11 22:26:00 - [TEST_STEP][PASSED] - takeScreenshot(): Taking screenshot successfully

2022-02-11 22:26:00 - [MESSAGE][PASSED] - Taking screenshot successfully
[[ATTACHMENT|D:\\xampp\\htdocs\\training\\Training\\Rattan\\Final_testing\\New_ActivityOverview\\Reports\\20220211_221705\\EmailDownloadPreview\\20220211_221725\\1644598560631.png]]

2022-02-11 22:26:00 - [TEST_STEP][PASSED] - SizeofPagination = getText(findTestObject("Object Repository/PaginationCOunt/PaginationCount")): Text of object 'Object Repository/PaginationCOunt/PaginationCount' is: '100'

2022-02-11 22:26:01 - [MESSAGE][PASSED] - Text of object 'Object Repository/PaginationCOunt/PaginationCount' is: '100'

2022-02-11 22:26:01 - [TEST_STEP][PASSED] - println(SizeofPagination): null

2022-02-11 22:26:01 - [TEST_STEP][PASSED] - paginationmaxcount = Integer.parseInt(SizeofPagination): null

2022-02-11 22:26:01 - [TEST_STEP][PASSED] - paginationmaxcount = 2: null

2022-02-11 22:26:01 - [TEST_STEP][PASSED] - logInfo(Size of Pagination: $paginationmaxcount): Size of Pagination: 2

2022-02-11 22:26:01 - [MESSAGE][INFO] - Size of Pagination: 2

2022-02-11 22:26:01 - [TEST_STEP][PASSED] - totalrecords = 0: null

2022-02-11 22:26:01 - [TEST_STEP][PASSED] - for ([l = 1, l <= paginationmaxcount, (l++)]): Delayed 13 second(s)

2022-02-11 22:26:01 - [TEST_STEP][PASSED] - if (l <= 5): null

2022-02-11 22:26:01 - [TEST_STEP][PASSED] - paginationvalue = l: null

2022-02-11 22:26:01 - [TEST_STEP][PASSED] - if (l > 5): null

2022-02-11 22:26:01 - [TEST_STEP][PASSED] - logInfo(Size of Pagination: $paginationvalue): Size of Pagination: 1

2022-02-11 22:26:01 - [MESSAGE][INFO] - Size of Pagination: 1

2022-02-11 22:26:01 - [TEST_STEP][PASSED] - click(findTestObject("Object Repository/PaginationCOunt/ClickOnPagination", ["pagination":paginationvalue])): Object: 'Object Repository/PaginationCOunt/ClickOnPagination' is clicked on

2022-02-11 22:26:04 - [MESSAGE][PASSED] - Object: 'Object Repository/PaginationCOunt/ClickOnPagination' is clicked on

2022-02-11 22:26:04 - [TEST_STEP][PASSED] - delay(20): Delayed 20 second(s)

2022-02-11 22:26:24 - [MESSAGE][PASSED] - Delayed 20 second(s)

2022-02-11 22:26:24 - [TEST_STEP][PASSED] - takeScreenshot(): Taking screenshot successfully

2022-02-11 22:26:24 - [MESSAGE][PASSED] - Taking screenshot successfully
[[ATTACHMENT|D:\\xampp\\htdocs\\training\\Training\\Rattan\\Final_testing\\New_ActivityOverview\\Reports\\20220211_221705\\EmailDownloadPreview\\20220211_221725\\1644598584745.png]]

2022-02-11 22:26:24 - [TEST_STEP][PASSED] - RecordsinListing = findWebElements(findTestObject("Object Repository/ListingArea/RecordsInListing"), 5).size(): null

2022-02-11 22:26:25 - [TEST_STEP][PASSED] - logInfo(Size of Active Bookings: $RecordsinListing): Size of Active Bookings: 100

2022-02-11 22:26:25 - [MESSAGE][INFO] - Size of Active Bookings: 100

2022-02-11 22:26:25 - [TEST_STEP][PASSED] - for ([refund = 1, refund < RecordsinListing, (refund++)]): Call Test Case 'Test Cases/NewActivityOverview-LeftNavigation/ActivityOverview-EmailDownloadPreview-CopiedURL' successfully

2022-02-11 22:26:25 - [TEST_STEP][PASSED] - if (refund == 1): null

2022-02-11 22:26:25 - [TEST_STEP][PASSED] - refund = RecordsinListing: null

2022-02-11 22:26:25 - [TEST_STEP][PASSED] - refundvalue = refund: null

2022-02-11 22:26:25 - [TEST_STEP][PASSED] - logInfo(Size of refund booking: $refund): Size of refund booking: 100

2022-02-11 22:26:25 - [MESSAGE][INFO] - Size of refund booking: 100

2022-02-11 22:26:25 - [TEST_STEP][PASSED] - scrollToElement(findTestObject("Object Repository/ListingArea/ClickondetailPOp-up", ["position":refund]), 15): Scroll to object 'Object Repository/ListingArea/ClickondetailPOp-up' successfully

2022-02-11 22:26:25 - [MESSAGE][PASSED] - Scroll to object 'Object Repository/ListingArea/ClickondetailPOp-up' successfully

2022-02-11 22:26:25 - [TEST_STEP][PASSED] - takeScreenshot(): Taking screenshot successfully

2022-02-11 22:26:25 - [MESSAGE][PASSED] - Taking screenshot successfully
[[ATTACHMENT|D:\\xampp\\htdocs\\training\\Training\\Rattan\\Final_testing\\New_ActivityOverview\\Reports\\20220211_221705\\EmailDownloadPreview\\20220211_221725\\1644598585289.png]]

2022-02-11 22:26:25 - [TEST_STEP][PASSED] - orderId = findWebElement(findTestObject("Object Repository/GetOrderID/GetOrderID", ["position":refund])).getAttribute("data-order_id"): null

2022-02-11 22:26:25 - [TEST_STEP][PASSED] - orderId = orderId: null

2022-02-11 22:26:25 - [TEST_STEP][PASSED] - logInfo(Order ID: $orderId): Order ID: 164448172323101

2022-02-11 22:26:25 - [MESSAGE][INFO] - Order ID: 164448172323101

2022-02-11 22:26:25 - [TEST_STEP][PASSED] - click(findTestObject("Object Repository/GetOrderID/GetOrderID", ["position":refund])): Object: 'Object Repository/GetOrderID/GetOrderID' is clicked on

2022-02-11 22:26:28 - [MESSAGE][PASSED] - Object: 'Object Repository/GetOrderID/GetOrderID' is clicked on

2022-02-11 22:26:28 - [TEST_STEP][PASSED] - delay(20): Delayed 20 second(s)

2022-02-11 22:26:48 - [MESSAGE][PASSED] - Delayed 20 second(s)

2022-02-11 22:26:48 - [TEST_STEP][PASSED] - takeScreenshot(): Taking screenshot successfully

2022-02-11 22:26:49 - [MESSAGE][PASSED] - Taking screenshot successfully
[[ATTACHMENT|D:\\xampp\\htdocs\\training\\Training\\Rattan\\Final_testing\\New_ActivityOverview\\Reports\\20220211_221705\\EmailDownloadPreview\\20220211_221725\\1644598609234.png]]

2022-02-11 22:26:49 - [TEST_STEP][PASSED] - if (waitForElementClickable(findTestObject("Object Repository/Header/Preview/ClickOnPreviewIcon"), 15) == true): Taking screenshot successfully

2022-02-11 22:26:50 - [MESSAGE][PASSED] - Object 'Object Repository/Header/Preview/ClickOnPreviewIcon' is clickable

2022-02-11 22:26:50 - [TEST_STEP][PASSED] - click(findTestObject("Object Repository/Header/Preview/ClickOnPreviewIcon")): Object: 'Object Repository/Header/Preview/ClickOnPreviewIcon' is clicked on

2022-02-11 22:26:54 - [MESSAGE][PASSED] - Object: 'Object Repository/Header/Preview/ClickOnPreviewIcon' is clicked on

2022-02-11 22:26:54 - [TEST_STEP][PASSED] - delay(10): Delayed 10 second(s)

2022-02-11 22:27:04 - [MESSAGE][PASSED] - Delayed 10 second(s)

2022-02-11 22:27:04 - [TEST_STEP][PASSED] - takeScreenshot(): Taking screenshot successfully

2022-02-11 22:27:04 - [MESSAGE][PASSED] - Taking screenshot successfully
[[ATTACHMENT|D:\\xampp\\htdocs\\training\\Training\\Rattan\\Final_testing\\New_ActivityOverview\\Reports\\20220211_221705\\EmailDownloadPreview\\20220211_221725\\1644598624050.png]]

2022-02-11 22:27:04 - [TEST_STEP][PASSED] - click(findTestObject("Object Repository/Header/Preview/PrintVoucher")): Object: 'Object Repository/Header/Preview/PrintVoucher' is clicked on

2022-02-11 22:27:07 - [MESSAGE][PASSED] - Object: 'Object Repository/Header/Preview/PrintVoucher' is clicked on

2022-02-11 22:27:07 - [TEST_STEP][PASSED] - delay(10): Delayed 10 second(s)

2022-02-11 22:27:17 - [MESSAGE][PASSED] - Delayed 10 second(s)

2022-02-11 22:27:17 - [TEST_STEP][PASSED] - takeScreenshot(): Taking screenshot successfully

2022-02-11 22:27:19 - [MESSAGE][PASSED] - Taking screenshot successfully
[[ATTACHMENT|D:\\xampp\\htdocs\\training\\Training\\Rattan\\Final_testing\\New_ActivityOverview\\Reports\\20220211_221705\\EmailDownloadPreview\\20220211_221725\\1644598637688.png]]

2022-02-11 22:27:19 - [TEST_STEP][PASSED] - click(findTestObject("Object Repository/Header/Preview/ClickOnPreviewIcon")): Object: 'Object Repository/Header/Preview/ClickOnPreviewIcon' is clicked on

2022-02-11 22:27:22 - [MESSAGE][PASSED] - Object: 'Object Repository/Header/Preview/ClickOnPreviewIcon' is clicked on

2022-02-11 22:27:22 - [TEST_STEP][PASSED] - delay(10): Delayed 10 second(s)

2022-02-11 22:27:32 - [MESSAGE][PASSED] - Delayed 10 second(s)

2022-02-11 22:27:32 - [TEST_STEP][PASSED] - takeScreenshot(): Taking screenshot successfully

2022-02-11 22:27:32 - [MESSAGE][PASSED] - Taking screenshot successfully
[[ATTACHMENT|D:\\xampp\\htdocs\\training\\Training\\Rattan\\Final_testing\\New_ActivityOverview\\Reports\\20220211_221705\\EmailDownloadPreview\\20220211_221725\\1644598652809.png]]

2022-02-11 22:27:32 - [TEST_STEP][PASSED] - click(findTestObject("Object Repository/Header/Preview/PrintReceipt")): Object: 'Object Repository/Header/Preview/PrintReceipt' is clicked on

2022-02-11 22:27:36 - [MESSAGE][PASSED] - Object: 'Object Repository/Header/Preview/PrintReceipt' is clicked on

2022-02-11 22:27:36 - [TEST_STEP][PASSED] - delay(10): Delayed 10 second(s)

2022-02-11 22:27:46 - [MESSAGE][PASSED] - Delayed 10 second(s)

2022-02-11 22:27:46 - [TEST_STEP][PASSED] - takeScreenshot(): Taking screenshot successfully

2022-02-11 22:27:47 - [MESSAGE][PASSED] - Taking screenshot successfully
[[ATTACHMENT|D:\\xampp\\htdocs\\training\\Training\\Rattan\\Final_testing\\New_ActivityOverview\\Reports\\20220211_221705\\EmailDownloadPreview\\20220211_221725\\1644598666801.png]]

2022-02-11 22:27:47 - [TEST_STEP][PASSED] - click(findTestObject("Object Repository/Header/Email/ClickOnSecndEmailButton")): Object: 'Object Repository/Header/Email/ClickOnSecndEmailButton' is clicked on

2022-02-11 22:27:51 - [MESSAGE][PASSED] - Object: 'Object Repository/Header/Email/ClickOnSecndEmailButton' is clicked on

2022-02-11 22:27:51 - [TEST_STEP][PASSED] - delay(10): Delayed 10 second(s)

2022-02-11 22:28:01 - [MESSAGE][PASSED] - Delayed 10 second(s)

2022-02-11 22:28:01 - [TEST_STEP][PASSED] - takeScreenshot(): Taking screenshot successfully

2022-02-11 22:28:01 - [MESSAGE][PASSED] - Taking screenshot successfully
[[ATTACHMENT|D:\\xampp\\htdocs\\training\\Training\\Rattan\\Final_testing\\New_ActivityOverview\\Reports\\20220211_221705\\EmailDownloadPreview\\20220211_221725\\1644598681311.png]]

2022-02-11 22:28:01 - [TEST_STEP][PASSED] - click(findTestObject("Object Repository/Header/Email/EmailVoucher")): Object: 'Object Repository/Header/Email/EmailVoucher' is clicked on

2022-02-11 22:28:04 - [MESSAGE][PASSED] - Object: 'Object Repository/Header/Email/EmailVoucher' is clicked on

2022-02-11 22:28:04 - [TEST_STEP][PASSED] - delay(2): Delayed 2 second(s)

2022-02-11 22:28:06 - [MESSAGE][PASSED] - Delayed 2 second(s)

2022-02-11 22:28:06 - [TEST_STEP][PASSED] - takeScreenshot(): Taking screenshot successfully

2022-02-11 22:28:06 - [MESSAGE][PASSED] - Taking screenshot successfully
[[ATTACHMENT|D:\\xampp\\htdocs\\training\\Training\\Rattan\\Final_testing\\New_ActivityOverview\\Reports\\20220211_221705\\EmailDownloadPreview\\20220211_221725\\1644598686738.png]]

2022-02-11 22:28:06 - [TEST_STEP][PASSED] - setText(findTestObject("Object Repository/Header/Email/InputEmails"), "rattan.intersoft@gmail.com"): Text 'rattan.intersoft@gmail.com' is set on object 'Object Repository/Header/Email/InputEmails'

2022-02-11 22:28:13 - [MESSAGE][PASSED] - Text 'rattan.intersoft@gmail.com' is set on object 'Object Repository/Header/Email/InputEmails'

2022-02-11 22:28:13 - [TEST_STEP][PASSED] - delay(2): Delayed 2 second(s)

2022-02-11 22:28:15 - [MESSAGE][PASSED] - Delayed 2 second(s)

2022-02-11 22:28:15 - [TEST_STEP][PASSED] - takeScreenshot(): Taking screenshot successfully

2022-02-11 22:28:15 - [MESSAGE][PASSED] - Taking screenshot successfully
[[ATTACHMENT|D:\\xampp\\htdocs\\training\\Training\\Rattan\\Final_testing\\New_ActivityOverview\\Reports\\20220211_221705\\EmailDownloadPreview\\20220211_221725\\1644598695443.png]]

2022-02-11 22:28:15 - [TEST_STEP][PASSED] - click(findTestObject("Object Repository/Header/Email/SendButton")): Object: 'Object Repository/Header/Email/SendButton' is clicked on

2022-02-11 22:28:18 - [MESSAGE][PASSED] - Object: 'Object Repository/Header/Email/SendButton' is clicked on

2022-02-11 22:28:18 - [TEST_STEP][PASSED] - delay(10): Delayed 10 second(s)

2022-02-11 22:28:28 - [MESSAGE][PASSED] - Delayed 10 second(s)

2022-02-11 22:28:28 - [TEST_STEP][PASSED] - click(findTestObject("Object Repository/Header/Email/ClickOnSecndEmailButton")): Object: 'Object Repository/Header/Email/ClickOnSecndEmailButton' is clicked on

2022-02-11 22:28:32 - [MESSAGE][PASSED] - Object: 'Object Repository/Header/Email/ClickOnSecndEmailButton' is clicked on

2022-02-11 22:28:32 - [TEST_STEP][PASSED] - delay(10): Delayed 10 second(s)

2022-02-11 22:28:42 - [MESSAGE][PASSED] - Delayed 10 second(s)

2022-02-11 22:28:42 - [TEST_STEP][PASSED] - takeScreenshot(): Taking screenshot successfully

2022-02-11 22:28:42 - [MESSAGE][PASSED] - Taking screenshot successfully
[[ATTACHMENT|D:\\xampp\\htdocs\\training\\Training\\Rattan\\Final_testing\\New_ActivityOverview\\Reports\\20220211_221705\\EmailDownloadPreview\\20220211_221725\\1644598722217.png]]

2022-02-11 22:28:42 - [TEST_STEP][PASSED] - click(findTestObject("Object Repository/Header/Email/EmailReceipt")): Object: 'Object Repository/Header/Email/EmailReceipt' is clicked on

2022-02-11 22:28:45 - [MESSAGE][PASSED] - Object: 'Object Repository/Header/Email/EmailReceipt' is clicked on

2022-02-11 22:28:45 - [TEST_STEP][PASSED] - delay(2): Delayed 2 second(s)

2022-02-11 22:28:47 - [MESSAGE][PASSED] - Delayed 2 second(s)

2022-02-11 22:28:47 - [TEST_STEP][PASSED] - takeScreenshot(): Taking screenshot successfully

2022-02-11 22:28:47 - [MESSAGE][PASSED] - Taking screenshot successfully
[[ATTACHMENT|D:\\xampp\\htdocs\\training\\Training\\Rattan\\Final_testing\\New_ActivityOverview\\Reports\\20220211_221705\\EmailDownloadPreview\\20220211_221725\\1644598727631.png]]

2022-02-11 22:28:47 - [TEST_STEP][PASSED] - setText(findTestObject("Object Repository/Header/Email/InputEmails"), "rattan.intersoft@gmail.com"): Text 'rattan.intersoft@gmail.com' is set on object 'Object Repository/Header/Email/InputEmails'

2022-02-11 22:28:54 - [MESSAGE][PASSED] - Text 'rattan.intersoft@gmail.com' is set on object 'Object Repository/Header/Email/InputEmails'

2022-02-11 22:28:54 - [TEST_STEP][PASSED] - delay(2): Delayed 2 second(s)

2022-02-11 22:28:56 - [MESSAGE][PASSED] - Delayed 2 second(s)

2022-02-11 22:28:56 - [TEST_STEP][PASSED] - takeScreenshot(): Taking screenshot successfully

2022-02-11 22:28:56 - [MESSAGE][PASSED] - Taking screenshot successfully
[[ATTACHMENT|D:\\xampp\\htdocs\\training\\Training\\Rattan\\Final_testing\\New_ActivityOverview\\Reports\\20220211_221705\\EmailDownloadPreview\\20220211_221725\\1644598736328.png]]

2022-02-11 22:28:56 - [TEST_STEP][PASSED] - click(findTestObject("Object Repository/Header/Email/SendButton")): Object: 'Object Repository/Header/Email/SendButton' is clicked on

2022-02-11 22:28:59 - [MESSAGE][PASSED] - Object: 'Object Repository/Header/Email/SendButton' is clicked on

2022-02-11 22:28:59 - [TEST_STEP][PASSED] - delay(10): Delayed 10 second(s)

2022-02-11 22:29:09 - [MESSAGE][PASSED] - Delayed 10 second(s)

2022-02-11 22:29:09 - [TEST_STEP][PASSED] - click(findTestObject("Object Repository/Header/Download/ClickOnDownloadIcon")): Object: 'Object Repository/Header/Download/ClickOnDownloadIcon' is clicked on

2022-02-11 22:29:13 - [MESSAGE][PASSED] - Object: 'Object Repository/Header/Download/ClickOnDownloadIcon' is clicked on

2022-02-11 22:29:13 - [TEST_STEP][PASSED] - delay(2): Delayed 2 second(s)

2022-02-11 22:29:15 - [MESSAGE][PASSED] - Delayed 2 second(s)

2022-02-11 22:29:15 - [TEST_STEP][PASSED] - takeScreenshot(): Taking screenshot successfully

2022-02-11 22:29:15 - [MESSAGE][PASSED] - Taking screenshot successfully
[[ATTACHMENT|D:\\xampp\\htdocs\\training\\Training\\Rattan\\Final_testing\\New_ActivityOverview\\Reports\\20220211_221705\\EmailDownloadPreview\\20220211_221725\\1644598755300.png]]

2022-02-11 22:29:15 - [TEST_STEP][PASSED] - click(findTestObject("Object Repository/Header/Download/DownloadVoucher")): Object: 'Object Repository/Header/Download/DownloadVoucher' is clicked on

2022-02-11 22:29:18 - [MESSAGE][PASSED] - Object: 'Object Repository/Header/Download/DownloadVoucher' is clicked on

2022-02-11 22:29:18 - [TEST_STEP][PASSED] - delay(2): Delayed 2 second(s)

2022-02-11 22:29:20 - [MESSAGE][PASSED] - Delayed 2 second(s)

2022-02-11 22:29:20 - [TEST_STEP][PASSED] - takeScreenshot(): Taking screenshot successfully

2022-02-11 22:29:22 - [MESSAGE][PASSED] - Taking screenshot successfully
[[ATTACHMENT|D:\\xampp\\htdocs\\training\\Training\\Rattan\\Final_testing\\New_ActivityOverview\\Reports\\20220211_221705\\EmailDownloadPreview\\20220211_221725\\1644598761837.png]]

2022-02-11 22:29:22 - [TEST_STEP][PASSED] - click(findTestObject("Object Repository/Header/Download/ClickOnDownloadIcon")): Object: 'Object Repository/Header/Download/ClickOnDownloadIcon' is clicked on

2022-02-11 22:29:25 - [MESSAGE][PASSED] - Object: 'Object Repository/Header/Download/ClickOnDownloadIcon' is clicked on

2022-02-11 22:29:25 - [TEST_STEP][PASSED] - delay(2): Delayed 2 second(s)

2022-02-11 22:29:27 - [MESSAGE][PASSED] - Delayed 2 second(s)

2022-02-11 22:29:27 - [TEST_STEP][PASSED] - takeScreenshot(): Taking screenshot successfully

2022-02-11 22:29:28 - [MESSAGE][PASSED] - Taking screenshot successfully
[[ATTACHMENT|D:\\xampp\\htdocs\\training\\Training\\Rattan\\Final_testing\\New_ActivityOverview\\Reports\\20220211_221705\\EmailDownloadPreview\\20220211_221725\\1644598767766.png]]

2022-02-11 22:29:28 - [TEST_STEP][PASSED] - click(findTestObject("Object Repository/Header/Download/Downloadreceipt")): Object: 'Object Repository/Header/Download/Downloadreceipt' is clicked on

2022-02-11 22:29:31 - [MESSAGE][PASSED] - Object: 'Object Repository/Header/Download/Downloadreceipt' is clicked on

2022-02-11 22:29:31 - [TEST_STEP][PASSED] - delay(2): Delayed 2 second(s)

2022-02-11 22:29:33 - [MESSAGE][PASSED] - Delayed 2 second(s)

2022-02-11 22:29:33 - [TEST_STEP][PASSED] - takeScreenshot(): Taking screenshot successfully

2022-02-11 22:29:33 - [MESSAGE][PASSED] - Taking screenshot successfully
[[ATTACHMENT|D:\\xampp\\htdocs\\training\\Training\\Rattan\\Final_testing\\New_ActivityOverview\\Reports\\20220211_221705\\EmailDownloadPreview\\20220211_221725\\1644598773346.png]]

2022-02-11 22:29:33 - [TEST_STEP][PASSED] - UrlToClick = findWebElement(findTestObject("Object Repository/Header/CopyUrl/CopyUrl")).getAttribute("data-href_url"): null

2022-02-11 22:29:33 - [TEST_STEP][PASSED] - println(UrlToClick): null

2022-02-11 22:29:33 - [TEST_STEP][PASSED] - ActivityUrl = UrlToClick: null

2022-02-11 22:29:33 - [TEST_STEP][PASSED] - switchToWindowIndex(1): Switched to window with index: '1'

2022-02-11 22:29:33 - [MESSAGE][PASSED] - Switched to window with index: '1'

2022-02-11 22:29:33 - [TEST_STEP][PASSED] - delay(5): Delayed 5 second(s)

2022-02-11 22:29:38 - [MESSAGE][PASSED] - Delayed 5 second(s)

2022-02-11 22:29:38 - [TEST_STEP][PASSED] - navigateToUrl(ActivityUrl): Navigate to 'https://activity.test-prio.com/orders/164448172323101' successfully

2022-02-11 22:29:43 - [MESSAGE][PASSED] - Navigate to 'https://activity.test-prio.com/orders/164448172323101' successfully

2022-02-11 22:29:43 - [TEST_STEP][PASSED] - takeScreenshot(): Taking screenshot successfully

2022-02-11 22:29:48 - [MESSAGE][PASSED] - Taking screenshot successfully
[[ATTACHMENT|D:\\xampp\\htdocs\\training\\Training\\Rattan\\Final_testing\\New_ActivityOverview\\Reports\\20220211_221705\\EmailDownloadPreview\\20220211_221725\\1644598784453.png]]

2022-02-11 22:29:48 - [TEST_STEP][PASSED] - switchToDefaultContent(): null

2022-02-11 22:29:49 - [TEST_STEP][PASSED] - callTestCase(findTestCase("Test Cases/NewActivityOverview-LeftNavigation/ActivityOverview-EmailDownloadPreview-CopiedURL"), [:], CONTINUE_ON_FAILURE): Call Test Case 'Test Cases/NewActivityOverview-LeftNavigation/ActivityOverview-EmailDownloadPreview-CopiedURL' successfully

2022-02-11 22:29:49 - [TEST_CASE][PASSED] - Test Cases/NewActivityOverview-LeftNavigation/ActivityOverview-EmailDownloadPreview-CopiedURL: Test Cases/NewActivityOverview-LeftNavigation/ActivityOverview-EmailDownloadPreview-CopiedURL

2022-02-11 22:29:49 - [TEST_STEP][PASSED] - switchToWindowIndex(1): Switched to window with index: '1'

2022-02-11 22:29:49 - [MESSAGE][PASSED] - Switched to window with index: '1'

2022-02-11 22:29:49 - [TEST_STEP][PASSED] - delay(5): Delayed 5 second(s)

2022-02-11 22:29:54 - [MESSAGE][PASSED] - Delayed 5 second(s)

2022-02-11 22:29:54 - [TEST_STEP][PASSED] - navigateToUrl(ActivityUrl): Navigate to 'https://activity.test-prio.com/orders/164448172323101' successfully

2022-02-11 22:29:59 - [MESSAGE][PASSED] - Navigate to 'https://activity.test-prio.com/orders/164448172323101' successfully

2022-02-11 22:29:59 - [TEST_STEP][PASSED] - takeScreenshot(): Taking screenshot successfully

2022-02-11 22:30:00 - [MESSAGE][PASSED] - Taking screenshot successfully
[[ATTACHMENT|D:\\xampp\\htdocs\\training\\Training\\Rattan\\Final_testing\\New_ActivityOverview\\Reports\\20220211_221705\\EmailDownloadPreview\\20220211_221725\\1644598800171.png]]

2022-02-11 22:30:00 - [TEST_STEP][PASSED] - switchToDefaultContent(): null

2022-02-11 22:30:00 - [TEST_STEP][PASSED] - if (waitForElementClickable(findTestObject("Object Repository/Header/Preview/ClickOnPreviewIcon"), 15) == true): Taking screenshot successfully

2022-02-11 22:30:00 - [MESSAGE][PASSED] - Object 'Object Repository/Header/Preview/ClickOnPreviewIcon' is clickable

2022-02-11 22:30:00 - [TEST_STEP][PASSED] - click(findTestObject("Object Repository/Header/Preview/ClickOnPreviewIcon")): Object: 'Object Repository/Header/Preview/ClickOnPreviewIcon' is clicked on

2022-02-11 22:30:04 - [MESSAGE][PASSED] - Object: 'Object Repository/Header/Preview/ClickOnPreviewIcon' is clicked on

2022-02-11 22:30:04 - [TEST_STEP][PASSED] - delay(10): Delayed 10 second(s)

2022-02-11 22:30:14 - [MESSAGE][PASSED] - Delayed 10 second(s)

2022-02-11 22:30:14 - [TEST_STEP][PASSED] - takeScreenshot(): Taking screenshot successfully

2022-02-11 22:30:14 - [MESSAGE][PASSED] - Taking screenshot successfully
[[ATTACHMENT|D:\\xampp\\htdocs\\training\\Training\\Rattan\\Final_testing\\New_ActivityOverview\\Reports\\20220211_221705\\EmailDownloadPreview\\20220211_221725\\1644598814565.png]]

2022-02-11 22:30:14 - [TEST_STEP][PASSED] - click(findTestObject("Object Repository/Header/Preview/PrintVoucher")): Object: 'Object Repository/Header/Preview/PrintVoucher' is clicked on

2022-02-11 22:30:18 - [MESSAGE][PASSED] - Object: 'Object Repository/Header/Preview/PrintVoucher' is clicked on

2022-02-11 22:30:18 - [TEST_STEP][PASSED] - delay(10): Delayed 10 second(s)

2022-02-11 22:30:28 - [MESSAGE][PASSED] - Delayed 10 second(s)

2022-02-11 22:30:28 - [TEST_STEP][PASSED] - takeScreenshot(): Taking screenshot successfully

2022-02-11 22:30:30 - [MESSAGE][PASSED] - Taking screenshot successfully
[[ATTACHMENT|D:\\xampp\\htdocs\\training\\Training\\Rattan\\Final_testing\\New_ActivityOverview\\Reports\\20220211_221705\\EmailDownloadPreview\\20220211_221725\\1644598830204.png]]

2022-02-11 22:30:30 - [TEST_STEP][PASSED] - click(findTestObject("Object Repository/Header/Preview/ClickOnPreviewIcon")): Object: 'Object Repository/Header/Preview/ClickOnPreviewIcon' is clicked on

2022-02-11 22:30:33 - [MESSAGE][PASSED] - Object: 'Object Repository/Header/Preview/ClickOnPreviewIcon' is clicked on

2022-02-11 22:30:33 - [TEST_STEP][PASSED] - delay(10): Delayed 10 second(s)

2022-02-11 22:30:43 - [MESSAGE][PASSED] - Delayed 10 second(s)

2022-02-11 22:30:43 - [TEST_STEP][PASSED] - takeScreenshot(): Taking screenshot successfully

2022-02-11 22:30:44 - [MESSAGE][PASSED] - Taking screenshot successfully
[[ATTACHMENT|D:\\xampp\\htdocs\\training\\Training\\Rattan\\Final_testing\\New_ActivityOverview\\Reports\\20220211_221705\\EmailDownloadPreview\\20220211_221725\\1644598844234.png]]

2022-02-11 22:30:44 - [TEST_STEP][PASSED] - click(findTestObject("Object Repository/Header/Preview/PrintReceipt")): Object: 'Object Repository/Header/Preview/PrintReceipt' is clicked on

2022-02-11 22:30:47 - [MESSAGE][PASSED] - Object: 'Object Repository/Header/Preview/PrintReceipt' is clicked on

2022-02-11 22:30:47 - [TEST_STEP][PASSED] - delay(10): Delayed 10 second(s)

2022-02-11 22:30:57 - [MESSAGE][PASSED] - Delayed 10 second(s)

2022-02-11 22:30:57 - [TEST_STEP][PASSED] - takeScreenshot(): Taking screenshot successfully

2022-02-11 22:30:59 - [MESSAGE][PASSED] - Taking screenshot successfully
[[ATTACHMENT|D:\\xampp\\htdocs\\training\\Training\\Rattan\\Final_testing\\New_ActivityOverview\\Reports\\20220211_221705\\EmailDownloadPreview\\20220211_221725\\1644598859266.png]]

2022-02-11 22:30:59 - [TEST_STEP][PASSED] - click(findTestObject("Object Repository/Header/Email/ClickOnSecndEmailButton")): Object: 'Object Repository/Header/Email/ClickOnSecndEmailButton' is clicked on

2022-02-11 22:31:02 - [MESSAGE][PASSED] - Object: 'Object Repository/Header/Email/ClickOnSecndEmailButton' is clicked on

2022-02-11 22:31:02 - [TEST_STEP][PASSED] - delay(10): Delayed 10 second(s)

2022-02-11 22:31:13 - [MESSAGE][PASSED] - Delayed 10 second(s)

2022-02-11 22:31:13 - [TEST_STEP][PASSED] - takeScreenshot(): Taking screenshot successfully

2022-02-11 22:31:13 - [MESSAGE][PASSED] - Taking screenshot successfully
[[ATTACHMENT|D:\\xampp\\htdocs\\training\\Training\\Rattan\\Final_testing\\New_ActivityOverview\\Reports\\20220211_221705\\EmailDownloadPreview\\20220211_221725\\1644598873262.png]]

2022-02-11 22:31:13 - [TEST_STEP][PASSED] - click(findTestObject("Object Repository/Header/Email/EmailVoucher")): Object: 'Object Repository/Header/Email/EmailVoucher' is clicked on

2022-02-11 22:31:16 - [MESSAGE][PASSED] - Object: 'Object Repository/Header/Email/EmailVoucher' is clicked on

2022-02-11 22:31:16 - [TEST_STEP][PASSED] - delay(2): Delayed 2 second(s)

2022-02-11 22:31:18 - [MESSAGE][PASSED] - Delayed 2 second(s)

2022-02-11 22:31:18 - [TEST_STEP][PASSED] - takeScreenshot(): Taking screenshot successfully

2022-02-11 22:31:19 - [MESSAGE][PASSED] - Taking screenshot successfully
[[ATTACHMENT|D:\\xampp\\htdocs\\training\\Training\\Rattan\\Final_testing\\New_ActivityOverview\\Reports\\20220211_221705\\EmailDownloadPreview\\20220211_221725\\1644598879162.png]]

2022-02-11 22:31:19 - [TEST_STEP][PASSED] - setText(findTestObject("Object Repository/Header/Email/InputEmails"), "rattan.intersoft@gmail.com"): Text 'rattan.intersoft@gmail.com' is set on object 'Object Repository/Header/Email/InputEmails'

2022-02-11 22:31:26 - [MESSAGE][PASSED] - Text 'rattan.intersoft@gmail.com' is set on object 'Object Repository/Header/Email/InputEmails'

2022-02-11 22:31:26 - [TEST_STEP][PASSED] - delay(2): Delayed 2 second(s)

2022-02-11 22:31:28 - [MESSAGE][PASSED] - Delayed 2 second(s)

2022-02-11 22:31:28 - [TEST_STEP][PASSED] - takeScreenshot(): Taking screenshot successfully

2022-02-11 22:31:28 - [MESSAGE][PASSED] - Taking screenshot successfully
[[ATTACHMENT|D:\\xampp\\htdocs\\training\\Training\\Rattan\\Final_testing\\New_ActivityOverview\\Reports\\20220211_221705\\EmailDownloadPreview\\20220211_221725\\1644598888580.png]]

2022-02-11 22:31:28 - [TEST_STEP][PASSED] - click(findTestObject("Object Repository/Header/Email/SendButton")): Object: 'Object Repository/Header/Email/SendButton' is clicked on

2022-02-11 22:31:32 - [MESSAGE][PASSED] - Object: 'Object Repository/Header/Email/SendButton' is clicked on

2022-02-11 22:31:32 - [TEST_STEP][PASSED] - delay(10): Delayed 10 second(s)

2022-02-11 22:31:42 - [MESSAGE][PASSED] - Delayed 10 second(s)

2022-02-11 22:31:42 - [TEST_STEP][PASSED] - click(findTestObject("Object Repository/Header/Email/ClickOnSecndEmailButton")): Object: 'Object Repository/Header/Email/ClickOnSecndEmailButton' is clicked on

2022-02-11 22:31:45 - [MESSAGE][PASSED] - Object: 'Object Repository/Header/Email/ClickOnSecndEmailButton' is clicked on

2022-02-11 22:31:45 - [TEST_STEP][PASSED] - delay(10): Delayed 10 second(s)

2022-02-11 22:31:55 - [MESSAGE][PASSED] - Delayed 10 second(s)

2022-02-11 22:31:55 - [TEST_STEP][PASSED] - takeScreenshot(): Taking screenshot successfully

2022-02-11 22:31:56 - [MESSAGE][PASSED] - Taking screenshot successfully
[[ATTACHMENT|D:\\xampp\\htdocs\\training\\Training\\Rattan\\Final_testing\\New_ActivityOverview\\Reports\\20220211_221705\\EmailDownloadPreview\\20220211_221725\\1644598915894.png]]

2022-02-11 22:31:56 - [TEST_STEP][PASSED] - click(findTestObject("Object Repository/Header/Email/EmailReceipt")): Object: 'Object Repository/Header/Email/EmailReceipt' is clicked on

2022-02-11 22:31:59 - [MESSAGE][PASSED] - Object: 'Object Repository/Header/Email/EmailReceipt' is clicked on

2022-02-11 22:31:59 - [TEST_STEP][PASSED] - delay(2): Delayed 2 second(s)

2022-02-11 22:32:01 - [MESSAGE][PASSED] - Delayed 2 second(s)

2022-02-11 22:32:01 - [TEST_STEP][PASSED] - takeScreenshot(): Taking screenshot successfully

2022-02-11 22:32:02 - [MESSAGE][PASSED] - Taking screenshot successfully
[[ATTACHMENT|D:\\xampp\\htdocs\\training\\Training\\Rattan\\Final_testing\\New_ActivityOverview\\Reports\\20220211_221705\\EmailDownloadPreview\\20220211_221725\\1644598921804.png]]

2022-02-11 22:32:02 - [TEST_STEP][PASSED] - setText(findTestObject("Object Repository/Header/Email/InputEmails"), "rattan.intersoft@gmail.com"): Text 'rattan.intersoft@gmail.com' is set on object 'Object Repository/Header/Email/InputEmails'

2022-02-11 22:32:08 - [MESSAGE][PASSED] - Text 'rattan.intersoft@gmail.com' is set on object 'Object Repository/Header/Email/InputEmails'

2022-02-11 22:32:08 - [TEST_STEP][PASSED] - delay(2): Delayed 2 second(s)

2022-02-11 22:32:10 - [MESSAGE][PASSED] - Delayed 2 second(s)

2022-02-11 22:32:10 - [TEST_STEP][PASSED] - takeScreenshot(): Taking screenshot successfully

2022-02-11 22:32:11 - [MESSAGE][PASSED] - Taking screenshot successfully
[[ATTACHMENT|D:\\xampp\\htdocs\\training\\Training\\Rattan\\Final_testing\\New_ActivityOverview\\Reports\\20220211_221705\\EmailDownloadPreview\\20220211_221725\\1644598931013.png]]

2022-02-11 22:32:11 - [TEST_STEP][PASSED] - click(findTestObject("Object Repository/Header/Email/SendButton")): Object: 'Object Repository/Header/Email/SendButton' is clicked on

2022-02-11 22:32:14 - [MESSAGE][PASSED] - Object: 'Object Repository/Header/Email/SendButton' is clicked on

2022-02-11 22:32:14 - [TEST_STEP][PASSED] - delay(10): Delayed 10 second(s)

2022-02-11 22:32:24 - [MESSAGE][PASSED] - Delayed 10 second(s)

2022-02-11 22:32:24 - [TEST_STEP][PASSED] - click(findTestObject("Object Repository/Header/Download/ClickOnDownloadIcon")): Object: 'Object Repository/Header/Download/ClickOnDownloadIcon' is clicked on

2022-02-11 22:32:28 - [MESSAGE][PASSED] - Object: 'Object Repository/Header/Download/ClickOnDownloadIcon' is clicked on

2022-02-11 22:32:28 - [TEST_STEP][PASSED] - delay(2): Delayed 2 second(s)

2022-02-11 22:32:30 - [MESSAGE][PASSED] - Delayed 2 second(s)

2022-02-11 22:32:30 - [TEST_STEP][PASSED] - takeScreenshot(): Taking screenshot successfully

2022-02-11 22:32:30 - [MESSAGE][PASSED] - Taking screenshot successfully
[[ATTACHMENT|D:\\xampp\\htdocs\\training\\Training\\Rattan\\Final_testing\\New_ActivityOverview\\Reports\\20220211_221705\\EmailDownloadPreview\\20220211_221725\\1644598950327.png]]

2022-02-11 22:32:30 - [TEST_STEP][PASSED] - click(findTestObject("Object Repository/Header/Download/DownloadVoucher")): Object: 'Object Repository/Header/Download/DownloadVoucher' is clicked on

2022-02-11 22:32:34 - [MESSAGE][PASSED] - Object: 'Object Repository/Header/Download/DownloadVoucher' is clicked on

2022-02-11 22:32:34 - [TEST_STEP][PASSED] - delay(2): Delayed 2 second(s)

2022-02-11 22:32:36 - [MESSAGE][PASSED] - Delayed 2 second(s)

2022-02-11 22:32:36 - [TEST_STEP][PASSED] - takeScreenshot(): Taking screenshot successfully

2022-02-11 22:32:37 - [MESSAGE][PASSED] - Taking screenshot successfully
[[ATTACHMENT|D:\\xampp\\htdocs\\training\\Training\\Rattan\\Final_testing\\New_ActivityOverview\\Reports\\20220211_221705\\EmailDownloadPreview\\20220211_221725\\1644598957549.png]]

2022-02-11 22:32:37 - [TEST_STEP][PASSED] - click(findTestObject("Object Repository/Header/Download/ClickOnDownloadIcon")): Object: 'Object Repository/Header/Download/ClickOnDownloadIcon' is clicked on

2022-02-11 22:32:41 - [MESSAGE][PASSED] - Object: 'Object Repository/Header/Download/ClickOnDownloadIcon' is clicked on

2022-02-11 22:32:41 - [TEST_STEP][PASSED] - delay(2): Delayed 2 second(s)

2022-02-11 22:32:43 - [MESSAGE][PASSED] - Delayed 2 second(s)

2022-02-11 22:32:43 - [TEST_STEP][PASSED] - takeScreenshot(): Taking screenshot successfully

2022-02-11 22:32:43 - [MESSAGE][PASSED] - Taking screenshot successfully
[[ATTACHMENT|D:\\xampp\\htdocs\\training\\Training\\Rattan\\Final_testing\\New_ActivityOverview\\Reports\\20220211_221705\\EmailDownloadPreview\\20220211_221725\\1644598963497.png]]

2022-02-11 22:32:43 - [TEST_STEP][PASSED] - click(findTestObject("Object Repository/Header/Download/Downloadreceipt")): Object: 'Object Repository/Header/Download/Downloadreceipt' is clicked on

2022-02-11 22:32:47 - [MESSAGE][PASSED] - Object: 'Object Repository/Header/Download/Downloadreceipt' is clicked on

2022-02-11 22:32:47 - [TEST_STEP][PASSED] - delay(2): Delayed 2 second(s)

2022-02-11 22:32:49 - [MESSAGE][PASSED] - Delayed 2 second(s)

2022-02-11 22:32:49 - [TEST_STEP][PASSED] - takeScreenshot(): Taking screenshot successfully

2022-02-11 22:32:50 - [MESSAGE][PASSED] - Taking screenshot successfully
[[ATTACHMENT|D:\\xampp\\htdocs\\training\\Training\\Rattan\\Final_testing\\New_ActivityOverview\\Reports\\20220211_221705\\EmailDownloadPreview\\20220211_221725\\1644598969831.png]]

2022-02-11 22:32:50 - [MESSAGE][PASSED] - Call Test Case 'Test Cases/NewActivityOverview-LeftNavigation/ActivityOverview-EmailDownloadPreview-CopiedURL' successfully

2022-02-11 22:32:50 - [TEST_STEP][PASSED] - switchToWindowIndex(0): Switched to window with index: '0'

2022-02-11 22:32:50 - [MESSAGE][PASSED] - Switched to window with index: '0'

2022-02-11 22:32:50 - [TEST_STEP][PASSED] - delay(13): Delayed 13 second(s)

2022-02-11 22:33:03 - [MESSAGE][PASSED] - Delayed 13 second(s)

2022-02-11 22:33:03 - [TEST_STEP][PASSED] - switchToFrame(findTestObject("Object Repository/Iframe/NewActivityOverviewIframe"), 5): null

2022-02-11 22:33:03 - [TEST_STEP][PASSED] - click(findTestObject("Object Repository/DetailPop-up/Backbutton/BackButtonToListing")): Object: 'Object Repository/DetailPop-up/Backbutton/BackButtonToListing' is clicked on

2022-02-11 22:33:08 - [MESSAGE][PASSED] - Object: 'Object Repository/DetailPop-up/Backbutton/BackButtonToListing' is clicked on

2022-02-11 22:33:08 - [TEST_STEP][PASSED] - delay(13): Delayed 13 second(s)

2022-02-11 22:33:21 - [MESSAGE][PASSED] - Delayed 13 second(s)

2022-02-11 22:33:21 - [TEST_STEP][PASSED] - if (l <= 5): null

2022-02-11 22:33:21 - [TEST_STEP][PASSED] - paginationvalue = l: null

2022-02-11 22:33:21 - [TEST_STEP][PASSED] - if (l > 5): null

2022-02-11 22:33:21 - [TEST_STEP][PASSED] - logInfo(Size of Pagination: $paginationvalue): Size of Pagination: 2

2022-02-11 22:33:21 - [MESSAGE][INFO] - Size of Pagination: 2

2022-02-11 22:33:21 - [TEST_STEP][PASSED] - click(findTestObject("Object Repository/PaginationCOunt/ClickOnPagination", ["pagination":paginationvalue])): Object: 'Object Repository/PaginationCOunt/ClickOnPagination' is clicked on

2022-02-11 22:33:24 - [MESSAGE][PASSED] - Object: 'Object Repository/PaginationCOunt/ClickOnPagination' is clicked on

2022-02-11 22:33:24 - [TEST_STEP][PASSED] - delay(20): Delayed 20 second(s)

2022-02-11 22:33:44 - [MESSAGE][PASSED] - Delayed 20 second(s)

2022-02-11 22:33:44 - [TEST_STEP][PASSED] - takeScreenshot(): Taking screenshot successfully

2022-02-11 22:33:45 - [MESSAGE][PASSED] - Taking screenshot successfully
[[ATTACHMENT|D:\\xampp\\htdocs\\training\\Training\\Rattan\\Final_testing\\New_ActivityOverview\\Reports\\20220211_221705\\EmailDownloadPreview\\20220211_221725\\1644599024849.png]]

2022-02-11 22:33:45 - [TEST_STEP][PASSED] - RecordsinListing = findWebElements(findTestObject("Object Repository/ListingArea/RecordsInListing"), 5).size(): null

2022-02-11 22:33:45 - [TEST_STEP][PASSED] - logInfo(Size of Active Bookings: $RecordsinListing): Size of Active Bookings: 100

2022-02-11 22:33:45 - [MESSAGE][INFO] - Size of Active Bookings: 100

2022-02-11 22:33:45 - [TEST_STEP][PASSED] - for ([refund = 1, refund < RecordsinListing, (refund++)]): Call Test Case 'Test Cases/NewActivityOverview-LeftNavigation/ActivityOverview-EmailDownloadPreview-CopiedURL' successfully

2022-02-11 22:33:45 - [TEST_STEP][PASSED] - if (refund == 1): null

2022-02-11 22:33:45 - [TEST_STEP][PASSED] - refund = RecordsinListing: null

2022-02-11 22:33:45 - [TEST_STEP][PASSED] - refundvalue = refund: null

2022-02-11 22:33:45 - [TEST_STEP][PASSED] - logInfo(Size of refund booking: $refund): Size of refund booking: 100

2022-02-11 22:33:45 - [MESSAGE][INFO] - Size of refund booking: 100

2022-02-11 22:33:45 - [TEST_STEP][PASSED] - scrollToElement(findTestObject("Object Repository/ListingArea/ClickondetailPOp-up", ["position":refund]), 15): Scroll to object 'Object Repository/ListingArea/ClickondetailPOp-up' successfully

2022-02-11 22:33:45 - [MESSAGE][PASSED] - Scroll to object 'Object Repository/ListingArea/ClickondetailPOp-up' successfully

2022-02-11 22:33:45 - [TEST_STEP][PASSED] - takeScreenshot(): Taking screenshot successfully

2022-02-11 22:33:45 - [MESSAGE][PASSED] - Taking screenshot successfully
[[ATTACHMENT|D:\\xampp\\htdocs\\training\\Training\\Rattan\\Final_testing\\New_ActivityOverview\\Reports\\20220211_221705\\EmailDownloadPreview\\20220211_221725\\1644599025516.png]]

2022-02-11 22:33:45 - [TEST_STEP][PASSED] - orderId = findWebElement(findTestObject("Object Repository/GetOrderID/GetOrderID", ["position":refund])).getAttribute("data-order_id"): null

2022-02-11 22:33:45 - [TEST_STEP][PASSED] - orderId = orderId: null

2022-02-11 22:33:45 - [TEST_STEP][PASSED] - logInfo(Order ID: $orderId): Order ID: 164439921876565

2022-02-11 22:33:45 - [MESSAGE][INFO] - Order ID: 164439921876565

2022-02-11 22:33:45 - [TEST_STEP][PASSED] - click(findTestObject("Object Repository/GetOrderID/GetOrderID", ["position":refund])): Object: 'Object Repository/GetOrderID/GetOrderID' is clicked on

2022-02-11 22:33:49 - [MESSAGE][PASSED] - Object: 'Object Repository/GetOrderID/GetOrderID' is clicked on

2022-02-11 22:33:49 - [TEST_STEP][PASSED] - delay(20): Delayed 20 second(s)

2022-02-11 22:34:09 - [MESSAGE][PASSED] - Delayed 20 second(s)

2022-02-11 22:34:09 - [TEST_STEP][PASSED] - takeScreenshot(): Taking screenshot successfully

2022-02-11 22:34:09 - [MESSAGE][PASSED] - Taking screenshot successfully
[[ATTACHMENT|D:\\xampp\\htdocs\\training\\Training\\Rattan\\Final_testing\\New_ActivityOverview\\Reports\\20220211_221705\\EmailDownloadPreview\\20220211_221725\\1644599049574.png]]

2022-02-11 22:34:09 - [TEST_STEP][PASSED] - if (waitForElementClickable(findTestObject("Object Repository/Header/Preview/ClickOnPreviewIcon"), 15) == true): Web element with id: 'Object Repository/Header/Preview/ClickOnPreviewIcon' located by '//span[contains(text(),'Preview')]//parent::a' not found

2022-02-11 22:34:25 - [MESSAGE][INFO] - Unable to find the element located by 'By.xpath: //span[contains(text(),'Preview')]//parent::a'. Please recheck the objects properties to make sure the desired element is located. 

2022-02-11 22:34:25 - [MESSAGE][WARNING] - [SELF-HEALING] Failed to find element with id 'Object Repository/Header/Preview/ClickOnPreviewIcon'. Try using Self-healing.

2022-02-11 22:34:26 - [MESSAGE][INFO] - [SELF-HEALING] No working XPath is found.

2022-02-11 22:34:27 - [MESSAGE][INFO] - Unable to find the element located by 'By.xpath: '. Please recheck the objects properties to make sure the desired element is located. 

2022-02-11 22:34:27 - [MESSAGE][WARNING] - [SELF-HEALING] Cannot find elements when the selector is null

2022-02-11 22:34:27 - [MESSAGE][WARNING] - Web element with id: 'Object Repository/Header/Preview/ClickOnPreviewIcon' located by '//span[contains(text(),'Preview')]//parent::a' not found

2022-02-11 22:34:27 - [TEST_STEP][PASSED] - UrlToClick = findWebElement(findTestObject("Object Repository/Header/CopyUrl/CopyUrl")).getAttribute("data-href_url"): null

2022-02-11 22:34:28 - [TEST_STEP][PASSED] - println(UrlToClick): null

2022-02-11 22:34:28 - [TEST_STEP][PASSED] - ActivityUrl = UrlToClick: null

2022-02-11 22:34:28 - [TEST_STEP][PASSED] - switchToWindowIndex(1): Switched to window with index: '1'

2022-02-11 22:34:28 - [MESSAGE][PASSED] - Switched to window with index: '1'

2022-02-11 22:34:28 - [TEST_STEP][PASSED] - delay(5): Delayed 5 second(s)

2022-02-11 22:34:33 - [MESSAGE][PASSED] - Delayed 5 second(s)

2022-02-11 22:34:33 - [TEST_STEP][PASSED] - navigateToUrl(ActivityUrl): Navigate to 'https://activity.test-prio.com/orders/164439921876565' successfully

2022-02-11 22:34:38 - [MESSAGE][PASSED] - Navigate to 'https://activity.test-prio.com/orders/164439921876565' successfully

2022-02-11 22:34:38 - [TEST_STEP][PASSED] - takeScreenshot(): Taking screenshot successfully

2022-02-11 22:34:39 - [MESSAGE][PASSED] - Taking screenshot successfully
[[ATTACHMENT|D:\\xampp\\htdocs\\training\\Training\\Rattan\\Final_testing\\New_ActivityOverview\\Reports\\20220211_221705\\EmailDownloadPreview\\20220211_221725\\1644599078937.png]]

2022-02-11 22:34:39 - [TEST_STEP][PASSED] - switchToDefaultContent(): null

2022-02-11 22:34:39 - [TEST_STEP][PASSED] - callTestCase(findTestCase("Test Cases/NewActivityOverview-LeftNavigation/ActivityOverview-EmailDownloadPreview-CopiedURL"), [:], CONTINUE_ON_FAILURE): Call Test Case 'Test Cases/NewActivityOverview-LeftNavigation/ActivityOverview-EmailDownloadPreview-CopiedURL' successfully

2022-02-11 22:34:39 - [TEST_CASE][PASSED] - Test Cases/NewActivityOverview-LeftNavigation/ActivityOverview-EmailDownloadPreview-CopiedURL: Test Cases/NewActivityOverview-LeftNavigation/ActivityOverview-EmailDownloadPreview-CopiedURL

2022-02-11 22:34:39 - [TEST_STEP][PASSED] - switchToWindowIndex(1): Switched to window with index: '1'

2022-02-11 22:34:39 - [MESSAGE][PASSED] - Switched to window with index: '1'

2022-02-11 22:34:39 - [TEST_STEP][PASSED] - delay(5): Delayed 5 second(s)

2022-02-11 22:34:44 - [MESSAGE][PASSED] - Delayed 5 second(s)

2022-02-11 22:34:44 - [TEST_STEP][PASSED] - navigateToUrl(ActivityUrl): Navigate to 'https://activity.test-prio.com/orders/164439921876565' successfully

2022-02-11 22:34:50 - [MESSAGE][PASSED] - Navigate to 'https://activity.test-prio.com/orders/164439921876565' successfully

2022-02-11 22:34:50 - [TEST_STEP][PASSED] - takeScreenshot(): Taking screenshot successfully

2022-02-11 22:34:52 - [MESSAGE][PASSED] - Taking screenshot successfully
[[ATTACHMENT|D:\\xampp\\htdocs\\training\\Training\\Rattan\\Final_testing\\New_ActivityOverview\\Reports\\20220211_221705\\EmailDownloadPreview\\20220211_221725\\1644599092163.png]]

2022-02-11 22:34:52 - [TEST_STEP][PASSED] - switchToDefaultContent(): null

2022-02-11 22:34:52 - [TEST_STEP][PASSED] - if (waitForElementClickable(findTestObject("Object Repository/Header/Preview/ClickOnPreviewIcon"), 15) == true): Web element with id: 'Object Repository/Header/Preview/ClickOnPreviewIcon' located by '//span[contains(text(),'Preview')]//parent::a' not found

2022-02-11 22:35:08 - [MESSAGE][INFO] - Unable to find the element located by 'By.xpath: //span[contains(text(),'Preview')]//parent::a'. Please recheck the objects properties to make sure the desired element is located. 

2022-02-11 22:35:08 - [MESSAGE][WARNING] - [SELF-HEALING] Failed to find element with id 'Object Repository/Header/Preview/ClickOnPreviewIcon'. Try using Self-healing.

2022-02-11 22:35:10 - [MESSAGE][INFO] - [SELF-HEALING] No working XPath is found.

2022-02-11 22:35:11 - [MESSAGE][INFO] - Unable to find the element located by 'By.xpath: '. Please recheck the objects properties to make sure the desired element is located. 

2022-02-11 22:35:11 - [MESSAGE][WARNING] - [SELF-HEALING] Cannot find elements when the selector is null

2022-02-11 22:35:11 - [MESSAGE][WARNING] - Web element with id: 'Object Repository/Header/Preview/ClickOnPreviewIcon' located by '//span[contains(text(),'Preview')]//parent::a' not found

2022-02-11 22:35:11 - [MESSAGE][PASSED] - Call Test Case 'Test Cases/NewActivityOverview-LeftNavigation/ActivityOverview-EmailDownloadPreview-CopiedURL' successfully

2022-02-11 22:35:11 - [TEST_STEP][PASSED] - switchToWindowIndex(0): Switched to window with index: '0'

2022-02-11 22:35:12 - [MESSAGE][PASSED] - Switched to window with index: '0'

2022-02-11 22:35:12 - [TEST_STEP][PASSED] - delay(13): Delayed 13 second(s)

2022-02-11 22:35:25 - [MESSAGE][PASSED] - Delayed 13 second(s)

2022-02-11 22:35:25 - [TEST_STEP][PASSED] - switchToFrame(findTestObject("Object Repository/Iframe/NewActivityOverviewIframe"), 5): null

2022-02-11 22:35:25 - [TEST_STEP][PASSED] - click(findTestObject("Object Repository/DetailPop-up/Backbutton/BackButtonToListing")): Object: 'Object Repository/DetailPop-up/Backbutton/BackButtonToListing' is clicked on

2022-02-11 22:35:29 - [MESSAGE][PASSED] - Object: 'Object Repository/DetailPop-up/Backbutton/BackButtonToListing' is clicked on

2022-02-11 22:35:29 - [TEST_STEP][PASSED] - delay(13): Delayed 13 second(s)

2022-02-11 22:35:42 - [MESSAGE][PASSED] - Delayed 13 second(s)

2022-02-11 22:35:42 - [TEST_STEP][PASSED] - if (sizeoflisting < 2): null]]></system-out>
         <system-err><![CDATA[]]></system-err>
      </testcase>
      <testcase name="Test Cases/NewActivityOverview-LeftNavigation/ActivityOverview-EmailDownloadPreview-CopiedURL" time="28.76" classname="Test Cases/NewActivityOverview-LeftNavigation/ActivityOverview-EmailDownloadPreview-CopiedURL" status="PASSED">
         <system-out><![CDATA[2022-02-11 22:35:42 - [TEST_CASE][PASSED] - Test Cases/NewActivityOverview-LeftNavigation/ActivityOverview-EmailDownloadPreview-CopiedURL: Test Cases/NewActivityOverview-LeftNavigation/ActivityOverview-EmailDownloadPreview-CopiedURL

2022-02-11 22:35:42 - [TEST_STEP][PASSED] - switchToWindowIndex(1): Switched to window with index: '1'

2022-02-11 22:35:42 - [MESSAGE][PASSED] - Switched to window with index: '1'

2022-02-11 22:35:42 - [TEST_STEP][PASSED] - delay(5): Delayed 5 second(s)

2022-02-11 22:35:47 - [MESSAGE][PASSED] - Delayed 5 second(s)

2022-02-11 22:35:47 - [TEST_STEP][PASSED] - navigateToUrl(ActivityUrl): Navigate to 'https://activity.test-prio.com/orders/164439921876565' successfully

2022-02-11 22:35:51 - [MESSAGE][PASSED] - Navigate to 'https://activity.test-prio.com/orders/164439921876565' successfully

2022-02-11 22:35:51 - [TEST_STEP][PASSED] - takeScreenshot(): Taking screenshot successfully

2022-02-11 22:35:52 - [MESSAGE][PASSED] - Taking screenshot successfully
[[ATTACHMENT|D:\\xampp\\htdocs\\training\\Training\\Rattan\\Final_testing\\New_ActivityOverview\\Reports\\20220211_221705\\EmailDownloadPreview\\20220211_221725\\1644599152510.png]]

2022-02-11 22:35:52 - [TEST_STEP][PASSED] - switchToDefaultContent(): null

2022-02-11 22:35:52 - [TEST_STEP][PASSED] - if (waitForElementClickable(findTestObject("Object Repository/Header/Preview/ClickOnPreviewIcon"), 15) == true): Web element with id: 'Object Repository/Header/Preview/ClickOnPreviewIcon' located by '//span[contains(text(),'Preview')]//parent::a' not found

2022-02-11 22:36:08 - [MESSAGE][INFO] - Unable to find the element located by 'By.xpath: //span[contains(text(),'Preview')]//parent::a'. Please recheck the objects properties to make sure the desired element is located. 

2022-02-11 22:36:08 - [MESSAGE][WARNING] - [SELF-HEALING] Failed to find element with id 'Object Repository/Header/Preview/ClickOnPreviewIcon'. Try using Self-healing.

2022-02-11 22:36:09 - [MESSAGE][INFO] - [SELF-HEALING] No working XPath is found.

2022-02-11 22:36:10 - [MESSAGE][INFO] - Unable to find the element located by 'By.xpath: '. Please recheck the objects properties to make sure the desired element is located. 

2022-02-11 22:36:10 - [MESSAGE][WARNING] - [SELF-HEALING] Cannot find elements when the selector is null

2022-02-11 22:36:10 - [MESSAGE][WARNING] - Web element with id: 'Object Repository/Header/Preview/ClickOnPreviewIcon' located by '//span[contains(text(),'Preview')]//parent::a' not found]]></system-out>
         <system-err><![CDATA[]]></system-err>
      </testcase>
      <system-out><![CDATA[2022-02-11 22:23:55 - [TEST_SUITE][PASSED] - EmailDownloadPreview: Test Cases/NewActivityOverview-LeftNavigation/ActivityOverview-EmailDownloadPreview-CopiedURL]]></system-out>
      <system-err><![CDATA[]]></system-err>
   </testsuite>
   <testsuite name="Pagination" tests="1" failures="1" errors="0" time="2093.053" skipped="0" timestamp="2022-02-11 22:24:06" hostname="intersoft-admin - DESKTOP-ANQSRIJ" id="Test Suites/Pagination">
      <properties>
         <property name="deviceName" value=""/>
         <property name="devicePlatform" value=""/>
         <property name="logFolder" value="D:\\xampp\\htdocs\\training\\Training\\Rattan\\Final_testing\\New_ActivityOverview\\Reports\\20220211_221705\\Pagination\\20220211_221727"/>
         <property name="logFiles" value="D:\\xampp\\htdocs\\training\\Training\\Rattan\\Final_testing\\New_ActivityOverview\\Reports\\20220211_221705\\Pagination\\20220211_221727\\execution0.log"/>
         <property name="attachments" value="D:\\xampp\\htdocs\\training\\Training\\Rattan\\Final_testing\\New_ActivityOverview\\Reports\\20220211_221705\\Pagination\\20220211_221727\\1644598489908.png, D:\\xampp\\htdocs\\training\\Training\\Rattan\\Final_testing\\New_ActivityOverview\\Reports\\20220211_221705\\Pagination\\20220211_221727\\1644598504984.png, D:\\xampp\\htdocs\\training\\Training\\Rattan\\Final_testing\\New_ActivityOverview\\Reports\\20220211_221705\\Pagination\\20220211_221727\\1644598532251.png, D:\\xampp\\htdocs\\training\\Training\\Rattan\\Final_testing\\New_ActivityOverview\\Reports\\20220211_221705\\Pagination\\20220211_221727\\1644598564459.png, D:\\xampp\\htdocs\\training\\Training\\Rattan\\Final_testing\\New_ActivityOverview\\Reports\\20220211_221705\\Pagination\\20220211_221727\\1644598588281.png, D:\\xampp\\htdocs\\training\\Training\\Rattan\\Final_testing\\New_ActivityOverview\\Reports\\20220211_221705\\Pagination\\20220211_221727\\1644598611866.png, D:\\xampp\\htdocs\\training\\Training\\Rattan\\Final_testing\\New_ActivityOverview\\Reports\\20220211_221705\\Pagination\\20220211_221727\\1644598635641.png, D:\\xampp\\htdocs\\training\\Training\\Rattan\\Final_testing\\New_ActivityOverview\\Reports\\20220211_221705\\Pagination\\20220211_221727\\1644598659378.png, D:\\xampp\\htdocs\\training\\Training\\Rattan\\Final_testing\\New_ActivityOverview\\Reports\\20220211_221705\\Pagination\\20220211_221727\\1644598683999.png, D:\\xampp\\htdocs\\training\\Training\\Rattan\\Final_testing\\New_ActivityOverview\\Reports\\20220211_221705\\Pagination\\20220211_221727\\1644598707688.png, D:\\xampp\\htdocs\\training\\Training\\Rattan\\Final_testing\\New_ActivityOverview\\Reports\\20220211_221705\\Pagination\\20220211_221727\\1644598731281.png, D:\\xampp\\htdocs\\training\\Training\\Rattan\\Final_testing\\New_ActivityOverview\\Reports\\20220211_221705\\Pagination\\20220211_221727\\1644598754836.png, D:\\xampp\\htdocs\\training\\Training\\Rattan\\Final_testing\\New_ActivityOverview\\Reports\\20220211_221705\\Pagination\\20220211_221727\\1644598778694.png, D:\\xampp\\htdocs\\training\\Training\\Rattan\\Final_testing\\New_ActivityOverview\\Reports\\20220211_221705\\Pagination\\20220211_221727\\1644598802318.png, D:\\xampp\\htdocs\\training\\Training\\Rattan\\Final_testing\\New_ActivityOverview\\Reports\\20220211_221705\\Pagination\\20220211_221727\\1644598825996.png, D:\\xampp\\htdocs\\training\\Training\\Rattan\\Final_testing\\New_ActivityOverview\\Reports\\20220211_221705\\Pagination\\20220211_221727\\1644598849805.png, D:\\xampp\\htdocs\\training\\Training\\Rattan\\Final_testing\\New_ActivityOverview\\Reports\\20220211_221705\\Pagination\\20220211_221727\\1644598873623.png, D:\\xampp\\htdocs\\training\\Training\\Rattan\\Final_testing\\New_ActivityOverview\\Reports\\20220211_221705\\Pagination\\20220211_221727\\1644598897314.png, D:\\xampp\\htdocs\\training\\Training\\Rattan\\Final_testing\\New_ActivityOverview\\Reports\\20220211_221705\\Pagination\\20220211_221727\\1644598921101.png, D:\\xampp\\htdocs\\training\\Training\\Rattan\\Final_testing\\New_ActivityOverview\\Reports\\20220211_221705\\Pagination\\20220211_221727\\1644598944723.png, D:\\xampp\\htdocs\\training\\Training\\Rattan\\Final_testing\\New_ActivityOverview\\Reports\\20220211_221705\\Pagination\\20220211_221727\\1644598986204.png, D:\\xampp\\htdocs\\training\\Training\\Rattan\\Final_testing\\New_ActivityOverview\\Reports\\20220211_221705\\Pagination\\20220211_221727\\1644599025513.png, D:\\xampp\\htdocs\\training\\Training\\Rattan\\Final_testing\\New_ActivityOverview\\Reports\\20220211_221705\\Pagination\\20220211_221727\\1644599039927.png, D:\\xampp\\htdocs\\training\\Training\\Rattan\\Final_testing\\New_ActivityOverview\\Reports\\20220211_221705\\Pagination\\20220211_221727\\1644599069134.png, D:\\xampp\\htdocs\\training\\Training\\Rattan\\Final_testing\\New_ActivityOverview\\Reports\\20220211_221705\\Pagination\\20220211_221727\\1644599101850.png, D:\\xampp\\htdocs\\training\\Training\\Rattan\\Final_testing\\New_ActivityOverview\\Reports\\20220211_221705\\Pagination\\20220211_221727\\1644599126065.png, D:\\xampp\\htdocs\\training\\Training\\Rattan\\Final_testing\\New_ActivityOverview\\Reports\\20220211_221705\\Pagination\\20220211_221727\\1644599149886.png, D:\\xampp\\htdocs\\training\\Training\\Rattan\\Final_testing\\New_ActivityOverview\\Reports\\20220211_221705\\Pagination\\20220211_221727\\1644599173570.png, D:\\xampp\\htdocs\\training\\Training\\Rattan\\Final_testing\\New_ActivityOverview\\Reports\\20220211_221705\\Pagination\\20220211_221727\\1644599197643.png, D:\\xampp\\htdocs\\training\\Training\\Rattan\\Final_testing\\New_ActivityOverview\\Reports\\20220211_221705\\Pagination\\20220211_221727\\1644599221234.png, D:\\xampp\\htdocs\\training\\Training\\Rattan\\Final_testing\\New_ActivityOverview\\Reports\\20220211_221705\\Pagination\\20220211_221727\\1644599244727.png, D:\\xampp\\htdocs\\training\\Training\\Rattan\\Final_testing\\New_ActivityOverview\\Reports\\20220211_221705\\Pagination\\20220211_221727\\1644599268278.png, D:\\xampp\\htdocs\\training\\Training\\Rattan\\Final_testing\\New_ActivityOverview\\Reports\\20220211_221705\\Pagination\\20220211_221727\\1644599291765.png, D:\\xampp\\htdocs\\training\\Training\\Rattan\\Final_testing\\New_ActivityOverview\\Reports\\20220211_221705\\Pagination\\20220211_221727\\1644599315286.png, D:\\xampp\\htdocs\\training\\Training\\Rattan\\Final_testing\\New_ActivityOverview\\Reports\\20220211_221705\\Pagination\\20220211_221727\\1644599338811.png, D:\\xampp\\htdocs\\training\\Training\\Rattan\\Final_testing\\New_ActivityOverview\\Reports\\20220211_221705\\Pagination\\20220211_221727\\1644599362343.png, D:\\xampp\\htdocs\\training\\Training\\Rattan\\Final_testing\\New_ActivityOverview\\Reports\\20220211_221705\\Pagination\\20220211_221727\\1644599385957.png, D:\\xampp\\htdocs\\training\\Training\\Rattan\\Final_testing\\New_ActivityOverview\\Reports\\20220211_221705\\Pagination\\20220211_221727\\1644599409482.png, D:\\xampp\\htdocs\\training\\Training\\Rattan\\Final_testing\\New_ActivityOverview\\Reports\\20220211_221705\\Pagination\\20220211_221727\\1644599432987.png, D:\\xampp\\htdocs\\training\\Training\\Rattan\\Final_testing\\New_ActivityOverview\\Reports\\20220211_221705\\Pagination\\20220211_221727\\1644599456536.png, D:\\xampp\\htdocs\\training\\Training\\Rattan\\Final_testing\\New_ActivityOverview\\Reports\\20220211_221705\\Pagination\\20220211_221727\\1644599480167.png, D:\\xampp\\htdocs\\training\\Training\\Rattan\\Final_testing\\New_ActivityOverview\\Reports\\20220211_221705\\Pagination\\20220211_221727\\1644599521498.png, D:\\xampp\\htdocs\\training\\Training\\Rattan\\Final_testing\\New_ActivityOverview\\Reports\\20220211_221705\\Pagination\\20220211_221727\\1644599549200.png, D:\\xampp\\htdocs\\training\\Training\\Rattan\\Final_testing\\New_ActivityOverview\\Reports\\20220211_221705\\Pagination\\20220211_221727\\1644599560775.png, D:\\xampp\\htdocs\\training\\Training\\Rattan\\Final_testing\\New_ActivityOverview\\Reports\\20220211_221705\\Pagination\\20220211_221727\\1644599581476.png, D:\\xampp\\htdocs\\training\\Training\\Rattan\\Final_testing\\New_ActivityOverview\\Reports\\20220211_221705\\Pagination\\20220211_221727\\1644599613167.png, D:\\xampp\\htdocs\\training\\Training\\Rattan\\Final_testing\\New_ActivityOverview\\Reports\\20220211_221705\\Pagination\\20220211_221727\\1644599636646.png, D:\\xampp\\htdocs\\training\\Training\\Rattan\\Final_testing\\New_ActivityOverview\\Reports\\20220211_221705\\Pagination\\20220211_221727\\1644599660140.png, D:\\xampp\\htdocs\\training\\Training\\Rattan\\Final_testing\\New_ActivityOverview\\Reports\\20220211_221705\\Pagination\\20220211_221727\\1644599683637.png, D:\\xampp\\htdocs\\training\\Training\\Rattan\\Final_testing\\New_ActivityOverview\\Reports\\20220211_221705\\Pagination\\20220211_221727\\1644599707146.png, D:\\xampp\\htdocs\\training\\Training\\Rattan\\Final_testing\\New_ActivityOverview\\Reports\\20220211_221705\\Pagination\\20220211_221727\\1644599730635.png, D:\\xampp\\htdocs\\training\\Training\\Rattan\\Final_testing\\New_ActivityOverview\\Reports\\20220211_221705\\Pagination\\20220211_221727\\1644599754160.png, D:\\xampp\\htdocs\\training\\Training\\Rattan\\Final_testing\\New_ActivityOverview\\Reports\\20220211_221705\\Pagination\\20220211_221727\\1644599777651.png, D:\\xampp\\htdocs\\training\\Training\\Rattan\\Final_testing\\New_ActivityOverview\\Reports\\20220211_221705\\Pagination\\20220211_221727\\1644599801160.png, D:\\xampp\\htdocs\\training\\Training\\Rattan\\Final_testing\\New_ActivityOverview\\Reports\\20220211_221705\\Pagination\\20220211_221727\\1644599824703.png, D:\\xampp\\htdocs\\training\\Training\\Rattan\\Final_testing\\New_ActivityOverview\\Reports\\20220211_221705\\Pagination\\20220211_221727\\1644599848225.png, D:\\xampp\\htdocs\\training\\Training\\Rattan\\Final_testing\\New_ActivityOverview\\Reports\\20220211_221705\\Pagination\\20220211_221727\\1644599871712.png, D:\\xampp\\htdocs\\training\\Training\\Rattan\\Final_testing\\New_ActivityOverview\\Reports\\20220211_221705\\Pagination\\20220211_221727\\1644599895218.png, D:\\xampp\\htdocs\\training\\Training\\Rattan\\Final_testing\\New_ActivityOverview\\Reports\\20220211_221705\\Pagination\\20220211_221727\\1644599918785.png, D:\\xampp\\htdocs\\training\\Training\\Rattan\\Final_testing\\New_ActivityOverview\\Reports\\20220211_221705\\Pagination\\20220211_221727\\1644599942313.png, D:\\xampp\\htdocs\\training\\Training\\Rattan\\Final_testing\\New_ActivityOverview\\Reports\\20220211_221705\\Pagination\\20220211_221727\\1644599965813.png, D:\\xampp\\htdocs\\training\\Training\\Rattan\\Final_testing\\New_ActivityOverview\\Reports\\20220211_221705\\Pagination\\20220211_221727\\1644599989311.png, D:\\xampp\\htdocs\\training\\Training\\Rattan\\Final_testing\\New_ActivityOverview\\Reports\\20220211_221705\\Pagination\\20220211_221727\\1644600030625.png, D:\\xampp\\htdocs\\training\\Training\\Rattan\\Final_testing\\New_ActivityOverview\\Reports\\20220211_221705\\Pagination\\20220211_221727\\1644600057895.png, D:\\xampp\\htdocs\\training\\Training\\Rattan\\Final_testing\\New_ActivityOverview\\Reports\\20220211_221705\\Pagination\\20220211_221727\\1644600070122.png, D:\\xampp\\htdocs\\training\\Training\\Rattan\\Final_testing\\New_ActivityOverview\\Reports\\20220211_221705\\Pagination\\20220211_221727\\1644600090680.png, D:\\xampp\\htdocs\\training\\Training\\Rattan\\Final_testing\\New_ActivityOverview\\Reports\\20220211_221705\\Pagination\\20220211_221727\\1644600122365.png, D:\\xampp\\htdocs\\training\\Training\\Rattan\\Final_testing\\New_ActivityOverview\\Reports\\20220211_221705\\Pagination\\20220211_221727\\1644600145842.png, D:\\xampp\\htdocs\\training\\Training\\Rattan\\Final_testing\\New_ActivityOverview\\Reports\\20220211_221705\\Pagination\\20220211_221727\\1644600169347.png, D:\\xampp\\htdocs\\training\\Training\\Rattan\\Final_testing\\New_ActivityOverview\\Reports\\20220211_221705\\Pagination\\20220211_221727\\1644600192863.png, D:\\xampp\\htdocs\\training\\Training\\Rattan\\Final_testing\\New_ActivityOverview\\Reports\\20220211_221705\\Pagination\\20220211_221727\\1644600216395.png, D:\\xampp\\htdocs\\training\\Training\\Rattan\\Final_testing\\New_ActivityOverview\\Reports\\20220211_221705\\Pagination\\20220211_221727\\1644600239875.png, D:\\xampp\\htdocs\\training\\Training\\Rattan\\Final_testing\\New_ActivityOverview\\Reports\\20220211_221705\\Pagination\\20220211_221727\\1644600263395.png, D:\\xampp\\htdocs\\training\\Training\\Rattan\\Final_testing\\New_ActivityOverview\\Reports\\20220211_221705\\Pagination\\20220211_221727\\1644600286866.png, D:\\xampp\\htdocs\\training\\Training\\Rattan\\Final_testing\\New_ActivityOverview\\Reports\\20220211_221705\\Pagination\\20220211_221727\\1644600310369.png, D:\\xampp\\htdocs\\training\\Training\\Rattan\\Final_testing\\New_ActivityOverview\\Reports\\20220211_221705\\Pagination\\20220211_221727\\1644600333883.png, D:\\xampp\\htdocs\\training\\Training\\Rattan\\Final_testing\\New_ActivityOverview\\Reports\\20220211_221705\\Pagination\\20220211_221727\\1644600357381.png, D:\\xampp\\htdocs\\training\\Training\\Rattan\\Final_testing\\New_ActivityOverview\\Reports\\20220211_221705\\Pagination\\20220211_221727\\1644600380861.png, D:\\xampp\\htdocs\\training\\Training\\Rattan\\Final_testing\\New_ActivityOverview\\Reports\\20220211_221705\\Pagination\\20220211_221727\\1644600404361.png, D:\\xampp\\htdocs\\training\\Training\\Rattan\\Final_testing\\New_ActivityOverview\\Reports\\20220211_221705\\Pagination\\20220211_221727\\1644600427851.png, D:\\xampp\\htdocs\\training\\Training\\Rattan\\Final_testing\\New_ActivityOverview\\Reports\\20220211_221705\\Pagination\\20220211_221727\\1644600451420.png, D:\\xampp\\htdocs\\training\\Training\\Rattan\\Final_testing\\New_ActivityOverview\\Reports\\20220211_221705\\Pagination\\20220211_221727\\1644600474942.png, D:\\xampp\\htdocs\\training\\Training\\Rattan\\Final_testing\\New_ActivityOverview\\Reports\\20220211_221705\\Pagination\\20220211_221727\\1644600498456.png, D:\\xampp\\htdocs\\training\\Training\\Rattan\\Final_testing\\New_ActivityOverview\\Reports\\20220211_221705\\Pagination\\20220211_221727\\1644600539778.png"/>
         <property name="hostName" value="intersoft-admin - DESKTOP-ANQSRIJ"/>
         <property name="os" value="Windows 10 64bit"/>
         <property name="katalonVersion" value="8.2.5.208"/>
         <property name="browser" value="Chrome 98.0.4758.82"/>
         <property name="hostAddress" value="192.168.1.59"/>
         <property name="sessionId" value="41989198f71b449e9c9d697a93f717b2"/>
         <property name="seleniumVersion" value="3.141.59"/>
         <property name="proxyInformation" value="ProxyInformation { proxyOption=NO_PROXY, proxyServerType=HTTP, username=, password=********, proxyServerAddress=, proxyServerPort=0, executionList=&quot;&quot;, isApplyToDesiredCapabilities=true }"/>
         <property name="platform" value="Windows 10"/>
      </properties>
      <testcase name="Test Cases/NewActivityOverview-LeftNavigation/ActivityOverview-Pagination" time="509.138" classname="Test Cases/NewActivityOverview-LeftNavigation/ActivityOverview-Pagination" status="FAILED">
         <failure type="FAILED" message="Test Cases/NewActivityOverview-LeftNavigation/ActivityOverview-Pagination FAILED.
Reason:
com.kms.katalon.core.exception.StepFailedException: Unable to click on object 'Object Repository/PaginationCOunt/ClickOnPagination'
	at com.kms.katalon.core.webui.keyword.internal.WebUIKeywordMain.stepFailed(WebUIKeywordMain.groovy:64)
	at com.kms.katalon.core.webui.keyword.internal.WebUIKeywordMain.runKeyword(WebUIKeywordMain.groovy:26)
	at com.kms.katalon.core.webui.keyword.builtin.ClickKeyword.click(ClickKeyword.groovy:74)
	at com.kms.katalon.core.webui.keyword.builtin.ClickKeyword.execute(ClickKeyword.groovy:40)
	at com.kms.katalon.core.keyword.internal.KeywordExecutor.executeKeywordForPlatform(KeywordExecutor.groovy:74)
	at com.kms.katalon.core.webui.keyword.WebUiBuiltInKeywords.click(WebUiBuiltInKeywords.groovy:620)
	at com.kms.katalon.core.webui.keyword.WebUiBuiltInKeywords$click$2.call(Unknown Source)
	at ActivityOverview-Pagination.run(ActivityOverview-Pagination:86)
	at com.kms.katalon.core.main.ScriptEngine.run(ScriptEngine.java:194)
	at com.kms.katalon.core.main.ScriptEngine.runScriptAsRawText(ScriptEngine.java:119)
	at com.kms.katalon.core.main.TestCaseExecutor.runScript(TestCaseExecutor.java:442)
	at com.kms.katalon.core.main.TestCaseExecutor.doExecute(TestCaseExecutor.java:433)
	at com.kms.katalon.core.main.TestCaseExecutor.processExecutionPhase(TestCaseExecutor.java:412)
	at com.kms.katalon.core.main.TestCaseExecutor.accessMainPhase(TestCaseExecutor.java:404)
	at com.kms.katalon.core.main.TestCaseExecutor.execute(TestCaseExecutor.java:281)
	at com.kms.katalon.core.main.TestCaseExecutor.execute(TestCaseExecutor.java:363)
	at com.kms.katalon.core.main.TestCaseExecutor.execute(TestCaseExecutor.java:363)
	at com.kms.katalon.core.main.TestCaseExecutor.execute(TestCaseExecutor.java:363)
	at com.kms.katalon.core.main.TestSuiteExecutor.accessTestCaseMainPhase(TestSuiteExecutor.java:202)
	at com.kms.katalon.core.main.TestSuiteExecutor.accessTestSuiteMainPhase(TestSuiteExecutor.java:164)
	at com.kms.katalon.core.main.TestSuiteExecutor.execute(TestSuiteExecutor.java:105)
	at com.kms.katalon.core.main.TestCaseMain.startTestSuite(TestCaseMain.java:185)
	at com.kms.katalon.core.main.TestCaseMain$startTestSuite$0.call(Unknown Source)
	at TempTestSuite1644598047128.run(TempTestSuite1644598047128.groovy:36)
Caused by: com.kms.katalon.core.webui.exception.WebElementNotFoundException: Web element with id: 'Object Repository/PaginationCOunt/ClickOnPagination' located by '(//div[@class='orderOverviewPaginateBottom']//following-sibling::span)[1]//a[4]' not found
	at com.kms.katalon.core.webui.common.WebUiCommonHelper.findWebElement(WebUiCommonHelper.java:1370)
	at com.kms.katalon.core.webui.keyword.internal.WebUIAbstractKeyword.findWebElement(WebUIAbstractKeyword.groovy:27)
	at com.kms.katalon.core.webui.keyword.builtin.ClickKeyword$_click_closure1.doCall(ClickKeyword.groovy:65)
	at com.kms.katalon.core.webui.keyword.builtin.ClickKeyword$_click_closure1.call(ClickKeyword.groovy)
	at com.kms.katalon.core.webui.keyword.internal.WebUIKeywordMain.runKeyword(WebUIKeywordMain.groovy:20)
	... 22 more
"/>
         <system-out><![CDATA[2022-02-11 22:50:30 - [TEST_CASE][FAILED] - Test Cases/NewActivityOverview-LeftNavigation/ActivityOverview-Pagination: Test Cases/NewActivityOverview-LeftNavigation/ActivityOverview-Pagination FAILED.
Reason:
com.kms.katalon.core.exception.StepFailedException: Unable to click on object 'Object Repository/PaginationCOunt/ClickOnPagination'
	at com.kms.katalon.core.webui.keyword.internal.WebUIKeywordMain.stepFailed(WebUIKeywordMain.groovy:64)
	at com.kms.katalon.core.webui.keyword.internal.WebUIKeywordMain.runKeyword(WebUIKeywordMain.groovy:26)
	at com.kms.katalon.core.webui.keyword.builtin.ClickKeyword.click(ClickKeyword.groovy:74)
	at com.kms.katalon.core.webui.keyword.builtin.ClickKeyword.execute(ClickKeyword.groovy:40)
	at com.kms.katalon.core.keyword.internal.KeywordExecutor.executeKeywordForPlatform(KeywordExecutor.groovy:74)
	at com.kms.katalon.core.webui.keyword.WebUiBuiltInKeywords.click(WebUiBuiltInKeywords.groovy:620)
	at com.kms.katalon.core.webui.keyword.WebUiBuiltInKeywords$click$2.call(Unknown Source)
	at ActivityOverview-Pagination.run(ActivityOverview-Pagination:86)
	at com.kms.katalon.core.main.ScriptEngine.run(ScriptEngine.java:194)
	at com.kms.katalon.core.main.ScriptEngine.runScriptAsRawText(ScriptEngine.java:119)
	at com.kms.katalon.core.main.TestCaseExecutor.runScript(TestCaseExecutor.java:442)
	at com.kms.katalon.core.main.TestCaseExecutor.doExecute(TestCaseExecutor.java:433)
	at com.kms.katalon.core.main.TestCaseExecutor.processExecutionPhase(TestCaseExecutor.java:412)
	at com.kms.katalon.core.main.TestCaseExecutor.accessMainPhase(TestCaseExecutor.java:404)
	at com.kms.katalon.core.main.TestCaseExecutor.execute(TestCaseExecutor.java:281)
	at com.kms.katalon.core.main.TestCaseExecutor.execute(TestCaseExecutor.java:363)
	at com.kms.katalon.core.main.TestCaseExecutor.execute(TestCaseExecutor.java:363)
	at com.kms.katalon.core.main.TestCaseExecutor.execute(TestCaseExecutor.java:363)
	at com.kms.katalon.core.main.TestSuiteExecutor.accessTestCaseMainPhase(TestSuiteExecutor.java:202)
	at com.kms.katalon.core.main.TestSuiteExecutor.accessTestSuiteMainPhase(TestSuiteExecutor.java:164)
	at com.kms.katalon.core.main.TestSuiteExecutor.execute(TestSuiteExecutor.java:105)
	at com.kms.katalon.core.main.TestCaseMain.startTestSuite(TestCaseMain.java:185)
	at com.kms.katalon.core.main.TestCaseMain$startTestSuite$0.call(Unknown Source)
	at TempTestSuite1644598047128.run(TempTestSuite1644598047128.groovy:36)
Caused by: com.kms.katalon.core.webui.exception.WebElementNotFoundException: Web element with id: 'Object Repository/PaginationCOunt/ClickOnPagination' located by '(//div[@class='orderOverviewPaginateBottom']//following-sibling::span)[1]//a[4]' not found
	at com.kms.katalon.core.webui.common.WebUiCommonHelper.findWebElement(WebUiCommonHelper.java:1370)
	at com.kms.katalon.core.webui.keyword.internal.WebUIAbstractKeyword.findWebElement(WebUIAbstractKeyword.groovy:27)
	at com.kms.katalon.core.webui.keyword.builtin.ClickKeyword$_click_closure1.doCall(ClickKeyword.groovy:65)
	at com.kms.katalon.core.webui.keyword.builtin.ClickKeyword$_click_closure1.call(ClickKeyword.groovy)
	at com.kms.katalon.core.webui.keyword.internal.WebUIKeywordMain.runKeyword(WebUIKeywordMain.groovy:20)
	... 22 more


2022-02-11 22:50:30 - [TEST_STEP][PASSED] - callTestCase(findTestCase("LoginWithSuperAdmin/SuperAdmin-Login"), [:], STOP_ON_FAILURE): Call Test Case 'Test Cases/LoginWithSuperAdmin/SuperAdmin-Login' successfully

2022-02-11 22:50:30 - [TEST_CASE][PASSED] - Test Cases/LoginWithSuperAdmin/SuperAdmin-Login: Test Cases/LoginWithSuperAdmin/SuperAdmin-Login

2022-02-11 22:50:30 - [TEST_STEP][PASSED] - openBrowser(""): Browser is opened with url: ''

2022-02-11 22:50:30 - [MESSAGE][WARNING] - A browser is already opened. Closing browser and opening a new one

2022-02-11 22:50:31 - [MESSAGE][INFO] - Starting 'Chrome' driver

2022-02-11 22:50:31 - [MESSAGE][INFO] - Action delay is set to 3,000 milliseconds

2022-02-11 22:50:32 - [MESSAGE][PASSED] - Browser is opened with url: ''

2022-02-11 22:50:32 - [TEST_STEP][PASSED] - setViewPortSize(1920, 1080): Viewport is set to new size with width = 1920 and height = 1080

2022-02-11 22:50:33 - [MESSAGE][PASSED] - Viewport is set to new size with width = 1920 and height = 1080

2022-02-11 22:50:33 - [TEST_STEP][PASSED] - navigateToUrl(URL): Navigate to 'https://marketplacev1.test-prio.com' successfully

2022-02-11 22:50:38 - [MESSAGE][PASSED] - Navigate to 'https://marketplacev1.test-prio.com' successfully

2022-02-11 22:50:38 - [TEST_STEP][PASSED] - delay(3): Delayed 3 second(s)

2022-02-11 22:50:41 - [MESSAGE][PASSED] - Delayed 3 second(s)

2022-02-11 22:50:41 - [TEST_STEP][PASSED] - click(findTestObject("SuperAdmin/Login/input_Email_contact_email")): Object: 'Object Repository/SuperAdmin/Login/input_Email_contact_email' is clicked on

2022-02-11 22:50:44 - [MESSAGE][PASSED] - Object: 'Object Repository/SuperAdmin/Login/input_Email_contact_email' is clicked on

2022-02-11 22:50:44 - [TEST_STEP][PASSED] - setText(findTestObject("SuperAdmin/Login/input_Email_contact_email"), uname): Text 'superadmin@tippoint.com' is set on object 'Object Repository/SuperAdmin/Login/input_Email_contact_email'

2022-02-11 22:50:51 - [MESSAGE][PASSED] - Text 'superadmin@tippoint.com' is set on object 'Object Repository/SuperAdmin/Login/input_Email_contact_email'

2022-02-11 22:50:51 - [TEST_STEP][PASSED] - setEncryptedText(findTestObject("SuperAdmin/Login/input_Password_password"), Password): Text ****** has been set on object 'Object Repository/SuperAdmin/Login/input_Password_password'

2022-02-11 22:50:57 - [MESSAGE][PASSED] - Text ****** has been set on object 'Object Repository/SuperAdmin/Login/input_Password_password'

2022-02-11 22:50:57 - [TEST_STEP][PASSED] - takeScreenshot(): Taking screenshot successfully

2022-02-11 22:50:58 - [MESSAGE][PASSED] - Taking screenshot successfully
[[ATTACHMENT|D:\\xampp\\htdocs\\training\\Training\\Rattan\\Final_testing\\New_ActivityOverview\\Reports\\20220211_221705\\Pagination\\20220211_221727\\1644600057895.png]]

2022-02-11 22:50:58 - [TEST_STEP][PASSED] - newpackage.clickUsingJS.clickUsingJS(findTestObject("SuperAdmin/Login/button_Sign in"), 5): newpackage.clickUsingJS.clickUsingJS is PASSED

2022-02-11 22:50:58 - [MESSAGE][PASSED] - newpackage.clickUsingJS.clickUsingJS is PASSED

2022-02-11 22:50:58 - [MESSAGE][PASSED] - Call Test Case 'Test Cases/LoginWithSuperAdmin/SuperAdmin-Login' successfully

2022-02-11 22:50:58 - [TEST_STEP][PASSED] - switchToDefaultContent(): null

2022-02-11 22:50:58 - [TEST_STEP][PASSED] - click(findTestObject("SuperAdminLeftNavigation/NewActivityOverview-LeftNavigation")): Object: 'Object Repository/SuperAdminLeftNavigation/NewActivityOverview-LeftNavigation' is clicked on

2022-02-11 22:51:09 - [MESSAGE][PASSED] - Object: 'Object Repository/SuperAdminLeftNavigation/NewActivityOverview-LeftNavigation' is clicked on

2022-02-11 22:51:09 - [TEST_STEP][PASSED] - takeScreenshot(): Taking screenshot successfully

2022-02-11 22:51:10 - [MESSAGE][PASSED] - Taking screenshot successfully
[[ATTACHMENT|D:\\xampp\\htdocs\\training\\Training\\Rattan\\Final_testing\\New_ActivityOverview\\Reports\\20220211_221705\\Pagination\\20220211_221727\\1644600070122.png]]

2022-02-11 22:51:10 - [TEST_STEP][PASSED] - switchToFrame(findTestObject("Object Repository/Iframe/NewActivityOverviewIframe"), 5): null

2022-02-11 22:51:10 - [TEST_STEP][PASSED] - delay(20): Delayed 20 second(s)

2022-02-11 22:51:30 - [MESSAGE][PASSED] - Delayed 20 second(s)

2022-02-11 22:51:30 - [TEST_STEP][PASSED] - takeScreenshot(): Taking screenshot successfully

2022-02-11 22:51:30 - [MESSAGE][PASSED] - Taking screenshot successfully
[[ATTACHMENT|D:\\xampp\\htdocs\\training\\Training\\Rattan\\Final_testing\\New_ActivityOverview\\Reports\\20220211_221705\\Pagination\\20220211_221727\\1644600090680.png]]

2022-02-11 22:51:30 - [TEST_STEP][PASSED] - sizeoflisting = findWebElements(findTestObject("ListingArea/ListingContainsData"), 5).size(): null

2022-02-11 22:51:30 - [TEST_STEP][PASSED] - println(sizeoflisting): null

2022-02-11 22:51:30 - [TEST_STEP][PASSED] - logInfo(Size of Order Listing: $sizeoflisting): Size of Order Listing: 11

2022-02-11 22:51:30 - [MESSAGE][INFO] - Size of Order Listing: 11

2022-02-11 22:51:30 - [TEST_STEP][FAILED] - if (sizeoflisting > 2): Unable to click on object 'Object Repository/PaginationCOunt/ClickOnPagination' (Root cause: com.kms.katalon.core.exception.StepFailedException: Unable to click on object 'Object Repository/PaginationCOunt/ClickOnPagination'
	at com.kms.katalon.core.webui.keyword.internal.WebUIKeywordMain.stepFailed(WebUIKeywordMain.groovy:64)
	at com.kms.katalon.core.webui.keyword.internal.WebUIKeywordMain.runKeyword(WebUIKeywordMain.groovy:26)
	at com.kms.katalon.core.webui.keyword.builtin.ClickKeyword.click(ClickKeyword.groovy:74)
	at com.kms.katalon.core.webui.keyword.builtin.ClickKeyword.execute(ClickKeyword.groovy:40)
	at com.kms.katalon.core.keyword.internal.KeywordExecutor.executeKeywordForPlatform(KeywordExecutor.groovy:74)
	at com.kms.katalon.core.webui.keyword.WebUiBuiltInKeywords.click(WebUiBuiltInKeywords.groovy:620)
	at com.kms.katalon.core.webui.keyword.WebUiBuiltInKeywords$click$2.call(Unknown Source)
	at ActivityOverview-Pagination.run(ActivityOverview-Pagination:86)
	at com.kms.katalon.core.main.ScriptEngine.run(ScriptEngine.java:194)
	at com.kms.katalon.core.main.ScriptEngine.runScriptAsRawText(ScriptEngine.java:119)
	at com.kms.katalon.core.main.TestCaseExecutor.runScript(TestCaseExecutor.java:442)
	at com.kms.katalon.core.main.TestCaseExecutor.doExecute(TestCaseExecutor.java:433)
	at com.kms.katalon.core.main.TestCaseExecutor.processExecutionPhase(TestCaseExecutor.java:412)
	at com.kms.katalon.core.main.TestCaseExecutor.accessMainPhase(TestCaseExecutor.java:404)
	at com.kms.katalon.core.main.TestCaseExecutor.execute(TestCaseExecutor.java:281)
	at com.kms.katalon.core.main.TestCaseExecutor.execute(TestCaseExecutor.java:363)
	at com.kms.katalon.core.main.TestCaseExecutor.execute(TestCaseExecutor.java:363)
	at com.kms.katalon.core.main.TestCaseExecutor.execute(TestCaseExecutor.java:363)
	at com.kms.katalon.core.main.TestSuiteExecutor.accessTestCaseMainPhase(TestSuiteExecutor.java:202)
	at com.kms.katalon.core.main.TestSuiteExecutor.accessTestSuiteMainPhase(TestSuiteExecutor.java:164)
	at com.kms.katalon.core.main.TestSuiteExecutor.execute(TestSuiteExecutor.java:105)
	at com.kms.katalon.core.main.TestCaseMain.startTestSuite(TestCaseMain.java:185)
	at com.kms.katalon.core.main.TestCaseMain$startTestSuite$0.call(Unknown Source)
	at TempTestSuite1644598047128.run(TempTestSuite1644598047128.groovy:36)
Caused by: com.kms.katalon.core.webui.exception.WebElementNotFoundException: Web element with id: 'Object Repository/PaginationCOunt/ClickOnPagination' located by '(//div[@class='orderOverviewPaginateBottom']//following-sibling::span)[1]//a[4]' not found
	at com.kms.katalon.core.webui.common.WebUiCommonHelper.findWebElement(WebUiCommonHelper.java:1370)
	at com.kms.katalon.core.webui.keyword.internal.WebUIAbstractKeyword.findWebElement(WebUIAbstractKeyword.groovy:27)
	at com.kms.katalon.core.webui.keyword.builtin.ClickKeyword$_click_closure1.doCall(ClickKeyword.groovy:65)
	at com.kms.katalon.core.webui.keyword.builtin.ClickKeyword$_click_closure1.call(ClickKeyword.groovy)
	at com.kms.katalon.core.webui.keyword.internal.WebUIKeywordMain.runKeyword(WebUIKeywordMain.groovy:20)
	at com.kms.katalon.core.webui.keyword.builtin.ClickKeyword.click(ClickKeyword.groovy:74)
	at com.kms.katalon.core.webui.keyword.builtin.ClickKeyword.execute(ClickKeyword.groovy:40)
	at com.kms.katalon.core.keyword.internal.KeywordExecutor.executeKeywordForPlatform(KeywordExecutor.groovy:74)
	at com.kms.katalon.core.webui.keyword.WebUiBuiltInKeywords.click(WebUiBuiltInKeywords.groovy:620)
	at com.kms.katalon.core.webui.keyword.WebUiBuiltInKeywords$click$2.call(Unknown Source)
	at Script1643628703989.run(Script1643628703989.groovy:86)
	... 16 more
)

2022-02-11 22:51:30 - [TEST_STEP][PASSED] - logInfo("Orders Exist in Listing"): Orders Exist in Listing

2022-02-11 22:51:30 - [MESSAGE][INFO] - Orders Exist in Listing

2022-02-11 22:51:30 - [TEST_STEP][PASSED] - click(findTestObject("Object Repository/OrderPerPage/OrderPerPage_select")): Object: 'Object Repository/OrderPerPage/OrderPerPage_select' is clicked on

2022-02-11 22:51:34 - [MESSAGE][PASSED] - Object: 'Object Repository/OrderPerPage/OrderPerPage_select' is clicked on

2022-02-11 22:51:34 - [TEST_STEP][PASSED] - delay(5): Delayed 5 second(s)

2022-02-11 22:51:39 - [MESSAGE][PASSED] - Delayed 5 second(s)

2022-02-11 22:51:39 - [TEST_STEP][PASSED] - click(findTestObject("Object Repository/OrderPerPage/OrderPerPage-SelectOption")): Object: 'Object Repository/OrderPerPage/OrderPerPage-SelectOption' is clicked on

2022-02-11 22:51:42 - [MESSAGE][PASSED] - Object: 'Object Repository/OrderPerPage/OrderPerPage-SelectOption' is clicked on

2022-02-11 22:51:42 - [TEST_STEP][PASSED] - delay(20): Delayed 20 second(s)

2022-02-11 22:52:02 - [MESSAGE][PASSED] - Delayed 20 second(s)

2022-02-11 22:52:02 - [TEST_STEP][PASSED] - takeScreenshot(): Taking screenshot successfully

2022-02-11 22:52:02 - [MESSAGE][PASSED] - Taking screenshot successfully
[[ATTACHMENT|D:\\xampp\\htdocs\\training\\Training\\Rattan\\Final_testing\\New_ActivityOverview\\Reports\\20220211_221705\\Pagination\\20220211_221727\\1644600122365.png]]

2022-02-11 22:52:02 - [TEST_STEP][PASSED] - SizeofPagination = getText(findTestObject("Object Repository/PaginationCOunt/PaginationCount")): Text of object 'Object Repository/PaginationCOunt/PaginationCount' is: '100'

2022-02-11 22:52:02 - [MESSAGE][PASSED] - Text of object 'Object Repository/PaginationCOunt/PaginationCount' is: '100'

2022-02-11 22:52:02 - [TEST_STEP][PASSED] - println(SizeofPagination): null

2022-02-11 22:52:02 - [TEST_STEP][PASSED] - paginationmaxcount = Integer.parseInt(SizeofPagination): null

2022-02-11 22:52:02 - [TEST_STEP][PASSED] - logInfo(Size of Pagination: $paginationmaxcount): Size of Pagination: 100

2022-02-11 22:52:02 - [MESSAGE][INFO] - Size of Pagination: 100

2022-02-11 22:52:02 - [TEST_STEP][PASSED] - totalrecords = 0: null

2022-02-11 22:52:02 - [TEST_STEP][FAILED] - for ([l = 1, l <= paginationmaxcount, (l++)]): Unable to click on object 'Object Repository/PaginationCOunt/ClickOnPagination' (Root cause: com.kms.katalon.core.exception.StepFailedException: Unable to click on object 'Object Repository/PaginationCOunt/ClickOnPagination'
	at com.kms.katalon.core.webui.keyword.internal.WebUIKeywordMain.stepFailed(WebUIKeywordMain.groovy:64)
	at com.kms.katalon.core.webui.keyword.internal.WebUIKeywordMain.runKeyword(WebUIKeywordMain.groovy:26)
	at com.kms.katalon.core.webui.keyword.builtin.ClickKeyword.click(ClickKeyword.groovy:74)
	at com.kms.katalon.core.webui.keyword.builtin.ClickKeyword.execute(ClickKeyword.groovy:40)
	at com.kms.katalon.core.keyword.internal.KeywordExecutor.executeKeywordForPlatform(KeywordExecutor.groovy:74)
	at com.kms.katalon.core.webui.keyword.WebUiBuiltInKeywords.click(WebUiBuiltInKeywords.groovy:620)
	at com.kms.katalon.core.webui.keyword.WebUiBuiltInKeywords$click$2.call(Unknown Source)
	at ActivityOverview-Pagination.run(ActivityOverview-Pagination:86)
	at com.kms.katalon.core.main.ScriptEngine.run(ScriptEngine.java:194)
	at com.kms.katalon.core.main.ScriptEngine.runScriptAsRawText(ScriptEngine.java:119)
	at com.kms.katalon.core.main.TestCaseExecutor.runScript(TestCaseExecutor.java:442)
	at com.kms.katalon.core.main.TestCaseExecutor.doExecute(TestCaseExecutor.java:433)
	at com.kms.katalon.core.main.TestCaseExecutor.processExecutionPhase(TestCaseExecutor.java:412)
	at com.kms.katalon.core.main.TestCaseExecutor.accessMainPhase(TestCaseExecutor.java:404)
	at com.kms.katalon.core.main.TestCaseExecutor.execute(TestCaseExecutor.java:281)
	at com.kms.katalon.core.main.TestCaseExecutor.execute(TestCaseExecutor.java:363)
	at com.kms.katalon.core.main.TestCaseExecutor.execute(TestCaseExecutor.java:363)
	at com.kms.katalon.core.main.TestCaseExecutor.execute(TestCaseExecutor.java:363)
	at com.kms.katalon.core.main.TestSuiteExecutor.accessTestCaseMainPhase(TestSuiteExecutor.java:202)
	at com.kms.katalon.core.main.TestSuiteExecutor.accessTestSuiteMainPhase(TestSuiteExecutor.java:164)
	at com.kms.katalon.core.main.TestSuiteExecutor.execute(TestSuiteExecutor.java:105)
	at com.kms.katalon.core.main.TestCaseMain.startTestSuite(TestCaseMain.java:185)
	at com.kms.katalon.core.main.TestCaseMain$startTestSuite$0.call(Unknown Source)
	at TempTestSuite1644598047128.run(TempTestSuite1644598047128.groovy:36)
Caused by: com.kms.katalon.core.webui.exception.WebElementNotFoundException: Web element with id: 'Object Repository/PaginationCOunt/ClickOnPagination' located by '(//div[@class='orderOverviewPaginateBottom']//following-sibling::span)[1]//a[4]' not found
	at com.kms.katalon.core.webui.common.WebUiCommonHelper.findWebElement(WebUiCommonHelper.java:1370)
	at com.kms.katalon.core.webui.keyword.internal.WebUIAbstractKeyword.findWebElement(WebUIAbstractKeyword.groovy:27)
	at com.kms.katalon.core.webui.keyword.builtin.ClickKeyword$_click_closure1.doCall(ClickKeyword.groovy:65)
	at com.kms.katalon.core.webui.keyword.builtin.ClickKeyword$_click_closure1.call(ClickKeyword.groovy)
	at com.kms.katalon.core.webui.keyword.internal.WebUIKeywordMain.runKeyword(WebUIKeywordMain.groovy:20)
	at com.kms.katalon.core.webui.keyword.builtin.ClickKeyword.click(ClickKeyword.groovy:74)
	at com.kms.katalon.core.webui.keyword.builtin.ClickKeyword.execute(ClickKeyword.groovy:40)
	at com.kms.katalon.core.keyword.internal.KeywordExecutor.executeKeywordForPlatform(KeywordExecutor.groovy:74)
	at com.kms.katalon.core.webui.keyword.WebUiBuiltInKeywords.click(WebUiBuiltInKeywords.groovy:620)
	at com.kms.katalon.core.webui.keyword.WebUiBuiltInKeywords$click$2.call(Unknown Source)
	at Script1643628703989.run(Script1643628703989.groovy:86)
	... 16 more
)

2022-02-11 22:52:02 - [TEST_STEP][PASSED] - if (l <= 5): null

2022-02-11 22:52:02 - [TEST_STEP][PASSED] - paginationvalue = l: null

2022-02-11 22:52:02 - [TEST_STEP][PASSED] - if (l > 5): null

2022-02-11 22:52:02 - [TEST_STEP][PASSED] - logInfo(Size of Pagination: $paginationvalue): Size of Pagination: 1

2022-02-11 22:52:02 - [MESSAGE][INFO] - Size of Pagination: 1

2022-02-11 22:52:02 - [TEST_STEP][PASSED] - click(findTestObject("Object Repository/PaginationCOunt/ClickOnPagination", ["pagination":paginationvalue])): Object: 'Object Repository/PaginationCOunt/ClickOnPagination' is clicked on

2022-02-11 22:52:05 - [MESSAGE][PASSED] - Object: 'Object Repository/PaginationCOunt/ClickOnPagination' is clicked on

2022-02-11 22:52:05 - [TEST_STEP][PASSED] - delay(20): Delayed 20 second(s)

2022-02-11 22:52:25 - [MESSAGE][PASSED] - Delayed 20 second(s)

2022-02-11 22:52:25 - [TEST_STEP][PASSED] - takeScreenshot(): Taking screenshot successfully

2022-02-11 22:52:26 - [MESSAGE][PASSED] - Taking screenshot successfully
[[ATTACHMENT|D:\\xampp\\htdocs\\training\\Training\\Rattan\\Final_testing\\New_ActivityOverview\\Reports\\20220211_221705\\Pagination\\20220211_221727\\1644600145842.png]]

2022-02-11 22:52:26 - [TEST_STEP][PASSED] - orderListing = findWebElements(findTestObject("Object Repository/ListingArea/RecordsInListing"), 5).size(): null

2022-02-11 22:52:26 - [TEST_STEP][PASSED] - totalrecords = totalrecords + orderListing: null

2022-02-11 22:52:26 - [TEST_STEP][PASSED] - logInfo(Total Records: $totalrecords): Total Records: 100

2022-02-11 22:52:26 - [MESSAGE][INFO] - Total Records: 100

2022-02-11 22:52:26 - [TEST_STEP][PASSED] - if (l <= 5): null

2022-02-11 22:52:26 - [TEST_STEP][PASSED] - paginationvalue = l: null

2022-02-11 22:52:26 - [TEST_STEP][PASSED] - if (l > 5): null

2022-02-11 22:52:26 - [TEST_STEP][PASSED] - logInfo(Size of Pagination: $paginationvalue): Size of Pagination: 2

2022-02-11 22:52:26 - [MESSAGE][INFO] - Size of Pagination: 2

2022-02-11 22:52:26 - [TEST_STEP][PASSED] - click(findTestObject("Object Repository/PaginationCOunt/ClickOnPagination", ["pagination":paginationvalue])): Object: 'Object Repository/PaginationCOunt/ClickOnPagination' is clicked on

2022-02-11 22:52:29 - [MESSAGE][PASSED] - Object: 'Object Repository/PaginationCOunt/ClickOnPagination' is clicked on

2022-02-11 22:52:29 - [TEST_STEP][PASSED] - delay(20): Delayed 20 second(s)

2022-02-11 22:52:49 - [MESSAGE][PASSED] - Delayed 20 second(s)

2022-02-11 22:52:49 - [TEST_STEP][PASSED] - takeScreenshot(): Taking screenshot successfully

2022-02-11 22:52:49 - [MESSAGE][PASSED] - Taking screenshot successfully
[[ATTACHMENT|D:\\xampp\\htdocs\\training\\Training\\Rattan\\Final_testing\\New_ActivityOverview\\Reports\\20220211_221705\\Pagination\\20220211_221727\\1644600169347.png]]

2022-02-11 22:52:49 - [TEST_STEP][PASSED] - orderListing = findWebElements(findTestObject("Object Repository/ListingArea/RecordsInListing"), 5).size(): null

2022-02-11 22:52:49 - [TEST_STEP][PASSED] - totalrecords = totalrecords + orderListing: null

2022-02-11 22:52:49 - [TEST_STEP][PASSED] - logInfo(Total Records: $totalrecords): Total Records: 200

2022-02-11 22:52:49 - [MESSAGE][INFO] - Total Records: 200

2022-02-11 22:52:49 - [TEST_STEP][PASSED] - if (l <= 5): null

2022-02-11 22:52:49 - [TEST_STEP][PASSED] - paginationvalue = l: null

2022-02-11 22:52:49 - [TEST_STEP][PASSED] - if (l > 5): null

2022-02-11 22:52:49 - [TEST_STEP][PASSED] - logInfo(Size of Pagination: $paginationvalue): Size of Pagination: 3

2022-02-11 22:52:49 - [MESSAGE][INFO] - Size of Pagination: 3

2022-02-11 22:52:49 - [TEST_STEP][PASSED] - click(findTestObject("Object Repository/PaginationCOunt/ClickOnPagination", ["pagination":paginationvalue])): Object: 'Object Repository/PaginationCOunt/ClickOnPagination' is clicked on

2022-02-11 22:52:52 - [MESSAGE][PASSED] - Object: 'Object Repository/PaginationCOunt/ClickOnPagination' is clicked on

2022-02-11 22:52:52 - [TEST_STEP][PASSED] - delay(20): Delayed 20 second(s)

2022-02-11 22:53:12 - [MESSAGE][PASSED] - Delayed 20 second(s)

2022-02-11 22:53:12 - [TEST_STEP][PASSED] - takeScreenshot(): Taking screenshot successfully

2022-02-11 22:53:13 - [MESSAGE][PASSED] - Taking screenshot successfully
[[ATTACHMENT|D:\\xampp\\htdocs\\training\\Training\\Rattan\\Final_testing\\New_ActivityOverview\\Reports\\20220211_221705\\Pagination\\20220211_221727\\1644600192863.png]]

2022-02-11 22:53:13 - [TEST_STEP][PASSED] - orderListing = findWebElements(findTestObject("Object Repository/ListingArea/RecordsInListing"), 5).size(): null

2022-02-11 22:53:13 - [TEST_STEP][PASSED] - totalrecords = totalrecords + orderListing: null

2022-02-11 22:53:13 - [TEST_STEP][PASSED] - logInfo(Total Records: $totalrecords): Total Records: 300

2022-02-11 22:53:13 - [MESSAGE][INFO] - Total Records: 300

2022-02-11 22:53:13 - [TEST_STEP][PASSED] - if (l <= 5): null

2022-02-11 22:53:13 - [TEST_STEP][PASSED] - paginationvalue = l: null

2022-02-11 22:53:13 - [TEST_STEP][PASSED] - if (l > 5): null

2022-02-11 22:53:13 - [TEST_STEP][PASSED] - logInfo(Size of Pagination: $paginationvalue): Size of Pagination: 4

2022-02-11 22:53:13 - [MESSAGE][INFO] - Size of Pagination: 4

2022-02-11 22:53:13 - [TEST_STEP][PASSED] - click(findTestObject("Object Repository/PaginationCOunt/ClickOnPagination", ["pagination":paginationvalue])): Object: 'Object Repository/PaginationCOunt/ClickOnPagination' is clicked on

2022-02-11 22:53:16 - [MESSAGE][PASSED] - Object: 'Object Repository/PaginationCOunt/ClickOnPagination' is clicked on

2022-02-11 22:53:16 - [TEST_STEP][PASSED] - delay(20): Delayed 20 second(s)

2022-02-11 22:53:36 - [MESSAGE][PASSED] - Delayed 20 second(s)

2022-02-11 22:53:36 - [TEST_STEP][PASSED] - takeScreenshot(): Taking screenshot successfully

2022-02-11 22:53:36 - [MESSAGE][PASSED] - Taking screenshot successfully
[[ATTACHMENT|D:\\xampp\\htdocs\\training\\Training\\Rattan\\Final_testing\\New_ActivityOverview\\Reports\\20220211_221705\\Pagination\\20220211_221727\\1644600216395.png]]

2022-02-11 22:53:36 - [TEST_STEP][PASSED] - orderListing = findWebElements(findTestObject("Object Repository/ListingArea/RecordsInListing"), 5).size(): null

2022-02-11 22:53:36 - [TEST_STEP][PASSED] - totalrecords = totalrecords + orderListing: null

2022-02-11 22:53:36 - [TEST_STEP][PASSED] - logInfo(Total Records: $totalrecords): Total Records: 400

2022-02-11 22:53:36 - [MESSAGE][INFO] - Total Records: 400

2022-02-11 22:53:36 - [TEST_STEP][PASSED] - if (l <= 5): null

2022-02-11 22:53:36 - [TEST_STEP][PASSED] - paginationvalue = l: null

2022-02-11 22:53:36 - [TEST_STEP][PASSED] - if (l > 5): null

2022-02-11 22:53:36 - [TEST_STEP][PASSED] - logInfo(Size of Pagination: $paginationvalue): Size of Pagination: 5

2022-02-11 22:53:36 - [MESSAGE][INFO] - Size of Pagination: 5

2022-02-11 22:53:36 - [TEST_STEP][PASSED] - click(findTestObject("Object Repository/PaginationCOunt/ClickOnPagination", ["pagination":paginationvalue])): Object: 'Object Repository/PaginationCOunt/ClickOnPagination' is clicked on

2022-02-11 22:53:39 - [MESSAGE][PASSED] - Object: 'Object Repository/PaginationCOunt/ClickOnPagination' is clicked on

2022-02-11 22:53:39 - [TEST_STEP][PASSED] - delay(20): Delayed 20 second(s)

2022-02-11 22:53:59 - [MESSAGE][PASSED] - Delayed 20 second(s)

2022-02-11 22:53:59 - [TEST_STEP][PASSED] - takeScreenshot(): Taking screenshot successfully

2022-02-11 22:54:00 - [MESSAGE][PASSED] - Taking screenshot successfully
[[ATTACHMENT|D:\\xampp\\htdocs\\training\\Training\\Rattan\\Final_testing\\New_ActivityOverview\\Reports\\20220211_221705\\Pagination\\20220211_221727\\1644600239875.png]]

2022-02-11 22:54:00 - [TEST_STEP][PASSED] - orderListing = findWebElements(findTestObject("Object Repository/ListingArea/RecordsInListing"), 5).size(): null

2022-02-11 22:54:00 - [TEST_STEP][PASSED] - totalrecords = totalrecords + orderListing: null

2022-02-11 22:54:00 - [TEST_STEP][PASSED] - logInfo(Total Records: $totalrecords): Total Records: 500

2022-02-11 22:54:00 - [MESSAGE][INFO] - Total Records: 500

2022-02-11 22:54:00 - [TEST_STEP][PASSED] - if (l <= 5): null

2022-02-11 22:54:00 - [TEST_STEP][PASSED] - if (l > 5): null

2022-02-11 22:54:00 - [TEST_STEP][PASSED] - paginationvalue = "4": null

2022-02-11 22:54:00 - [TEST_STEP][PASSED] - logInfo(Size of Pagination: $paginationvalue): Size of Pagination: 4

2022-02-11 22:54:00 - [MESSAGE][INFO] - Size of Pagination: 4

2022-02-11 22:54:00 - [TEST_STEP][PASSED] - click(findTestObject("Object Repository/PaginationCOunt/ClickOnPagination", ["pagination":paginationvalue])): Object: 'Object Repository/PaginationCOunt/ClickOnPagination' is clicked on

2022-02-11 22:54:03 - [MESSAGE][PASSED] - Object: 'Object Repository/PaginationCOunt/ClickOnPagination' is clicked on

2022-02-11 22:54:03 - [TEST_STEP][PASSED] - delay(20): Delayed 20 second(s)

2022-02-11 22:54:23 - [MESSAGE][PASSED] - Delayed 20 second(s)

2022-02-11 22:54:23 - [TEST_STEP][PASSED] - takeScreenshot(): Taking screenshot successfully

2022-02-11 22:54:23 - [MESSAGE][PASSED] - Taking screenshot successfully
[[ATTACHMENT|D:\\xampp\\htdocs\\training\\Training\\Rattan\\Final_testing\\New_ActivityOverview\\Reports\\20220211_221705\\Pagination\\20220211_221727\\1644600263395.png]]

2022-02-11 22:54:23 - [TEST_STEP][PASSED] - orderListing = findWebElements(findTestObject("Object Repository/ListingArea/RecordsInListing"), 5).size(): null

2022-02-11 22:54:23 - [TEST_STEP][PASSED] - totalrecords = totalrecords + orderListing: null

2022-02-11 22:54:23 - [TEST_STEP][PASSED] - logInfo(Total Records: $totalrecords): Total Records: 600

2022-02-11 22:54:23 - [MESSAGE][INFO] - Total Records: 600

2022-02-11 22:54:23 - [TEST_STEP][PASSED] - if (l <= 5): null

2022-02-11 22:54:23 - [TEST_STEP][PASSED] - if (l > 5): null

2022-02-11 22:54:23 - [TEST_STEP][PASSED] - paginationvalue = "4": null

2022-02-11 22:54:23 - [TEST_STEP][PASSED] - logInfo(Size of Pagination: $paginationvalue): Size of Pagination: 4

2022-02-11 22:54:23 - [MESSAGE][INFO] - Size of Pagination: 4

2022-02-11 22:54:23 - [TEST_STEP][PASSED] - click(findTestObject("Object Repository/PaginationCOunt/ClickOnPagination", ["pagination":paginationvalue])): Object: 'Object Repository/PaginationCOunt/ClickOnPagination' is clicked on

2022-02-11 22:54:26 - [MESSAGE][PASSED] - Object: 'Object Repository/PaginationCOunt/ClickOnPagination' is clicked on

2022-02-11 22:54:26 - [TEST_STEP][PASSED] - delay(20): Delayed 20 second(s)

2022-02-11 22:54:46 - [MESSAGE][PASSED] - Delayed 20 second(s)

2022-02-11 22:54:46 - [TEST_STEP][PASSED] - takeScreenshot(): Taking screenshot successfully

2022-02-11 22:54:47 - [MESSAGE][PASSED] - Taking screenshot successfully
[[ATTACHMENT|D:\\xampp\\htdocs\\training\\Training\\Rattan\\Final_testing\\New_ActivityOverview\\Reports\\20220211_221705\\Pagination\\20220211_221727\\1644600286866.png]]

2022-02-11 22:54:47 - [TEST_STEP][PASSED] - orderListing = findWebElements(findTestObject("Object Repository/ListingArea/RecordsInListing"), 5).size(): null

2022-02-11 22:54:47 - [TEST_STEP][PASSED] - totalrecords = totalrecords + orderListing: null

2022-02-11 22:54:47 - [TEST_STEP][PASSED] - logInfo(Total Records: $totalrecords): Total Records: 700

2022-02-11 22:54:47 - [MESSAGE][INFO] - Total Records: 700

2022-02-11 22:54:47 - [TEST_STEP][PASSED] - if (l <= 5): null

2022-02-11 22:54:47 - [TEST_STEP][PASSED] - if (l > 5): null

2022-02-11 22:54:47 - [TEST_STEP][PASSED] - paginationvalue = "4": null

2022-02-11 22:54:47 - [TEST_STEP][PASSED] - logInfo(Size of Pagination: $paginationvalue): Size of Pagination: 4

2022-02-11 22:54:47 - [MESSAGE][INFO] - Size of Pagination: 4

2022-02-11 22:54:47 - [TEST_STEP][PASSED] - click(findTestObject("Object Repository/PaginationCOunt/ClickOnPagination", ["pagination":paginationvalue])): Object: 'Object Repository/PaginationCOunt/ClickOnPagination' is clicked on

2022-02-11 22:54:50 - [MESSAGE][PASSED] - Object: 'Object Repository/PaginationCOunt/ClickOnPagination' is clicked on

2022-02-11 22:54:50 - [TEST_STEP][PASSED] - delay(20): Delayed 20 second(s)

2022-02-11 22:55:10 - [MESSAGE][PASSED] - Delayed 20 second(s)

2022-02-11 22:55:10 - [TEST_STEP][PASSED] - takeScreenshot(): Taking screenshot successfully

2022-02-11 22:55:10 - [MESSAGE][PASSED] - Taking screenshot successfully
[[ATTACHMENT|D:\\xampp\\htdocs\\training\\Training\\Rattan\\Final_testing\\New_ActivityOverview\\Reports\\20220211_221705\\Pagination\\20220211_221727\\1644600310369.png]]

2022-02-11 22:55:10 - [TEST_STEP][PASSED] - orderListing = findWebElements(findTestObject("Object Repository/ListingArea/RecordsInListing"), 5).size(): null

2022-02-11 22:55:10 - [TEST_STEP][PASSED] - totalrecords = totalrecords + orderListing: null

2022-02-11 22:55:10 - [TEST_STEP][PASSED] - logInfo(Total Records: $totalrecords): Total Records: 800

2022-02-11 22:55:10 - [MESSAGE][INFO] - Total Records: 800

2022-02-11 22:55:10 - [TEST_STEP][PASSED] - if (l <= 5): null

2022-02-11 22:55:10 - [TEST_STEP][PASSED] - if (l > 5): null

2022-02-11 22:55:10 - [TEST_STEP][PASSED] - paginationvalue = "4": null

2022-02-11 22:55:10 - [TEST_STEP][PASSED] - logInfo(Size of Pagination: $paginationvalue): Size of Pagination: 4

2022-02-11 22:55:10 - [MESSAGE][INFO] - Size of Pagination: 4

2022-02-11 22:55:10 - [TEST_STEP][PASSED] - click(findTestObject("Object Repository/PaginationCOunt/ClickOnPagination", ["pagination":paginationvalue])): Object: 'Object Repository/PaginationCOunt/ClickOnPagination' is clicked on

2022-02-11 22:55:13 - [MESSAGE][PASSED] - Object: 'Object Repository/PaginationCOunt/ClickOnPagination' is clicked on

2022-02-11 22:55:13 - [TEST_STEP][PASSED] - delay(20): Delayed 20 second(s)

2022-02-11 22:55:33 - [MESSAGE][PASSED] - Delayed 20 second(s)

2022-02-11 22:55:33 - [TEST_STEP][PASSED] - takeScreenshot(): Taking screenshot successfully

2022-02-11 22:55:34 - [MESSAGE][PASSED] - Taking screenshot successfully
[[ATTACHMENT|D:\\xampp\\htdocs\\training\\Training\\Rattan\\Final_testing\\New_ActivityOverview\\Reports\\20220211_221705\\Pagination\\20220211_221727\\1644600333883.png]]

2022-02-11 22:55:34 - [TEST_STEP][PASSED] - orderListing = findWebElements(findTestObject("Object Repository/ListingArea/RecordsInListing"), 5).size(): null

2022-02-11 22:55:34 - [TEST_STEP][PASSED] - totalrecords = totalrecords + orderListing: null

2022-02-11 22:55:34 - [TEST_STEP][PASSED] - logInfo(Total Records: $totalrecords): Total Records: 900

2022-02-11 22:55:34 - [MESSAGE][INFO] - Total Records: 900

2022-02-11 22:55:34 - [TEST_STEP][PASSED] - if (l <= 5): null

2022-02-11 22:55:34 - [TEST_STEP][PASSED] - if (l > 5): null

2022-02-11 22:55:34 - [TEST_STEP][PASSED] - paginationvalue = "4": null

2022-02-11 22:55:34 - [TEST_STEP][PASSED] - logInfo(Size of Pagination: $paginationvalue): Size of Pagination: 4

2022-02-11 22:55:34 - [MESSAGE][INFO] - Size of Pagination: 4

2022-02-11 22:55:34 - [TEST_STEP][PASSED] - click(findTestObject("Object Repository/PaginationCOunt/ClickOnPagination", ["pagination":paginationvalue])): Object: 'Object Repository/PaginationCOunt/ClickOnPagination' is clicked on

2022-02-11 22:55:37 - [MESSAGE][PASSED] - Object: 'Object Repository/PaginationCOunt/ClickOnPagination' is clicked on

2022-02-11 22:55:37 - [TEST_STEP][PASSED] - delay(20): Delayed 20 second(s)

2022-02-11 22:55:57 - [MESSAGE][PASSED] - Delayed 20 second(s)

2022-02-11 22:55:57 - [TEST_STEP][PASSED] - takeScreenshot(): Taking screenshot successfully

2022-02-11 22:55:57 - [MESSAGE][PASSED] - Taking screenshot successfully
[[ATTACHMENT|D:\\xampp\\htdocs\\training\\Training\\Rattan\\Final_testing\\New_ActivityOverview\\Reports\\20220211_221705\\Pagination\\20220211_221727\\1644600357381.png]]

2022-02-11 22:55:57 - [TEST_STEP][PASSED] - orderListing = findWebElements(findTestObject("Object Repository/ListingArea/RecordsInListing"), 5).size(): null

2022-02-11 22:55:57 - [TEST_STEP][PASSED] - totalrecords = totalrecords + orderListing: null

2022-02-11 22:55:57 - [TEST_STEP][PASSED] - logInfo(Total Records: $totalrecords): Total Records: 1000

2022-02-11 22:55:57 - [MESSAGE][INFO] - Total Records: 1000

2022-02-11 22:55:57 - [TEST_STEP][PASSED] - if (l <= 5): null

2022-02-11 22:55:57 - [TEST_STEP][PASSED] - if (l > 5): null

2022-02-11 22:55:57 - [TEST_STEP][PASSED] - paginationvalue = "4": null

2022-02-11 22:55:57 - [TEST_STEP][PASSED] - logInfo(Size of Pagination: $paginationvalue): Size of Pagination: 4

2022-02-11 22:55:57 - [MESSAGE][INFO] - Size of Pagination: 4

2022-02-11 22:55:57 - [TEST_STEP][PASSED] - click(findTestObject("Object Repository/PaginationCOunt/ClickOnPagination", ["pagination":paginationvalue])): Object: 'Object Repository/PaginationCOunt/ClickOnPagination' is clicked on

2022-02-11 22:56:00 - [MESSAGE][PASSED] - Object: 'Object Repository/PaginationCOunt/ClickOnPagination' is clicked on

2022-02-11 22:56:00 - [TEST_STEP][PASSED] - delay(20): Delayed 20 second(s)

2022-02-11 22:56:20 - [MESSAGE][PASSED] - Delayed 20 second(s)

2022-02-11 22:56:20 - [TEST_STEP][PASSED] - takeScreenshot(): Taking screenshot successfully

2022-02-11 22:56:21 - [MESSAGE][PASSED] - Taking screenshot successfully
[[ATTACHMENT|D:\\xampp\\htdocs\\training\\Training\\Rattan\\Final_testing\\New_ActivityOverview\\Reports\\20220211_221705\\Pagination\\20220211_221727\\1644600380861.png]]

2022-02-11 22:56:21 - [TEST_STEP][PASSED] - orderListing = findWebElements(findTestObject("Object Repository/ListingArea/RecordsInListing"), 5).size(): null

2022-02-11 22:56:21 - [TEST_STEP][PASSED] - totalrecords = totalrecords + orderListing: null

2022-02-11 22:56:21 - [TEST_STEP][PASSED] - logInfo(Total Records: $totalrecords): Total Records: 1100

2022-02-11 22:56:21 - [MESSAGE][INFO] - Total Records: 1100

2022-02-11 22:56:21 - [TEST_STEP][PASSED] - if (l <= 5): null

2022-02-11 22:56:21 - [TEST_STEP][PASSED] - if (l > 5): null

2022-02-11 22:56:21 - [TEST_STEP][PASSED] - paginationvalue = "4": null

2022-02-11 22:56:21 - [TEST_STEP][PASSED] - logInfo(Size of Pagination: $paginationvalue): Size of Pagination: 4

2022-02-11 22:56:21 - [MESSAGE][INFO] - Size of Pagination: 4

2022-02-11 22:56:21 - [TEST_STEP][PASSED] - click(findTestObject("Object Repository/PaginationCOunt/ClickOnPagination", ["pagination":paginationvalue])): Object: 'Object Repository/PaginationCOunt/ClickOnPagination' is clicked on

2022-02-11 22:56:24 - [MESSAGE][PASSED] - Object: 'Object Repository/PaginationCOunt/ClickOnPagination' is clicked on

2022-02-11 22:56:24 - [TEST_STEP][PASSED] - delay(20): Delayed 20 second(s)

2022-02-11 22:56:44 - [MESSAGE][PASSED] - Delayed 20 second(s)

2022-02-11 22:56:44 - [TEST_STEP][PASSED] - takeScreenshot(): Taking screenshot successfully

2022-02-11 22:56:44 - [MESSAGE][PASSED] - Taking screenshot successfully
[[ATTACHMENT|D:\\xampp\\htdocs\\training\\Training\\Rattan\\Final_testing\\New_ActivityOverview\\Reports\\20220211_221705\\Pagination\\20220211_221727\\1644600404361.png]]

2022-02-11 22:56:44 - [TEST_STEP][PASSED] - orderListing = findWebElements(findTestObject("Object Repository/ListingArea/RecordsInListing"), 5).size(): null

2022-02-11 22:56:44 - [TEST_STEP][PASSED] - totalrecords = totalrecords + orderListing: null

2022-02-11 22:56:44 - [TEST_STEP][PASSED] - logInfo(Total Records: $totalrecords): Total Records: 1200

2022-02-11 22:56:44 - [MESSAGE][INFO] - Total Records: 1200

2022-02-11 22:56:44 - [TEST_STEP][PASSED] - if (l <= 5): null

2022-02-11 22:56:44 - [TEST_STEP][PASSED] - if (l > 5): null

2022-02-11 22:56:44 - [TEST_STEP][PASSED] - paginationvalue = "4": null

2022-02-11 22:56:44 - [TEST_STEP][PASSED] - logInfo(Size of Pagination: $paginationvalue): Size of Pagination: 4

2022-02-11 22:56:44 - [MESSAGE][INFO] - Size of Pagination: 4

2022-02-11 22:56:44 - [TEST_STEP][PASSED] - click(findTestObject("Object Repository/PaginationCOunt/ClickOnPagination", ["pagination":paginationvalue])): Object: 'Object Repository/PaginationCOunt/ClickOnPagination' is clicked on

2022-02-11 22:56:47 - [MESSAGE][PASSED] - Object: 'Object Repository/PaginationCOunt/ClickOnPagination' is clicked on

2022-02-11 22:56:47 - [TEST_STEP][PASSED] - delay(20): Delayed 20 second(s)

2022-02-11 22:57:07 - [MESSAGE][PASSED] - Delayed 20 second(s)

2022-02-11 22:57:07 - [TEST_STEP][PASSED] - takeScreenshot(): Taking screenshot successfully

2022-02-11 22:57:08 - [MESSAGE][PASSED] - Taking screenshot successfully
[[ATTACHMENT|D:\\xampp\\htdocs\\training\\Training\\Rattan\\Final_testing\\New_ActivityOverview\\Reports\\20220211_221705\\Pagination\\20220211_221727\\1644600427851.png]]

2022-02-11 22:57:08 - [TEST_STEP][PASSED] - orderListing = findWebElements(findTestObject("Object Repository/ListingArea/RecordsInListing"), 5).size(): null

2022-02-11 22:57:08 - [TEST_STEP][PASSED] - totalrecords = totalrecords + orderListing: null

2022-02-11 22:57:08 - [TEST_STEP][PASSED] - logInfo(Total Records: $totalrecords): Total Records: 1300

2022-02-11 22:57:08 - [MESSAGE][INFO] - Total Records: 1300

2022-02-11 22:57:08 - [TEST_STEP][PASSED] - if (l <= 5): null

2022-02-11 22:57:08 - [TEST_STEP][PASSED] - if (l > 5): null

2022-02-11 22:57:08 - [TEST_STEP][PASSED] - paginationvalue = "4": null

2022-02-11 22:57:08 - [TEST_STEP][PASSED] - logInfo(Size of Pagination: $paginationvalue): Size of Pagination: 4

2022-02-11 22:57:08 - [MESSAGE][INFO] - Size of Pagination: 4

2022-02-11 22:57:08 - [TEST_STEP][PASSED] - click(findTestObject("Object Repository/PaginationCOunt/ClickOnPagination", ["pagination":paginationvalue])): Object: 'Object Repository/PaginationCOunt/ClickOnPagination' is clicked on

2022-02-11 22:57:11 - [MESSAGE][PASSED] - Object: 'Object Repository/PaginationCOunt/ClickOnPagination' is clicked on

2022-02-11 22:57:11 - [TEST_STEP][PASSED] - delay(20): Delayed 20 second(s)

2022-02-11 22:57:31 - [MESSAGE][PASSED] - Delayed 20 second(s)

2022-02-11 22:57:31 - [TEST_STEP][PASSED] - takeScreenshot(): Taking screenshot successfully

2022-02-11 22:57:31 - [MESSAGE][PASSED] - Taking screenshot successfully
[[ATTACHMENT|D:\\xampp\\htdocs\\training\\Training\\Rattan\\Final_testing\\New_ActivityOverview\\Reports\\20220211_221705\\Pagination\\20220211_221727\\1644600451420.png]]

2022-02-11 22:57:31 - [TEST_STEP][PASSED] - orderListing = findWebElements(findTestObject("Object Repository/ListingArea/RecordsInListing"), 5).size(): null

2022-02-11 22:57:31 - [TEST_STEP][PASSED] - totalrecords = totalrecords + orderListing: null

2022-02-11 22:57:31 - [TEST_STEP][PASSED] - logInfo(Total Records: $totalrecords): Total Records: 1400

2022-02-11 22:57:31 - [MESSAGE][INFO] - Total Records: 1400

2022-02-11 22:57:31 - [TEST_STEP][PASSED] - if (l <= 5): null

2022-02-11 22:57:31 - [TEST_STEP][PASSED] - if (l > 5): null

2022-02-11 22:57:31 - [TEST_STEP][PASSED] - paginationvalue = "4": null

2022-02-11 22:57:31 - [TEST_STEP][PASSED] - logInfo(Size of Pagination: $paginationvalue): Size of Pagination: 4

2022-02-11 22:57:31 - [MESSAGE][INFO] - Size of Pagination: 4

2022-02-11 22:57:31 - [TEST_STEP][PASSED] - click(findTestObject("Object Repository/PaginationCOunt/ClickOnPagination", ["pagination":paginationvalue])): Object: 'Object Repository/PaginationCOunt/ClickOnPagination' is clicked on

2022-02-11 22:57:34 - [MESSAGE][PASSED] - Object: 'Object Repository/PaginationCOunt/ClickOnPagination' is clicked on

2022-02-11 22:57:34 - [TEST_STEP][PASSED] - delay(20): Delayed 20 second(s)

2022-02-11 22:57:54 - [MESSAGE][PASSED] - Delayed 20 second(s)

2022-02-11 22:57:54 - [TEST_STEP][PASSED] - takeScreenshot(): Taking screenshot successfully

2022-02-11 22:57:55 - [MESSAGE][PASSED] - Taking screenshot successfully
[[ATTACHMENT|D:\\xampp\\htdocs\\training\\Training\\Rattan\\Final_testing\\New_ActivityOverview\\Reports\\20220211_221705\\Pagination\\20220211_221727\\1644600474942.png]]

2022-02-11 22:57:55 - [TEST_STEP][PASSED] - orderListing = findWebElements(findTestObject("Object Repository/ListingArea/RecordsInListing"), 5).size(): null

2022-02-11 22:57:55 - [TEST_STEP][PASSED] - totalrecords = totalrecords + orderListing: null

2022-02-11 22:57:55 - [TEST_STEP][PASSED] - logInfo(Total Records: $totalrecords): Total Records: 1500

2022-02-11 22:57:55 - [MESSAGE][INFO] - Total Records: 1500

2022-02-11 22:57:55 - [TEST_STEP][PASSED] - if (l <= 5): null

2022-02-11 22:57:55 - [TEST_STEP][PASSED] - if (l > 5): null

2022-02-11 22:57:55 - [TEST_STEP][PASSED] - paginationvalue = "4": null

2022-02-11 22:57:55 - [TEST_STEP][PASSED] - logInfo(Size of Pagination: $paginationvalue): Size of Pagination: 4

2022-02-11 22:57:55 - [MESSAGE][INFO] - Size of Pagination: 4

2022-02-11 22:57:55 - [TEST_STEP][PASSED] - click(findTestObject("Object Repository/PaginationCOunt/ClickOnPagination", ["pagination":paginationvalue])): Object: 'Object Repository/PaginationCOunt/ClickOnPagination' is clicked on

2022-02-11 22:57:58 - [MESSAGE][PASSED] - Object: 'Object Repository/PaginationCOunt/ClickOnPagination' is clicked on

2022-02-11 22:57:58 - [TEST_STEP][PASSED] - delay(20): Delayed 20 second(s)

2022-02-11 22:58:18 - [MESSAGE][PASSED] - Delayed 20 second(s)

2022-02-11 22:58:18 - [TEST_STEP][PASSED] - takeScreenshot(): Taking screenshot successfully

2022-02-11 22:58:18 - [MESSAGE][PASSED] - Taking screenshot successfully
[[ATTACHMENT|D:\\xampp\\htdocs\\training\\Training\\Rattan\\Final_testing\\New_ActivityOverview\\Reports\\20220211_221705\\Pagination\\20220211_221727\\1644600498456.png]]

2022-02-11 22:58:18 - [TEST_STEP][PASSED] - orderListing = findWebElements(findTestObject("Object Repository/ListingArea/RecordsInListing"), 5).size(): [SELF-HEALING] Cannot find elements when the selector is null

2022-02-11 22:58:24 - [MESSAGE][INFO] - Unable to find the element located by 'By.xpath: //table[@id='main-table']//tbody//tr//tr[1]'. Please recheck the objects properties to make sure the desired element is located. 

2022-02-11 22:58:24 - [MESSAGE][WARNING] - [SELF-HEALING] Failed to find element with id 'Object Repository/ListingArea/RecordsInListing'. Try using Self-healing.

2022-02-11 22:58:25 - [MESSAGE][INFO] - [SELF-HEALING] No working XPath is found.

2022-02-11 22:58:26 - [MESSAGE][INFO] - Unable to find the element located by 'By.xpath: '. Please recheck the objects properties to make sure the desired element is located. 

2022-02-11 22:58:26 - [MESSAGE][WARNING] - [SELF-HEALING] Cannot find elements when the selector is null

2022-02-11 22:58:26 - [TEST_STEP][PASSED] - totalrecords = totalrecords + orderListing: null

2022-02-11 22:58:26 - [TEST_STEP][PASSED] - logInfo(Total Records: $totalrecords): Total Records: 1500

2022-02-11 22:58:26 - [MESSAGE][INFO] - Total Records: 1500

2022-02-11 22:58:26 - [TEST_STEP][PASSED] - if (l <= 5): null

2022-02-11 22:58:26 - [TEST_STEP][PASSED] - if (l > 5): null

2022-02-11 22:58:26 - [TEST_STEP][PASSED] - paginationvalue = "4": null

2022-02-11 22:58:26 - [TEST_STEP][PASSED] - logInfo(Size of Pagination: $paginationvalue): Size of Pagination: 4

2022-02-11 22:58:26 - [MESSAGE][INFO] - Size of Pagination: 4

2022-02-11 22:58:26 - [TEST_STEP][FAILED] - click(findTestObject("Object Repository/PaginationCOunt/ClickOnPagination", ["pagination":paginationvalue])): Unable to click on object 'Object Repository/PaginationCOunt/ClickOnPagination' (Root cause: com.kms.katalon.core.exception.StepFailedException: Unable to click on object 'Object Repository/PaginationCOunt/ClickOnPagination'
	at com.kms.katalon.core.webui.keyword.internal.WebUIKeywordMain.stepFailed(WebUIKeywordMain.groovy:64)
	at com.kms.katalon.core.webui.keyword.internal.WebUIKeywordMain.runKeyword(WebUIKeywordMain.groovy:26)
	at com.kms.katalon.core.webui.keyword.builtin.ClickKeyword.click(ClickKeyword.groovy:74)
	at com.kms.katalon.core.webui.keyword.builtin.ClickKeyword.execute(ClickKeyword.groovy:40)
	at com.kms.katalon.core.keyword.internal.KeywordExecutor.executeKeywordForPlatform(KeywordExecutor.groovy:74)
	at com.kms.katalon.core.webui.keyword.WebUiBuiltInKeywords.click(WebUiBuiltInKeywords.groovy:620)
	at com.kms.katalon.core.webui.keyword.WebUiBuiltInKeywords$click$2.call(Unknown Source)
	at ActivityOverview-Pagination.run(ActivityOverview-Pagination:86)
	at com.kms.katalon.core.main.ScriptEngine.run(ScriptEngine.java:194)
	at com.kms.katalon.core.main.ScriptEngine.runScriptAsRawText(ScriptEngine.java:119)
	at com.kms.katalon.core.main.TestCaseExecutor.runScript(TestCaseExecutor.java:442)
	at com.kms.katalon.core.main.TestCaseExecutor.doExecute(TestCaseExecutor.java:433)
	at com.kms.katalon.core.main.TestCaseExecutor.processExecutionPhase(TestCaseExecutor.java:412)
	at com.kms.katalon.core.main.TestCaseExecutor.accessMainPhase(TestCaseExecutor.java:404)
	at com.kms.katalon.core.main.TestCaseExecutor.execute(TestCaseExecutor.java:281)
	at com.kms.katalon.core.main.TestCaseExecutor.execute(TestCaseExecutor.java:363)
	at com.kms.katalon.core.main.TestCaseExecutor.execute(TestCaseExecutor.java:363)
	at com.kms.katalon.core.main.TestCaseExecutor.execute(TestCaseExecutor.java:363)
	at com.kms.katalon.core.main.TestSuiteExecutor.accessTestCaseMainPhase(TestSuiteExecutor.java:202)
	at com.kms.katalon.core.main.TestSuiteExecutor.accessTestSuiteMainPhase(TestSuiteExecutor.java:164)
	at com.kms.katalon.core.main.TestSuiteExecutor.execute(TestSuiteExecutor.java:105)
	at com.kms.katalon.core.main.TestCaseMain.startTestSuite(TestCaseMain.java:185)
	at com.kms.katalon.core.main.TestCaseMain$startTestSuite$0.call(Unknown Source)
	at TempTestSuite1644598047128.run(TempTestSuite1644598047128.groovy:36)
Caused by: com.kms.katalon.core.webui.exception.WebElementNotFoundException: Web element with id: 'Object Repository/PaginationCOunt/ClickOnPagination' located by '(//div[@class='orderOverviewPaginateBottom']//following-sibling::span)[1]//a[4]' not found
	at com.kms.katalon.core.webui.common.WebUiCommonHelper.findWebElement(WebUiCommonHelper.java:1370)
	at com.kms.katalon.core.webui.keyword.internal.WebUIAbstractKeyword.findWebElement(WebUIAbstractKeyword.groovy:27)
	at com.kms.katalon.core.webui.keyword.builtin.ClickKeyword$_click_closure1.doCall(ClickKeyword.groovy:65)
	at com.kms.katalon.core.webui.keyword.builtin.ClickKeyword$_click_closure1.call(ClickKeyword.groovy)
	at com.kms.katalon.core.webui.keyword.internal.WebUIKeywordMain.runKeyword(WebUIKeywordMain.groovy:20)
	at com.kms.katalon.core.webui.keyword.builtin.ClickKeyword.click(ClickKeyword.groovy:74)
	at com.kms.katalon.core.webui.keyword.builtin.ClickKeyword.execute(ClickKeyword.groovy:40)
	at com.kms.katalon.core.keyword.internal.KeywordExecutor.executeKeywordForPlatform(KeywordExecutor.groovy:74)
	at com.kms.katalon.core.webui.keyword.WebUiBuiltInKeywords.click(WebUiBuiltInKeywords.groovy:620)
	at com.kms.katalon.core.webui.keyword.WebUiBuiltInKeywords$click$2.call(Unknown Source)
	at Script1643628703989.run(Script1643628703989.groovy:86)
	... 16 more
)

2022-02-11 22:58:57 - [MESSAGE][INFO] - Unable to find the element located by 'By.xpath: (//div[@class='orderOverviewPaginateBottom']//following-sibling::span)[1]//a[4]'. Please recheck the objects properties to make sure the desired element is located. 

2022-02-11 22:58:57 - [MESSAGE][WARNING] - [SELF-HEALING] Failed to find element with id 'Object Repository/PaginationCOunt/ClickOnPagination'. Try using Self-healing.

2022-02-11 22:58:58 - [MESSAGE][INFO] - [SELF-HEALING] No working XPath is found.

2022-02-11 22:58:59 - [MESSAGE][INFO] - Unable to find the element located by 'By.xpath: '. Please recheck the objects properties to make sure the desired element is located. 

2022-02-11 22:58:59 - [MESSAGE][WARNING] - [SELF-HEALING] Cannot find elements when the selector is null

2022-02-11 22:58:59 - [MESSAGE][FAILED] - Unable to click on object 'Object Repository/PaginationCOunt/ClickOnPagination' (Root cause: com.kms.katalon.core.exception.StepFailedException: Unable to click on object 'Object Repository/PaginationCOunt/ClickOnPagination'
	at com.kms.katalon.core.webui.keyword.internal.WebUIKeywordMain.stepFailed(WebUIKeywordMain.groovy:64)
	at com.kms.katalon.core.webui.keyword.internal.WebUIKeywordMain.runKeyword(WebUIKeywordMain.groovy:26)
	at com.kms.katalon.core.webui.keyword.builtin.ClickKeyword.click(ClickKeyword.groovy:74)
	at com.kms.katalon.core.webui.keyword.builtin.ClickKeyword.execute(ClickKeyword.groovy:40)
	at com.kms.katalon.core.keyword.internal.KeywordExecutor.executeKeywordForPlatform(KeywordExecutor.groovy:74)
	at com.kms.katalon.core.webui.keyword.WebUiBuiltInKeywords.click(WebUiBuiltInKeywords.groovy:620)
	at com.kms.katalon.core.webui.keyword.WebUiBuiltInKeywords$click$2.call(Unknown Source)
	at ActivityOverview-Pagination.run(ActivityOverview-Pagination:86)
	at com.kms.katalon.core.main.ScriptEngine.run(ScriptEngine.java:194)
	at com.kms.katalon.core.main.ScriptEngine.runScriptAsRawText(ScriptEngine.java:119)
	at com.kms.katalon.core.main.TestCaseExecutor.runScript(TestCaseExecutor.java:442)
	at com.kms.katalon.core.main.TestCaseExecutor.doExecute(TestCaseExecutor.java:433)
	at com.kms.katalon.core.main.TestCaseExecutor.processExecutionPhase(TestCaseExecutor.java:412)
	at com.kms.katalon.core.main.TestCaseExecutor.accessMainPhase(TestCaseExecutor.java:404)
	at com.kms.katalon.core.main.TestCaseExecutor.execute(TestCaseExecutor.java:281)
	at com.kms.katalon.core.main.TestCaseExecutor.execute(TestCaseExecutor.java:363)
	at com.kms.katalon.core.main.TestCaseExecutor.execute(TestCaseExecutor.java:363)
	at com.kms.katalon.core.main.TestCaseExecutor.execute(TestCaseExecutor.java:363)
	at com.kms.katalon.core.main.TestSuiteExecutor.accessTestCaseMainPhase(TestSuiteExecutor.java:202)
	at com.kms.katalon.core.main.TestSuiteExecutor.accessTestSuiteMainPhase(TestSuiteExecutor.java:164)
	at com.kms.katalon.core.main.TestSuiteExecutor.execute(TestSuiteExecutor.java:105)
	at com.kms.katalon.core.main.TestCaseMain.startTestSuite(TestCaseMain.java:185)
	at com.kms.katalon.core.main.TestCaseMain$startTestSuite$0.call(Unknown Source)
	at TempTestSuite1644598047128.run(TempTestSuite1644598047128.groovy:36)
Caused by: com.kms.katalon.core.webui.exception.WebElementNotFoundException: Web element with id: 'Object Repository/PaginationCOunt/ClickOnPagination' located by '(//div[@class='orderOverviewPaginateBottom']//following-sibling::span)[1]//a[4]' not found
	at com.kms.katalon.core.webui.common.WebUiCommonHelper.findWebElement(WebUiCommonHelper.java:1370)
	at com.kms.katalon.core.webui.keyword.internal.WebUIAbstractKeyword.findWebElement(WebUIAbstractKeyword.groovy:27)
	at com.kms.katalon.core.webui.keyword.builtin.ClickKeyword$_click_closure1.doCall(ClickKeyword.groovy:65)
	at com.kms.katalon.core.webui.keyword.builtin.ClickKeyword$_click_closure1.call(ClickKeyword.groovy)
	at com.kms.katalon.core.webui.keyword.internal.WebUIKeywordMain.runKeyword(WebUIKeywordMain.groovy:20)
	at com.kms.katalon.core.webui.keyword.builtin.ClickKeyword.click(ClickKeyword.groovy:74)
	at com.kms.katalon.core.webui.keyword.builtin.ClickKeyword.execute(ClickKeyword.groovy:40)
	at com.kms.katalon.core.keyword.internal.KeywordExecutor.executeKeywordForPlatform(KeywordExecutor.groovy:74)
	at com.kms.katalon.core.webui.keyword.WebUiBuiltInKeywords.click(WebUiBuiltInKeywords.groovy:620)
	at com.kms.katalon.core.webui.keyword.WebUiBuiltInKeywords$click$2.call(Unknown Source)
	at Script1643628703989.run(Script1643628703989.groovy:86)
	... 16 more
)
[[ATTACHMENT|D:\\xampp\\htdocs\\training\\Training\\Rattan\\Final_testing\\New_ActivityOverview\\Reports\\20220211_221705\\Pagination\\20220211_221727\\1644600539778.png]]]]></system-out>
         <system-err><![CDATA[2022-02-11 22:50:30 - [TEST_CASE][FAILED] - Test Cases/NewActivityOverview-LeftNavigation/ActivityOverview-Pagination: Test Cases/NewActivityOverview-LeftNavigation/ActivityOverview-Pagination FAILED.
Reason:
com.kms.katalon.core.exception.StepFailedException: Unable to click on object 'Object Repository/PaginationCOunt/ClickOnPagination'
	at com.kms.katalon.core.webui.keyword.internal.WebUIKeywordMain.stepFailed(WebUIKeywordMain.groovy:64)
	at com.kms.katalon.core.webui.keyword.internal.WebUIKeywordMain.runKeyword(WebUIKeywordMain.groovy:26)
	at com.kms.katalon.core.webui.keyword.builtin.ClickKeyword.click(ClickKeyword.groovy:74)
	at com.kms.katalon.core.webui.keyword.builtin.ClickKeyword.execute(ClickKeyword.groovy:40)
	at com.kms.katalon.core.keyword.internal.KeywordExecutor.executeKeywordForPlatform(KeywordExecutor.groovy:74)
	at com.kms.katalon.core.webui.keyword.WebUiBuiltInKeywords.click(WebUiBuiltInKeywords.groovy:620)
	at com.kms.katalon.core.webui.keyword.WebUiBuiltInKeywords$click$2.call(Unknown Source)
	at ActivityOverview-Pagination.run(ActivityOverview-Pagination:86)
	at com.kms.katalon.core.main.ScriptEngine.run(ScriptEngine.java:194)
	at com.kms.katalon.core.main.ScriptEngine.runScriptAsRawText(ScriptEngine.java:119)
	at com.kms.katalon.core.main.TestCaseExecutor.runScript(TestCaseExecutor.java:442)
	at com.kms.katalon.core.main.TestCaseExecutor.doExecute(TestCaseExecutor.java:433)
	at com.kms.katalon.core.main.TestCaseExecutor.processExecutionPhase(TestCaseExecutor.java:412)
	at com.kms.katalon.core.main.TestCaseExecutor.accessMainPhase(TestCaseExecutor.java:404)
	at com.kms.katalon.core.main.TestCaseExecutor.execute(TestCaseExecutor.java:281)
	at com.kms.katalon.core.main.TestCaseExecutor.execute(TestCaseExecutor.java:363)
	at com.kms.katalon.core.main.TestCaseExecutor.execute(TestCaseExecutor.java:363)
	at com.kms.katalon.core.main.TestCaseExecutor.execute(TestCaseExecutor.java:363)
	at com.kms.katalon.core.main.TestSuiteExecutor.accessTestCaseMainPhase(TestSuiteExecutor.java:202)
	at com.kms.katalon.core.main.TestSuiteExecutor.accessTestSuiteMainPhase(TestSuiteExecutor.java:164)
	at com.kms.katalon.core.main.TestSuiteExecutor.execute(TestSuiteExecutor.java:105)
	at com.kms.katalon.core.main.TestCaseMain.startTestSuite(TestCaseMain.java:185)
	at com.kms.katalon.core.main.TestCaseMain$startTestSuite$0.call(Unknown Source)
	at TempTestSuite1644598047128.run(TempTestSuite1644598047128.groovy:36)
Caused by: com.kms.katalon.core.webui.exception.WebElementNotFoundException: Web element with id: 'Object Repository/PaginationCOunt/ClickOnPagination' located by '(//div[@class='orderOverviewPaginateBottom']//following-sibling::span)[1]//a[4]' not found
	at com.kms.katalon.core.webui.common.WebUiCommonHelper.findWebElement(WebUiCommonHelper.java:1370)
	at com.kms.katalon.core.webui.keyword.internal.WebUIAbstractKeyword.findWebElement(WebUIAbstractKeyword.groovy:27)
	at com.kms.katalon.core.webui.keyword.builtin.ClickKeyword$_click_closure1.doCall(ClickKeyword.groovy:65)
	at com.kms.katalon.core.webui.keyword.builtin.ClickKeyword$_click_closure1.call(ClickKeyword.groovy)
	at com.kms.katalon.core.webui.keyword.internal.WebUIKeywordMain.runKeyword(WebUIKeywordMain.groovy:20)
	... 22 more]]></system-err>
      </testcase>
      <system-out><![CDATA[2022-02-11 22:24:06 - [TEST_SUITE][FAILED] - Pagination: Test Cases/NewActivityOverview-LeftNavigation/ActivityOverview-Pagination FAILED.
Reason:
com.kms.katalon.core.exception.StepFailedException: Unable to click on object 'Object Repository/PaginationCOunt/ClickOnPagination'
	at com.kms.katalon.core.webui.keyword.internal.WebUIKeywordMain.stepFailed(WebUIKeywordMain.groovy:64)
	at com.kms.katalon.core.webui.keyword.internal.WebUIKeywordMain.runKeyword(WebUIKeywordMain.groovy:26)
	at com.kms.katalon.core.webui.keyword.builtin.ClickKeyword.click(ClickKeyword.groovy:74)
	at com.kms.katalon.core.webui.keyword.builtin.ClickKeyword.execute(ClickKeyword.groovy:40)
	at com.kms.katalon.core.keyword.internal.KeywordExecutor.executeKeywordForPlatform(KeywordExecutor.groovy:74)
	at com.kms.katalon.core.webui.keyword.WebUiBuiltInKeywords.click(WebUiBuiltInKeywords.groovy:620)
	at com.kms.katalon.core.webui.keyword.WebUiBuiltInKeywords$click$2.call(Unknown Source)
	at ActivityOverview-Pagination.run(ActivityOverview-Pagination:86)
	at com.kms.katalon.core.main.ScriptEngine.run(ScriptEngine.java:194)
	at com.kms.katalon.core.main.ScriptEngine.runScriptAsRawText(ScriptEngine.java:119)
	at com.kms.katalon.core.main.TestCaseExecutor.runScript(TestCaseExecutor.java:442)
	at com.kms.katalon.core.main.TestCaseExecutor.doExecute(TestCaseExecutor.java:433)
	at com.kms.katalon.core.main.TestCaseExecutor.processExecutionPhase(TestCaseExecutor.java:412)
	at com.kms.katalon.core.main.TestCaseExecutor.accessMainPhase(TestCaseExecutor.java:404)
	at com.kms.katalon.core.main.TestCaseExecutor.execute(TestCaseExecutor.java:281)
	at com.kms.katalon.core.main.TestSuiteExecutor.accessTestCaseMainPhase(TestSuiteExecutor.java:202)
	at com.kms.katalon.core.main.TestSuiteExecutor.accessTestSuiteMainPhase(TestSuiteExecutor.java:164)
	at com.kms.katalon.core.main.TestSuiteExecutor.execute(TestSuiteExecutor.java:105)
	at com.kms.katalon.core.main.TestCaseMain.startTestSuite(TestCaseMain.java:185)
	at com.kms.katalon.core.main.TestCaseMain$startTestSuite$0.call(Unknown Source)
	at TempTestSuite1644598047128.run(TempTestSuite1644598047128.groovy:36)
Caused by: com.kms.katalon.core.webui.exception.WebElementNotFoundException: Web element with id: 'Object Repository/PaginationCOunt/ClickOnPagination' located by '(//div[@class='orderOverviewPaginateBottom']//following-sibling::span)[1]//a[4]' not found
	at com.kms.katalon.core.webui.common.WebUiCommonHelper.findWebElement(WebUiCommonHelper.java:1370)
	at com.kms.katalon.core.webui.keyword.internal.WebUIAbstractKeyword.findWebElement(WebUIAbstractKeyword.groovy:27)
	at com.kms.katalon.core.webui.keyword.builtin.ClickKeyword$_click_closure1.doCall(ClickKeyword.groovy:65)
	at com.kms.katalon.core.webui.keyword.builtin.ClickKeyword$_click_closure1.call(ClickKeyword.groovy)
	at com.kms.katalon.core.webui.keyword.internal.WebUIKeywordMain.runKeyword(WebUIKeywordMain.groovy:20)
	... 19 more]]></system-out>
      <system-err><![CDATA[2022-02-11 22:24:06 - [TEST_SUITE][FAILED] - Pagination: Test Cases/NewActivityOverview-LeftNavigation/ActivityOverview-Pagination FAILED.
Reason:
com.kms.katalon.core.exception.StepFailedException: Unable to click on object 'Object Repository/PaginationCOunt/ClickOnPagination'
	at com.kms.katalon.core.webui.keyword.internal.WebUIKeywordMain.stepFailed(WebUIKeywordMain.groovy:64)
	at com.kms.katalon.core.webui.keyword.internal.WebUIKeywordMain.runKeyword(WebUIKeywordMain.groovy:26)
	at com.kms.katalon.core.webui.keyword.builtin.ClickKeyword.click(ClickKeyword.groovy:74)
	at com.kms.katalon.core.webui.keyword.builtin.ClickKeyword.execute(ClickKeyword.groovy:40)
	at com.kms.katalon.core.keyword.internal.KeywordExecutor.executeKeywordForPlatform(KeywordExecutor.groovy:74)
	at com.kms.katalon.core.webui.keyword.WebUiBuiltInKeywords.click(WebUiBuiltInKeywords.groovy:620)
	at com.kms.katalon.core.webui.keyword.WebUiBuiltInKeywords$click$2.call(Unknown Source)
	at ActivityOverview-Pagination.run(ActivityOverview-Pagination:86)
	at com.kms.katalon.core.main.ScriptEngine.run(ScriptEngine.java:194)
	at com.kms.katalon.core.main.ScriptEngine.runScriptAsRawText(ScriptEngine.java:119)
	at com.kms.katalon.core.main.TestCaseExecutor.runScript(TestCaseExecutor.java:442)
	at com.kms.katalon.core.main.TestCaseExecutor.doExecute(TestCaseExecutor.java:433)
	at com.kms.katalon.core.main.TestCaseExecutor.processExecutionPhase(TestCaseExecutor.java:412)
	at com.kms.katalon.core.main.TestCaseExecutor.accessMainPhase(TestCaseExecutor.java:404)
	at com.kms.katalon.core.main.TestCaseExecutor.execute(TestCaseExecutor.java:281)
	at com.kms.katalon.core.main.TestSuiteExecutor.accessTestCaseMainPhase(TestSuiteExecutor.java:202)
	at com.kms.katalon.core.main.TestSuiteExecutor.accessTestSuiteMainPhase(TestSuiteExecutor.java:164)
	at com.kms.katalon.core.main.TestSuiteExecutor.execute(TestSuiteExecutor.java:105)
	at com.kms.katalon.core.main.TestCaseMain.startTestSuite(TestCaseMain.java:185)
	at com.kms.katalon.core.main.TestCaseMain$startTestSuite$0.call(Unknown Source)
	at TempTestSuite1644598047128.run(TempTestSuite1644598047128.groovy:36)
Caused by: com.kms.katalon.core.webui.exception.WebElementNotFoundException: Web element with id: 'Object Repository/PaginationCOunt/ClickOnPagination' located by '(//div[@class='orderOverviewPaginateBottom']//following-sibling::span)[1]//a[4]' not found
	at com.kms.katalon.core.webui.common.WebUiCommonHelper.findWebElement(WebUiCommonHelper.java:1370)
	at com.kms.katalon.core.webui.keyword.internal.WebUIAbstractKeyword.findWebElement(WebUIAbstractKeyword.groovy:27)
	at com.kms.katalon.core.webui.keyword.builtin.ClickKeyword$_click_closure1.doCall(ClickKeyword.groovy:65)
	at com.kms.katalon.core.webui.keyword.builtin.ClickKeyword$_click_closure1.call(ClickKeyword.groovy)
	at com.kms.katalon.core.webui.keyword.internal.WebUIKeywordMain.runKeyword(WebUIKeywordMain.groovy:20)
	... 19 more]]></system-err>
   </testsuite>
   <testsuite name="SearchAndSorting" tests="1" failures="0" errors="0" time="929.815" skipped="0" timestamp="2022-02-11 22:25:24" hostname="intersoft-admin - DESKTOP-ANQSRIJ" id="Test Suites/SearchAndSorting">
      <properties>
         <property name="deviceName" value=""/>
         <property name="devicePlatform" value=""/>
         <property name="logFolder" value="D:\\xampp\\htdocs\\training\\Training\\Rattan\\Final_testing\\New_ActivityOverview\\Reports\\20220211_221705\\SearchAndSorting\\20220211_221729"/>
         <property name="logFiles" value="D:\\xampp\\htdocs\\training\\Training\\Rattan\\Final_testing\\New_ActivityOverview\\Reports\\20220211_221705\\SearchAndSorting\\20220211_221729\\execution0.log"/>
         <property name="attachments" value="D:\\xampp\\htdocs\\training\\Training\\Rattan\\Final_testing\\New_ActivityOverview\\Reports\\20220211_221705\\SearchAndSorting\\20220211_221729\\1644598557800.png, D:\\xampp\\htdocs\\training\\Training\\Rattan\\Final_testing\\New_ActivityOverview\\Reports\\20220211_221705\\SearchAndSorting\\20220211_221729\\1644598574685.png, D:\\xampp\\htdocs\\training\\Training\\Rattan\\Final_testing\\New_ActivityOverview\\Reports\\20220211_221705\\SearchAndSorting\\20220211_221729\\1644598581051.png, D:\\xampp\\htdocs\\training\\Training\\Rattan\\Final_testing\\New_ActivityOverview\\Reports\\20220211_221705\\SearchAndSorting\\20220211_221729\\1644598634721.png, D:\\xampp\\htdocs\\training\\Training\\Rattan\\Final_testing\\New_ActivityOverview\\Reports\\20220211_221705\\SearchAndSorting\\20220211_221729\\1644598665098.png, D:\\xampp\\htdocs\\training\\Training\\Rattan\\Final_testing\\New_ActivityOverview\\Reports\\20220211_221705\\SearchAndSorting\\20220211_221729\\1644598696715.png, D:\\xampp\\htdocs\\training\\Training\\Rattan\\Final_testing\\New_ActivityOverview\\Reports\\20220211_221705\\SearchAndSorting\\20220211_221729\\1644598720421.png, D:\\xampp\\htdocs\\training\\Training\\Rattan\\Final_testing\\New_ActivityOverview\\Reports\\20220211_221705\\SearchAndSorting\\20220211_221729\\1644598743893.png, D:\\xampp\\htdocs\\training\\Training\\Rattan\\Final_testing\\New_ActivityOverview\\Reports\\20220211_221705\\SearchAndSorting\\20220211_221729\\1644598767372.png, D:\\xampp\\htdocs\\training\\Training\\Rattan\\Final_testing\\New_ActivityOverview\\Reports\\20220211_221705\\SearchAndSorting\\20220211_221729\\1644598800255.png, D:\\xampp\\htdocs\\training\\Training\\Rattan\\Final_testing\\New_ActivityOverview\\Reports\\20220211_221705\\SearchAndSorting\\20220211_221729\\1644598829912.png, D:\\xampp\\htdocs\\training\\Training\\Rattan\\Final_testing\\New_ActivityOverview\\Reports\\20220211_221705\\SearchAndSorting\\20220211_221729\\1644598859736.png, D:\\xampp\\htdocs\\training\\Training\\Rattan\\Final_testing\\New_ActivityOverview\\Reports\\20220211_221705\\SearchAndSorting\\20220211_221729\\1644598883251.png, D:\\xampp\\htdocs\\training\\Training\\Rattan\\Final_testing\\New_ActivityOverview\\Reports\\20220211_221705\\SearchAndSorting\\20220211_221729\\1644598891708.png, D:\\xampp\\htdocs\\training\\Training\\Rattan\\Final_testing\\New_ActivityOverview\\Reports\\20220211_221705\\SearchAndSorting\\20220211_221729\\1644598915107.png, D:\\xampp\\htdocs\\training\\Training\\Rattan\\Final_testing\\New_ActivityOverview\\Reports\\20220211_221705\\SearchAndSorting\\20220211_221729\\1644598923510.png, D:\\xampp\\htdocs\\training\\Training\\Rattan\\Final_testing\\New_ActivityOverview\\Reports\\20220211_221705\\SearchAndSorting\\20220211_221729\\1644598947306.png, D:\\xampp\\htdocs\\training\\Training\\Rattan\\Final_testing\\New_ActivityOverview\\Reports\\20220211_221705\\SearchAndSorting\\20220211_221729\\1644598955788.png, D:\\xampp\\htdocs\\training\\Training\\Rattan\\Final_testing\\New_ActivityOverview\\Reports\\20220211_221705\\SearchAndSorting\\20220211_221729\\1644598979297.png, D:\\xampp\\htdocs\\training\\Training\\Rattan\\Final_testing\\New_ActivityOverview\\Reports\\20220211_221705\\SearchAndSorting\\20220211_221729\\1644599033045.png, D:\\xampp\\htdocs\\training\\Training\\Rattan\\Final_testing\\New_ActivityOverview\\Reports\\20220211_221705\\SearchAndSorting\\20220211_221729\\1644599041812.png, D:\\xampp\\htdocs\\training\\Training\\Rattan\\Final_testing\\New_ActivityOverview\\Reports\\20220211_221705\\SearchAndSorting\\20220211_221729\\1644599065664.png, D:\\xampp\\htdocs\\training\\Training\\Rattan\\Final_testing\\New_ActivityOverview\\Reports\\20220211_221705\\SearchAndSorting\\20220211_221729\\1644599074310.png, D:\\xampp\\htdocs\\training\\Training\\Rattan\\Final_testing\\New_ActivityOverview\\Reports\\20220211_221705\\SearchAndSorting\\20220211_221729\\1644599099029.png, D:\\xampp\\htdocs\\training\\Training\\Rattan\\Final_testing\\New_ActivityOverview\\Reports\\20220211_221705\\SearchAndSorting\\20220211_221729\\1644599108446.png, D:\\xampp\\htdocs\\training\\Training\\Rattan\\Final_testing\\New_ActivityOverview\\Reports\\20220211_221705\\SearchAndSorting\\20220211_221729\\1644599133071.png, D:\\xampp\\htdocs\\training\\Training\\Rattan\\Final_testing\\New_ActivityOverview\\Reports\\20220211_221705\\SearchAndSorting\\20220211_221729\\1644599186231.png, D:\\xampp\\htdocs\\training\\Training\\Rattan\\Final_testing\\New_ActivityOverview\\Reports\\20220211_221705\\SearchAndSorting\\20220211_221729\\1644599194775.png, D:\\xampp\\htdocs\\training\\Training\\Rattan\\Final_testing\\New_ActivityOverview\\Reports\\20220211_221705\\SearchAndSorting\\20220211_221729\\1644599218207.png, D:\\xampp\\htdocs\\training\\Training\\Rattan\\Final_testing\\New_ActivityOverview\\Reports\\20220211_221705\\SearchAndSorting\\20220211_221729\\1644599226651.png, D:\\xampp\\htdocs\\training\\Training\\Rattan\\Final_testing\\New_ActivityOverview\\Reports\\20220211_221705\\SearchAndSorting\\20220211_221729\\1644599250151.png, D:\\xampp\\htdocs\\training\\Training\\Rattan\\Final_testing\\New_ActivityOverview\\Reports\\20220211_221705\\SearchAndSorting\\20220211_221729\\1644599258609.png, D:\\xampp\\htdocs\\training\\Training\\Rattan\\Final_testing\\New_ActivityOverview\\Reports\\20220211_221705\\SearchAndSorting\\20220211_221729\\1644599282030.png, D:\\xampp\\htdocs\\training\\Training\\Rattan\\Final_testing\\New_ActivityOverview\\Reports\\20220211_221705\\SearchAndSorting\\20220211_221729\\1644599334780.png, D:\\xampp\\htdocs\\training\\Training\\Rattan\\Final_testing\\New_ActivityOverview\\Reports\\20220211_221705\\SearchAndSorting\\20220211_221729\\1644599343165.png, D:\\xampp\\htdocs\\training\\Training\\Rattan\\Final_testing\\New_ActivityOverview\\Reports\\20220211_221705\\SearchAndSorting\\20220211_221729\\1644599366560.png, D:\\xampp\\htdocs\\training\\Training\\Rattan\\Final_testing\\New_ActivityOverview\\Reports\\20220211_221705\\SearchAndSorting\\20220211_221729\\1644599374982.png, D:\\xampp\\htdocs\\training\\Training\\Rattan\\Final_testing\\New_ActivityOverview\\Reports\\20220211_221705\\SearchAndSorting\\20220211_221729\\1644599398488.png, D:\\xampp\\htdocs\\training\\Training\\Rattan\\Final_testing\\New_ActivityOverview\\Reports\\20220211_221705\\SearchAndSorting\\20220211_221729\\1644599406929.png, D:\\xampp\\htdocs\\training\\Training\\Rattan\\Final_testing\\New_ActivityOverview\\Reports\\20220211_221705\\SearchAndSorting\\20220211_221729\\1644599430308.png, D:\\xampp\\htdocs\\training\\Training\\Rattan\\Final_testing\\New_ActivityOverview\\Reports\\20220211_221705\\SearchAndSorting\\20220211_221729\\1644599450507.png"/>
         <property name="hostName" value="intersoft-admin - DESKTOP-ANQSRIJ"/>
         <property name="os" value="Windows 10 64bit"/>
         <property name="katalonVersion" value="8.2.5.208"/>
         <property name="browser" value="Chrome 98.0.4758.82"/>
         <property name="hostAddress" value="192.168.1.59"/>
         <property name="sessionId" value="32af16cf71787ed5a32297d75960bf36"/>
         <property name="seleniumVersion" value="3.141.59"/>
         <property name="proxyInformation" value="ProxyInformation { proxyOption=NO_PROXY, proxyServerType=HTTP, username=, password=********, proxyServerAddress=, proxyServerPort=0, executionList=&quot;&quot;, isApplyToDesiredCapabilities=true }"/>
         <property name="platform" value="Windows 10"/>
      </properties>
      <testcase name="Test Cases/NewActivityOverview-LeftNavigation/ActivityOverview-ListingSearchSorting" time="929.419" classname="Test Cases/NewActivityOverview-LeftNavigation/ActivityOverview-ListingSearchSorting" status="PASSED">
         <system-out><![CDATA[2022-02-11 22:25:24 - [TEST_CASE][PASSED] - Test Cases/NewActivityOverview-LeftNavigation/ActivityOverview-ListingSearchSorting: Test Cases/NewActivityOverview-LeftNavigation/ActivityOverview-ListingSearchSorting

2022-02-11 22:25:25 - [TEST_STEP][PASSED] - callTestCase(findTestCase("LoginWithSuperAdmin/SuperAdmin-Login"), [:], STOP_ON_FAILURE): Call Test Case 'Test Cases/LoginWithSuperAdmin/SuperAdmin-Login' successfully

2022-02-11 22:25:25 - [TEST_CASE][PASSED] - Test Cases/LoginWithSuperAdmin/SuperAdmin-Login: Test Cases/LoginWithSuperAdmin/SuperAdmin-Login

2022-02-11 22:25:26 - [TEST_STEP][PASSED] - openBrowser(""): Browser is opened with url: ''

2022-02-11 22:25:26 - [MESSAGE][INFO] - Starting 'Chrome' driver

2022-02-11 22:25:26 - [MESSAGE][INFO] - Action delay is set to 3,000 milliseconds

2022-02-11 22:25:30 - [MESSAGE][PASSED] - Browser is opened with url: ''

2022-02-11 22:25:30 - [TEST_STEP][PASSED] - setViewPortSize(1920, 1080): Viewport is set to new size with width = 1920 and height = 1080

2022-02-11 22:25:31 - [MESSAGE][PASSED] - Viewport is set to new size with width = 1920 and height = 1080

2022-02-11 22:25:31 - [TEST_STEP][PASSED] - navigateToUrl(URL): Navigate to 'https://marketplacev1.test-prio.com' successfully

2022-02-11 22:25:36 - [MESSAGE][PASSED] - Navigate to 'https://marketplacev1.test-prio.com' successfully

2022-02-11 22:25:36 - [TEST_STEP][PASSED] - delay(3): Delayed 3 second(s)

2022-02-11 22:25:39 - [MESSAGE][PASSED] - Delayed 3 second(s)

2022-02-11 22:25:39 - [TEST_STEP][PASSED] - click(findTestObject("SuperAdmin/Login/input_Email_contact_email")): Object: 'Object Repository/SuperAdmin/Login/input_Email_contact_email' is clicked on

2022-02-11 22:25:43 - [MESSAGE][PASSED] - Object: 'Object Repository/SuperAdmin/Login/input_Email_contact_email' is clicked on

2022-02-11 22:25:43 - [TEST_STEP][PASSED] - setText(findTestObject("SuperAdmin/Login/input_Email_contact_email"), uname): Text 'superadmin@tippoint.com' is set on object 'Object Repository/SuperAdmin/Login/input_Email_contact_email'

2022-02-11 22:25:50 - [MESSAGE][PASSED] - Text 'superadmin@tippoint.com' is set on object 'Object Repository/SuperAdmin/Login/input_Email_contact_email'

2022-02-11 22:25:50 - [TEST_STEP][PASSED] - setEncryptedText(findTestObject("SuperAdmin/Login/input_Password_password"), Password): Text ****** has been set on object 'Object Repository/SuperAdmin/Login/input_Password_password'

2022-02-11 22:25:57 - [MESSAGE][PASSED] - Text ****** has been set on object 'Object Repository/SuperAdmin/Login/input_Password_password'

2022-02-11 22:25:57 - [TEST_STEP][PASSED] - takeScreenshot(): Taking screenshot successfully

2022-02-11 22:26:01 - [MESSAGE][PASSED] - Taking screenshot successfully
[[ATTACHMENT|D:\\xampp\\htdocs\\training\\Training\\Rattan\\Final_testing\\New_ActivityOverview\\Reports\\20220211_221705\\SearchAndSorting\\20220211_221729\\1644598557800.png]]

2022-02-11 22:26:01 - [TEST_STEP][PASSED] - newpackage.clickUsingJS.clickUsingJS(findTestObject("SuperAdmin/Login/button_Sign in"), 5): newpackage.clickUsingJS.clickUsingJS is PASSED

2022-02-11 22:26:01 - [MESSAGE][PASSED] - newpackage.clickUsingJS.clickUsingJS is PASSED

2022-02-11 22:26:01 - [MESSAGE][PASSED] - Call Test Case 'Test Cases/LoginWithSuperAdmin/SuperAdmin-Login' successfully

2022-02-11 22:26:01 - [TEST_STEP][PASSED] - switchToDefaultContent(): null

2022-02-11 22:26:01 - [TEST_STEP][PASSED] - click(findTestObject("SuperAdminLeftNavigation/NewActivityOverview-LeftNavigation")): Object: 'Object Repository/SuperAdminLeftNavigation/NewActivityOverview-LeftNavigation' is clicked on

2022-02-11 22:26:14 - [MESSAGE][PASSED] - Object: 'Object Repository/SuperAdminLeftNavigation/NewActivityOverview-LeftNavigation' is clicked on

2022-02-11 22:26:14 - [TEST_STEP][PASSED] - takeScreenshot(): Taking screenshot successfully

2022-02-11 22:26:20 - [MESSAGE][PASSED] - Taking screenshot successfully
[[ATTACHMENT|D:\\xampp\\htdocs\\training\\Training\\Rattan\\Final_testing\\New_ActivityOverview\\Reports\\20220211_221705\\SearchAndSorting\\20220211_221729\\1644598574685.png]]

2022-02-11 22:26:20 - [TEST_STEP][PASSED] - switchToFrame(findTestObject("Object Repository/Iframe/NewActivityOverviewIframe"), 5): null

2022-02-11 22:26:21 - [TEST_STEP][PASSED] - takeScreenshot(): Taking screenshot successfully

2022-02-11 22:26:21 - [MESSAGE][PASSED] - Taking screenshot successfully
[[ATTACHMENT|D:\\xampp\\htdocs\\training\\Training\\Rattan\\Final_testing\\New_ActivityOverview\\Reports\\20220211_221705\\SearchAndSorting\\20220211_221729\\1644598581051.png]]

2022-02-11 22:26:21 - [TEST_STEP][PASSED] - delay(20): Delayed 20 second(s)

2022-02-11 22:26:41 - [MESSAGE][PASSED] - Delayed 20 second(s)

2022-02-11 22:26:41 - [TEST_STEP][PASSED] - sizeoflisting = findWebElements(findTestObject("ListingArea/ListingContainsData"), 5).size(): null

2022-02-11 22:26:41 - [TEST_STEP][PASSED] - println(sizeoflisting): null

2022-02-11 22:26:41 - [TEST_STEP][PASSED] - logInfo(Size of Order Listing: $sizeoflisting): Size of Order Listing: 11

2022-02-11 22:26:41 - [MESSAGE][INFO] - Size of Order Listing: 11

2022-02-11 22:26:41 - [TEST_STEP][PASSED] - if (sizeoflisting > 2): Object: 'Object Repository/ListingArea/Search/ClearSearch' is clicked on

2022-02-11 22:26:41 - [TEST_STEP][PASSED] - logInfo("Orders Exist in Listing"): Orders Exist in Listing

2022-02-11 22:26:41 - [MESSAGE][INFO] - Orders Exist in Listing

2022-02-11 22:26:41 - [TEST_STEP][PASSED] - click(findTestObject("Object Repository/ListingArea/Search/InputSearch")): Object: 'Object Repository/ListingArea/Search/InputSearch' is clicked on

2022-02-11 22:26:44 - [MESSAGE][PASSED] - Object: 'Object Repository/ListingArea/Search/InputSearch' is clicked on

2022-02-11 22:26:44 - [TEST_STEP][PASSED] - setText(findTestObject("Object Repository/ListingArea/Search/InputSearch"), $searchtext1): Text 'test' is set on object 'Object Repository/ListingArea/Search/InputSearch'

2022-02-11 22:26:51 - [MESSAGE][PASSED] - Text 'test' is set on object 'Object Repository/ListingArea/Search/InputSearch'

2022-02-11 22:26:51 - [TEST_STEP][PASSED] - sendKeys(findTestObject("Object Repository/ListingArea/Search/InputSearch"), Keys.chord(ENTER)): Keys 'ENTER + ' sent to object: 'Object Repository/ListingArea/Search/InputSearch'

2022-02-11 22:26:54 - [MESSAGE][PASSED] - Keys 'ENTER + ' sent to object: 'Object Repository/ListingArea/Search/InputSearch'

2022-02-11 22:26:54 - [TEST_STEP][PASSED] - delay(20): Delayed 20 second(s)

2022-02-11 22:27:14 - [MESSAGE][PASSED] - Delayed 20 second(s)

2022-02-11 22:27:14 - [TEST_STEP][PASSED] - takeScreenshot(): Taking screenshot successfully

2022-02-11 22:27:14 - [MESSAGE][PASSED] - Taking screenshot successfully
[[ATTACHMENT|D:\\xampp\\htdocs\\training\\Training\\Rattan\\Final_testing\\New_ActivityOverview\\Reports\\20220211_221705\\SearchAndSorting\\20220211_221729\\1644598634721.png]]

2022-02-11 22:27:14 - [TEST_STEP][PASSED] - setText(findTestObject("Object Repository/ListingArea/Search/InputSearch"), $searchtext2): Text 'rattan' is set on object 'Object Repository/ListingArea/Search/InputSearch'

2022-02-11 22:27:21 - [MESSAGE][PASSED] - Text 'rattan' is set on object 'Object Repository/ListingArea/Search/InputSearch'

2022-02-11 22:27:21 - [TEST_STEP][PASSED] - sendKeys(findTestObject("Object Repository/ListingArea/Search/InputSearch"), Keys.chord(ENTER)): Keys 'ENTER + ' sent to object: 'Object Repository/ListingArea/Search/InputSearch'

2022-02-11 22:27:24 - [MESSAGE][PASSED] - Keys 'ENTER + ' sent to object: 'Object Repository/ListingArea/Search/InputSearch'

2022-02-11 22:27:24 - [TEST_STEP][PASSED] - delay(20): Delayed 20 second(s)

2022-02-11 22:27:44 - [MESSAGE][PASSED] - Delayed 20 second(s)

2022-02-11 22:27:44 - [TEST_STEP][PASSED] - takeScreenshot(): Taking screenshot successfully

2022-02-11 22:27:46 - [MESSAGE][PASSED] - Taking screenshot successfully
[[ATTACHMENT|D:\\xampp\\htdocs\\training\\Training\\Rattan\\Final_testing\\New_ActivityOverview\\Reports\\20220211_221705\\SearchAndSorting\\20220211_221729\\1644598665098.png]]

2022-02-11 22:27:46 - [TEST_STEP][PASSED] - setText(findTestObject("Object Repository/ListingArea/Search/InputSearch"), $searchtext3): Text '453354r' is set on object 'Object Repository/ListingArea/Search/InputSearch'

2022-02-11 22:27:53 - [MESSAGE][PASSED] - Text '453354r' is set on object 'Object Repository/ListingArea/Search/InputSearch'

2022-02-11 22:27:53 - [TEST_STEP][PASSED] - sendKeys(findTestObject("Object Repository/ListingArea/Search/InputSearch"), Keys.chord(ENTER)): Keys 'ENTER + ' sent to object: 'Object Repository/ListingArea/Search/InputSearch'

2022-02-11 22:27:56 - [MESSAGE][PASSED] - Keys 'ENTER + ' sent to object: 'Object Repository/ListingArea/Search/InputSearch'

2022-02-11 22:27:56 - [TEST_STEP][PASSED] - delay(20): Delayed 20 second(s)

2022-02-11 22:28:16 - [MESSAGE][PASSED] - Delayed 20 second(s)

2022-02-11 22:28:16 - [TEST_STEP][PASSED] - takeScreenshot(): Taking screenshot successfully

2022-02-11 22:28:16 - [MESSAGE][PASSED] - Taking screenshot successfully
[[ATTACHMENT|D:\\xampp\\htdocs\\training\\Training\\Rattan\\Final_testing\\New_ActivityOverview\\Reports\\20220211_221705\\SearchAndSorting\\20220211_221729\\1644598696715.png]]

2022-02-11 22:28:16 - [TEST_STEP][PASSED] - searchlistingsize = findWebElements(findTestObject("Object Repository/ListingArea/Search/SearchResultList"), 5).size(): null

2022-02-11 22:28:17 - [TEST_STEP][PASSED] - logInfo(Size of Search Listing: $searchlistingsize): Size of Search Listing: 3

2022-02-11 22:28:17 - [MESSAGE][INFO] - Size of Search Listing: 3

2022-02-11 22:28:17 - [TEST_STEP][PASSED] - for ([m = 1, m <= searchlistingsize, (m++)]): Taking screenshot successfully

2022-02-11 22:28:17 - [TEST_STEP][PASSED] - click(findTestObject("Object Repository/ListingArea/Search/SearchCancelButton", ["position":"1"])): Object: 'Object Repository/ListingArea/Search/SearchCancelButton' is clicked on

2022-02-11 22:28:20 - [MESSAGE][PASSED] - Object: 'Object Repository/ListingArea/Search/SearchCancelButton' is clicked on

2022-02-11 22:28:20 - [TEST_STEP][PASSED] - delay(20): Delayed 20 second(s)

2022-02-11 22:28:40 - [MESSAGE][PASSED] - Delayed 20 second(s)

2022-02-11 22:28:40 - [TEST_STEP][PASSED] - takeScreenshot(): Taking screenshot successfully

2022-02-11 22:28:40 - [MESSAGE][PASSED] - Taking screenshot successfully
[[ATTACHMENT|D:\\xampp\\htdocs\\training\\Training\\Rattan\\Final_testing\\New_ActivityOverview\\Reports\\20220211_221705\\SearchAndSorting\\20220211_221729\\1644598720421.png]]

2022-02-11 22:28:40 - [TEST_STEP][PASSED] - click(findTestObject("Object Repository/ListingArea/Search/SearchCancelButton", ["position":"1"])): Object: 'Object Repository/ListingArea/Search/SearchCancelButton' is clicked on

2022-02-11 22:28:43 - [MESSAGE][PASSED] - Object: 'Object Repository/ListingArea/Search/SearchCancelButton' is clicked on

2022-02-11 22:28:43 - [TEST_STEP][PASSED] - delay(20): Delayed 20 second(s)

2022-02-11 22:29:03 - [MESSAGE][PASSED] - Delayed 20 second(s)

2022-02-11 22:29:03 - [TEST_STEP][PASSED] - takeScreenshot(): Taking screenshot successfully

2022-02-11 22:29:04 - [MESSAGE][PASSED] - Taking screenshot successfully
[[ATTACHMENT|D:\\xampp\\htdocs\\training\\Training\\Rattan\\Final_testing\\New_ActivityOverview\\Reports\\20220211_221705\\SearchAndSorting\\20220211_221729\\1644598743893.png]]

2022-02-11 22:29:04 - [TEST_STEP][PASSED] - click(findTestObject("Object Repository/ListingArea/Search/SearchCancelButton", ["position":"1"])): Object: 'Object Repository/ListingArea/Search/SearchCancelButton' is clicked on

2022-02-11 22:29:07 - [MESSAGE][PASSED] - Object: 'Object Repository/ListingArea/Search/SearchCancelButton' is clicked on

2022-02-11 22:29:07 - [TEST_STEP][PASSED] - delay(20): Delayed 20 second(s)

2022-02-11 22:29:27 - [MESSAGE][PASSED] - Delayed 20 second(s)

2022-02-11 22:29:27 - [TEST_STEP][PASSED] - takeScreenshot(): Taking screenshot successfully

2022-02-11 22:29:27 - [MESSAGE][PASSED] - Taking screenshot successfully
[[ATTACHMENT|D:\\xampp\\htdocs\\training\\Training\\Rattan\\Final_testing\\New_ActivityOverview\\Reports\\20220211_221705\\SearchAndSorting\\20220211_221729\\1644598767372.png]]

2022-02-11 22:29:27 - [TEST_STEP][PASSED] - click(findTestObject("Object Repository/ListingArea/Search/InputSearch")): Object: 'Object Repository/ListingArea/Search/InputSearch' is clicked on

2022-02-11 22:29:30 - [MESSAGE][PASSED] - Object: 'Object Repository/ListingArea/Search/InputSearch' is clicked on

2022-02-11 22:29:30 - [TEST_STEP][PASSED] - setText(findTestObject("Object Repository/ListingArea/Search/InputSearch"), $searchtext1): Text 'test' is set on object 'Object Repository/ListingArea/Search/InputSearch'

2022-02-11 22:29:37 - [MESSAGE][PASSED] - Text 'test' is set on object 'Object Repository/ListingArea/Search/InputSearch'

2022-02-11 22:29:37 - [TEST_STEP][PASSED] - sendKeys(findTestObject("Object Repository/ListingArea/Search/InputSearch"), Keys.chord(ENTER)): Keys 'ENTER + ' sent to object: 'Object Repository/ListingArea/Search/InputSearch'

2022-02-11 22:29:40 - [MESSAGE][PASSED] - Keys 'ENTER + ' sent to object: 'Object Repository/ListingArea/Search/InputSearch'

2022-02-11 22:29:40 - [TEST_STEP][PASSED] - delay(20): Delayed 20 second(s)

2022-02-11 22:30:00 - [MESSAGE][PASSED] - Delayed 20 second(s)

2022-02-11 22:30:00 - [TEST_STEP][PASSED] - takeScreenshot(): Taking screenshot successfully

2022-02-11 22:30:00 - [MESSAGE][PASSED] - Taking screenshot successfully
[[ATTACHMENT|D:\\xampp\\htdocs\\training\\Training\\Rattan\\Final_testing\\New_ActivityOverview\\Reports\\20220211_221705\\SearchAndSorting\\20220211_221729\\1644598800255.png]]

2022-02-11 22:30:00 - [TEST_STEP][PASSED] - setText(findTestObject("Object Repository/ListingArea/Search/InputSearch"), $searchtext2): Text 'rattan' is set on object 'Object Repository/ListingArea/Search/InputSearch'

2022-02-11 22:30:06 - [MESSAGE][PASSED] - Text 'rattan' is set on object 'Object Repository/ListingArea/Search/InputSearch'

2022-02-11 22:30:06 - [TEST_STEP][PASSED] - sendKeys(findTestObject("Object Repository/ListingArea/Search/InputSearch"), Keys.chord(ENTER)): Keys 'ENTER + ' sent to object: 'Object Repository/ListingArea/Search/InputSearch'

2022-02-11 22:30:09 - [MESSAGE][PASSED] - Keys 'ENTER + ' sent to object: 'Object Repository/ListingArea/Search/InputSearch'

2022-02-11 22:30:09 - [TEST_STEP][PASSED] - delay(20): Delayed 20 second(s)

2022-02-11 22:30:29 - [MESSAGE][PASSED] - Delayed 20 second(s)

2022-02-11 22:30:29 - [TEST_STEP][PASSED] - takeScreenshot(): Taking screenshot successfully

2022-02-11 22:30:30 - [MESSAGE][PASSED] - Taking screenshot successfully
[[ATTACHMENT|D:\\xampp\\htdocs\\training\\Training\\Rattan\\Final_testing\\New_ActivityOverview\\Reports\\20220211_221705\\SearchAndSorting\\20220211_221729\\1644598829912.png]]

2022-02-11 22:30:30 - [TEST_STEP][PASSED] - setText(findTestObject("Object Repository/ListingArea/Search/InputSearch"), $searchtext3): Text '453354r' is set on object 'Object Repository/ListingArea/Search/InputSearch'

2022-02-11 22:30:36 - [MESSAGE][PASSED] - Text '453354r' is set on object 'Object Repository/ListingArea/Search/InputSearch'

2022-02-11 22:30:36 - [TEST_STEP][PASSED] - sendKeys(findTestObject("Object Repository/ListingArea/Search/InputSearch"), Keys.chord(ENTER)): Keys 'ENTER + ' sent to object: 'Object Repository/ListingArea/Search/InputSearch'

2022-02-11 22:30:39 - [MESSAGE][PASSED] - Keys 'ENTER + ' sent to object: 'Object Repository/ListingArea/Search/InputSearch'

2022-02-11 22:30:39 - [TEST_STEP][PASSED] - delay(20): Delayed 20 second(s)

2022-02-11 22:30:59 - [MESSAGE][PASSED] - Delayed 20 second(s)

2022-02-11 22:30:59 - [TEST_STEP][PASSED] - takeScreenshot(): Taking screenshot successfully

2022-02-11 22:30:59 - [MESSAGE][PASSED] - Taking screenshot successfully
[[ATTACHMENT|D:\\xampp\\htdocs\\training\\Training\\Rattan\\Final_testing\\New_ActivityOverview\\Reports\\20220211_221705\\SearchAndSorting\\20220211_221729\\1644598859736.png]]

2022-02-11 22:30:59 - [TEST_STEP][PASSED] - click(findTestObject("Object Repository/ListingArea/Search/ClearSearch")): Object: 'Object Repository/ListingArea/Search/ClearSearch' is clicked on

2022-02-11 22:31:03 - [MESSAGE][PASSED] - Object: 'Object Repository/ListingArea/Search/ClearSearch' is clicked on

2022-02-11 22:31:03 - [TEST_STEP][PASSED] - delay(20): Delayed 20 second(s)

2022-02-11 22:31:23 - [MESSAGE][PASSED] - Delayed 20 second(s)

2022-02-11 22:31:23 - [TEST_STEP][PASSED] - takeScreenshot(): Taking screenshot successfully

2022-02-11 22:31:23 - [MESSAGE][PASSED] - Taking screenshot successfully
[[ATTACHMENT|D:\\xampp\\htdocs\\training\\Training\\Rattan\\Final_testing\\New_ActivityOverview\\Reports\\20220211_221705\\SearchAndSorting\\20220211_221729\\1644598883251.png]]

2022-02-11 22:31:23 - [TEST_STEP][PASSED] - click(findTestObject("Object Repository/Sorting/SortingSelect")): Object: 'Object Repository/Sorting/SortingSelect' is clicked on

2022-02-11 22:31:26 - [MESSAGE][PASSED] - Object: 'Object Repository/Sorting/SortingSelect' is clicked on

2022-02-11 22:31:26 - [TEST_STEP][PASSED] - delay(5): Delayed 5 second(s)

2022-02-11 22:31:31 - [MESSAGE][PASSED] - Delayed 5 second(s)

2022-02-11 22:31:31 - [TEST_STEP][PASSED] - takeScreenshot(): Taking screenshot successfully

2022-02-11 22:31:31 - [MESSAGE][PASSED] - Taking screenshot successfully
[[ATTACHMENT|D:\\xampp\\htdocs\\training\\Training\\Rattan\\Final_testing\\New_ActivityOverview\\Reports\\20220211_221705\\SearchAndSorting\\20220211_221729\\1644598891708.png]]

2022-02-11 22:31:31 - [TEST_STEP][PASSED] - click(findTestObject("Object Repository/Sorting/SortingSelectOption", ["position1":"1"])): Object: 'Object Repository/Sorting/SortingSelectOption' is clicked on

2022-02-11 22:31:35 - [MESSAGE][PASSED] - Object: 'Object Repository/Sorting/SortingSelectOption' is clicked on

2022-02-11 22:31:35 - [TEST_STEP][PASSED] - delay(20): Delayed 20 second(s)

2022-02-11 22:31:55 - [MESSAGE][PASSED] - Delayed 20 second(s)

2022-02-11 22:31:55 - [TEST_STEP][PASSED] - takeScreenshot(): Taking screenshot successfully

2022-02-11 22:31:55 - [MESSAGE][PASSED] - Taking screenshot successfully
[[ATTACHMENT|D:\\xampp\\htdocs\\training\\Training\\Rattan\\Final_testing\\New_ActivityOverview\\Reports\\20220211_221705\\SearchAndSorting\\20220211_221729\\1644598915107.png]]

2022-02-11 22:31:55 - [TEST_STEP][PASSED] - click(findTestObject("Object Repository/Sorting/SortingSelect")): Object: 'Object Repository/Sorting/SortingSelect' is clicked on

2022-02-11 22:31:58 - [MESSAGE][PASSED] - Object: 'Object Repository/Sorting/SortingSelect' is clicked on

2022-02-11 22:31:58 - [TEST_STEP][PASSED] - delay(5): Delayed 5 second(s)

2022-02-11 22:32:03 - [MESSAGE][PASSED] - Delayed 5 second(s)

2022-02-11 22:32:03 - [TEST_STEP][PASSED] - takeScreenshot(): Taking screenshot successfully

2022-02-11 22:32:03 - [MESSAGE][PASSED] - Taking screenshot successfully
[[ATTACHMENT|D:\\xampp\\htdocs\\training\\Training\\Rattan\\Final_testing\\New_ActivityOverview\\Reports\\20220211_221705\\SearchAndSorting\\20220211_221729\\1644598923510.png]]

2022-02-11 22:32:03 - [TEST_STEP][PASSED] - click(findTestObject("Object Repository/Sorting/SortingSelectOption", ["position1":"2"])): Object: 'Object Repository/Sorting/SortingSelectOption' is clicked on

2022-02-11 22:32:07 - [MESSAGE][PASSED] - Object: 'Object Repository/Sorting/SortingSelectOption' is clicked on

2022-02-11 22:32:07 - [TEST_STEP][PASSED] - delay(20): Delayed 20 second(s)

2022-02-11 22:32:27 - [MESSAGE][PASSED] - Delayed 20 second(s)

2022-02-11 22:32:27 - [TEST_STEP][PASSED] - takeScreenshot(): Taking screenshot successfully

2022-02-11 22:32:27 - [MESSAGE][PASSED] - Taking screenshot successfully
[[ATTACHMENT|D:\\xampp\\htdocs\\training\\Training\\Rattan\\Final_testing\\New_ActivityOverview\\Reports\\20220211_221705\\SearchAndSorting\\20220211_221729\\1644598947306.png]]

2022-02-11 22:32:27 - [TEST_STEP][PASSED] - click(findTestObject("Object Repository/Sorting/SortingSelect")): Object: 'Object Repository/Sorting/SortingSelect' is clicked on

2022-02-11 22:32:30 - [MESSAGE][PASSED] - Object: 'Object Repository/Sorting/SortingSelect' is clicked on

2022-02-11 22:32:30 - [TEST_STEP][PASSED] - delay(5): Delayed 5 second(s)

2022-02-11 22:32:35 - [MESSAGE][PASSED] - Delayed 5 second(s)

2022-02-11 22:32:35 - [TEST_STEP][PASSED] - takeScreenshot(): Taking screenshot successfully

2022-02-11 22:32:35 - [MESSAGE][PASSED] - Taking screenshot successfully
[[ATTACHMENT|D:\\xampp\\htdocs\\training\\Training\\Rattan\\Final_testing\\New_ActivityOverview\\Reports\\20220211_221705\\SearchAndSorting\\20220211_221729\\1644598955788.png]]

2022-02-11 22:32:35 - [TEST_STEP][PASSED] - click(findTestObject("Object Repository/Sorting/SortingSelectOption", ["position1":"3"])): Object: 'Object Repository/Sorting/SortingSelectOption' is clicked on

2022-02-11 22:32:39 - [MESSAGE][PASSED] - Object: 'Object Repository/Sorting/SortingSelectOption' is clicked on

2022-02-11 22:32:39 - [TEST_STEP][PASSED] - delay(20): Delayed 20 second(s)

2022-02-11 22:32:59 - [MESSAGE][PASSED] - Delayed 20 second(s)

2022-02-11 22:32:59 - [TEST_STEP][PASSED] - takeScreenshot(): Taking screenshot successfully

2022-02-11 22:32:59 - [MESSAGE][PASSED] - Taking screenshot successfully
[[ATTACHMENT|D:\\xampp\\htdocs\\training\\Training\\Rattan\\Final_testing\\New_ActivityOverview\\Reports\\20220211_221705\\SearchAndSorting\\20220211_221729\\1644598979297.png]]

2022-02-11 22:32:59 - [TEST_STEP][PASSED] - click(findTestObject("Object Repository/ListingArea/Search/InputSearch")): Object: 'Object Repository/ListingArea/Search/InputSearch' is clicked on

2022-02-11 22:33:02 - [MESSAGE][PASSED] - Object: 'Object Repository/ListingArea/Search/InputSearch' is clicked on

2022-02-11 22:33:02 - [TEST_STEP][PASSED] - setText(findTestObject("Object Repository/ListingArea/Search/InputSearch"), $searchtext1): Text 'test' is set on object 'Object Repository/ListingArea/Search/InputSearch'

2022-02-11 22:33:09 - [MESSAGE][PASSED] - Text 'test' is set on object 'Object Repository/ListingArea/Search/InputSearch'

2022-02-11 22:33:09 - [TEST_STEP][PASSED] - sendKeys(findTestObject("Object Repository/ListingArea/Search/InputSearch"), Keys.chord(ENTER)): Keys 'ENTER + ' sent to object: 'Object Repository/ListingArea/Search/InputSearch'

2022-02-11 22:33:12 - [MESSAGE][PASSED] - Keys 'ENTER + ' sent to object: 'Object Repository/ListingArea/Search/InputSearch'

2022-02-11 22:33:12 - [TEST_STEP][PASSED] - delay(20): Delayed 20 second(s)

2022-02-11 22:33:32 - [MESSAGE][PASSED] - Delayed 20 second(s)

2022-02-11 22:33:32 - [TEST_STEP][PASSED] - delay(20): Delayed 20 second(s)

2022-02-11 22:33:52 - [MESSAGE][PASSED] - Delayed 20 second(s)

2022-02-11 22:33:52 - [TEST_STEP][PASSED] - takeScreenshot(): Taking screenshot successfully

2022-02-11 22:33:53 - [MESSAGE][PASSED] - Taking screenshot successfully
[[ATTACHMENT|D:\\xampp\\htdocs\\training\\Training\\Rattan\\Final_testing\\New_ActivityOverview\\Reports\\20220211_221705\\SearchAndSorting\\20220211_221729\\1644599033045.png]]

2022-02-11 22:33:53 - [TEST_STEP][PASSED] - click(findTestObject("Object Repository/Sorting/SortingSelect")): Object: 'Object Repository/Sorting/SortingSelect' is clicked on

2022-02-11 22:33:56 - [MESSAGE][PASSED] - Object: 'Object Repository/Sorting/SortingSelect' is clicked on

2022-02-11 22:33:56 - [TEST_STEP][PASSED] - delay(5): Delayed 5 second(s)

2022-02-11 22:34:01 - [MESSAGE][PASSED] - Delayed 5 second(s)

2022-02-11 22:34:01 - [TEST_STEP][PASSED] - takeScreenshot(): Taking screenshot successfully

2022-02-11 22:34:02 - [MESSAGE][PASSED] - Taking screenshot successfully
[[ATTACHMENT|D:\\xampp\\htdocs\\training\\Training\\Rattan\\Final_testing\\New_ActivityOverview\\Reports\\20220211_221705\\SearchAndSorting\\20220211_221729\\1644599041812.png]]

2022-02-11 22:34:02 - [TEST_STEP][PASSED] - click(findTestObject("Object Repository/Sorting/SortingSelectOption", ["position1":"1"])): Object: 'Object Repository/Sorting/SortingSelectOption' is clicked on

2022-02-11 22:34:05 - [MESSAGE][PASSED] - Object: 'Object Repository/Sorting/SortingSelectOption' is clicked on

2022-02-11 22:34:05 - [TEST_STEP][PASSED] - delay(20): Delayed 20 second(s)

2022-02-11 22:34:25 - [MESSAGE][PASSED] - Delayed 20 second(s)

2022-02-11 22:34:25 - [TEST_STEP][PASSED] - takeScreenshot(): Taking screenshot successfully

2022-02-11 22:34:25 - [MESSAGE][PASSED] - Taking screenshot successfully
[[ATTACHMENT|D:\\xampp\\htdocs\\training\\Training\\Rattan\\Final_testing\\New_ActivityOverview\\Reports\\20220211_221705\\SearchAndSorting\\20220211_221729\\1644599065664.png]]

2022-02-11 22:34:25 - [TEST_STEP][PASSED] - click(findTestObject("Object Repository/Sorting/SortingSelect")): Object: 'Object Repository/Sorting/SortingSelect' is clicked on

2022-02-11 22:34:29 - [MESSAGE][PASSED] - Object: 'Object Repository/Sorting/SortingSelect' is clicked on

2022-02-11 22:34:29 - [TEST_STEP][PASSED] - delay(5): Delayed 5 second(s)

2022-02-11 22:34:34 - [MESSAGE][PASSED] - Delayed 5 second(s)

2022-02-11 22:34:34 - [TEST_STEP][PASSED] - takeScreenshot(): Taking screenshot successfully

2022-02-11 22:34:34 - [MESSAGE][PASSED] - Taking screenshot successfully
[[ATTACHMENT|D:\\xampp\\htdocs\\training\\Training\\Rattan\\Final_testing\\New_ActivityOverview\\Reports\\20220211_221705\\SearchAndSorting\\20220211_221729\\1644599074310.png]]

2022-02-11 22:34:34 - [TEST_STEP][PASSED] - click(findTestObject("Object Repository/Sorting/SortingSelectOption", ["position1":"2"])): Object: 'Object Repository/Sorting/SortingSelectOption' is clicked on

2022-02-11 22:34:38 - [MESSAGE][PASSED] - Object: 'Object Repository/Sorting/SortingSelectOption' is clicked on

2022-02-11 22:34:38 - [TEST_STEP][PASSED] - delay(20): Delayed 20 second(s)

2022-02-11 22:34:58 - [MESSAGE][PASSED] - Delayed 20 second(s)

2022-02-11 22:34:58 - [TEST_STEP][PASSED] - takeScreenshot(): Taking screenshot successfully

2022-02-11 22:34:59 - [MESSAGE][PASSED] - Taking screenshot successfully
[[ATTACHMENT|D:\\xampp\\htdocs\\training\\Training\\Rattan\\Final_testing\\New_ActivityOverview\\Reports\\20220211_221705\\SearchAndSorting\\20220211_221729\\1644599099029.png]]

2022-02-11 22:34:59 - [TEST_STEP][PASSED] - click(findTestObject("Object Repository/Sorting/SortingSelect")): Object: 'Object Repository/Sorting/SortingSelect' is clicked on

2022-02-11 22:35:03 - [MESSAGE][PASSED] - Object: 'Object Repository/Sorting/SortingSelect' is clicked on

2022-02-11 22:35:03 - [TEST_STEP][PASSED] - delay(5): Delayed 5 second(s)

2022-02-11 22:35:08 - [MESSAGE][PASSED] - Delayed 5 second(s)

2022-02-11 22:35:08 - [TEST_STEP][PASSED] - takeScreenshot(): Taking screenshot successfully

2022-02-11 22:35:09 - [MESSAGE][PASSED] - Taking screenshot successfully
[[ATTACHMENT|D:\\xampp\\htdocs\\training\\Training\\Rattan\\Final_testing\\New_ActivityOverview\\Reports\\20220211_221705\\SearchAndSorting\\20220211_221729\\1644599108446.png]]

2022-02-11 22:35:09 - [TEST_STEP][PASSED] - click(findTestObject("Object Repository/Sorting/SortingSelectOption", ["position1":"3"])): Object: 'Object Repository/Sorting/SortingSelectOption' is clicked on

2022-02-11 22:35:12 - [MESSAGE][PASSED] - Object: 'Object Repository/Sorting/SortingSelectOption' is clicked on

2022-02-11 22:35:12 - [TEST_STEP][PASSED] - delay(20): Delayed 20 second(s)

2022-02-11 22:35:32 - [MESSAGE][PASSED] - Delayed 20 second(s)

2022-02-11 22:35:32 - [TEST_STEP][PASSED] - takeScreenshot(): Taking screenshot successfully

2022-02-11 22:35:33 - [MESSAGE][PASSED] - Taking screenshot successfully
[[ATTACHMENT|D:\\xampp\\htdocs\\training\\Training\\Rattan\\Final_testing\\New_ActivityOverview\\Reports\\20220211_221705\\SearchAndSorting\\20220211_221729\\1644599133071.png]]

2022-02-11 22:35:33 - [TEST_STEP][PASSED] - click(findTestObject("Object Repository/ListingArea/Search/InputSearch")): Object: 'Object Repository/ListingArea/Search/InputSearch' is clicked on

2022-02-11 22:35:36 - [MESSAGE][PASSED] - Object: 'Object Repository/ListingArea/Search/InputSearch' is clicked on

2022-02-11 22:35:36 - [TEST_STEP][PASSED] - setText(findTestObject("Object Repository/ListingArea/Search/InputSearch"), $searchtext2): Text 'rattan' is set on object 'Object Repository/ListingArea/Search/InputSearch'

2022-02-11 22:35:43 - [MESSAGE][PASSED] - Text 'rattan' is set on object 'Object Repository/ListingArea/Search/InputSearch'

2022-02-11 22:35:43 - [TEST_STEP][PASSED] - sendKeys(findTestObject("Object Repository/ListingArea/Search/InputSearch"), Keys.chord(ENTER)): Keys 'ENTER + ' sent to object: 'Object Repository/ListingArea/Search/InputSearch'

2022-02-11 22:35:46 - [MESSAGE][PASSED] - Keys 'ENTER + ' sent to object: 'Object Repository/ListingArea/Search/InputSearch'

2022-02-11 22:35:46 - [TEST_STEP][PASSED] - delay(20): Delayed 20 second(s)

2022-02-11 22:36:06 - [MESSAGE][PASSED] - Delayed 20 second(s)

2022-02-11 22:36:06 - [TEST_STEP][PASSED] - delay(20): Delayed 20 second(s)

2022-02-11 22:36:26 - [MESSAGE][PASSED] - Delayed 20 second(s)

2022-02-11 22:36:26 - [TEST_STEP][PASSED] - takeScreenshot(): Taking screenshot successfully

2022-02-11 22:36:26 - [MESSAGE][PASSED] - Taking screenshot successfully
[[ATTACHMENT|D:\\xampp\\htdocs\\training\\Training\\Rattan\\Final_testing\\New_ActivityOverview\\Reports\\20220211_221705\\SearchAndSorting\\20220211_221729\\1644599186231.png]]

2022-02-11 22:36:26 - [TEST_STEP][PASSED] - click(findTestObject("Object Repository/Sorting/SortingSelect")): Object: 'Object Repository/Sorting/SortingSelect' is clicked on

2022-02-11 22:36:29 - [MESSAGE][PASSED] - Object: 'Object Repository/Sorting/SortingSelect' is clicked on

2022-02-11 22:36:29 - [TEST_STEP][PASSED] - delay(5): Delayed 5 second(s)

2022-02-11 22:36:34 - [MESSAGE][PASSED] - Delayed 5 second(s)

2022-02-11 22:36:34 - [TEST_STEP][PASSED] - takeScreenshot(): Taking screenshot successfully

2022-02-11 22:36:34 - [MESSAGE][PASSED] - Taking screenshot successfully
[[ATTACHMENT|D:\\xampp\\htdocs\\training\\Training\\Rattan\\Final_testing\\New_ActivityOverview\\Reports\\20220211_221705\\SearchAndSorting\\20220211_221729\\1644599194775.png]]

2022-02-11 22:36:34 - [TEST_STEP][PASSED] - click(findTestObject("Object Repository/Sorting/SortingSelectOption", ["position1":"1"])): Object: 'Object Repository/Sorting/SortingSelectOption' is clicked on

2022-02-11 22:36:38 - [MESSAGE][PASSED] - Object: 'Object Repository/Sorting/SortingSelectOption' is clicked on

2022-02-11 22:36:38 - [TEST_STEP][PASSED] - delay(20): Delayed 20 second(s)

2022-02-11 22:36:58 - [MESSAGE][PASSED] - Delayed 20 second(s)

2022-02-11 22:36:58 - [TEST_STEP][PASSED] - takeScreenshot(): Taking screenshot successfully

2022-02-11 22:36:58 - [MESSAGE][PASSED] - Taking screenshot successfully
[[ATTACHMENT|D:\\xampp\\htdocs\\training\\Training\\Rattan\\Final_testing\\New_ActivityOverview\\Reports\\20220211_221705\\SearchAndSorting\\20220211_221729\\1644599218207.png]]

2022-02-11 22:36:58 - [TEST_STEP][PASSED] - click(findTestObject("Object Repository/Sorting/SortingSelect")): Object: 'Object Repository/Sorting/SortingSelect' is clicked on

2022-02-11 22:37:01 - [MESSAGE][PASSED] - Object: 'Object Repository/Sorting/SortingSelect' is clicked on

2022-02-11 22:37:01 - [TEST_STEP][PASSED] - delay(5): Delayed 5 second(s)

2022-02-11 22:37:06 - [MESSAGE][PASSED] - Delayed 5 second(s)

2022-02-11 22:37:06 - [TEST_STEP][PASSED] - takeScreenshot(): Taking screenshot successfully

2022-02-11 22:37:06 - [MESSAGE][PASSED] - Taking screenshot successfully
[[ATTACHMENT|D:\\xampp\\htdocs\\training\\Training\\Rattan\\Final_testing\\New_ActivityOverview\\Reports\\20220211_221705\\SearchAndSorting\\20220211_221729\\1644599226651.png]]

2022-02-11 22:37:06 - [TEST_STEP][PASSED] - click(findTestObject("Object Repository/Sorting/SortingSelectOption", ["position1":"2"])): Object: 'Object Repository/Sorting/SortingSelectOption' is clicked on

2022-02-11 22:37:10 - [MESSAGE][PASSED] - Object: 'Object Repository/Sorting/SortingSelectOption' is clicked on

2022-02-11 22:37:10 - [TEST_STEP][PASSED] - delay(20): Delayed 20 second(s)

2022-02-11 22:37:30 - [MESSAGE][PASSED] - Delayed 20 second(s)

2022-02-11 22:37:30 - [TEST_STEP][PASSED] - takeScreenshot(): Taking screenshot successfully

2022-02-11 22:37:30 - [MESSAGE][PASSED] - Taking screenshot successfully
[[ATTACHMENT|D:\\xampp\\htdocs\\training\\Training\\Rattan\\Final_testing\\New_ActivityOverview\\Reports\\20220211_221705\\SearchAndSorting\\20220211_221729\\1644599250151.png]]

2022-02-11 22:37:30 - [TEST_STEP][PASSED] - click(findTestObject("Object Repository/Sorting/SortingSelect")): Object: 'Object Repository/Sorting/SortingSelect' is clicked on

2022-02-11 22:37:33 - [MESSAGE][PASSED] - Object: 'Object Repository/Sorting/SortingSelect' is clicked on

2022-02-11 22:37:33 - [TEST_STEP][PASSED] - delay(5): Delayed 5 second(s)

2022-02-11 22:37:38 - [MESSAGE][PASSED] - Delayed 5 second(s)

2022-02-11 22:37:38 - [TEST_STEP][PASSED] - takeScreenshot(): Taking screenshot successfully

2022-02-11 22:37:38 - [MESSAGE][PASSED] - Taking screenshot successfully
[[ATTACHMENT|D:\\xampp\\htdocs\\training\\Training\\Rattan\\Final_testing\\New_ActivityOverview\\Reports\\20220211_221705\\SearchAndSorting\\20220211_221729\\1644599258609.png]]

2022-02-11 22:37:38 - [TEST_STEP][PASSED] - click(findTestObject("Object Repository/Sorting/SortingSelectOption", ["position1":"3"])): Object: 'Object Repository/Sorting/SortingSelectOption' is clicked on

2022-02-11 22:37:41 - [MESSAGE][PASSED] - Object: 'Object Repository/Sorting/SortingSelectOption' is clicked on

2022-02-11 22:37:42 - [TEST_STEP][PASSED] - delay(20): Delayed 20 second(s)

2022-02-11 22:38:02 - [MESSAGE][PASSED] - Delayed 20 second(s)

2022-02-11 22:38:02 - [TEST_STEP][PASSED] - takeScreenshot(): Taking screenshot successfully

2022-02-11 22:38:02 - [MESSAGE][PASSED] - Taking screenshot successfully
[[ATTACHMENT|D:\\xampp\\htdocs\\training\\Training\\Rattan\\Final_testing\\New_ActivityOverview\\Reports\\20220211_221705\\SearchAndSorting\\20220211_221729\\1644599282030.png]]

2022-02-11 22:38:02 - [TEST_STEP][PASSED] - click(findTestObject("Object Repository/ListingArea/Search/InputSearch")): Object: 'Object Repository/ListingArea/Search/InputSearch' is clicked on

2022-02-11 22:38:05 - [MESSAGE][PASSED] - Object: 'Object Repository/ListingArea/Search/InputSearch' is clicked on

2022-02-11 22:38:05 - [TEST_STEP][PASSED] - setText(findTestObject("Object Repository/ListingArea/Search/InputSearch"), $searchtext3): Text '453354r' is set on object 'Object Repository/ListingArea/Search/InputSearch'

2022-02-11 22:38:11 - [MESSAGE][PASSED] - Text '453354r' is set on object 'Object Repository/ListingArea/Search/InputSearch'

2022-02-11 22:38:11 - [TEST_STEP][PASSED] - sendKeys(findTestObject("Object Repository/ListingArea/Search/InputSearch"), Keys.chord(ENTER)): Keys 'ENTER + ' sent to object: 'Object Repository/ListingArea/Search/InputSearch'

2022-02-11 22:38:14 - [MESSAGE][PASSED] - Keys 'ENTER + ' sent to object: 'Object Repository/ListingArea/Search/InputSearch'

2022-02-11 22:38:14 - [TEST_STEP][PASSED] - delay(20): Delayed 20 second(s)

2022-02-11 22:38:34 - [MESSAGE][PASSED] - Delayed 20 second(s)

2022-02-11 22:38:34 - [TEST_STEP][PASSED] - delay(20): Delayed 20 second(s)

2022-02-11 22:38:54 - [MESSAGE][PASSED] - Delayed 20 second(s)

2022-02-11 22:38:54 - [TEST_STEP][PASSED] - takeScreenshot(): Taking screenshot successfully

2022-02-11 22:38:54 - [MESSAGE][PASSED] - Taking screenshot successfully
[[ATTACHMENT|D:\\xampp\\htdocs\\training\\Training\\Rattan\\Final_testing\\New_ActivityOverview\\Reports\\20220211_221705\\SearchAndSorting\\20220211_221729\\1644599334780.png]]

2022-02-11 22:38:54 - [TEST_STEP][PASSED] - click(findTestObject("Object Repository/Sorting/SortingSelect")): Object: 'Object Repository/Sorting/SortingSelect' is clicked on

2022-02-11 22:38:58 - [MESSAGE][PASSED] - Object: 'Object Repository/Sorting/SortingSelect' is clicked on

2022-02-11 22:38:58 - [TEST_STEP][PASSED] - delay(5): Delayed 5 second(s)

2022-02-11 22:39:03 - [MESSAGE][PASSED] - Delayed 5 second(s)

2022-02-11 22:39:03 - [TEST_STEP][PASSED] - takeScreenshot(): Taking screenshot successfully

2022-02-11 22:39:03 - [MESSAGE][PASSED] - Taking screenshot successfully
[[ATTACHMENT|D:\\xampp\\htdocs\\training\\Training\\Rattan\\Final_testing\\New_ActivityOverview\\Reports\\20220211_221705\\SearchAndSorting\\20220211_221729\\1644599343165.png]]

2022-02-11 22:39:03 - [TEST_STEP][PASSED] - click(findTestObject("Object Repository/Sorting/SortingSelectOption", ["position1":"1"])): Object: 'Object Repository/Sorting/SortingSelectOption' is clicked on

2022-02-11 22:39:06 - [MESSAGE][PASSED] - Object: 'Object Repository/Sorting/SortingSelectOption' is clicked on

2022-02-11 22:39:06 - [TEST_STEP][PASSED] - delay(20): Delayed 20 second(s)

2022-02-11 22:39:26 - [MESSAGE][PASSED] - Delayed 20 second(s)

2022-02-11 22:39:26 - [TEST_STEP][PASSED] - takeScreenshot(): Taking screenshot successfully

2022-02-11 22:39:26 - [MESSAGE][PASSED] - Taking screenshot successfully
[[ATTACHMENT|D:\\xampp\\htdocs\\training\\Training\\Rattan\\Final_testing\\New_ActivityOverview\\Reports\\20220211_221705\\SearchAndSorting\\20220211_221729\\1644599366560.png]]

2022-02-11 22:39:26 - [TEST_STEP][PASSED] - click(findTestObject("Object Repository/Sorting/SortingSelect")): Object: 'Object Repository/Sorting/SortingSelect' is clicked on

2022-02-11 22:39:29 - [MESSAGE][PASSED] - Object: 'Object Repository/Sorting/SortingSelect' is clicked on

2022-02-11 22:39:29 - [TEST_STEP][PASSED] - delay(5): Delayed 5 second(s)

2022-02-11 22:39:34 - [MESSAGE][PASSED] - Delayed 5 second(s)

2022-02-11 22:39:34 - [TEST_STEP][PASSED] - takeScreenshot(): Taking screenshot successfully

2022-02-11 22:39:35 - [MESSAGE][PASSED] - Taking screenshot successfully
[[ATTACHMENT|D:\\xampp\\htdocs\\training\\Training\\Rattan\\Final_testing\\New_ActivityOverview\\Reports\\20220211_221705\\SearchAndSorting\\20220211_221729\\1644599374982.png]]

2022-02-11 22:39:35 - [TEST_STEP][PASSED] - click(findTestObject("Object Repository/Sorting/SortingSelectOption", ["position1":"2"])): Object: 'Object Repository/Sorting/SortingSelectOption' is clicked on

2022-02-11 22:39:38 - [MESSAGE][PASSED] - Object: 'Object Repository/Sorting/SortingSelectOption' is clicked on

2022-02-11 22:39:38 - [TEST_STEP][PASSED] - delay(20): Delayed 20 second(s)

2022-02-11 22:39:58 - [MESSAGE][PASSED] - Delayed 20 second(s)

2022-02-11 22:39:58 - [TEST_STEP][PASSED] - takeScreenshot(): Taking screenshot successfully

2022-02-11 22:39:58 - [MESSAGE][PASSED] - Taking screenshot successfully
[[ATTACHMENT|D:\\xampp\\htdocs\\training\\Training\\Rattan\\Final_testing\\New_ActivityOverview\\Reports\\20220211_221705\\SearchAndSorting\\20220211_221729\\1644599398488.png]]

2022-02-11 22:39:58 - [TEST_STEP][PASSED] - click(findTestObject("Object Repository/Sorting/SortingSelect")): Object: 'Object Repository/Sorting/SortingSelect' is clicked on

2022-02-11 22:40:01 - [MESSAGE][PASSED] - Object: 'Object Repository/Sorting/SortingSelect' is clicked on

2022-02-11 22:40:01 - [TEST_STEP][PASSED] - delay(5): Delayed 5 second(s)

2022-02-11 22:40:06 - [MESSAGE][PASSED] - Delayed 5 second(s)

2022-02-11 22:40:06 - [TEST_STEP][PASSED] - takeScreenshot(): Taking screenshot successfully

2022-02-11 22:40:07 - [MESSAGE][PASSED] - Taking screenshot successfully
[[ATTACHMENT|D:\\xampp\\htdocs\\training\\Training\\Rattan\\Final_testing\\New_ActivityOverview\\Reports\\20220211_221705\\SearchAndSorting\\20220211_221729\\1644599406929.png]]

2022-02-11 22:40:07 - [TEST_STEP][PASSED] - click(findTestObject("Object Repository/Sorting/SortingSelectOption", ["position1":"3"])): Object: 'Object Repository/Sorting/SortingSelectOption' is clicked on

2022-02-11 22:40:10 - [MESSAGE][PASSED] - Object: 'Object Repository/Sorting/SortingSelectOption' is clicked on

2022-02-11 22:40:10 - [TEST_STEP][PASSED] - delay(20): Delayed 20 second(s)

2022-02-11 22:40:30 - [MESSAGE][PASSED] - Delayed 20 second(s)

2022-02-11 22:40:30 - [TEST_STEP][PASSED] - takeScreenshot(): Taking screenshot successfully

2022-02-11 22:40:30 - [MESSAGE][PASSED] - Taking screenshot successfully
[[ATTACHMENT|D:\\xampp\\htdocs\\training\\Training\\Rattan\\Final_testing\\New_ActivityOverview\\Reports\\20220211_221705\\SearchAndSorting\\20220211_221729\\1644599430308.png]]

2022-02-11 22:40:30 - [TEST_STEP][PASSED] - delay(20): Delayed 20 second(s)

2022-02-11 22:40:50 - [MESSAGE][PASSED] - Delayed 20 second(s)

2022-02-11 22:40:50 - [TEST_STEP][PASSED] - takeScreenshot(): Taking screenshot successfully

2022-02-11 22:40:50 - [MESSAGE][PASSED] - Taking screenshot successfully
[[ATTACHMENT|D:\\xampp\\htdocs\\training\\Training\\Rattan\\Final_testing\\New_ActivityOverview\\Reports\\20220211_221705\\SearchAndSorting\\20220211_221729\\1644599450507.png]]

2022-02-11 22:40:50 - [TEST_STEP][PASSED] - click(findTestObject("Object Repository/ListingArea/Search/ClearSearch")): Object: 'Object Repository/ListingArea/Search/ClearSearch' is clicked on

2022-02-11 22:40:53 - [MESSAGE][PASSED] - Object: 'Object Repository/ListingArea/Search/ClearSearch' is clicked on

2022-02-11 22:40:53 - [TEST_STEP][PASSED] - if (sizeoflisting < 2): null]]></system-out>
         <system-err><![CDATA[]]></system-err>
      </testcase>
      <system-out><![CDATA[2022-02-11 22:25:24 - [TEST_SUITE][PASSED] - SearchAndSorting: Test Cases/NewActivityOverview-LeftNavigation/ActivityOverview-ListingSearchSorting]]></system-out>
      <system-err><![CDATA[]]></system-err>
   </testsuite>
</testsuites>
