<?xml version="1.0" encoding="UTF-8"?>
<testsuites name="CancelSingleBookingNotHavingStatusRefunded" time="102.779" tests="1" failures="0" errors="0">
   <testsuite name="CancelSingleBookingNotHavingStatusRefunded" tests="1" failures="0" errors="0" time="102.779" skipped="0" timestamp="2022-02-26 15:28:43" hostname="root - 6cfc5c2788e7" id="Test Suites/CancelSingleBookingNotHavingStatusRefunded">
      <properties>
         <property name="deviceName" value=""/>
         <property name="devicePlatform" value=""/>
         <property name="logFolder" value="/tmp/katalon_execute/project/Reports/20220226_131254/CancelSingleBookingNotHavingStatusRefunded/20220226_131321"/>
         <property name="logFiles" value="/tmp/katalon_execute/project/Reports/20220226_131254/CancelSingleBookingNotHavingStatusRefunded/20220226_131321/execution0.log"/>
         <property name="attachments" value="/tmp/katalon_execute/project/Reports/20220226_131254/CancelSingleBookingNotHavingStatusRefunded/20220226_131321/1645889350068.png, /tmp/katalon_execute/project/Reports/20220226_131254/CancelSingleBookingNotHavingStatusRefunded/20220226_131321/1645889364917.png, /tmp/katalon_execute/project/Reports/20220226_131254/CancelSingleBookingNotHavingStatusRefunded/20220226_131321/1645889385486.png, /tmp/katalon_execute/project/Reports/20220226_131254/CancelSingleBookingNotHavingStatusRefunded/20220226_131321/1645889385918.png, /tmp/katalon_execute/project/Reports/20220226_131254/CancelSingleBookingNotHavingStatusRefunded/20220226_131321/1645889389324.png, /tmp/katalon_execute/project/Reports/20220226_131254/CancelSingleBookingNotHavingStatusRefunded/20220226_131321/1645889397134.png, /tmp/katalon_execute/project/Reports/20220226_131254/CancelSingleBookingNotHavingStatusRefunded/20220226_131321/1645889403587.png, /tmp/katalon_execute/project/Reports/20220226_131254/CancelSingleBookingNotHavingStatusRefunded/20220226_131321/1645889413145.png, /tmp/katalon_execute/project/Reports/20220226_131254/CancelSingleBookingNotHavingStatusRefunded/20220226_131321/1645889425769.png"/>
         <property name="hostName" value="root - 6cfc5c2788e7"/>
         <property name="os" value="Linux 64bit"/>
         <property name="katalonVersion" value="8.2.5.208"/>
         <property name="browser" value="Chrome 97.0.4692.99"/>
         <property name="hostAddress" value="172.17.0.2"/>
         <property name="sessionId" value="ab731523010dd04b2afed7d66c1af231"/>
         <property name="seleniumVersion" value="3.141.59"/>
         <property name="proxyInformation" value="ProxyInformation { proxyOption=NO_PROXY, proxyServerType=HTTP, username=, password=********, proxyServerAddress=, proxyServerPort=0, executionList=&quot;&quot;, isApplyToDesiredCapabilities=true }"/>
         <property name="platform" value="Linux"/>
      </properties>
      <testcase name="Test Cases/NewActivityOverview-LeftNavigation/ActivityOverview-CancelBooking" time="102.583" classname="Test Cases/NewActivityOverview-LeftNavigation/ActivityOverview-CancelBooking" status="PASSED">
         <system-out><![CDATA[2022-02-26 15:28:43 - [TEST_CASE][PASSED] - Test Cases/NewActivityOverview-LeftNavigation/ActivityOverview-CancelBooking: Test Cases/NewActivityOverview-LeftNavigation/ActivityOverview-CancelBooking

2022-02-26 15:28:43 - [TEST_STEP][PASSED] - callTestCase(findTestCase("LoginWithSuperAdmin/SuperAdmin-Login"), [:], STOP_ON_FAILURE): Call Test Case 'Test Cases/LoginWithSuperAdmin/SuperAdmin-Login' successfully

2022-02-26 15:28:43 - [TEST_CASE][PASSED] - Test Cases/LoginWithSuperAdmin/SuperAdmin-Login: Test Cases/LoginWithSuperAdmin/SuperAdmin-Login

2022-02-26 15:28:43 - [TEST_STEP][PASSED] - openBrowser(""): Browser is opened with url: ''

2022-02-26 15:28:44 - [MESSAGE][INFO] - Starting 'Chrome' driver

2022-02-26 15:28:44 - [MESSAGE][INFO] - Action delay is set to 3,000 milliseconds

2022-02-26 15:28:44 - [MESSAGE][PASSED] - Browser is opened with url: ''

2022-02-26 15:28:44 - [TEST_STEP][PASSED] - setViewPortSize(1920, 1080): Viewport is set to new size with width = 1920 and height = 1080

2022-02-26 15:28:45 - [MESSAGE][PASSED] - Viewport is set to new size with width = 1920 and height = 1080

2022-02-26 15:28:45 - [TEST_STEP][PASSED] - navigateToUrl(URL): Navigate to 'https://marketplacev1.test-prio.com' successfully

2022-02-26 15:28:50 - [MESSAGE][PASSED] - Navigate to 'https://marketplacev1.test-prio.com' successfully

2022-02-26 15:28:50 - [TEST_STEP][PASSED] - delay(3): Delayed 3 second(s)

2022-02-26 15:28:53 - [MESSAGE][PASSED] - Delayed 3 second(s)

2022-02-26 15:28:53 - [TEST_STEP][PASSED] - click(findTestObject("SuperAdmin/Login/input_Email_contact_email")): Object: 'Object Repository/SuperAdmin/Login/input_Email_contact_email' is clicked on

2022-02-26 15:28:56 - [MESSAGE][PASSED] - Object: 'Object Repository/SuperAdmin/Login/input_Email_contact_email' is clicked on

2022-02-26 15:28:56 - [TEST_STEP][PASSED] - setText(findTestObject("SuperAdmin/Login/input_Email_contact_email"), uname): Text 'superadmin@tippoint.com' is set on object 'Object Repository/SuperAdmin/Login/input_Email_contact_email'

2022-02-26 15:29:03 - [MESSAGE][PASSED] - Text 'superadmin@tippoint.com' is set on object 'Object Repository/SuperAdmin/Login/input_Email_contact_email'

2022-02-26 15:29:03 - [TEST_STEP][PASSED] - setEncryptedText(findTestObject("SuperAdmin/Login/input_Password_password"), Password): Text ****** has been set on object 'Object Repository/SuperAdmin/Login/input_Password_password'

2022-02-26 15:29:09 - [MESSAGE][PASSED] - Text ****** has been set on object 'Object Repository/SuperAdmin/Login/input_Password_password'

2022-02-26 15:29:09 - [TEST_STEP][PASSED] - takeScreenshot(): Taking screenshot successfully

2022-02-26 15:29:10 - [MESSAGE][PASSED] - Taking screenshot successfully
[[ATTACHMENT|/tmp/katalon_execute/project/Reports/20220226_131254/CancelSingleBookingNotHavingStatusRefunded/20220226_131321/1645889350068.png]]

2022-02-26 15:29:10 - [TEST_STEP][PASSED] - newpackage.clickUsingJS.clickUsingJS(findTestObject("SuperAdmin/Login/button_Sign in"), 5): newpackage.clickUsingJS.clickUsingJS is PASSED

2022-02-26 15:29:10 - [MESSAGE][PASSED] - newpackage.clickUsingJS.clickUsingJS is PASSED

2022-02-26 15:29:10 - [MESSAGE][PASSED] - Call Test Case 'Test Cases/LoginWithSuperAdmin/SuperAdmin-Login' successfully

2022-02-26 15:29:10 - [TEST_STEP][PASSED] - switchToDefaultContent(): null

2022-02-26 15:29:10 - [TEST_STEP][PASSED] - click(findTestObject("SuperAdminLeftNavigation/NewActivityOverview-LeftNavigation")): Object: 'Object Repository/SuperAdminLeftNavigation/NewActivityOverview-LeftNavigation' is clicked on

2022-02-26 15:29:24 - [MESSAGE][PASSED] - Object: 'Object Repository/SuperAdminLeftNavigation/NewActivityOverview-LeftNavigation' is clicked on

2022-02-26 15:29:24 - [TEST_STEP][PASSED] - takeScreenshot(): Taking screenshot successfully

2022-02-26 15:29:25 - [MESSAGE][PASSED] - Taking screenshot successfully
[[ATTACHMENT|/tmp/katalon_execute/project/Reports/20220226_131254/CancelSingleBookingNotHavingStatusRefunded/20220226_131321/1645889364917.png]]

2022-02-26 15:29:25 - [TEST_STEP][PASSED] - switchToFrame(findTestObject("Object Repository/Iframe/NewActivityOverviewIframe"), 5): null

2022-02-26 15:29:25 - [TEST_STEP][PASSED] - delay(20): Delayed 20 second(s)

2022-02-26 15:29:45 - [MESSAGE][PASSED] - Delayed 20 second(s)

2022-02-26 15:29:45 - [TEST_STEP][PASSED] - takeScreenshot(): Taking screenshot successfully

2022-02-26 15:29:45 - [MESSAGE][PASSED] - Taking screenshot successfully
[[ATTACHMENT|/tmp/katalon_execute/project/Reports/20220226_131254/CancelSingleBookingNotHavingStatusRefunded/20220226_131321/1645889385486.png]]

2022-02-26 15:29:45 - [TEST_STEP][PASSED] - sizeoflisting = findWebElements(findTestObject("ListingArea/ListingContainsData"), 5).size(): null

2022-02-26 15:29:45 - [TEST_STEP][PASSED] - println(sizeoflisting): null

2022-02-26 15:29:45 - [TEST_STEP][PASSED] - logInfo(Size of Order Listing: $sizeoflisting): Size of Order Listing: 11

2022-02-26 15:29:45 - [MESSAGE][INFO] - Size of Order Listing: 11

2022-02-26 15:29:45 - [TEST_STEP][PASSED] - if (sizeoflisting > 2): null

2022-02-26 15:29:45 - [TEST_STEP][PASSED] - logInfo("Orders Exist in Listing"): Orders Exist in Listing

2022-02-26 15:29:45 - [MESSAGE][INFO] - Orders Exist in Listing

2022-02-26 15:29:45 - [TEST_STEP][PASSED] - SizeofActiveBookings = findWebElements(findTestObject("Object Repository/CancelAndRefund/OrderListWithoutRefundedStatus"), 5).size(): null

2022-02-26 15:29:45 - [TEST_STEP][PASSED] - logInfo(Size of Active Bookings: $SizeofActiveBookings): Size of Active Bookings: 8

2022-02-26 15:29:45 - [MESSAGE][INFO] - Size of Active Bookings: 8

2022-02-26 15:29:45 - [TEST_STEP][PASSED] - for ([refund = 1, refund < SizeofActiveBookings, (refund++)]): null

2022-02-26 15:29:45 - [TEST_STEP][PASSED] - if (refund == 1): null

2022-02-26 15:29:45 - [TEST_STEP][PASSED] - refund = SizeofActiveBookings: null

2022-02-26 15:29:45 - [TEST_STEP][PASSED] - logInfo(Size of refund booking: $refund): Size of refund booking: 8

2022-02-26 15:29:45 - [MESSAGE][INFO] - Size of refund booking: 8

2022-02-26 15:29:45 - [TEST_STEP][PASSED] - scrollToElement(findTestObject("Object Repository/CancelAndRefund/OrderListWithoutRefundedStatus - Click", ["position":refund]), 15): Scroll to object 'Object Repository/CancelAndRefund/OrderListWithoutRefundedStatus - Click' successfully

2022-02-26 15:29:45 - [MESSAGE][PASSED] - Scroll to object 'Object Repository/CancelAndRefund/OrderListWithoutRefundedStatus - Click' successfully

2022-02-26 15:29:45 - [TEST_STEP][PASSED] - takeScreenshot(): Taking screenshot successfully

2022-02-26 15:29:46 - [MESSAGE][PASSED] - Taking screenshot successfully
[[ATTACHMENT|/tmp/katalon_execute/project/Reports/20220226_131254/CancelSingleBookingNotHavingStatusRefunded/20220226_131321/1645889385918.png]]

2022-02-26 15:29:46 - [TEST_STEP][PASSED] - click(findTestObject("Object Repository/CancelAndRefund/OrderListWithoutRefundedStatus - Click", ["position":refund])): Object: 'Object Repository/CancelAndRefund/OrderListWithoutRefundedStatus - Click' is clicked on

2022-02-26 15:29:49 - [MESSAGE][PASSED] - Object: 'Object Repository/CancelAndRefund/OrderListWithoutRefundedStatus - Click' is clicked on

2022-02-26 15:29:49 - [TEST_STEP][PASSED] - takeScreenshot(): Taking screenshot successfully

2022-02-26 15:29:49 - [MESSAGE][PASSED] - Taking screenshot successfully
[[ATTACHMENT|/tmp/katalon_execute/project/Reports/20220226_131254/CancelSingleBookingNotHavingStatusRefunded/20220226_131321/1645889389324.png]]

2022-02-26 15:29:49 - [TEST_STEP][PASSED] - if (waitForElementClickable(findTestObject("Object Repository/CancelAndRefund/CancelBookingButton"), 15) == true): null

2022-02-26 15:29:50 - [MESSAGE][PASSED] - Object 'Object Repository/CancelAndRefund/CancelBookingButton' is clickable

2022-02-26 15:29:50 - [TEST_STEP][PASSED] - click(findTestObject("Object Repository/CancelAndRefund/CancelBookingButton")): Object: 'Object Repository/CancelAndRefund/CancelBookingButton' is clicked on

2022-02-26 15:29:54 - [MESSAGE][PASSED] - Object: 'Object Repository/CancelAndRefund/CancelBookingButton' is clicked on

2022-02-26 15:29:54 - [TEST_STEP][PASSED] - delay(3): Delayed 3 second(s)

2022-02-26 15:29:57 - [MESSAGE][PASSED] - Delayed 3 second(s)

2022-02-26 15:29:57 - [TEST_STEP][PASSED] - takeScreenshot(): Taking screenshot successfully

2022-02-26 15:29:57 - [MESSAGE][PASSED] - Taking screenshot successfully
[[ATTACHMENT|/tmp/katalon_execute/project/Reports/20220226_131254/CancelSingleBookingNotHavingStatusRefunded/20220226_131321/1645889397134.png]]

2022-02-26 15:29:57 - [TEST_STEP][PASSED] - if (waitForElementClickable(findTestObject("Object Repository/CancelAndRefund/CancelButton - OnRefundPop-up"), 15) == true): null

2022-02-26 15:29:57 - [MESSAGE][PASSED] - Object 'Object Repository/CancelAndRefund/CancelButton - OnRefundPop-up' is clickable

2022-02-26 15:29:57 - [TEST_STEP][PASSED] - click(findTestObject("Object Repository/CancelAndRefund/CancelButton - OnRefundPop-up")): Object: 'Object Repository/CancelAndRefund/CancelButton - OnRefundPop-up' is clicked on

2022-02-26 15:30:00 - [MESSAGE][PASSED] - Object: 'Object Repository/CancelAndRefund/CancelButton - OnRefundPop-up' is clicked on

2022-02-26 15:30:00 - [TEST_STEP][PASSED] - delay(3): Delayed 3 second(s)

2022-02-26 15:30:03 - [MESSAGE][PASSED] - Delayed 3 second(s)

2022-02-26 15:30:03 - [TEST_STEP][PASSED] - takeScreenshot(): Taking screenshot successfully

2022-02-26 15:30:03 - [MESSAGE][PASSED] - Taking screenshot successfully
[[ATTACHMENT|/tmp/katalon_execute/project/Reports/20220226_131254/CancelSingleBookingNotHavingStatusRefunded/20220226_131321/1645889403587.png]]

2022-02-26 15:30:03 - [TEST_STEP][PASSED] - click(findTestObject("Object Repository/CancelAndRefund/CancelBookingButton")): Object: 'Object Repository/CancelAndRefund/CancelBookingButton' is clicked on

2022-02-26 15:30:06 - [MESSAGE][PASSED] - Object: 'Object Repository/CancelAndRefund/CancelBookingButton' is clicked on

2022-02-26 15:30:06 - [TEST_STEP][PASSED] - if (refund < 4): null

2022-02-26 15:30:06 - [TEST_STEP][PASSED] - if (refund <= 6 && refund >= 4): null

2022-02-26 15:30:06 - [TEST_STEP][PASSED] - if (refund > 6): null

2022-02-26 15:30:06 - [TEST_STEP][PASSED] - if (waitForElementClickable(findTestObject("Object Repository/CancelAndRefund/RefundOptionRadio"), 15) == true): null

2022-02-26 15:30:07 - [MESSAGE][PASSED] - Object 'Object Repository/CancelAndRefund/RefundOptionRadio' is clickable

2022-02-26 15:30:07 - [TEST_STEP][PASSED] - click(findTestObject("Object Repository/CancelAndRefund/RefundOptionRadio")): Object: 'Object Repository/CancelAndRefund/RefundOptionRadio' is clicked on

2022-02-26 15:30:10 - [MESSAGE][PASSED] - Object: 'Object Repository/CancelAndRefund/RefundOptionRadio' is clicked on

2022-02-26 15:30:10 - [TEST_STEP][PASSED] - delay(3): Delayed 3 second(s)

2022-02-26 15:30:13 - [MESSAGE][PASSED] - Delayed 3 second(s)

2022-02-26 15:30:13 - [TEST_STEP][PASSED] - takeScreenshot(): Taking screenshot successfully

2022-02-26 15:30:13 - [MESSAGE][PASSED] - Taking screenshot successfully
[[ATTACHMENT|/tmp/katalon_execute/project/Reports/20220226_131254/CancelSingleBookingNotHavingStatusRefunded/20220226_131321/1645889413145.png]]

2022-02-26 15:30:13 - [TEST_STEP][PASSED] - setText(findTestObject("Object Repository/CancelAndRefund/ReasonForCancellation"), CancellationReason): Text 'Order Refunded to Test Automation Testing Under Katalon' is set on object 'Object Repository/CancelAndRefund/ReasonForCancellation'

2022-02-26 15:30:19 - [MESSAGE][PASSED] - Text 'Order Refunded to Test Automation Testing Under Katalon' is set on object 'Object Repository/CancelAndRefund/ReasonForCancellation'

2022-02-26 15:30:19 - [TEST_STEP][PASSED] - click(findTestObject("Object Repository/CancelAndRefund/ConfirmCancellationButton")): Object: 'Object Repository/CancelAndRefund/ConfirmCancellationButton' is clicked on

2022-02-26 15:30:22 - [MESSAGE][PASSED] - Object: 'Object Repository/CancelAndRefund/ConfirmCancellationButton' is clicked on

2022-02-26 15:30:22 - [TEST_STEP][PASSED] - delay(3): Delayed 3 second(s)

2022-02-26 15:30:25 - [MESSAGE][PASSED] - Delayed 3 second(s)

2022-02-26 15:30:25 - [TEST_STEP][PASSED] - takeScreenshot(): Taking screenshot successfully

2022-02-26 15:30:25 - [MESSAGE][PASSED] - Taking screenshot successfully
[[ATTACHMENT|/tmp/katalon_execute/project/Reports/20220226_131254/CancelSingleBookingNotHavingStatusRefunded/20220226_131321/1645889425769.png]]

2022-02-26 15:30:25 - [TEST_STEP][PASSED] - if (sizeoflisting < 2): null]]></system-out>
         <system-err><![CDATA[]]></system-err>
      </testcase>
      <system-out><![CDATA[2022-02-26 15:28:43 - [TEST_SUITE][PASSED] - CancelSingleBookingNotHavingStatusRefunded: Test Cases/NewActivityOverview-LeftNavigation/ActivityOverview-CancelBooking]]></system-out>
      <system-err><![CDATA[]]></system-err>
   </testsuite>
</testsuites>
