<?xml version="1.0" encoding="UTF-8"?>
<testsuites name="EmailDownloadPreview" time="453.3" tests="2" failures="0" errors="0">
   <testsuite name="EmailDownloadPreview" tests="2" failures="0" errors="0" time="453.3" skipped="0" timestamp="2022-02-10 21:37:47" hostname="intersoft-admin - DESKTOP-ANQSRIJ" id="Test Suites/EmailDownloadPreview">
      <properties>
         <property name="deviceName" value=""/>
         <property name="devicePlatform" value=""/>
         <property name="logFolder" value="D:\\xampp\\htdocs\\training\\Training\\Rattan\\Final_testing\\New_ActivityOverview\\Reports\\20220210_213735\\EmailDownloadPreview\\20220210_213735"/>
         <property name="logFiles" value="D:\\xampp\\htdocs\\training\\Training\\Rattan\\Final_testing\\New_ActivityOverview\\Reports\\20220210_213735\\EmailDownloadPreview\\20220210_213735\\execution0.log"/>
         <property name="attachments" value="D:\\xampp\\htdocs\\training\\Training\\Rattan\\Final_testing\\New_ActivityOverview\\Reports\\20220210_213735\\EmailDownloadPreview\\20220210_213735\\1644509299782.png, D:\\xampp\\htdocs\\training\\Training\\Rattan\\Final_testing\\New_ActivityOverview\\Reports\\20220210_213735\\EmailDownloadPreview\\20220210_213735\\1644509312982.png, D:\\xampp\\htdocs\\training\\Training\\Rattan\\Final_testing\\New_ActivityOverview\\Reports\\20220210_213735\\EmailDownloadPreview\\20220210_213735\\1644509323612.png, D:\\xampp\\htdocs\\training\\Training\\Rattan\\Final_testing\\New_ActivityOverview\\Reports\\20220210_213735\\EmailDownloadPreview\\20220210_213735\\1644509324554.png, D:\\xampp\\htdocs\\training\\Training\\Rattan\\Final_testing\\New_ActivityOverview\\Reports\\20220210_213735\\EmailDownloadPreview\\20220210_213735\\1644509347889.png, D:\\xampp\\htdocs\\training\\Training\\Rattan\\Final_testing\\New_ActivityOverview\\Reports\\20220210_213735\\EmailDownloadPreview\\20220210_213735\\1644509371419.png, D:\\xampp\\htdocs\\training\\Training\\Rattan\\Final_testing\\New_ActivityOverview\\Reports\\20220210_213735\\EmailDownloadPreview\\20220210_213735\\1644509385304.png, D:\\xampp\\htdocs\\training\\Training\\Rattan\\Final_testing\\New_ActivityOverview\\Reports\\20220210_213735\\EmailDownloadPreview\\20220210_213735\\1644509398804.png, D:\\xampp\\htdocs\\training\\Training\\Rattan\\Final_testing\\New_ActivityOverview\\Reports\\20220210_213735\\EmailDownloadPreview\\20220210_213735\\1644509412271.png, D:\\xampp\\htdocs\\training\\Training\\Rattan\\Final_testing\\New_ActivityOverview\\Reports\\20220210_213735\\EmailDownloadPreview\\20220210_213735\\1644509425717.png, D:\\xampp\\htdocs\\training\\Training\\Rattan\\Final_testing\\New_ActivityOverview\\Reports\\20220210_213735\\EmailDownloadPreview\\20220210_213735\\1644509439189.png, D:\\xampp\\htdocs\\training\\Training\\Rattan\\Final_testing\\New_ActivityOverview\\Reports\\20220210_213735\\EmailDownloadPreview\\20220210_213735\\1644509444623.png, D:\\xampp\\htdocs\\training\\Training\\Rattan\\Final_testing\\New_ActivityOverview\\Reports\\20220210_213735\\EmailDownloadPreview\\20220210_213735\\1644509453208.png, D:\\xampp\\htdocs\\training\\Training\\Rattan\\Final_testing\\New_ActivityOverview\\Reports\\20220210_213735\\EmailDownloadPreview\\20220210_213735\\1644509479874.png, D:\\xampp\\htdocs\\training\\Training\\Rattan\\Final_testing\\New_ActivityOverview\\Reports\\20220210_213735\\EmailDownloadPreview\\20220210_213735\\1644509485316.png, D:\\xampp\\htdocs\\training\\Training\\Rattan\\Final_testing\\New_ActivityOverview\\Reports\\20220210_213735\\EmailDownloadPreview\\20220210_213735\\1644509493864.png, D:\\xampp\\htdocs\\training\\Training\\Rattan\\Final_testing\\New_ActivityOverview\\Reports\\20220210_213735\\EmailDownloadPreview\\20220210_213735\\1644509512570.png, D:\\xampp\\htdocs\\training\\Training\\Rattan\\Final_testing\\New_ActivityOverview\\Reports\\20220210_213735\\EmailDownloadPreview\\20220210_213735\\1644509518863.png, D:\\xampp\\htdocs\\training\\Training\\Rattan\\Final_testing\\New_ActivityOverview\\Reports\\20220210_213735\\EmailDownloadPreview\\20220210_213735\\1644509524450.png, D:\\xampp\\htdocs\\training\\Training\\Rattan\\Final_testing\\New_ActivityOverview\\Reports\\20220210_213735\\EmailDownloadPreview\\20220210_213735\\1644509530425.png, D:\\xampp\\htdocs\\training\\Training\\Rattan\\Final_testing\\New_ActivityOverview\\Reports\\20220210_213735\\EmailDownloadPreview\\20220210_213735\\1644509541489.png, D:\\xampp\\htdocs\\training\\Training\\Rattan\\Final_testing\\New_ActivityOverview\\Reports\\20220210_213735\\EmailDownloadPreview\\20220210_213735\\1644509552798.png, D:\\xampp\\htdocs\\training\\Training\\Rattan\\Final_testing\\New_ActivityOverview\\Reports\\20220210_213735\\EmailDownloadPreview\\20220210_213735\\1644509567077.png, D:\\xampp\\htdocs\\training\\Training\\Rattan\\Final_testing\\New_ActivityOverview\\Reports\\20220210_213735\\EmailDownloadPreview\\20220210_213735\\1644509582009.png, D:\\xampp\\htdocs\\training\\Training\\Rattan\\Final_testing\\New_ActivityOverview\\Reports\\20220210_213735\\EmailDownloadPreview\\20220210_213735\\1644509595935.png, D:\\xampp\\htdocs\\training\\Training\\Rattan\\Final_testing\\New_ActivityOverview\\Reports\\20220210_213735\\EmailDownloadPreview\\20220210_213735\\1644509611035.png, D:\\xampp\\htdocs\\training\\Training\\Rattan\\Final_testing\\New_ActivityOverview\\Reports\\20220210_213735\\EmailDownloadPreview\\20220210_213735\\1644509624953.png, D:\\xampp\\htdocs\\training\\Training\\Rattan\\Final_testing\\New_ActivityOverview\\Reports\\20220210_213735\\EmailDownloadPreview\\20220210_213735\\1644509630783.png, D:\\xampp\\htdocs\\training\\Training\\Rattan\\Final_testing\\New_ActivityOverview\\Reports\\20220210_213735\\EmailDownloadPreview\\20220210_213735\\1644509640050.png, D:\\xampp\\htdocs\\training\\Training\\Rattan\\Final_testing\\New_ActivityOverview\\Reports\\20220210_213735\\EmailDownloadPreview\\20220210_213735\\1644509667354.png, D:\\xampp\\htdocs\\training\\Training\\Rattan\\Final_testing\\New_ActivityOverview\\Reports\\20220210_213735\\EmailDownloadPreview\\20220210_213735\\1644509673266.png, D:\\xampp\\htdocs\\training\\Training\\Rattan\\Final_testing\\New_ActivityOverview\\Reports\\20220210_213735\\EmailDownloadPreview\\20220210_213735\\1644509682466.png, D:\\xampp\\htdocs\\training\\Training\\Rattan\\Final_testing\\New_ActivityOverview\\Reports\\20220210_213735\\EmailDownloadPreview\\20220210_213735\\1644509701919.png, D:\\xampp\\htdocs\\training\\Training\\Rattan\\Final_testing\\New_ActivityOverview\\Reports\\20220210_213735\\EmailDownloadPreview\\20220210_213735\\1644509708264.png, D:\\xampp\\htdocs\\training\\Training\\Rattan\\Final_testing\\New_ActivityOverview\\Reports\\20220210_213735\\EmailDownloadPreview\\20220210_213735\\1644509714119.png, D:\\xampp\\htdocs\\training\\Training\\Rattan\\Final_testing\\New_ActivityOverview\\Reports\\20220210_213735\\EmailDownloadPreview\\20220210_213735\\1644509720185.png"/>
         <property name="hostName" value="intersoft-admin - DESKTOP-ANQSRIJ"/>
         <property name="os" value="Windows 10 64bit"/>
         <property name="katalonVersion" value="8.2.5.208"/>
         <property name="browser" value="Chrome 98.0.4758.82"/>
         <property name="hostAddress" value="192.168.1.59"/>
         <property name="sessionId" value="0236b42789bc97ff73d8e57b1f497a38"/>
         <property name="seleniumVersion" value="3.141.59"/>
         <property name="proxyInformation" value="ProxyInformation { proxyOption=NO_PROXY, proxyServerType=HTTP, username=, password=********, proxyServerAddress=, proxyServerPort=0, executionList=&quot;&quot;, isApplyToDesiredCapabilities=true }"/>
         <property name="platform" value="Windows 10"/>
      </properties>
      <testcase name="Test Cases/NewActivityOverview-LeftNavigation/ActivityOverview-EmailDownloadPreview" time="274.13" classname="Test Cases/NewActivityOverview-LeftNavigation/ActivityOverview-EmailDownloadPreview" status="PASSED">
         <system-out><![CDATA[2022-02-10 21:37:47 - [TEST_CASE][PASSED] - Test Cases/NewActivityOverview-LeftNavigation/ActivityOverview-EmailDownloadPreview: Test Cases/NewActivityOverview-LeftNavigation/ActivityOverview-EmailDownloadPreview

2022-02-10 21:37:49 - [TEST_STEP][PASSED] - callTestCase(findTestCase("LoginWithSuperAdmin/SuperAdmin-Login"), [:], STOP_ON_FAILURE): Call Test Case 'Test Cases/LoginWithSuperAdmin/SuperAdmin-Login' successfully

2022-02-10 21:37:49 - [TEST_CASE][PASSED] - Test Cases/LoginWithSuperAdmin/SuperAdmin-Login: Test Cases/LoginWithSuperAdmin/SuperAdmin-Login

2022-02-10 21:37:50 - [TEST_STEP][PASSED] - openBrowser(""): Browser is opened with url: ''

2022-02-10 21:37:50 - [MESSAGE][INFO] - Starting 'Chrome' driver

2022-02-10 21:37:50 - [MESSAGE][INFO] - Action delay is set to 3,000 milliseconds

2022-02-10 21:37:53 - [MESSAGE][PASSED] - Browser is opened with url: ''

2022-02-10 21:37:53 - [TEST_STEP][PASSED] - setViewPortSize(1920, 1080): Viewport is set to new size with width = 1920 and height = 1080

2022-02-10 21:37:53 - [MESSAGE][PASSED] - Viewport is set to new size with width = 1920 and height = 1080

2022-02-10 21:37:53 - [TEST_STEP][PASSED] - navigateToUrl(URL): Navigate to 'https://marketplacev1.test-prio.com' successfully

2022-02-10 21:37:59 - [MESSAGE][PASSED] - Navigate to 'https://marketplacev1.test-prio.com' successfully

2022-02-10 21:37:59 - [TEST_STEP][PASSED] - delay(3): Delayed 3 second(s)

2022-02-10 21:38:02 - [MESSAGE][PASSED] - Delayed 3 second(s)

2022-02-10 21:38:02 - [TEST_STEP][PASSED] - click(findTestObject("SuperAdmin/Login/input_Email_contact_email")): Object: 'Object Repository/SuperAdmin/Login/input_Email_contact_email' is clicked on

2022-02-10 21:38:06 - [MESSAGE][PASSED] - Object: 'Object Repository/SuperAdmin/Login/input_Email_contact_email' is clicked on

2022-02-10 21:38:06 - [TEST_STEP][PASSED] - setText(findTestObject("SuperAdmin/Login/input_Email_contact_email"), uname): Text 'superadmin@tippoint.com' is set on object 'Object Repository/SuperAdmin/Login/input_Email_contact_email'

2022-02-10 21:38:12 - [MESSAGE][PASSED] - Text 'superadmin@tippoint.com' is set on object 'Object Repository/SuperAdmin/Login/input_Email_contact_email'

2022-02-10 21:38:12 - [TEST_STEP][PASSED] - setEncryptedText(findTestObject("SuperAdmin/Login/input_Password_password"), Password): Text ****** has been set on object 'Object Repository/SuperAdmin/Login/input_Password_password'

2022-02-10 21:38:19 - [MESSAGE][PASSED] - Text ****** has been set on object 'Object Repository/SuperAdmin/Login/input_Password_password'

2022-02-10 21:38:19 - [TEST_STEP][PASSED] - takeScreenshot(): Taking screenshot successfully

2022-02-10 21:38:19 - [MESSAGE][PASSED] - Taking screenshot successfully
[[ATTACHMENT|D:\\xampp\\htdocs\\training\\Training\\Rattan\\Final_testing\\New_ActivityOverview\\Reports\\20220210_213735\\EmailDownloadPreview\\20220210_213735\\1644509299782.png]]

2022-02-10 21:38:19 - [TEST_STEP][PASSED] - newpackage.clickUsingJS.clickUsingJS(findTestObject("SuperAdmin/Login/button_Sign in"), 5): newpackage.clickUsingJS.clickUsingJS is PASSED

2022-02-10 21:38:20 - [MESSAGE][PASSED] - newpackage.clickUsingJS.clickUsingJS is PASSED

2022-02-10 21:38:20 - [MESSAGE][PASSED] - Call Test Case 'Test Cases/LoginWithSuperAdmin/SuperAdmin-Login' successfully

2022-02-10 21:38:20 - [TEST_STEP][PASSED] - switchToDefaultContent(): null

2022-02-10 21:38:20 - [TEST_STEP][PASSED] - click(findTestObject("SuperAdminLeftNavigation/NewActivityOverview-LeftNavigation")): Object: 'Object Repository/SuperAdminLeftNavigation/NewActivityOverview-LeftNavigation' is clicked on

2022-02-10 21:38:31 - [MESSAGE][PASSED] - Object: 'Object Repository/SuperAdminLeftNavigation/NewActivityOverview-LeftNavigation' is clicked on

2022-02-10 21:38:31 - [TEST_STEP][PASSED] - takeScreenshot(): Taking screenshot successfully

2022-02-10 21:38:33 - [MESSAGE][PASSED] - Taking screenshot successfully
[[ATTACHMENT|D:\\xampp\\htdocs\\training\\Training\\Rattan\\Final_testing\\New_ActivityOverview\\Reports\\20220210_213735\\EmailDownloadPreview\\20220210_213735\\1644509312982.png]]

2022-02-10 21:38:33 - [TEST_STEP][PASSED] - switchToFrame(findTestObject("Object Repository/Iframe/NewActivityOverviewIframe"), 5): null

2022-02-10 21:38:33 - [TEST_STEP][PASSED] - delay(10): Delayed 10 second(s)

2022-02-10 21:38:43 - [MESSAGE][PASSED] - Delayed 10 second(s)

2022-02-10 21:38:43 - [TEST_STEP][PASSED] - takeScreenshot(): Taking screenshot successfully

2022-02-10 21:38:43 - [MESSAGE][PASSED] - Taking screenshot successfully
[[ATTACHMENT|D:\\xampp\\htdocs\\training\\Training\\Rattan\\Final_testing\\New_ActivityOverview\\Reports\\20220210_213735\\EmailDownloadPreview\\20220210_213735\\1644509323612.png]]

2022-02-10 21:38:43 - [TEST_STEP][PASSED] - sizeoflisting = findWebElements(findTestObject("ListingArea/ListingContainsData"), 5).size(): null

2022-02-10 21:38:43 - [TEST_STEP][PASSED] - println(sizeoflisting): null

2022-02-10 21:38:43 - [TEST_STEP][PASSED] - logInfo(Size of Order Listing: $sizeoflisting): Size of Order Listing: 11

2022-02-10 21:38:43 - [MESSAGE][INFO] - Size of Order Listing: 11

2022-02-10 21:38:43 - [TEST_STEP][PASSED] - if (sizeoflisting > 2): null

2022-02-10 21:38:43 - [TEST_STEP][PASSED] - logInfo("Orders Exist in Listing"): Orders Exist in Listing

2022-02-10 21:38:44 - [MESSAGE][INFO] - Orders Exist in Listing

2022-02-10 21:38:44 - [TEST_STEP][PASSED] - logInfo("Orders Exist in Listing"): Orders Exist in Listing

2022-02-10 21:38:44 - [MESSAGE][INFO] - Orders Exist in Listing

2022-02-10 21:38:44 - [TEST_STEP][PASSED] - RecordsinListing = findWebElements(findTestObject("Object Repository/ListingArea/RecordsInListing"), 5).size(): null

2022-02-10 21:38:44 - [TEST_STEP][PASSED] - logInfo(Size of Active Bookings: $RecordsinListing): Size of Active Bookings: 10

2022-02-10 21:38:44 - [MESSAGE][INFO] - Size of Active Bookings: 10

2022-02-10 21:38:44 - [TEST_STEP][PASSED] - for ([refund = 1, refund < RecordsinListing, (refund++)]): null

2022-02-10 21:38:44 - [TEST_STEP][PASSED] - if (refund == 1): null

2022-02-10 21:38:44 - [TEST_STEP][PASSED] - refund = RecordsinListing: null

2022-02-10 21:38:44 - [TEST_STEP][PASSED] - refundvalue = refund: null

2022-02-10 21:38:44 - [TEST_STEP][PASSED] - logInfo(Size of refund booking: $refund): Size of refund booking: 10

2022-02-10 21:38:44 - [MESSAGE][INFO] - Size of refund booking: 10

2022-02-10 21:38:44 - [TEST_STEP][PASSED] - scrollToElement(findTestObject("Object Repository/ListingArea/ClickondetailPOp-up", ["position":refund]), 15): Scroll to object 'Object Repository/ListingArea/ClickondetailPOp-up' successfully

2022-02-10 21:38:44 - [MESSAGE][PASSED] - Scroll to object 'Object Repository/ListingArea/ClickondetailPOp-up' successfully

2022-02-10 21:38:44 - [TEST_STEP][PASSED] - takeScreenshot(): Taking screenshot successfully

2022-02-10 21:38:44 - [MESSAGE][PASSED] - Taking screenshot successfully
[[ATTACHMENT|D:\\xampp\\htdocs\\training\\Training\\Rattan\\Final_testing\\New_ActivityOverview\\Reports\\20220210_213735\\EmailDownloadPreview\\20220210_213735\\1644509324554.png]]

2022-02-10 21:38:44 - [TEST_STEP][PASSED] - orderId = findWebElement(findTestObject("Object Repository/GetOrderID/GetOrderID", ["position":refund])).getAttribute("data-order_id"): null

2022-02-10 21:38:44 - [TEST_STEP][PASSED] - orderId = orderId: null

2022-02-10 21:38:44 - [TEST_STEP][PASSED] - logInfo(Order ID: $orderId): Order ID: 164449182980504

2022-02-10 21:38:44 - [MESSAGE][INFO] - Order ID: 164449182980504

2022-02-10 21:38:44 - [TEST_STEP][PASSED] - click(findTestObject("Object Repository/ListingArea/Search/InputSearch")): Object: 'Object Repository/ListingArea/Search/InputSearch' is clicked on

2022-02-10 21:38:48 - [MESSAGE][PASSED] - Object: 'Object Repository/ListingArea/Search/InputSearch' is clicked on

2022-02-10 21:38:48 - [TEST_STEP][PASSED] - setText(findTestObject("Object Repository/ListingArea/Search/InputSearch"), orderId): Text '164449182980504' is set on object 'Object Repository/ListingArea/Search/InputSearch'

2022-02-10 21:38:54 - [MESSAGE][PASSED] - Text '164449182980504' is set on object 'Object Repository/ListingArea/Search/InputSearch'

2022-02-10 21:38:54 - [TEST_STEP][PASSED] - sendKeys(findTestObject("Object Repository/ListingArea/Search/InputSearch"), Keys.chord(ENTER)): Keys 'ENTER + ' sent to object: 'Object Repository/ListingArea/Search/InputSearch'

2022-02-10 21:38:57 - [MESSAGE][PASSED] - Keys 'ENTER + ' sent to object: 'Object Repository/ListingArea/Search/InputSearch'

2022-02-10 21:38:57 - [TEST_STEP][PASSED] - delay(10): Delayed 10 second(s)

2022-02-10 21:39:07 - [MESSAGE][PASSED] - Delayed 10 second(s)

2022-02-10 21:39:07 - [TEST_STEP][PASSED] - takeScreenshot(): Taking screenshot successfully

2022-02-10 21:39:08 - [MESSAGE][PASSED] - Taking screenshot successfully
[[ATTACHMENT|D:\\xampp\\htdocs\\training\\Training\\Rattan\\Final_testing\\New_ActivityOverview\\Reports\\20220210_213735\\EmailDownloadPreview\\20220210_213735\\1644509347889.png]]

2022-02-10 21:39:08 - [TEST_STEP][PASSED] - click(findTestObject("Object Repository/ListingArea/ClickondetailPOp-up", ["position":"1"])): Object: 'Object Repository/ListingArea/ClickondetailPOp-up' is clicked on

2022-02-10 21:39:11 - [MESSAGE][PASSED] - Object: 'Object Repository/ListingArea/ClickondetailPOp-up' is clicked on

2022-02-10 21:39:11 - [TEST_STEP][PASSED] - delay(20): Delayed 20 second(s)

2022-02-10 21:39:31 - [MESSAGE][PASSED] - Delayed 20 second(s)

2022-02-10 21:39:31 - [TEST_STEP][PASSED] - takeScreenshot(): Taking screenshot successfully

2022-02-10 21:39:31 - [MESSAGE][PASSED] - Taking screenshot successfully
[[ATTACHMENT|D:\\xampp\\htdocs\\training\\Training\\Rattan\\Final_testing\\New_ActivityOverview\\Reports\\20220210_213735\\EmailDownloadPreview\\20220210_213735\\1644509371419.png]]

2022-02-10 21:39:31 - [TEST_STEP][PASSED] - if (waitForElementClickable(findTestObject("Object Repository/Header/Preview/ClickOnPreviewIcon"), 15) == true): null

2022-02-10 21:39:31 - [MESSAGE][PASSED] - Object 'Object Repository/Header/Preview/ClickOnPreviewIcon' is clickable

2022-02-10 21:39:31 - [TEST_STEP][PASSED] - click(findTestObject("Object Repository/Header/Preview/ClickOnPreviewIcon")): Object: 'Object Repository/Header/Preview/ClickOnPreviewIcon' is clicked on

2022-02-10 21:39:35 - [MESSAGE][PASSED] - Object: 'Object Repository/Header/Preview/ClickOnPreviewIcon' is clicked on

2022-02-10 21:39:35 - [TEST_STEP][PASSED] - delay(10): Delayed 10 second(s)

2022-02-10 21:39:45 - [MESSAGE][PASSED] - Delayed 10 second(s)

2022-02-10 21:39:45 - [TEST_STEP][PASSED] - takeScreenshot(): Taking screenshot successfully

2022-02-10 21:39:45 - [MESSAGE][PASSED] - Taking screenshot successfully
[[ATTACHMENT|D:\\xampp\\htdocs\\training\\Training\\Rattan\\Final_testing\\New_ActivityOverview\\Reports\\20220210_213735\\EmailDownloadPreview\\20220210_213735\\1644509385304.png]]

2022-02-10 21:39:45 - [TEST_STEP][PASSED] - click(findTestObject("Object Repository/Header/Preview/PrintVoucher")): Object: 'Object Repository/Header/Preview/PrintVoucher' is clicked on

2022-02-10 21:39:48 - [MESSAGE][PASSED] - Object: 'Object Repository/Header/Preview/PrintVoucher' is clicked on

2022-02-10 21:39:48 - [TEST_STEP][PASSED] - delay(10): Delayed 10 second(s)

2022-02-10 21:39:58 - [MESSAGE][PASSED] - Delayed 10 second(s)

2022-02-10 21:39:58 - [TEST_STEP][PASSED] - takeScreenshot(): Taking screenshot successfully

2022-02-10 21:39:59 - [MESSAGE][PASSED] - Taking screenshot successfully
[[ATTACHMENT|D:\\xampp\\htdocs\\training\\Training\\Rattan\\Final_testing\\New_ActivityOverview\\Reports\\20220210_213735\\EmailDownloadPreview\\20220210_213735\\1644509398804.png]]

2022-02-10 21:39:59 - [TEST_STEP][PASSED] - click(findTestObject("Object Repository/Header/Preview/ClickOnPreviewIcon")): Object: 'Object Repository/Header/Preview/ClickOnPreviewIcon' is clicked on

2022-02-10 21:40:02 - [MESSAGE][PASSED] - Object: 'Object Repository/Header/Preview/ClickOnPreviewIcon' is clicked on

2022-02-10 21:40:02 - [TEST_STEP][PASSED] - delay(10): Delayed 10 second(s)

2022-02-10 21:40:12 - [MESSAGE][PASSED] - Delayed 10 second(s)

2022-02-10 21:40:12 - [TEST_STEP][PASSED] - takeScreenshot(): Taking screenshot successfully

2022-02-10 21:40:12 - [MESSAGE][PASSED] - Taking screenshot successfully
[[ATTACHMENT|D:\\xampp\\htdocs\\training\\Training\\Rattan\\Final_testing\\New_ActivityOverview\\Reports\\20220210_213735\\EmailDownloadPreview\\20220210_213735\\1644509412271.png]]

2022-02-10 21:40:12 - [TEST_STEP][PASSED] - click(findTestObject("Object Repository/Header/Preview/PrintReceipt")): Object: 'Object Repository/Header/Preview/PrintReceipt' is clicked on

2022-02-10 21:40:15 - [MESSAGE][PASSED] - Object: 'Object Repository/Header/Preview/PrintReceipt' is clicked on

2022-02-10 21:40:15 - [TEST_STEP][PASSED] - delay(10): Delayed 10 second(s)

2022-02-10 21:40:25 - [MESSAGE][PASSED] - Delayed 10 second(s)

2022-02-10 21:40:25 - [TEST_STEP][PASSED] - takeScreenshot(): Taking screenshot successfully

2022-02-10 21:40:25 - [MESSAGE][PASSED] - Taking screenshot successfully
[[ATTACHMENT|D:\\xampp\\htdocs\\training\\Training\\Rattan\\Final_testing\\New_ActivityOverview\\Reports\\20220210_213735\\EmailDownloadPreview\\20220210_213735\\1644509425717.png]]

2022-02-10 21:40:25 - [TEST_STEP][PASSED] - click(findTestObject("Object Repository/Header/Email/ClickOnSecndEmailButton")): Object: 'Object Repository/Header/Email/ClickOnSecndEmailButton' is clicked on

2022-02-10 21:40:29 - [MESSAGE][PASSED] - Object: 'Object Repository/Header/Email/ClickOnSecndEmailButton' is clicked on

2022-02-10 21:40:29 - [TEST_STEP][PASSED] - delay(10): Delayed 10 second(s)

2022-02-10 21:40:39 - [MESSAGE][PASSED] - Delayed 10 second(s)

2022-02-10 21:40:39 - [TEST_STEP][PASSED] - takeScreenshot(): Taking screenshot successfully

2022-02-10 21:40:39 - [MESSAGE][PASSED] - Taking screenshot successfully
[[ATTACHMENT|D:\\xampp\\htdocs\\training\\Training\\Rattan\\Final_testing\\New_ActivityOverview\\Reports\\20220210_213735\\EmailDownloadPreview\\20220210_213735\\1644509439189.png]]

2022-02-10 21:40:39 - [TEST_STEP][PASSED] - click(findTestObject("Object Repository/Header/Email/EmailVoucher")): Object: 'Object Repository/Header/Email/EmailVoucher' is clicked on

2022-02-10 21:40:42 - [MESSAGE][PASSED] - Object: 'Object Repository/Header/Email/EmailVoucher' is clicked on

2022-02-10 21:40:42 - [TEST_STEP][PASSED] - delay(2): Delayed 2 second(s)

2022-02-10 21:40:44 - [MESSAGE][PASSED] - Delayed 2 second(s)

2022-02-10 21:40:44 - [TEST_STEP][PASSED] - takeScreenshot(): Taking screenshot successfully

2022-02-10 21:40:44 - [MESSAGE][PASSED] - Taking screenshot successfully
[[ATTACHMENT|D:\\xampp\\htdocs\\training\\Training\\Rattan\\Final_testing\\New_ActivityOverview\\Reports\\20220210_213735\\EmailDownloadPreview\\20220210_213735\\1644509444623.png]]

2022-02-10 21:40:44 - [TEST_STEP][PASSED] - setText(findTestObject("Object Repository/Header/Email/InputEmails"), "rattan.intersoft@gmail.com"): Text 'rattan.intersoft@gmail.com' is set on object 'Object Repository/Header/Email/InputEmails'

2022-02-10 21:40:51 - [MESSAGE][PASSED] - Text 'rattan.intersoft@gmail.com' is set on object 'Object Repository/Header/Email/InputEmails'

2022-02-10 21:40:51 - [TEST_STEP][PASSED] - delay(2): Delayed 2 second(s)

2022-02-10 21:40:53 - [MESSAGE][PASSED] - Delayed 2 second(s)

2022-02-10 21:40:53 - [TEST_STEP][PASSED] - takeScreenshot(): Taking screenshot successfully

2022-02-10 21:40:53 - [MESSAGE][PASSED] - Taking screenshot successfully
[[ATTACHMENT|D:\\xampp\\htdocs\\training\\Training\\Rattan\\Final_testing\\New_ActivityOverview\\Reports\\20220210_213735\\EmailDownloadPreview\\20220210_213735\\1644509453208.png]]

2022-02-10 21:40:53 - [TEST_STEP][PASSED] - click(findTestObject("Object Repository/Header/Email/SendButton")): Object: 'Object Repository/Header/Email/SendButton' is clicked on

2022-02-10 21:40:56 - [MESSAGE][PASSED] - Object: 'Object Repository/Header/Email/SendButton' is clicked on

2022-02-10 21:40:56 - [TEST_STEP][PASSED] - delay(10): Delayed 10 second(s)

2022-02-10 21:41:06 - [MESSAGE][PASSED] - Delayed 10 second(s)

2022-02-10 21:41:06 - [TEST_STEP][PASSED] - click(findTestObject("Object Repository/Header/Email/ClickOnSecndEmailButton")): Object: 'Object Repository/Header/Email/ClickOnSecndEmailButton' is clicked on

2022-02-10 21:41:09 - [MESSAGE][PASSED] - Object: 'Object Repository/Header/Email/ClickOnSecndEmailButton' is clicked on

2022-02-10 21:41:09 - [TEST_STEP][PASSED] - delay(10): Delayed 10 second(s)

2022-02-10 21:41:19 - [MESSAGE][PASSED] - Delayed 10 second(s)

2022-02-10 21:41:19 - [TEST_STEP][PASSED] - takeScreenshot(): Taking screenshot successfully

2022-02-10 21:41:20 - [MESSAGE][PASSED] - Taking screenshot successfully
[[ATTACHMENT|D:\\xampp\\htdocs\\training\\Training\\Rattan\\Final_testing\\New_ActivityOverview\\Reports\\20220210_213735\\EmailDownloadPreview\\20220210_213735\\1644509479874.png]]

2022-02-10 21:41:20 - [TEST_STEP][PASSED] - click(findTestObject("Object Repository/Header/Email/EmailReceipt")): Object: 'Object Repository/Header/Email/EmailReceipt' is clicked on

2022-02-10 21:41:23 - [MESSAGE][PASSED] - Object: 'Object Repository/Header/Email/EmailReceipt' is clicked on

2022-02-10 21:41:23 - [TEST_STEP][PASSED] - delay(2): Delayed 2 second(s)

2022-02-10 21:41:25 - [MESSAGE][PASSED] - Delayed 2 second(s)

2022-02-10 21:41:25 - [TEST_STEP][PASSED] - takeScreenshot(): Taking screenshot successfully

2022-02-10 21:41:25 - [MESSAGE][PASSED] - Taking screenshot successfully
[[ATTACHMENT|D:\\xampp\\htdocs\\training\\Training\\Rattan\\Final_testing\\New_ActivityOverview\\Reports\\20220210_213735\\EmailDownloadPreview\\20220210_213735\\1644509485316.png]]

2022-02-10 21:41:25 - [TEST_STEP][PASSED] - setText(findTestObject("Object Repository/Header/Email/InputEmails"), "rattan.intersoft@gmail.com"): Text 'rattan.intersoft@gmail.com' is set on object 'Object Repository/Header/Email/InputEmails'

2022-02-10 21:41:31 - [MESSAGE][PASSED] - Text 'rattan.intersoft@gmail.com' is set on object 'Object Repository/Header/Email/InputEmails'

2022-02-10 21:41:31 - [TEST_STEP][PASSED] - delay(2): Delayed 2 second(s)

2022-02-10 21:41:33 - [MESSAGE][PASSED] - Delayed 2 second(s)

2022-02-10 21:41:33 - [TEST_STEP][PASSED] - takeScreenshot(): Taking screenshot successfully

2022-02-10 21:41:34 - [MESSAGE][PASSED] - Taking screenshot successfully
[[ATTACHMENT|D:\\xampp\\htdocs\\training\\Training\\Rattan\\Final_testing\\New_ActivityOverview\\Reports\\20220210_213735\\EmailDownloadPreview\\20220210_213735\\1644509493864.png]]

2022-02-10 21:41:34 - [TEST_STEP][PASSED] - click(findTestObject("Object Repository/Header/Email/SendButton")): Object: 'Object Repository/Header/Email/SendButton' is clicked on

2022-02-10 21:41:37 - [MESSAGE][PASSED] - Object: 'Object Repository/Header/Email/SendButton' is clicked on

2022-02-10 21:41:37 - [TEST_STEP][PASSED] - delay(10): Delayed 10 second(s)

2022-02-10 21:41:47 - [MESSAGE][PASSED] - Delayed 10 second(s)

2022-02-10 21:41:47 - [TEST_STEP][PASSED] - click(findTestObject("Object Repository/Header/Download/ClickOnDownloadIcon")): Object: 'Object Repository/Header/Download/ClickOnDownloadIcon' is clicked on

2022-02-10 21:41:50 - [MESSAGE][PASSED] - Object: 'Object Repository/Header/Download/ClickOnDownloadIcon' is clicked on

2022-02-10 21:41:50 - [TEST_STEP][PASSED] - delay(2): Delayed 2 second(s)

2022-02-10 21:41:52 - [MESSAGE][PASSED] - Delayed 2 second(s)

2022-02-10 21:41:52 - [TEST_STEP][PASSED] - takeScreenshot(): Taking screenshot successfully

2022-02-10 21:41:52 - [MESSAGE][PASSED] - Taking screenshot successfully
[[ATTACHMENT|D:\\xampp\\htdocs\\training\\Training\\Rattan\\Final_testing\\New_ActivityOverview\\Reports\\20220210_213735\\EmailDownloadPreview\\20220210_213735\\1644509512570.png]]

2022-02-10 21:41:52 - [TEST_STEP][PASSED] - click(findTestObject("Object Repository/Header/Download/DownloadVoucher")): Object: 'Object Repository/Header/Download/DownloadVoucher' is clicked on

2022-02-10 21:41:55 - [MESSAGE][PASSED] - Object: 'Object Repository/Header/Download/DownloadVoucher' is clicked on

2022-02-10 21:41:55 - [TEST_STEP][PASSED] - delay(2): Delayed 2 second(s)

2022-02-10 21:41:57 - [MESSAGE][PASSED] - Delayed 2 second(s)

2022-02-10 21:41:57 - [TEST_STEP][PASSED] - takeScreenshot(): Taking screenshot successfully

2022-02-10 21:41:59 - [MESSAGE][PASSED] - Taking screenshot successfully
[[ATTACHMENT|D:\\xampp\\htdocs\\training\\Training\\Rattan\\Final_testing\\New_ActivityOverview\\Reports\\20220210_213735\\EmailDownloadPreview\\20220210_213735\\1644509518863.png]]

2022-02-10 21:41:59 - [TEST_STEP][PASSED] - click(findTestObject("Object Repository/Header/Download/ClickOnDownloadIcon")): Object: 'Object Repository/Header/Download/ClickOnDownloadIcon' is clicked on

2022-02-10 21:42:02 - [MESSAGE][PASSED] - Object: 'Object Repository/Header/Download/ClickOnDownloadIcon' is clicked on

2022-02-10 21:42:02 - [TEST_STEP][PASSED] - delay(2): Delayed 2 second(s)

2022-02-10 21:42:04 - [MESSAGE][PASSED] - Delayed 2 second(s)

2022-02-10 21:42:04 - [TEST_STEP][PASSED] - takeScreenshot(): Taking screenshot successfully

2022-02-10 21:42:04 - [MESSAGE][PASSED] - Taking screenshot successfully
[[ATTACHMENT|D:\\xampp\\htdocs\\training\\Training\\Rattan\\Final_testing\\New_ActivityOverview\\Reports\\20220210_213735\\EmailDownloadPreview\\20220210_213735\\1644509524450.png]]

2022-02-10 21:42:04 - [TEST_STEP][PASSED] - click(findTestObject("Object Repository/Header/Download/Downloadreceipt")): Object: 'Object Repository/Header/Download/Downloadreceipt' is clicked on

2022-02-10 21:42:07 - [MESSAGE][PASSED] - Object: 'Object Repository/Header/Download/Downloadreceipt' is clicked on

2022-02-10 21:42:07 - [TEST_STEP][PASSED] - delay(2): Delayed 2 second(s)

2022-02-10 21:42:09 - [MESSAGE][PASSED] - Delayed 2 second(s)

2022-02-10 21:42:09 - [TEST_STEP][PASSED] - takeScreenshot(): Taking screenshot successfully

2022-02-10 21:42:10 - [MESSAGE][PASSED] - Taking screenshot successfully
[[ATTACHMENT|D:\\xampp\\htdocs\\training\\Training\\Rattan\\Final_testing\\New_ActivityOverview\\Reports\\20220210_213735\\EmailDownloadPreview\\20220210_213735\\1644509530425.png]]

2022-02-10 21:42:10 - [TEST_STEP][PASSED] - UrlToClick = findWebElement(findTestObject("Object Repository/Header/CopyUrl/CopyUrl")).getAttribute("data-href_url"): null

2022-02-10 21:42:10 - [TEST_STEP][PASSED] - println(UrlToClick): null

2022-02-10 21:42:10 - [TEST_STEP][PASSED] - ActivityUrl = UrlToClick: null

2022-02-10 21:42:10 - [TEST_STEP][PASSED] - switchToWindowIndex(1): Switched to window with index: '1'

2022-02-10 21:42:11 - [MESSAGE][PASSED] - Switched to window with index: '1'

2022-02-10 21:42:11 - [TEST_STEP][PASSED] - delay(5): Delayed 5 second(s)

2022-02-10 21:42:16 - [MESSAGE][PASSED] - Delayed 5 second(s)

2022-02-10 21:42:16 - [TEST_STEP][PASSED] - navigateToUrl(ActivityUrl): Navigate to 'https://activity.test-prio.com/orders/164449182980504' successfully

2022-02-10 21:42:20 - [MESSAGE][PASSED] - Navigate to 'https://activity.test-prio.com/orders/164449182980504' successfully

2022-02-10 21:42:20 - [TEST_STEP][PASSED] - takeScreenshot(): Taking screenshot successfully

2022-02-10 21:42:21 - [MESSAGE][PASSED] - Taking screenshot successfully
[[ATTACHMENT|D:\\xampp\\htdocs\\training\\Training\\Rattan\\Final_testing\\New_ActivityOverview\\Reports\\20220210_213735\\EmailDownloadPreview\\20220210_213735\\1644509541489.png]]

2022-02-10 21:42:21 - [TEST_STEP][PASSED] - switchToDefaultContent(): null

2022-02-10 21:42:21 - [TEST_STEP][PASSED] - if (sizeoflisting < 2): null]]></system-out>
         <system-err><![CDATA[]]></system-err>
      </testcase>
      <testcase name="Test Cases/NewActivityOverview-LeftNavigation/ActivityOverview-EmailDownloadPreview-CopiedURL" time="178.645" classname="Test Cases/NewActivityOverview-LeftNavigation/ActivityOverview-EmailDownloadPreview-CopiedURL" status="PASSED">
         <system-out><![CDATA[2022-02-10 21:42:21 - [TEST_CASE][PASSED] - Test Cases/NewActivityOverview-LeftNavigation/ActivityOverview-EmailDownloadPreview-CopiedURL: Test Cases/NewActivityOverview-LeftNavigation/ActivityOverview-EmailDownloadPreview-CopiedURL

2022-02-10 21:42:22 - [TEST_STEP][PASSED] - switchToWindowIndex(1): Switched to window with index: '1'

2022-02-10 21:42:22 - [MESSAGE][PASSED] - Switched to window with index: '1'

2022-02-10 21:42:22 - [TEST_STEP][PASSED] - delay(5): Delayed 5 second(s)

2022-02-10 21:42:27 - [MESSAGE][PASSED] - Delayed 5 second(s)

2022-02-10 21:42:27 - [TEST_STEP][PASSED] - navigateToUrl(ActivityUrl): Navigate to 'https://activity.test-prio.com/orders/164449182980504' successfully

2022-02-10 21:42:32 - [MESSAGE][PASSED] - Navigate to 'https://activity.test-prio.com/orders/164449182980504' successfully

2022-02-10 21:42:32 - [TEST_STEP][PASSED] - takeScreenshot(): Taking screenshot successfully

2022-02-10 21:42:32 - [MESSAGE][PASSED] - Taking screenshot successfully
[[ATTACHMENT|D:\\xampp\\htdocs\\training\\Training\\Rattan\\Final_testing\\New_ActivityOverview\\Reports\\20220210_213735\\EmailDownloadPreview\\20220210_213735\\1644509552798.png]]

2022-02-10 21:42:32 - [TEST_STEP][PASSED] - switchToDefaultContent(): null

2022-02-10 21:42:33 - [TEST_STEP][PASSED] - if (waitForElementClickable(findTestObject("Object Repository/Header/Preview/ClickOnPreviewIcon"), 15) == true): null

2022-02-10 21:42:33 - [MESSAGE][PASSED] - Object 'Object Repository/Header/Preview/ClickOnPreviewIcon' is clickable

2022-02-10 21:42:33 - [TEST_STEP][PASSED] - click(findTestObject("Object Repository/Header/Preview/ClickOnPreviewIcon")): Object: 'Object Repository/Header/Preview/ClickOnPreviewIcon' is clicked on

2022-02-10 21:42:36 - [MESSAGE][PASSED] - Object: 'Object Repository/Header/Preview/ClickOnPreviewIcon' is clicked on

2022-02-10 21:42:36 - [TEST_STEP][PASSED] - delay(10): Delayed 10 second(s)

2022-02-10 21:42:46 - [MESSAGE][PASSED] - Delayed 10 second(s)

2022-02-10 21:42:46 - [TEST_STEP][PASSED] - takeScreenshot(): Taking screenshot successfully

2022-02-10 21:42:47 - [MESSAGE][PASSED] - Taking screenshot successfully
[[ATTACHMENT|D:\\xampp\\htdocs\\training\\Training\\Rattan\\Final_testing\\New_ActivityOverview\\Reports\\20220210_213735\\EmailDownloadPreview\\20220210_213735\\1644509567077.png]]

2022-02-10 21:42:47 - [TEST_STEP][PASSED] - click(findTestObject("Object Repository/Header/Preview/PrintVoucher")): Object: 'Object Repository/Header/Preview/PrintVoucher' is clicked on

2022-02-10 21:42:50 - [MESSAGE][PASSED] - Object: 'Object Repository/Header/Preview/PrintVoucher' is clicked on

2022-02-10 21:42:50 - [TEST_STEP][PASSED] - delay(10): Delayed 10 second(s)

2022-02-10 21:43:00 - [MESSAGE][PASSED] - Delayed 10 second(s)

2022-02-10 21:43:00 - [TEST_STEP][PASSED] - takeScreenshot(): Taking screenshot successfully

2022-02-10 21:43:02 - [MESSAGE][PASSED] - Taking screenshot successfully
[[ATTACHMENT|D:\\xampp\\htdocs\\training\\Training\\Rattan\\Final_testing\\New_ActivityOverview\\Reports\\20220210_213735\\EmailDownloadPreview\\20220210_213735\\1644509582009.png]]

2022-02-10 21:43:02 - [TEST_STEP][PASSED] - click(findTestObject("Object Repository/Header/Preview/ClickOnPreviewIcon")): Object: 'Object Repository/Header/Preview/ClickOnPreviewIcon' is clicked on

2022-02-10 21:43:05 - [MESSAGE][PASSED] - Object: 'Object Repository/Header/Preview/ClickOnPreviewIcon' is clicked on

2022-02-10 21:43:05 - [TEST_STEP][PASSED] - delay(10): Delayed 10 second(s)

2022-02-10 21:43:15 - [MESSAGE][PASSED] - Delayed 10 second(s)

2022-02-10 21:43:15 - [TEST_STEP][PASSED] - takeScreenshot(): Taking screenshot successfully

2022-02-10 21:43:16 - [MESSAGE][PASSED] - Taking screenshot successfully
[[ATTACHMENT|D:\\xampp\\htdocs\\training\\Training\\Rattan\\Final_testing\\New_ActivityOverview\\Reports\\20220210_213735\\EmailDownloadPreview\\20220210_213735\\1644509595935.png]]

2022-02-10 21:43:16 - [TEST_STEP][PASSED] - click(findTestObject("Object Repository/Header/Preview/PrintReceipt")): Object: 'Object Repository/Header/Preview/PrintReceipt' is clicked on

2022-02-10 21:43:19 - [MESSAGE][PASSED] - Object: 'Object Repository/Header/Preview/PrintReceipt' is clicked on

2022-02-10 21:43:19 - [TEST_STEP][PASSED] - delay(10): Delayed 10 second(s)

2022-02-10 21:43:29 - [MESSAGE][PASSED] - Delayed 10 second(s)

2022-02-10 21:43:29 - [TEST_STEP][PASSED] - takeScreenshot(): Taking screenshot successfully

2022-02-10 21:43:31 - [MESSAGE][PASSED] - Taking screenshot successfully
[[ATTACHMENT|D:\\xampp\\htdocs\\training\\Training\\Rattan\\Final_testing\\New_ActivityOverview\\Reports\\20220210_213735\\EmailDownloadPreview\\20220210_213735\\1644509611035.png]]

2022-02-10 21:43:31 - [TEST_STEP][PASSED] - click(findTestObject("Object Repository/Header/Email/ClickOnSecndEmailButton")): Object: 'Object Repository/Header/Email/ClickOnSecndEmailButton' is clicked on

2022-02-10 21:43:34 - [MESSAGE][PASSED] - Object: 'Object Repository/Header/Email/ClickOnSecndEmailButton' is clicked on

2022-02-10 21:43:34 - [TEST_STEP][PASSED] - delay(10): Delayed 10 second(s)

2022-02-10 21:43:44 - [MESSAGE][PASSED] - Delayed 10 second(s)

2022-02-10 21:43:44 - [TEST_STEP][PASSED] - takeScreenshot(): Taking screenshot successfully

2022-02-10 21:43:45 - [MESSAGE][PASSED] - Taking screenshot successfully
[[ATTACHMENT|D:\\xampp\\htdocs\\training\\Training\\Rattan\\Final_testing\\New_ActivityOverview\\Reports\\20220210_213735\\EmailDownloadPreview\\20220210_213735\\1644509624953.png]]

2022-02-10 21:43:45 - [TEST_STEP][PASSED] - click(findTestObject("Object Repository/Header/Email/EmailVoucher")): Object: 'Object Repository/Header/Email/EmailVoucher' is clicked on

2022-02-10 21:43:48 - [MESSAGE][PASSED] - Object: 'Object Repository/Header/Email/EmailVoucher' is clicked on

2022-02-10 21:43:48 - [TEST_STEP][PASSED] - delay(2): Delayed 2 second(s)

2022-02-10 21:43:50 - [MESSAGE][PASSED] - Delayed 2 second(s)

2022-02-10 21:43:50 - [TEST_STEP][PASSED] - takeScreenshot(): Taking screenshot successfully

2022-02-10 21:43:50 - [MESSAGE][PASSED] - Taking screenshot successfully
[[ATTACHMENT|D:\\xampp\\htdocs\\training\\Training\\Rattan\\Final_testing\\New_ActivityOverview\\Reports\\20220210_213735\\EmailDownloadPreview\\20220210_213735\\1644509630783.png]]

2022-02-10 21:43:50 - [TEST_STEP][PASSED] - setText(findTestObject("Object Repository/Header/Email/InputEmails"), "rattan.intersoft@gmail.com"): Text 'rattan.intersoft@gmail.com' is set on object 'Object Repository/Header/Email/InputEmails'

2022-02-10 21:43:57 - [MESSAGE][PASSED] - Text 'rattan.intersoft@gmail.com' is set on object 'Object Repository/Header/Email/InputEmails'

2022-02-10 21:43:57 - [TEST_STEP][PASSED] - delay(2): Delayed 2 second(s)

2022-02-10 21:43:59 - [MESSAGE][PASSED] - Delayed 2 second(s)

2022-02-10 21:43:59 - [TEST_STEP][PASSED] - takeScreenshot(): Taking screenshot successfully

2022-02-10 21:44:00 - [MESSAGE][PASSED] - Taking screenshot successfully
[[ATTACHMENT|D:\\xampp\\htdocs\\training\\Training\\Rattan\\Final_testing\\New_ActivityOverview\\Reports\\20220210_213735\\EmailDownloadPreview\\20220210_213735\\1644509640050.png]]

2022-02-10 21:44:00 - [TEST_STEP][PASSED] - click(findTestObject("Object Repository/Header/Email/SendButton")): Object: 'Object Repository/Header/Email/SendButton' is clicked on

2022-02-10 21:44:03 - [MESSAGE][PASSED] - Object: 'Object Repository/Header/Email/SendButton' is clicked on

2022-02-10 21:44:03 - [TEST_STEP][PASSED] - delay(10): Delayed 10 second(s)

2022-02-10 21:44:13 - [MESSAGE][PASSED] - Delayed 10 second(s)

2022-02-10 21:44:13 - [TEST_STEP][PASSED] - click(findTestObject("Object Repository/Header/Email/ClickOnSecndEmailButton")): Object: 'Object Repository/Header/Email/ClickOnSecndEmailButton' is clicked on

2022-02-10 21:44:17 - [MESSAGE][PASSED] - Object: 'Object Repository/Header/Email/ClickOnSecndEmailButton' is clicked on

2022-02-10 21:44:17 - [TEST_STEP][PASSED] - delay(10): Delayed 10 second(s)

2022-02-10 21:44:27 - [MESSAGE][PASSED] - Delayed 10 second(s)

2022-02-10 21:44:27 - [TEST_STEP][PASSED] - takeScreenshot(): Taking screenshot successfully

2022-02-10 21:44:27 - [MESSAGE][PASSED] - Taking screenshot successfully
[[ATTACHMENT|D:\\xampp\\htdocs\\training\\Training\\Rattan\\Final_testing\\New_ActivityOverview\\Reports\\20220210_213735\\EmailDownloadPreview\\20220210_213735\\1644509667354.png]]

2022-02-10 21:44:27 - [TEST_STEP][PASSED] - click(findTestObject("Object Repository/Header/Email/EmailReceipt")): Object: 'Object Repository/Header/Email/EmailReceipt' is clicked on

2022-02-10 21:44:31 - [MESSAGE][PASSED] - Object: 'Object Repository/Header/Email/EmailReceipt' is clicked on

2022-02-10 21:44:31 - [TEST_STEP][PASSED] - delay(2): Delayed 2 second(s)

2022-02-10 21:44:33 - [MESSAGE][PASSED] - Delayed 2 second(s)

2022-02-10 21:44:33 - [TEST_STEP][PASSED] - takeScreenshot(): Taking screenshot successfully

2022-02-10 21:44:33 - [MESSAGE][PASSED] - Taking screenshot successfully
[[ATTACHMENT|D:\\xampp\\htdocs\\training\\Training\\Rattan\\Final_testing\\New_ActivityOverview\\Reports\\20220210_213735\\EmailDownloadPreview\\20220210_213735\\1644509673266.png]]

2022-02-10 21:44:33 - [TEST_STEP][PASSED] - setText(findTestObject("Object Repository/Header/Email/InputEmails"), "rattan.intersoft@gmail.com"): Text 'rattan.intersoft@gmail.com' is set on object 'Object Repository/Header/Email/InputEmails'

2022-02-10 21:44:40 - [MESSAGE][PASSED] - Text 'rattan.intersoft@gmail.com' is set on object 'Object Repository/Header/Email/InputEmails'

2022-02-10 21:44:40 - [TEST_STEP][PASSED] - delay(2): Delayed 2 second(s)

2022-02-10 21:44:42 - [MESSAGE][PASSED] - Delayed 2 second(s)

2022-02-10 21:44:42 - [TEST_STEP][PASSED] - takeScreenshot(): Taking screenshot successfully

2022-02-10 21:44:42 - [MESSAGE][PASSED] - Taking screenshot successfully
[[ATTACHMENT|D:\\xampp\\htdocs\\training\\Training\\Rattan\\Final_testing\\New_ActivityOverview\\Reports\\20220210_213735\\EmailDownloadPreview\\20220210_213735\\1644509682466.png]]

2022-02-10 21:44:42 - [TEST_STEP][PASSED] - click(findTestObject("Object Repository/Header/Email/SendButton")): Object: 'Object Repository/Header/Email/SendButton' is clicked on

2022-02-10 21:44:46 - [MESSAGE][PASSED] - Object: 'Object Repository/Header/Email/SendButton' is clicked on

2022-02-10 21:44:46 - [TEST_STEP][PASSED] - delay(10): Delayed 10 second(s)

2022-02-10 21:44:56 - [MESSAGE][PASSED] - Delayed 10 second(s)

2022-02-10 21:44:56 - [TEST_STEP][PASSED] - click(findTestObject("Object Repository/Header/Download/ClickOnDownloadIcon")): Object: 'Object Repository/Header/Download/ClickOnDownloadIcon' is clicked on

2022-02-10 21:44:59 - [MESSAGE][PASSED] - Object: 'Object Repository/Header/Download/ClickOnDownloadIcon' is clicked on

2022-02-10 21:44:59 - [TEST_STEP][PASSED] - delay(2): Delayed 2 second(s)

2022-02-10 21:45:01 - [MESSAGE][PASSED] - Delayed 2 second(s)

2022-02-10 21:45:01 - [TEST_STEP][PASSED] - takeScreenshot(): Taking screenshot successfully

2022-02-10 21:45:02 - [MESSAGE][PASSED] - Taking screenshot successfully
[[ATTACHMENT|D:\\xampp\\htdocs\\training\\Training\\Rattan\\Final_testing\\New_ActivityOverview\\Reports\\20220210_213735\\EmailDownloadPreview\\20220210_213735\\1644509701919.png]]

2022-02-10 21:45:02 - [TEST_STEP][PASSED] - click(findTestObject("Object Repository/Header/Download/DownloadVoucher")): Object: 'Object Repository/Header/Download/DownloadVoucher' is clicked on

2022-02-10 21:45:05 - [MESSAGE][PASSED] - Object: 'Object Repository/Header/Download/DownloadVoucher' is clicked on

2022-02-10 21:45:05 - [TEST_STEP][PASSED] - delay(2): Delayed 2 second(s)

2022-02-10 21:45:07 - [MESSAGE][PASSED] - Delayed 2 second(s)

2022-02-10 21:45:07 - [TEST_STEP][PASSED] - takeScreenshot(): Taking screenshot successfully

2022-02-10 21:45:08 - [MESSAGE][PASSED] - Taking screenshot successfully
[[ATTACHMENT|D:\\xampp\\htdocs\\training\\Training\\Rattan\\Final_testing\\New_ActivityOverview\\Reports\\20220210_213735\\EmailDownloadPreview\\20220210_213735\\1644509708264.png]]

2022-02-10 21:45:08 - [TEST_STEP][PASSED] - click(findTestObject("Object Repository/Header/Download/ClickOnDownloadIcon")): Object: 'Object Repository/Header/Download/ClickOnDownloadIcon' is clicked on

2022-02-10 21:45:11 - [MESSAGE][PASSED] - Object: 'Object Repository/Header/Download/ClickOnDownloadIcon' is clicked on

2022-02-10 21:45:11 - [TEST_STEP][PASSED] - delay(2): Delayed 2 second(s)

2022-02-10 21:45:13 - [MESSAGE][PASSED] - Delayed 2 second(s)

2022-02-10 21:45:13 - [TEST_STEP][PASSED] - takeScreenshot(): Taking screenshot successfully

2022-02-10 21:45:14 - [MESSAGE][PASSED] - Taking screenshot successfully
[[ATTACHMENT|D:\\xampp\\htdocs\\training\\Training\\Rattan\\Final_testing\\New_ActivityOverview\\Reports\\20220210_213735\\EmailDownloadPreview\\20220210_213735\\1644509714119.png]]

2022-02-10 21:45:14 - [TEST_STEP][PASSED] - click(findTestObject("Object Repository/Header/Download/Downloadreceipt")): Object: 'Object Repository/Header/Download/Downloadreceipt' is clicked on

2022-02-10 21:45:17 - [MESSAGE][PASSED] - Object: 'Object Repository/Header/Download/Downloadreceipt' is clicked on

2022-02-10 21:45:17 - [TEST_STEP][PASSED] - delay(2): Delayed 2 second(s)

2022-02-10 21:45:19 - [MESSAGE][PASSED] - Delayed 2 second(s)

2022-02-10 21:45:19 - [TEST_STEP][PASSED] - takeScreenshot(): Taking screenshot successfully

2022-02-10 21:45:20 - [MESSAGE][PASSED] - Taking screenshot successfully
[[ATTACHMENT|D:\\xampp\\htdocs\\training\\Training\\Rattan\\Final_testing\\New_ActivityOverview\\Reports\\20220210_213735\\EmailDownloadPreview\\20220210_213735\\1644509720185.png]]]]></system-out>
         <system-err><![CDATA[]]></system-err>
      </testcase>
      <system-out><![CDATA[2022-02-10 21:37:47 - [TEST_SUITE][PASSED] - EmailDownloadPreview: Test Cases/NewActivityOverview-LeftNavigation/ActivityOverview-EmailDownloadPreview-CopiedURL]]></system-out>
      <system-err><![CDATA[]]></system-err>
   </testsuite>
</testsuites>
