<?xml version="1.0" encoding="UTF-8"?>
<testsuites name="CancelSingleBookingNotHavingStatusRefunded" time="102.919" tests="1" failures="0" errors="0">
   <testsuite name="CancelSingleBookingNotHavingStatusRefunded" tests="1" failures="0" errors="0" time="102.919" skipped="0" timestamp="2022-02-10 16:31:52" hostname="intersoft-admin - intersoftadmin-desktop" id="Test Suites/CancelSingleBookingNotHavingStatusRefunded">
      <properties>
         <property name="deviceName" value=""/>
         <property name="devicePlatform" value=""/>
         <property name="logFolder" value="/home/intersoft-admin/Rattan/Bash/Training/Rattan/Final_testing/New_ActivityOverview/Reports/20220210_163143/CancelSingleBookingNotHavingStatusRefunded/20220210_163143"/>
         <property name="logFiles" value="/home/intersoft-admin/Rattan/Bash/Training/Rattan/Final_testing/New_ActivityOverview/Reports/20220210_163143/CancelSingleBookingNotHavingStatusRefunded/20220210_163143/execution0.log"/>
         <property name="attachments" value="/home/intersoft-admin/Rattan/Bash/Training/Rattan/Final_testing/New_ActivityOverview/Reports/20220210_163143/CancelSingleBookingNotHavingStatusRefunded/20220210_163143/1644490939912.png, /home/intersoft-admin/Rattan/Bash/Training/Rattan/Final_testing/New_ActivityOverview/Reports/20220210_163143/CancelSingleBookingNotHavingStatusRefunded/20220210_163143/1644490955083.png, /home/intersoft-admin/Rattan/Bash/Training/Rattan/Final_testing/New_ActivityOverview/Reports/20220210_163143/CancelSingleBookingNotHavingStatusRefunded/20220210_163143/1644490975614.png, /home/intersoft-admin/Rattan/Bash/Training/Rattan/Final_testing/New_ActivityOverview/Reports/20220210_163143/CancelSingleBookingNotHavingStatusRefunded/20220210_163143/1644490976010.png, /home/intersoft-admin/Rattan/Bash/Training/Rattan/Final_testing/New_ActivityOverview/Reports/20220210_163143/CancelSingleBookingNotHavingStatusRefunded/20220210_163143/1644490979347.png, /home/intersoft-admin/Rattan/Bash/Training/Rattan/Final_testing/New_ActivityOverview/Reports/20220210_163143/CancelSingleBookingNotHavingStatusRefunded/20220210_163143/1644490987142.png, /home/intersoft-admin/Rattan/Bash/Training/Rattan/Final_testing/New_ActivityOverview/Reports/20220210_163143/CancelSingleBookingNotHavingStatusRefunded/20220210_163143/1644490993493.png, /home/intersoft-admin/Rattan/Bash/Training/Rattan/Final_testing/New_ActivityOverview/Reports/20220210_163143/CancelSingleBookingNotHavingStatusRefunded/20220210_163143/1644491002977.png, /home/intersoft-admin/Rattan/Bash/Training/Rattan/Final_testing/New_ActivityOverview/Reports/20220210_163143/CancelSingleBookingNotHavingStatusRefunded/20220210_163143/1644491015529.png"/>
         <property name="hostName" value="intersoft-admin - intersoftadmin-desktop"/>
         <property name="os" value="Linux 64bit"/>
         <property name="katalonVersion" value="8.2.5.208"/>
         <property name="browser" value="Chrome 97.0.4692.99"/>
         <property name="hostAddress" value="127.0.1.1"/>
         <property name="sessionId" value="807726279559b57b1314388d04f01714"/>
         <property name="seleniumVersion" value="3.141.59"/>
         <property name="proxyInformation" value="ProxyInformation { proxyOption=NO_PROXY, proxyServerType=HTTP, username=, password=********, proxyServerAddress=, proxyServerPort=0, executionList=&quot;&quot;, isApplyToDesiredCapabilities=true }"/>
         <property name="platform" value="Linux"/>
      </properties>
      <testcase name="Test Cases/NewActivityOverview-LeftNavigation/ActivityOverview-CancelBooking" time="102.7" classname="Test Cases/NewActivityOverview-LeftNavigation/ActivityOverview-CancelBooking" status="PASSED">
         <system-out><![CDATA[2022-02-10 16:31:52 - [TEST_CASE][PASSED] - Test Cases/NewActivityOverview-LeftNavigation/ActivityOverview-CancelBooking: Test Cases/NewActivityOverview-LeftNavigation/ActivityOverview-CancelBooking

2022-02-10 16:31:53 - [TEST_STEP][PASSED] - callTestCase(findTestCase("LoginWithSuperAdmin/SuperAdmin-Login"), [:], STOP_ON_FAILURE): Call Test Case 'Test Cases/LoginWithSuperAdmin/SuperAdmin-Login' successfully

2022-02-10 16:31:53 - [TEST_CASE][PASSED] - Test Cases/LoginWithSuperAdmin/SuperAdmin-Login: Test Cases/LoginWithSuperAdmin/SuperAdmin-Login

2022-02-10 16:31:53 - [TEST_STEP][PASSED] - openBrowser(""): Browser is opened with url: ''

2022-02-10 16:31:53 - [MESSAGE][INFO] - Starting 'Chrome' driver

2022-02-10 16:31:54 - [MESSAGE][INFO] - Action delay is set to 3,000 milliseconds

2022-02-10 16:31:54 - [MESSAGE][PASSED] - Browser is opened with url: ''

2022-02-10 16:31:54 - [TEST_STEP][PASSED] - setViewPortSize(1920, 1080): Viewport is set to new size with width = 1920 and height = 1080

2022-02-10 16:31:55 - [MESSAGE][PASSED] - Viewport is set to new size with width = 1920 and height = 1080

2022-02-10 16:31:55 - [TEST_STEP][PASSED] - navigateToUrl(URL): Navigate to 'https://marketplacev1.test-prio.com' successfully

2022-02-10 16:32:00 - [MESSAGE][PASSED] - Navigate to 'https://marketplacev1.test-prio.com' successfully

2022-02-10 16:32:00 - [TEST_STEP][PASSED] - delay(3): Delayed 3 second(s)

2022-02-10 16:32:03 - [MESSAGE][PASSED] - Delayed 3 second(s)

2022-02-10 16:32:03 - [TEST_STEP][PASSED] - click(findTestObject("SuperAdmin/Login/input_Email_contact_email")): Object: 'Object Repository/SuperAdmin/Login/input_Email_contact_email' is clicked on

2022-02-10 16:32:06 - [MESSAGE][PASSED] - Object: 'Object Repository/SuperAdmin/Login/input_Email_contact_email' is clicked on

2022-02-10 16:32:06 - [TEST_STEP][PASSED] - setText(findTestObject("SuperAdmin/Login/input_Email_contact_email"), uname): Text 'superadmin@tippoint.com' is set on object 'Object Repository/SuperAdmin/Login/input_Email_contact_email'

2022-02-10 16:32:13 - [MESSAGE][PASSED] - Text 'superadmin@tippoint.com' is set on object 'Object Repository/SuperAdmin/Login/input_Email_contact_email'

2022-02-10 16:32:13 - [TEST_STEP][PASSED] - setEncryptedText(findTestObject("SuperAdmin/Login/input_Password_password"), Password): Text ****** has been set on object 'Object Repository/SuperAdmin/Login/input_Password_password'

2022-02-10 16:32:19 - [MESSAGE][PASSED] - Text ****** has been set on object 'Object Repository/SuperAdmin/Login/input_Password_password'

2022-02-10 16:32:19 - [TEST_STEP][PASSED] - takeScreenshot(): Taking screenshot successfully

2022-02-10 16:32:20 - [MESSAGE][PASSED] - Taking screenshot successfully
[[ATTACHMENT|/home/intersoft-admin/Rattan/Bash/Training/Rattan/Final_testing/New_ActivityOverview/Reports/20220210_163143/CancelSingleBookingNotHavingStatusRefunded/20220210_163143/1644490939912.png]]

2022-02-10 16:32:20 - [TEST_STEP][PASSED] - newpackage.clickUsingJS.clickUsingJS(findTestObject("SuperAdmin/Login/button_Sign in"), 5): newpackage.clickUsingJS.clickUsingJS is PASSED

2022-02-10 16:32:20 - [MESSAGE][PASSED] - newpackage.clickUsingJS.clickUsingJS is PASSED

2022-02-10 16:32:20 - [MESSAGE][PASSED] - Call Test Case 'Test Cases/LoginWithSuperAdmin/SuperAdmin-Login' successfully

2022-02-10 16:32:20 - [TEST_STEP][PASSED] - switchToDefaultContent(): null

2022-02-10 16:32:20 - [TEST_STEP][PASSED] - click(findTestObject("SuperAdminLeftNavigation/NewActivityOverview-LeftNavigation")): Object: 'Object Repository/SuperAdminLeftNavigation/NewActivityOverview-LeftNavigation' is clicked on

2022-02-10 16:32:34 - [MESSAGE][PASSED] - Object: 'Object Repository/SuperAdminLeftNavigation/NewActivityOverview-LeftNavigation' is clicked on

2022-02-10 16:32:34 - [TEST_STEP][PASSED] - takeScreenshot(): Taking screenshot successfully

2022-02-10 16:32:35 - [MESSAGE][PASSED] - Taking screenshot successfully
[[ATTACHMENT|/home/intersoft-admin/Rattan/Bash/Training/Rattan/Final_testing/New_ActivityOverview/Reports/20220210_163143/CancelSingleBookingNotHavingStatusRefunded/20220210_163143/1644490955083.png]]

2022-02-10 16:32:35 - [TEST_STEP][PASSED] - switchToFrame(findTestObject("Object Repository/Iframe/NewActivityOverviewIframe"), 5): null

2022-02-10 16:32:35 - [TEST_STEP][PASSED] - delay(20): Delayed 20 second(s)

2022-02-10 16:32:55 - [MESSAGE][PASSED] - Delayed 20 second(s)

2022-02-10 16:32:55 - [TEST_STEP][PASSED] - takeScreenshot(): Taking screenshot successfully

2022-02-10 16:32:55 - [MESSAGE][PASSED] - Taking screenshot successfully
[[ATTACHMENT|/home/intersoft-admin/Rattan/Bash/Training/Rattan/Final_testing/New_ActivityOverview/Reports/20220210_163143/CancelSingleBookingNotHavingStatusRefunded/20220210_163143/1644490975614.png]]

2022-02-10 16:32:55 - [TEST_STEP][PASSED] - sizeoflisting = findWebElements(findTestObject("ListingArea/ListingContainsData"), 5).size(): null

2022-02-10 16:32:55 - [TEST_STEP][PASSED] - println(sizeoflisting): null

2022-02-10 16:32:55 - [TEST_STEP][PASSED] - logInfo(Size of Order Listing: $sizeoflisting): Size of Order Listing: 11

2022-02-10 16:32:55 - [MESSAGE][INFO] - Size of Order Listing: 11

2022-02-10 16:32:55 - [TEST_STEP][PASSED] - if (sizeoflisting > 2): null

2022-02-10 16:32:55 - [TEST_STEP][PASSED] - logInfo("Orders Exist in Listing"): Orders Exist in Listing

2022-02-10 16:32:55 - [MESSAGE][INFO] - Orders Exist in Listing

2022-02-10 16:32:55 - [TEST_STEP][PASSED] - SizeofActiveBookings = findWebElements(findTestObject("Object Repository/CancelAndRefund/OrderListWithoutRefundedStatus"), 5).size(): null

2022-02-10 16:32:55 - [TEST_STEP][PASSED] - logInfo(Size of Active Bookings: $SizeofActiveBookings): Size of Active Bookings: 9

2022-02-10 16:32:55 - [MESSAGE][INFO] - Size of Active Bookings: 9

2022-02-10 16:32:55 - [TEST_STEP][PASSED] - for ([refund = 1, refund < SizeofActiveBookings, (refund++)]): null

2022-02-10 16:32:55 - [TEST_STEP][PASSED] - if (refund == 1): null

2022-02-10 16:32:55 - [TEST_STEP][PASSED] - refund = SizeofActiveBookings: null

2022-02-10 16:32:55 - [TEST_STEP][PASSED] - logInfo(Size of refund booking: $refund): Size of refund booking: 9

2022-02-10 16:32:55 - [MESSAGE][INFO] - Size of refund booking: 9

2022-02-10 16:32:55 - [TEST_STEP][PASSED] - scrollToElement(findTestObject("Object Repository/CancelAndRefund/OrderListWithoutRefundedStatus - Click", ["position":refund]), 15): Scroll to object 'Object Repository/CancelAndRefund/OrderListWithoutRefundedStatus - Click' successfully

2022-02-10 16:32:55 - [MESSAGE][PASSED] - Scroll to object 'Object Repository/CancelAndRefund/OrderListWithoutRefundedStatus - Click' successfully

2022-02-10 16:32:55 - [TEST_STEP][PASSED] - takeScreenshot(): Taking screenshot successfully

2022-02-10 16:32:56 - [MESSAGE][PASSED] - Taking screenshot successfully
[[ATTACHMENT|/home/intersoft-admin/Rattan/Bash/Training/Rattan/Final_testing/New_ActivityOverview/Reports/20220210_163143/CancelSingleBookingNotHavingStatusRefunded/20220210_163143/1644490976010.png]]

2022-02-10 16:32:56 - [TEST_STEP][PASSED] - click(findTestObject("Object Repository/CancelAndRefund/OrderListWithoutRefundedStatus - Click", ["position":refund])): Object: 'Object Repository/CancelAndRefund/OrderListWithoutRefundedStatus - Click' is clicked on

2022-02-10 16:32:59 - [MESSAGE][PASSED] - Object: 'Object Repository/CancelAndRefund/OrderListWithoutRefundedStatus - Click' is clicked on

2022-02-10 16:32:59 - [TEST_STEP][PASSED] - takeScreenshot(): Taking screenshot successfully

2022-02-10 16:32:59 - [MESSAGE][PASSED] - Taking screenshot successfully
[[ATTACHMENT|/home/intersoft-admin/Rattan/Bash/Training/Rattan/Final_testing/New_ActivityOverview/Reports/20220210_163143/CancelSingleBookingNotHavingStatusRefunded/20220210_163143/1644490979347.png]]

2022-02-10 16:32:59 - [TEST_STEP][PASSED] - if (waitForElementClickable(findTestObject("Object Repository/CancelAndRefund/CancelBookingButton"), 15)): null

2022-02-10 16:33:00 - [MESSAGE][PASSED] - Object 'Object Repository/CancelAndRefund/CancelBookingButton' is clickable

2022-02-10 16:33:00 - [TEST_STEP][PASSED] - click(findTestObject("Object Repository/CancelAndRefund/CancelBookingButton")): Object: 'Object Repository/CancelAndRefund/CancelBookingButton' is clicked on

2022-02-10 16:33:04 - [MESSAGE][PASSED] - Object: 'Object Repository/CancelAndRefund/CancelBookingButton' is clicked on

2022-02-10 16:33:04 - [TEST_STEP][PASSED] - delay(3): Delayed 3 second(s)

2022-02-10 16:33:07 - [MESSAGE][PASSED] - Delayed 3 second(s)

2022-02-10 16:33:07 - [TEST_STEP][PASSED] - takeScreenshot(): Taking screenshot successfully

2022-02-10 16:33:07 - [MESSAGE][PASSED] - Taking screenshot successfully
[[ATTACHMENT|/home/intersoft-admin/Rattan/Bash/Training/Rattan/Final_testing/New_ActivityOverview/Reports/20220210_163143/CancelSingleBookingNotHavingStatusRefunded/20220210_163143/1644490987142.png]]

2022-02-10 16:33:07 - [TEST_STEP][PASSED] - if (waitForElementClickable(findTestObject("Object Repository/CancelAndRefund/CancelButton - OnRefundPop-up"), 15)): null

2022-02-10 16:33:07 - [MESSAGE][PASSED] - Object 'Object Repository/CancelAndRefund/CancelButton - OnRefundPop-up' is clickable

2022-02-10 16:33:07 - [TEST_STEP][PASSED] - click(findTestObject("Object Repository/CancelAndRefund/CancelButton - OnRefundPop-up")): Object: 'Object Repository/CancelAndRefund/CancelButton - OnRefundPop-up' is clicked on

2022-02-10 16:33:10 - [MESSAGE][PASSED] - Object: 'Object Repository/CancelAndRefund/CancelButton - OnRefundPop-up' is clicked on

2022-02-10 16:33:10 - [TEST_STEP][PASSED] - delay(3): Delayed 3 second(s)

2022-02-10 16:33:13 - [MESSAGE][PASSED] - Delayed 3 second(s)

2022-02-10 16:33:13 - [TEST_STEP][PASSED] - takeScreenshot(): Taking screenshot successfully

2022-02-10 16:33:13 - [MESSAGE][PASSED] - Taking screenshot successfully
[[ATTACHMENT|/home/intersoft-admin/Rattan/Bash/Training/Rattan/Final_testing/New_ActivityOverview/Reports/20220210_163143/CancelSingleBookingNotHavingStatusRefunded/20220210_163143/1644490993493.png]]

2022-02-10 16:33:13 - [TEST_STEP][PASSED] - click(findTestObject("Object Repository/CancelAndRefund/CancelBookingButton")): Object: 'Object Repository/CancelAndRefund/CancelBookingButton' is clicked on

2022-02-10 16:33:16 - [MESSAGE][PASSED] - Object: 'Object Repository/CancelAndRefund/CancelBookingButton' is clicked on

2022-02-10 16:33:16 - [TEST_STEP][PASSED] - if (refund < 4): null

2022-02-10 16:33:16 - [TEST_STEP][PASSED] - if (refund <= 6 && refund >= 4): null

2022-02-10 16:33:16 - [TEST_STEP][PASSED] - if (refund > 6): null

2022-02-10 16:33:16 - [TEST_STEP][PASSED] - if (waitForElementClickable(findTestObject("Object Repository/CancelAndRefund/RefundOptionRadio"), 15)): null

2022-02-10 16:33:16 - [MESSAGE][PASSED] - Object 'Object Repository/CancelAndRefund/RefundOptionRadio' is clickable

2022-02-10 16:33:16 - [TEST_STEP][PASSED] - click(findTestObject("Object Repository/CancelAndRefund/RefundOptionRadio")): Object: 'Object Repository/CancelAndRefund/RefundOptionRadio' is clicked on

2022-02-10 16:33:19 - [MESSAGE][PASSED] - Object: 'Object Repository/CancelAndRefund/RefundOptionRadio' is clicked on

2022-02-10 16:33:19 - [TEST_STEP][PASSED] - delay(3): Delayed 3 second(s)

2022-02-10 16:33:22 - [MESSAGE][PASSED] - Delayed 3 second(s)

2022-02-10 16:33:22 - [TEST_STEP][PASSED] - takeScreenshot(): Taking screenshot successfully

2022-02-10 16:33:23 - [MESSAGE][PASSED] - Taking screenshot successfully
[[ATTACHMENT|/home/intersoft-admin/Rattan/Bash/Training/Rattan/Final_testing/New_ActivityOverview/Reports/20220210_163143/CancelSingleBookingNotHavingStatusRefunded/20220210_163143/1644491002977.png]]

2022-02-10 16:33:23 - [TEST_STEP][PASSED] - setText(findTestObject("Object Repository/CancelAndRefund/ReasonForCancellation"), CancellationReason): Text 'Order Refunded to Test Automation Testing Under Katalon' is set on object 'Object Repository/CancelAndRefund/ReasonForCancellation'

2022-02-10 16:33:29 - [MESSAGE][PASSED] - Text 'Order Refunded to Test Automation Testing Under Katalon' is set on object 'Object Repository/CancelAndRefund/ReasonForCancellation'

2022-02-10 16:33:29 - [TEST_STEP][PASSED] - click(findTestObject("Object Repository/CancelAndRefund/ConfirmCancellationButton")): Object: 'Object Repository/CancelAndRefund/ConfirmCancellationButton' is clicked on

2022-02-10 16:33:32 - [MESSAGE][PASSED] - Object: 'Object Repository/CancelAndRefund/ConfirmCancellationButton' is clicked on

2022-02-10 16:33:32 - [TEST_STEP][PASSED] - delay(3): Delayed 3 second(s)

2022-02-10 16:33:35 - [MESSAGE][PASSED] - Delayed 3 second(s)

2022-02-10 16:33:35 - [TEST_STEP][PASSED] - takeScreenshot(): Taking screenshot successfully

2022-02-10 16:33:35 - [MESSAGE][PASSED] - Taking screenshot successfully
[[ATTACHMENT|/home/intersoft-admin/Rattan/Bash/Training/Rattan/Final_testing/New_ActivityOverview/Reports/20220210_163143/CancelSingleBookingNotHavingStatusRefunded/20220210_163143/1644491015529.png]]

2022-02-10 16:33:35 - [TEST_STEP][PASSED] - if (sizeoflisting < 2): null]]></system-out>
         <system-err><![CDATA[]]></system-err>
      </testcase>
      <system-out><![CDATA[2022-02-10 16:31:52 - [TEST_SUITE][PASSED] - CancelSingleBookingNotHavingStatusRefunded: Test Cases/NewActivityOverview-LeftNavigation/ActivityOverview-CancelBooking]]></system-out>
      <system-err><![CDATA[]]></system-err>
   </testsuite>
</testsuites>
