<?xml version="1.0" encoding="UTF-8"?>
<testsuites name="CancelAndRefundMultipleBookings-CopiedURL" time="1058.057" tests="1" failures="0" errors="0">
   <testsuite name="CancelAndRefundMultipleBookings-CopiedURL" tests="1" failures="0" errors="0" time="1058.057" skipped="0" timestamp="2022-02-14 14:00:57" hostname="intersoft-admin - intersoftadmin-desktop" id="Test Suites/CancelAndRefundMultipleBookings-CopiedURL">
      <properties>
         <property name="deviceName" value=""/>
         <property name="devicePlatform" value=""/>
         <property name="logFolder" value="/home/intersoft-admin/Rattan/Bash/Training/Rattan/Final_testing/New_ActivityOverview/Reports/20220214_115757/CancelAndRefundMultipleBookings-CopiedURL/20220214_115814"/>
         <property name="logFiles" value="/home/intersoft-admin/Rattan/Bash/Training/Rattan/Final_testing/New_ActivityOverview/Reports/20220214_115757/CancelAndRefundMultipleBookings-CopiedURL/20220214_115814/execution0.log"/>
         <property name="attachments" value="/home/intersoft-admin/Rattan/Bash/Training/Rattan/Final_testing/New_ActivityOverview/Reports/20220214_115757/CancelAndRefundMultipleBookings-CopiedURL/20220214_115814/1644827484968.png, /home/intersoft-admin/Rattan/Bash/Training/Rattan/Final_testing/New_ActivityOverview/Reports/20220214_115757/CancelAndRefundMultipleBookings-CopiedURL/20220214_115814/1644827500630.png, /home/intersoft-admin/Rattan/Bash/Training/Rattan/Final_testing/New_ActivityOverview/Reports/20220214_115757/CancelAndRefundMultipleBookings-CopiedURL/20220214_115814/1644827511047.png, /home/intersoft-admin/Rattan/Bash/Training/Rattan/Final_testing/New_ActivityOverview/Reports/20220214_115757/CancelAndRefundMultipleBookings-CopiedURL/20220214_115814/1644827542583.png, /home/intersoft-admin/Rattan/Bash/Training/Rattan/Final_testing/New_ActivityOverview/Reports/20220214_115757/CancelAndRefundMultipleBookings-CopiedURL/20220214_115814/1644827565966.png, /home/intersoft-admin/Rattan/Bash/Training/Rattan/Final_testing/New_ActivityOverview/Reports/20220214_115757/CancelAndRefundMultipleBookings-CopiedURL/20220214_115814/1644827566269.png, /home/intersoft-admin/Rattan/Bash/Training/Rattan/Final_testing/New_ActivityOverview/Reports/20220214_115757/CancelAndRefundMultipleBookings-CopiedURL/20220214_115814/1644827589676.png, /home/intersoft-admin/Rattan/Bash/Training/Rattan/Final_testing/New_ActivityOverview/Reports/20220214_115757/CancelAndRefundMultipleBookings-CopiedURL/20220214_115814/1644827596049.png, /home/intersoft-admin/Rattan/Bash/Training/Rattan/Final_testing/New_ActivityOverview/Reports/20220214_115757/CancelAndRefundMultipleBookings-CopiedURL/20220214_115814/1644827609768.png, /home/intersoft-admin/Rattan/Bash/Training/Rattan/Final_testing/New_ActivityOverview/Reports/20220214_115757/CancelAndRefundMultipleBookings-CopiedURL/20220214_115814/1644827623067.png, /home/intersoft-admin/Rattan/Bash/Training/Rattan/Final_testing/New_ActivityOverview/Reports/20220214_115757/CancelAndRefundMultipleBookings-CopiedURL/20220214_115814/1644827633029.png, /home/intersoft-admin/Rattan/Bash/Training/Rattan/Final_testing/New_ActivityOverview/Reports/20220214_115757/CancelAndRefundMultipleBookings-CopiedURL/20220214_115814/1644827639991.png, /home/intersoft-admin/Rattan/Bash/Training/Rattan/Final_testing/New_ActivityOverview/Reports/20220214_115757/CancelAndRefundMultipleBookings-CopiedURL/20220214_115814/1644827647845.png, /home/intersoft-admin/Rattan/Bash/Training/Rattan/Final_testing/New_ActivityOverview/Reports/20220214_115757/CancelAndRefundMultipleBookings-CopiedURL/20220214_115814/1644827654754.png, /home/intersoft-admin/Rattan/Bash/Training/Rattan/Final_testing/New_ActivityOverview/Reports/20220214_115757/CancelAndRefundMultipleBookings-CopiedURL/20220214_115814/1644827665142.png, /home/intersoft-admin/Rattan/Bash/Training/Rattan/Final_testing/New_ActivityOverview/Reports/20220214_115757/CancelAndRefundMultipleBookings-CopiedURL/20220214_115814/1644827678428.png, /home/intersoft-admin/Rattan/Bash/Training/Rattan/Final_testing/New_ActivityOverview/Reports/20220214_115757/CancelAndRefundMultipleBookings-CopiedURL/20220214_115814/1644827731353.png, /home/intersoft-admin/Rattan/Bash/Training/Rattan/Final_testing/New_ActivityOverview/Reports/20220214_115757/CancelAndRefundMultipleBookings-CopiedURL/20220214_115814/1644827731620.png, /home/intersoft-admin/Rattan/Bash/Training/Rattan/Final_testing/New_ActivityOverview/Reports/20220214_115757/CancelAndRefundMultipleBookings-CopiedURL/20220214_115814/1644827755015.png, /home/intersoft-admin/Rattan/Bash/Training/Rattan/Final_testing/New_ActivityOverview/Reports/20220214_115757/CancelAndRefundMultipleBookings-CopiedURL/20220214_115814/1644827761459.png, /home/intersoft-admin/Rattan/Bash/Training/Rattan/Final_testing/New_ActivityOverview/Reports/20220214_115757/CancelAndRefundMultipleBookings-CopiedURL/20220214_115814/1644827774841.png, /home/intersoft-admin/Rattan/Bash/Training/Rattan/Final_testing/New_ActivityOverview/Reports/20220214_115757/CancelAndRefundMultipleBookings-CopiedURL/20220214_115814/1644827788126.png, /home/intersoft-admin/Rattan/Bash/Training/Rattan/Final_testing/New_ActivityOverview/Reports/20220214_115757/CancelAndRefundMultipleBookings-CopiedURL/20220214_115814/1644827798349.png, /home/intersoft-admin/Rattan/Bash/Training/Rattan/Final_testing/New_ActivityOverview/Reports/20220214_115757/CancelAndRefundMultipleBookings-CopiedURL/20220214_115814/1644827805301.png, /home/intersoft-admin/Rattan/Bash/Training/Rattan/Final_testing/New_ActivityOverview/Reports/20220214_115757/CancelAndRefundMultipleBookings-CopiedURL/20220214_115814/1644827812872.png, /home/intersoft-admin/Rattan/Bash/Training/Rattan/Final_testing/New_ActivityOverview/Reports/20220214_115757/CancelAndRefundMultipleBookings-CopiedURL/20220214_115814/1644827819777.png, /home/intersoft-admin/Rattan/Bash/Training/Rattan/Final_testing/New_ActivityOverview/Reports/20220214_115757/CancelAndRefundMultipleBookings-CopiedURL/20220214_115814/1644827830213.png, /home/intersoft-admin/Rattan/Bash/Training/Rattan/Final_testing/New_ActivityOverview/Reports/20220214_115757/CancelAndRefundMultipleBookings-CopiedURL/20220214_115814/1644827843471.png, /home/intersoft-admin/Rattan/Bash/Training/Rattan/Final_testing/New_ActivityOverview/Reports/20220214_115757/CancelAndRefundMultipleBookings-CopiedURL/20220214_115814/1644827896436.png, /home/intersoft-admin/Rattan/Bash/Training/Rattan/Final_testing/New_ActivityOverview/Reports/20220214_115757/CancelAndRefundMultipleBookings-CopiedURL/20220214_115814/1644827896745.png, /home/intersoft-admin/Rattan/Bash/Training/Rattan/Final_testing/New_ActivityOverview/Reports/20220214_115757/CancelAndRefundMultipleBookings-CopiedURL/20220214_115814/1644827920113.png, /home/intersoft-admin/Rattan/Bash/Training/Rattan/Final_testing/New_ActivityOverview/Reports/20220214_115757/CancelAndRefundMultipleBookings-CopiedURL/20220214_115814/1644827926476.png, /home/intersoft-admin/Rattan/Bash/Training/Rattan/Final_testing/New_ActivityOverview/Reports/20220214_115757/CancelAndRefundMultipleBookings-CopiedURL/20220214_115814/1644827939843.png, /home/intersoft-admin/Rattan/Bash/Training/Rattan/Final_testing/New_ActivityOverview/Reports/20220214_115757/CancelAndRefundMultipleBookings-CopiedURL/20220214_115814/1644827953147.png, /home/intersoft-admin/Rattan/Bash/Training/Rattan/Final_testing/New_ActivityOverview/Reports/20220214_115757/CancelAndRefundMultipleBookings-CopiedURL/20220214_115814/1644827963059.png, /home/intersoft-admin/Rattan/Bash/Training/Rattan/Final_testing/New_ActivityOverview/Reports/20220214_115757/CancelAndRefundMultipleBookings-CopiedURL/20220214_115814/1644827970032.png, /home/intersoft-admin/Rattan/Bash/Training/Rattan/Final_testing/New_ActivityOverview/Reports/20220214_115757/CancelAndRefundMultipleBookings-CopiedURL/20220214_115814/1644827977592.png, /home/intersoft-admin/Rattan/Bash/Training/Rattan/Final_testing/New_ActivityOverview/Reports/20220214_115757/CancelAndRefundMultipleBookings-CopiedURL/20220214_115814/1644827984504.png, /home/intersoft-admin/Rattan/Bash/Training/Rattan/Final_testing/New_ActivityOverview/Reports/20220214_115757/CancelAndRefundMultipleBookings-CopiedURL/20220214_115814/1644827994855.png, /home/intersoft-admin/Rattan/Bash/Training/Rattan/Final_testing/New_ActivityOverview/Reports/20220214_115757/CancelAndRefundMultipleBookings-CopiedURL/20220214_115814/1644828008131.png, /home/intersoft-admin/Rattan/Bash/Training/Rattan/Final_testing/New_ActivityOverview/Reports/20220214_115757/CancelAndRefundMultipleBookings-CopiedURL/20220214_115814/1644828061088.png, /home/intersoft-admin/Rattan/Bash/Training/Rattan/Final_testing/New_ActivityOverview/Reports/20220214_115757/CancelAndRefundMultipleBookings-CopiedURL/20220214_115814/1644828061359.png, /home/intersoft-admin/Rattan/Bash/Training/Rattan/Final_testing/New_ActivityOverview/Reports/20220214_115757/CancelAndRefundMultipleBookings-CopiedURL/20220214_115814/1644828084727.png, /home/intersoft-admin/Rattan/Bash/Training/Rattan/Final_testing/New_ActivityOverview/Reports/20220214_115757/CancelAndRefundMultipleBookings-CopiedURL/20220214_115814/1644828091115.png, /home/intersoft-admin/Rattan/Bash/Training/Rattan/Final_testing/New_ActivityOverview/Reports/20220214_115757/CancelAndRefundMultipleBookings-CopiedURL/20220214_115814/1644828104466.png, /home/intersoft-admin/Rattan/Bash/Training/Rattan/Final_testing/New_ActivityOverview/Reports/20220214_115757/CancelAndRefundMultipleBookings-CopiedURL/20220214_115814/1644828117811.png, /home/intersoft-admin/Rattan/Bash/Training/Rattan/Final_testing/New_ActivityOverview/Reports/20220214_115757/CancelAndRefundMultipleBookings-CopiedURL/20220214_115814/1644828127869.png, /home/intersoft-admin/Rattan/Bash/Training/Rattan/Final_testing/New_ActivityOverview/Reports/20220214_115757/CancelAndRefundMultipleBookings-CopiedURL/20220214_115814/1644828134855.png, /home/intersoft-admin/Rattan/Bash/Training/Rattan/Final_testing/New_ActivityOverview/Reports/20220214_115757/CancelAndRefundMultipleBookings-CopiedURL/20220214_115814/1644828142412.png, /home/intersoft-admin/Rattan/Bash/Training/Rattan/Final_testing/New_ActivityOverview/Reports/20220214_115757/CancelAndRefundMultipleBookings-CopiedURL/20220214_115814/1644828149305.png, /home/intersoft-admin/Rattan/Bash/Training/Rattan/Final_testing/New_ActivityOverview/Reports/20220214_115757/CancelAndRefundMultipleBookings-CopiedURL/20220214_115814/1644828159638.png, /home/intersoft-admin/Rattan/Bash/Training/Rattan/Final_testing/New_ActivityOverview/Reports/20220214_115757/CancelAndRefundMultipleBookings-CopiedURL/20220214_115814/1644828172905.png, /home/intersoft-admin/Rattan/Bash/Training/Rattan/Final_testing/New_ActivityOverview/Reports/20220214_115757/CancelAndRefundMultipleBookings-CopiedURL/20220214_115814/1644828225820.png, /home/intersoft-admin/Rattan/Bash/Training/Rattan/Final_testing/New_ActivityOverview/Reports/20220214_115757/CancelAndRefundMultipleBookings-CopiedURL/20220214_115814/1644828226096.png, /home/intersoft-admin/Rattan/Bash/Training/Rattan/Final_testing/New_ActivityOverview/Reports/20220214_115757/CancelAndRefundMultipleBookings-CopiedURL/20220214_115814/1644828249472.png, /home/intersoft-admin/Rattan/Bash/Training/Rattan/Final_testing/New_ActivityOverview/Reports/20220214_115757/CancelAndRefundMultipleBookings-CopiedURL/20220214_115814/1644828255813.png, /home/intersoft-admin/Rattan/Bash/Training/Rattan/Final_testing/New_ActivityOverview/Reports/20220214_115757/CancelAndRefundMultipleBookings-CopiedURL/20220214_115814/1644828269159.png, /home/intersoft-admin/Rattan/Bash/Training/Rattan/Final_testing/New_ActivityOverview/Reports/20220214_115757/CancelAndRefundMultipleBookings-CopiedURL/20220214_115814/1644828282472.png, /home/intersoft-admin/Rattan/Bash/Training/Rattan/Final_testing/New_ActivityOverview/Reports/20220214_115757/CancelAndRefundMultipleBookings-CopiedURL/20220214_115814/1644828292718.png, /home/intersoft-admin/Rattan/Bash/Training/Rattan/Final_testing/New_ActivityOverview/Reports/20220214_115757/CancelAndRefundMultipleBookings-CopiedURL/20220214_115814/1644828299668.png, /home/intersoft-admin/Rattan/Bash/Training/Rattan/Final_testing/New_ActivityOverview/Reports/20220214_115757/CancelAndRefundMultipleBookings-CopiedURL/20220214_115814/1644828307467.png, /home/intersoft-admin/Rattan/Bash/Training/Rattan/Final_testing/New_ActivityOverview/Reports/20220214_115757/CancelAndRefundMultipleBookings-CopiedURL/20220214_115814/1644828314485.png, /home/intersoft-admin/Rattan/Bash/Training/Rattan/Final_testing/New_ActivityOverview/Reports/20220214_115757/CancelAndRefundMultipleBookings-CopiedURL/20220214_115814/1644828324924.png, /home/intersoft-admin/Rattan/Bash/Training/Rattan/Final_testing/New_ActivityOverview/Reports/20220214_115757/CancelAndRefundMultipleBookings-CopiedURL/20220214_115814/1644828331836.png, /home/intersoft-admin/Rattan/Bash/Training/Rattan/Final_testing/New_ActivityOverview/Reports/20220214_115757/CancelAndRefundMultipleBookings-CopiedURL/20220214_115814/1644828345160.png, /home/intersoft-admin/Rattan/Bash/Training/Rattan/Final_testing/New_ActivityOverview/Reports/20220214_115757/CancelAndRefundMultipleBookings-CopiedURL/20220214_115814/1644828352382.png, /home/intersoft-admin/Rattan/Bash/Training/Rattan/Final_testing/New_ActivityOverview/Reports/20220214_115757/CancelAndRefundMultipleBookings-CopiedURL/20220214_115814/1644828359284.png, /home/intersoft-admin/Rattan/Bash/Training/Rattan/Final_testing/New_ActivityOverview/Reports/20220214_115757/CancelAndRefundMultipleBookings-CopiedURL/20220214_115814/1644828369626.png, /home/intersoft-admin/Rattan/Bash/Training/Rattan/Final_testing/New_ActivityOverview/Reports/20220214_115757/CancelAndRefundMultipleBookings-CopiedURL/20220214_115814/1644828376535.png, /home/intersoft-admin/Rattan/Bash/Training/Rattan/Final_testing/New_ActivityOverview/Reports/20220214_115757/CancelAndRefundMultipleBookings-CopiedURL/20220214_115814/1644828389761.png, /home/intersoft-admin/Rattan/Bash/Training/Rattan/Final_testing/New_ActivityOverview/Reports/20220214_115757/CancelAndRefundMultipleBookings-CopiedURL/20220214_115814/1644828396461.png, /home/intersoft-admin/Rattan/Bash/Training/Rattan/Final_testing/New_ActivityOverview/Reports/20220214_115757/CancelAndRefundMultipleBookings-CopiedURL/20220214_115814/1644828403975.png, /home/intersoft-admin/Rattan/Bash/Training/Rattan/Final_testing/New_ActivityOverview/Reports/20220214_115757/CancelAndRefundMultipleBookings-CopiedURL/20220214_115814/1644828410882.png, /home/intersoft-admin/Rattan/Bash/Training/Rattan/Final_testing/New_ActivityOverview/Reports/20220214_115757/CancelAndRefundMultipleBookings-CopiedURL/20220214_115814/1644828421334.png, /home/intersoft-admin/Rattan/Bash/Training/Rattan/Final_testing/New_ActivityOverview/Reports/20220214_115757/CancelAndRefundMultipleBookings-CopiedURL/20220214_115814/1644828428225.png, /home/intersoft-admin/Rattan/Bash/Training/Rattan/Final_testing/New_ActivityOverview/Reports/20220214_115757/CancelAndRefundMultipleBookings-CopiedURL/20220214_115814/1644828441445.png, /home/intersoft-admin/Rattan/Bash/Training/Rattan/Final_testing/New_ActivityOverview/Reports/20220214_115757/CancelAndRefundMultipleBookings-CopiedURL/20220214_115814/1644828448658.png, /home/intersoft-admin/Rattan/Bash/Training/Rattan/Final_testing/New_ActivityOverview/Reports/20220214_115757/CancelAndRefundMultipleBookings-CopiedURL/20220214_115814/1644828455536.png, /home/intersoft-admin/Rattan/Bash/Training/Rattan/Final_testing/New_ActivityOverview/Reports/20220214_115757/CancelAndRefundMultipleBookings-CopiedURL/20220214_115814/1644828465946.png, /home/intersoft-admin/Rattan/Bash/Training/Rattan/Final_testing/New_ActivityOverview/Reports/20220214_115757/CancelAndRefundMultipleBookings-CopiedURL/20220214_115814/1644828472859.png, /home/intersoft-admin/Rattan/Bash/Training/Rattan/Final_testing/New_ActivityOverview/Reports/20220214_115757/CancelAndRefundMultipleBookings-CopiedURL/20220214_115814/1644828486110.png"/>
         <property name="hostName" value="intersoft-admin - intersoftadmin-desktop"/>
         <property name="os" value="Linux 64bit"/>
         <property name="katalonVersion" value="8.2.5.208"/>
         <property name="browser" value="Chrome 97.0.4692.99"/>
         <property name="hostAddress" value="127.0.1.1"/>
         <property name="sessionId" value="143e34a7738dad27c3535da7d6beb7f9"/>
         <property name="seleniumVersion" value="3.141.59"/>
         <property name="proxyInformation" value="ProxyInformation { proxyOption=NO_PROXY, proxyServerType=HTTP, username=, password=********, proxyServerAddress=, proxyServerPort=0, executionList=&quot;&quot;, isApplyToDesiredCapabilities=true }"/>
         <property name="platform" value="Linux"/>
      </properties>
      <testcase name="Test Cases/NewActivityOverview-LeftNavigation/ActivityOverview-CancelBooking-GetOrderIDAndRefund - CopiedURL" time="1057.812" classname="Test Cases/NewActivityOverview-LeftNavigation/ActivityOverview-CancelBooking-GetOrderIDAndRefund - CopiedURL" status="PASSED">
         <system-out><![CDATA[2022-02-14 14:00:58 - [TEST_CASE][PASSED] - Test Cases/NewActivityOverview-LeftNavigation/ActivityOverview-CancelBooking-GetOrderIDAndRefund - CopiedURL: Test Cases/NewActivityOverview-LeftNavigation/ActivityOverview-CancelBooking-GetOrderIDAndRefund - CopiedURL

2022-02-14 14:00:58 - [TEST_STEP][PASSED] - callTestCase(findTestCase("LoginWithSuperAdmin/SuperAdmin-Login"), [:], STOP_ON_FAILURE): Call Test Case 'Test Cases/LoginWithSuperAdmin/SuperAdmin-Login' successfully

2022-02-14 14:00:58 - [TEST_CASE][PASSED] - Test Cases/LoginWithSuperAdmin/SuperAdmin-Login: Test Cases/LoginWithSuperAdmin/SuperAdmin-Login

2022-02-14 14:00:58 - [TEST_STEP][PASSED] - openBrowser(""): Browser is opened with url: ''

2022-02-14 14:00:58 - [MESSAGE][INFO] - Starting 'Chrome' driver

2022-02-14 14:00:58 - [MESSAGE][INFO] - Action delay is set to 3,000 milliseconds

2022-02-14 14:00:59 - [MESSAGE][PASSED] - Browser is opened with url: ''

2022-02-14 14:00:59 - [TEST_STEP][PASSED] - setViewPortSize(1920, 1080): Viewport is set to new size with width = 1920 and height = 1080

2022-02-14 14:00:59 - [MESSAGE][PASSED] - Viewport is set to new size with width = 1920 and height = 1080

2022-02-14 14:00:59 - [TEST_STEP][PASSED] - navigateToUrl(URL): Navigate to 'https://marketplacev1.test-prio.com' successfully

2022-02-14 14:01:05 - [MESSAGE][PASSED] - Navigate to 'https://marketplacev1.test-prio.com' successfully

2022-02-14 14:01:05 - [TEST_STEP][PASSED] - delay(3): Delayed 3 second(s)

2022-02-14 14:01:08 - [MESSAGE][PASSED] - Delayed 3 second(s)

2022-02-14 14:01:08 - [TEST_STEP][PASSED] - click(findTestObject("SuperAdmin/Login/input_Email_contact_email")): Object: 'Object Repository/SuperAdmin/Login/input_Email_contact_email' is clicked on

2022-02-14 14:01:11 - [MESSAGE][PASSED] - Object: 'Object Repository/SuperAdmin/Login/input_Email_contact_email' is clicked on

2022-02-14 14:01:11 - [TEST_STEP][PASSED] - setText(findTestObject("SuperAdmin/Login/input_Email_contact_email"), uname): Text 'superadmin@tippoint.com' is set on object 'Object Repository/SuperAdmin/Login/input_Email_contact_email'

2022-02-14 14:01:18 - [MESSAGE][PASSED] - Text 'superadmin@tippoint.com' is set on object 'Object Repository/SuperAdmin/Login/input_Email_contact_email'

2022-02-14 14:01:18 - [TEST_STEP][PASSED] - setEncryptedText(findTestObject("SuperAdmin/Login/input_Password_password"), Password): Text ****** has been set on object 'Object Repository/SuperAdmin/Login/input_Password_password'

2022-02-14 14:01:24 - [MESSAGE][PASSED] - Text ****** has been set on object 'Object Repository/SuperAdmin/Login/input_Password_password'

2022-02-14 14:01:24 - [TEST_STEP][PASSED] - takeScreenshot(): Taking screenshot successfully

2022-02-14 14:01:25 - [MESSAGE][PASSED] - Taking screenshot successfully
[[ATTACHMENT|/home/intersoft-admin/Rattan/Bash/Training/Rattan/Final_testing/New_ActivityOverview/Reports/20220214_115757/CancelAndRefundMultipleBookings-CopiedURL/20220214_115814/1644827484968.png]]

2022-02-14 14:01:25 - [TEST_STEP][PASSED] - newpackage.clickUsingJS.clickUsingJS(findTestObject("SuperAdmin/Login/button_Sign in"), 5): newpackage.clickUsingJS.clickUsingJS is PASSED

2022-02-14 14:01:25 - [MESSAGE][PASSED] - newpackage.clickUsingJS.clickUsingJS is PASSED

2022-02-14 14:01:25 - [MESSAGE][PASSED] - Call Test Case 'Test Cases/LoginWithSuperAdmin/SuperAdmin-Login' successfully

2022-02-14 14:01:25 - [TEST_STEP][PASSED] - switchToDefaultContent(): null

2022-02-14 14:01:25 - [TEST_STEP][PASSED] - click(findTestObject("SuperAdminLeftNavigation/NewActivityOverview-LeftNavigation")): Object: 'Object Repository/SuperAdminLeftNavigation/NewActivityOverview-LeftNavigation' is clicked on

2022-02-14 14:01:39 - [MESSAGE][PASSED] - Object: 'Object Repository/SuperAdminLeftNavigation/NewActivityOverview-LeftNavigation' is clicked on

2022-02-14 14:01:39 - [TEST_STEP][PASSED] - takeScreenshot(): Taking screenshot successfully

2022-02-14 14:01:40 - [MESSAGE][PASSED] - Taking screenshot successfully
[[ATTACHMENT|/home/intersoft-admin/Rattan/Bash/Training/Rattan/Final_testing/New_ActivityOverview/Reports/20220214_115757/CancelAndRefundMultipleBookings-CopiedURL/20220214_115814/1644827500630.png]]

2022-02-14 14:01:40 - [TEST_STEP][PASSED] - switchToFrame(findTestObject("Object Repository/Iframe/NewActivityOverviewIframe"), 5): null

2022-02-14 14:01:41 - [TEST_STEP][PASSED] - delay(10): Delayed 10 second(s)

2022-02-14 14:01:51 - [MESSAGE][PASSED] - Delayed 10 second(s)

2022-02-14 14:01:51 - [TEST_STEP][PASSED] - takeScreenshot(): Taking screenshot successfully

2022-02-14 14:01:51 - [MESSAGE][PASSED] - Taking screenshot successfully
[[ATTACHMENT|/home/intersoft-admin/Rattan/Bash/Training/Rattan/Final_testing/New_ActivityOverview/Reports/20220214_115757/CancelAndRefundMultipleBookings-CopiedURL/20220214_115814/1644827511047.png]]

2022-02-14 14:01:51 - [TEST_STEP][PASSED] - sizeoflisting = findWebElements(findTestObject("ListingArea/ListingContainsData"), 5).size(): null

2022-02-14 14:01:51 - [TEST_STEP][PASSED] - println(sizeoflisting): null

2022-02-14 14:01:51 - [TEST_STEP][PASSED] - logInfo(Size of Order Listing: $sizeoflisting): Size of Order Listing: 11

2022-02-14 14:01:51 - [MESSAGE][INFO] - Size of Order Listing: 11

2022-02-14 14:01:51 - [TEST_STEP][PASSED] - if (sizeoflisting > 2): Delayed 13 second(s)

2022-02-14 14:01:51 - [TEST_STEP][PASSED] - logInfo("Orders Exist in Listing"): Orders Exist in Listing

2022-02-14 14:01:51 - [MESSAGE][INFO] - Orders Exist in Listing

2022-02-14 14:01:51 - [TEST_STEP][PASSED] - click(findTestObject("Object Repository/OrderPerPage/OrderPerPage_select")): Object: 'Object Repository/OrderPerPage/OrderPerPage_select' is clicked on

2022-02-14 14:01:54 - [MESSAGE][PASSED] - Object: 'Object Repository/OrderPerPage/OrderPerPage_select' is clicked on

2022-02-14 14:01:54 - [TEST_STEP][PASSED] - delay(5): Delayed 5 second(s)

2022-02-14 14:01:59 - [MESSAGE][PASSED] - Delayed 5 second(s)

2022-02-14 14:01:59 - [TEST_STEP][PASSED] - click(findTestObject("Object Repository/OrderPerPage/OrderPerPage-SelectOption")): Object: 'Object Repository/OrderPerPage/OrderPerPage-SelectOption' is clicked on

2022-02-14 14:02:02 - [MESSAGE][PASSED] - Object: 'Object Repository/OrderPerPage/OrderPerPage-SelectOption' is clicked on

2022-02-14 14:02:02 - [TEST_STEP][PASSED] - delay(20): Delayed 20 second(s)

2022-02-14 14:02:22 - [MESSAGE][PASSED] - Delayed 20 second(s)

2022-02-14 14:02:22 - [TEST_STEP][PASSED] - takeScreenshot(): Taking screenshot successfully

2022-02-14 14:02:22 - [MESSAGE][PASSED] - Taking screenshot successfully
[[ATTACHMENT|/home/intersoft-admin/Rattan/Bash/Training/Rattan/Final_testing/New_ActivityOverview/Reports/20220214_115757/CancelAndRefundMultipleBookings-CopiedURL/20220214_115814/1644827542583.png]]

2022-02-14 14:02:22 - [TEST_STEP][PASSED] - SizeofPagination = getText(findTestObject("Object Repository/PaginationCOunt/PaginationCount")): Text of object 'Object Repository/PaginationCOunt/PaginationCount' is: '100'

2022-02-14 14:02:22 - [MESSAGE][PASSED] - Text of object 'Object Repository/PaginationCOunt/PaginationCount' is: '100'

2022-02-14 14:02:22 - [TEST_STEP][PASSED] - println(SizeofPagination): null

2022-02-14 14:02:22 - [TEST_STEP][PASSED] - paginationmaxcount = Integer.parseInt(SizeofPagination): null

2022-02-14 14:02:22 - [TEST_STEP][PASSED] - paginationmaxcount = pagination: null

2022-02-14 14:02:22 - [TEST_STEP][PASSED] - logInfo(Size of Pagination: $paginationmaxcount): Size of Pagination: 5

2022-02-14 14:02:22 - [MESSAGE][INFO] - Size of Pagination: 5

2022-02-14 14:02:22 - [TEST_STEP][PASSED] - totalrecords = 0: null

2022-02-14 14:02:22 - [TEST_STEP][PASSED] - for ([l = 1, l <= paginationmaxcount, (l++)]): Delayed 13 second(s)

2022-02-14 14:02:22 - [TEST_STEP][PASSED] - if (l <= 5): null

2022-02-14 14:02:22 - [TEST_STEP][PASSED] - paginationvalue = l: null

2022-02-14 14:02:22 - [TEST_STEP][PASSED] - if (l > 5): null

2022-02-14 14:02:22 - [TEST_STEP][PASSED] - logInfo(Size of Pagination: $paginationvalue): Size of Pagination: 1

2022-02-14 14:02:22 - [MESSAGE][INFO] - Size of Pagination: 1

2022-02-14 14:02:22 - [TEST_STEP][PASSED] - click(findTestObject("Object Repository/PaginationCOunt/ClickOnPagination", ["pagination":paginationvalue])): Object: 'Object Repository/PaginationCOunt/ClickOnPagination' is clicked on

2022-02-14 14:02:25 - [MESSAGE][PASSED] - Object: 'Object Repository/PaginationCOunt/ClickOnPagination' is clicked on

2022-02-14 14:02:25 - [TEST_STEP][PASSED] - delay(20): Delayed 20 second(s)

2022-02-14 14:02:45 - [MESSAGE][PASSED] - Delayed 20 second(s)

2022-02-14 14:02:45 - [TEST_STEP][PASSED] - takeScreenshot(): Taking screenshot successfully

2022-02-14 14:02:46 - [MESSAGE][PASSED] - Taking screenshot successfully
[[ATTACHMENT|/home/intersoft-admin/Rattan/Bash/Training/Rattan/Final_testing/New_ActivityOverview/Reports/20220214_115757/CancelAndRefundMultipleBookings-CopiedURL/20220214_115814/1644827565966.png]]

2022-02-14 14:02:46 - [TEST_STEP][PASSED] - SizeofActiveBookings = findWebElements(findTestObject("Object Repository/CancelAndRefund/OrderListWithoutRefundedStatus"), 5).size(): null

2022-02-14 14:02:46 - [TEST_STEP][PASSED] - logInfo(Size of Active Bookings: $SizeofActiveBookings): Size of Active Bookings: 82

2022-02-14 14:02:46 - [MESSAGE][INFO] - Size of Active Bookings: 82

2022-02-14 14:02:46 - [TEST_STEP][PASSED] - for ([refund = 1, refund < SizeofActiveBookings, (refund++)]): Call Test Case 'Test Cases/StepToReUse/ActivityOverview-CancelBooking' successfully

2022-02-14 14:02:46 - [TEST_STEP][PASSED] - if (refund == 1): null

2022-02-14 14:02:46 - [TEST_STEP][PASSED] - refund = SizeofActiveBookings: null

2022-02-14 14:02:46 - [TEST_STEP][PASSED] - refundvalue = refund: null

2022-02-14 14:02:46 - [TEST_STEP][PASSED] - logInfo(Size of refund booking: $refund): Size of refund booking: 82

2022-02-14 14:02:46 - [MESSAGE][INFO] - Size of refund booking: 82

2022-02-14 14:02:46 - [TEST_STEP][PASSED] - scrollToElement(findTestObject("Object Repository/CancelAndRefund/OrderListWithoutRefundedStatus - Click", ["position":refund]), 15): Scroll to object 'Object Repository/CancelAndRefund/OrderListWithoutRefundedStatus - Click' successfully

2022-02-14 14:02:46 - [MESSAGE][PASSED] - Scroll to object 'Object Repository/CancelAndRefund/OrderListWithoutRefundedStatus - Click' successfully

2022-02-14 14:02:46 - [TEST_STEP][PASSED] - takeScreenshot(): Taking screenshot successfully

2022-02-14 14:02:46 - [MESSAGE][PASSED] - Taking screenshot successfully
[[ATTACHMENT|/home/intersoft-admin/Rattan/Bash/Training/Rattan/Final_testing/New_ActivityOverview/Reports/20220214_115757/CancelAndRefundMultipleBookings-CopiedURL/20220214_115814/1644827566269.png]]

2022-02-14 14:02:46 - [TEST_STEP][PASSED] - orderId = findWebElement(findTestObject("Object Repository/GetOrderID/GetOrderID", ["position":refund])).getAttribute("data-order_id"): null

2022-02-14 14:02:46 - [TEST_STEP][PASSED] - orderId = orderId: null

2022-02-14 14:02:46 - [TEST_STEP][PASSED] - logInfo(Order ID: $orderId): Order ID: 164464235565948

2022-02-14 14:02:46 - [MESSAGE][INFO] - Order ID: 164464235565948

2022-02-14 14:02:46 - [TEST_STEP][PASSED] - click(findTestObject("Object Repository/GetOrderID/GetOrderID", ["position":refund])): Object: 'Object Repository/GetOrderID/GetOrderID' is clicked on

2022-02-14 14:02:49 - [MESSAGE][PASSED] - Object: 'Object Repository/GetOrderID/GetOrderID' is clicked on

2022-02-14 14:02:49 - [TEST_STEP][PASSED] - delay(20): Delayed 20 second(s)

2022-02-14 14:03:09 - [MESSAGE][PASSED] - Delayed 20 second(s)

2022-02-14 14:03:09 - [TEST_STEP][PASSED] - takeScreenshot(): Taking screenshot successfully

2022-02-14 14:03:09 - [MESSAGE][PASSED] - Taking screenshot successfully
[[ATTACHMENT|/home/intersoft-admin/Rattan/Bash/Training/Rattan/Final_testing/New_ActivityOverview/Reports/20220214_115757/CancelAndRefundMultipleBookings-CopiedURL/20220214_115814/1644827589676.png]]

2022-02-14 14:03:09 - [TEST_STEP][PASSED] - if (waitForElementPresent(findTestObject("Object Repository/DetailPop-up/ExpanSection/ProductInformationExpandedSection-Exist"), 10)): null

2022-02-14 14:03:09 - [MESSAGE][PASSED] - Object 'Object Repository/DetailPop-up/ExpanSection/ProductInformationExpandedSection-Exist' is present

2022-02-14 14:03:09 - [TEST_STEP][PASSED] - logInfo("Product Expanded Section Exist"): Product Expanded Section Exist

2022-02-14 14:03:09 - [MESSAGE][INFO] - Product Expanded Section Exist

2022-02-14 14:03:09 - [TEST_STEP][PASSED] - click(findTestObject("DetailPop-up/ExpanSection/ProductInformationExpandedSection -Exist- ClickOnExpandedView")): Object: 'Object Repository/DetailPop-up/ExpanSection/ProductInformationExpandedSection -Exist- ClickOnExpandedView' is clicked on

2022-02-14 14:03:13 - [MESSAGE][PASSED] - Object: 'Object Repository/DetailPop-up/ExpanSection/ProductInformationExpandedSection -Exist- ClickOnExpandedView' is clicked on

2022-02-14 14:03:13 - [TEST_STEP][PASSED] - delay(3): Delayed 3 second(s)

2022-02-14 14:03:16 - [MESSAGE][PASSED] - Delayed 3 second(s)

2022-02-14 14:03:16 - [TEST_STEP][PASSED] - takeScreenshot(): Taking screenshot successfully

2022-02-14 14:03:16 - [MESSAGE][PASSED] - Taking screenshot successfully
[[ATTACHMENT|/home/intersoft-admin/Rattan/Bash/Training/Rattan/Final_testing/New_ActivityOverview/Reports/20220214_115757/CancelAndRefundMultipleBookings-CopiedURL/20220214_115814/1644827596049.png]]

2022-02-14 14:03:16 - [TEST_STEP][PASSED] - callTestCase(findTestCase("Test Cases/StepToReUse/StepTOCopyURLAndAddAnotherTab"), [:], CONTINUE_ON_FAILURE): Call Test Case 'Test Cases/StepToReUse/StepTOCopyURLAndAddAnotherTab' successfully

2022-02-14 14:03:16 - [TEST_CASE][PASSED] - Test Cases/StepToReUse/StepTOCopyURLAndAddAnotherTab: Test Cases/StepToReUse/StepTOCopyURLAndAddAnotherTab

2022-02-14 14:03:16 - [TEST_STEP][PASSED] - click(findTestObject("Object Repository/Header/Preview/ClickOnPreviewIcon")): Object: 'Object Repository/Header/Preview/ClickOnPreviewIcon' is clicked on

2022-02-14 14:03:19 - [MESSAGE][PASSED] - Object: 'Object Repository/Header/Preview/ClickOnPreviewIcon' is clicked on

2022-02-14 14:03:19 - [TEST_STEP][PASSED] - delay(10): Delayed 10 second(s)

2022-02-14 14:03:29 - [MESSAGE][PASSED] - Delayed 10 second(s)

2022-02-14 14:03:29 - [TEST_STEP][PASSED] - takeScreenshot(): Taking screenshot successfully

2022-02-14 14:03:29 - [MESSAGE][PASSED] - Taking screenshot successfully
[[ATTACHMENT|/home/intersoft-admin/Rattan/Bash/Training/Rattan/Final_testing/New_ActivityOverview/Reports/20220214_115757/CancelAndRefundMultipleBookings-CopiedURL/20220214_115814/1644827609768.png]]

2022-02-14 14:03:29 - [TEST_STEP][PASSED] - click(findTestObject("Object Repository/Header/Preview/PrintVoucher")): Object: 'Object Repository/Header/Preview/PrintVoucher' is clicked on

2022-02-14 14:03:33 - [MESSAGE][PASSED] - Object: 'Object Repository/Header/Preview/PrintVoucher' is clicked on

2022-02-14 14:03:33 - [TEST_STEP][PASSED] - delay(10): Delayed 10 second(s)

2022-02-14 14:03:43 - [MESSAGE][PASSED] - Delayed 10 second(s)

2022-02-14 14:03:43 - [TEST_STEP][PASSED] - takeScreenshot(): Taking screenshot successfully

2022-02-14 14:03:43 - [MESSAGE][PASSED] - Taking screenshot successfully
[[ATTACHMENT|/home/intersoft-admin/Rattan/Bash/Training/Rattan/Final_testing/New_ActivityOverview/Reports/20220214_115757/CancelAndRefundMultipleBookings-CopiedURL/20220214_115814/1644827623067.png]]

2022-02-14 14:03:43 - [TEST_STEP][PASSED] - UrlToClick = findWebElement(findTestObject("Object Repository/Header/CopyUrl/CopyUrl")).getAttribute("data-href_url"): null

2022-02-14 14:03:43 - [TEST_STEP][PASSED] - println(UrlToClick): null

2022-02-14 14:03:43 - [TEST_STEP][PASSED] - ActivityUrl = UrlToClick: null

2022-02-14 14:03:43 - [TEST_STEP][PASSED] - switchToWindowIndex(1): Switched to window with index: '1'

2022-02-14 14:03:43 - [MESSAGE][PASSED] - Switched to window with index: '1'

2022-02-14 14:03:43 - [TEST_STEP][PASSED] - delay(5): Delayed 5 second(s)

2022-02-14 14:03:48 - [MESSAGE][PASSED] - Delayed 5 second(s)

2022-02-14 14:03:48 - [TEST_STEP][PASSED] - navigateToUrl(ActivityUrl): Navigate to 'https://activity.test-prio.com/orders/164464235565948' successfully

2022-02-14 14:03:52 - [MESSAGE][PASSED] - Navigate to 'https://activity.test-prio.com/orders/164464235565948' successfully

2022-02-14 14:03:52 - [TEST_STEP][PASSED] - takeScreenshot(): Taking screenshot successfully

2022-02-14 14:03:53 - [MESSAGE][PASSED] - Taking screenshot successfully
[[ATTACHMENT|/home/intersoft-admin/Rattan/Bash/Training/Rattan/Final_testing/New_ActivityOverview/Reports/20220214_115757/CancelAndRefundMultipleBookings-CopiedURL/20220214_115814/1644827633029.png]]

2022-02-14 14:03:53 - [TEST_STEP][PASSED] - switchToDefaultContent(): null

2022-02-14 14:03:53 - [MESSAGE][PASSED] - Call Test Case 'Test Cases/StepToReUse/StepTOCopyURLAndAddAnotherTab' successfully

2022-02-14 14:03:53 - [TEST_STEP][PASSED] - bookingsize = findWebElements(findTestObject("Object Repository/DetailPop-up/ExpanSection/ProductSectionLength"), 5).size(): null

2022-02-14 14:03:53 - [TEST_STEP][PASSED] - logInfo(Size of Bookings on Product detail Pop-up: $bookingsize): Size of Bookings on Product detail Pop-up: 1

2022-02-14 14:03:53 - [MESSAGE][INFO] - Size of Bookings on Product detail Pop-up: 1

2022-02-14 14:03:53 - [TEST_STEP][PASSED] - for ([looping = 1, looping <= bookingsize, (looping++)]): Call Test Case 'Test Cases/StepToReUse/ActivityOverview-CancelBooking' successfully

2022-02-14 14:03:53 - [TEST_STEP][PASSED] - click(findTestObject("Object Repository/DetailPop-up/ExpanSection/ExpandProductSection", ["position":looping])): Object: 'Object Repository/DetailPop-up/ExpanSection/ExpandProductSection' is clicked on

2022-02-14 14:03:56 - [MESSAGE][PASSED] - Object: 'Object Repository/DetailPop-up/ExpanSection/ExpandProductSection' is clicked on

2022-02-14 14:03:56 - [TEST_STEP][PASSED] - delay(3): Delayed 3 second(s)

2022-02-14 14:03:59 - [MESSAGE][PASSED] - Delayed 3 second(s)

2022-02-14 14:03:59 - [TEST_STEP][PASSED] - takeScreenshot(): Taking screenshot successfully

2022-02-14 14:04:00 - [MESSAGE][PASSED] - Taking screenshot successfully
[[ATTACHMENT|/home/intersoft-admin/Rattan/Bash/Training/Rattan/Final_testing/New_ActivityOverview/Reports/20220214_115757/CancelAndRefundMultipleBookings-CopiedURL/20220214_115814/1644827639991.png]]

2022-02-14 14:04:00 - [TEST_STEP][PASSED] - callTestCase(findTestCase("Test Cases/StepToReUse/ActivityOverview-CancelBooking"), [:], CONTINUE_ON_FAILURE): Call Test Case 'Test Cases/StepToReUse/ActivityOverview-CancelBooking' successfully

2022-02-14 14:04:00 - [TEST_CASE][PASSED] - Test Cases/StepToReUse/ActivityOverview-CancelBooking: Test Cases/StepToReUse/ActivityOverview-CancelBooking

2022-02-14 14:04:00 - [TEST_STEP][PASSED] - logInfo(Refund Value: $GlobalVariable.refundvalue): Refund Value: 82

2022-02-14 14:04:00 - [MESSAGE][INFO] - Refund Value: 82

2022-02-14 14:04:00 - [TEST_STEP][PASSED] - cancelButtonSize = findWebElements(findTestObject("Object Repository/CancelAndRefund/CancelBookingButton"), 5).size(): null

2022-02-14 14:04:00 - [TEST_STEP][PASSED] - logInfo(Cancel Button Size: $cancelButtonSize): Cancel Button Size: 1

2022-02-14 14:04:00 - [MESSAGE][INFO] - Cancel Button Size: 1

2022-02-14 14:04:00 - [TEST_STEP][PASSED] - if (cancelButtonSize == 1): null

2022-02-14 14:04:00 - [TEST_STEP][PASSED] - if (waitForElementClickable(findTestObject("Object Repository/CancelAndRefund/CancelBookingButton"), 15) == true): null

2022-02-14 14:04:01 - [MESSAGE][PASSED] - Object 'Object Repository/CancelAndRefund/CancelBookingButton' is clickable

2022-02-14 14:04:01 - [TEST_STEP][PASSED] - scrollToElement(findTestObject("Object Repository/CancelAndRefund/CancelBookingButton"), 15): Scroll to object 'Object Repository/CancelAndRefund/CancelBookingButton' successfully

2022-02-14 14:04:01 - [MESSAGE][PASSED] - Scroll to object 'Object Repository/CancelAndRefund/CancelBookingButton' successfully

2022-02-14 14:04:01 - [TEST_STEP][PASSED] - click(findTestObject("Object Repository/CancelAndRefund/CancelBookingButton")): Object: 'Object Repository/CancelAndRefund/CancelBookingButton' is clicked on

2022-02-14 14:04:04 - [MESSAGE][PASSED] - Object: 'Object Repository/CancelAndRefund/CancelBookingButton' is clicked on

2022-02-14 14:04:04 - [TEST_STEP][PASSED] - delay(3): Delayed 3 second(s)

2022-02-14 14:04:07 - [MESSAGE][PASSED] - Delayed 3 second(s)

2022-02-14 14:04:07 - [TEST_STEP][PASSED] - takeScreenshot(): Taking screenshot successfully

2022-02-14 14:04:07 - [MESSAGE][PASSED] - Taking screenshot successfully
[[ATTACHMENT|/home/intersoft-admin/Rattan/Bash/Training/Rattan/Final_testing/New_ActivityOverview/Reports/20220214_115757/CancelAndRefundMultipleBookings-CopiedURL/20220214_115814/1644827647845.png]]

2022-02-14 14:04:07 - [TEST_STEP][PASSED] - if (waitForElementClickable(findTestObject("Object Repository/CancelAndRefund/CancelButton - OnRefundPop-up"), 15) == true): null

2022-02-14 14:04:08 - [MESSAGE][PASSED] - Object 'Object Repository/CancelAndRefund/CancelButton - OnRefundPop-up' is clickable

2022-02-14 14:04:08 - [TEST_STEP][PASSED] - click(findTestObject("Object Repository/CancelAndRefund/CancelButton - OnRefundPop-up")): Object: 'Object Repository/CancelAndRefund/CancelButton - OnRefundPop-up' is clicked on

2022-02-14 14:04:11 - [MESSAGE][PASSED] - Object: 'Object Repository/CancelAndRefund/CancelButton - OnRefundPop-up' is clicked on

2022-02-14 14:04:11 - [TEST_STEP][PASSED] - delay(3): Delayed 3 second(s)

2022-02-14 14:04:14 - [MESSAGE][PASSED] - Delayed 3 second(s)

2022-02-14 14:04:14 - [TEST_STEP][PASSED] - takeScreenshot(): Taking screenshot successfully

2022-02-14 14:04:14 - [MESSAGE][PASSED] - Taking screenshot successfully
[[ATTACHMENT|/home/intersoft-admin/Rattan/Bash/Training/Rattan/Final_testing/New_ActivityOverview/Reports/20220214_115757/CancelAndRefundMultipleBookings-CopiedURL/20220214_115814/1644827654754.png]]

2022-02-14 14:04:14 - [TEST_STEP][PASSED] - click(findTestObject("Object Repository/CancelAndRefund/CancelBookingButton")): Object: 'Object Repository/CancelAndRefund/CancelBookingButton' is clicked on

2022-02-14 14:04:18 - [MESSAGE][PASSED] - Object: 'Object Repository/CancelAndRefund/CancelBookingButton' is clicked on

2022-02-14 14:04:18 - [TEST_STEP][PASSED] - if (refundvalue < 4): null

2022-02-14 14:04:18 - [TEST_STEP][PASSED] - if (refundvalue <= 6 && refundvalue >= 4): null

2022-02-14 14:04:18 - [TEST_STEP][PASSED] - if (refundvalue > 6): null

2022-02-14 14:04:18 - [TEST_STEP][PASSED] - if (waitForElementVisible(findTestObject("Object Repository/CancelAndRefund/RefundOptionRadio"), 15) == true): null

2022-02-14 14:04:18 - [MESSAGE][PASSED] - Object 'Object Repository/CancelAndRefund/RefundOptionRadio' is visible

2022-02-14 14:04:18 - [TEST_STEP][PASSED] - click(findTestObject("Object Repository/CancelAndRefund/RefundOptionRadio")): Object: 'Object Repository/CancelAndRefund/RefundOptionRadio' is clicked on

2022-02-14 14:04:21 - [MESSAGE][PASSED] - Object: 'Object Repository/CancelAndRefund/RefundOptionRadio' is clicked on

2022-02-14 14:04:21 - [TEST_STEP][PASSED] - delay(3): Delayed 3 second(s)

2022-02-14 14:04:24 - [MESSAGE][PASSED] - Delayed 3 second(s)

2022-02-14 14:04:24 - [TEST_STEP][PASSED] - takeScreenshot(): Taking screenshot successfully

2022-02-14 14:04:25 - [MESSAGE][PASSED] - Taking screenshot successfully
[[ATTACHMENT|/home/intersoft-admin/Rattan/Bash/Training/Rattan/Final_testing/New_ActivityOverview/Reports/20220214_115757/CancelAndRefundMultipleBookings-CopiedURL/20220214_115814/1644827665142.png]]

2022-02-14 14:04:25 - [TEST_STEP][PASSED] - setText(findTestObject("Object Repository/CancelAndRefund/ReasonForCancellation"), CancellationReason): Text 'Order Refunded to Test Automation Testing Under Katalon' is set on object 'Object Repository/CancelAndRefund/ReasonForCancellation'

2022-02-14 14:04:31 - [MESSAGE][PASSED] - Text 'Order Refunded to Test Automation Testing Under Katalon' is set on object 'Object Repository/CancelAndRefund/ReasonForCancellation'

2022-02-14 14:04:31 - [TEST_STEP][PASSED] - click(findTestObject("Object Repository/CancelAndRefund/ConfirmCancellationButton")): Object: 'Object Repository/CancelAndRefund/ConfirmCancellationButton' is clicked on

2022-02-14 14:04:35 - [MESSAGE][PASSED] - Object: 'Object Repository/CancelAndRefund/ConfirmCancellationButton' is clicked on

2022-02-14 14:04:35 - [TEST_STEP][PASSED] - delay(3): Delayed 3 second(s)

2022-02-14 14:04:38 - [MESSAGE][PASSED] - Delayed 3 second(s)

2022-02-14 14:04:38 - [TEST_STEP][PASSED] - takeScreenshot(): Taking screenshot successfully

2022-02-14 14:04:38 - [MESSAGE][PASSED] - Taking screenshot successfully
[[ATTACHMENT|/home/intersoft-admin/Rattan/Bash/Training/Rattan/Final_testing/New_ActivityOverview/Reports/20220214_115757/CancelAndRefundMultipleBookings-CopiedURL/20220214_115814/1644827678428.png]]

2022-02-14 14:04:38 - [TEST_STEP][PASSED] - if (cancelButtonSize > 1): null

2022-02-14 14:04:38 - [MESSAGE][PASSED] - Call Test Case 'Test Cases/StepToReUse/ActivityOverview-CancelBooking' successfully

2022-02-14 14:04:38 - [TEST_STEP][PASSED] - switchToWindowIndex(0): Switched to window with index: '0'

2022-02-14 14:04:38 - [MESSAGE][PASSED] - Switched to window with index: '0'

2022-02-14 14:04:38 - [TEST_STEP][PASSED] - delay(13): Delayed 13 second(s)

2022-02-14 14:04:51 - [MESSAGE][PASSED] - Delayed 13 second(s)

2022-02-14 14:04:51 - [TEST_STEP][PASSED] - switchToFrame(findTestObject("Object Repository/Iframe/NewActivityOverviewIframe"), 5): null

2022-02-14 14:04:51 - [TEST_STEP][PASSED] - click(findTestObject("Object Repository/DetailPop-up/Backbutton/BackButtonToListing")): Object: 'Object Repository/DetailPop-up/Backbutton/BackButtonToListing' is clicked on

2022-02-14 14:04:55 - [MESSAGE][PASSED] - Object: 'Object Repository/DetailPop-up/Backbutton/BackButtonToListing' is clicked on

2022-02-14 14:04:55 - [TEST_STEP][PASSED] - delay(13): Delayed 13 second(s)

2022-02-14 14:05:08 - [MESSAGE][PASSED] - Delayed 13 second(s)

2022-02-14 14:05:08 - [TEST_STEP][PASSED] - if (l <= 5): null

2022-02-14 14:05:08 - [TEST_STEP][PASSED] - paginationvalue = l: null

2022-02-14 14:05:08 - [TEST_STEP][PASSED] - if (l > 5): null

2022-02-14 14:05:08 - [TEST_STEP][PASSED] - logInfo(Size of Pagination: $paginationvalue): Size of Pagination: 2

2022-02-14 14:05:08 - [MESSAGE][INFO] - Size of Pagination: 2

2022-02-14 14:05:08 - [TEST_STEP][PASSED] - click(findTestObject("Object Repository/PaginationCOunt/ClickOnPagination", ["pagination":paginationvalue])): Object: 'Object Repository/PaginationCOunt/ClickOnPagination' is clicked on

2022-02-14 14:05:11 - [MESSAGE][PASSED] - Object: 'Object Repository/PaginationCOunt/ClickOnPagination' is clicked on

2022-02-14 14:05:11 - [TEST_STEP][PASSED] - delay(20): Delayed 20 second(s)

2022-02-14 14:05:31 - [MESSAGE][PASSED] - Delayed 20 second(s)

2022-02-14 14:05:31 - [TEST_STEP][PASSED] - takeScreenshot(): Taking screenshot successfully

2022-02-14 14:05:31 - [MESSAGE][PASSED] - Taking screenshot successfully
[[ATTACHMENT|/home/intersoft-admin/Rattan/Bash/Training/Rattan/Final_testing/New_ActivityOverview/Reports/20220214_115757/CancelAndRefundMultipleBookings-CopiedURL/20220214_115814/1644827731353.png]]

2022-02-14 14:05:31 - [TEST_STEP][PASSED] - SizeofActiveBookings = findWebElements(findTestObject("Object Repository/CancelAndRefund/OrderListWithoutRefundedStatus"), 5).size(): null

2022-02-14 14:05:31 - [TEST_STEP][PASSED] - logInfo(Size of Active Bookings: $SizeofActiveBookings): Size of Active Bookings: 74

2022-02-14 14:05:31 - [MESSAGE][INFO] - Size of Active Bookings: 74

2022-02-14 14:05:31 - [TEST_STEP][PASSED] - for ([refund = 1, refund < SizeofActiveBookings, (refund++)]): Call Test Case 'Test Cases/StepToReUse/ActivityOverview-CancelBooking' successfully

2022-02-14 14:05:31 - [TEST_STEP][PASSED] - if (refund == 1): null

2022-02-14 14:05:31 - [TEST_STEP][PASSED] - refund = SizeofActiveBookings: null

2022-02-14 14:05:31 - [TEST_STEP][PASSED] - refundvalue = refund: null

2022-02-14 14:05:31 - [TEST_STEP][PASSED] - logInfo(Size of refund booking: $refund): Size of refund booking: 74

2022-02-14 14:05:31 - [MESSAGE][INFO] - Size of refund booking: 74

2022-02-14 14:05:31 - [TEST_STEP][PASSED] - scrollToElement(findTestObject("Object Repository/CancelAndRefund/OrderListWithoutRefundedStatus - Click", ["position":refund]), 15): Scroll to object 'Object Repository/CancelAndRefund/OrderListWithoutRefundedStatus - Click' successfully

2022-02-14 14:05:31 - [MESSAGE][PASSED] - Scroll to object 'Object Repository/CancelAndRefund/OrderListWithoutRefundedStatus - Click' successfully

2022-02-14 14:05:31 - [TEST_STEP][PASSED] - takeScreenshot(): Taking screenshot successfully

2022-02-14 14:05:31 - [MESSAGE][PASSED] - Taking screenshot successfully
[[ATTACHMENT|/home/intersoft-admin/Rattan/Bash/Training/Rattan/Final_testing/New_ActivityOverview/Reports/20220214_115757/CancelAndRefundMultipleBookings-CopiedURL/20220214_115814/1644827731620.png]]

2022-02-14 14:05:31 - [TEST_STEP][PASSED] - orderId = findWebElement(findTestObject("Object Repository/GetOrderID/GetOrderID", ["position":refund])).getAttribute("data-order_id"): null

2022-02-14 14:05:31 - [TEST_STEP][PASSED] - orderId = orderId: null

2022-02-14 14:05:31 - [TEST_STEP][PASSED] - logInfo(Order ID: $orderId): Order ID: 164456044129743

2022-02-14 14:05:31 - [MESSAGE][INFO] - Order ID: 164456044129743

2022-02-14 14:05:31 - [TEST_STEP][PASSED] - click(findTestObject("Object Repository/GetOrderID/GetOrderID", ["position":refund])): Object: 'Object Repository/GetOrderID/GetOrderID' is clicked on

2022-02-14 14:05:35 - [MESSAGE][PASSED] - Object: 'Object Repository/GetOrderID/GetOrderID' is clicked on

2022-02-14 14:05:35 - [TEST_STEP][PASSED] - delay(20): Delayed 20 second(s)

2022-02-14 14:05:55 - [MESSAGE][PASSED] - Delayed 20 second(s)

2022-02-14 14:05:55 - [TEST_STEP][PASSED] - takeScreenshot(): Taking screenshot successfully

2022-02-14 14:05:55 - [MESSAGE][PASSED] - Taking screenshot successfully
[[ATTACHMENT|/home/intersoft-admin/Rattan/Bash/Training/Rattan/Final_testing/New_ActivityOverview/Reports/20220214_115757/CancelAndRefundMultipleBookings-CopiedURL/20220214_115814/1644827755015.png]]

2022-02-14 14:05:55 - [TEST_STEP][PASSED] - if (waitForElementPresent(findTestObject("Object Repository/DetailPop-up/ExpanSection/ProductInformationExpandedSection-Exist"), 10)): null

2022-02-14 14:05:55 - [MESSAGE][PASSED] - Object 'Object Repository/DetailPop-up/ExpanSection/ProductInformationExpandedSection-Exist' is present

2022-02-14 14:05:55 - [TEST_STEP][PASSED] - logInfo("Product Expanded Section Exist"): Product Expanded Section Exist

2022-02-14 14:05:55 - [MESSAGE][INFO] - Product Expanded Section Exist

2022-02-14 14:05:55 - [TEST_STEP][PASSED] - click(findTestObject("DetailPop-up/ExpanSection/ProductInformationExpandedSection -Exist- ClickOnExpandedView")): Object: 'Object Repository/DetailPop-up/ExpanSection/ProductInformationExpandedSection -Exist- ClickOnExpandedView' is clicked on

2022-02-14 14:05:58 - [MESSAGE][PASSED] - Object: 'Object Repository/DetailPop-up/ExpanSection/ProductInformationExpandedSection -Exist- ClickOnExpandedView' is clicked on

2022-02-14 14:05:58 - [TEST_STEP][PASSED] - delay(3): Delayed 3 second(s)

2022-02-14 14:06:01 - [MESSAGE][PASSED] - Delayed 3 second(s)

2022-02-14 14:06:01 - [TEST_STEP][PASSED] - takeScreenshot(): Taking screenshot successfully

2022-02-14 14:06:01 - [MESSAGE][PASSED] - Taking screenshot successfully
[[ATTACHMENT|/home/intersoft-admin/Rattan/Bash/Training/Rattan/Final_testing/New_ActivityOverview/Reports/20220214_115757/CancelAndRefundMultipleBookings-CopiedURL/20220214_115814/1644827761459.png]]

2022-02-14 14:06:01 - [TEST_STEP][PASSED] - callTestCase(findTestCase("Test Cases/StepToReUse/StepTOCopyURLAndAddAnotherTab"), [:], CONTINUE_ON_FAILURE): Call Test Case 'Test Cases/StepToReUse/StepTOCopyURLAndAddAnotherTab' successfully

2022-02-14 14:06:01 - [TEST_CASE][PASSED] - Test Cases/StepToReUse/StepTOCopyURLAndAddAnotherTab: Test Cases/StepToReUse/StepTOCopyURLAndAddAnotherTab

2022-02-14 14:06:01 - [TEST_STEP][PASSED] - click(findTestObject("Object Repository/Header/Preview/ClickOnPreviewIcon")): Object: 'Object Repository/Header/Preview/ClickOnPreviewIcon' is clicked on

2022-02-14 14:06:04 - [MESSAGE][PASSED] - Object: 'Object Repository/Header/Preview/ClickOnPreviewIcon' is clicked on

2022-02-14 14:06:04 - [TEST_STEP][PASSED] - delay(10): Delayed 10 second(s)

2022-02-14 14:06:14 - [MESSAGE][PASSED] - Delayed 10 second(s)

2022-02-14 14:06:14 - [TEST_STEP][PASSED] - takeScreenshot(): Taking screenshot successfully

2022-02-14 14:06:14 - [MESSAGE][PASSED] - Taking screenshot successfully
[[ATTACHMENT|/home/intersoft-admin/Rattan/Bash/Training/Rattan/Final_testing/New_ActivityOverview/Reports/20220214_115757/CancelAndRefundMultipleBookings-CopiedURL/20220214_115814/1644827774841.png]]

2022-02-14 14:06:14 - [TEST_STEP][PASSED] - click(findTestObject("Object Repository/Header/Preview/PrintVoucher")): Object: 'Object Repository/Header/Preview/PrintVoucher' is clicked on

2022-02-14 14:06:18 - [MESSAGE][PASSED] - Object: 'Object Repository/Header/Preview/PrintVoucher' is clicked on

2022-02-14 14:06:18 - [TEST_STEP][PASSED] - delay(10): Delayed 10 second(s)

2022-02-14 14:06:28 - [MESSAGE][PASSED] - Delayed 10 second(s)

2022-02-14 14:06:28 - [TEST_STEP][PASSED] - takeScreenshot(): Taking screenshot successfully

2022-02-14 14:06:28 - [MESSAGE][PASSED] - Taking screenshot successfully
[[ATTACHMENT|/home/intersoft-admin/Rattan/Bash/Training/Rattan/Final_testing/New_ActivityOverview/Reports/20220214_115757/CancelAndRefundMultipleBookings-CopiedURL/20220214_115814/1644827788126.png]]

2022-02-14 14:06:28 - [TEST_STEP][PASSED] - UrlToClick = findWebElement(findTestObject("Object Repository/Header/CopyUrl/CopyUrl")).getAttribute("data-href_url"): null

2022-02-14 14:06:28 - [TEST_STEP][PASSED] - println(UrlToClick): null

2022-02-14 14:06:28 - [TEST_STEP][PASSED] - ActivityUrl = UrlToClick: null

2022-02-14 14:06:28 - [TEST_STEP][PASSED] - switchToWindowIndex(1): Switched to window with index: '1'

2022-02-14 14:06:28 - [MESSAGE][PASSED] - Switched to window with index: '1'

2022-02-14 14:06:28 - [TEST_STEP][PASSED] - delay(5): Delayed 5 second(s)

2022-02-14 14:06:33 - [MESSAGE][PASSED] - Delayed 5 second(s)

2022-02-14 14:06:33 - [TEST_STEP][PASSED] - navigateToUrl(ActivityUrl): Navigate to 'https://activity.test-prio.com/orders/164456044129743' successfully

2022-02-14 14:06:37 - [MESSAGE][PASSED] - Navigate to 'https://activity.test-prio.com/orders/164456044129743' successfully

2022-02-14 14:06:37 - [TEST_STEP][PASSED] - takeScreenshot(): Taking screenshot successfully

2022-02-14 14:06:38 - [MESSAGE][PASSED] - Taking screenshot successfully
[[ATTACHMENT|/home/intersoft-admin/Rattan/Bash/Training/Rattan/Final_testing/New_ActivityOverview/Reports/20220214_115757/CancelAndRefundMultipleBookings-CopiedURL/20220214_115814/1644827798349.png]]

2022-02-14 14:06:38 - [TEST_STEP][PASSED] - switchToDefaultContent(): null

2022-02-14 14:06:38 - [MESSAGE][PASSED] - Call Test Case 'Test Cases/StepToReUse/StepTOCopyURLAndAddAnotherTab' successfully

2022-02-14 14:06:38 - [TEST_STEP][PASSED] - bookingsize = findWebElements(findTestObject("Object Repository/DetailPop-up/ExpanSection/ProductSectionLength"), 5).size(): null

2022-02-14 14:06:38 - [TEST_STEP][PASSED] - logInfo(Size of Bookings on Product detail Pop-up: $bookingsize): Size of Bookings on Product detail Pop-up: 1

2022-02-14 14:06:38 - [MESSAGE][INFO] - Size of Bookings on Product detail Pop-up: 1

2022-02-14 14:06:38 - [TEST_STEP][PASSED] - for ([looping = 1, looping <= bookingsize, (looping++)]): Call Test Case 'Test Cases/StepToReUse/ActivityOverview-CancelBooking' successfully

2022-02-14 14:06:38 - [TEST_STEP][PASSED] - click(findTestObject("Object Repository/DetailPop-up/ExpanSection/ExpandProductSection", ["position":looping])): Object: 'Object Repository/DetailPop-up/ExpanSection/ExpandProductSection' is clicked on

2022-02-14 14:06:42 - [MESSAGE][PASSED] - Object: 'Object Repository/DetailPop-up/ExpanSection/ExpandProductSection' is clicked on

2022-02-14 14:06:42 - [TEST_STEP][PASSED] - delay(3): Delayed 3 second(s)

2022-02-14 14:06:45 - [MESSAGE][PASSED] - Delayed 3 second(s)

2022-02-14 14:06:45 - [TEST_STEP][PASSED] - takeScreenshot(): Taking screenshot successfully

2022-02-14 14:06:45 - [MESSAGE][PASSED] - Taking screenshot successfully
[[ATTACHMENT|/home/intersoft-admin/Rattan/Bash/Training/Rattan/Final_testing/New_ActivityOverview/Reports/20220214_115757/CancelAndRefundMultipleBookings-CopiedURL/20220214_115814/1644827805301.png]]

2022-02-14 14:06:45 - [TEST_STEP][PASSED] - callTestCase(findTestCase("Test Cases/StepToReUse/ActivityOverview-CancelBooking"), [:], CONTINUE_ON_FAILURE): Call Test Case 'Test Cases/StepToReUse/ActivityOverview-CancelBooking' successfully

2022-02-14 14:06:45 - [TEST_CASE][PASSED] - Test Cases/StepToReUse/ActivityOverview-CancelBooking: Test Cases/StepToReUse/ActivityOverview-CancelBooking

2022-02-14 14:06:45 - [TEST_STEP][PASSED] - logInfo(Refund Value: $GlobalVariable.refundvalue): Refund Value: 74

2022-02-14 14:06:45 - [MESSAGE][INFO] - Refund Value: 74

2022-02-14 14:06:45 - [TEST_STEP][PASSED] - cancelButtonSize = findWebElements(findTestObject("Object Repository/CancelAndRefund/CancelBookingButton"), 5).size(): null

2022-02-14 14:06:45 - [TEST_STEP][PASSED] - logInfo(Cancel Button Size: $cancelButtonSize): Cancel Button Size: 1

2022-02-14 14:06:45 - [MESSAGE][INFO] - Cancel Button Size: 1

2022-02-14 14:06:45 - [TEST_STEP][PASSED] - if (cancelButtonSize == 1): null

2022-02-14 14:06:45 - [TEST_STEP][PASSED] - if (waitForElementClickable(findTestObject("Object Repository/CancelAndRefund/CancelBookingButton"), 15) == true): null

2022-02-14 14:06:46 - [MESSAGE][PASSED] - Object 'Object Repository/CancelAndRefund/CancelBookingButton' is clickable

2022-02-14 14:06:46 - [TEST_STEP][PASSED] - scrollToElement(findTestObject("Object Repository/CancelAndRefund/CancelBookingButton"), 15): Scroll to object 'Object Repository/CancelAndRefund/CancelBookingButton' successfully

2022-02-14 14:06:46 - [MESSAGE][PASSED] - Scroll to object 'Object Repository/CancelAndRefund/CancelBookingButton' successfully

2022-02-14 14:06:46 - [TEST_STEP][PASSED] - click(findTestObject("Object Repository/CancelAndRefund/CancelBookingButton")): Object: 'Object Repository/CancelAndRefund/CancelBookingButton' is clicked on

2022-02-14 14:06:49 - [MESSAGE][PASSED] - Object: 'Object Repository/CancelAndRefund/CancelBookingButton' is clicked on

2022-02-14 14:06:49 - [TEST_STEP][PASSED] - delay(3): Delayed 3 second(s)

2022-02-14 14:06:52 - [MESSAGE][PASSED] - Delayed 3 second(s)

2022-02-14 14:06:52 - [TEST_STEP][PASSED] - takeScreenshot(): Taking screenshot successfully

2022-02-14 14:06:53 - [MESSAGE][PASSED] - Taking screenshot successfully
[[ATTACHMENT|/home/intersoft-admin/Rattan/Bash/Training/Rattan/Final_testing/New_ActivityOverview/Reports/20220214_115757/CancelAndRefundMultipleBookings-CopiedURL/20220214_115814/1644827812872.png]]

2022-02-14 14:06:53 - [TEST_STEP][PASSED] - if (waitForElementClickable(findTestObject("Object Repository/CancelAndRefund/CancelButton - OnRefundPop-up"), 15) == true): null

2022-02-14 14:06:53 - [MESSAGE][PASSED] - Object 'Object Repository/CancelAndRefund/CancelButton - OnRefundPop-up' is clickable

2022-02-14 14:06:53 - [TEST_STEP][PASSED] - click(findTestObject("Object Repository/CancelAndRefund/CancelButton - OnRefundPop-up")): Object: 'Object Repository/CancelAndRefund/CancelButton - OnRefundPop-up' is clicked on

2022-02-14 14:06:56 - [MESSAGE][PASSED] - Object: 'Object Repository/CancelAndRefund/CancelButton - OnRefundPop-up' is clicked on

2022-02-14 14:06:56 - [TEST_STEP][PASSED] - delay(3): Delayed 3 second(s)

2022-02-14 14:06:59 - [MESSAGE][PASSED] - Delayed 3 second(s)

2022-02-14 14:06:59 - [TEST_STEP][PASSED] - takeScreenshot(): Taking screenshot successfully

2022-02-14 14:06:59 - [MESSAGE][PASSED] - Taking screenshot successfully
[[ATTACHMENT|/home/intersoft-admin/Rattan/Bash/Training/Rattan/Final_testing/New_ActivityOverview/Reports/20220214_115757/CancelAndRefundMultipleBookings-CopiedURL/20220214_115814/1644827819777.png]]

2022-02-14 14:06:59 - [TEST_STEP][PASSED] - click(findTestObject("Object Repository/CancelAndRefund/CancelBookingButton")): Object: 'Object Repository/CancelAndRefund/CancelBookingButton' is clicked on

2022-02-14 14:07:03 - [MESSAGE][PASSED] - Object: 'Object Repository/CancelAndRefund/CancelBookingButton' is clicked on

2022-02-14 14:07:03 - [TEST_STEP][PASSED] - if (refundvalue < 4): null

2022-02-14 14:07:03 - [TEST_STEP][PASSED] - if (refundvalue <= 6 && refundvalue >= 4): null

2022-02-14 14:07:03 - [TEST_STEP][PASSED] - if (refundvalue > 6): null

2022-02-14 14:07:03 - [TEST_STEP][PASSED] - if (waitForElementVisible(findTestObject("Object Repository/CancelAndRefund/RefundOptionRadio"), 15) == true): null

2022-02-14 14:07:03 - [MESSAGE][PASSED] - Object 'Object Repository/CancelAndRefund/RefundOptionRadio' is visible

2022-02-14 14:07:03 - [TEST_STEP][PASSED] - click(findTestObject("Object Repository/CancelAndRefund/RefundOptionRadio")): Object: 'Object Repository/CancelAndRefund/RefundOptionRadio' is clicked on

2022-02-14 14:07:06 - [MESSAGE][PASSED] - Object: 'Object Repository/CancelAndRefund/RefundOptionRadio' is clicked on

2022-02-14 14:07:06 - [TEST_STEP][PASSED] - delay(3): Delayed 3 second(s)

2022-02-14 14:07:09 - [MESSAGE][PASSED] - Delayed 3 second(s)

2022-02-14 14:07:09 - [TEST_STEP][PASSED] - takeScreenshot(): Taking screenshot successfully

2022-02-14 14:07:10 - [MESSAGE][PASSED] - Taking screenshot successfully
[[ATTACHMENT|/home/intersoft-admin/Rattan/Bash/Training/Rattan/Final_testing/New_ActivityOverview/Reports/20220214_115757/CancelAndRefundMultipleBookings-CopiedURL/20220214_115814/1644827830213.png]]

2022-02-14 14:07:10 - [TEST_STEP][PASSED] - setText(findTestObject("Object Repository/CancelAndRefund/ReasonForCancellation"), CancellationReason): Text 'Order Refunded to Test Automation Testing Under Katalon' is set on object 'Object Repository/CancelAndRefund/ReasonForCancellation'

2022-02-14 14:07:16 - [MESSAGE][PASSED] - Text 'Order Refunded to Test Automation Testing Under Katalon' is set on object 'Object Repository/CancelAndRefund/ReasonForCancellation'

2022-02-14 14:07:16 - [TEST_STEP][PASSED] - click(findTestObject("Object Repository/CancelAndRefund/ConfirmCancellationButton")): Object: 'Object Repository/CancelAndRefund/ConfirmCancellationButton' is clicked on

2022-02-14 14:07:20 - [MESSAGE][PASSED] - Object: 'Object Repository/CancelAndRefund/ConfirmCancellationButton' is clicked on

2022-02-14 14:07:20 - [TEST_STEP][PASSED] - delay(3): Delayed 3 second(s)

2022-02-14 14:07:23 - [MESSAGE][PASSED] - Delayed 3 second(s)

2022-02-14 14:07:23 - [TEST_STEP][PASSED] - takeScreenshot(): Taking screenshot successfully

2022-02-14 14:07:23 - [MESSAGE][PASSED] - Taking screenshot successfully
[[ATTACHMENT|/home/intersoft-admin/Rattan/Bash/Training/Rattan/Final_testing/New_ActivityOverview/Reports/20220214_115757/CancelAndRefundMultipleBookings-CopiedURL/20220214_115814/1644827843471.png]]

2022-02-14 14:07:23 - [TEST_STEP][PASSED] - if (cancelButtonSize > 1): null

2022-02-14 14:07:23 - [MESSAGE][PASSED] - Call Test Case 'Test Cases/StepToReUse/ActivityOverview-CancelBooking' successfully

2022-02-14 14:07:23 - [TEST_STEP][PASSED] - switchToWindowIndex(0): Switched to window with index: '0'

2022-02-14 14:07:23 - [MESSAGE][PASSED] - Switched to window with index: '0'

2022-02-14 14:07:23 - [TEST_STEP][PASSED] - delay(13): Delayed 13 second(s)

2022-02-14 14:07:36 - [MESSAGE][PASSED] - Delayed 13 second(s)

2022-02-14 14:07:36 - [TEST_STEP][PASSED] - switchToFrame(findTestObject("Object Repository/Iframe/NewActivityOverviewIframe"), 5): null

2022-02-14 14:07:36 - [TEST_STEP][PASSED] - click(findTestObject("Object Repository/DetailPop-up/Backbutton/BackButtonToListing")): Object: 'Object Repository/DetailPop-up/Backbutton/BackButtonToListing' is clicked on

2022-02-14 14:07:40 - [MESSAGE][PASSED] - Object: 'Object Repository/DetailPop-up/Backbutton/BackButtonToListing' is clicked on

2022-02-14 14:07:40 - [TEST_STEP][PASSED] - delay(13): Delayed 13 second(s)

2022-02-14 14:07:53 - [MESSAGE][PASSED] - Delayed 13 second(s)

2022-02-14 14:07:53 - [TEST_STEP][PASSED] - if (l <= 5): null

2022-02-14 14:07:53 - [TEST_STEP][PASSED] - paginationvalue = l: null

2022-02-14 14:07:53 - [TEST_STEP][PASSED] - if (l > 5): null

2022-02-14 14:07:53 - [TEST_STEP][PASSED] - logInfo(Size of Pagination: $paginationvalue): Size of Pagination: 3

2022-02-14 14:07:53 - [MESSAGE][INFO] - Size of Pagination: 3

2022-02-14 14:07:53 - [TEST_STEP][PASSED] - click(findTestObject("Object Repository/PaginationCOunt/ClickOnPagination", ["pagination":paginationvalue])): Object: 'Object Repository/PaginationCOunt/ClickOnPagination' is clicked on

2022-02-14 14:07:56 - [MESSAGE][PASSED] - Object: 'Object Repository/PaginationCOunt/ClickOnPagination' is clicked on

2022-02-14 14:07:56 - [TEST_STEP][PASSED] - delay(20): Delayed 20 second(s)

2022-02-14 14:08:16 - [MESSAGE][PASSED] - Delayed 20 second(s)

2022-02-14 14:08:16 - [TEST_STEP][PASSED] - takeScreenshot(): Taking screenshot successfully

2022-02-14 14:08:16 - [MESSAGE][PASSED] - Taking screenshot successfully
[[ATTACHMENT|/home/intersoft-admin/Rattan/Bash/Training/Rattan/Final_testing/New_ActivityOverview/Reports/20220214_115757/CancelAndRefundMultipleBookings-CopiedURL/20220214_115814/1644827896436.png]]

2022-02-14 14:08:16 - [TEST_STEP][PASSED] - SizeofActiveBookings = findWebElements(findTestObject("Object Repository/CancelAndRefund/OrderListWithoutRefundedStatus"), 5).size(): null

2022-02-14 14:08:16 - [TEST_STEP][PASSED] - logInfo(Size of Active Bookings: $SizeofActiveBookings): Size of Active Bookings: 79

2022-02-14 14:08:16 - [MESSAGE][INFO] - Size of Active Bookings: 79

2022-02-14 14:08:16 - [TEST_STEP][PASSED] - for ([refund = 1, refund < SizeofActiveBookings, (refund++)]): Call Test Case 'Test Cases/StepToReUse/ActivityOverview-CancelBooking' successfully

2022-02-14 14:08:16 - [TEST_STEP][PASSED] - if (refund == 1): null

2022-02-14 14:08:16 - [TEST_STEP][PASSED] - refund = SizeofActiveBookings: null

2022-02-14 14:08:16 - [TEST_STEP][PASSED] - refundvalue = refund: null

2022-02-14 14:08:16 - [TEST_STEP][PASSED] - logInfo(Size of refund booking: $refund): Size of refund booking: 79

2022-02-14 14:08:16 - [MESSAGE][INFO] - Size of refund booking: 79

2022-02-14 14:08:16 - [TEST_STEP][PASSED] - scrollToElement(findTestObject("Object Repository/CancelAndRefund/OrderListWithoutRefundedStatus - Click", ["position":refund]), 15): Scroll to object 'Object Repository/CancelAndRefund/OrderListWithoutRefundedStatus - Click' successfully

2022-02-14 14:08:16 - [MESSAGE][PASSED] - Scroll to object 'Object Repository/CancelAndRefund/OrderListWithoutRefundedStatus - Click' successfully

2022-02-14 14:08:16 - [TEST_STEP][PASSED] - takeScreenshot(): Taking screenshot successfully

2022-02-14 14:08:16 - [MESSAGE][PASSED] - Taking screenshot successfully
[[ATTACHMENT|/home/intersoft-admin/Rattan/Bash/Training/Rattan/Final_testing/New_ActivityOverview/Reports/20220214_115757/CancelAndRefundMultipleBookings-CopiedURL/20220214_115814/1644827896745.png]]

2022-02-14 14:08:16 - [TEST_STEP][PASSED] - orderId = findWebElement(findTestObject("Object Repository/GetOrderID/GetOrderID", ["position":refund])).getAttribute("data-order_id"): null

2022-02-14 14:08:16 - [TEST_STEP][PASSED] - orderId = orderId: null

2022-02-14 14:08:16 - [TEST_STEP][PASSED] - logInfo(Order ID: $orderId): Order ID: 164440709642748

2022-02-14 14:08:16 - [MESSAGE][INFO] - Order ID: 164440709642748

2022-02-14 14:08:16 - [TEST_STEP][PASSED] - click(findTestObject("Object Repository/GetOrderID/GetOrderID", ["position":refund])): Object: 'Object Repository/GetOrderID/GetOrderID' is clicked on

2022-02-14 14:08:20 - [MESSAGE][PASSED] - Object: 'Object Repository/GetOrderID/GetOrderID' is clicked on

2022-02-14 14:08:20 - [TEST_STEP][PASSED] - delay(20): Delayed 20 second(s)

2022-02-14 14:08:40 - [MESSAGE][PASSED] - Delayed 20 second(s)

2022-02-14 14:08:40 - [TEST_STEP][PASSED] - takeScreenshot(): Taking screenshot successfully

2022-02-14 14:08:40 - [MESSAGE][PASSED] - Taking screenshot successfully
[[ATTACHMENT|/home/intersoft-admin/Rattan/Bash/Training/Rattan/Final_testing/New_ActivityOverview/Reports/20220214_115757/CancelAndRefundMultipleBookings-CopiedURL/20220214_115814/1644827920113.png]]

2022-02-14 14:08:40 - [TEST_STEP][PASSED] - if (waitForElementPresent(findTestObject("Object Repository/DetailPop-up/ExpanSection/ProductInformationExpandedSection-Exist"), 10)): null

2022-02-14 14:08:40 - [MESSAGE][PASSED] - Object 'Object Repository/DetailPop-up/ExpanSection/ProductInformationExpandedSection-Exist' is present

2022-02-14 14:08:40 - [TEST_STEP][PASSED] - logInfo("Product Expanded Section Exist"): Product Expanded Section Exist

2022-02-14 14:08:40 - [MESSAGE][INFO] - Product Expanded Section Exist

2022-02-14 14:08:40 - [TEST_STEP][PASSED] - click(findTestObject("DetailPop-up/ExpanSection/ProductInformationExpandedSection -Exist- ClickOnExpandedView")): Object: 'Object Repository/DetailPop-up/ExpanSection/ProductInformationExpandedSection -Exist- ClickOnExpandedView' is clicked on

2022-02-14 14:08:43 - [MESSAGE][PASSED] - Object: 'Object Repository/DetailPop-up/ExpanSection/ProductInformationExpandedSection -Exist- ClickOnExpandedView' is clicked on

2022-02-14 14:08:43 - [TEST_STEP][PASSED] - delay(3): Delayed 3 second(s)

2022-02-14 14:08:46 - [MESSAGE][PASSED] - Delayed 3 second(s)

2022-02-14 14:08:46 - [TEST_STEP][PASSED] - takeScreenshot(): Taking screenshot successfully

2022-02-14 14:08:46 - [MESSAGE][PASSED] - Taking screenshot successfully
[[ATTACHMENT|/home/intersoft-admin/Rattan/Bash/Training/Rattan/Final_testing/New_ActivityOverview/Reports/20220214_115757/CancelAndRefundMultipleBookings-CopiedURL/20220214_115814/1644827926476.png]]

2022-02-14 14:08:46 - [TEST_STEP][PASSED] - callTestCase(findTestCase("Test Cases/StepToReUse/StepTOCopyURLAndAddAnotherTab"), [:], CONTINUE_ON_FAILURE): Call Test Case 'Test Cases/StepToReUse/StepTOCopyURLAndAddAnotherTab' successfully

2022-02-14 14:08:46 - [TEST_CASE][PASSED] - Test Cases/StepToReUse/StepTOCopyURLAndAddAnotherTab: Test Cases/StepToReUse/StepTOCopyURLAndAddAnotherTab

2022-02-14 14:08:46 - [TEST_STEP][PASSED] - click(findTestObject("Object Repository/Header/Preview/ClickOnPreviewIcon")): Object: 'Object Repository/Header/Preview/ClickOnPreviewIcon' is clicked on

2022-02-14 14:08:49 - [MESSAGE][PASSED] - Object: 'Object Repository/Header/Preview/ClickOnPreviewIcon' is clicked on

2022-02-14 14:08:49 - [TEST_STEP][PASSED] - delay(10): Delayed 10 second(s)

2022-02-14 14:08:59 - [MESSAGE][PASSED] - Delayed 10 second(s)

2022-02-14 14:08:59 - [TEST_STEP][PASSED] - takeScreenshot(): Taking screenshot successfully

2022-02-14 14:08:59 - [MESSAGE][PASSED] - Taking screenshot successfully
[[ATTACHMENT|/home/intersoft-admin/Rattan/Bash/Training/Rattan/Final_testing/New_ActivityOverview/Reports/20220214_115757/CancelAndRefundMultipleBookings-CopiedURL/20220214_115814/1644827939843.png]]

2022-02-14 14:08:59 - [TEST_STEP][PASSED] - click(findTestObject("Object Repository/Header/Preview/PrintVoucher")): Object: 'Object Repository/Header/Preview/PrintVoucher' is clicked on

2022-02-14 14:09:03 - [MESSAGE][PASSED] - Object: 'Object Repository/Header/Preview/PrintVoucher' is clicked on

2022-02-14 14:09:03 - [TEST_STEP][PASSED] - delay(10): Delayed 10 second(s)

2022-02-14 14:09:13 - [MESSAGE][PASSED] - Delayed 10 second(s)

2022-02-14 14:09:13 - [TEST_STEP][PASSED] - takeScreenshot(): Taking screenshot successfully

2022-02-14 14:09:13 - [MESSAGE][PASSED] - Taking screenshot successfully
[[ATTACHMENT|/home/intersoft-admin/Rattan/Bash/Training/Rattan/Final_testing/New_ActivityOverview/Reports/20220214_115757/CancelAndRefundMultipleBookings-CopiedURL/20220214_115814/1644827953147.png]]

2022-02-14 14:09:13 - [TEST_STEP][PASSED] - UrlToClick = findWebElement(findTestObject("Object Repository/Header/CopyUrl/CopyUrl")).getAttribute("data-href_url"): null

2022-02-14 14:09:13 - [TEST_STEP][PASSED] - println(UrlToClick): null

2022-02-14 14:09:13 - [TEST_STEP][PASSED] - ActivityUrl = UrlToClick: null

2022-02-14 14:09:13 - [TEST_STEP][PASSED] - switchToWindowIndex(1): Switched to window with index: '1'

2022-02-14 14:09:13 - [MESSAGE][PASSED] - Switched to window with index: '1'

2022-02-14 14:09:13 - [TEST_STEP][PASSED] - delay(5): Delayed 5 second(s)

2022-02-14 14:09:18 - [MESSAGE][PASSED] - Delayed 5 second(s)

2022-02-14 14:09:18 - [TEST_STEP][PASSED] - navigateToUrl(ActivityUrl): Navigate to 'https://activity.test-prio.com/orders/164440709642748' successfully

2022-02-14 14:09:22 - [MESSAGE][PASSED] - Navigate to 'https://activity.test-prio.com/orders/164440709642748' successfully

2022-02-14 14:09:22 - [TEST_STEP][PASSED] - takeScreenshot(): Taking screenshot successfully

2022-02-14 14:09:23 - [MESSAGE][PASSED] - Taking screenshot successfully
[[ATTACHMENT|/home/intersoft-admin/Rattan/Bash/Training/Rattan/Final_testing/New_ActivityOverview/Reports/20220214_115757/CancelAndRefundMultipleBookings-CopiedURL/20220214_115814/1644827963059.png]]

2022-02-14 14:09:23 - [TEST_STEP][PASSED] - switchToDefaultContent(): null

2022-02-14 14:09:23 - [MESSAGE][PASSED] - Call Test Case 'Test Cases/StepToReUse/StepTOCopyURLAndAddAnotherTab' successfully

2022-02-14 14:09:23 - [TEST_STEP][PASSED] - bookingsize = findWebElements(findTestObject("Object Repository/DetailPop-up/ExpanSection/ProductSectionLength"), 5).size(): null

2022-02-14 14:09:23 - [TEST_STEP][PASSED] - logInfo(Size of Bookings on Product detail Pop-up: $bookingsize): Size of Bookings on Product detail Pop-up: 1

2022-02-14 14:09:23 - [MESSAGE][INFO] - Size of Bookings on Product detail Pop-up: 1

2022-02-14 14:09:23 - [TEST_STEP][PASSED] - for ([looping = 1, looping <= bookingsize, (looping++)]): Call Test Case 'Test Cases/StepToReUse/ActivityOverview-CancelBooking' successfully

2022-02-14 14:09:23 - [TEST_STEP][PASSED] - click(findTestObject("Object Repository/DetailPop-up/ExpanSection/ExpandProductSection", ["position":looping])): Object: 'Object Repository/DetailPop-up/ExpanSection/ExpandProductSection' is clicked on

2022-02-14 14:09:26 - [MESSAGE][PASSED] - Object: 'Object Repository/DetailPop-up/ExpanSection/ExpandProductSection' is clicked on

2022-02-14 14:09:26 - [TEST_STEP][PASSED] - delay(3): Delayed 3 second(s)

2022-02-14 14:09:29 - [MESSAGE][PASSED] - Delayed 3 second(s)

2022-02-14 14:09:29 - [TEST_STEP][PASSED] - takeScreenshot(): Taking screenshot successfully

2022-02-14 14:09:30 - [MESSAGE][PASSED] - Taking screenshot successfully
[[ATTACHMENT|/home/intersoft-admin/Rattan/Bash/Training/Rattan/Final_testing/New_ActivityOverview/Reports/20220214_115757/CancelAndRefundMultipleBookings-CopiedURL/20220214_115814/1644827970032.png]]

2022-02-14 14:09:30 - [TEST_STEP][PASSED] - callTestCase(findTestCase("Test Cases/StepToReUse/ActivityOverview-CancelBooking"), [:], CONTINUE_ON_FAILURE): Call Test Case 'Test Cases/StepToReUse/ActivityOverview-CancelBooking' successfully

2022-02-14 14:09:30 - [TEST_CASE][PASSED] - Test Cases/StepToReUse/ActivityOverview-CancelBooking: Test Cases/StepToReUse/ActivityOverview-CancelBooking

2022-02-14 14:09:30 - [TEST_STEP][PASSED] - logInfo(Refund Value: $GlobalVariable.refundvalue): Refund Value: 79

2022-02-14 14:09:30 - [MESSAGE][INFO] - Refund Value: 79

2022-02-14 14:09:30 - [TEST_STEP][PASSED] - cancelButtonSize = findWebElements(findTestObject("Object Repository/CancelAndRefund/CancelBookingButton"), 5).size(): null

2022-02-14 14:09:30 - [TEST_STEP][PASSED] - logInfo(Cancel Button Size: $cancelButtonSize): Cancel Button Size: 1

2022-02-14 14:09:30 - [MESSAGE][INFO] - Cancel Button Size: 1

2022-02-14 14:09:30 - [TEST_STEP][PASSED] - if (cancelButtonSize == 1): null

2022-02-14 14:09:30 - [TEST_STEP][PASSED] - if (waitForElementClickable(findTestObject("Object Repository/CancelAndRefund/CancelBookingButton"), 15) == true): null

2022-02-14 14:09:30 - [MESSAGE][PASSED] - Object 'Object Repository/CancelAndRefund/CancelBookingButton' is clickable

2022-02-14 14:09:30 - [TEST_STEP][PASSED] - scrollToElement(findTestObject("Object Repository/CancelAndRefund/CancelBookingButton"), 15): Scroll to object 'Object Repository/CancelAndRefund/CancelBookingButton' successfully

2022-02-14 14:09:31 - [MESSAGE][PASSED] - Scroll to object 'Object Repository/CancelAndRefund/CancelBookingButton' successfully

2022-02-14 14:09:31 - [TEST_STEP][PASSED] - click(findTestObject("Object Repository/CancelAndRefund/CancelBookingButton")): Object: 'Object Repository/CancelAndRefund/CancelBookingButton' is clicked on

2022-02-14 14:09:34 - [MESSAGE][PASSED] - Object: 'Object Repository/CancelAndRefund/CancelBookingButton' is clicked on

2022-02-14 14:09:34 - [TEST_STEP][PASSED] - delay(3): Delayed 3 second(s)

2022-02-14 14:09:37 - [MESSAGE][PASSED] - Delayed 3 second(s)

2022-02-14 14:09:37 - [TEST_STEP][PASSED] - takeScreenshot(): Taking screenshot successfully

2022-02-14 14:09:37 - [MESSAGE][PASSED] - Taking screenshot successfully
[[ATTACHMENT|/home/intersoft-admin/Rattan/Bash/Training/Rattan/Final_testing/New_ActivityOverview/Reports/20220214_115757/CancelAndRefundMultipleBookings-CopiedURL/20220214_115814/1644827977592.png]]

2022-02-14 14:09:37 - [TEST_STEP][PASSED] - if (waitForElementClickable(findTestObject("Object Repository/CancelAndRefund/CancelButton - OnRefundPop-up"), 15) == true): null

2022-02-14 14:09:37 - [MESSAGE][PASSED] - Object 'Object Repository/CancelAndRefund/CancelButton - OnRefundPop-up' is clickable

2022-02-14 14:09:37 - [TEST_STEP][PASSED] - click(findTestObject("Object Repository/CancelAndRefund/CancelButton - OnRefundPop-up")): Object: 'Object Repository/CancelAndRefund/CancelButton - OnRefundPop-up' is clicked on

2022-02-14 14:09:41 - [MESSAGE][PASSED] - Object: 'Object Repository/CancelAndRefund/CancelButton - OnRefundPop-up' is clicked on

2022-02-14 14:09:41 - [TEST_STEP][PASSED] - delay(3): Delayed 3 second(s)

2022-02-14 14:09:44 - [MESSAGE][PASSED] - Delayed 3 second(s)

2022-02-14 14:09:44 - [TEST_STEP][PASSED] - takeScreenshot(): Taking screenshot successfully

2022-02-14 14:09:44 - [MESSAGE][PASSED] - Taking screenshot successfully
[[ATTACHMENT|/home/intersoft-admin/Rattan/Bash/Training/Rattan/Final_testing/New_ActivityOverview/Reports/20220214_115757/CancelAndRefundMultipleBookings-CopiedURL/20220214_115814/1644827984504.png]]

2022-02-14 14:09:44 - [TEST_STEP][PASSED] - click(findTestObject("Object Repository/CancelAndRefund/CancelBookingButton")): Object: 'Object Repository/CancelAndRefund/CancelBookingButton' is clicked on

2022-02-14 14:09:47 - [MESSAGE][PASSED] - Object: 'Object Repository/CancelAndRefund/CancelBookingButton' is clicked on

2022-02-14 14:09:47 - [TEST_STEP][PASSED] - if (refundvalue < 4): null

2022-02-14 14:09:47 - [TEST_STEP][PASSED] - if (refundvalue <= 6 && refundvalue >= 4): null

2022-02-14 14:09:47 - [TEST_STEP][PASSED] - if (refundvalue > 6): null

2022-02-14 14:09:47 - [TEST_STEP][PASSED] - if (waitForElementVisible(findTestObject("Object Repository/CancelAndRefund/RefundOptionRadio"), 15) == true): null

2022-02-14 14:09:48 - [MESSAGE][PASSED] - Object 'Object Repository/CancelAndRefund/RefundOptionRadio' is visible

2022-02-14 14:09:48 - [TEST_STEP][PASSED] - click(findTestObject("Object Repository/CancelAndRefund/RefundOptionRadio")): Object: 'Object Repository/CancelAndRefund/RefundOptionRadio' is clicked on

2022-02-14 14:09:51 - [MESSAGE][PASSED] - Object: 'Object Repository/CancelAndRefund/RefundOptionRadio' is clicked on

2022-02-14 14:09:51 - [TEST_STEP][PASSED] - delay(3): Delayed 3 second(s)

2022-02-14 14:09:54 - [MESSAGE][PASSED] - Delayed 3 second(s)

2022-02-14 14:09:54 - [TEST_STEP][PASSED] - takeScreenshot(): Taking screenshot successfully

2022-02-14 14:09:54 - [MESSAGE][PASSED] - Taking screenshot successfully
[[ATTACHMENT|/home/intersoft-admin/Rattan/Bash/Training/Rattan/Final_testing/New_ActivityOverview/Reports/20220214_115757/CancelAndRefundMultipleBookings-CopiedURL/20220214_115814/1644827994855.png]]

2022-02-14 14:09:54 - [TEST_STEP][PASSED] - setText(findTestObject("Object Repository/CancelAndRefund/ReasonForCancellation"), CancellationReason): Text 'Order Refunded to Test Automation Testing Under Katalon' is set on object 'Object Repository/CancelAndRefund/ReasonForCancellation'

2022-02-14 14:10:01 - [MESSAGE][PASSED] - Text 'Order Refunded to Test Automation Testing Under Katalon' is set on object 'Object Repository/CancelAndRefund/ReasonForCancellation'

2022-02-14 14:10:01 - [TEST_STEP][PASSED] - click(findTestObject("Object Repository/CancelAndRefund/ConfirmCancellationButton")): Object: 'Object Repository/CancelAndRefund/ConfirmCancellationButton' is clicked on

2022-02-14 14:10:04 - [MESSAGE][PASSED] - Object: 'Object Repository/CancelAndRefund/ConfirmCancellationButton' is clicked on

2022-02-14 14:10:04 - [TEST_STEP][PASSED] - delay(3): Delayed 3 second(s)

2022-02-14 14:10:07 - [MESSAGE][PASSED] - Delayed 3 second(s)

2022-02-14 14:10:07 - [TEST_STEP][PASSED] - takeScreenshot(): Taking screenshot successfully

2022-02-14 14:10:08 - [MESSAGE][PASSED] - Taking screenshot successfully
[[ATTACHMENT|/home/intersoft-admin/Rattan/Bash/Training/Rattan/Final_testing/New_ActivityOverview/Reports/20220214_115757/CancelAndRefundMultipleBookings-CopiedURL/20220214_115814/1644828008131.png]]

2022-02-14 14:10:08 - [TEST_STEP][PASSED] - if (cancelButtonSize > 1): null

2022-02-14 14:10:08 - [MESSAGE][PASSED] - Call Test Case 'Test Cases/StepToReUse/ActivityOverview-CancelBooking' successfully

2022-02-14 14:10:08 - [TEST_STEP][PASSED] - switchToWindowIndex(0): Switched to window with index: '0'

2022-02-14 14:10:08 - [MESSAGE][PASSED] - Switched to window with index: '0'

2022-02-14 14:10:08 - [TEST_STEP][PASSED] - delay(13): Delayed 13 second(s)

2022-02-14 14:10:21 - [MESSAGE][PASSED] - Delayed 13 second(s)

2022-02-14 14:10:21 - [TEST_STEP][PASSED] - switchToFrame(findTestObject("Object Repository/Iframe/NewActivityOverviewIframe"), 5): null

2022-02-14 14:10:21 - [TEST_STEP][PASSED] - click(findTestObject("Object Repository/DetailPop-up/Backbutton/BackButtonToListing")): Object: 'Object Repository/DetailPop-up/Backbutton/BackButtonToListing' is clicked on

2022-02-14 14:10:24 - [MESSAGE][PASSED] - Object: 'Object Repository/DetailPop-up/Backbutton/BackButtonToListing' is clicked on

2022-02-14 14:10:24 - [TEST_STEP][PASSED] - delay(13): Delayed 13 second(s)

2022-02-14 14:10:37 - [MESSAGE][PASSED] - Delayed 13 second(s)

2022-02-14 14:10:37 - [TEST_STEP][PASSED] - if (l <= 5): null

2022-02-14 14:10:37 - [TEST_STEP][PASSED] - paginationvalue = l: null

2022-02-14 14:10:37 - [TEST_STEP][PASSED] - if (l > 5): null

2022-02-14 14:10:37 - [TEST_STEP][PASSED] - logInfo(Size of Pagination: $paginationvalue): Size of Pagination: 4

2022-02-14 14:10:37 - [MESSAGE][INFO] - Size of Pagination: 4

2022-02-14 14:10:37 - [TEST_STEP][PASSED] - click(findTestObject("Object Repository/PaginationCOunt/ClickOnPagination", ["pagination":paginationvalue])): Object: 'Object Repository/PaginationCOunt/ClickOnPagination' is clicked on

2022-02-14 14:10:41 - [MESSAGE][PASSED] - Object: 'Object Repository/PaginationCOunt/ClickOnPagination' is clicked on

2022-02-14 14:10:41 - [TEST_STEP][PASSED] - delay(20): Delayed 20 second(s)

2022-02-14 14:11:01 - [MESSAGE][PASSED] - Delayed 20 second(s)

2022-02-14 14:11:01 - [TEST_STEP][PASSED] - takeScreenshot(): Taking screenshot successfully

2022-02-14 14:11:01 - [MESSAGE][PASSED] - Taking screenshot successfully
[[ATTACHMENT|/home/intersoft-admin/Rattan/Bash/Training/Rattan/Final_testing/New_ActivityOverview/Reports/20220214_115757/CancelAndRefundMultipleBookings-CopiedURL/20220214_115814/1644828061088.png]]

2022-02-14 14:11:01 - [TEST_STEP][PASSED] - SizeofActiveBookings = findWebElements(findTestObject("Object Repository/CancelAndRefund/OrderListWithoutRefundedStatus"), 5).size(): null

2022-02-14 14:11:01 - [TEST_STEP][PASSED] - logInfo(Size of Active Bookings: $SizeofActiveBookings): Size of Active Bookings: 78

2022-02-14 14:11:01 - [MESSAGE][INFO] - Size of Active Bookings: 78

2022-02-14 14:11:01 - [TEST_STEP][PASSED] - for ([refund = 1, refund < SizeofActiveBookings, (refund++)]): Call Test Case 'Test Cases/StepToReUse/ActivityOverview-CancelBooking' successfully

2022-02-14 14:11:01 - [TEST_STEP][PASSED] - if (refund == 1): null

2022-02-14 14:11:01 - [TEST_STEP][PASSED] - refund = SizeofActiveBookings: null

2022-02-14 14:11:01 - [TEST_STEP][PASSED] - refundvalue = refund: null

2022-02-14 14:11:01 - [TEST_STEP][PASSED] - logInfo(Size of refund booking: $refund): Size of refund booking: 78

2022-02-14 14:11:01 - [MESSAGE][INFO] - Size of refund booking: 78

2022-02-14 14:11:01 - [TEST_STEP][PASSED] - scrollToElement(findTestObject("Object Repository/CancelAndRefund/OrderListWithoutRefundedStatus - Click", ["position":refund]), 15): Scroll to object 'Object Repository/CancelAndRefund/OrderListWithoutRefundedStatus - Click' successfully

2022-02-14 14:11:01 - [MESSAGE][PASSED] - Scroll to object 'Object Repository/CancelAndRefund/OrderListWithoutRefundedStatus - Click' successfully

2022-02-14 14:11:01 - [TEST_STEP][PASSED] - takeScreenshot(): Taking screenshot successfully

2022-02-14 14:11:01 - [MESSAGE][PASSED] - Taking screenshot successfully
[[ATTACHMENT|/home/intersoft-admin/Rattan/Bash/Training/Rattan/Final_testing/New_ActivityOverview/Reports/20220214_115757/CancelAndRefundMultipleBookings-CopiedURL/20220214_115814/1644828061359.png]]

2022-02-14 14:11:01 - [TEST_STEP][PASSED] - orderId = findWebElement(findTestObject("Object Repository/GetOrderID/GetOrderID", ["position":refund])).getAttribute("data-order_id"): null

2022-02-14 14:11:01 - [TEST_STEP][PASSED] - orderId = orderId: null

2022-02-14 14:11:01 - [TEST_STEP][PASSED] - logInfo(Order ID: $orderId): Order ID: 164431857487598

2022-02-14 14:11:01 - [MESSAGE][INFO] - Order ID: 164431857487598

2022-02-14 14:11:01 - [TEST_STEP][PASSED] - click(findTestObject("Object Repository/GetOrderID/GetOrderID", ["position":refund])): Object: 'Object Repository/GetOrderID/GetOrderID' is clicked on

2022-02-14 14:11:04 - [MESSAGE][PASSED] - Object: 'Object Repository/GetOrderID/GetOrderID' is clicked on

2022-02-14 14:11:04 - [TEST_STEP][PASSED] - delay(20): Delayed 20 second(s)

2022-02-14 14:11:24 - [MESSAGE][PASSED] - Delayed 20 second(s)

2022-02-14 14:11:24 - [TEST_STEP][PASSED] - takeScreenshot(): Taking screenshot successfully

2022-02-14 14:11:24 - [MESSAGE][PASSED] - Taking screenshot successfully
[[ATTACHMENT|/home/intersoft-admin/Rattan/Bash/Training/Rattan/Final_testing/New_ActivityOverview/Reports/20220214_115757/CancelAndRefundMultipleBookings-CopiedURL/20220214_115814/1644828084727.png]]

2022-02-14 14:11:24 - [TEST_STEP][PASSED] - if (waitForElementPresent(findTestObject("Object Repository/DetailPop-up/ExpanSection/ProductInformationExpandedSection-Exist"), 10)): null

2022-02-14 14:11:24 - [MESSAGE][PASSED] - Object 'Object Repository/DetailPop-up/ExpanSection/ProductInformationExpandedSection-Exist' is present

2022-02-14 14:11:24 - [TEST_STEP][PASSED] - logInfo("Product Expanded Section Exist"): Product Expanded Section Exist

2022-02-14 14:11:24 - [MESSAGE][INFO] - Product Expanded Section Exist

2022-02-14 14:11:24 - [TEST_STEP][PASSED] - click(findTestObject("DetailPop-up/ExpanSection/ProductInformationExpandedSection -Exist- ClickOnExpandedView")): Object: 'Object Repository/DetailPop-up/ExpanSection/ProductInformationExpandedSection -Exist- ClickOnExpandedView' is clicked on

2022-02-14 14:11:28 - [MESSAGE][PASSED] - Object: 'Object Repository/DetailPop-up/ExpanSection/ProductInformationExpandedSection -Exist- ClickOnExpandedView' is clicked on

2022-02-14 14:11:28 - [TEST_STEP][PASSED] - delay(3): Delayed 3 second(s)

2022-02-14 14:11:31 - [MESSAGE][PASSED] - Delayed 3 second(s)

2022-02-14 14:11:31 - [TEST_STEP][PASSED] - takeScreenshot(): Taking screenshot successfully

2022-02-14 14:11:31 - [MESSAGE][PASSED] - Taking screenshot successfully
[[ATTACHMENT|/home/intersoft-admin/Rattan/Bash/Training/Rattan/Final_testing/New_ActivityOverview/Reports/20220214_115757/CancelAndRefundMultipleBookings-CopiedURL/20220214_115814/1644828091115.png]]

2022-02-14 14:11:31 - [TEST_STEP][PASSED] - callTestCase(findTestCase("Test Cases/StepToReUse/StepTOCopyURLAndAddAnotherTab"), [:], CONTINUE_ON_FAILURE): Call Test Case 'Test Cases/StepToReUse/StepTOCopyURLAndAddAnotherTab' successfully

2022-02-14 14:11:31 - [TEST_CASE][PASSED] - Test Cases/StepToReUse/StepTOCopyURLAndAddAnotherTab: Test Cases/StepToReUse/StepTOCopyURLAndAddAnotherTab

2022-02-14 14:11:31 - [TEST_STEP][PASSED] - click(findTestObject("Object Repository/Header/Preview/ClickOnPreviewIcon")): Object: 'Object Repository/Header/Preview/ClickOnPreviewIcon' is clicked on

2022-02-14 14:11:34 - [MESSAGE][PASSED] - Object: 'Object Repository/Header/Preview/ClickOnPreviewIcon' is clicked on

2022-02-14 14:11:34 - [TEST_STEP][PASSED] - delay(10): Delayed 10 second(s)

2022-02-14 14:11:44 - [MESSAGE][PASSED] - Delayed 10 second(s)

2022-02-14 14:11:44 - [TEST_STEP][PASSED] - takeScreenshot(): Taking screenshot successfully

2022-02-14 14:11:44 - [MESSAGE][PASSED] - Taking screenshot successfully
[[ATTACHMENT|/home/intersoft-admin/Rattan/Bash/Training/Rattan/Final_testing/New_ActivityOverview/Reports/20220214_115757/CancelAndRefundMultipleBookings-CopiedURL/20220214_115814/1644828104466.png]]

2022-02-14 14:11:44 - [TEST_STEP][PASSED] - click(findTestObject("Object Repository/Header/Preview/PrintVoucher")): Object: 'Object Repository/Header/Preview/PrintVoucher' is clicked on

2022-02-14 14:11:47 - [MESSAGE][PASSED] - Object: 'Object Repository/Header/Preview/PrintVoucher' is clicked on

2022-02-14 14:11:47 - [TEST_STEP][PASSED] - delay(10): Delayed 10 second(s)

2022-02-14 14:11:57 - [MESSAGE][PASSED] - Delayed 10 second(s)

2022-02-14 14:11:57 - [TEST_STEP][PASSED] - takeScreenshot(): Taking screenshot successfully

2022-02-14 14:11:57 - [MESSAGE][PASSED] - Taking screenshot successfully
[[ATTACHMENT|/home/intersoft-admin/Rattan/Bash/Training/Rattan/Final_testing/New_ActivityOverview/Reports/20220214_115757/CancelAndRefundMultipleBookings-CopiedURL/20220214_115814/1644828117811.png]]

2022-02-14 14:11:57 - [TEST_STEP][PASSED] - UrlToClick = findWebElement(findTestObject("Object Repository/Header/CopyUrl/CopyUrl")).getAttribute("data-href_url"): null

2022-02-14 14:11:58 - [TEST_STEP][PASSED] - println(UrlToClick): null

2022-02-14 14:11:58 - [TEST_STEP][PASSED] - ActivityUrl = UrlToClick: null

2022-02-14 14:11:58 - [TEST_STEP][PASSED] - switchToWindowIndex(1): Switched to window with index: '1'

2022-02-14 14:11:58 - [MESSAGE][PASSED] - Switched to window with index: '1'

2022-02-14 14:11:58 - [TEST_STEP][PASSED] - delay(5): Delayed 5 second(s)

2022-02-14 14:12:03 - [MESSAGE][PASSED] - Delayed 5 second(s)

2022-02-14 14:12:03 - [TEST_STEP][PASSED] - navigateToUrl(ActivityUrl): Navigate to 'https://activity.test-prio.com/orders/164431857487598' successfully

2022-02-14 14:12:07 - [MESSAGE][PASSED] - Navigate to 'https://activity.test-prio.com/orders/164431857487598' successfully

2022-02-14 14:12:07 - [TEST_STEP][PASSED] - takeScreenshot(): Taking screenshot successfully

2022-02-14 14:12:08 - [MESSAGE][PASSED] - Taking screenshot successfully
[[ATTACHMENT|/home/intersoft-admin/Rattan/Bash/Training/Rattan/Final_testing/New_ActivityOverview/Reports/20220214_115757/CancelAndRefundMultipleBookings-CopiedURL/20220214_115814/1644828127869.png]]

2022-02-14 14:12:08 - [TEST_STEP][PASSED] - switchToDefaultContent(): null

2022-02-14 14:12:08 - [MESSAGE][PASSED] - Call Test Case 'Test Cases/StepToReUse/StepTOCopyURLAndAddAnotherTab' successfully

2022-02-14 14:12:08 - [TEST_STEP][PASSED] - bookingsize = findWebElements(findTestObject("Object Repository/DetailPop-up/ExpanSection/ProductSectionLength"), 5).size(): null

2022-02-14 14:12:08 - [TEST_STEP][PASSED] - logInfo(Size of Bookings on Product detail Pop-up: $bookingsize): Size of Bookings on Product detail Pop-up: 1

2022-02-14 14:12:08 - [MESSAGE][INFO] - Size of Bookings on Product detail Pop-up: 1

2022-02-14 14:12:08 - [TEST_STEP][PASSED] - for ([looping = 1, looping <= bookingsize, (looping++)]): Call Test Case 'Test Cases/StepToReUse/ActivityOverview-CancelBooking' successfully

2022-02-14 14:12:08 - [TEST_STEP][PASSED] - click(findTestObject("Object Repository/DetailPop-up/ExpanSection/ExpandProductSection", ["position":looping])): Object: 'Object Repository/DetailPop-up/ExpanSection/ExpandProductSection' is clicked on

2022-02-14 14:12:11 - [MESSAGE][PASSED] - Object: 'Object Repository/DetailPop-up/ExpanSection/ExpandProductSection' is clicked on

2022-02-14 14:12:11 - [TEST_STEP][PASSED] - delay(3): Delayed 3 second(s)

2022-02-14 14:12:14 - [MESSAGE][PASSED] - Delayed 3 second(s)

2022-02-14 14:12:14 - [TEST_STEP][PASSED] - takeScreenshot(): Taking screenshot successfully

2022-02-14 14:12:14 - [MESSAGE][PASSED] - Taking screenshot successfully
[[ATTACHMENT|/home/intersoft-admin/Rattan/Bash/Training/Rattan/Final_testing/New_ActivityOverview/Reports/20220214_115757/CancelAndRefundMultipleBookings-CopiedURL/20220214_115814/1644828134855.png]]

2022-02-14 14:12:14 - [TEST_STEP][PASSED] - callTestCase(findTestCase("Test Cases/StepToReUse/ActivityOverview-CancelBooking"), [:], CONTINUE_ON_FAILURE): Call Test Case 'Test Cases/StepToReUse/ActivityOverview-CancelBooking' successfully

2022-02-14 14:12:15 - [TEST_CASE][PASSED] - Test Cases/StepToReUse/ActivityOverview-CancelBooking: Test Cases/StepToReUse/ActivityOverview-CancelBooking

2022-02-14 14:12:15 - [TEST_STEP][PASSED] - logInfo(Refund Value: $GlobalVariable.refundvalue): Refund Value: 78

2022-02-14 14:12:15 - [MESSAGE][INFO] - Refund Value: 78

2022-02-14 14:12:15 - [TEST_STEP][PASSED] - cancelButtonSize = findWebElements(findTestObject("Object Repository/CancelAndRefund/CancelBookingButton"), 5).size(): null

2022-02-14 14:12:15 - [TEST_STEP][PASSED] - logInfo(Cancel Button Size: $cancelButtonSize): Cancel Button Size: 1

2022-02-14 14:12:15 - [MESSAGE][INFO] - Cancel Button Size: 1

2022-02-14 14:12:15 - [TEST_STEP][PASSED] - if (cancelButtonSize == 1): null

2022-02-14 14:12:15 - [TEST_STEP][PASSED] - if (waitForElementClickable(findTestObject("Object Repository/CancelAndRefund/CancelBookingButton"), 15) == true): null

2022-02-14 14:12:15 - [MESSAGE][PASSED] - Object 'Object Repository/CancelAndRefund/CancelBookingButton' is clickable

2022-02-14 14:12:15 - [TEST_STEP][PASSED] - scrollToElement(findTestObject("Object Repository/CancelAndRefund/CancelBookingButton"), 15): Scroll to object 'Object Repository/CancelAndRefund/CancelBookingButton' successfully

2022-02-14 14:12:15 - [MESSAGE][PASSED] - Scroll to object 'Object Repository/CancelAndRefund/CancelBookingButton' successfully

2022-02-14 14:12:15 - [TEST_STEP][PASSED] - click(findTestObject("Object Repository/CancelAndRefund/CancelBookingButton")): Object: 'Object Repository/CancelAndRefund/CancelBookingButton' is clicked on

2022-02-14 14:12:19 - [MESSAGE][PASSED] - Object: 'Object Repository/CancelAndRefund/CancelBookingButton' is clicked on

2022-02-14 14:12:19 - [TEST_STEP][PASSED] - delay(3): Delayed 3 second(s)

2022-02-14 14:12:22 - [MESSAGE][PASSED] - Delayed 3 second(s)

2022-02-14 14:12:22 - [TEST_STEP][PASSED] - takeScreenshot(): Taking screenshot successfully

2022-02-14 14:12:22 - [MESSAGE][PASSED] - Taking screenshot successfully
[[ATTACHMENT|/home/intersoft-admin/Rattan/Bash/Training/Rattan/Final_testing/New_ActivityOverview/Reports/20220214_115757/CancelAndRefundMultipleBookings-CopiedURL/20220214_115814/1644828142412.png]]

2022-02-14 14:12:22 - [TEST_STEP][PASSED] - if (waitForElementClickable(findTestObject("Object Repository/CancelAndRefund/CancelButton - OnRefundPop-up"), 15) == true): null

2022-02-14 14:12:22 - [MESSAGE][PASSED] - Object 'Object Repository/CancelAndRefund/CancelButton - OnRefundPop-up' is clickable

2022-02-14 14:12:22 - [TEST_STEP][PASSED] - click(findTestObject("Object Repository/CancelAndRefund/CancelButton - OnRefundPop-up")): Object: 'Object Repository/CancelAndRefund/CancelButton - OnRefundPop-up' is clicked on

2022-02-14 14:12:26 - [MESSAGE][PASSED] - Object: 'Object Repository/CancelAndRefund/CancelButton - OnRefundPop-up' is clicked on

2022-02-14 14:12:26 - [TEST_STEP][PASSED] - delay(3): Delayed 3 second(s)

2022-02-14 14:12:29 - [MESSAGE][PASSED] - Delayed 3 second(s)

2022-02-14 14:12:29 - [TEST_STEP][PASSED] - takeScreenshot(): Taking screenshot successfully

2022-02-14 14:12:29 - [MESSAGE][PASSED] - Taking screenshot successfully
[[ATTACHMENT|/home/intersoft-admin/Rattan/Bash/Training/Rattan/Final_testing/New_ActivityOverview/Reports/20220214_115757/CancelAndRefundMultipleBookings-CopiedURL/20220214_115814/1644828149305.png]]

2022-02-14 14:12:29 - [TEST_STEP][PASSED] - click(findTestObject("Object Repository/CancelAndRefund/CancelBookingButton")): Object: 'Object Repository/CancelAndRefund/CancelBookingButton' is clicked on

2022-02-14 14:12:32 - [MESSAGE][PASSED] - Object: 'Object Repository/CancelAndRefund/CancelBookingButton' is clicked on

2022-02-14 14:12:32 - [TEST_STEP][PASSED] - if (refundvalue < 4): null

2022-02-14 14:12:32 - [TEST_STEP][PASSED] - if (refundvalue <= 6 && refundvalue >= 4): null

2022-02-14 14:12:32 - [TEST_STEP][PASSED] - if (refundvalue > 6): null

2022-02-14 14:12:32 - [TEST_STEP][PASSED] - if (waitForElementVisible(findTestObject("Object Repository/CancelAndRefund/RefundOptionRadio"), 15) == true): null

2022-02-14 14:12:33 - [MESSAGE][PASSED] - Object 'Object Repository/CancelAndRefund/RefundOptionRadio' is visible

2022-02-14 14:12:33 - [TEST_STEP][PASSED] - click(findTestObject("Object Repository/CancelAndRefund/RefundOptionRadio")): Object: 'Object Repository/CancelAndRefund/RefundOptionRadio' is clicked on

2022-02-14 14:12:36 - [MESSAGE][PASSED] - Object: 'Object Repository/CancelAndRefund/RefundOptionRadio' is clicked on

2022-02-14 14:12:36 - [TEST_STEP][PASSED] - delay(3): Delayed 3 second(s)

2022-02-14 14:12:39 - [MESSAGE][PASSED] - Delayed 3 second(s)

2022-02-14 14:12:39 - [TEST_STEP][PASSED] - takeScreenshot(): Taking screenshot successfully

2022-02-14 14:12:39 - [MESSAGE][PASSED] - Taking screenshot successfully
[[ATTACHMENT|/home/intersoft-admin/Rattan/Bash/Training/Rattan/Final_testing/New_ActivityOverview/Reports/20220214_115757/CancelAndRefundMultipleBookings-CopiedURL/20220214_115814/1644828159638.png]]

2022-02-14 14:12:39 - [TEST_STEP][PASSED] - setText(findTestObject("Object Repository/CancelAndRefund/ReasonForCancellation"), CancellationReason): Text 'Order Refunded to Test Automation Testing Under Katalon' is set on object 'Object Repository/CancelAndRefund/ReasonForCancellation'

2022-02-14 14:12:46 - [MESSAGE][PASSED] - Text 'Order Refunded to Test Automation Testing Under Katalon' is set on object 'Object Repository/CancelAndRefund/ReasonForCancellation'

2022-02-14 14:12:46 - [TEST_STEP][PASSED] - click(findTestObject("Object Repository/CancelAndRefund/ConfirmCancellationButton")): Object: 'Object Repository/CancelAndRefund/ConfirmCancellationButton' is clicked on

2022-02-14 14:12:49 - [MESSAGE][PASSED] - Object: 'Object Repository/CancelAndRefund/ConfirmCancellationButton' is clicked on

2022-02-14 14:12:49 - [TEST_STEP][PASSED] - delay(3): Delayed 3 second(s)

2022-02-14 14:12:52 - [MESSAGE][PASSED] - Delayed 3 second(s)

2022-02-14 14:12:52 - [TEST_STEP][PASSED] - takeScreenshot(): Taking screenshot successfully

2022-02-14 14:12:53 - [MESSAGE][PASSED] - Taking screenshot successfully
[[ATTACHMENT|/home/intersoft-admin/Rattan/Bash/Training/Rattan/Final_testing/New_ActivityOverview/Reports/20220214_115757/CancelAndRefundMultipleBookings-CopiedURL/20220214_115814/1644828172905.png]]

2022-02-14 14:12:53 - [TEST_STEP][PASSED] - if (cancelButtonSize > 1): null

2022-02-14 14:12:53 - [MESSAGE][PASSED] - Call Test Case 'Test Cases/StepToReUse/ActivityOverview-CancelBooking' successfully

2022-02-14 14:12:53 - [TEST_STEP][PASSED] - switchToWindowIndex(0): Switched to window with index: '0'

2022-02-14 14:12:53 - [MESSAGE][PASSED] - Switched to window with index: '0'

2022-02-14 14:12:53 - [TEST_STEP][PASSED] - delay(13): Delayed 13 second(s)

2022-02-14 14:13:06 - [MESSAGE][PASSED] - Delayed 13 second(s)

2022-02-14 14:13:06 - [TEST_STEP][PASSED] - switchToFrame(findTestObject("Object Repository/Iframe/NewActivityOverviewIframe"), 5): null

2022-02-14 14:13:06 - [TEST_STEP][PASSED] - click(findTestObject("Object Repository/DetailPop-up/Backbutton/BackButtonToListing")): Object: 'Object Repository/DetailPop-up/Backbutton/BackButtonToListing' is clicked on

2022-02-14 14:13:09 - [MESSAGE][PASSED] - Object: 'Object Repository/DetailPop-up/Backbutton/BackButtonToListing' is clicked on

2022-02-14 14:13:09 - [TEST_STEP][PASSED] - delay(13): Delayed 13 second(s)

2022-02-14 14:13:22 - [MESSAGE][PASSED] - Delayed 13 second(s)

2022-02-14 14:13:22 - [TEST_STEP][PASSED] - if (l <= 5): null

2022-02-14 14:13:22 - [TEST_STEP][PASSED] - paginationvalue = l: null

2022-02-14 14:13:22 - [TEST_STEP][PASSED] - if (l > 5): null

2022-02-14 14:13:22 - [TEST_STEP][PASSED] - logInfo(Size of Pagination: $paginationvalue): Size of Pagination: 5

2022-02-14 14:13:22 - [MESSAGE][INFO] - Size of Pagination: 5

2022-02-14 14:13:22 - [TEST_STEP][PASSED] - click(findTestObject("Object Repository/PaginationCOunt/ClickOnPagination", ["pagination":paginationvalue])): Object: 'Object Repository/PaginationCOunt/ClickOnPagination' is clicked on

2022-02-14 14:13:25 - [MESSAGE][PASSED] - Object: 'Object Repository/PaginationCOunt/ClickOnPagination' is clicked on

2022-02-14 14:13:25 - [TEST_STEP][PASSED] - delay(20): Delayed 20 second(s)

2022-02-14 14:13:45 - [MESSAGE][PASSED] - Delayed 20 second(s)

2022-02-14 14:13:45 - [TEST_STEP][PASSED] - takeScreenshot(): Taking screenshot successfully

2022-02-14 14:13:45 - [MESSAGE][PASSED] - Taking screenshot successfully
[[ATTACHMENT|/home/intersoft-admin/Rattan/Bash/Training/Rattan/Final_testing/New_ActivityOverview/Reports/20220214_115757/CancelAndRefundMultipleBookings-CopiedURL/20220214_115814/1644828225820.png]]

2022-02-14 14:13:45 - [TEST_STEP][PASSED] - SizeofActiveBookings = findWebElements(findTestObject("Object Repository/CancelAndRefund/OrderListWithoutRefundedStatus"), 5).size(): null

2022-02-14 14:13:45 - [TEST_STEP][PASSED] - logInfo(Size of Active Bookings: $SizeofActiveBookings): Size of Active Bookings: 93

2022-02-14 14:13:45 - [MESSAGE][INFO] - Size of Active Bookings: 93

2022-02-14 14:13:45 - [TEST_STEP][PASSED] - for ([refund = 1, refund < SizeofActiveBookings, (refund++)]): Call Test Case 'Test Cases/StepToReUse/ActivityOverview-CancelBooking' successfully

2022-02-14 14:13:45 - [TEST_STEP][PASSED] - if (refund == 1): null

2022-02-14 14:13:45 - [TEST_STEP][PASSED] - refund = SizeofActiveBookings: null

2022-02-14 14:13:45 - [TEST_STEP][PASSED] - refundvalue = refund: null

2022-02-14 14:13:45 - [TEST_STEP][PASSED] - logInfo(Size of refund booking: $refund): Size of refund booking: 93

2022-02-14 14:13:45 - [MESSAGE][INFO] - Size of refund booking: 93

2022-02-14 14:13:45 - [TEST_STEP][PASSED] - scrollToElement(findTestObject("Object Repository/CancelAndRefund/OrderListWithoutRefundedStatus - Click", ["position":refund]), 15): Scroll to object 'Object Repository/CancelAndRefund/OrderListWithoutRefundedStatus - Click' successfully

2022-02-14 14:13:46 - [MESSAGE][PASSED] - Scroll to object 'Object Repository/CancelAndRefund/OrderListWithoutRefundedStatus - Click' successfully

2022-02-14 14:13:46 - [TEST_STEP][PASSED] - takeScreenshot(): Taking screenshot successfully

2022-02-14 14:13:46 - [MESSAGE][PASSED] - Taking screenshot successfully
[[ATTACHMENT|/home/intersoft-admin/Rattan/Bash/Training/Rattan/Final_testing/New_ActivityOverview/Reports/20220214_115757/CancelAndRefundMultipleBookings-CopiedURL/20220214_115814/1644828226096.png]]

2022-02-14 14:13:46 - [TEST_STEP][PASSED] - orderId = findWebElement(findTestObject("Object Repository/GetOrderID/GetOrderID", ["position":refund])).getAttribute("data-order_id"): null

2022-02-14 14:13:46 - [TEST_STEP][PASSED] - orderId = orderId: null

2022-02-14 14:13:46 - [TEST_STEP][PASSED] - logInfo(Order ID: $orderId): Order ID: 164422658775867

2022-02-14 14:13:46 - [MESSAGE][INFO] - Order ID: 164422658775867

2022-02-14 14:13:46 - [TEST_STEP][PASSED] - click(findTestObject("Object Repository/GetOrderID/GetOrderID", ["position":refund])): Object: 'Object Repository/GetOrderID/GetOrderID' is clicked on

2022-02-14 14:13:49 - [MESSAGE][PASSED] - Object: 'Object Repository/GetOrderID/GetOrderID' is clicked on

2022-02-14 14:13:49 - [TEST_STEP][PASSED] - delay(20): Delayed 20 second(s)

2022-02-14 14:14:09 - [MESSAGE][PASSED] - Delayed 20 second(s)

2022-02-14 14:14:09 - [TEST_STEP][PASSED] - takeScreenshot(): Taking screenshot successfully

2022-02-14 14:14:09 - [MESSAGE][PASSED] - Taking screenshot successfully
[[ATTACHMENT|/home/intersoft-admin/Rattan/Bash/Training/Rattan/Final_testing/New_ActivityOverview/Reports/20220214_115757/CancelAndRefundMultipleBookings-CopiedURL/20220214_115814/1644828249472.png]]

2022-02-14 14:14:09 - [TEST_STEP][PASSED] - if (waitForElementPresent(findTestObject("Object Repository/DetailPop-up/ExpanSection/ProductInformationExpandedSection-Exist"), 10)): null

2022-02-14 14:14:09 - [MESSAGE][PASSED] - Object 'Object Repository/DetailPop-up/ExpanSection/ProductInformationExpandedSection-Exist' is present

2022-02-14 14:14:09 - [TEST_STEP][PASSED] - logInfo("Product Expanded Section Exist"): Product Expanded Section Exist

2022-02-14 14:14:09 - [MESSAGE][INFO] - Product Expanded Section Exist

2022-02-14 14:14:09 - [TEST_STEP][PASSED] - click(findTestObject("DetailPop-up/ExpanSection/ProductInformationExpandedSection -Exist- ClickOnExpandedView")): Object: 'Object Repository/DetailPop-up/ExpanSection/ProductInformationExpandedSection -Exist- ClickOnExpandedView' is clicked on

2022-02-14 14:14:12 - [MESSAGE][PASSED] - Object: 'Object Repository/DetailPop-up/ExpanSection/ProductInformationExpandedSection -Exist- ClickOnExpandedView' is clicked on

2022-02-14 14:14:12 - [TEST_STEP][PASSED] - delay(3): Delayed 3 second(s)

2022-02-14 14:14:15 - [MESSAGE][PASSED] - Delayed 3 second(s)

2022-02-14 14:14:15 - [TEST_STEP][PASSED] - takeScreenshot(): Taking screenshot successfully

2022-02-14 14:14:15 - [MESSAGE][PASSED] - Taking screenshot successfully
[[ATTACHMENT|/home/intersoft-admin/Rattan/Bash/Training/Rattan/Final_testing/New_ActivityOverview/Reports/20220214_115757/CancelAndRefundMultipleBookings-CopiedURL/20220214_115814/1644828255813.png]]

2022-02-14 14:14:15 - [TEST_STEP][PASSED] - callTestCase(findTestCase("Test Cases/StepToReUse/StepTOCopyURLAndAddAnotherTab"), [:], CONTINUE_ON_FAILURE): Call Test Case 'Test Cases/StepToReUse/StepTOCopyURLAndAddAnotherTab' successfully

2022-02-14 14:14:15 - [TEST_CASE][PASSED] - Test Cases/StepToReUse/StepTOCopyURLAndAddAnotherTab: Test Cases/StepToReUse/StepTOCopyURLAndAddAnotherTab

2022-02-14 14:14:16 - [TEST_STEP][PASSED] - click(findTestObject("Object Repository/Header/Preview/ClickOnPreviewIcon")): Object: 'Object Repository/Header/Preview/ClickOnPreviewIcon' is clicked on

2022-02-14 14:14:19 - [MESSAGE][PASSED] - Object: 'Object Repository/Header/Preview/ClickOnPreviewIcon' is clicked on

2022-02-14 14:14:19 - [TEST_STEP][PASSED] - delay(10): Delayed 10 second(s)

2022-02-14 14:14:29 - [MESSAGE][PASSED] - Delayed 10 second(s)

2022-02-14 14:14:29 - [TEST_STEP][PASSED] - takeScreenshot(): Taking screenshot successfully

2022-02-14 14:14:29 - [MESSAGE][PASSED] - Taking screenshot successfully
[[ATTACHMENT|/home/intersoft-admin/Rattan/Bash/Training/Rattan/Final_testing/New_ActivityOverview/Reports/20220214_115757/CancelAndRefundMultipleBookings-CopiedURL/20220214_115814/1644828269159.png]]

2022-02-14 14:14:29 - [TEST_STEP][PASSED] - click(findTestObject("Object Repository/Header/Preview/PrintVoucher")): Object: 'Object Repository/Header/Preview/PrintVoucher' is clicked on

2022-02-14 14:14:32 - [MESSAGE][PASSED] - Object: 'Object Repository/Header/Preview/PrintVoucher' is clicked on

2022-02-14 14:14:32 - [TEST_STEP][PASSED] - delay(10): Delayed 10 second(s)

2022-02-14 14:14:42 - [MESSAGE][PASSED] - Delayed 10 second(s)

2022-02-14 14:14:42 - [TEST_STEP][PASSED] - takeScreenshot(): Taking screenshot successfully

2022-02-14 14:14:42 - [MESSAGE][PASSED] - Taking screenshot successfully
[[ATTACHMENT|/home/intersoft-admin/Rattan/Bash/Training/Rattan/Final_testing/New_ActivityOverview/Reports/20220214_115757/CancelAndRefundMultipleBookings-CopiedURL/20220214_115814/1644828282472.png]]

2022-02-14 14:14:42 - [TEST_STEP][PASSED] - UrlToClick = findWebElement(findTestObject("Object Repository/Header/CopyUrl/CopyUrl")).getAttribute("data-href_url"): null

2022-02-14 14:14:42 - [TEST_STEP][PASSED] - println(UrlToClick): null

2022-02-14 14:14:42 - [TEST_STEP][PASSED] - ActivityUrl = UrlToClick: null

2022-02-14 14:14:42 - [TEST_STEP][PASSED] - switchToWindowIndex(1): Switched to window with index: '1'

2022-02-14 14:14:42 - [MESSAGE][PASSED] - Switched to window with index: '1'

2022-02-14 14:14:42 - [TEST_STEP][PASSED] - delay(5): Delayed 5 second(s)

2022-02-14 14:14:47 - [MESSAGE][PASSED] - Delayed 5 second(s)

2022-02-14 14:14:47 - [TEST_STEP][PASSED] - navigateToUrl(ActivityUrl): Navigate to 'https://activity.test-prio.com/orders/164422658775867' successfully

2022-02-14 14:14:51 - [MESSAGE][PASSED] - Navigate to 'https://activity.test-prio.com/orders/164422658775867' successfully

2022-02-14 14:14:51 - [TEST_STEP][PASSED] - takeScreenshot(): Taking screenshot successfully

2022-02-14 14:14:52 - [MESSAGE][PASSED] - Taking screenshot successfully
[[ATTACHMENT|/home/intersoft-admin/Rattan/Bash/Training/Rattan/Final_testing/New_ActivityOverview/Reports/20220214_115757/CancelAndRefundMultipleBookings-CopiedURL/20220214_115814/1644828292718.png]]

2022-02-14 14:14:52 - [TEST_STEP][PASSED] - switchToDefaultContent(): null

2022-02-14 14:14:52 - [MESSAGE][PASSED] - Call Test Case 'Test Cases/StepToReUse/StepTOCopyURLAndAddAnotherTab' successfully

2022-02-14 14:14:52 - [TEST_STEP][PASSED] - bookingsize = findWebElements(findTestObject("Object Repository/DetailPop-up/ExpanSection/ProductSectionLength"), 5).size(): null

2022-02-14 14:14:53 - [TEST_STEP][PASSED] - logInfo(Size of Bookings on Product detail Pop-up: $bookingsize): Size of Bookings on Product detail Pop-up: 2

2022-02-14 14:14:53 - [MESSAGE][INFO] - Size of Bookings on Product detail Pop-up: 2

2022-02-14 14:14:53 - [TEST_STEP][PASSED] - for ([looping = 1, looping <= bookingsize, (looping++)]): Call Test Case 'Test Cases/StepToReUse/ActivityOverview-CancelBooking' successfully

2022-02-14 14:14:53 - [TEST_STEP][PASSED] - click(findTestObject("Object Repository/DetailPop-up/ExpanSection/ExpandProductSection", ["position":looping])): Object: 'Object Repository/DetailPop-up/ExpanSection/ExpandProductSection' is clicked on

2022-02-14 14:14:56 - [MESSAGE][PASSED] - Object: 'Object Repository/DetailPop-up/ExpanSection/ExpandProductSection' is clicked on

2022-02-14 14:14:56 - [TEST_STEP][PASSED] - delay(3): Delayed 3 second(s)

2022-02-14 14:14:59 - [MESSAGE][PASSED] - Delayed 3 second(s)

2022-02-14 14:14:59 - [TEST_STEP][PASSED] - takeScreenshot(): Taking screenshot successfully

2022-02-14 14:14:59 - [MESSAGE][PASSED] - Taking screenshot successfully
[[ATTACHMENT|/home/intersoft-admin/Rattan/Bash/Training/Rattan/Final_testing/New_ActivityOverview/Reports/20220214_115757/CancelAndRefundMultipleBookings-CopiedURL/20220214_115814/1644828299668.png]]

2022-02-14 14:14:59 - [TEST_STEP][PASSED] - callTestCase(findTestCase("Test Cases/StepToReUse/ActivityOverview-CancelBooking"), [:], CONTINUE_ON_FAILURE): Call Test Case 'Test Cases/StepToReUse/ActivityOverview-CancelBooking' successfully

2022-02-14 14:14:59 - [TEST_CASE][PASSED] - Test Cases/StepToReUse/ActivityOverview-CancelBooking: Test Cases/StepToReUse/ActivityOverview-CancelBooking

2022-02-14 14:14:59 - [TEST_STEP][PASSED] - logInfo(Refund Value: $GlobalVariable.refundvalue): Refund Value: 93

2022-02-14 14:14:59 - [MESSAGE][INFO] - Refund Value: 93

2022-02-14 14:14:59 - [TEST_STEP][PASSED] - cancelButtonSize = findWebElements(findTestObject("Object Repository/CancelAndRefund/CancelBookingButton"), 5).size(): null

2022-02-14 14:15:00 - [TEST_STEP][PASSED] - logInfo(Cancel Button Size: $cancelButtonSize): Cancel Button Size: 2

2022-02-14 14:15:00 - [MESSAGE][INFO] - Cancel Button Size: 2

2022-02-14 14:15:00 - [TEST_STEP][PASSED] - if (cancelButtonSize == 1): null

2022-02-14 14:15:00 - [TEST_STEP][PASSED] - if (cancelButtonSize > 1): null

2022-02-14 14:15:00 - [TEST_STEP][PASSED] - if (waitForElementClickable(findTestObject("Object Repository/CancelAndRefund/CancelBookingButton - Multiple", ["position":cancelbutton]), 15) == true): null

2022-02-14 14:15:00 - [MESSAGE][PASSED] - Object 'Object Repository/CancelAndRefund/CancelBookingButton - Multiple' is clickable

2022-02-14 14:15:00 - [TEST_STEP][PASSED] - scrollToElement(findTestObject("Object Repository/CancelAndRefund/CancelBookingButton - Multiple", ["position":cancelbutton]), 15): Scroll to object 'Object Repository/CancelAndRefund/CancelBookingButton - Multiple' successfully

2022-02-14 14:15:00 - [MESSAGE][PASSED] - Scroll to object 'Object Repository/CancelAndRefund/CancelBookingButton - Multiple' successfully

2022-02-14 14:15:00 - [TEST_STEP][PASSED] - click(findTestObject("Object Repository/CancelAndRefund/CancelBookingButton - Multiple", ["position":cancelbutton])): Object: 'Object Repository/CancelAndRefund/CancelBookingButton - Multiple' is clicked on

2022-02-14 14:15:04 - [MESSAGE][PASSED] - Object: 'Object Repository/CancelAndRefund/CancelBookingButton - Multiple' is clicked on

2022-02-14 14:15:04 - [TEST_STEP][PASSED] - delay(3): Delayed 3 second(s)

2022-02-14 14:15:07 - [MESSAGE][PASSED] - Delayed 3 second(s)

2022-02-14 14:15:07 - [TEST_STEP][PASSED] - takeScreenshot(): Taking screenshot successfully

2022-02-14 14:15:07 - [MESSAGE][PASSED] - Taking screenshot successfully
[[ATTACHMENT|/home/intersoft-admin/Rattan/Bash/Training/Rattan/Final_testing/New_ActivityOverview/Reports/20220214_115757/CancelAndRefundMultipleBookings-CopiedURL/20220214_115814/1644828307467.png]]

2022-02-14 14:15:07 - [TEST_STEP][PASSED] - if (waitForElementClickable(findTestObject("Object Repository/CancelAndRefund/CancelButton - OnRefundPop-up"), 15) == true): null

2022-02-14 14:15:07 - [MESSAGE][PASSED] - Object 'Object Repository/CancelAndRefund/CancelButton - OnRefundPop-up' is clickable

2022-02-14 14:15:07 - [TEST_STEP][PASSED] - click(findTestObject("Object Repository/CancelAndRefund/CancelButton - OnRefundPop-up")): Object: 'Object Repository/CancelAndRefund/CancelButton - OnRefundPop-up' is clicked on

2022-02-14 14:15:11 - [MESSAGE][PASSED] - Object: 'Object Repository/CancelAndRefund/CancelButton - OnRefundPop-up' is clicked on

2022-02-14 14:15:11 - [TEST_STEP][PASSED] - delay(3): Delayed 3 second(s)

2022-02-14 14:15:14 - [MESSAGE][PASSED] - Delayed 3 second(s)

2022-02-14 14:15:14 - [TEST_STEP][PASSED] - takeScreenshot(): Taking screenshot successfully

2022-02-14 14:15:14 - [MESSAGE][PASSED] - Taking screenshot successfully
[[ATTACHMENT|/home/intersoft-admin/Rattan/Bash/Training/Rattan/Final_testing/New_ActivityOverview/Reports/20220214_115757/CancelAndRefundMultipleBookings-CopiedURL/20220214_115814/1644828314485.png]]

2022-02-14 14:15:14 - [TEST_STEP][PASSED] - click(findTestObject("Object Repository/CancelAndRefund/CancelBookingButton - Multiple", ["position":cancelbutton])): Object: 'Object Repository/CancelAndRefund/CancelBookingButton - Multiple' is clicked on

2022-02-14 14:15:17 - [MESSAGE][PASSED] - Object: 'Object Repository/CancelAndRefund/CancelBookingButton - Multiple' is clicked on

2022-02-14 14:15:17 - [TEST_STEP][PASSED] - if (refundvalue <= 10): null

2022-02-14 14:15:17 - [TEST_STEP][PASSED] - if (refundvalue > 10 && refundvalue > 11): null

2022-02-14 14:15:17 - [TEST_STEP][PASSED] - if (waitForElementVisible(findTestObject("Object Repository/CancelAndRefund/OptionToCancelRefund", ["option":"Cancel"]), 15) == true): null

2022-02-14 14:15:18 - [MESSAGE][PASSED] - Object 'Object Repository/CancelAndRefund/OptionToCancelRefund' is visible

2022-02-14 14:15:18 - [TEST_STEP][PASSED] - click(findTestObject("Object Repository/CancelAndRefund/OptionToCancelRefund", ["option":"Cancel and Refund"])): Object: 'Object Repository/CancelAndRefund/OptionToCancelRefund' is clicked on

2022-02-14 14:15:21 - [MESSAGE][PASSED] - Object: 'Object Repository/CancelAndRefund/OptionToCancelRefund' is clicked on

2022-02-14 14:15:21 - [TEST_STEP][PASSED] - delay(3): Delayed 3 second(s)

2022-02-14 14:15:24 - [MESSAGE][PASSED] - Delayed 3 second(s)

2022-02-14 14:15:24 - [TEST_STEP][PASSED] - takeScreenshot(): Taking screenshot successfully

2022-02-14 14:15:25 - [MESSAGE][PASSED] - Taking screenshot successfully
[[ATTACHMENT|/home/intersoft-admin/Rattan/Bash/Training/Rattan/Final_testing/New_ActivityOverview/Reports/20220214_115757/CancelAndRefundMultipleBookings-CopiedURL/20220214_115814/1644828324924.png]]

2022-02-14 14:15:25 - [TEST_STEP][PASSED] - if (refundvalue > 12): null

2022-02-14 14:15:25 - [TEST_STEP][PASSED] - if (waitForElementVisible(findTestObject("Object Repository/CancelAndRefund/RefundOptionRadio"), 15) == true): null

2022-02-14 14:15:25 - [MESSAGE][PASSED] - Object 'Object Repository/CancelAndRefund/RefundOptionRadio' is visible

2022-02-14 14:15:25 - [TEST_STEP][PASSED] - click(findTestObject("Object Repository/CancelAndRefund/RefundOptionRadio")): Object: 'Object Repository/CancelAndRefund/RefundOptionRadio' is clicked on

2022-02-14 14:15:28 - [MESSAGE][PASSED] - Object: 'Object Repository/CancelAndRefund/RefundOptionRadio' is clicked on

2022-02-14 14:15:28 - [TEST_STEP][PASSED] - delay(3): Delayed 3 second(s)

2022-02-14 14:15:31 - [MESSAGE][PASSED] - Delayed 3 second(s)

2022-02-14 14:15:31 - [TEST_STEP][PASSED] - takeScreenshot(): Taking screenshot successfully

2022-02-14 14:15:31 - [MESSAGE][PASSED] - Taking screenshot successfully
[[ATTACHMENT|/home/intersoft-admin/Rattan/Bash/Training/Rattan/Final_testing/New_ActivityOverview/Reports/20220214_115757/CancelAndRefundMultipleBookings-CopiedURL/20220214_115814/1644828331836.png]]

2022-02-14 14:15:31 - [TEST_STEP][PASSED] - setText(findTestObject("Object Repository/CancelAndRefund/ReasonForCancellation"), CancellationReason): Text 'Order Refunded to Test Automation Testing Under Katalon' is set on object 'Object Repository/CancelAndRefund/ReasonForCancellation'

2022-02-14 14:15:38 - [MESSAGE][PASSED] - Text 'Order Refunded to Test Automation Testing Under Katalon' is set on object 'Object Repository/CancelAndRefund/ReasonForCancellation'

2022-02-14 14:15:38 - [TEST_STEP][PASSED] - click(findTestObject("Object Repository/CancelAndRefund/ConfirmCancellationButton")): Object: 'Object Repository/CancelAndRefund/ConfirmCancellationButton' is clicked on

2022-02-14 14:15:41 - [MESSAGE][PASSED] - Object: 'Object Repository/CancelAndRefund/ConfirmCancellationButton' is clicked on

2022-02-14 14:15:41 - [TEST_STEP][PASSED] - delay(3): Delayed 3 second(s)

2022-02-14 14:15:44 - [MESSAGE][PASSED] - Delayed 3 second(s)

2022-02-14 14:15:44 - [TEST_STEP][PASSED] - takeScreenshot(): Taking screenshot successfully

2022-02-14 14:15:45 - [MESSAGE][PASSED] - Taking screenshot successfully
[[ATTACHMENT|/home/intersoft-admin/Rattan/Bash/Training/Rattan/Final_testing/New_ActivityOverview/Reports/20220214_115757/CancelAndRefundMultipleBookings-CopiedURL/20220214_115814/1644828345160.png]]

2022-02-14 14:15:45 - [TEST_STEP][PASSED] - if (waitForElementClickable(findTestObject("Object Repository/CancelAndRefund/CancelBookingButton - Multiple", ["position":cancelbutton]), 15) == true): null

2022-02-14 14:15:45 - [MESSAGE][PASSED] - Object 'Object Repository/CancelAndRefund/CancelBookingButton - Multiple' is clickable

2022-02-14 14:15:45 - [TEST_STEP][PASSED] - scrollToElement(findTestObject("Object Repository/CancelAndRefund/CancelBookingButton - Multiple", ["position":cancelbutton]), 15): Scroll to object 'Object Repository/CancelAndRefund/CancelBookingButton - Multiple' successfully

2022-02-14 14:15:45 - [MESSAGE][PASSED] - Scroll to object 'Object Repository/CancelAndRefund/CancelBookingButton - Multiple' successfully

2022-02-14 14:15:45 - [TEST_STEP][PASSED] - click(findTestObject("Object Repository/CancelAndRefund/CancelBookingButton - Multiple", ["position":cancelbutton])): Object: 'Object Repository/CancelAndRefund/CancelBookingButton - Multiple' is clicked on

2022-02-14 14:15:49 - [MESSAGE][PASSED] - Object: 'Object Repository/CancelAndRefund/CancelBookingButton - Multiple' is clicked on

2022-02-14 14:15:49 - [TEST_STEP][PASSED] - delay(3): Delayed 3 second(s)

2022-02-14 14:15:52 - [MESSAGE][PASSED] - Delayed 3 second(s)

2022-02-14 14:15:52 - [TEST_STEP][PASSED] - takeScreenshot(): Taking screenshot successfully

2022-02-14 14:15:52 - [MESSAGE][PASSED] - Taking screenshot successfully
[[ATTACHMENT|/home/intersoft-admin/Rattan/Bash/Training/Rattan/Final_testing/New_ActivityOverview/Reports/20220214_115757/CancelAndRefundMultipleBookings-CopiedURL/20220214_115814/1644828352382.png]]

2022-02-14 14:15:52 - [TEST_STEP][PASSED] - if (waitForElementClickable(findTestObject("Object Repository/CancelAndRefund/CancelButton - OnRefundPop-up"), 15) == true): null

2022-02-14 14:15:52 - [MESSAGE][PASSED] - Object 'Object Repository/CancelAndRefund/CancelButton - OnRefundPop-up' is clickable

2022-02-14 14:15:52 - [TEST_STEP][PASSED] - click(findTestObject("Object Repository/CancelAndRefund/CancelButton - OnRefundPop-up")): Object: 'Object Repository/CancelAndRefund/CancelButton - OnRefundPop-up' is clicked on

2022-02-14 14:15:56 - [MESSAGE][PASSED] - Object: 'Object Repository/CancelAndRefund/CancelButton - OnRefundPop-up' is clicked on

2022-02-14 14:15:56 - [TEST_STEP][PASSED] - delay(3): Delayed 3 second(s)

2022-02-14 14:15:59 - [MESSAGE][PASSED] - Delayed 3 second(s)

2022-02-14 14:15:59 - [TEST_STEP][PASSED] - takeScreenshot(): Taking screenshot successfully

2022-02-14 14:15:59 - [MESSAGE][PASSED] - Taking screenshot successfully
[[ATTACHMENT|/home/intersoft-admin/Rattan/Bash/Training/Rattan/Final_testing/New_ActivityOverview/Reports/20220214_115757/CancelAndRefundMultipleBookings-CopiedURL/20220214_115814/1644828359284.png]]

2022-02-14 14:15:59 - [TEST_STEP][PASSED] - click(findTestObject("Object Repository/CancelAndRefund/CancelBookingButton - Multiple", ["position":cancelbutton])): Object: 'Object Repository/CancelAndRefund/CancelBookingButton - Multiple' is clicked on

2022-02-14 14:16:02 - [MESSAGE][PASSED] - Object: 'Object Repository/CancelAndRefund/CancelBookingButton - Multiple' is clicked on

2022-02-14 14:16:02 - [TEST_STEP][PASSED] - if (refundvalue <= 10): null

2022-02-14 14:16:02 - [TEST_STEP][PASSED] - if (refundvalue > 10 && refundvalue > 11): null

2022-02-14 14:16:02 - [TEST_STEP][PASSED] - if (waitForElementVisible(findTestObject("Object Repository/CancelAndRefund/OptionToCancelRefund", ["option":"Cancel"]), 15) == true): null

2022-02-14 14:16:03 - [MESSAGE][PASSED] - Object 'Object Repository/CancelAndRefund/OptionToCancelRefund' is visible

2022-02-14 14:16:03 - [TEST_STEP][PASSED] - click(findTestObject("Object Repository/CancelAndRefund/OptionToCancelRefund", ["option":"Cancel and Refund"])): Object: 'Object Repository/CancelAndRefund/OptionToCancelRefund' is clicked on

2022-02-14 14:16:06 - [MESSAGE][PASSED] - Object: 'Object Repository/CancelAndRefund/OptionToCancelRefund' is clicked on

2022-02-14 14:16:06 - [TEST_STEP][PASSED] - delay(3): Delayed 3 second(s)

2022-02-14 14:16:09 - [MESSAGE][PASSED] - Delayed 3 second(s)

2022-02-14 14:16:09 - [TEST_STEP][PASSED] - takeScreenshot(): Taking screenshot successfully

2022-02-14 14:16:09 - [MESSAGE][PASSED] - Taking screenshot successfully
[[ATTACHMENT|/home/intersoft-admin/Rattan/Bash/Training/Rattan/Final_testing/New_ActivityOverview/Reports/20220214_115757/CancelAndRefundMultipleBookings-CopiedURL/20220214_115814/1644828369626.png]]

2022-02-14 14:16:09 - [TEST_STEP][PASSED] - if (refundvalue > 12): null

2022-02-14 14:16:09 - [TEST_STEP][PASSED] - if (waitForElementVisible(findTestObject("Object Repository/CancelAndRefund/RefundOptionRadio"), 15) == true): null

2022-02-14 14:16:10 - [MESSAGE][PASSED] - Object 'Object Repository/CancelAndRefund/RefundOptionRadio' is visible

2022-02-14 14:16:10 - [TEST_STEP][PASSED] - click(findTestObject("Object Repository/CancelAndRefund/RefundOptionRadio")): Object: 'Object Repository/CancelAndRefund/RefundOptionRadio' is clicked on

2022-02-14 14:16:13 - [MESSAGE][PASSED] - Object: 'Object Repository/CancelAndRefund/RefundOptionRadio' is clicked on

2022-02-14 14:16:13 - [TEST_STEP][PASSED] - delay(3): Delayed 3 second(s)

2022-02-14 14:16:16 - [MESSAGE][PASSED] - Delayed 3 second(s)

2022-02-14 14:16:16 - [TEST_STEP][PASSED] - takeScreenshot(): Taking screenshot successfully

2022-02-14 14:16:16 - [MESSAGE][PASSED] - Taking screenshot successfully
[[ATTACHMENT|/home/intersoft-admin/Rattan/Bash/Training/Rattan/Final_testing/New_ActivityOverview/Reports/20220214_115757/CancelAndRefundMultipleBookings-CopiedURL/20220214_115814/1644828376535.png]]

2022-02-14 14:16:16 - [TEST_STEP][PASSED] - setText(findTestObject("Object Repository/CancelAndRefund/ReasonForCancellation"), CancellationReason): Text 'Order Refunded to Test Automation Testing Under Katalon' is set on object 'Object Repository/CancelAndRefund/ReasonForCancellation'

2022-02-14 14:16:23 - [MESSAGE][PASSED] - Text 'Order Refunded to Test Automation Testing Under Katalon' is set on object 'Object Repository/CancelAndRefund/ReasonForCancellation'

2022-02-14 14:16:23 - [TEST_STEP][PASSED] - click(findTestObject("Object Repository/CancelAndRefund/ConfirmCancellationButton")): Object: 'Object Repository/CancelAndRefund/ConfirmCancellationButton' is clicked on

2022-02-14 14:16:26 - [MESSAGE][PASSED] - Object: 'Object Repository/CancelAndRefund/ConfirmCancellationButton' is clicked on

2022-02-14 14:16:26 - [TEST_STEP][PASSED] - delay(3): Delayed 3 second(s)

2022-02-14 14:16:29 - [MESSAGE][PASSED] - Delayed 3 second(s)

2022-02-14 14:16:29 - [TEST_STEP][PASSED] - takeScreenshot(): Taking screenshot successfully

2022-02-14 14:16:29 - [MESSAGE][PASSED] - Taking screenshot successfully
[[ATTACHMENT|/home/intersoft-admin/Rattan/Bash/Training/Rattan/Final_testing/New_ActivityOverview/Reports/20220214_115757/CancelAndRefundMultipleBookings-CopiedURL/20220214_115814/1644828389761.png]]

2022-02-14 14:16:29 - [MESSAGE][PASSED] - Call Test Case 'Test Cases/StepToReUse/ActivityOverview-CancelBooking' successfully

2022-02-14 14:16:29 - [TEST_STEP][PASSED] - click(findTestObject("Object Repository/DetailPop-up/ExpanSection/ExpandProductSection", ["position":looping])): Object: 'Object Repository/DetailPop-up/ExpanSection/ExpandProductSection' is clicked on

2022-02-14 14:16:33 - [MESSAGE][PASSED] - Object: 'Object Repository/DetailPop-up/ExpanSection/ExpandProductSection' is clicked on

2022-02-14 14:16:33 - [TEST_STEP][PASSED] - delay(3): Delayed 3 second(s)

2022-02-14 14:16:36 - [MESSAGE][PASSED] - Delayed 3 second(s)

2022-02-14 14:16:36 - [TEST_STEP][PASSED] - takeScreenshot(): Taking screenshot successfully

2022-02-14 14:16:36 - [MESSAGE][PASSED] - Taking screenshot successfully
[[ATTACHMENT|/home/intersoft-admin/Rattan/Bash/Training/Rattan/Final_testing/New_ActivityOverview/Reports/20220214_115757/CancelAndRefundMultipleBookings-CopiedURL/20220214_115814/1644828396461.png]]

2022-02-14 14:16:36 - [TEST_STEP][PASSED] - callTestCase(findTestCase("Test Cases/StepToReUse/ActivityOverview-CancelBooking"), [:], CONTINUE_ON_FAILURE): Call Test Case 'Test Cases/StepToReUse/ActivityOverview-CancelBooking' successfully

2022-02-14 14:16:36 - [TEST_CASE][PASSED] - Test Cases/StepToReUse/ActivityOverview-CancelBooking: Test Cases/StepToReUse/ActivityOverview-CancelBooking

2022-02-14 14:16:36 - [TEST_STEP][PASSED] - logInfo(Refund Value: $GlobalVariable.refundvalue): Refund Value: 93

2022-02-14 14:16:36 - [MESSAGE][INFO] - Refund Value: 93

2022-02-14 14:16:36 - [TEST_STEP][PASSED] - cancelButtonSize = findWebElements(findTestObject("Object Repository/CancelAndRefund/CancelBookingButton"), 5).size(): null

2022-02-14 14:16:36 - [TEST_STEP][PASSED] - logInfo(Cancel Button Size: $cancelButtonSize): Cancel Button Size: 2

2022-02-14 14:16:36 - [MESSAGE][INFO] - Cancel Button Size: 2

2022-02-14 14:16:36 - [TEST_STEP][PASSED] - if (cancelButtonSize == 1): null

2022-02-14 14:16:36 - [TEST_STEP][PASSED] - if (cancelButtonSize > 1): null

2022-02-14 14:16:36 - [TEST_STEP][PASSED] - if (waitForElementClickable(findTestObject("Object Repository/CancelAndRefund/CancelBookingButton - Multiple", ["position":cancelbutton]), 15) == true): null

2022-02-14 14:16:37 - [MESSAGE][PASSED] - Object 'Object Repository/CancelAndRefund/CancelBookingButton - Multiple' is clickable

2022-02-14 14:16:37 - [TEST_STEP][PASSED] - scrollToElement(findTestObject("Object Repository/CancelAndRefund/CancelBookingButton - Multiple", ["position":cancelbutton]), 15): Scroll to object 'Object Repository/CancelAndRefund/CancelBookingButton - Multiple' successfully

2022-02-14 14:16:37 - [MESSAGE][PASSED] - Scroll to object 'Object Repository/CancelAndRefund/CancelBookingButton - Multiple' successfully

2022-02-14 14:16:37 - [TEST_STEP][PASSED] - click(findTestObject("Object Repository/CancelAndRefund/CancelBookingButton - Multiple", ["position":cancelbutton])): Object: 'Object Repository/CancelAndRefund/CancelBookingButton - Multiple' is clicked on

2022-02-14 14:16:40 - [MESSAGE][PASSED] - Object: 'Object Repository/CancelAndRefund/CancelBookingButton - Multiple' is clicked on

2022-02-14 14:16:40 - [TEST_STEP][PASSED] - delay(3): Delayed 3 second(s)

2022-02-14 14:16:43 - [MESSAGE][PASSED] - Delayed 3 second(s)

2022-02-14 14:16:43 - [TEST_STEP][PASSED] - takeScreenshot(): Taking screenshot successfully

2022-02-14 14:16:44 - [MESSAGE][PASSED] - Taking screenshot successfully
[[ATTACHMENT|/home/intersoft-admin/Rattan/Bash/Training/Rattan/Final_testing/New_ActivityOverview/Reports/20220214_115757/CancelAndRefundMultipleBookings-CopiedURL/20220214_115814/1644828403975.png]]

2022-02-14 14:16:44 - [TEST_STEP][PASSED] - if (waitForElementClickable(findTestObject("Object Repository/CancelAndRefund/CancelButton - OnRefundPop-up"), 15) == true): null

2022-02-14 14:16:44 - [MESSAGE][PASSED] - Object 'Object Repository/CancelAndRefund/CancelButton - OnRefundPop-up' is clickable

2022-02-14 14:16:44 - [TEST_STEP][PASSED] - click(findTestObject("Object Repository/CancelAndRefund/CancelButton - OnRefundPop-up")): Object: 'Object Repository/CancelAndRefund/CancelButton - OnRefundPop-up' is clicked on

2022-02-14 14:16:47 - [MESSAGE][PASSED] - Object: 'Object Repository/CancelAndRefund/CancelButton - OnRefundPop-up' is clicked on

2022-02-14 14:16:47 - [TEST_STEP][PASSED] - delay(3): Delayed 3 second(s)

2022-02-14 14:16:50 - [MESSAGE][PASSED] - Delayed 3 second(s)

2022-02-14 14:16:50 - [TEST_STEP][PASSED] - takeScreenshot(): Taking screenshot successfully

2022-02-14 14:16:51 - [MESSAGE][PASSED] - Taking screenshot successfully
[[ATTACHMENT|/home/intersoft-admin/Rattan/Bash/Training/Rattan/Final_testing/New_ActivityOverview/Reports/20220214_115757/CancelAndRefundMultipleBookings-CopiedURL/20220214_115814/1644828410882.png]]

2022-02-14 14:16:51 - [TEST_STEP][PASSED] - click(findTestObject("Object Repository/CancelAndRefund/CancelBookingButton - Multiple", ["position":cancelbutton])): Object: 'Object Repository/CancelAndRefund/CancelBookingButton - Multiple' is clicked on

2022-02-14 14:16:54 - [MESSAGE][PASSED] - Object: 'Object Repository/CancelAndRefund/CancelBookingButton - Multiple' is clicked on

2022-02-14 14:16:54 - [TEST_STEP][PASSED] - if (refundvalue <= 10): null

2022-02-14 14:16:54 - [TEST_STEP][PASSED] - if (refundvalue > 10 && refundvalue > 11): null

2022-02-14 14:16:54 - [TEST_STEP][PASSED] - if (waitForElementVisible(findTestObject("Object Repository/CancelAndRefund/OptionToCancelRefund", ["option":"Cancel"]), 15) == true): null

2022-02-14 14:16:54 - [MESSAGE][PASSED] - Object 'Object Repository/CancelAndRefund/OptionToCancelRefund' is visible

2022-02-14 14:16:54 - [TEST_STEP][PASSED] - click(findTestObject("Object Repository/CancelAndRefund/OptionToCancelRefund", ["option":"Cancel and Refund"])): Object: 'Object Repository/CancelAndRefund/OptionToCancelRefund' is clicked on

2022-02-14 14:16:58 - [MESSAGE][PASSED] - Object: 'Object Repository/CancelAndRefund/OptionToCancelRefund' is clicked on

2022-02-14 14:16:58 - [TEST_STEP][PASSED] - delay(3): Delayed 3 second(s)

2022-02-14 14:17:01 - [MESSAGE][PASSED] - Delayed 3 second(s)

2022-02-14 14:17:01 - [TEST_STEP][PASSED] - takeScreenshot(): Taking screenshot successfully

2022-02-14 14:17:01 - [MESSAGE][PASSED] - Taking screenshot successfully
[[ATTACHMENT|/home/intersoft-admin/Rattan/Bash/Training/Rattan/Final_testing/New_ActivityOverview/Reports/20220214_115757/CancelAndRefundMultipleBookings-CopiedURL/20220214_115814/1644828421334.png]]

2022-02-14 14:17:01 - [TEST_STEP][PASSED] - if (refundvalue > 12): null

2022-02-14 14:17:01 - [TEST_STEP][PASSED] - if (waitForElementVisible(findTestObject("Object Repository/CancelAndRefund/RefundOptionRadio"), 15) == true): null

2022-02-14 14:17:01 - [MESSAGE][PASSED] - Object 'Object Repository/CancelAndRefund/RefundOptionRadio' is visible

2022-02-14 14:17:01 - [TEST_STEP][PASSED] - click(findTestObject("Object Repository/CancelAndRefund/RefundOptionRadio")): Object: 'Object Repository/CancelAndRefund/RefundOptionRadio' is clicked on

2022-02-14 14:17:05 - [MESSAGE][PASSED] - Object: 'Object Repository/CancelAndRefund/RefundOptionRadio' is clicked on

2022-02-14 14:17:05 - [TEST_STEP][PASSED] - delay(3): Delayed 3 second(s)

2022-02-14 14:17:08 - [MESSAGE][PASSED] - Delayed 3 second(s)

2022-02-14 14:17:08 - [TEST_STEP][PASSED] - takeScreenshot(): Taking screenshot successfully

2022-02-14 14:17:08 - [MESSAGE][PASSED] - Taking screenshot successfully
[[ATTACHMENT|/home/intersoft-admin/Rattan/Bash/Training/Rattan/Final_testing/New_ActivityOverview/Reports/20220214_115757/CancelAndRefundMultipleBookings-CopiedURL/20220214_115814/1644828428225.png]]

2022-02-14 14:17:08 - [TEST_STEP][PASSED] - setText(findTestObject("Object Repository/CancelAndRefund/ReasonForCancellation"), CancellationReason): Text 'Order Refunded to Test Automation Testing Under Katalon' is set on object 'Object Repository/CancelAndRefund/ReasonForCancellation'

2022-02-14 14:17:14 - [MESSAGE][PASSED] - Text 'Order Refunded to Test Automation Testing Under Katalon' is set on object 'Object Repository/CancelAndRefund/ReasonForCancellation'

2022-02-14 14:17:14 - [TEST_STEP][PASSED] - click(findTestObject("Object Repository/CancelAndRefund/ConfirmCancellationButton")): Object: 'Object Repository/CancelAndRefund/ConfirmCancellationButton' is clicked on

2022-02-14 14:17:18 - [MESSAGE][PASSED] - Object: 'Object Repository/CancelAndRefund/ConfirmCancellationButton' is clicked on

2022-02-14 14:17:18 - [TEST_STEP][PASSED] - delay(3): Delayed 3 second(s)

2022-02-14 14:17:21 - [MESSAGE][PASSED] - Delayed 3 second(s)

2022-02-14 14:17:21 - [TEST_STEP][PASSED] - takeScreenshot(): Taking screenshot successfully

2022-02-14 14:17:21 - [MESSAGE][PASSED] - Taking screenshot successfully
[[ATTACHMENT|/home/intersoft-admin/Rattan/Bash/Training/Rattan/Final_testing/New_ActivityOverview/Reports/20220214_115757/CancelAndRefundMultipleBookings-CopiedURL/20220214_115814/1644828441445.png]]

2022-02-14 14:17:21 - [TEST_STEP][PASSED] - if (waitForElementClickable(findTestObject("Object Repository/CancelAndRefund/CancelBookingButton - Multiple", ["position":cancelbutton]), 15) == true): null

2022-02-14 14:17:21 - [MESSAGE][PASSED] - Object 'Object Repository/CancelAndRefund/CancelBookingButton - Multiple' is clickable

2022-02-14 14:17:21 - [TEST_STEP][PASSED] - scrollToElement(findTestObject("Object Repository/CancelAndRefund/CancelBookingButton - Multiple", ["position":cancelbutton]), 15): Scroll to object 'Object Repository/CancelAndRefund/CancelBookingButton - Multiple' successfully

2022-02-14 14:17:22 - [MESSAGE][PASSED] - Scroll to object 'Object Repository/CancelAndRefund/CancelBookingButton - Multiple' successfully

2022-02-14 14:17:22 - [TEST_STEP][PASSED] - click(findTestObject("Object Repository/CancelAndRefund/CancelBookingButton - Multiple", ["position":cancelbutton])): Object: 'Object Repository/CancelAndRefund/CancelBookingButton - Multiple' is clicked on

2022-02-14 14:17:25 - [MESSAGE][PASSED] - Object: 'Object Repository/CancelAndRefund/CancelBookingButton - Multiple' is clicked on

2022-02-14 14:17:25 - [TEST_STEP][PASSED] - delay(3): Delayed 3 second(s)

2022-02-14 14:17:28 - [MESSAGE][PASSED] - Delayed 3 second(s)

2022-02-14 14:17:28 - [TEST_STEP][PASSED] - takeScreenshot(): Taking screenshot successfully

2022-02-14 14:17:28 - [MESSAGE][PASSED] - Taking screenshot successfully
[[ATTACHMENT|/home/intersoft-admin/Rattan/Bash/Training/Rattan/Final_testing/New_ActivityOverview/Reports/20220214_115757/CancelAndRefundMultipleBookings-CopiedURL/20220214_115814/1644828448658.png]]

2022-02-14 14:17:28 - [TEST_STEP][PASSED] - if (waitForElementClickable(findTestObject("Object Repository/CancelAndRefund/CancelButton - OnRefundPop-up"), 15) == true): null

2022-02-14 14:17:29 - [MESSAGE][PASSED] - Object 'Object Repository/CancelAndRefund/CancelButton - OnRefundPop-up' is clickable

2022-02-14 14:17:29 - [TEST_STEP][PASSED] - click(findTestObject("Object Repository/CancelAndRefund/CancelButton - OnRefundPop-up")): Object: 'Object Repository/CancelAndRefund/CancelButton - OnRefundPop-up' is clicked on

2022-02-14 14:17:32 - [MESSAGE][PASSED] - Object: 'Object Repository/CancelAndRefund/CancelButton - OnRefundPop-up' is clicked on

2022-02-14 14:17:32 - [TEST_STEP][PASSED] - delay(3): Delayed 3 second(s)

2022-02-14 14:17:35 - [MESSAGE][PASSED] - Delayed 3 second(s)

2022-02-14 14:17:35 - [TEST_STEP][PASSED] - takeScreenshot(): Taking screenshot successfully

2022-02-14 14:17:35 - [MESSAGE][PASSED] - Taking screenshot successfully
[[ATTACHMENT|/home/intersoft-admin/Rattan/Bash/Training/Rattan/Final_testing/New_ActivityOverview/Reports/20220214_115757/CancelAndRefundMultipleBookings-CopiedURL/20220214_115814/1644828455536.png]]

2022-02-14 14:17:35 - [TEST_STEP][PASSED] - click(findTestObject("Object Repository/CancelAndRefund/CancelBookingButton - Multiple", ["position":cancelbutton])): Object: 'Object Repository/CancelAndRefund/CancelBookingButton - Multiple' is clicked on

2022-02-14 14:17:38 - [MESSAGE][PASSED] - Object: 'Object Repository/CancelAndRefund/CancelBookingButton - Multiple' is clicked on

2022-02-14 14:17:38 - [TEST_STEP][PASSED] - if (refundvalue <= 10): null

2022-02-14 14:17:38 - [TEST_STEP][PASSED] - if (refundvalue > 10 && refundvalue > 11): null

2022-02-14 14:17:38 - [TEST_STEP][PASSED] - if (waitForElementVisible(findTestObject("Object Repository/CancelAndRefund/OptionToCancelRefund", ["option":"Cancel"]), 15) == true): null

2022-02-14 14:17:39 - [MESSAGE][PASSED] - Object 'Object Repository/CancelAndRefund/OptionToCancelRefund' is visible

2022-02-14 14:17:39 - [TEST_STEP][PASSED] - click(findTestObject("Object Repository/CancelAndRefund/OptionToCancelRefund", ["option":"Cancel and Refund"])): Object: 'Object Repository/CancelAndRefund/OptionToCancelRefund' is clicked on

2022-02-14 14:17:42 - [MESSAGE][PASSED] - Object: 'Object Repository/CancelAndRefund/OptionToCancelRefund' is clicked on

2022-02-14 14:17:42 - [TEST_STEP][PASSED] - delay(3): Delayed 3 second(s)

2022-02-14 14:17:45 - [MESSAGE][PASSED] - Delayed 3 second(s)

2022-02-14 14:17:45 - [TEST_STEP][PASSED] - takeScreenshot(): Taking screenshot successfully

2022-02-14 14:17:46 - [MESSAGE][PASSED] - Taking screenshot successfully
[[ATTACHMENT|/home/intersoft-admin/Rattan/Bash/Training/Rattan/Final_testing/New_ActivityOverview/Reports/20220214_115757/CancelAndRefundMultipleBookings-CopiedURL/20220214_115814/1644828465946.png]]

2022-02-14 14:17:46 - [TEST_STEP][PASSED] - if (refundvalue > 12): null

2022-02-14 14:17:46 - [TEST_STEP][PASSED] - if (waitForElementVisible(findTestObject("Object Repository/CancelAndRefund/RefundOptionRadio"), 15) == true): null

2022-02-14 14:17:46 - [MESSAGE][PASSED] - Object 'Object Repository/CancelAndRefund/RefundOptionRadio' is visible

2022-02-14 14:17:46 - [TEST_STEP][PASSED] - click(findTestObject("Object Repository/CancelAndRefund/RefundOptionRadio")): Object: 'Object Repository/CancelAndRefund/RefundOptionRadio' is clicked on

2022-02-14 14:17:49 - [MESSAGE][PASSED] - Object: 'Object Repository/CancelAndRefund/RefundOptionRadio' is clicked on

2022-02-14 14:17:49 - [TEST_STEP][PASSED] - delay(3): Delayed 3 second(s)

2022-02-14 14:17:52 - [MESSAGE][PASSED] - Delayed 3 second(s)

2022-02-14 14:17:52 - [TEST_STEP][PASSED] - takeScreenshot(): Taking screenshot successfully

2022-02-14 14:17:52 - [MESSAGE][PASSED] - Taking screenshot successfully
[[ATTACHMENT|/home/intersoft-admin/Rattan/Bash/Training/Rattan/Final_testing/New_ActivityOverview/Reports/20220214_115757/CancelAndRefundMultipleBookings-CopiedURL/20220214_115814/1644828472859.png]]

2022-02-14 14:17:52 - [TEST_STEP][PASSED] - setText(findTestObject("Object Repository/CancelAndRefund/ReasonForCancellation"), CancellationReason): Text 'Order Refunded to Test Automation Testing Under Katalon' is set on object 'Object Repository/CancelAndRefund/ReasonForCancellation'

2022-02-14 14:17:59 - [MESSAGE][PASSED] - Text 'Order Refunded to Test Automation Testing Under Katalon' is set on object 'Object Repository/CancelAndRefund/ReasonForCancellation'

2022-02-14 14:17:59 - [TEST_STEP][PASSED] - click(findTestObject("Object Repository/CancelAndRefund/ConfirmCancellationButton")): Object: 'Object Repository/CancelAndRefund/ConfirmCancellationButton' is clicked on

2022-02-14 14:18:02 - [MESSAGE][PASSED] - Object: 'Object Repository/CancelAndRefund/ConfirmCancellationButton' is clicked on

2022-02-14 14:18:02 - [TEST_STEP][PASSED] - delay(3): Delayed 3 second(s)

2022-02-14 14:18:05 - [MESSAGE][PASSED] - Delayed 3 second(s)

2022-02-14 14:18:05 - [TEST_STEP][PASSED] - takeScreenshot(): Taking screenshot successfully

2022-02-14 14:18:06 - [MESSAGE][PASSED] - Taking screenshot successfully
[[ATTACHMENT|/home/intersoft-admin/Rattan/Bash/Training/Rattan/Final_testing/New_ActivityOverview/Reports/20220214_115757/CancelAndRefundMultipleBookings-CopiedURL/20220214_115814/1644828486110.png]]

2022-02-14 14:18:06 - [MESSAGE][PASSED] - Call Test Case 'Test Cases/StepToReUse/ActivityOverview-CancelBooking' successfully

2022-02-14 14:18:06 - [TEST_STEP][PASSED] - switchToWindowIndex(0): Switched to window with index: '0'

2022-02-14 14:18:06 - [MESSAGE][PASSED] - Switched to window with index: '0'

2022-02-14 14:18:06 - [TEST_STEP][PASSED] - delay(13): Delayed 13 second(s)

2022-02-14 14:18:19 - [MESSAGE][PASSED] - Delayed 13 second(s)

2022-02-14 14:18:19 - [TEST_STEP][PASSED] - switchToFrame(findTestObject("Object Repository/Iframe/NewActivityOverviewIframe"), 5): null

2022-02-14 14:18:19 - [TEST_STEP][PASSED] - click(findTestObject("Object Repository/DetailPop-up/Backbutton/BackButtonToListing")): Object: 'Object Repository/DetailPop-up/Backbutton/BackButtonToListing' is clicked on

2022-02-14 14:18:22 - [MESSAGE][PASSED] - Object: 'Object Repository/DetailPop-up/Backbutton/BackButtonToListing' is clicked on

2022-02-14 14:18:22 - [TEST_STEP][PASSED] - delay(13): Delayed 13 second(s)

2022-02-14 14:18:35 - [MESSAGE][PASSED] - Delayed 13 second(s)]]></system-out>
         <system-err><![CDATA[]]></system-err>
      </testcase>
      <system-out><![CDATA[2022-02-14 14:00:57 - [TEST_SUITE][PASSED] - CancelAndRefundMultipleBookings-CopiedURL: Test Cases/NewActivityOverview-LeftNavigation/ActivityOverview-CancelBooking-GetOrderIDAndRefund - CopiedURL]]></system-out>
      <system-err><![CDATA[]]></system-err>
   </testsuite>
</testsuites>
