<?xml version="1.0" encoding="UTF-8"?>
<testsuites name="DetailPop-up-BothSideUrlBasedAndNormal" time="314.356" tests="3" failures="0" errors="0">
   <testsuite name="DetailPop-up-BothSideUrlBasedAndNormal" tests="3" failures="0" errors="0" time="314.356" skipped="0" timestamp="2022-02-10 16:34:24" hostname="intersoft-admin - intersoftadmin-desktop" id="Test Suites/DetailPop-up-BothSideUrlBasedAndNormal">
      <properties>
         <property name="deviceName" value=""/>
         <property name="devicePlatform" value=""/>
         <property name="logFolder" value="/home/intersoft-admin/Rattan/Bash/Training/Rattan/Final_testing/New_ActivityOverview/Reports/20220210_163414/DetailPop-up-BothSideUrlBasedAndNormal/20220210_163414"/>
         <property name="logFiles" value="/home/intersoft-admin/Rattan/Bash/Training/Rattan/Final_testing/New_ActivityOverview/Reports/20220210_163414/DetailPop-up-BothSideUrlBasedAndNormal/20220210_163414/execution0.log"/>
         <property name="attachments" value="/home/intersoft-admin/Rattan/Bash/Training/Rattan/Final_testing/New_ActivityOverview/Reports/20220210_163414/DetailPop-up-BothSideUrlBasedAndNormal/20220210_163414/1644491091872.png, /home/intersoft-admin/Rattan/Bash/Training/Rattan/Final_testing/New_ActivityOverview/Reports/20220210_163414/DetailPop-up-BothSideUrlBasedAndNormal/20220210_163414/1644491107200.png, /home/intersoft-admin/Rattan/Bash/Training/Rattan/Final_testing/New_ActivityOverview/Reports/20220210_163414/DetailPop-up-BothSideUrlBasedAndNormal/20220210_163414/1644491117673.png, /home/intersoft-admin/Rattan/Bash/Training/Rattan/Final_testing/New_ActivityOverview/Reports/20220210_163414/DetailPop-up-BothSideUrlBasedAndNormal/20220210_163414/1644491140313.png, /home/intersoft-admin/Rattan/Bash/Training/Rattan/Final_testing/New_ActivityOverview/Reports/20220210_163414/DetailPop-up-BothSideUrlBasedAndNormal/20220210_163414/1644491163659.png, /home/intersoft-admin/Rattan/Bash/Training/Rattan/Final_testing/New_ActivityOverview/Reports/20220210_163414/DetailPop-up-BothSideUrlBasedAndNormal/20220210_163414/1644491170069.png, /home/intersoft-admin/Rattan/Bash/Training/Rattan/Final_testing/New_ActivityOverview/Reports/20220210_163414/DetailPop-up-BothSideUrlBasedAndNormal/20220210_163414/1644491176453.png, /home/intersoft-admin/Rattan/Bash/Training/Rattan/Final_testing/New_ActivityOverview/Reports/20220210_163414/DetailPop-up-BothSideUrlBasedAndNormal/20220210_163414/1644491182872.png, /home/intersoft-admin/Rattan/Bash/Training/Rattan/Final_testing/New_ActivityOverview/Reports/20220210_163414/DetailPop-up-BothSideUrlBasedAndNormal/20220210_163414/1644491189262.png, /home/intersoft-admin/Rattan/Bash/Training/Rattan/Final_testing/New_ActivityOverview/Reports/20220210_163414/DetailPop-up-BothSideUrlBasedAndNormal/20220210_163414/1644491195659.png, /home/intersoft-admin/Rattan/Bash/Training/Rattan/Final_testing/New_ActivityOverview/Reports/20220210_163414/DetailPop-up-BothSideUrlBasedAndNormal/20220210_163414/1644491202020.png, /home/intersoft-admin/Rattan/Bash/Training/Rattan/Final_testing/New_ActivityOverview/Reports/20220210_163414/DetailPop-up-BothSideUrlBasedAndNormal/20220210_163414/1644491205393.png, /home/intersoft-admin/Rattan/Bash/Training/Rattan/Final_testing/New_ActivityOverview/Reports/20220210_163414/DetailPop-up-BothSideUrlBasedAndNormal/20220210_163414/1644491211725.png, /home/intersoft-admin/Rattan/Bash/Training/Rattan/Final_testing/New_ActivityOverview/Reports/20220210_163414/DetailPop-up-BothSideUrlBasedAndNormal/20220210_163414/1644491218040.png, /home/intersoft-admin/Rattan/Bash/Training/Rattan/Final_testing/New_ActivityOverview/Reports/20220210_163414/DetailPop-up-BothSideUrlBasedAndNormal/20220210_163414/1644491224380.png, /home/intersoft-admin/Rattan/Bash/Training/Rattan/Final_testing/New_ActivityOverview/Reports/20220210_163414/DetailPop-up-BothSideUrlBasedAndNormal/20220210_163414/1644491230813.png, /home/intersoft-admin/Rattan/Bash/Training/Rattan/Final_testing/New_ActivityOverview/Reports/20220210_163414/DetailPop-up-BothSideUrlBasedAndNormal/20220210_163414/1644491237119.png, /home/intersoft-admin/Rattan/Bash/Training/Rattan/Final_testing/New_ActivityOverview/Reports/20220210_163414/DetailPop-up-BothSideUrlBasedAndNormal/20220210_163414/1644491243413.png, /home/intersoft-admin/Rattan/Bash/Training/Rattan/Final_testing/New_ActivityOverview/Reports/20220210_163414/DetailPop-up-BothSideUrlBasedAndNormal/20220210_163414/1644491249705.png, /home/intersoft-admin/Rattan/Bash/Training/Rattan/Final_testing/New_ActivityOverview/Reports/20220210_163414/DetailPop-up-BothSideUrlBasedAndNormal/20220210_163414/1644491266994.png, /home/intersoft-admin/Rattan/Bash/Training/Rattan/Final_testing/New_ActivityOverview/Reports/20220210_163414/DetailPop-up-BothSideUrlBasedAndNormal/20220210_163414/1644491280287.png, /home/intersoft-admin/Rattan/Bash/Training/Rattan/Final_testing/New_ActivityOverview/Reports/20220210_163414/DetailPop-up-BothSideUrlBasedAndNormal/20220210_163414/1644491291200.png, /home/intersoft-admin/Rattan/Bash/Training/Rattan/Final_testing/New_ActivityOverview/Reports/20220210_163414/DetailPop-up-BothSideUrlBasedAndNormal/20220210_163414/1644491302117.png, /home/intersoft-admin/Rattan/Bash/Training/Rattan/Final_testing/New_ActivityOverview/Reports/20220210_163414/DetailPop-up-BothSideUrlBasedAndNormal/20220210_163414/1644491322532.png, /home/intersoft-admin/Rattan/Bash/Training/Rattan/Final_testing/New_ActivityOverview/Reports/20220210_163414/DetailPop-up-BothSideUrlBasedAndNormal/20220210_163414/1644491329554.png, /home/intersoft-admin/Rattan/Bash/Training/Rattan/Final_testing/New_ActivityOverview/Reports/20220210_163414/DetailPop-up-BothSideUrlBasedAndNormal/20220210_163414/1644491336601.png, /home/intersoft-admin/Rattan/Bash/Training/Rattan/Final_testing/New_ActivityOverview/Reports/20220210_163414/DetailPop-up-BothSideUrlBasedAndNormal/20220210_163414/1644491343618.png, /home/intersoft-admin/Rattan/Bash/Training/Rattan/Final_testing/New_ActivityOverview/Reports/20220210_163414/DetailPop-up-BothSideUrlBasedAndNormal/20220210_163414/1644491350636.png, /home/intersoft-admin/Rattan/Bash/Training/Rattan/Final_testing/New_ActivityOverview/Reports/20220210_163414/DetailPop-up-BothSideUrlBasedAndNormal/20220210_163414/1644491354863.png, /home/intersoft-admin/Rattan/Bash/Training/Rattan/Final_testing/New_ActivityOverview/Reports/20220210_163414/DetailPop-up-BothSideUrlBasedAndNormal/20220210_163414/1644491361616.png, /home/intersoft-admin/Rattan/Bash/Training/Rattan/Final_testing/New_ActivityOverview/Reports/20220210_163414/DetailPop-up-BothSideUrlBasedAndNormal/20220210_163414/1644491368350.png, /home/intersoft-admin/Rattan/Bash/Training/Rattan/Final_testing/New_ActivityOverview/Reports/20220210_163414/DetailPop-up-BothSideUrlBasedAndNormal/20220210_163414/1644491375049.png"/>
         <property name="hostName" value="intersoft-admin - intersoftadmin-desktop"/>
         <property name="os" value="Linux 64bit"/>
         <property name="katalonVersion" value="8.2.5.208"/>
         <property name="browser" value="Chrome 97.0.4692.99"/>
         <property name="hostAddress" value="127.0.1.1"/>
         <property name="sessionId" value="e9938de1d3eb34b8cea0eccbebf2426b"/>
         <property name="seleniumVersion" value="3.141.59"/>
         <property name="proxyInformation" value="ProxyInformation { proxyOption=NO_PROXY, proxyServerType=HTTP, username=, password=********, proxyServerAddress=, proxyServerPort=0, executionList=&quot;&quot;, isApplyToDesiredCapabilities=true }"/>
         <property name="platform" value="Linux"/>
      </properties>
      <testcase name="Test Cases/NewActivityOverview-LeftNavigation/ActivityOverview-OpenDetailPop-up" time="188.543" classname="Test Cases/NewActivityOverview-LeftNavigation/ActivityOverview-OpenDetailPop-up" status="PASSED">
         <system-out><![CDATA[2022-02-10 16:34:24 - [TEST_CASE][PASSED] - Test Cases/NewActivityOverview-LeftNavigation/ActivityOverview-OpenDetailPop-up: Test Cases/NewActivityOverview-LeftNavigation/ActivityOverview-OpenDetailPop-up

2022-02-10 16:34:24 - [TEST_STEP][PASSED] - callTestCase(findTestCase("LoginWithSuperAdmin/SuperAdmin-Login"), [:], STOP_ON_FAILURE): Call Test Case 'Test Cases/LoginWithSuperAdmin/SuperAdmin-Login' successfully

2022-02-10 16:34:24 - [TEST_CASE][PASSED] - Test Cases/LoginWithSuperAdmin/SuperAdmin-Login: Test Cases/LoginWithSuperAdmin/SuperAdmin-Login

2022-02-10 16:34:25 - [TEST_STEP][PASSED] - openBrowser(""): Browser is opened with url: ''

2022-02-10 16:34:25 - [MESSAGE][INFO] - Starting 'Chrome' driver

2022-02-10 16:34:25 - [MESSAGE][INFO] - Action delay is set to 3,000 milliseconds

2022-02-10 16:34:26 - [MESSAGE][PASSED] - Browser is opened with url: ''

2022-02-10 16:34:26 - [TEST_STEP][PASSED] - setViewPortSize(1920, 1080): Viewport is set to new size with width = 1920 and height = 1080

2022-02-10 16:34:26 - [MESSAGE][PASSED] - Viewport is set to new size with width = 1920 and height = 1080

2022-02-10 16:34:26 - [TEST_STEP][PASSED] - navigateToUrl(URL): Navigate to 'https://marketplacev1.test-prio.com' successfully

2022-02-10 16:34:31 - [MESSAGE][PASSED] - Navigate to 'https://marketplacev1.test-prio.com' successfully

2022-02-10 16:34:31 - [TEST_STEP][PASSED] - delay(3): Delayed 3 second(s)

2022-02-10 16:34:34 - [MESSAGE][PASSED] - Delayed 3 second(s)

2022-02-10 16:34:34 - [TEST_STEP][PASSED] - click(findTestObject("SuperAdmin/Login/input_Email_contact_email")): Object: 'Object Repository/SuperAdmin/Login/input_Email_contact_email' is clicked on

2022-02-10 16:34:38 - [MESSAGE][PASSED] - Object: 'Object Repository/SuperAdmin/Login/input_Email_contact_email' is clicked on

2022-02-10 16:34:38 - [TEST_STEP][PASSED] - setText(findTestObject("SuperAdmin/Login/input_Email_contact_email"), uname): Text 'superadmin@tippoint.com' is set on object 'Object Repository/SuperAdmin/Login/input_Email_contact_email'

2022-02-10 16:34:45 - [MESSAGE][PASSED] - Text 'superadmin@tippoint.com' is set on object 'Object Repository/SuperAdmin/Login/input_Email_contact_email'

2022-02-10 16:34:45 - [TEST_STEP][PASSED] - setEncryptedText(findTestObject("SuperAdmin/Login/input_Password_password"), Password): Text ****** has been set on object 'Object Repository/SuperAdmin/Login/input_Password_password'

2022-02-10 16:34:51 - [MESSAGE][PASSED] - Text ****** has been set on object 'Object Repository/SuperAdmin/Login/input_Password_password'

2022-02-10 16:34:51 - [TEST_STEP][PASSED] - takeScreenshot(): Taking screenshot successfully

2022-02-10 16:34:52 - [MESSAGE][PASSED] - Taking screenshot successfully
[[ATTACHMENT|/home/intersoft-admin/Rattan/Bash/Training/Rattan/Final_testing/New_ActivityOverview/Reports/20220210_163414/DetailPop-up-BothSideUrlBasedAndNormal/20220210_163414/1644491091872.png]]

2022-02-10 16:34:52 - [TEST_STEP][PASSED] - newpackage.clickUsingJS.clickUsingJS(findTestObject("SuperAdmin/Login/button_Sign in"), 5): newpackage.clickUsingJS.clickUsingJS is PASSED

2022-02-10 16:34:52 - [MESSAGE][PASSED] - newpackage.clickUsingJS.clickUsingJS is PASSED

2022-02-10 16:34:52 - [MESSAGE][PASSED] - Call Test Case 'Test Cases/LoginWithSuperAdmin/SuperAdmin-Login' successfully

2022-02-10 16:34:52 - [TEST_STEP][PASSED] - switchToDefaultContent(): null

2022-02-10 16:34:52 - [TEST_STEP][PASSED] - click(findTestObject("SuperAdminLeftNavigation/NewActivityOverview-LeftNavigation")): Object: 'Object Repository/SuperAdminLeftNavigation/NewActivityOverview-LeftNavigation' is clicked on

2022-02-10 16:35:06 - [MESSAGE][PASSED] - Object: 'Object Repository/SuperAdminLeftNavigation/NewActivityOverview-LeftNavigation' is clicked on

2022-02-10 16:35:06 - [TEST_STEP][PASSED] - takeScreenshot(): Taking screenshot successfully

2022-02-10 16:35:07 - [MESSAGE][PASSED] - Taking screenshot successfully
[[ATTACHMENT|/home/intersoft-admin/Rattan/Bash/Training/Rattan/Final_testing/New_ActivityOverview/Reports/20220210_163414/DetailPop-up-BothSideUrlBasedAndNormal/20220210_163414/1644491107200.png]]

2022-02-10 16:35:07 - [TEST_STEP][PASSED] - switchToFrame(findTestObject("Object Repository/Iframe/NewActivityOverviewIframe"), 5): null

2022-02-10 16:35:07 - [TEST_STEP][PASSED] - delay(10): Delayed 10 second(s)

2022-02-10 16:35:17 - [MESSAGE][PASSED] - Delayed 10 second(s)

2022-02-10 16:35:17 - [TEST_STEP][PASSED] - takeScreenshot(): Taking screenshot successfully

2022-02-10 16:35:17 - [MESSAGE][PASSED] - Taking screenshot successfully
[[ATTACHMENT|/home/intersoft-admin/Rattan/Bash/Training/Rattan/Final_testing/New_ActivityOverview/Reports/20220210_163414/DetailPop-up-BothSideUrlBasedAndNormal/20220210_163414/1644491117673.png]]

2022-02-10 16:35:17 - [TEST_STEP][PASSED] - sizeoflisting = findWebElements(findTestObject("ListingArea/ListingContainsData"), 5).size(): null

2022-02-10 16:35:17 - [TEST_STEP][PASSED] - println(sizeoflisting): null

2022-02-10 16:35:17 - [TEST_STEP][PASSED] - logInfo(Size of Order Listing: $sizeoflisting): Size of Order Listing: 11

2022-02-10 16:35:17 - [MESSAGE][INFO] - Size of Order Listing: 11

2022-02-10 16:35:17 - [TEST_STEP][PASSED] - if (sizeoflisting > 2): null

2022-02-10 16:35:17 - [TEST_STEP][PASSED] - logInfo("Orders Exist in Listing"): Orders Exist in Listing

2022-02-10 16:35:17 - [MESSAGE][INFO] - Orders Exist in Listing

2022-02-10 16:35:17 - [TEST_STEP][PASSED] - click(findTestObject("Object Repository/ListingArea/Search/InputSearch")): Object: 'Object Repository/ListingArea/Search/InputSearch' is clicked on

2022-02-10 16:35:21 - [MESSAGE][PASSED] - Object: 'Object Repository/ListingArea/Search/InputSearch' is clicked on

2022-02-10 16:35:21 - [TEST_STEP][PASSED] - setText(findTestObject("Object Repository/ListingArea/Search/InputSearch"), "164371130378817"): Text '164371130378817' is set on object 'Object Repository/ListingArea/Search/InputSearch'

2022-02-10 16:35:27 - [MESSAGE][PASSED] - Text '164371130378817' is set on object 'Object Repository/ListingArea/Search/InputSearch'

2022-02-10 16:35:27 - [TEST_STEP][PASSED] - sendKeys(findTestObject("Object Repository/ListingArea/Search/InputSearch"), Keys.chord(ENTER)): Keys 'ENTER + ' sent to object: 'Object Repository/ListingArea/Search/InputSearch'

2022-02-10 16:35:30 - [MESSAGE][PASSED] - Keys 'ENTER + ' sent to object: 'Object Repository/ListingArea/Search/InputSearch'

2022-02-10 16:35:30 - [TEST_STEP][PASSED] - delay(10): Delayed 10 second(s)

2022-02-10 16:35:40 - [MESSAGE][PASSED] - Delayed 10 second(s)

2022-02-10 16:35:40 - [TEST_STEP][PASSED] - takeScreenshot(): Taking screenshot successfully

2022-02-10 16:35:40 - [MESSAGE][PASSED] - Taking screenshot successfully
[[ATTACHMENT|/home/intersoft-admin/Rattan/Bash/Training/Rattan/Final_testing/New_ActivityOverview/Reports/20220210_163414/DetailPop-up-BothSideUrlBasedAndNormal/20220210_163414/1644491140313.png]]

2022-02-10 16:35:40 - [TEST_STEP][PASSED] - click(findTestObject("Object Repository/ListingArea/ClickondetailPOp-up", ["position":"1"])): Object: 'Object Repository/ListingArea/ClickondetailPOp-up' is clicked on

2022-02-10 16:35:43 - [MESSAGE][PASSED] - Object: 'Object Repository/ListingArea/ClickondetailPOp-up' is clicked on

2022-02-10 16:35:43 - [TEST_STEP][PASSED] - delay(20): Delayed 20 second(s)

2022-02-10 16:36:03 - [MESSAGE][PASSED] - Delayed 20 second(s)

2022-02-10 16:36:03 - [TEST_STEP][PASSED] - takeScreenshot(): Taking screenshot successfully

2022-02-10 16:36:03 - [MESSAGE][PASSED] - Taking screenshot successfully
[[ATTACHMENT|/home/intersoft-admin/Rattan/Bash/Training/Rattan/Final_testing/New_ActivityOverview/Reports/20220210_163414/DetailPop-up-BothSideUrlBasedAndNormal/20220210_163414/1644491163659.png]]

2022-02-10 16:36:03 - [TEST_STEP][PASSED] - if (waitForElementPresent(findTestObject("Object Repository/DetailPop-up/ExpanSection/ProductInformationExpandedSection-Exist"), 10)): null

2022-02-10 16:36:03 - [MESSAGE][PASSED] - Object 'Object Repository/DetailPop-up/ExpanSection/ProductInformationExpandedSection-Exist' is present

2022-02-10 16:36:03 - [TEST_STEP][PASSED] - logInfo("Product Expanded Section Exist"): Product Expanded Section Exist

2022-02-10 16:36:03 - [MESSAGE][INFO] - Product Expanded Section Exist

2022-02-10 16:36:03 - [TEST_STEP][PASSED] - click(findTestObject("DetailPop-up/ExpanSection/ProductInformationExpandedSection -Exist- ClickOnExpandedView")): Object: 'Object Repository/DetailPop-up/ExpanSection/ProductInformationExpandedSection -Exist- ClickOnExpandedView' is clicked on

2022-02-10 16:36:07 - [MESSAGE][PASSED] - Object: 'Object Repository/DetailPop-up/ExpanSection/ProductInformationExpandedSection -Exist- ClickOnExpandedView' is clicked on

2022-02-10 16:36:07 - [TEST_STEP][PASSED] - delay(3): Delayed 3 second(s)

2022-02-10 16:36:10 - [MESSAGE][PASSED] - Delayed 3 second(s)

2022-02-10 16:36:10 - [TEST_STEP][PASSED] - takeScreenshot(): Taking screenshot successfully

2022-02-10 16:36:10 - [MESSAGE][PASSED] - Taking screenshot successfully
[[ATTACHMENT|/home/intersoft-admin/Rattan/Bash/Training/Rattan/Final_testing/New_ActivityOverview/Reports/20220210_163414/DetailPop-up-BothSideUrlBasedAndNormal/20220210_163414/1644491170069.png]]

2022-02-10 16:36:10 - [TEST_STEP][PASSED] - bookingsize = findWebElements(findTestObject("Object Repository/DetailPop-up/ExpanSection/ProductSectionLength"), 5).size(): null

2022-02-10 16:36:10 - [TEST_STEP][PASSED] - logInfo(Size of Bookings on Product detail Pop-up: $bookingsize): Size of Bookings on Product detail Pop-up: 1

2022-02-10 16:36:10 - [MESSAGE][INFO] - Size of Bookings on Product detail Pop-up: 1

2022-02-10 16:36:10 - [TEST_STEP][PASSED] - for ([looping = 1, looping <= bookingsize, (looping++)]): null

2022-02-10 16:36:10 - [TEST_STEP][PASSED] - click(findTestObject("Object Repository/DetailPop-up/ExpanSection/ExpandProductSection", ["position":looping])): Object: 'Object Repository/DetailPop-up/ExpanSection/ExpandProductSection' is clicked on

2022-02-10 16:36:13 - [MESSAGE][PASSED] - Object: 'Object Repository/DetailPop-up/ExpanSection/ExpandProductSection' is clicked on

2022-02-10 16:36:13 - [TEST_STEP][PASSED] - delay(3): Delayed 3 second(s)

2022-02-10 16:36:16 - [MESSAGE][PASSED] - Delayed 3 second(s)

2022-02-10 16:36:16 - [TEST_STEP][PASSED] - takeScreenshot(): Taking screenshot successfully

2022-02-10 16:36:16 - [MESSAGE][PASSED] - Taking screenshot successfully
[[ATTACHMENT|/home/intersoft-admin/Rattan/Bash/Training/Rattan/Final_testing/New_ActivityOverview/Reports/20220210_163414/DetailPop-up-BothSideUrlBasedAndNormal/20220210_163414/1644491176453.png]]

2022-02-10 16:36:16 - [TEST_STEP][PASSED] - if (waitForElementClickable(findTestObject("Object Repository/DetailPop-up/InformationSection/Details", ["position":"1", "position2":"1"]), 15)): null

2022-02-10 16:36:16 - [MESSAGE][PASSED] - Object 'Object Repository/DetailPop-up/InformationSection/Details' is clickable

2022-02-10 16:36:16 - [TEST_STEP][PASSED] - click(findTestObject("Object Repository/DetailPop-up/InformationSection/Details", ["position":"1", "position2":"1"])): Object: 'Object Repository/DetailPop-up/InformationSection/Details' is clicked on

2022-02-10 16:36:19 - [MESSAGE][PASSED] - Object: 'Object Repository/DetailPop-up/InformationSection/Details' is clicked on

2022-02-10 16:36:19 - [TEST_STEP][PASSED] - delay(3): Delayed 3 second(s)

2022-02-10 16:36:22 - [MESSAGE][PASSED] - Delayed 3 second(s)

2022-02-10 16:36:22 - [TEST_STEP][PASSED] - takeScreenshot(): Taking screenshot successfully

2022-02-10 16:36:23 - [MESSAGE][PASSED] - Taking screenshot successfully
[[ATTACHMENT|/home/intersoft-admin/Rattan/Bash/Training/Rattan/Final_testing/New_ActivityOverview/Reports/20220210_163414/DetailPop-up-BothSideUrlBasedAndNormal/20220210_163414/1644491182872.png]]

2022-02-10 16:36:23 - [TEST_STEP][PASSED] - if (waitForElementClickable(findTestObject("Object Repository/DetailPop-up/InformationSection/Details", ["position":"1", "position2":"2"]), 15)): null

2022-02-10 16:36:23 - [MESSAGE][PASSED] - Object 'Object Repository/DetailPop-up/InformationSection/Details' is clickable

2022-02-10 16:36:23 - [TEST_STEP][PASSED] - click(findTestObject("Object Repository/DetailPop-up/InformationSection/Details", ["position":"1", "position2":"2"])): Object: 'Object Repository/DetailPop-up/InformationSection/Details' is clicked on

2022-02-10 16:36:26 - [MESSAGE][PASSED] - Object: 'Object Repository/DetailPop-up/InformationSection/Details' is clicked on

2022-02-10 16:36:26 - [TEST_STEP][PASSED] - delay(3): Delayed 3 second(s)

2022-02-10 16:36:29 - [MESSAGE][PASSED] - Delayed 3 second(s)

2022-02-10 16:36:29 - [TEST_STEP][PASSED] - takeScreenshot(): Taking screenshot successfully

2022-02-10 16:36:29 - [MESSAGE][PASSED] - Taking screenshot successfully
[[ATTACHMENT|/home/intersoft-admin/Rattan/Bash/Training/Rattan/Final_testing/New_ActivityOverview/Reports/20220210_163414/DetailPop-up-BothSideUrlBasedAndNormal/20220210_163414/1644491189262.png]]

2022-02-10 16:36:29 - [TEST_STEP][PASSED] - if (waitForElementClickable(findTestObject("Object Repository/DetailPop-up/InformationSection/Details", ["position":"1", "position2":"3"]), 15)): null

2022-02-10 16:36:29 - [MESSAGE][PASSED] - Object 'Object Repository/DetailPop-up/InformationSection/Details' is clickable

2022-02-10 16:36:29 - [TEST_STEP][PASSED] - click(findTestObject("Object Repository/DetailPop-up/InformationSection/Details", ["position":"1", "position2":"3"])): Object: 'Object Repository/DetailPop-up/InformationSection/Details' is clicked on

2022-02-10 16:36:32 - [MESSAGE][PASSED] - Object: 'Object Repository/DetailPop-up/InformationSection/Details' is clicked on

2022-02-10 16:36:32 - [TEST_STEP][PASSED] - delay(3): Delayed 3 second(s)

2022-02-10 16:36:35 - [MESSAGE][PASSED] - Delayed 3 second(s)

2022-02-10 16:36:35 - [TEST_STEP][PASSED] - takeScreenshot(): Taking screenshot successfully

2022-02-10 16:36:35 - [MESSAGE][PASSED] - Taking screenshot successfully
[[ATTACHMENT|/home/intersoft-admin/Rattan/Bash/Training/Rattan/Final_testing/New_ActivityOverview/Reports/20220210_163414/DetailPop-up-BothSideUrlBasedAndNormal/20220210_163414/1644491195659.png]]

2022-02-10 16:36:35 - [TEST_STEP][PASSED] - if (waitForElementClickable(findTestObject("Object Repository/DetailPop-up/InformationSection/Details", ["position":"1", "position2":"5"]), 15)): null

2022-02-10 16:36:35 - [MESSAGE][PASSED] - Object 'Object Repository/DetailPop-up/InformationSection/Details' is clickable

2022-02-10 16:36:35 - [TEST_STEP][PASSED] - click(findTestObject("Object Repository/DetailPop-up/InformationSection/Details", ["position":"1", "position2":"5"])): Object: 'Object Repository/DetailPop-up/InformationSection/Details' is clicked on

2022-02-10 16:36:39 - [MESSAGE][PASSED] - Object: 'Object Repository/DetailPop-up/InformationSection/Details' is clicked on

2022-02-10 16:36:39 - [TEST_STEP][PASSED] - delay(3): Delayed 3 second(s)

2022-02-10 16:36:42 - [MESSAGE][PASSED] - Delayed 3 second(s)

2022-02-10 16:36:42 - [TEST_STEP][PASSED] - takeScreenshot(): Taking screenshot successfully

2022-02-10 16:36:42 - [MESSAGE][PASSED] - Taking screenshot successfully
[[ATTACHMENT|/home/intersoft-admin/Rattan/Bash/Training/Rattan/Final_testing/New_ActivityOverview/Reports/20220210_163414/DetailPop-up-BothSideUrlBasedAndNormal/20220210_163414/1644491202020.png]]

2022-02-10 16:36:42 - [TEST_STEP][PASSED] - if (waitForElementClickable(findTestObject("Object Repository/DetailPop-up/ExpanSection/SubProductList-ClickOnExpandView", ["position":"1"]), 15)): null

2022-02-10 16:36:42 - [MESSAGE][PASSED] - Object 'Object Repository/DetailPop-up/ExpanSection/SubProductList-ClickOnExpandView' is clickable

2022-02-10 16:36:42 - [TEST_STEP][PASSED] - SubProductsInBookingSize = findWebElements(findTestObject("Object Repository/DetailPop-up/ExpanSection/SubProductListLength"), 5).size(): null

2022-02-10 16:36:42 - [TEST_STEP][PASSED] - logInfo(Size of Bookings on Product detail Pop-up: $SubProductsInBookingSize): Size of Bookings on Product detail Pop-up: 81

2022-02-10 16:36:42 - [MESSAGE][INFO] - Size of Bookings on Product detail Pop-up: 81

2022-02-10 16:36:42 - [TEST_STEP][PASSED] - for ([sublooping = 79, sublooping < SubProductsInBookingSize, (sublooping++)]): Object: 'Object Repository/DetailPop-up/ExpanSection/SubProductList-CloseExpandView' is clicked on

2022-02-10 16:36:42 - [TEST_STEP][PASSED] - scrolloing = sublooping + 1: null

2022-02-10 16:36:42 - [TEST_STEP][PASSED] - if (scrolloing > SubProductsInBookingSize): null

2022-02-10 16:36:42 - [TEST_STEP][PASSED] - logInfo(Size of subproducts: $SubProductsInBookingSize): Size of subproducts: 81

2022-02-10 16:36:42 - [MESSAGE][INFO] - Size of subproducts: 81

2022-02-10 16:36:42 - [TEST_STEP][PASSED] - logInfo(Size of scrolling: $scrolloing): Size of scrolling: 80

2022-02-10 16:36:42 - [MESSAGE][INFO] - Size of scrolling: 80

2022-02-10 16:36:42 - [TEST_STEP][PASSED] - scrollToElement(findTestObject("Object Repository/DetailPop-up/ExpanSection/SubProductList-ClickOnExpandView", ["position":scrolloing]), 15): Scroll to object 'Object Repository/DetailPop-up/ExpanSection/SubProductList-ClickOnExpandView' successfully

2022-02-10 16:36:42 - [MESSAGE][PASSED] - Scroll to object 'Object Repository/DetailPop-up/ExpanSection/SubProductList-ClickOnExpandView' successfully

2022-02-10 16:36:42 - [TEST_STEP][PASSED] - delay(3): Delayed 3 second(s)

2022-02-10 16:36:45 - [MESSAGE][PASSED] - Delayed 3 second(s)

2022-02-10 16:36:45 - [TEST_STEP][PASSED] - takeScreenshot(): Taking screenshot successfully

2022-02-10 16:36:45 - [MESSAGE][PASSED] - Taking screenshot successfully
[[ATTACHMENT|/home/intersoft-admin/Rattan/Bash/Training/Rattan/Final_testing/New_ActivityOverview/Reports/20220210_163414/DetailPop-up-BothSideUrlBasedAndNormal/20220210_163414/1644491205393.png]]

2022-02-10 16:36:45 - [TEST_STEP][PASSED] - click(findTestObject("Object Repository/DetailPop-up/ExpanSection/SubProductList-ClickOnExpandView", ["position":sublooping])): Object: 'Object Repository/DetailPop-up/ExpanSection/SubProductList-ClickOnExpandView' is clicked on

2022-02-10 16:36:48 - [MESSAGE][PASSED] - Object: 'Object Repository/DetailPop-up/ExpanSection/SubProductList-ClickOnExpandView' is clicked on

2022-02-10 16:36:48 - [TEST_STEP][PASSED] - delay(3): Delayed 3 second(s)

2022-02-10 16:36:51 - [MESSAGE][PASSED] - Delayed 3 second(s)

2022-02-10 16:36:51 - [TEST_STEP][PASSED] - takeScreenshot(): Taking screenshot successfully

2022-02-10 16:36:51 - [MESSAGE][PASSED] - Taking screenshot successfully
[[ATTACHMENT|/home/intersoft-admin/Rattan/Bash/Training/Rattan/Final_testing/New_ActivityOverview/Reports/20220210_163414/DetailPop-up-BothSideUrlBasedAndNormal/20220210_163414/1644491211725.png]]

2022-02-10 16:36:51 - [TEST_STEP][PASSED] - click(findTestObject("Object Repository/DetailPop-up/InformationSection/Details-SubProducts", ["position":"1", "position2":"1"])): Object: 'Object Repository/DetailPop-up/InformationSection/Details-SubProducts' is clicked on

2022-02-10 16:36:55 - [MESSAGE][PASSED] - Object: 'Object Repository/DetailPop-up/InformationSection/Details-SubProducts' is clicked on

2022-02-10 16:36:55 - [TEST_STEP][PASSED] - delay(3): Delayed 3 second(s)

2022-02-10 16:36:58 - [MESSAGE][PASSED] - Delayed 3 second(s)

2022-02-10 16:36:58 - [TEST_STEP][PASSED] - takeScreenshot(): Taking screenshot successfully

2022-02-10 16:36:58 - [MESSAGE][PASSED] - Taking screenshot successfully
[[ATTACHMENT|/home/intersoft-admin/Rattan/Bash/Training/Rattan/Final_testing/New_ActivityOverview/Reports/20220210_163414/DetailPop-up-BothSideUrlBasedAndNormal/20220210_163414/1644491218040.png]]

2022-02-10 16:36:58 - [TEST_STEP][PASSED] - click(findTestObject("Object Repository/DetailPop-up/InformationSection/Details-SubProducts", ["position":"1", "position2":"3"])): Object: 'Object Repository/DetailPop-up/InformationSection/Details-SubProducts' is clicked on

2022-02-10 16:37:01 - [MESSAGE][PASSED] - Object: 'Object Repository/DetailPop-up/InformationSection/Details-SubProducts' is clicked on

2022-02-10 16:37:01 - [TEST_STEP][PASSED] - delay(3): Delayed 3 second(s)

2022-02-10 16:37:04 - [MESSAGE][PASSED] - Delayed 3 second(s)

2022-02-10 16:37:04 - [TEST_STEP][PASSED] - takeScreenshot(): Taking screenshot successfully

2022-02-10 16:37:04 - [MESSAGE][PASSED] - Taking screenshot successfully
[[ATTACHMENT|/home/intersoft-admin/Rattan/Bash/Training/Rattan/Final_testing/New_ActivityOverview/Reports/20220210_163414/DetailPop-up-BothSideUrlBasedAndNormal/20220210_163414/1644491224380.png]]

2022-02-10 16:37:04 - [TEST_STEP][PASSED] - click(findTestObject("Object Repository/DetailPop-up/ExpanSection/SubProductList-CloseExpandView", ["position":"1"])): Object: 'Object Repository/DetailPop-up/ExpanSection/SubProductList-CloseExpandView' is clicked on

2022-02-10 16:37:07 - [MESSAGE][PASSED] - Object: 'Object Repository/DetailPop-up/ExpanSection/SubProductList-CloseExpandView' is clicked on

2022-02-10 16:37:07 - [TEST_STEP][PASSED] - scrolloing = sublooping + 1: null

2022-02-10 16:37:07 - [TEST_STEP][PASSED] - if (scrolloing > SubProductsInBookingSize): null

2022-02-10 16:37:07 - [TEST_STEP][PASSED] - logInfo(Size of subproducts: $SubProductsInBookingSize): Size of subproducts: 81

2022-02-10 16:37:07 - [MESSAGE][INFO] - Size of subproducts: 81

2022-02-10 16:37:07 - [TEST_STEP][PASSED] - logInfo(Size of scrolling: $scrolloing): Size of scrolling: 81

2022-02-10 16:37:07 - [MESSAGE][INFO] - Size of scrolling: 81

2022-02-10 16:37:07 - [TEST_STEP][PASSED] - scrollToElement(findTestObject("Object Repository/DetailPop-up/ExpanSection/SubProductList-ClickOnExpandView", ["position":scrolloing]), 15): Scroll to object 'Object Repository/DetailPop-up/ExpanSection/SubProductList-ClickOnExpandView' successfully

2022-02-10 16:37:07 - [MESSAGE][PASSED] - Scroll to object 'Object Repository/DetailPop-up/ExpanSection/SubProductList-ClickOnExpandView' successfully

2022-02-10 16:37:07 - [TEST_STEP][PASSED] - delay(3): Delayed 3 second(s)

2022-02-10 16:37:10 - [MESSAGE][PASSED] - Delayed 3 second(s)

2022-02-10 16:37:10 - [TEST_STEP][PASSED] - takeScreenshot(): Taking screenshot successfully

2022-02-10 16:37:10 - [MESSAGE][PASSED] - Taking screenshot successfully
[[ATTACHMENT|/home/intersoft-admin/Rattan/Bash/Training/Rattan/Final_testing/New_ActivityOverview/Reports/20220210_163414/DetailPop-up-BothSideUrlBasedAndNormal/20220210_163414/1644491230813.png]]

2022-02-10 16:37:10 - [TEST_STEP][PASSED] - click(findTestObject("Object Repository/DetailPop-up/ExpanSection/SubProductList-ClickOnExpandView", ["position":sublooping])): Object: 'Object Repository/DetailPop-up/ExpanSection/SubProductList-ClickOnExpandView' is clicked on

2022-02-10 16:37:14 - [MESSAGE][PASSED] - Object: 'Object Repository/DetailPop-up/ExpanSection/SubProductList-ClickOnExpandView' is clicked on

2022-02-10 16:37:14 - [TEST_STEP][PASSED] - delay(3): Delayed 3 second(s)

2022-02-10 16:37:17 - [MESSAGE][PASSED] - Delayed 3 second(s)

2022-02-10 16:37:17 - [TEST_STEP][PASSED] - takeScreenshot(): Taking screenshot successfully

2022-02-10 16:37:17 - [MESSAGE][PASSED] - Taking screenshot successfully
[[ATTACHMENT|/home/intersoft-admin/Rattan/Bash/Training/Rattan/Final_testing/New_ActivityOverview/Reports/20220210_163414/DetailPop-up-BothSideUrlBasedAndNormal/20220210_163414/1644491237119.png]]

2022-02-10 16:37:17 - [TEST_STEP][PASSED] - click(findTestObject("Object Repository/DetailPop-up/InformationSection/Details-SubProducts", ["position":"1", "position2":"1"])): Object: 'Object Repository/DetailPop-up/InformationSection/Details-SubProducts' is clicked on

2022-02-10 16:37:20 - [MESSAGE][PASSED] - Object: 'Object Repository/DetailPop-up/InformationSection/Details-SubProducts' is clicked on

2022-02-10 16:37:20 - [TEST_STEP][PASSED] - delay(3): Delayed 3 second(s)

2022-02-10 16:37:23 - [MESSAGE][PASSED] - Delayed 3 second(s)

2022-02-10 16:37:23 - [TEST_STEP][PASSED] - takeScreenshot(): Taking screenshot successfully

2022-02-10 16:37:23 - [MESSAGE][PASSED] - Taking screenshot successfully
[[ATTACHMENT|/home/intersoft-admin/Rattan/Bash/Training/Rattan/Final_testing/New_ActivityOverview/Reports/20220210_163414/DetailPop-up-BothSideUrlBasedAndNormal/20220210_163414/1644491243413.png]]

2022-02-10 16:37:23 - [TEST_STEP][PASSED] - click(findTestObject("Object Repository/DetailPop-up/InformationSection/Details-SubProducts", ["position":"1", "position2":"3"])): Object: 'Object Repository/DetailPop-up/InformationSection/Details-SubProducts' is clicked on

2022-02-10 16:37:26 - [MESSAGE][PASSED] - Object: 'Object Repository/DetailPop-up/InformationSection/Details-SubProducts' is clicked on

2022-02-10 16:37:26 - [TEST_STEP][PASSED] - delay(3): Delayed 3 second(s)

2022-02-10 16:37:29 - [MESSAGE][PASSED] - Delayed 3 second(s)

2022-02-10 16:37:29 - [TEST_STEP][PASSED] - takeScreenshot(): Taking screenshot successfully

2022-02-10 16:37:29 - [MESSAGE][PASSED] - Taking screenshot successfully
[[ATTACHMENT|/home/intersoft-admin/Rattan/Bash/Training/Rattan/Final_testing/New_ActivityOverview/Reports/20220210_163414/DetailPop-up-BothSideUrlBasedAndNormal/20220210_163414/1644491249705.png]]

2022-02-10 16:37:29 - [TEST_STEP][PASSED] - click(findTestObject("Object Repository/DetailPop-up/ExpanSection/SubProductList-CloseExpandView", ["position":"1"])): Object: 'Object Repository/DetailPop-up/ExpanSection/SubProductList-CloseExpandView' is clicked on

2022-02-10 16:37:32 - [MESSAGE][PASSED] - Object: 'Object Repository/DetailPop-up/ExpanSection/SubProductList-CloseExpandView' is clicked on

2022-02-10 16:37:32 - [TEST_STEP][PASSED] - if (sizeoflisting < 2): null]]></system-out>
         <system-err><![CDATA[]]></system-err>
      </testcase>
      <testcase name="Test Cases/StepToReUse/StepTOCopyURLAndAddAnotherTab" time="38.376" classname="Test Cases/StepToReUse/StepTOCopyURLAndAddAnotherTab" status="PASSED">
         <system-out><![CDATA[2022-02-10 16:37:32 - [TEST_CASE][PASSED] - Test Cases/StepToReUse/StepTOCopyURLAndAddAnotherTab: Test Cases/StepToReUse/StepTOCopyURLAndAddAnotherTab

2022-02-10 16:37:33 - [TEST_STEP][PASSED] - click(findTestObject("Object Repository/Header/Preview/ClickOnPreviewIcon")): Object: 'Object Repository/Header/Preview/ClickOnPreviewIcon' is clicked on

2022-02-10 16:37:36 - [MESSAGE][PASSED] - Object: 'Object Repository/Header/Preview/ClickOnPreviewIcon' is clicked on

2022-02-10 16:37:36 - [TEST_STEP][PASSED] - delay(10): Delayed 10 second(s)

2022-02-10 16:37:46 - [MESSAGE][PASSED] - Delayed 10 second(s)

2022-02-10 16:37:46 - [TEST_STEP][PASSED] - takeScreenshot(): Taking screenshot successfully

2022-02-10 16:37:47 - [MESSAGE][PASSED] - Taking screenshot successfully
[[ATTACHMENT|/home/intersoft-admin/Rattan/Bash/Training/Rattan/Final_testing/New_ActivityOverview/Reports/20220210_163414/DetailPop-up-BothSideUrlBasedAndNormal/20220210_163414/1644491266994.png]]

2022-02-10 16:37:47 - [TEST_STEP][PASSED] - click(findTestObject("Object Repository/Header/Preview/PrintVoucher")): Object: 'Object Repository/Header/Preview/PrintVoucher' is clicked on

2022-02-10 16:37:50 - [MESSAGE][PASSED] - Object: 'Object Repository/Header/Preview/PrintVoucher' is clicked on

2022-02-10 16:37:50 - [TEST_STEP][PASSED] - delay(10): Delayed 10 second(s)

2022-02-10 16:38:00 - [MESSAGE][PASSED] - Delayed 10 second(s)

2022-02-10 16:38:00 - [TEST_STEP][PASSED] - takeScreenshot(): Taking screenshot successfully

2022-02-10 16:38:00 - [MESSAGE][PASSED] - Taking screenshot successfully
[[ATTACHMENT|/home/intersoft-admin/Rattan/Bash/Training/Rattan/Final_testing/New_ActivityOverview/Reports/20220210_163414/DetailPop-up-BothSideUrlBasedAndNormal/20220210_163414/1644491280287.png]]

2022-02-10 16:38:00 - [TEST_STEP][PASSED] - UrlToClick = findWebElement(findTestObject("Object Repository/Header/CopyUrl/CopyUrl")).getAttribute("data-href_url"): null

2022-02-10 16:38:00 - [TEST_STEP][PASSED] - println(UrlToClick): null

2022-02-10 16:38:00 - [TEST_STEP][PASSED] - ActivityUrl = UrlToClick: null

2022-02-10 16:38:00 - [TEST_STEP][PASSED] - switchToWindowIndex(1): Switched to window with index: '1'

2022-02-10 16:38:00 - [MESSAGE][PASSED] - Switched to window with index: '1'

2022-02-10 16:38:00 - [TEST_STEP][PASSED] - delay(5): Delayed 5 second(s)

2022-02-10 16:38:05 - [MESSAGE][PASSED] - Delayed 5 second(s)

2022-02-10 16:38:05 - [TEST_STEP][PASSED] - navigateToUrl(ActivityUrl): Navigate to 'https://activity.test-prio.com/orders/164371130378817' successfully

2022-02-10 16:38:10 - [MESSAGE][PASSED] - Navigate to 'https://activity.test-prio.com/orders/164371130378817' successfully

2022-02-10 16:38:10 - [TEST_STEP][PASSED] - takeScreenshot(): Taking screenshot successfully

2022-02-10 16:38:11 - [MESSAGE][PASSED] - Taking screenshot successfully
[[ATTACHMENT|/home/intersoft-admin/Rattan/Bash/Training/Rattan/Final_testing/New_ActivityOverview/Reports/20220210_163414/DetailPop-up-BothSideUrlBasedAndNormal/20220210_163414/1644491291200.png]]

2022-02-10 16:38:11 - [TEST_STEP][PASSED] - switchToDefaultContent(): null]]></system-out>
         <system-err><![CDATA[]]></system-err>
      </testcase>
      <testcase name="Test Cases/NewActivityOverview-LeftNavigation/ActivityOverview-OpenDetailPop-up - CopiedURL" time="87.194" classname="Test Cases/NewActivityOverview-LeftNavigation/ActivityOverview-OpenDetailPop-up - CopiedURL" status="PASSED">
         <system-out><![CDATA[2022-02-10 16:38:11 - [TEST_CASE][PASSED] - Test Cases/NewActivityOverview-LeftNavigation/ActivityOverview-OpenDetailPop-up - CopiedURL: Test Cases/NewActivityOverview-LeftNavigation/ActivityOverview-OpenDetailPop-up - CopiedURL

2022-02-10 16:38:11 - [TEST_STEP][PASSED] - switchToWindowIndex(1): Switched to window with index: '1'

2022-02-10 16:38:11 - [MESSAGE][PASSED] - Switched to window with index: '1'

2022-02-10 16:38:11 - [TEST_STEP][PASSED] - delay(5): Delayed 5 second(s)

2022-02-10 16:38:16 - [MESSAGE][PASSED] - Delayed 5 second(s)

2022-02-10 16:38:16 - [TEST_STEP][PASSED] - navigateToUrl(ActivityUrl): Navigate to 'https://activity.test-prio.com/orders/164371130378817' successfully

2022-02-10 16:38:21 - [MESSAGE][PASSED] - Navigate to 'https://activity.test-prio.com/orders/164371130378817' successfully

2022-02-10 16:38:21 - [TEST_STEP][PASSED] - takeScreenshot(): Taking screenshot successfully

2022-02-10 16:38:22 - [MESSAGE][PASSED] - Taking screenshot successfully
[[ATTACHMENT|/home/intersoft-admin/Rattan/Bash/Training/Rattan/Final_testing/New_ActivityOverview/Reports/20220210_163414/DetailPop-up-BothSideUrlBasedAndNormal/20220210_163414/1644491302117.png]]

2022-02-10 16:38:22 - [TEST_STEP][PASSED] - switchToDefaultContent(): null

2022-02-10 16:38:22 - [TEST_STEP][PASSED] - if (waitForElementPresent(findTestObject("Object Repository/DetailPop-up/ExpanSection/ProductInformationExpandedSection-Exist"), 10)): Object 'Object Repository/DetailPop-up/ExpanSection/ProductInformationExpandedSection-Exist' is not present after 10 second(s)

2022-02-10 16:38:33 - [MESSAGE][INFO] - Unable to find the element located by 'By.xpath: //div[@class='order-detail-left']//li[@class='order-list confirm hash-link-parent active']'. Please recheck the objects properties to make sure the desired element is located. 

2022-02-10 16:38:33 - [MESSAGE][WARNING] - [SELF-HEALING] Failed to find element with id 'Object Repository/DetailPop-up/ExpanSection/ProductInformationExpandedSection-Exist'. Try using Self-healing.

2022-02-10 16:38:34 - [MESSAGE][INFO] - [SELF-HEALING] No working XPath is found.

2022-02-10 16:38:35 - [MESSAGE][INFO] - Unable to find the element located by 'By.xpath: '. Please recheck the objects properties to make sure the desired element is located. 

2022-02-10 16:38:35 - [MESSAGE][WARNING] - [SELF-HEALING] Cannot find elements when the selector is null

2022-02-10 16:38:35 - [MESSAGE][WARNING] - Object 'Object Repository/DetailPop-up/ExpanSection/ProductInformationExpandedSection-Exist' is not present after 10 second(s)

2022-02-10 16:38:35 - [TEST_STEP][PASSED] - bookingsize = findWebElements(findTestObject("Object Repository/DetailPop-up/ExpanSection/ProductSectionLength"), 5).size(): null

2022-02-10 16:38:35 - [TEST_STEP][PASSED] - logInfo(Size of Bookings on Product detail Pop-up: $bookingsize): Size of Bookings on Product detail Pop-up: 1

2022-02-10 16:38:35 - [MESSAGE][INFO] - Size of Bookings on Product detail Pop-up: 1

2022-02-10 16:38:35 - [TEST_STEP][PASSED] - for ([looping = 1, looping <= bookingsize, (looping++)]): null

2022-02-10 16:38:35 - [TEST_STEP][PASSED] - click(findTestObject("Object Repository/DetailPop-up/ExpanSection/ExpandProductSection", ["position":looping])): Object: 'Object Repository/DetailPop-up/ExpanSection/ExpandProductSection' is clicked on

2022-02-10 16:38:39 - [MESSAGE][PASSED] - Object: 'Object Repository/DetailPop-up/ExpanSection/ExpandProductSection' is clicked on

2022-02-10 16:38:39 - [TEST_STEP][PASSED] - delay(3): Delayed 3 second(s)

2022-02-10 16:38:42 - [MESSAGE][PASSED] - Delayed 3 second(s)

2022-02-10 16:38:42 - [TEST_STEP][PASSED] - takeScreenshot(): Taking screenshot successfully

2022-02-10 16:38:42 - [MESSAGE][PASSED] - Taking screenshot successfully
[[ATTACHMENT|/home/intersoft-admin/Rattan/Bash/Training/Rattan/Final_testing/New_ActivityOverview/Reports/20220210_163414/DetailPop-up-BothSideUrlBasedAndNormal/20220210_163414/1644491322532.png]]

2022-02-10 16:38:42 - [TEST_STEP][PASSED] - if (waitForElementClickable(findTestObject("Object Repository/DetailPop-up/InformationSection/Details", ["position":"1", "position2":"1"]), 15)): null

2022-02-10 16:38:42 - [MESSAGE][PASSED] - Object 'Object Repository/DetailPop-up/InformationSection/Details' is clickable

2022-02-10 16:38:42 - [TEST_STEP][PASSED] - click(findTestObject("Object Repository/DetailPop-up/InformationSection/Details", ["position":"1", "position2":"1"])): Object: 'Object Repository/DetailPop-up/InformationSection/Details' is clicked on

2022-02-10 16:38:46 - [MESSAGE][PASSED] - Object: 'Object Repository/DetailPop-up/InformationSection/Details' is clicked on

2022-02-10 16:38:46 - [TEST_STEP][PASSED] - delay(3): Delayed 3 second(s)

2022-02-10 16:38:49 - [MESSAGE][PASSED] - Delayed 3 second(s)

2022-02-10 16:38:49 - [TEST_STEP][PASSED] - takeScreenshot(): Taking screenshot successfully

2022-02-10 16:38:49 - [MESSAGE][PASSED] - Taking screenshot successfully
[[ATTACHMENT|/home/intersoft-admin/Rattan/Bash/Training/Rattan/Final_testing/New_ActivityOverview/Reports/20220210_163414/DetailPop-up-BothSideUrlBasedAndNormal/20220210_163414/1644491329554.png]]

2022-02-10 16:38:49 - [TEST_STEP][PASSED] - if (waitForElementClickable(findTestObject("Object Repository/DetailPop-up/InformationSection/Details", ["position":"1", "position2":"2"]), 15)): null

2022-02-10 16:38:50 - [MESSAGE][PASSED] - Object 'Object Repository/DetailPop-up/InformationSection/Details' is clickable

2022-02-10 16:38:50 - [TEST_STEP][PASSED] - click(findTestObject("Object Repository/DetailPop-up/InformationSection/Details", ["position":"1", "position2":"2"])): Object: 'Object Repository/DetailPop-up/InformationSection/Details' is clicked on

2022-02-10 16:38:53 - [MESSAGE][PASSED] - Object: 'Object Repository/DetailPop-up/InformationSection/Details' is clicked on

2022-02-10 16:38:53 - [TEST_STEP][PASSED] - delay(3): Delayed 3 second(s)

2022-02-10 16:38:56 - [MESSAGE][PASSED] - Delayed 3 second(s)

2022-02-10 16:38:56 - [TEST_STEP][PASSED] - takeScreenshot(): Taking screenshot successfully

2022-02-10 16:38:56 - [MESSAGE][PASSED] - Taking screenshot successfully
[[ATTACHMENT|/home/intersoft-admin/Rattan/Bash/Training/Rattan/Final_testing/New_ActivityOverview/Reports/20220210_163414/DetailPop-up-BothSideUrlBasedAndNormal/20220210_163414/1644491336601.png]]

2022-02-10 16:38:56 - [TEST_STEP][PASSED] - if (waitForElementClickable(findTestObject("Object Repository/DetailPop-up/InformationSection/Details", ["position":"1", "position2":"3"]), 15)): null

2022-02-10 16:38:57 - [MESSAGE][PASSED] - Object 'Object Repository/DetailPop-up/InformationSection/Details' is clickable

2022-02-10 16:38:57 - [TEST_STEP][PASSED] - click(findTestObject("Object Repository/DetailPop-up/InformationSection/Details", ["position":"1", "position2":"3"])): Object: 'Object Repository/DetailPop-up/InformationSection/Details' is clicked on

2022-02-10 16:39:00 - [MESSAGE][PASSED] - Object: 'Object Repository/DetailPop-up/InformationSection/Details' is clicked on

2022-02-10 16:39:00 - [TEST_STEP][PASSED] - delay(3): Delayed 3 second(s)

2022-02-10 16:39:03 - [MESSAGE][PASSED] - Delayed 3 second(s)

2022-02-10 16:39:03 - [TEST_STEP][PASSED] - takeScreenshot(): Taking screenshot successfully

2022-02-10 16:39:03 - [MESSAGE][PASSED] - Taking screenshot successfully
[[ATTACHMENT|/home/intersoft-admin/Rattan/Bash/Training/Rattan/Final_testing/New_ActivityOverview/Reports/20220210_163414/DetailPop-up-BothSideUrlBasedAndNormal/20220210_163414/1644491343618.png]]

2022-02-10 16:39:03 - [TEST_STEP][PASSED] - if (waitForElementClickable(findTestObject("Object Repository/DetailPop-up/InformationSection/Details", ["position":"1", "position2":"5"]), 15)): null

2022-02-10 16:39:04 - [MESSAGE][PASSED] - Object 'Object Repository/DetailPop-up/InformationSection/Details' is clickable

2022-02-10 16:39:04 - [TEST_STEP][PASSED] - click(findTestObject("Object Repository/DetailPop-up/InformationSection/Details", ["position":"1", "position2":"5"])): Object: 'Object Repository/DetailPop-up/InformationSection/Details' is clicked on

2022-02-10 16:39:07 - [MESSAGE][PASSED] - Object: 'Object Repository/DetailPop-up/InformationSection/Details' is clicked on

2022-02-10 16:39:07 - [TEST_STEP][PASSED] - delay(3): Delayed 3 second(s)

2022-02-10 16:39:10 - [MESSAGE][PASSED] - Delayed 3 second(s)

2022-02-10 16:39:10 - [TEST_STEP][PASSED] - takeScreenshot(): Taking screenshot successfully

2022-02-10 16:39:10 - [MESSAGE][PASSED] - Taking screenshot successfully
[[ATTACHMENT|/home/intersoft-admin/Rattan/Bash/Training/Rattan/Final_testing/New_ActivityOverview/Reports/20220210_163414/DetailPop-up-BothSideUrlBasedAndNormal/20220210_163414/1644491350636.png]]

2022-02-10 16:39:10 - [TEST_STEP][PASSED] - if (waitForElementClickable(findTestObject("Object Repository/DetailPop-up/ExpanSection/SubProductList-ClickOnExpandView", ["position":"1"]), 15)): null

2022-02-10 16:39:11 - [MESSAGE][PASSED] - Object 'Object Repository/DetailPop-up/ExpanSection/SubProductList-ClickOnExpandView' is clickable

2022-02-10 16:39:11 - [TEST_STEP][PASSED] - SubProductsInBookingSize = findWebElements(findTestObject("Object Repository/DetailPop-up/ExpanSection/SubProductListLength"), 5).size(): null

2022-02-10 16:39:11 - [TEST_STEP][PASSED] - logInfo(Size of Bookings on Product detail Pop-up: $SubProductsInBookingSize): Size of Bookings on Product detail Pop-up: 81

2022-02-10 16:39:11 - [MESSAGE][INFO] - Size of Bookings on Product detail Pop-up: 81

2022-02-10 16:39:11 - [TEST_STEP][PASSED] - for ([sublooping = 80, sublooping < SubProductsInBookingSize, (sublooping++)]): Object: 'Object Repository/DetailPop-up/ExpanSection/SubProductList-CloseExpandView' is clicked on

2022-02-10 16:39:11 - [TEST_STEP][PASSED] - scrolloing = sublooping + 1: null

2022-02-10 16:39:11 - [TEST_STEP][PASSED] - if (scrolloing > SubProductsInBookingSize): null

2022-02-10 16:39:11 - [TEST_STEP][PASSED] - logInfo(Size of subproducts: $SubProductsInBookingSize): Size of subproducts: 81

2022-02-10 16:39:11 - [MESSAGE][INFO] - Size of subproducts: 81

2022-02-10 16:39:11 - [TEST_STEP][PASSED] - logInfo(Size of scrolling: $scrolloing): Size of scrolling: 81

2022-02-10 16:39:11 - [MESSAGE][INFO] - Size of scrolling: 81

2022-02-10 16:39:11 - [TEST_STEP][PASSED] - scrollToElement(findTestObject("Object Repository/DetailPop-up/ExpanSection/SubProductList-ClickOnExpandView", ["position":scrolloing]), 15): Scroll to object 'Object Repository/DetailPop-up/ExpanSection/SubProductList-ClickOnExpandView' successfully

2022-02-10 16:39:11 - [MESSAGE][PASSED] - Scroll to object 'Object Repository/DetailPop-up/ExpanSection/SubProductList-ClickOnExpandView' successfully

2022-02-10 16:39:11 - [TEST_STEP][PASSED] - delay(3): Delayed 3 second(s)

2022-02-10 16:39:14 - [MESSAGE][PASSED] - Delayed 3 second(s)

2022-02-10 16:39:14 - [TEST_STEP][PASSED] - takeScreenshot(): Taking screenshot successfully

2022-02-10 16:39:15 - [MESSAGE][PASSED] - Taking screenshot successfully
[[ATTACHMENT|/home/intersoft-admin/Rattan/Bash/Training/Rattan/Final_testing/New_ActivityOverview/Reports/20220210_163414/DetailPop-up-BothSideUrlBasedAndNormal/20220210_163414/1644491354863.png]]

2022-02-10 16:39:15 - [TEST_STEP][PASSED] - click(findTestObject("Object Repository/DetailPop-up/ExpanSection/SubProductList-ClickOnExpandView", ["position":sublooping])): Object: 'Object Repository/DetailPop-up/ExpanSection/SubProductList-ClickOnExpandView' is clicked on

2022-02-10 16:39:18 - [MESSAGE][PASSED] - Object: 'Object Repository/DetailPop-up/ExpanSection/SubProductList-ClickOnExpandView' is clicked on

2022-02-10 16:39:18 - [TEST_STEP][PASSED] - delay(3): Delayed 3 second(s)

2022-02-10 16:39:21 - [MESSAGE][PASSED] - Delayed 3 second(s)

2022-02-10 16:39:21 - [TEST_STEP][PASSED] - takeScreenshot(): Taking screenshot successfully

2022-02-10 16:39:21 - [MESSAGE][PASSED] - Taking screenshot successfully
[[ATTACHMENT|/home/intersoft-admin/Rattan/Bash/Training/Rattan/Final_testing/New_ActivityOverview/Reports/20220210_163414/DetailPop-up-BothSideUrlBasedAndNormal/20220210_163414/1644491361616.png]]

2022-02-10 16:39:21 - [TEST_STEP][PASSED] - click(findTestObject("Object Repository/DetailPop-up/InformationSection/Details-SubProducts", ["position":"1", "position2":"1"])): Object: 'Object Repository/DetailPop-up/InformationSection/Details-SubProducts' is clicked on

2022-02-10 16:39:25 - [MESSAGE][PASSED] - Object: 'Object Repository/DetailPop-up/InformationSection/Details-SubProducts' is clicked on

2022-02-10 16:39:25 - [TEST_STEP][PASSED] - delay(3): Delayed 3 second(s)

2022-02-10 16:39:28 - [MESSAGE][PASSED] - Delayed 3 second(s)

2022-02-10 16:39:28 - [TEST_STEP][PASSED] - takeScreenshot(): Taking screenshot successfully

2022-02-10 16:39:28 - [MESSAGE][PASSED] - Taking screenshot successfully
[[ATTACHMENT|/home/intersoft-admin/Rattan/Bash/Training/Rattan/Final_testing/New_ActivityOverview/Reports/20220210_163414/DetailPop-up-BothSideUrlBasedAndNormal/20220210_163414/1644491368350.png]]

2022-02-10 16:39:28 - [TEST_STEP][PASSED] - click(findTestObject("Object Repository/DetailPop-up/InformationSection/Details-SubProducts", ["position":"1", "position2":"3"])): Object: 'Object Repository/DetailPop-up/InformationSection/Details-SubProducts' is clicked on

2022-02-10 16:39:31 - [MESSAGE][PASSED] - Object: 'Object Repository/DetailPop-up/InformationSection/Details-SubProducts' is clicked on

2022-02-10 16:39:31 - [TEST_STEP][PASSED] - delay(3): Delayed 3 second(s)

2022-02-10 16:39:34 - [MESSAGE][PASSED] - Delayed 3 second(s)

2022-02-10 16:39:34 - [TEST_STEP][PASSED] - takeScreenshot(): Taking screenshot successfully

2022-02-10 16:39:35 - [MESSAGE][PASSED] - Taking screenshot successfully
[[ATTACHMENT|/home/intersoft-admin/Rattan/Bash/Training/Rattan/Final_testing/New_ActivityOverview/Reports/20220210_163414/DetailPop-up-BothSideUrlBasedAndNormal/20220210_163414/1644491375049.png]]

2022-02-10 16:39:35 - [TEST_STEP][PASSED] - click(findTestObject("Object Repository/DetailPop-up/ExpanSection/SubProductList-CloseExpandView", ["position":"1"])): Object: 'Object Repository/DetailPop-up/ExpanSection/SubProductList-CloseExpandView' is clicked on

2022-02-10 16:39:38 - [MESSAGE][PASSED] - Object: 'Object Repository/DetailPop-up/ExpanSection/SubProductList-CloseExpandView' is clicked on]]></system-out>
         <system-err><![CDATA[]]></system-err>
      </testcase>
      <system-out><![CDATA[2022-02-10 16:34:24 - [TEST_SUITE][PASSED] - DetailPop-up-BothSideUrlBasedAndNormal: Test Cases/NewActivityOverview-LeftNavigation/ActivityOverview-OpenDetailPop-up - CopiedURL]]></system-out>
      <system-err><![CDATA[]]></system-err>
   </testsuite>
</testsuites>
