<?xml version="1.0" encoding="UTF-8"?>
<testsuites name="CancelOrder-CopiedURL" time="884.841" tests="1" failures="0" errors="0">
   <testsuite name="CancelOrder-CopiedURL" tests="1" failures="0" errors="0" time="884.841" skipped="0" timestamp="2022-02-14 15:28:16" hostname="intersoft-admin - intersoftadmin-desktop" id="Test Suites/CancelOrder-CopiedURL">
      <properties>
         <property name="deviceName" value=""/>
         <property name="devicePlatform" value=""/>
         <property name="logFolder" value="/home/intersoft-admin/Rattan/Bash/Training/Rattan/Final_testing/New_ActivityOverview/Reports/20220214_115757/CancelOrder-CopiedURL/20220214_115826"/>
         <property name="logFiles" value="/home/intersoft-admin/Rattan/Bash/Training/Rattan/Final_testing/New_ActivityOverview/Reports/20220214_115757/CancelOrder-CopiedURL/20220214_115826/execution0.log"/>
         <property name="attachments" value="/home/intersoft-admin/Rattan/Bash/Training/Rattan/Final_testing/New_ActivityOverview/Reports/20220214_115757/CancelOrder-CopiedURL/20220214_115826/1644832724292.png, /home/intersoft-admin/Rattan/Bash/Training/Rattan/Final_testing/New_ActivityOverview/Reports/20220214_115757/CancelOrder-CopiedURL/20220214_115826/1644832736462.png, /home/intersoft-admin/Rattan/Bash/Training/Rattan/Final_testing/New_ActivityOverview/Reports/20220214_115757/CancelOrder-CopiedURL/20220214_115826/1644832746986.png, /home/intersoft-admin/Rattan/Bash/Training/Rattan/Final_testing/New_ActivityOverview/Reports/20220214_115757/CancelOrder-CopiedURL/20220214_115826/1644832778502.png, /home/intersoft-admin/Rattan/Bash/Training/Rattan/Final_testing/New_ActivityOverview/Reports/20220214_115757/CancelOrder-CopiedURL/20220214_115826/1644832801910.png, /home/intersoft-admin/Rattan/Bash/Training/Rattan/Final_testing/New_ActivityOverview/Reports/20220214_115757/CancelOrder-CopiedURL/20220214_115826/1644832802383.png, /home/intersoft-admin/Rattan/Bash/Training/Rattan/Final_testing/New_ActivityOverview/Reports/20220214_115757/CancelOrder-CopiedURL/20220214_115826/1644832825927.png, /home/intersoft-admin/Rattan/Bash/Training/Rattan/Final_testing/New_ActivityOverview/Reports/20220214_115757/CancelOrder-CopiedURL/20220214_115826/1644832839671.png, /home/intersoft-admin/Rattan/Bash/Training/Rattan/Final_testing/New_ActivityOverview/Reports/20220214_115757/CancelOrder-CopiedURL/20220214_115826/1644832852985.png, /home/intersoft-admin/Rattan/Bash/Training/Rattan/Final_testing/New_ActivityOverview/Reports/20220214_115757/CancelOrder-CopiedURL/20220214_115826/1644832863332.png, /home/intersoft-admin/Rattan/Bash/Training/Rattan/Final_testing/New_ActivityOverview/Reports/20220214_115757/CancelOrder-CopiedURL/20220214_115826/1644832871171.png, /home/intersoft-admin/Rattan/Bash/Training/Rattan/Final_testing/New_ActivityOverview/Reports/20220214_115757/CancelOrder-CopiedURL/20220214_115826/1644832878269.png, /home/intersoft-admin/Rattan/Bash/Training/Rattan/Final_testing/New_ActivityOverview/Reports/20220214_115757/CancelOrder-CopiedURL/20220214_115826/1644832910683.png, /home/intersoft-admin/Rattan/Bash/Training/Rattan/Final_testing/New_ActivityOverview/Reports/20220214_115757/CancelOrder-CopiedURL/20220214_115826/1644832963797.png, /home/intersoft-admin/Rattan/Bash/Training/Rattan/Final_testing/New_ActivityOverview/Reports/20220214_115757/CancelOrder-CopiedURL/20220214_115826/1644832964080.png, /home/intersoft-admin/Rattan/Bash/Training/Rattan/Final_testing/New_ActivityOverview/Reports/20220214_115757/CancelOrder-CopiedURL/20220214_115826/1644832987471.png, /home/intersoft-admin/Rattan/Bash/Training/Rattan/Final_testing/New_ActivityOverview/Reports/20220214_115757/CancelOrder-CopiedURL/20220214_115826/1644833000805.png, /home/intersoft-admin/Rattan/Bash/Training/Rattan/Final_testing/New_ActivityOverview/Reports/20220214_115757/CancelOrder-CopiedURL/20220214_115826/1644833014132.png, /home/intersoft-admin/Rattan/Bash/Training/Rattan/Final_testing/New_ActivityOverview/Reports/20220214_115757/CancelOrder-CopiedURL/20220214_115826/1644833024705.png, /home/intersoft-admin/Rattan/Bash/Training/Rattan/Final_testing/New_ActivityOverview/Reports/20220214_115757/CancelOrder-CopiedURL/20220214_115826/1644833032140.png, /home/intersoft-admin/Rattan/Bash/Training/Rattan/Final_testing/New_ActivityOverview/Reports/20220214_115757/CancelOrder-CopiedURL/20220214_115826/1644833039084.png, /home/intersoft-admin/Rattan/Bash/Training/Rattan/Final_testing/New_ActivityOverview/Reports/20220214_115757/CancelOrder-CopiedURL/20220214_115826/1644833071390.png, /home/intersoft-admin/Rattan/Bash/Training/Rattan/Final_testing/New_ActivityOverview/Reports/20220214_115757/CancelOrder-CopiedURL/20220214_115826/1644833124392.png, /home/intersoft-admin/Rattan/Bash/Training/Rattan/Final_testing/New_ActivityOverview/Reports/20220214_115757/CancelOrder-CopiedURL/20220214_115826/1644833124682.png, /home/intersoft-admin/Rattan/Bash/Training/Rattan/Final_testing/New_ActivityOverview/Reports/20220214_115757/CancelOrder-CopiedURL/20220214_115826/1644833148056.png, /home/intersoft-admin/Rattan/Bash/Training/Rattan/Final_testing/New_ActivityOverview/Reports/20220214_115757/CancelOrder-CopiedURL/20220214_115826/1644833161414.png, /home/intersoft-admin/Rattan/Bash/Training/Rattan/Final_testing/New_ActivityOverview/Reports/20220214_115757/CancelOrder-CopiedURL/20220214_115826/1644833174730.png, /home/intersoft-admin/Rattan/Bash/Training/Rattan/Final_testing/New_ActivityOverview/Reports/20220214_115757/CancelOrder-CopiedURL/20220214_115826/1644833184864.png, /home/intersoft-admin/Rattan/Bash/Training/Rattan/Final_testing/New_ActivityOverview/Reports/20220214_115757/CancelOrder-CopiedURL/20220214_115826/1644833192220.png, /home/intersoft-admin/Rattan/Bash/Training/Rattan/Final_testing/New_ActivityOverview/Reports/20220214_115757/CancelOrder-CopiedURL/20220214_115826/1644833199214.png, /home/intersoft-admin/Rattan/Bash/Training/Rattan/Final_testing/New_ActivityOverview/Reports/20220214_115757/CancelOrder-CopiedURL/20220214_115826/1644833231575.png, /home/intersoft-admin/Rattan/Bash/Training/Rattan/Final_testing/New_ActivityOverview/Reports/20220214_115757/CancelOrder-CopiedURL/20220214_115826/1644833284632.png, /home/intersoft-admin/Rattan/Bash/Training/Rattan/Final_testing/New_ActivityOverview/Reports/20220214_115757/CancelOrder-CopiedURL/20220214_115826/1644833284898.png, /home/intersoft-admin/Rattan/Bash/Training/Rattan/Final_testing/New_ActivityOverview/Reports/20220214_115757/CancelOrder-CopiedURL/20220214_115826/1644833308268.png, /home/intersoft-admin/Rattan/Bash/Training/Rattan/Final_testing/New_ActivityOverview/Reports/20220214_115757/CancelOrder-CopiedURL/20220214_115826/1644833321660.png, /home/intersoft-admin/Rattan/Bash/Training/Rattan/Final_testing/New_ActivityOverview/Reports/20220214_115757/CancelOrder-CopiedURL/20220214_115826/1644833334972.png, /home/intersoft-admin/Rattan/Bash/Training/Rattan/Final_testing/New_ActivityOverview/Reports/20220214_115757/CancelOrder-CopiedURL/20220214_115826/1644833345072.png, /home/intersoft-admin/Rattan/Bash/Training/Rattan/Final_testing/New_ActivityOverview/Reports/20220214_115757/CancelOrder-CopiedURL/20220214_115826/1644833352419.png, /home/intersoft-admin/Rattan/Bash/Training/Rattan/Final_testing/New_ActivityOverview/Reports/20220214_115757/CancelOrder-CopiedURL/20220214_115826/1644833359315.png, /home/intersoft-admin/Rattan/Bash/Training/Rattan/Final_testing/New_ActivityOverview/Reports/20220214_115757/CancelOrder-CopiedURL/20220214_115826/1644833391601.png, /home/intersoft-admin/Rattan/Bash/Training/Rattan/Final_testing/New_ActivityOverview/Reports/20220214_115757/CancelOrder-CopiedURL/20220214_115826/1644833444588.png, /home/intersoft-admin/Rattan/Bash/Training/Rattan/Final_testing/New_ActivityOverview/Reports/20220214_115757/CancelOrder-CopiedURL/20220214_115826/1644833444872.png, /home/intersoft-admin/Rattan/Bash/Training/Rattan/Final_testing/New_ActivityOverview/Reports/20220214_115757/CancelOrder-CopiedURL/20220214_115826/1644833468221.png, /home/intersoft-admin/Rattan/Bash/Training/Rattan/Final_testing/New_ActivityOverview/Reports/20220214_115757/CancelOrder-CopiedURL/20220214_115826/1644833481574.png, /home/intersoft-admin/Rattan/Bash/Training/Rattan/Final_testing/New_ActivityOverview/Reports/20220214_115757/CancelOrder-CopiedURL/20220214_115826/1644833494882.png, /home/intersoft-admin/Rattan/Bash/Training/Rattan/Final_testing/New_ActivityOverview/Reports/20220214_115757/CancelOrder-CopiedURL/20220214_115826/1644833505151.png, /home/intersoft-admin/Rattan/Bash/Training/Rattan/Final_testing/New_ActivityOverview/Reports/20220214_115757/CancelOrder-CopiedURL/20220214_115826/1644833512490.png, /home/intersoft-admin/Rattan/Bash/Training/Rattan/Final_testing/New_ActivityOverview/Reports/20220214_115757/CancelOrder-CopiedURL/20220214_115826/1644833519398.png, /home/intersoft-admin/Rattan/Bash/Training/Rattan/Final_testing/New_ActivityOverview/Reports/20220214_115757/CancelOrder-CopiedURL/20220214_115826/1644833551689.png"/>
         <property name="hostName" value="intersoft-admin - intersoftadmin-desktop"/>
         <property name="os" value="Linux 64bit"/>
         <property name="katalonVersion" value="8.2.5.208"/>
         <property name="browser" value="Chrome 97.0.4692.99"/>
         <property name="hostAddress" value="127.0.1.1"/>
         <property name="sessionId" value="54a3bacf354ff5720f5d03b0cc600467"/>
         <property name="seleniumVersion" value="3.141.59"/>
         <property name="proxyInformation" value="ProxyInformation { proxyOption=NO_PROXY, proxyServerType=HTTP, username=, password=********, proxyServerAddress=, proxyServerPort=0, executionList=&quot;&quot;, isApplyToDesiredCapabilities=true }"/>
         <property name="platform" value="Linux"/>
      </properties>
      <testcase name="Test Cases/NewActivityOverview-LeftNavigation/ActivityOverview-CancelOrder-GetOrderIDAndRefund - CopiedURL" time="884.55" classname="Test Cases/NewActivityOverview-LeftNavigation/ActivityOverview-CancelOrder-GetOrderIDAndRefund - CopiedURL" status="PASSED">
         <system-out><![CDATA[2022-02-14 15:28:16 - [TEST_CASE][PASSED] - Test Cases/NewActivityOverview-LeftNavigation/ActivityOverview-CancelOrder-GetOrderIDAndRefund - CopiedURL: Test Cases/NewActivityOverview-LeftNavigation/ActivityOverview-CancelOrder-GetOrderIDAndRefund - CopiedURL

2022-02-14 15:28:17 - [TEST_STEP][PASSED] - callTestCase(findTestCase("LoginWithSuperAdmin/SuperAdmin-Login"), [:], STOP_ON_FAILURE): Call Test Case 'Test Cases/LoginWithSuperAdmin/SuperAdmin-Login' successfully

2022-02-14 15:28:17 - [TEST_CASE][PASSED] - Test Cases/LoginWithSuperAdmin/SuperAdmin-Login: Test Cases/LoginWithSuperAdmin/SuperAdmin-Login

2022-02-14 15:28:18 - [TEST_STEP][PASSED] - openBrowser(""): Browser is opened with url: ''

2022-02-14 15:28:18 - [MESSAGE][INFO] - Starting 'Chrome' driver

2022-02-14 15:28:18 - [MESSAGE][INFO] - Action delay is set to 3,000 milliseconds

2022-02-14 15:28:19 - [MESSAGE][PASSED] - Browser is opened with url: ''

2022-02-14 15:28:19 - [TEST_STEP][PASSED] - setViewPortSize(1920, 1080): Viewport is set to new size with width = 1920 and height = 1080

2022-02-14 15:28:19 - [MESSAGE][PASSED] - Viewport is set to new size with width = 1920 and height = 1080

2022-02-14 15:28:19 - [TEST_STEP][PASSED] - navigateToUrl(URL): Navigate to 'https://marketplacev1.test-prio.com' successfully

2022-02-14 15:28:24 - [MESSAGE][PASSED] - Navigate to 'https://marketplacev1.test-prio.com' successfully

2022-02-14 15:28:24 - [TEST_STEP][PASSED] - delay(3): Delayed 3 second(s)

2022-02-14 15:28:27 - [MESSAGE][PASSED] - Delayed 3 second(s)

2022-02-14 15:28:27 - [TEST_STEP][PASSED] - click(findTestObject("SuperAdmin/Login/input_Email_contact_email")): Object: 'Object Repository/SuperAdmin/Login/input_Email_contact_email' is clicked on

2022-02-14 15:28:30 - [MESSAGE][PASSED] - Object: 'Object Repository/SuperAdmin/Login/input_Email_contact_email' is clicked on

2022-02-14 15:28:30 - [TEST_STEP][PASSED] - setText(findTestObject("SuperAdmin/Login/input_Email_contact_email"), uname): Text 'superadmin@tippoint.com' is set on object 'Object Repository/SuperAdmin/Login/input_Email_contact_email'

2022-02-14 15:28:37 - [MESSAGE][PASSED] - Text 'superadmin@tippoint.com' is set on object 'Object Repository/SuperAdmin/Login/input_Email_contact_email'

2022-02-14 15:28:37 - [TEST_STEP][PASSED] - setEncryptedText(findTestObject("SuperAdmin/Login/input_Password_password"), Password): Text ****** has been set on object 'Object Repository/SuperAdmin/Login/input_Password_password'

2022-02-14 15:28:44 - [MESSAGE][PASSED] - Text ****** has been set on object 'Object Repository/SuperAdmin/Login/input_Password_password'

2022-02-14 15:28:44 - [TEST_STEP][PASSED] - takeScreenshot(): Taking screenshot successfully

2022-02-14 15:28:44 - [MESSAGE][PASSED] - Taking screenshot successfully
[[ATTACHMENT|/home/intersoft-admin/Rattan/Bash/Training/Rattan/Final_testing/New_ActivityOverview/Reports/20220214_115757/CancelOrder-CopiedURL/20220214_115826/1644832724292.png]]

2022-02-14 15:28:44 - [TEST_STEP][PASSED] - newpackage.clickUsingJS.clickUsingJS(findTestObject("SuperAdmin/Login/button_Sign in"), 5): newpackage.clickUsingJS.clickUsingJS is PASSED

2022-02-14 15:28:44 - [MESSAGE][PASSED] - newpackage.clickUsingJS.clickUsingJS is PASSED

2022-02-14 15:28:44 - [MESSAGE][PASSED] - Call Test Case 'Test Cases/LoginWithSuperAdmin/SuperAdmin-Login' successfully

2022-02-14 15:28:44 - [TEST_STEP][PASSED] - switchToDefaultContent(): null

2022-02-14 15:28:44 - [TEST_STEP][PASSED] - click(findTestObject("SuperAdminLeftNavigation/NewActivityOverview-LeftNavigation")): Object: 'Object Repository/SuperAdminLeftNavigation/NewActivityOverview-LeftNavigation' is clicked on

2022-02-14 15:28:55 - [MESSAGE][PASSED] - Object: 'Object Repository/SuperAdminLeftNavigation/NewActivityOverview-LeftNavigation' is clicked on

2022-02-14 15:28:55 - [TEST_STEP][PASSED] - takeScreenshot(): Taking screenshot successfully

2022-02-14 15:28:56 - [MESSAGE][PASSED] - Taking screenshot successfully
[[ATTACHMENT|/home/intersoft-admin/Rattan/Bash/Training/Rattan/Final_testing/New_ActivityOverview/Reports/20220214_115757/CancelOrder-CopiedURL/20220214_115826/1644832736462.png]]

2022-02-14 15:28:56 - [TEST_STEP][PASSED] - switchToFrame(findTestObject("Object Repository/Iframe/NewActivityOverviewIframe"), 5): null

2022-02-14 15:28:56 - [TEST_STEP][PASSED] - delay(10): Delayed 10 second(s)

2022-02-14 15:29:06 - [MESSAGE][PASSED] - Delayed 10 second(s)

2022-02-14 15:29:06 - [TEST_STEP][PASSED] - takeScreenshot(): Taking screenshot successfully

2022-02-14 15:29:07 - [MESSAGE][PASSED] - Taking screenshot successfully
[[ATTACHMENT|/home/intersoft-admin/Rattan/Bash/Training/Rattan/Final_testing/New_ActivityOverview/Reports/20220214_115757/CancelOrder-CopiedURL/20220214_115826/1644832746986.png]]

2022-02-14 15:29:07 - [TEST_STEP][PASSED] - sizeoflisting = findWebElements(findTestObject("ListingArea/ListingContainsData"), 5).size(): null

2022-02-14 15:29:07 - [TEST_STEP][PASSED] - println(sizeoflisting): null

2022-02-14 15:29:07 - [TEST_STEP][PASSED] - logInfo(Size of Order Listing: $sizeoflisting): Size of Order Listing: 11

2022-02-14 15:29:07 - [MESSAGE][INFO] - Size of Order Listing: 11

2022-02-14 15:29:07 - [TEST_STEP][PASSED] - if (sizeoflisting > 2): Delayed 13 second(s)

2022-02-14 15:29:07 - [TEST_STEP][PASSED] - logInfo("Orders Exist in Listing"): Orders Exist in Listing

2022-02-14 15:29:07 - [MESSAGE][INFO] - Orders Exist in Listing

2022-02-14 15:29:07 - [TEST_STEP][PASSED] - click(findTestObject("Object Repository/OrderPerPage/OrderPerPage_select")): Object: 'Object Repository/OrderPerPage/OrderPerPage_select' is clicked on

2022-02-14 15:29:10 - [MESSAGE][PASSED] - Object: 'Object Repository/OrderPerPage/OrderPerPage_select' is clicked on

2022-02-14 15:29:10 - [TEST_STEP][PASSED] - delay(5): Delayed 5 second(s)

2022-02-14 15:29:15 - [MESSAGE][PASSED] - Delayed 5 second(s)

2022-02-14 15:29:15 - [TEST_STEP][PASSED] - click(findTestObject("Object Repository/OrderPerPage/OrderPerPage-SelectOption")): Object: 'Object Repository/OrderPerPage/OrderPerPage-SelectOption' is clicked on

2022-02-14 15:29:18 - [MESSAGE][PASSED] - Object: 'Object Repository/OrderPerPage/OrderPerPage-SelectOption' is clicked on

2022-02-14 15:29:18 - [TEST_STEP][PASSED] - delay(20): Delayed 20 second(s)

2022-02-14 15:29:38 - [MESSAGE][PASSED] - Delayed 20 second(s)

2022-02-14 15:29:38 - [TEST_STEP][PASSED] - takeScreenshot(): Taking screenshot successfully

2022-02-14 15:29:38 - [MESSAGE][PASSED] - Taking screenshot successfully
[[ATTACHMENT|/home/intersoft-admin/Rattan/Bash/Training/Rattan/Final_testing/New_ActivityOverview/Reports/20220214_115757/CancelOrder-CopiedURL/20220214_115826/1644832778502.png]]

2022-02-14 15:29:38 - [TEST_STEP][PASSED] - SizeofPagination = getText(findTestObject("Object Repository/PaginationCOunt/PaginationCount")): Text of object 'Object Repository/PaginationCOunt/PaginationCount' is: '100'

2022-02-14 15:29:38 - [MESSAGE][PASSED] - Text of object 'Object Repository/PaginationCOunt/PaginationCount' is: '100'

2022-02-14 15:29:38 - [TEST_STEP][PASSED] - println(SizeofPagination): null

2022-02-14 15:29:38 - [TEST_STEP][PASSED] - paginationmaxcount = Integer.parseInt(SizeofPagination): null

2022-02-14 15:29:38 - [TEST_STEP][PASSED] - paginationmaxcount = pagination: null

2022-02-14 15:29:38 - [TEST_STEP][PASSED] - logInfo(Size of Pagination: $paginationmaxcount): Size of Pagination: 5

2022-02-14 15:29:38 - [MESSAGE][INFO] - Size of Pagination: 5

2022-02-14 15:29:38 - [TEST_STEP][PASSED] - totalrecords = 0: null

2022-02-14 15:29:38 - [TEST_STEP][PASSED] - for ([l = 1, l <= paginationmaxcount, (l++)]): Delayed 13 second(s)

2022-02-14 15:29:38 - [TEST_STEP][PASSED] - if (l <= 5): null

2022-02-14 15:29:38 - [TEST_STEP][PASSED] - paginationvalue = l: null

2022-02-14 15:29:38 - [TEST_STEP][PASSED] - if (l > 5): null

2022-02-14 15:29:38 - [TEST_STEP][PASSED] - logInfo(Size of Pagination: $paginationvalue): Size of Pagination: 1

2022-02-14 15:29:38 - [MESSAGE][INFO] - Size of Pagination: 1

2022-02-14 15:29:38 - [TEST_STEP][PASSED] - click(findTestObject("Object Repository/PaginationCOunt/ClickOnPagination", ["pagination":paginationvalue])): Object: 'Object Repository/PaginationCOunt/ClickOnPagination' is clicked on

2022-02-14 15:29:41 - [MESSAGE][PASSED] - Object: 'Object Repository/PaginationCOunt/ClickOnPagination' is clicked on

2022-02-14 15:29:41 - [TEST_STEP][PASSED] - delay(20): Delayed 20 second(s)

2022-02-14 15:30:01 - [MESSAGE][PASSED] - Delayed 20 second(s)

2022-02-14 15:30:01 - [TEST_STEP][PASSED] - takeScreenshot(): Taking screenshot successfully

2022-02-14 15:30:02 - [MESSAGE][PASSED] - Taking screenshot successfully
[[ATTACHMENT|/home/intersoft-admin/Rattan/Bash/Training/Rattan/Final_testing/New_ActivityOverview/Reports/20220214_115757/CancelOrder-CopiedURL/20220214_115826/1644832801910.png]]

2022-02-14 15:30:02 - [TEST_STEP][PASSED] - SizeofActiveBookings = findWebElements(findTestObject("Object Repository/CancelAndRefund/OrderListWithoutRefundedStatus"), 5).size(): null

2022-02-14 15:30:02 - [TEST_STEP][PASSED] - logInfo(Size of Active Bookings: $SizeofActiveBookings): Size of Active Bookings: 82

2022-02-14 15:30:02 - [MESSAGE][INFO] - Size of Active Bookings: 82

2022-02-14 15:30:02 - [TEST_STEP][PASSED] - for ([refund = 1, refund < SizeofActiveBookings, (refund++)]): Call Test Case 'Test Cases/StepToReUse/ActivityOverview-CancelOrder' successfully

2022-02-14 15:30:02 - [TEST_STEP][PASSED] - if (refund == 1): null

2022-02-14 15:30:02 - [TEST_STEP][PASSED] - refund = SizeofActiveBookings: null

2022-02-14 15:30:02 - [TEST_STEP][PASSED] - refundvalue = refund: null

2022-02-14 15:30:02 - [TEST_STEP][PASSED] - logInfo(Size of refund booking: $refund): Size of refund booking: 82

2022-02-14 15:30:02 - [MESSAGE][INFO] - Size of refund booking: 82

2022-02-14 15:30:02 - [TEST_STEP][PASSED] - scrollToElement(findTestObject("Object Repository/CancelAndRefund/OrderListWithoutRefundedStatus - Click", ["position":refund]), 15): Scroll to object 'Object Repository/CancelAndRefund/OrderListWithoutRefundedStatus - Click' successfully

2022-02-14 15:30:02 - [MESSAGE][PASSED] - Scroll to object 'Object Repository/CancelAndRefund/OrderListWithoutRefundedStatus - Click' successfully

2022-02-14 15:30:02 - [TEST_STEP][PASSED] - takeScreenshot(): Taking screenshot successfully

2022-02-14 15:30:02 - [MESSAGE][PASSED] - Taking screenshot successfully
[[ATTACHMENT|/home/intersoft-admin/Rattan/Bash/Training/Rattan/Final_testing/New_ActivityOverview/Reports/20220214_115757/CancelOrder-CopiedURL/20220214_115826/1644832802383.png]]

2022-02-14 15:30:02 - [TEST_STEP][PASSED] - orderId = findWebElement(findTestObject("Object Repository/GetOrderID/GetOrderID", ["position":refund])).getAttribute("data-order_id"): null

2022-02-14 15:30:02 - [TEST_STEP][PASSED] - orderId = orderId: null

2022-02-14 15:30:02 - [TEST_STEP][PASSED] - logInfo(Order ID: $orderId): Order ID: 164464236486376

2022-02-14 15:30:02 - [MESSAGE][INFO] - Order ID: 164464236486376

2022-02-14 15:30:02 - [TEST_STEP][PASSED] - click(findTestObject("Object Repository/GetOrderID/GetOrderID", ["position":refund])): Object: 'Object Repository/GetOrderID/GetOrderID' is clicked on

2022-02-14 15:30:05 - [MESSAGE][PASSED] - Object: 'Object Repository/GetOrderID/GetOrderID' is clicked on

2022-02-14 15:30:05 - [TEST_STEP][PASSED] - delay(20): Delayed 20 second(s)

2022-02-14 15:30:25 - [MESSAGE][PASSED] - Delayed 20 second(s)

2022-02-14 15:30:25 - [TEST_STEP][PASSED] - takeScreenshot(): Taking screenshot successfully

2022-02-14 15:30:26 - [MESSAGE][PASSED] - Taking screenshot successfully
[[ATTACHMENT|/home/intersoft-admin/Rattan/Bash/Training/Rattan/Final_testing/New_ActivityOverview/Reports/20220214_115757/CancelOrder-CopiedURL/20220214_115826/1644832825927.png]]

2022-02-14 15:30:26 - [TEST_STEP][PASSED] - callTestCase(findTestCase("Test Cases/StepToReUse/StepTOCopyURLAndAddAnotherTab"), [:], CONTINUE_ON_FAILURE): Call Test Case 'Test Cases/StepToReUse/StepTOCopyURLAndAddAnotherTab' successfully

2022-02-14 15:30:26 - [TEST_CASE][PASSED] - Test Cases/StepToReUse/StepTOCopyURLAndAddAnotherTab: Test Cases/StepToReUse/StepTOCopyURLAndAddAnotherTab

2022-02-14 15:30:26 - [TEST_STEP][PASSED] - click(findTestObject("Object Repository/Header/Preview/ClickOnPreviewIcon")): Object: 'Object Repository/Header/Preview/ClickOnPreviewIcon' is clicked on

2022-02-14 15:30:29 - [MESSAGE][PASSED] - Object: 'Object Repository/Header/Preview/ClickOnPreviewIcon' is clicked on

2022-02-14 15:30:29 - [TEST_STEP][PASSED] - delay(10): Delayed 10 second(s)

2022-02-14 15:30:39 - [MESSAGE][PASSED] - Delayed 10 second(s)

2022-02-14 15:30:39 - [TEST_STEP][PASSED] - takeScreenshot(): Taking screenshot successfully

2022-02-14 15:30:39 - [MESSAGE][PASSED] - Taking screenshot successfully
[[ATTACHMENT|/home/intersoft-admin/Rattan/Bash/Training/Rattan/Final_testing/New_ActivityOverview/Reports/20220214_115757/CancelOrder-CopiedURL/20220214_115826/1644832839671.png]]

2022-02-14 15:30:39 - [TEST_STEP][PASSED] - click(findTestObject("Object Repository/Header/Preview/PrintVoucher")): Object: 'Object Repository/Header/Preview/PrintVoucher' is clicked on

2022-02-14 15:30:42 - [MESSAGE][PASSED] - Object: 'Object Repository/Header/Preview/PrintVoucher' is clicked on

2022-02-14 15:30:42 - [TEST_STEP][PASSED] - delay(10): Delayed 10 second(s)

2022-02-14 15:30:52 - [MESSAGE][PASSED] - Delayed 10 second(s)

2022-02-14 15:30:52 - [TEST_STEP][PASSED] - takeScreenshot(): Taking screenshot successfully

2022-02-14 15:30:53 - [MESSAGE][PASSED] - Taking screenshot successfully
[[ATTACHMENT|/home/intersoft-admin/Rattan/Bash/Training/Rattan/Final_testing/New_ActivityOverview/Reports/20220214_115757/CancelOrder-CopiedURL/20220214_115826/1644832852985.png]]

2022-02-14 15:30:53 - [TEST_STEP][PASSED] - UrlToClick = findWebElement(findTestObject("Object Repository/Header/CopyUrl/CopyUrl")).getAttribute("data-href_url"): null

2022-02-14 15:30:53 - [TEST_STEP][PASSED] - println(UrlToClick): null

2022-02-14 15:30:53 - [TEST_STEP][PASSED] - ActivityUrl = UrlToClick: null

2022-02-14 15:30:53 - [TEST_STEP][PASSED] - switchToWindowIndex(1): Switched to window with index: '1'

2022-02-14 15:30:53 - [MESSAGE][PASSED] - Switched to window with index: '1'

2022-02-14 15:30:53 - [TEST_STEP][PASSED] - delay(5): Delayed 5 second(s)

2022-02-14 15:30:58 - [MESSAGE][PASSED] - Delayed 5 second(s)

2022-02-14 15:30:58 - [TEST_STEP][PASSED] - navigateToUrl(ActivityUrl): Navigate to 'https://activity.test-prio.com/orders/164464236486376' successfully

2022-02-14 15:31:02 - [MESSAGE][PASSED] - Navigate to 'https://activity.test-prio.com/orders/164464236486376' successfully

2022-02-14 15:31:02 - [TEST_STEP][PASSED] - takeScreenshot(): Taking screenshot successfully

2022-02-14 15:31:03 - [MESSAGE][PASSED] - Taking screenshot successfully
[[ATTACHMENT|/home/intersoft-admin/Rattan/Bash/Training/Rattan/Final_testing/New_ActivityOverview/Reports/20220214_115757/CancelOrder-CopiedURL/20220214_115826/1644832863332.png]]

2022-02-14 15:31:03 - [TEST_STEP][PASSED] - switchToDefaultContent(): null

2022-02-14 15:31:03 - [MESSAGE][PASSED] - Call Test Case 'Test Cases/StepToReUse/StepTOCopyURLAndAddAnotherTab' successfully

2022-02-14 15:31:03 - [TEST_STEP][PASSED] - callTestCase(findTestCase("Test Cases/StepToReUse/ActivityOverview-CancelOrder"), [:], CONTINUE_ON_FAILURE): Call Test Case 'Test Cases/StepToReUse/ActivityOverview-CancelOrder' successfully

2022-02-14 15:31:03 - [TEST_CASE][PASSED] - Test Cases/StepToReUse/ActivityOverview-CancelOrder: Test Cases/StepToReUse/ActivityOverview-CancelOrder

2022-02-14 15:31:03 - [TEST_STEP][PASSED] - logInfo(Refund Value: $GlobalVariable.refundvalue): Refund Value: 82

2022-02-14 15:31:03 - [MESSAGE][INFO] - Refund Value: 82

2022-02-14 15:31:03 - [TEST_STEP][PASSED] - if (waitForElementClickable(findTestObject("Object Repository/CancelAndRefund/CancelOrderButton"), 15) == true): null

2022-02-14 15:31:04 - [MESSAGE][PASSED] - Object 'Object Repository/CancelAndRefund/CancelOrderButton' is clickable

2022-02-14 15:31:04 - [TEST_STEP][PASSED] - scrollToElement(findTestObject("Object Repository/CancelAndRefund/CancelOrderButton"), 15): Scroll to object 'Object Repository/CancelAndRefund/CancelOrderButton' successfully

2022-02-14 15:31:04 - [MESSAGE][PASSED] - Scroll to object 'Object Repository/CancelAndRefund/CancelOrderButton' successfully

2022-02-14 15:31:04 - [TEST_STEP][PASSED] - click(findTestObject("Object Repository/CancelAndRefund/CancelOrderButton")): Object: 'Object Repository/CancelAndRefund/CancelOrderButton' is clicked on

2022-02-14 15:31:07 - [MESSAGE][PASSED] - Object: 'Object Repository/CancelAndRefund/CancelOrderButton' is clicked on

2022-02-14 15:31:07 - [TEST_STEP][PASSED] - delay(3): Delayed 3 second(s)

2022-02-14 15:31:10 - [MESSAGE][PASSED] - Delayed 3 second(s)

2022-02-14 15:31:10 - [TEST_STEP][PASSED] - takeScreenshot(): Taking screenshot successfully

2022-02-14 15:31:11 - [MESSAGE][PASSED] - Taking screenshot successfully
[[ATTACHMENT|/home/intersoft-admin/Rattan/Bash/Training/Rattan/Final_testing/New_ActivityOverview/Reports/20220214_115757/CancelOrder-CopiedURL/20220214_115826/1644832871171.png]]

2022-02-14 15:31:11 - [TEST_STEP][PASSED] - if (waitForElementClickable(findTestObject("Object Repository/CancelAndRefund/CancelButton - OnRefundPop-up"), 15) == true): null

2022-02-14 15:31:11 - [MESSAGE][PASSED] - Object 'Object Repository/CancelAndRefund/CancelButton - OnRefundPop-up' is clickable

2022-02-14 15:31:11 - [TEST_STEP][PASSED] - click(findTestObject("Object Repository/CancelAndRefund/CancelButton - OnRefundPop-up")): Object: 'Object Repository/CancelAndRefund/CancelButton - OnRefundPop-up' is clicked on

2022-02-14 15:31:15 - [MESSAGE][PASSED] - Object: 'Object Repository/CancelAndRefund/CancelButton - OnRefundPop-up' is clicked on

2022-02-14 15:31:15 - [TEST_STEP][PASSED] - delay(3): Delayed 3 second(s)

2022-02-14 15:31:18 - [MESSAGE][PASSED] - Delayed 3 second(s)

2022-02-14 15:31:18 - [TEST_STEP][PASSED] - takeScreenshot(): Taking screenshot successfully

2022-02-14 15:31:18 - [MESSAGE][PASSED] - Taking screenshot successfully
[[ATTACHMENT|/home/intersoft-admin/Rattan/Bash/Training/Rattan/Final_testing/New_ActivityOverview/Reports/20220214_115757/CancelOrder-CopiedURL/20220214_115826/1644832878269.png]]

2022-02-14 15:31:18 - [TEST_STEP][PASSED] - click(findTestObject("Object Repository/CancelAndRefund/CancelOrderButton")): Object: 'Object Repository/CancelAndRefund/CancelOrderButton' is clicked on

2022-02-14 15:31:21 - [MESSAGE][PASSED] - Object: 'Object Repository/CancelAndRefund/CancelOrderButton' is clicked on

2022-02-14 15:31:21 - [TEST_STEP][PASSED] - if (refundvalue < 4): null

2022-02-14 15:31:21 - [TEST_STEP][PASSED] - if (refundvalue <= 6 && refundvalue >= 4): null

2022-02-14 15:31:21 - [TEST_STEP][PASSED] - if (refundvalue > 6): Object 'Object Repository/CancelAndRefund/RefundOptionRadio' is not visible after 15 second(s)

2022-02-14 15:31:21 - [TEST_STEP][PASSED] - if (waitForElementVisible(findTestObject("Object Repository/CancelAndRefund/RefundOptionRadio"), 15) == true): Object 'Object Repository/CancelAndRefund/RefundOptionRadio' is not visible after 15 second(s)

2022-02-14 15:31:37 - [MESSAGE][WARNING] - Object 'Object Repository/CancelAndRefund/RefundOptionRadio' is not visible after 15 second(s)

2022-02-14 15:31:37 - [TEST_STEP][PASSED] - setText(findTestObject("Object Repository/CancelAndRefund/ReasonForCancellation"), CancellationReason): Text 'Order Refunded to Test Automation Testing Under Katalon' is set on object 'Object Repository/CancelAndRefund/ReasonForCancellation'

2022-02-14 15:31:44 - [MESSAGE][PASSED] - Text 'Order Refunded to Test Automation Testing Under Katalon' is set on object 'Object Repository/CancelAndRefund/ReasonForCancellation'

2022-02-14 15:31:44 - [TEST_STEP][PASSED] - click(findTestObject("Object Repository/CancelAndRefund/ConfirmCancellationButton")): Object: 'Object Repository/CancelAndRefund/ConfirmCancellationButton' is clicked on

2022-02-14 15:31:47 - [MESSAGE][PASSED] - Object: 'Object Repository/CancelAndRefund/ConfirmCancellationButton' is clicked on

2022-02-14 15:31:47 - [TEST_STEP][PASSED] - delay(3): Delayed 3 second(s)

2022-02-14 15:31:50 - [MESSAGE][PASSED] - Delayed 3 second(s)

2022-02-14 15:31:50 - [TEST_STEP][PASSED] - takeScreenshot(): Taking screenshot successfully

2022-02-14 15:31:50 - [MESSAGE][PASSED] - Taking screenshot successfully
[[ATTACHMENT|/home/intersoft-admin/Rattan/Bash/Training/Rattan/Final_testing/New_ActivityOverview/Reports/20220214_115757/CancelOrder-CopiedURL/20220214_115826/1644832910683.png]]

2022-02-14 15:31:50 - [MESSAGE][PASSED] - Call Test Case 'Test Cases/StepToReUse/ActivityOverview-CancelOrder' successfully

2022-02-14 15:31:50 - [TEST_STEP][PASSED] - switchToWindowIndex(0): Switched to window with index: '0'

2022-02-14 15:31:50 - [MESSAGE][PASSED] - Switched to window with index: '0'

2022-02-14 15:31:50 - [TEST_STEP][PASSED] - delay(13): Delayed 13 second(s)

2022-02-14 15:32:03 - [MESSAGE][PASSED] - Delayed 13 second(s)

2022-02-14 15:32:03 - [TEST_STEP][PASSED] - switchToFrame(findTestObject("Object Repository/Iframe/NewActivityOverviewIframe"), 5): null

2022-02-14 15:32:04 - [TEST_STEP][PASSED] - click(findTestObject("Object Repository/DetailPop-up/Backbutton/BackButtonToListing")): Object: 'Object Repository/DetailPop-up/Backbutton/BackButtonToListing' is clicked on

2022-02-14 15:32:07 - [MESSAGE][PASSED] - Object: 'Object Repository/DetailPop-up/Backbutton/BackButtonToListing' is clicked on

2022-02-14 15:32:07 - [TEST_STEP][PASSED] - delay(13): Delayed 13 second(s)

2022-02-14 15:32:20 - [MESSAGE][PASSED] - Delayed 13 second(s)

2022-02-14 15:32:20 - [TEST_STEP][PASSED] - if (l <= 5): null

2022-02-14 15:32:20 - [TEST_STEP][PASSED] - paginationvalue = l: null

2022-02-14 15:32:20 - [TEST_STEP][PASSED] - if (l > 5): null

2022-02-14 15:32:20 - [TEST_STEP][PASSED] - logInfo(Size of Pagination: $paginationvalue): Size of Pagination: 2

2022-02-14 15:32:20 - [MESSAGE][INFO] - Size of Pagination: 2

2022-02-14 15:32:20 - [TEST_STEP][PASSED] - click(findTestObject("Object Repository/PaginationCOunt/ClickOnPagination", ["pagination":paginationvalue])): Object: 'Object Repository/PaginationCOunt/ClickOnPagination' is clicked on

2022-02-14 15:32:23 - [MESSAGE][PASSED] - Object: 'Object Repository/PaginationCOunt/ClickOnPagination' is clicked on

2022-02-14 15:32:23 - [TEST_STEP][PASSED] - delay(20): Delayed 20 second(s)

2022-02-14 15:32:43 - [MESSAGE][PASSED] - Delayed 20 second(s)

2022-02-14 15:32:43 - [TEST_STEP][PASSED] - takeScreenshot(): Taking screenshot successfully

2022-02-14 15:32:43 - [MESSAGE][PASSED] - Taking screenshot successfully
[[ATTACHMENT|/home/intersoft-admin/Rattan/Bash/Training/Rattan/Final_testing/New_ActivityOverview/Reports/20220214_115757/CancelOrder-CopiedURL/20220214_115826/1644832963797.png]]

2022-02-14 15:32:43 - [TEST_STEP][PASSED] - SizeofActiveBookings = findWebElements(findTestObject("Object Repository/CancelAndRefund/OrderListWithoutRefundedStatus"), 5).size(): null

2022-02-14 15:32:43 - [TEST_STEP][PASSED] - logInfo(Size of Active Bookings: $SizeofActiveBookings): Size of Active Bookings: 77

2022-02-14 15:32:43 - [MESSAGE][INFO] - Size of Active Bookings: 77

2022-02-14 15:32:43 - [TEST_STEP][PASSED] - for ([refund = 1, refund < SizeofActiveBookings, (refund++)]): Call Test Case 'Test Cases/StepToReUse/ActivityOverview-CancelOrder' successfully

2022-02-14 15:32:43 - [TEST_STEP][PASSED] - if (refund == 1): null

2022-02-14 15:32:43 - [TEST_STEP][PASSED] - refund = SizeofActiveBookings: null

2022-02-14 15:32:43 - [TEST_STEP][PASSED] - refundvalue = refund: null

2022-02-14 15:32:43 - [TEST_STEP][PASSED] - logInfo(Size of refund booking: $refund): Size of refund booking: 77

2022-02-14 15:32:43 - [MESSAGE][INFO] - Size of refund booking: 77

2022-02-14 15:32:43 - [TEST_STEP][PASSED] - scrollToElement(findTestObject("Object Repository/CancelAndRefund/OrderListWithoutRefundedStatus - Click", ["position":refund]), 15): Scroll to object 'Object Repository/CancelAndRefund/OrderListWithoutRefundedStatus - Click' successfully

2022-02-14 15:32:44 - [MESSAGE][PASSED] - Scroll to object 'Object Repository/CancelAndRefund/OrderListWithoutRefundedStatus - Click' successfully

2022-02-14 15:32:44 - [TEST_STEP][PASSED] - takeScreenshot(): Taking screenshot successfully

2022-02-14 15:32:44 - [MESSAGE][PASSED] - Taking screenshot successfully
[[ATTACHMENT|/home/intersoft-admin/Rattan/Bash/Training/Rattan/Final_testing/New_ActivityOverview/Reports/20220214_115757/CancelOrder-CopiedURL/20220214_115826/1644832964080.png]]

2022-02-14 15:32:44 - [TEST_STEP][PASSED] - orderId = findWebElement(findTestObject("Object Repository/GetOrderID/GetOrderID", ["position":refund])).getAttribute("data-order_id"): null

2022-02-14 15:32:44 - [TEST_STEP][PASSED] - orderId = orderId: null

2022-02-14 15:32:44 - [TEST_STEP][PASSED] - logInfo(Order ID: $orderId): Order ID: 164456088168744

2022-02-14 15:32:44 - [MESSAGE][INFO] - Order ID: 164456088168744

2022-02-14 15:32:44 - [TEST_STEP][PASSED] - click(findTestObject("Object Repository/GetOrderID/GetOrderID", ["position":refund])): Object: 'Object Repository/GetOrderID/GetOrderID' is clicked on

2022-02-14 15:32:47 - [MESSAGE][PASSED] - Object: 'Object Repository/GetOrderID/GetOrderID' is clicked on

2022-02-14 15:32:47 - [TEST_STEP][PASSED] - delay(20): Delayed 20 second(s)

2022-02-14 15:33:07 - [MESSAGE][PASSED] - Delayed 20 second(s)

2022-02-14 15:33:07 - [TEST_STEP][PASSED] - takeScreenshot(): Taking screenshot successfully

2022-02-14 15:33:07 - [MESSAGE][PASSED] - Taking screenshot successfully
[[ATTACHMENT|/home/intersoft-admin/Rattan/Bash/Training/Rattan/Final_testing/New_ActivityOverview/Reports/20220214_115757/CancelOrder-CopiedURL/20220214_115826/1644832987471.png]]

2022-02-14 15:33:07 - [TEST_STEP][PASSED] - callTestCase(findTestCase("Test Cases/StepToReUse/StepTOCopyURLAndAddAnotherTab"), [:], CONTINUE_ON_FAILURE): Call Test Case 'Test Cases/StepToReUse/StepTOCopyURLAndAddAnotherTab' successfully

2022-02-14 15:33:07 - [TEST_CASE][PASSED] - Test Cases/StepToReUse/StepTOCopyURLAndAddAnotherTab: Test Cases/StepToReUse/StepTOCopyURLAndAddAnotherTab

2022-02-14 15:33:07 - [TEST_STEP][PASSED] - click(findTestObject("Object Repository/Header/Preview/ClickOnPreviewIcon")): Object: 'Object Repository/Header/Preview/ClickOnPreviewIcon' is clicked on

2022-02-14 15:33:10 - [MESSAGE][PASSED] - Object: 'Object Repository/Header/Preview/ClickOnPreviewIcon' is clicked on

2022-02-14 15:33:10 - [TEST_STEP][PASSED] - delay(10): Delayed 10 second(s)

2022-02-14 15:33:20 - [MESSAGE][PASSED] - Delayed 10 second(s)

2022-02-14 15:33:20 - [TEST_STEP][PASSED] - takeScreenshot(): Taking screenshot successfully

2022-02-14 15:33:20 - [MESSAGE][PASSED] - Taking screenshot successfully
[[ATTACHMENT|/home/intersoft-admin/Rattan/Bash/Training/Rattan/Final_testing/New_ActivityOverview/Reports/20220214_115757/CancelOrder-CopiedURL/20220214_115826/1644833000805.png]]

2022-02-14 15:33:20 - [TEST_STEP][PASSED] - click(findTestObject("Object Repository/Header/Preview/PrintVoucher")): Object: 'Object Repository/Header/Preview/PrintVoucher' is clicked on

2022-02-14 15:33:24 - [MESSAGE][PASSED] - Object: 'Object Repository/Header/Preview/PrintVoucher' is clicked on

2022-02-14 15:33:24 - [TEST_STEP][PASSED] - delay(10): Delayed 10 second(s)

2022-02-14 15:33:34 - [MESSAGE][PASSED] - Delayed 10 second(s)

2022-02-14 15:33:34 - [TEST_STEP][PASSED] - takeScreenshot(): Taking screenshot successfully

2022-02-14 15:33:34 - [MESSAGE][PASSED] - Taking screenshot successfully
[[ATTACHMENT|/home/intersoft-admin/Rattan/Bash/Training/Rattan/Final_testing/New_ActivityOverview/Reports/20220214_115757/CancelOrder-CopiedURL/20220214_115826/1644833014132.png]]

2022-02-14 15:33:34 - [TEST_STEP][PASSED] - UrlToClick = findWebElement(findTestObject("Object Repository/Header/CopyUrl/CopyUrl")).getAttribute("data-href_url"): null

2022-02-14 15:33:34 - [TEST_STEP][PASSED] - println(UrlToClick): null

2022-02-14 15:33:34 - [TEST_STEP][PASSED] - ActivityUrl = UrlToClick: null

2022-02-14 15:33:34 - [TEST_STEP][PASSED] - switchToWindowIndex(1): Switched to window with index: '1'

2022-02-14 15:33:34 - [MESSAGE][PASSED] - Switched to window with index: '1'

2022-02-14 15:33:34 - [TEST_STEP][PASSED] - delay(5): Delayed 5 second(s)

2022-02-14 15:33:39 - [MESSAGE][PASSED] - Delayed 5 second(s)

2022-02-14 15:33:39 - [TEST_STEP][PASSED] - navigateToUrl(ActivityUrl): Navigate to 'https://activity.test-prio.com/orders/164456088168744' successfully

2022-02-14 15:33:43 - [MESSAGE][PASSED] - Navigate to 'https://activity.test-prio.com/orders/164456088168744' successfully

2022-02-14 15:33:43 - [TEST_STEP][PASSED] - takeScreenshot(): Taking screenshot successfully

2022-02-14 15:33:44 - [MESSAGE][PASSED] - Taking screenshot successfully
[[ATTACHMENT|/home/intersoft-admin/Rattan/Bash/Training/Rattan/Final_testing/New_ActivityOverview/Reports/20220214_115757/CancelOrder-CopiedURL/20220214_115826/1644833024705.png]]

2022-02-14 15:33:44 - [TEST_STEP][PASSED] - switchToDefaultContent(): null

2022-02-14 15:33:44 - [MESSAGE][PASSED] - Call Test Case 'Test Cases/StepToReUse/StepTOCopyURLAndAddAnotherTab' successfully

2022-02-14 15:33:44 - [TEST_STEP][PASSED] - callTestCase(findTestCase("Test Cases/StepToReUse/ActivityOverview-CancelOrder"), [:], CONTINUE_ON_FAILURE): Call Test Case 'Test Cases/StepToReUse/ActivityOverview-CancelOrder' successfully

2022-02-14 15:33:44 - [TEST_CASE][PASSED] - Test Cases/StepToReUse/ActivityOverview-CancelOrder: Test Cases/StepToReUse/ActivityOverview-CancelOrder

2022-02-14 15:33:45 - [TEST_STEP][PASSED] - logInfo(Refund Value: $GlobalVariable.refundvalue): Refund Value: 77

2022-02-14 15:33:45 - [MESSAGE][INFO] - Refund Value: 77

2022-02-14 15:33:45 - [TEST_STEP][PASSED] - if (waitForElementClickable(findTestObject("Object Repository/CancelAndRefund/CancelOrderButton"), 15) == true): null

2022-02-14 15:33:45 - [MESSAGE][PASSED] - Object 'Object Repository/CancelAndRefund/CancelOrderButton' is clickable

2022-02-14 15:33:45 - [TEST_STEP][PASSED] - scrollToElement(findTestObject("Object Repository/CancelAndRefund/CancelOrderButton"), 15): Scroll to object 'Object Repository/CancelAndRefund/CancelOrderButton' successfully

2022-02-14 15:33:45 - [MESSAGE][PASSED] - Scroll to object 'Object Repository/CancelAndRefund/CancelOrderButton' successfully

2022-02-14 15:33:45 - [TEST_STEP][PASSED] - click(findTestObject("Object Repository/CancelAndRefund/CancelOrderButton")): Object: 'Object Repository/CancelAndRefund/CancelOrderButton' is clicked on

2022-02-14 15:33:48 - [MESSAGE][PASSED] - Object: 'Object Repository/CancelAndRefund/CancelOrderButton' is clicked on

2022-02-14 15:33:48 - [TEST_STEP][PASSED] - delay(3): Delayed 3 second(s)

2022-02-14 15:33:51 - [MESSAGE][PASSED] - Delayed 3 second(s)

2022-02-14 15:33:51 - [TEST_STEP][PASSED] - takeScreenshot(): Taking screenshot successfully

2022-02-14 15:33:52 - [MESSAGE][PASSED] - Taking screenshot successfully
[[ATTACHMENT|/home/intersoft-admin/Rattan/Bash/Training/Rattan/Final_testing/New_ActivityOverview/Reports/20220214_115757/CancelOrder-CopiedURL/20220214_115826/1644833032140.png]]

2022-02-14 15:33:52 - [TEST_STEP][PASSED] - if (waitForElementClickable(findTestObject("Object Repository/CancelAndRefund/CancelButton - OnRefundPop-up"), 15) == true): null

2022-02-14 15:33:52 - [MESSAGE][PASSED] - Object 'Object Repository/CancelAndRefund/CancelButton - OnRefundPop-up' is clickable

2022-02-14 15:33:52 - [TEST_STEP][PASSED] - click(findTestObject("Object Repository/CancelAndRefund/CancelButton - OnRefundPop-up")): Object: 'Object Repository/CancelAndRefund/CancelButton - OnRefundPop-up' is clicked on

2022-02-14 15:33:55 - [MESSAGE][PASSED] - Object: 'Object Repository/CancelAndRefund/CancelButton - OnRefundPop-up' is clicked on

2022-02-14 15:33:55 - [TEST_STEP][PASSED] - delay(3): Delayed 3 second(s)

2022-02-14 15:33:58 - [MESSAGE][PASSED] - Delayed 3 second(s)

2022-02-14 15:33:58 - [TEST_STEP][PASSED] - takeScreenshot(): Taking screenshot successfully

2022-02-14 15:33:59 - [MESSAGE][PASSED] - Taking screenshot successfully
[[ATTACHMENT|/home/intersoft-admin/Rattan/Bash/Training/Rattan/Final_testing/New_ActivityOverview/Reports/20220214_115757/CancelOrder-CopiedURL/20220214_115826/1644833039084.png]]

2022-02-14 15:33:59 - [TEST_STEP][PASSED] - click(findTestObject("Object Repository/CancelAndRefund/CancelOrderButton")): Object: 'Object Repository/CancelAndRefund/CancelOrderButton' is clicked on

2022-02-14 15:34:02 - [MESSAGE][PASSED] - Object: 'Object Repository/CancelAndRefund/CancelOrderButton' is clicked on

2022-02-14 15:34:02 - [TEST_STEP][PASSED] - if (refundvalue < 4): null

2022-02-14 15:34:02 - [TEST_STEP][PASSED] - if (refundvalue <= 6 && refundvalue >= 4): null

2022-02-14 15:34:02 - [TEST_STEP][PASSED] - if (refundvalue > 6): Object 'Object Repository/CancelAndRefund/RefundOptionRadio' is not visible after 15 second(s)

2022-02-14 15:34:02 - [TEST_STEP][PASSED] - if (waitForElementVisible(findTestObject("Object Repository/CancelAndRefund/RefundOptionRadio"), 15) == true): Object 'Object Repository/CancelAndRefund/RefundOptionRadio' is not visible after 15 second(s)

2022-02-14 15:34:18 - [MESSAGE][WARNING] - Object 'Object Repository/CancelAndRefund/RefundOptionRadio' is not visible after 15 second(s)

2022-02-14 15:34:18 - [TEST_STEP][PASSED] - setText(findTestObject("Object Repository/CancelAndRefund/ReasonForCancellation"), CancellationReason): Text 'Order Refunded to Test Automation Testing Under Katalon' is set on object 'Object Repository/CancelAndRefund/ReasonForCancellation'

2022-02-14 15:34:24 - [MESSAGE][PASSED] - Text 'Order Refunded to Test Automation Testing Under Katalon' is set on object 'Object Repository/CancelAndRefund/ReasonForCancellation'

2022-02-14 15:34:24 - [TEST_STEP][PASSED] - click(findTestObject("Object Repository/CancelAndRefund/ConfirmCancellationButton")): Object: 'Object Repository/CancelAndRefund/ConfirmCancellationButton' is clicked on

2022-02-14 15:34:28 - [MESSAGE][PASSED] - Object: 'Object Repository/CancelAndRefund/ConfirmCancellationButton' is clicked on

2022-02-14 15:34:28 - [TEST_STEP][PASSED] - delay(3): Delayed 3 second(s)

2022-02-14 15:34:31 - [MESSAGE][PASSED] - Delayed 3 second(s)

2022-02-14 15:34:31 - [TEST_STEP][PASSED] - takeScreenshot(): Taking screenshot successfully

2022-02-14 15:34:31 - [MESSAGE][PASSED] - Taking screenshot successfully
[[ATTACHMENT|/home/intersoft-admin/Rattan/Bash/Training/Rattan/Final_testing/New_ActivityOverview/Reports/20220214_115757/CancelOrder-CopiedURL/20220214_115826/1644833071390.png]]

2022-02-14 15:34:31 - [MESSAGE][PASSED] - Call Test Case 'Test Cases/StepToReUse/ActivityOverview-CancelOrder' successfully

2022-02-14 15:34:31 - [TEST_STEP][PASSED] - switchToWindowIndex(0): Switched to window with index: '0'

2022-02-14 15:34:31 - [MESSAGE][PASSED] - Switched to window with index: '0'

2022-02-14 15:34:31 - [TEST_STEP][PASSED] - delay(13): Delayed 13 second(s)

2022-02-14 15:34:44 - [MESSAGE][PASSED] - Delayed 13 second(s)

2022-02-14 15:34:44 - [TEST_STEP][PASSED] - switchToFrame(findTestObject("Object Repository/Iframe/NewActivityOverviewIframe"), 5): null

2022-02-14 15:34:44 - [TEST_STEP][PASSED] - click(findTestObject("Object Repository/DetailPop-up/Backbutton/BackButtonToListing")): Object: 'Object Repository/DetailPop-up/Backbutton/BackButtonToListing' is clicked on

2022-02-14 15:34:48 - [MESSAGE][PASSED] - Object: 'Object Repository/DetailPop-up/Backbutton/BackButtonToListing' is clicked on

2022-02-14 15:34:48 - [TEST_STEP][PASSED] - delay(13): Delayed 13 second(s)

2022-02-14 15:35:01 - [MESSAGE][PASSED] - Delayed 13 second(s)

2022-02-14 15:35:01 - [TEST_STEP][PASSED] - if (l <= 5): null

2022-02-14 15:35:01 - [TEST_STEP][PASSED] - paginationvalue = l: null

2022-02-14 15:35:01 - [TEST_STEP][PASSED] - if (l > 5): null

2022-02-14 15:35:01 - [TEST_STEP][PASSED] - logInfo(Size of Pagination: $paginationvalue): Size of Pagination: 3

2022-02-14 15:35:01 - [MESSAGE][INFO] - Size of Pagination: 3

2022-02-14 15:35:01 - [TEST_STEP][PASSED] - click(findTestObject("Object Repository/PaginationCOunt/ClickOnPagination", ["pagination":paginationvalue])): Object: 'Object Repository/PaginationCOunt/ClickOnPagination' is clicked on

2022-02-14 15:35:04 - [MESSAGE][PASSED] - Object: 'Object Repository/PaginationCOunt/ClickOnPagination' is clicked on

2022-02-14 15:35:04 - [TEST_STEP][PASSED] - delay(20): Delayed 20 second(s)

2022-02-14 15:35:24 - [MESSAGE][PASSED] - Delayed 20 second(s)

2022-02-14 15:35:24 - [TEST_STEP][PASSED] - takeScreenshot(): Taking screenshot successfully

2022-02-14 15:35:24 - [MESSAGE][PASSED] - Taking screenshot successfully
[[ATTACHMENT|/home/intersoft-admin/Rattan/Bash/Training/Rattan/Final_testing/New_ActivityOverview/Reports/20220214_115757/CancelOrder-CopiedURL/20220214_115826/1644833124392.png]]

2022-02-14 15:35:24 - [TEST_STEP][PASSED] - SizeofActiveBookings = findWebElements(findTestObject("Object Repository/CancelAndRefund/OrderListWithoutRefundedStatus"), 5).size(): null

2022-02-14 15:35:24 - [TEST_STEP][PASSED] - logInfo(Size of Active Bookings: $SizeofActiveBookings): Size of Active Bookings: 74

2022-02-14 15:35:24 - [MESSAGE][INFO] - Size of Active Bookings: 74

2022-02-14 15:35:24 - [TEST_STEP][PASSED] - for ([refund = 1, refund < SizeofActiveBookings, (refund++)]): Call Test Case 'Test Cases/StepToReUse/ActivityOverview-CancelOrder' successfully

2022-02-14 15:35:24 - [TEST_STEP][PASSED] - if (refund == 1): null

2022-02-14 15:35:24 - [TEST_STEP][PASSED] - refund = SizeofActiveBookings: null

2022-02-14 15:35:24 - [TEST_STEP][PASSED] - refundvalue = refund: null

2022-02-14 15:35:24 - [TEST_STEP][PASSED] - logInfo(Size of refund booking: $refund): Size of refund booking: 74

2022-02-14 15:35:24 - [MESSAGE][INFO] - Size of refund booking: 74

2022-02-14 15:35:24 - [TEST_STEP][PASSED] - scrollToElement(findTestObject("Object Repository/CancelAndRefund/OrderListWithoutRefundedStatus - Click", ["position":refund]), 15): Scroll to object 'Object Repository/CancelAndRefund/OrderListWithoutRefundedStatus - Click' successfully

2022-02-14 15:35:24 - [MESSAGE][PASSED] - Scroll to object 'Object Repository/CancelAndRefund/OrderListWithoutRefundedStatus - Click' successfully

2022-02-14 15:35:24 - [TEST_STEP][PASSED] - takeScreenshot(): Taking screenshot successfully

2022-02-14 15:35:24 - [MESSAGE][PASSED] - Taking screenshot successfully
[[ATTACHMENT|/home/intersoft-admin/Rattan/Bash/Training/Rattan/Final_testing/New_ActivityOverview/Reports/20220214_115757/CancelOrder-CopiedURL/20220214_115826/1644833124682.png]]

2022-02-14 15:35:24 - [TEST_STEP][PASSED] - orderId = findWebElement(findTestObject("Object Repository/GetOrderID/GetOrderID", ["position":refund])).getAttribute("data-order_id"): null

2022-02-14 15:35:24 - [TEST_STEP][PASSED] - orderId = orderId: null

2022-02-14 15:35:24 - [TEST_STEP][PASSED] - logInfo(Order ID: $orderId): Order ID: 164441051823935

2022-02-14 15:35:24 - [MESSAGE][INFO] - Order ID: 164441051823935

2022-02-14 15:35:24 - [TEST_STEP][PASSED] - click(findTestObject("Object Repository/GetOrderID/GetOrderID", ["position":refund])): Object: 'Object Repository/GetOrderID/GetOrderID' is clicked on

2022-02-14 15:35:28 - [MESSAGE][PASSED] - Object: 'Object Repository/GetOrderID/GetOrderID' is clicked on

2022-02-14 15:35:28 - [TEST_STEP][PASSED] - delay(20): Delayed 20 second(s)

2022-02-14 15:35:48 - [MESSAGE][PASSED] - Delayed 20 second(s)

2022-02-14 15:35:48 - [TEST_STEP][PASSED] - takeScreenshot(): Taking screenshot successfully

2022-02-14 15:35:48 - [MESSAGE][PASSED] - Taking screenshot successfully
[[ATTACHMENT|/home/intersoft-admin/Rattan/Bash/Training/Rattan/Final_testing/New_ActivityOverview/Reports/20220214_115757/CancelOrder-CopiedURL/20220214_115826/1644833148056.png]]

2022-02-14 15:35:48 - [TEST_STEP][PASSED] - callTestCase(findTestCase("Test Cases/StepToReUse/StepTOCopyURLAndAddAnotherTab"), [:], CONTINUE_ON_FAILURE): Call Test Case 'Test Cases/StepToReUse/StepTOCopyURLAndAddAnotherTab' successfully

2022-02-14 15:35:48 - [TEST_CASE][PASSED] - Test Cases/StepToReUse/StepTOCopyURLAndAddAnotherTab: Test Cases/StepToReUse/StepTOCopyURLAndAddAnotherTab

2022-02-14 15:35:48 - [TEST_STEP][PASSED] - click(findTestObject("Object Repository/Header/Preview/ClickOnPreviewIcon")): Object: 'Object Repository/Header/Preview/ClickOnPreviewIcon' is clicked on

2022-02-14 15:35:51 - [MESSAGE][PASSED] - Object: 'Object Repository/Header/Preview/ClickOnPreviewIcon' is clicked on

2022-02-14 15:35:51 - [TEST_STEP][PASSED] - delay(10): Delayed 10 second(s)

2022-02-14 15:36:01 - [MESSAGE][PASSED] - Delayed 10 second(s)

2022-02-14 15:36:01 - [TEST_STEP][PASSED] - takeScreenshot(): Taking screenshot successfully

2022-02-14 15:36:01 - [MESSAGE][PASSED] - Taking screenshot successfully
[[ATTACHMENT|/home/intersoft-admin/Rattan/Bash/Training/Rattan/Final_testing/New_ActivityOverview/Reports/20220214_115757/CancelOrder-CopiedURL/20220214_115826/1644833161414.png]]

2022-02-14 15:36:01 - [TEST_STEP][PASSED] - click(findTestObject("Object Repository/Header/Preview/PrintVoucher")): Object: 'Object Repository/Header/Preview/PrintVoucher' is clicked on

2022-02-14 15:36:04 - [MESSAGE][PASSED] - Object: 'Object Repository/Header/Preview/PrintVoucher' is clicked on

2022-02-14 15:36:04 - [TEST_STEP][PASSED] - delay(10): Delayed 10 second(s)

2022-02-14 15:36:14 - [MESSAGE][PASSED] - Delayed 10 second(s)

2022-02-14 15:36:14 - [TEST_STEP][PASSED] - takeScreenshot(): Taking screenshot successfully

2022-02-14 15:36:14 - [MESSAGE][PASSED] - Taking screenshot successfully
[[ATTACHMENT|/home/intersoft-admin/Rattan/Bash/Training/Rattan/Final_testing/New_ActivityOverview/Reports/20220214_115757/CancelOrder-CopiedURL/20220214_115826/1644833174730.png]]

2022-02-14 15:36:14 - [TEST_STEP][PASSED] - UrlToClick = findWebElement(findTestObject("Object Repository/Header/CopyUrl/CopyUrl")).getAttribute("data-href_url"): null

2022-02-14 15:36:15 - [TEST_STEP][PASSED] - println(UrlToClick): null

2022-02-14 15:36:15 - [TEST_STEP][PASSED] - ActivityUrl = UrlToClick: null

2022-02-14 15:36:15 - [TEST_STEP][PASSED] - switchToWindowIndex(1): Switched to window with index: '1'

2022-02-14 15:36:15 - [MESSAGE][PASSED] - Switched to window with index: '1'

2022-02-14 15:36:15 - [TEST_STEP][PASSED] - delay(5): Delayed 5 second(s)

2022-02-14 15:36:20 - [MESSAGE][PASSED] - Delayed 5 second(s)

2022-02-14 15:36:20 - [TEST_STEP][PASSED] - navigateToUrl(ActivityUrl): Navigate to 'https://activity.test-prio.com/orders/164441051823935' successfully

2022-02-14 15:36:24 - [MESSAGE][PASSED] - Navigate to 'https://activity.test-prio.com/orders/164441051823935' successfully

2022-02-14 15:36:24 - [TEST_STEP][PASSED] - takeScreenshot(): Taking screenshot successfully

2022-02-14 15:36:24 - [MESSAGE][PASSED] - Taking screenshot successfully
[[ATTACHMENT|/home/intersoft-admin/Rattan/Bash/Training/Rattan/Final_testing/New_ActivityOverview/Reports/20220214_115757/CancelOrder-CopiedURL/20220214_115826/1644833184864.png]]

2022-02-14 15:36:24 - [TEST_STEP][PASSED] - switchToDefaultContent(): null

2022-02-14 15:36:24 - [MESSAGE][PASSED] - Call Test Case 'Test Cases/StepToReUse/StepTOCopyURLAndAddAnotherTab' successfully

2022-02-14 15:36:24 - [TEST_STEP][PASSED] - callTestCase(findTestCase("Test Cases/StepToReUse/ActivityOverview-CancelOrder"), [:], CONTINUE_ON_FAILURE): Call Test Case 'Test Cases/StepToReUse/ActivityOverview-CancelOrder' successfully

2022-02-14 15:36:25 - [TEST_CASE][PASSED] - Test Cases/StepToReUse/ActivityOverview-CancelOrder: Test Cases/StepToReUse/ActivityOverview-CancelOrder

2022-02-14 15:36:25 - [TEST_STEP][PASSED] - logInfo(Refund Value: $GlobalVariable.refundvalue): Refund Value: 74

2022-02-14 15:36:25 - [MESSAGE][INFO] - Refund Value: 74

2022-02-14 15:36:25 - [TEST_STEP][PASSED] - if (waitForElementClickable(findTestObject("Object Repository/CancelAndRefund/CancelOrderButton"), 15) == true): null

2022-02-14 15:36:25 - [MESSAGE][PASSED] - Object 'Object Repository/CancelAndRefund/CancelOrderButton' is clickable

2022-02-14 15:36:25 - [TEST_STEP][PASSED] - scrollToElement(findTestObject("Object Repository/CancelAndRefund/CancelOrderButton"), 15): Scroll to object 'Object Repository/CancelAndRefund/CancelOrderButton' successfully

2022-02-14 15:36:25 - [MESSAGE][PASSED] - Scroll to object 'Object Repository/CancelAndRefund/CancelOrderButton' successfully

2022-02-14 15:36:25 - [TEST_STEP][PASSED] - click(findTestObject("Object Repository/CancelAndRefund/CancelOrderButton")): Object: 'Object Repository/CancelAndRefund/CancelOrderButton' is clicked on

2022-02-14 15:36:29 - [MESSAGE][PASSED] - Object: 'Object Repository/CancelAndRefund/CancelOrderButton' is clicked on

2022-02-14 15:36:29 - [TEST_STEP][PASSED] - delay(3): Delayed 3 second(s)

2022-02-14 15:36:32 - [MESSAGE][PASSED] - Delayed 3 second(s)

2022-02-14 15:36:32 - [TEST_STEP][PASSED] - takeScreenshot(): Taking screenshot successfully

2022-02-14 15:36:32 - [MESSAGE][PASSED] - Taking screenshot successfully
[[ATTACHMENT|/home/intersoft-admin/Rattan/Bash/Training/Rattan/Final_testing/New_ActivityOverview/Reports/20220214_115757/CancelOrder-CopiedURL/20220214_115826/1644833192220.png]]

2022-02-14 15:36:32 - [TEST_STEP][PASSED] - if (waitForElementClickable(findTestObject("Object Repository/CancelAndRefund/CancelButton - OnRefundPop-up"), 15) == true): null

2022-02-14 15:36:32 - [MESSAGE][PASSED] - Object 'Object Repository/CancelAndRefund/CancelButton - OnRefundPop-up' is clickable

2022-02-14 15:36:32 - [TEST_STEP][PASSED] - click(findTestObject("Object Repository/CancelAndRefund/CancelButton - OnRefundPop-up")): Object: 'Object Repository/CancelAndRefund/CancelButton - OnRefundPop-up' is clicked on

2022-02-14 15:36:35 - [MESSAGE][PASSED] - Object: 'Object Repository/CancelAndRefund/CancelButton - OnRefundPop-up' is clicked on

2022-02-14 15:36:35 - [TEST_STEP][PASSED] - delay(3): Delayed 3 second(s)

2022-02-14 15:36:38 - [MESSAGE][PASSED] - Delayed 3 second(s)

2022-02-14 15:36:38 - [TEST_STEP][PASSED] - takeScreenshot(): Taking screenshot successfully

2022-02-14 15:36:39 - [MESSAGE][PASSED] - Taking screenshot successfully
[[ATTACHMENT|/home/intersoft-admin/Rattan/Bash/Training/Rattan/Final_testing/New_ActivityOverview/Reports/20220214_115757/CancelOrder-CopiedURL/20220214_115826/1644833199214.png]]

2022-02-14 15:36:39 - [TEST_STEP][PASSED] - click(findTestObject("Object Repository/CancelAndRefund/CancelOrderButton")): Object: 'Object Repository/CancelAndRefund/CancelOrderButton' is clicked on

2022-02-14 15:36:42 - [MESSAGE][PASSED] - Object: 'Object Repository/CancelAndRefund/CancelOrderButton' is clicked on

2022-02-14 15:36:42 - [TEST_STEP][PASSED] - if (refundvalue < 4): null

2022-02-14 15:36:42 - [TEST_STEP][PASSED] - if (refundvalue <= 6 && refundvalue >= 4): null

2022-02-14 15:36:42 - [TEST_STEP][PASSED] - if (refundvalue > 6): Object 'Object Repository/CancelAndRefund/RefundOptionRadio' is not visible after 15 second(s)

2022-02-14 15:36:42 - [TEST_STEP][PASSED] - if (waitForElementVisible(findTestObject("Object Repository/CancelAndRefund/RefundOptionRadio"), 15) == true): Object 'Object Repository/CancelAndRefund/RefundOptionRadio' is not visible after 15 second(s)

2022-02-14 15:36:58 - [MESSAGE][WARNING] - Object 'Object Repository/CancelAndRefund/RefundOptionRadio' is not visible after 15 second(s)

2022-02-14 15:36:58 - [TEST_STEP][PASSED] - setText(findTestObject("Object Repository/CancelAndRefund/ReasonForCancellation"), CancellationReason): Text 'Order Refunded to Test Automation Testing Under Katalon' is set on object 'Object Repository/CancelAndRefund/ReasonForCancellation'

2022-02-14 15:37:05 - [MESSAGE][PASSED] - Text 'Order Refunded to Test Automation Testing Under Katalon' is set on object 'Object Repository/CancelAndRefund/ReasonForCancellation'

2022-02-14 15:37:05 - [TEST_STEP][PASSED] - click(findTestObject("Object Repository/CancelAndRefund/ConfirmCancellationButton")): Object: 'Object Repository/CancelAndRefund/ConfirmCancellationButton' is clicked on

2022-02-14 15:37:08 - [MESSAGE][PASSED] - Object: 'Object Repository/CancelAndRefund/ConfirmCancellationButton' is clicked on

2022-02-14 15:37:08 - [TEST_STEP][PASSED] - delay(3): Delayed 3 second(s)

2022-02-14 15:37:11 - [MESSAGE][PASSED] - Delayed 3 second(s)

2022-02-14 15:37:11 - [TEST_STEP][PASSED] - takeScreenshot(): Taking screenshot successfully

2022-02-14 15:37:11 - [MESSAGE][PASSED] - Taking screenshot successfully
[[ATTACHMENT|/home/intersoft-admin/Rattan/Bash/Training/Rattan/Final_testing/New_ActivityOverview/Reports/20220214_115757/CancelOrder-CopiedURL/20220214_115826/1644833231575.png]]

2022-02-14 15:37:11 - [MESSAGE][PASSED] - Call Test Case 'Test Cases/StepToReUse/ActivityOverview-CancelOrder' successfully

2022-02-14 15:37:11 - [TEST_STEP][PASSED] - switchToWindowIndex(0): Switched to window with index: '0'

2022-02-14 15:37:11 - [MESSAGE][PASSED] - Switched to window with index: '0'

2022-02-14 15:37:11 - [TEST_STEP][PASSED] - delay(13): Delayed 13 second(s)

2022-02-14 15:37:24 - [MESSAGE][PASSED] - Delayed 13 second(s)

2022-02-14 15:37:24 - [TEST_STEP][PASSED] - switchToFrame(findTestObject("Object Repository/Iframe/NewActivityOverviewIframe"), 5): null

2022-02-14 15:37:25 - [TEST_STEP][PASSED] - click(findTestObject("Object Repository/DetailPop-up/Backbutton/BackButtonToListing")): Object: 'Object Repository/DetailPop-up/Backbutton/BackButtonToListing' is clicked on

2022-02-14 15:37:28 - [MESSAGE][PASSED] - Object: 'Object Repository/DetailPop-up/Backbutton/BackButtonToListing' is clicked on

2022-02-14 15:37:28 - [TEST_STEP][PASSED] - delay(13): Delayed 13 second(s)

2022-02-14 15:37:41 - [MESSAGE][PASSED] - Delayed 13 second(s)

2022-02-14 15:37:41 - [TEST_STEP][PASSED] - if (l <= 5): null

2022-02-14 15:37:41 - [TEST_STEP][PASSED] - paginationvalue = l: null

2022-02-14 15:37:41 - [TEST_STEP][PASSED] - if (l > 5): null

2022-02-14 15:37:41 - [TEST_STEP][PASSED] - logInfo(Size of Pagination: $paginationvalue): Size of Pagination: 4

2022-02-14 15:37:41 - [MESSAGE][INFO] - Size of Pagination: 4

2022-02-14 15:37:41 - [TEST_STEP][PASSED] - click(findTestObject("Object Repository/PaginationCOunt/ClickOnPagination", ["pagination":paginationvalue])): Object: 'Object Repository/PaginationCOunt/ClickOnPagination' is clicked on

2022-02-14 15:37:44 - [MESSAGE][PASSED] - Object: 'Object Repository/PaginationCOunt/ClickOnPagination' is clicked on

2022-02-14 15:37:44 - [TEST_STEP][PASSED] - delay(20): Delayed 20 second(s)

2022-02-14 15:38:04 - [MESSAGE][PASSED] - Delayed 20 second(s)

2022-02-14 15:38:04 - [TEST_STEP][PASSED] - takeScreenshot(): Taking screenshot successfully

2022-02-14 15:38:04 - [MESSAGE][PASSED] - Taking screenshot successfully
[[ATTACHMENT|/home/intersoft-admin/Rattan/Bash/Training/Rattan/Final_testing/New_ActivityOverview/Reports/20220214_115757/CancelOrder-CopiedURL/20220214_115826/1644833284632.png]]

2022-02-14 15:38:04 - [TEST_STEP][PASSED] - SizeofActiveBookings = findWebElements(findTestObject("Object Repository/CancelAndRefund/OrderListWithoutRefundedStatus"), 5).size(): null

2022-02-14 15:38:04 - [TEST_STEP][PASSED] - logInfo(Size of Active Bookings: $SizeofActiveBookings): Size of Active Bookings: 78

2022-02-14 15:38:04 - [MESSAGE][INFO] - Size of Active Bookings: 78

2022-02-14 15:38:04 - [TEST_STEP][PASSED] - for ([refund = 1, refund < SizeofActiveBookings, (refund++)]): Call Test Case 'Test Cases/StepToReUse/ActivityOverview-CancelOrder' successfully

2022-02-14 15:38:04 - [TEST_STEP][PASSED] - if (refund == 1): null

2022-02-14 15:38:04 - [TEST_STEP][PASSED] - refund = SizeofActiveBookings: null

2022-02-14 15:38:04 - [TEST_STEP][PASSED] - refundvalue = refund: null

2022-02-14 15:38:04 - [TEST_STEP][PASSED] - logInfo(Size of refund booking: $refund): Size of refund booking: 78

2022-02-14 15:38:04 - [MESSAGE][INFO] - Size of refund booking: 78

2022-02-14 15:38:04 - [TEST_STEP][PASSED] - scrollToElement(findTestObject("Object Repository/CancelAndRefund/OrderListWithoutRefundedStatus - Click", ["position":refund]), 15): Scroll to object 'Object Repository/CancelAndRefund/OrderListWithoutRefundedStatus - Click' successfully

2022-02-14 15:38:04 - [MESSAGE][PASSED] - Scroll to object 'Object Repository/CancelAndRefund/OrderListWithoutRefundedStatus - Click' successfully

2022-02-14 15:38:04 - [TEST_STEP][PASSED] - takeScreenshot(): Taking screenshot successfully

2022-02-14 15:38:05 - [MESSAGE][PASSED] - Taking screenshot successfully
[[ATTACHMENT|/home/intersoft-admin/Rattan/Bash/Training/Rattan/Final_testing/New_ActivityOverview/Reports/20220214_115757/CancelOrder-CopiedURL/20220214_115826/1644833284898.png]]

2022-02-14 15:38:05 - [TEST_STEP][PASSED] - orderId = findWebElement(findTestObject("Object Repository/GetOrderID/GetOrderID", ["position":refund])).getAttribute("data-order_id"): null

2022-02-14 15:38:05 - [TEST_STEP][PASSED] - orderId = orderId: null

2022-02-14 15:38:05 - [TEST_STEP][PASSED] - logInfo(Order ID: $orderId): Order ID: 164431915560802

2022-02-14 15:38:05 - [MESSAGE][INFO] - Order ID: 164431915560802

2022-02-14 15:38:05 - [TEST_STEP][PASSED] - click(findTestObject("Object Repository/GetOrderID/GetOrderID", ["position":refund])): Object: 'Object Repository/GetOrderID/GetOrderID' is clicked on

2022-02-14 15:38:08 - [MESSAGE][PASSED] - Object: 'Object Repository/GetOrderID/GetOrderID' is clicked on

2022-02-14 15:38:08 - [TEST_STEP][PASSED] - delay(20): Delayed 20 second(s)

2022-02-14 15:38:28 - [MESSAGE][PASSED] - Delayed 20 second(s)

2022-02-14 15:38:28 - [TEST_STEP][PASSED] - takeScreenshot(): Taking screenshot successfully

2022-02-14 15:38:28 - [MESSAGE][PASSED] - Taking screenshot successfully
[[ATTACHMENT|/home/intersoft-admin/Rattan/Bash/Training/Rattan/Final_testing/New_ActivityOverview/Reports/20220214_115757/CancelOrder-CopiedURL/20220214_115826/1644833308268.png]]

2022-02-14 15:38:28 - [TEST_STEP][PASSED] - callTestCase(findTestCase("Test Cases/StepToReUse/StepTOCopyURLAndAddAnotherTab"), [:], CONTINUE_ON_FAILURE): Call Test Case 'Test Cases/StepToReUse/StepTOCopyURLAndAddAnotherTab' successfully

2022-02-14 15:38:28 - [TEST_CASE][PASSED] - Test Cases/StepToReUse/StepTOCopyURLAndAddAnotherTab: Test Cases/StepToReUse/StepTOCopyURLAndAddAnotherTab

2022-02-14 15:38:28 - [TEST_STEP][PASSED] - click(findTestObject("Object Repository/Header/Preview/ClickOnPreviewIcon")): Object: 'Object Repository/Header/Preview/ClickOnPreviewIcon' is clicked on

2022-02-14 15:38:31 - [MESSAGE][PASSED] - Object: 'Object Repository/Header/Preview/ClickOnPreviewIcon' is clicked on

2022-02-14 15:38:31 - [TEST_STEP][PASSED] - delay(10): Delayed 10 second(s)

2022-02-14 15:38:41 - [MESSAGE][PASSED] - Delayed 10 second(s)

2022-02-14 15:38:41 - [TEST_STEP][PASSED] - takeScreenshot(): Taking screenshot successfully

2022-02-14 15:38:41 - [MESSAGE][PASSED] - Taking screenshot successfully
[[ATTACHMENT|/home/intersoft-admin/Rattan/Bash/Training/Rattan/Final_testing/New_ActivityOverview/Reports/20220214_115757/CancelOrder-CopiedURL/20220214_115826/1644833321660.png]]

2022-02-14 15:38:41 - [TEST_STEP][PASSED] - click(findTestObject("Object Repository/Header/Preview/PrintVoucher")): Object: 'Object Repository/Header/Preview/PrintVoucher' is clicked on

2022-02-14 15:38:44 - [MESSAGE][PASSED] - Object: 'Object Repository/Header/Preview/PrintVoucher' is clicked on

2022-02-14 15:38:44 - [TEST_STEP][PASSED] - delay(10): Delayed 10 second(s)

2022-02-14 15:38:54 - [MESSAGE][PASSED] - Delayed 10 second(s)

2022-02-14 15:38:54 - [TEST_STEP][PASSED] - takeScreenshot(): Taking screenshot successfully

2022-02-14 15:38:55 - [MESSAGE][PASSED] - Taking screenshot successfully
[[ATTACHMENT|/home/intersoft-admin/Rattan/Bash/Training/Rattan/Final_testing/New_ActivityOverview/Reports/20220214_115757/CancelOrder-CopiedURL/20220214_115826/1644833334972.png]]

2022-02-14 15:38:55 - [TEST_STEP][PASSED] - UrlToClick = findWebElement(findTestObject("Object Repository/Header/CopyUrl/CopyUrl")).getAttribute("data-href_url"): null

2022-02-14 15:38:55 - [TEST_STEP][PASSED] - println(UrlToClick): null

2022-02-14 15:38:55 - [TEST_STEP][PASSED] - ActivityUrl = UrlToClick: null

2022-02-14 15:38:55 - [TEST_STEP][PASSED] - switchToWindowIndex(1): Switched to window with index: '1'

2022-02-14 15:38:55 - [MESSAGE][PASSED] - Switched to window with index: '1'

2022-02-14 15:38:55 - [TEST_STEP][PASSED] - delay(5): Delayed 5 second(s)

2022-02-14 15:39:00 - [MESSAGE][PASSED] - Delayed 5 second(s)

2022-02-14 15:39:00 - [TEST_STEP][PASSED] - navigateToUrl(ActivityUrl): Navigate to 'https://activity.test-prio.com/orders/164431915560802' successfully

2022-02-14 15:39:04 - [MESSAGE][PASSED] - Navigate to 'https://activity.test-prio.com/orders/164431915560802' successfully

2022-02-14 15:39:04 - [TEST_STEP][PASSED] - takeScreenshot(): Taking screenshot successfully

2022-02-14 15:39:05 - [MESSAGE][PASSED] - Taking screenshot successfully
[[ATTACHMENT|/home/intersoft-admin/Rattan/Bash/Training/Rattan/Final_testing/New_ActivityOverview/Reports/20220214_115757/CancelOrder-CopiedURL/20220214_115826/1644833345072.png]]

2022-02-14 15:39:05 - [TEST_STEP][PASSED] - switchToDefaultContent(): null

2022-02-14 15:39:05 - [MESSAGE][PASSED] - Call Test Case 'Test Cases/StepToReUse/StepTOCopyURLAndAddAnotherTab' successfully

2022-02-14 15:39:05 - [TEST_STEP][PASSED] - callTestCase(findTestCase("Test Cases/StepToReUse/ActivityOverview-CancelOrder"), [:], CONTINUE_ON_FAILURE): Call Test Case 'Test Cases/StepToReUse/ActivityOverview-CancelOrder' successfully

2022-02-14 15:39:05 - [TEST_CASE][PASSED] - Test Cases/StepToReUse/ActivityOverview-CancelOrder: Test Cases/StepToReUse/ActivityOverview-CancelOrder

2022-02-14 15:39:05 - [TEST_STEP][PASSED] - logInfo(Refund Value: $GlobalVariable.refundvalue): Refund Value: 78

2022-02-14 15:39:05 - [MESSAGE][INFO] - Refund Value: 78

2022-02-14 15:39:05 - [TEST_STEP][PASSED] - if (waitForElementClickable(findTestObject("Object Repository/CancelAndRefund/CancelOrderButton"), 15) == true): null

2022-02-14 15:39:05 - [MESSAGE][PASSED] - Object 'Object Repository/CancelAndRefund/CancelOrderButton' is clickable

2022-02-14 15:39:05 - [TEST_STEP][PASSED] - scrollToElement(findTestObject("Object Repository/CancelAndRefund/CancelOrderButton"), 15): Scroll to object 'Object Repository/CancelAndRefund/CancelOrderButton' successfully

2022-02-14 15:39:05 - [MESSAGE][PASSED] - Scroll to object 'Object Repository/CancelAndRefund/CancelOrderButton' successfully

2022-02-14 15:39:05 - [TEST_STEP][PASSED] - click(findTestObject("Object Repository/CancelAndRefund/CancelOrderButton")): Object: 'Object Repository/CancelAndRefund/CancelOrderButton' is clicked on

2022-02-14 15:39:09 - [MESSAGE][PASSED] - Object: 'Object Repository/CancelAndRefund/CancelOrderButton' is clicked on

2022-02-14 15:39:09 - [TEST_STEP][PASSED] - delay(3): Delayed 3 second(s)

2022-02-14 15:39:12 - [MESSAGE][PASSED] - Delayed 3 second(s)

2022-02-14 15:39:12 - [TEST_STEP][PASSED] - takeScreenshot(): Taking screenshot successfully

2022-02-14 15:39:12 - [MESSAGE][PASSED] - Taking screenshot successfully
[[ATTACHMENT|/home/intersoft-admin/Rattan/Bash/Training/Rattan/Final_testing/New_ActivityOverview/Reports/20220214_115757/CancelOrder-CopiedURL/20220214_115826/1644833352419.png]]

2022-02-14 15:39:12 - [TEST_STEP][PASSED] - if (waitForElementClickable(findTestObject("Object Repository/CancelAndRefund/CancelButton - OnRefundPop-up"), 15) == true): null

2022-02-14 15:39:12 - [MESSAGE][PASSED] - Object 'Object Repository/CancelAndRefund/CancelButton - OnRefundPop-up' is clickable

2022-02-14 15:39:12 - [TEST_STEP][PASSED] - click(findTestObject("Object Repository/CancelAndRefund/CancelButton - OnRefundPop-up")): Object: 'Object Repository/CancelAndRefund/CancelButton - OnRefundPop-up' is clicked on

2022-02-14 15:39:16 - [MESSAGE][PASSED] - Object: 'Object Repository/CancelAndRefund/CancelButton - OnRefundPop-up' is clicked on

2022-02-14 15:39:16 - [TEST_STEP][PASSED] - delay(3): Delayed 3 second(s)

2022-02-14 15:39:19 - [MESSAGE][PASSED] - Delayed 3 second(s)

2022-02-14 15:39:19 - [TEST_STEP][PASSED] - takeScreenshot(): Taking screenshot successfully

2022-02-14 15:39:19 - [MESSAGE][PASSED] - Taking screenshot successfully
[[ATTACHMENT|/home/intersoft-admin/Rattan/Bash/Training/Rattan/Final_testing/New_ActivityOverview/Reports/20220214_115757/CancelOrder-CopiedURL/20220214_115826/1644833359315.png]]

2022-02-14 15:39:19 - [TEST_STEP][PASSED] - click(findTestObject("Object Repository/CancelAndRefund/CancelOrderButton")): Object: 'Object Repository/CancelAndRefund/CancelOrderButton' is clicked on

2022-02-14 15:39:22 - [MESSAGE][PASSED] - Object: 'Object Repository/CancelAndRefund/CancelOrderButton' is clicked on

2022-02-14 15:39:22 - [TEST_STEP][PASSED] - if (refundvalue < 4): null

2022-02-14 15:39:22 - [TEST_STEP][PASSED] - if (refundvalue <= 6 && refundvalue >= 4): null

2022-02-14 15:39:22 - [TEST_STEP][PASSED] - if (refundvalue > 6): Object 'Object Repository/CancelAndRefund/RefundOptionRadio' is not visible after 15 second(s)

2022-02-14 15:39:22 - [TEST_STEP][PASSED] - if (waitForElementVisible(findTestObject("Object Repository/CancelAndRefund/RefundOptionRadio"), 15) == true): Object 'Object Repository/CancelAndRefund/RefundOptionRadio' is not visible after 15 second(s)

2022-02-14 15:39:38 - [MESSAGE][WARNING] - Object 'Object Repository/CancelAndRefund/RefundOptionRadio' is not visible after 15 second(s)

2022-02-14 15:39:38 - [TEST_STEP][PASSED] - setText(findTestObject("Object Repository/CancelAndRefund/ReasonForCancellation"), CancellationReason): Text 'Order Refunded to Test Automation Testing Under Katalon' is set on object 'Object Repository/CancelAndRefund/ReasonForCancellation'

2022-02-14 15:39:45 - [MESSAGE][PASSED] - Text 'Order Refunded to Test Automation Testing Under Katalon' is set on object 'Object Repository/CancelAndRefund/ReasonForCancellation'

2022-02-14 15:39:45 - [TEST_STEP][PASSED] - click(findTestObject("Object Repository/CancelAndRefund/ConfirmCancellationButton")): Object: 'Object Repository/CancelAndRefund/ConfirmCancellationButton' is clicked on

2022-02-14 15:39:48 - [MESSAGE][PASSED] - Object: 'Object Repository/CancelAndRefund/ConfirmCancellationButton' is clicked on

2022-02-14 15:39:48 - [TEST_STEP][PASSED] - delay(3): Delayed 3 second(s)

2022-02-14 15:39:51 - [MESSAGE][PASSED] - Delayed 3 second(s)

2022-02-14 15:39:51 - [TEST_STEP][PASSED] - takeScreenshot(): Taking screenshot successfully

2022-02-14 15:39:51 - [MESSAGE][PASSED] - Taking screenshot successfully
[[ATTACHMENT|/home/intersoft-admin/Rattan/Bash/Training/Rattan/Final_testing/New_ActivityOverview/Reports/20220214_115757/CancelOrder-CopiedURL/20220214_115826/1644833391601.png]]

2022-02-14 15:39:51 - [MESSAGE][PASSED] - Call Test Case 'Test Cases/StepToReUse/ActivityOverview-CancelOrder' successfully

2022-02-14 15:39:51 - [TEST_STEP][PASSED] - switchToWindowIndex(0): Switched to window with index: '0'

2022-02-14 15:39:51 - [MESSAGE][PASSED] - Switched to window with index: '0'

2022-02-14 15:39:51 - [TEST_STEP][PASSED] - delay(13): Delayed 13 second(s)

2022-02-14 15:40:04 - [MESSAGE][PASSED] - Delayed 13 second(s)

2022-02-14 15:40:04 - [TEST_STEP][PASSED] - switchToFrame(findTestObject("Object Repository/Iframe/NewActivityOverviewIframe"), 5): null

2022-02-14 15:40:05 - [TEST_STEP][PASSED] - click(findTestObject("Object Repository/DetailPop-up/Backbutton/BackButtonToListing")): Object: 'Object Repository/DetailPop-up/Backbutton/BackButtonToListing' is clicked on

2022-02-14 15:40:08 - [MESSAGE][PASSED] - Object: 'Object Repository/DetailPop-up/Backbutton/BackButtonToListing' is clicked on

2022-02-14 15:40:08 - [TEST_STEP][PASSED] - delay(13): Delayed 13 second(s)

2022-02-14 15:40:21 - [MESSAGE][PASSED] - Delayed 13 second(s)

2022-02-14 15:40:21 - [TEST_STEP][PASSED] - if (l <= 5): null

2022-02-14 15:40:21 - [TEST_STEP][PASSED] - paginationvalue = l: null

2022-02-14 15:40:21 - [TEST_STEP][PASSED] - if (l > 5): null

2022-02-14 15:40:21 - [TEST_STEP][PASSED] - logInfo(Size of Pagination: $paginationvalue): Size of Pagination: 5

2022-02-14 15:40:21 - [MESSAGE][INFO] - Size of Pagination: 5

2022-02-14 15:40:21 - [TEST_STEP][PASSED] - click(findTestObject("Object Repository/PaginationCOunt/ClickOnPagination", ["pagination":paginationvalue])): Object: 'Object Repository/PaginationCOunt/ClickOnPagination' is clicked on

2022-02-14 15:40:24 - [MESSAGE][PASSED] - Object: 'Object Repository/PaginationCOunt/ClickOnPagination' is clicked on

2022-02-14 15:40:24 - [TEST_STEP][PASSED] - delay(20): Delayed 20 second(s)

2022-02-14 15:40:44 - [MESSAGE][PASSED] - Delayed 20 second(s)

2022-02-14 15:40:44 - [TEST_STEP][PASSED] - takeScreenshot(): Taking screenshot successfully

2022-02-14 15:40:44 - [MESSAGE][PASSED] - Taking screenshot successfully
[[ATTACHMENT|/home/intersoft-admin/Rattan/Bash/Training/Rattan/Final_testing/New_ActivityOverview/Reports/20220214_115757/CancelOrder-CopiedURL/20220214_115826/1644833444588.png]]

2022-02-14 15:40:44 - [TEST_STEP][PASSED] - SizeofActiveBookings = findWebElements(findTestObject("Object Repository/CancelAndRefund/OrderListWithoutRefundedStatus"), 5).size(): null

2022-02-14 15:40:44 - [TEST_STEP][PASSED] - logInfo(Size of Active Bookings: $SizeofActiveBookings): Size of Active Bookings: 94

2022-02-14 15:40:44 - [MESSAGE][INFO] - Size of Active Bookings: 94

2022-02-14 15:40:44 - [TEST_STEP][PASSED] - for ([refund = 1, refund < SizeofActiveBookings, (refund++)]): Call Test Case 'Test Cases/StepToReUse/ActivityOverview-CancelOrder' successfully

2022-02-14 15:40:44 - [TEST_STEP][PASSED] - if (refund == 1): null

2022-02-14 15:40:44 - [TEST_STEP][PASSED] - refund = SizeofActiveBookings: null

2022-02-14 15:40:44 - [TEST_STEP][PASSED] - refundvalue = refund: null

2022-02-14 15:40:44 - [TEST_STEP][PASSED] - logInfo(Size of refund booking: $refund): Size of refund booking: 94

2022-02-14 15:40:44 - [MESSAGE][INFO] - Size of refund booking: 94

2022-02-14 15:40:44 - [TEST_STEP][PASSED] - scrollToElement(findTestObject("Object Repository/CancelAndRefund/OrderListWithoutRefundedStatus - Click", ["position":refund]), 15): Scroll to object 'Object Repository/CancelAndRefund/OrderListWithoutRefundedStatus - Click' successfully

2022-02-14 15:40:44 - [MESSAGE][PASSED] - Scroll to object 'Object Repository/CancelAndRefund/OrderListWithoutRefundedStatus - Click' successfully

2022-02-14 15:40:44 - [TEST_STEP][PASSED] - takeScreenshot(): Taking screenshot successfully

2022-02-14 15:40:44 - [MESSAGE][PASSED] - Taking screenshot successfully
[[ATTACHMENT|/home/intersoft-admin/Rattan/Bash/Training/Rattan/Final_testing/New_ActivityOverview/Reports/20220214_115757/CancelOrder-CopiedURL/20220214_115826/1644833444872.png]]

2022-02-14 15:40:44 - [TEST_STEP][PASSED] - orderId = findWebElement(findTestObject("Object Repository/GetOrderID/GetOrderID", ["position":refund])).getAttribute("data-order_id"): null

2022-02-14 15:40:45 - [TEST_STEP][PASSED] - orderId = orderId: null

2022-02-14 15:40:45 - [TEST_STEP][PASSED] - logInfo(Order ID: $orderId): Order ID: 164422785406716

2022-02-14 15:40:45 - [MESSAGE][INFO] - Order ID: 164422785406716

2022-02-14 15:40:45 - [TEST_STEP][PASSED] - click(findTestObject("Object Repository/GetOrderID/GetOrderID", ["position":refund])): Object: 'Object Repository/GetOrderID/GetOrderID' is clicked on

2022-02-14 15:40:48 - [MESSAGE][PASSED] - Object: 'Object Repository/GetOrderID/GetOrderID' is clicked on

2022-02-14 15:40:48 - [TEST_STEP][PASSED] - delay(20): Delayed 20 second(s)

2022-02-14 15:41:08 - [MESSAGE][PASSED] - Delayed 20 second(s)

2022-02-14 15:41:08 - [TEST_STEP][PASSED] - takeScreenshot(): Taking screenshot successfully

2022-02-14 15:41:08 - [MESSAGE][PASSED] - Taking screenshot successfully
[[ATTACHMENT|/home/intersoft-admin/Rattan/Bash/Training/Rattan/Final_testing/New_ActivityOverview/Reports/20220214_115757/CancelOrder-CopiedURL/20220214_115826/1644833468221.png]]

2022-02-14 15:41:08 - [TEST_STEP][PASSED] - callTestCase(findTestCase("Test Cases/StepToReUse/StepTOCopyURLAndAddAnotherTab"), [:], CONTINUE_ON_FAILURE): Call Test Case 'Test Cases/StepToReUse/StepTOCopyURLAndAddAnotherTab' successfully

2022-02-14 15:41:08 - [TEST_CASE][PASSED] - Test Cases/StepToReUse/StepTOCopyURLAndAddAnotherTab: Test Cases/StepToReUse/StepTOCopyURLAndAddAnotherTab

2022-02-14 15:41:08 - [TEST_STEP][PASSED] - click(findTestObject("Object Repository/Header/Preview/ClickOnPreviewIcon")): Object: 'Object Repository/Header/Preview/ClickOnPreviewIcon' is clicked on

2022-02-14 15:41:11 - [MESSAGE][PASSED] - Object: 'Object Repository/Header/Preview/ClickOnPreviewIcon' is clicked on

2022-02-14 15:41:11 - [TEST_STEP][PASSED] - delay(10): Delayed 10 second(s)

2022-02-14 15:41:21 - [MESSAGE][PASSED] - Delayed 10 second(s)

2022-02-14 15:41:21 - [TEST_STEP][PASSED] - takeScreenshot(): Taking screenshot successfully

2022-02-14 15:41:21 - [MESSAGE][PASSED] - Taking screenshot successfully
[[ATTACHMENT|/home/intersoft-admin/Rattan/Bash/Training/Rattan/Final_testing/New_ActivityOverview/Reports/20220214_115757/CancelOrder-CopiedURL/20220214_115826/1644833481574.png]]

2022-02-14 15:41:21 - [TEST_STEP][PASSED] - click(findTestObject("Object Repository/Header/Preview/PrintVoucher")): Object: 'Object Repository/Header/Preview/PrintVoucher' is clicked on

2022-02-14 15:41:24 - [MESSAGE][PASSED] - Object: 'Object Repository/Header/Preview/PrintVoucher' is clicked on

2022-02-14 15:41:24 - [TEST_STEP][PASSED] - delay(10): Delayed 10 second(s)

2022-02-14 15:41:34 - [MESSAGE][PASSED] - Delayed 10 second(s)

2022-02-14 15:41:34 - [TEST_STEP][PASSED] - takeScreenshot(): Taking screenshot successfully

2022-02-14 15:41:35 - [MESSAGE][PASSED] - Taking screenshot successfully
[[ATTACHMENT|/home/intersoft-admin/Rattan/Bash/Training/Rattan/Final_testing/New_ActivityOverview/Reports/20220214_115757/CancelOrder-CopiedURL/20220214_115826/1644833494882.png]]

2022-02-14 15:41:35 - [TEST_STEP][PASSED] - UrlToClick = findWebElement(findTestObject("Object Repository/Header/CopyUrl/CopyUrl")).getAttribute("data-href_url"): null

2022-02-14 15:41:35 - [TEST_STEP][PASSED] - println(UrlToClick): null

2022-02-14 15:41:35 - [TEST_STEP][PASSED] - ActivityUrl = UrlToClick: null

2022-02-14 15:41:35 - [TEST_STEP][PASSED] - switchToWindowIndex(1): Switched to window with index: '1'

2022-02-14 15:41:35 - [MESSAGE][PASSED] - Switched to window with index: '1'

2022-02-14 15:41:35 - [TEST_STEP][PASSED] - delay(5): Delayed 5 second(s)

2022-02-14 15:41:40 - [MESSAGE][PASSED] - Delayed 5 second(s)

2022-02-14 15:41:40 - [TEST_STEP][PASSED] - navigateToUrl(ActivityUrl): Navigate to 'https://activity.test-prio.com/orders/164422785406716' successfully

2022-02-14 15:41:44 - [MESSAGE][PASSED] - Navigate to 'https://activity.test-prio.com/orders/164422785406716' successfully

2022-02-14 15:41:44 - [TEST_STEP][PASSED] - takeScreenshot(): Taking screenshot successfully

2022-02-14 15:41:45 - [MESSAGE][PASSED] - Taking screenshot successfully
[[ATTACHMENT|/home/intersoft-admin/Rattan/Bash/Training/Rattan/Final_testing/New_ActivityOverview/Reports/20220214_115757/CancelOrder-CopiedURL/20220214_115826/1644833505151.png]]

2022-02-14 15:41:45 - [TEST_STEP][PASSED] - switchToDefaultContent(): null

2022-02-14 15:41:45 - [MESSAGE][PASSED] - Call Test Case 'Test Cases/StepToReUse/StepTOCopyURLAndAddAnotherTab' successfully

2022-02-14 15:41:45 - [TEST_STEP][PASSED] - callTestCase(findTestCase("Test Cases/StepToReUse/ActivityOverview-CancelOrder"), [:], CONTINUE_ON_FAILURE): Call Test Case 'Test Cases/StepToReUse/ActivityOverview-CancelOrder' successfully

2022-02-14 15:41:45 - [TEST_CASE][PASSED] - Test Cases/StepToReUse/ActivityOverview-CancelOrder: Test Cases/StepToReUse/ActivityOverview-CancelOrder

2022-02-14 15:41:45 - [TEST_STEP][PASSED] - logInfo(Refund Value: $GlobalVariable.refundvalue): Refund Value: 94

2022-02-14 15:41:45 - [MESSAGE][INFO] - Refund Value: 94

2022-02-14 15:41:45 - [TEST_STEP][PASSED] - if (waitForElementClickable(findTestObject("Object Repository/CancelAndRefund/CancelOrderButton"), 15) == true): null

2022-02-14 15:41:45 - [MESSAGE][PASSED] - Object 'Object Repository/CancelAndRefund/CancelOrderButton' is clickable

2022-02-14 15:41:45 - [TEST_STEP][PASSED] - scrollToElement(findTestObject("Object Repository/CancelAndRefund/CancelOrderButton"), 15): Scroll to object 'Object Repository/CancelAndRefund/CancelOrderButton' successfully

2022-02-14 15:41:45 - [MESSAGE][PASSED] - Scroll to object 'Object Repository/CancelAndRefund/CancelOrderButton' successfully

2022-02-14 15:41:45 - [TEST_STEP][PASSED] - click(findTestObject("Object Repository/CancelAndRefund/CancelOrderButton")): Object: 'Object Repository/CancelAndRefund/CancelOrderButton' is clicked on

2022-02-14 15:41:49 - [MESSAGE][PASSED] - Object: 'Object Repository/CancelAndRefund/CancelOrderButton' is clicked on

2022-02-14 15:41:49 - [TEST_STEP][PASSED] - delay(3): Delayed 3 second(s)

2022-02-14 15:41:52 - [MESSAGE][PASSED] - Delayed 3 second(s)

2022-02-14 15:41:52 - [TEST_STEP][PASSED] - takeScreenshot(): Taking screenshot successfully

2022-02-14 15:41:52 - [MESSAGE][PASSED] - Taking screenshot successfully
[[ATTACHMENT|/home/intersoft-admin/Rattan/Bash/Training/Rattan/Final_testing/New_ActivityOverview/Reports/20220214_115757/CancelOrder-CopiedURL/20220214_115826/1644833512490.png]]

2022-02-14 15:41:52 - [TEST_STEP][PASSED] - if (waitForElementClickable(findTestObject("Object Repository/CancelAndRefund/CancelButton - OnRefundPop-up"), 15) == true): null

2022-02-14 15:41:52 - [MESSAGE][PASSED] - Object 'Object Repository/CancelAndRefund/CancelButton - OnRefundPop-up' is clickable

2022-02-14 15:41:52 - [TEST_STEP][PASSED] - click(findTestObject("Object Repository/CancelAndRefund/CancelButton - OnRefundPop-up")): Object: 'Object Repository/CancelAndRefund/CancelButton - OnRefundPop-up' is clicked on

2022-02-14 15:41:56 - [MESSAGE][PASSED] - Object: 'Object Repository/CancelAndRefund/CancelButton - OnRefundPop-up' is clicked on

2022-02-14 15:41:56 - [TEST_STEP][PASSED] - delay(3): Delayed 3 second(s)

2022-02-14 15:41:59 - [MESSAGE][PASSED] - Delayed 3 second(s)

2022-02-14 15:41:59 - [TEST_STEP][PASSED] - takeScreenshot(): Taking screenshot successfully

2022-02-14 15:41:59 - [MESSAGE][PASSED] - Taking screenshot successfully
[[ATTACHMENT|/home/intersoft-admin/Rattan/Bash/Training/Rattan/Final_testing/New_ActivityOverview/Reports/20220214_115757/CancelOrder-CopiedURL/20220214_115826/1644833519398.png]]

2022-02-14 15:41:59 - [TEST_STEP][PASSED] - click(findTestObject("Object Repository/CancelAndRefund/CancelOrderButton")): Object: 'Object Repository/CancelAndRefund/CancelOrderButton' is clicked on

2022-02-14 15:42:02 - [MESSAGE][PASSED] - Object: 'Object Repository/CancelAndRefund/CancelOrderButton' is clicked on

2022-02-14 15:42:02 - [TEST_STEP][PASSED] - if (refundvalue < 4): null

2022-02-14 15:42:02 - [TEST_STEP][PASSED] - if (refundvalue <= 6 && refundvalue >= 4): null

2022-02-14 15:42:02 - [TEST_STEP][PASSED] - if (refundvalue > 6): Object 'Object Repository/CancelAndRefund/RefundOptionRadio' is not visible after 15 second(s)

2022-02-14 15:42:02 - [TEST_STEP][PASSED] - if (waitForElementVisible(findTestObject("Object Repository/CancelAndRefund/RefundOptionRadio"), 15) == true): Object 'Object Repository/CancelAndRefund/RefundOptionRadio' is not visible after 15 second(s)

2022-02-14 15:42:18 - [MESSAGE][WARNING] - Object 'Object Repository/CancelAndRefund/RefundOptionRadio' is not visible after 15 second(s)

2022-02-14 15:42:18 - [TEST_STEP][PASSED] - setText(findTestObject("Object Repository/CancelAndRefund/ReasonForCancellation"), CancellationReason): Text 'Order Refunded to Test Automation Testing Under Katalon' is set on object 'Object Repository/CancelAndRefund/ReasonForCancellation'

2022-02-14 15:42:25 - [MESSAGE][PASSED] - Text 'Order Refunded to Test Automation Testing Under Katalon' is set on object 'Object Repository/CancelAndRefund/ReasonForCancellation'

2022-02-14 15:42:25 - [TEST_STEP][PASSED] - click(findTestObject("Object Repository/CancelAndRefund/ConfirmCancellationButton")): Object: 'Object Repository/CancelAndRefund/ConfirmCancellationButton' is clicked on

2022-02-14 15:42:28 - [MESSAGE][PASSED] - Object: 'Object Repository/CancelAndRefund/ConfirmCancellationButton' is clicked on

2022-02-14 15:42:28 - [TEST_STEP][PASSED] - delay(3): Delayed 3 second(s)

2022-02-14 15:42:31 - [MESSAGE][PASSED] - Delayed 3 second(s)

2022-02-14 15:42:31 - [TEST_STEP][PASSED] - takeScreenshot(): Taking screenshot successfully

2022-02-14 15:42:31 - [MESSAGE][PASSED] - Taking screenshot successfully
[[ATTACHMENT|/home/intersoft-admin/Rattan/Bash/Training/Rattan/Final_testing/New_ActivityOverview/Reports/20220214_115757/CancelOrder-CopiedURL/20220214_115826/1644833551689.png]]

2022-02-14 15:42:31 - [MESSAGE][PASSED] - Call Test Case 'Test Cases/StepToReUse/ActivityOverview-CancelOrder' successfully

2022-02-14 15:42:31 - [TEST_STEP][PASSED] - switchToWindowIndex(0): Switched to window with index: '0'

2022-02-14 15:42:31 - [MESSAGE][PASSED] - Switched to window with index: '0'

2022-02-14 15:42:31 - [TEST_STEP][PASSED] - delay(13): Delayed 13 second(s)

2022-02-14 15:42:44 - [MESSAGE][PASSED] - Delayed 13 second(s)

2022-02-14 15:42:44 - [TEST_STEP][PASSED] - switchToFrame(findTestObject("Object Repository/Iframe/NewActivityOverviewIframe"), 5): null

2022-02-14 15:42:45 - [TEST_STEP][PASSED] - click(findTestObject("Object Repository/DetailPop-up/Backbutton/BackButtonToListing")): Object: 'Object Repository/DetailPop-up/Backbutton/BackButtonToListing' is clicked on

2022-02-14 15:42:48 - [MESSAGE][PASSED] - Object: 'Object Repository/DetailPop-up/Backbutton/BackButtonToListing' is clicked on

2022-02-14 15:42:48 - [TEST_STEP][PASSED] - delay(13): Delayed 13 second(s)

2022-02-14 15:43:01 - [MESSAGE][PASSED] - Delayed 13 second(s)]]></system-out>
         <system-err><![CDATA[]]></system-err>
      </testcase>
      <system-out><![CDATA[2022-02-14 15:28:16 - [TEST_SUITE][PASSED] - CancelOrder-CopiedURL: Test Cases/NewActivityOverview-LeftNavigation/ActivityOverview-CancelOrder-GetOrderIDAndRefund - CopiedURL]]></system-out>
      <system-err><![CDATA[]]></system-err>
   </testsuite>
</testsuites>
