<?xml version="1.0" encoding="UTF-8"?>
<testsuites name="ActivityOverview-FiltersAndColumns" time="241.767" tests="1" failures="0" errors="0">
   <testsuite name="ActivityOverview-FiltersAndColumns" tests="1" failures="0" errors="0" time="241.767" skipped="0" timestamp="2022-02-11 22:18:24" hostname="intersoft-admin - DESKTOP-ANQSRIJ" id="Test Suites/ActivityOverview-FiltersAndColumns">
      <properties>
         <property name="deviceName" value=""/>
         <property name="devicePlatform" value=""/>
         <property name="logFolder" value="D:\\xampp\\htdocs\\training\\Training\\Rattan\\Final_testing\\New_ActivityOverview\\Reports\\20220211_221705\\ActivityOverview-FiltersAndColumns\\20220211_221709"/>
         <property name="logFiles" value="D:\\xampp\\htdocs\\training\\Training\\Rattan\\Final_testing\\New_ActivityOverview\\Reports\\20220211_221705\\ActivityOverview-FiltersAndColumns\\20220211_221709\\execution0.log"/>
         <property name="attachments" value="D:\\xampp\\htdocs\\training\\Training\\Rattan\\Final_testing\\New_ActivityOverview\\Reports\\20220211_221705\\ActivityOverview-FiltersAndColumns\\20220211_221709\\1644598153359.png, D:\\xampp\\htdocs\\training\\Training\\Rattan\\Final_testing\\New_ActivityOverview\\Reports\\20220211_221705\\ActivityOverview-FiltersAndColumns\\20220211_221709\\1644598192737.png, D:\\xampp\\htdocs\\training\\Training\\Rattan\\Final_testing\\New_ActivityOverview\\Reports\\20220211_221705\\ActivityOverview-FiltersAndColumns\\20220211_221709\\1644598216086.png, D:\\xampp\\htdocs\\training\\Training\\Rattan\\Final_testing\\New_ActivityOverview\\Reports\\20220211_221705\\ActivityOverview-FiltersAndColumns\\20220211_221709\\1644598227054.png, D:\\xampp\\htdocs\\training\\Training\\Rattan\\Final_testing\\New_ActivityOverview\\Reports\\20220211_221705\\ActivityOverview-FiltersAndColumns\\20220211_221709\\1644598231653.png, D:\\xampp\\htdocs\\training\\Training\\Rattan\\Final_testing\\New_ActivityOverview\\Reports\\20220211_221705\\ActivityOverview-FiltersAndColumns\\20220211_221709\\1644598241159.png, D:\\xampp\\htdocs\\training\\Training\\Rattan\\Final_testing\\New_ActivityOverview\\Reports\\20220211_221705\\ActivityOverview-FiltersAndColumns\\20220211_221709\\1644598248473.png, D:\\xampp\\htdocs\\training\\Training\\Rattan\\Final_testing\\New_ActivityOverview\\Reports\\20220211_221705\\ActivityOverview-FiltersAndColumns\\20220211_221709\\1644598254106.png, D:\\xampp\\htdocs\\training\\Training\\Rattan\\Final_testing\\New_ActivityOverview\\Reports\\20220211_221705\\ActivityOverview-FiltersAndColumns\\20220211_221709\\1644598261231.png, D:\\xampp\\htdocs\\training\\Training\\Rattan\\Final_testing\\New_ActivityOverview\\Reports\\20220211_221705\\ActivityOverview-FiltersAndColumns\\20220211_221709\\1644598268219.png, D:\\xampp\\htdocs\\training\\Training\\Rattan\\Final_testing\\New_ActivityOverview\\Reports\\20220211_221705\\ActivityOverview-FiltersAndColumns\\20220211_221709\\1644598272403.png, D:\\xampp\\htdocs\\training\\Training\\Rattan\\Final_testing\\New_ActivityOverview\\Reports\\20220211_221705\\ActivityOverview-FiltersAndColumns\\20220211_221709\\1644598276075.png, D:\\xampp\\htdocs\\training\\Training\\Rattan\\Final_testing\\New_ActivityOverview\\Reports\\20220211_221705\\ActivityOverview-FiltersAndColumns\\20220211_221709\\1644598279772.png, D:\\xampp\\htdocs\\training\\Training\\Rattan\\Final_testing\\New_ActivityOverview\\Reports\\20220211_221705\\ActivityOverview-FiltersAndColumns\\20220211_221709\\1644598283354.png, D:\\xampp\\htdocs\\training\\Training\\Rattan\\Final_testing\\New_ActivityOverview\\Reports\\20220211_221705\\ActivityOverview-FiltersAndColumns\\20220211_221709\\1644598303346.png, D:\\xampp\\htdocs\\training\\Training\\Rattan\\Final_testing\\New_ActivityOverview\\Reports\\20220211_221705\\ActivityOverview-FiltersAndColumns\\20220211_221709\\1644598307396.png, D:\\xampp\\htdocs\\training\\Training\\Rattan\\Final_testing\\New_ActivityOverview\\Reports\\20220211_221705\\ActivityOverview-FiltersAndColumns\\20220211_221709\\1644598311453.png, D:\\xampp\\htdocs\\training\\Training\\Rattan\\Final_testing\\New_ActivityOverview\\Reports\\20220211_221705\\ActivityOverview-FiltersAndColumns\\20220211_221709\\1644598315111.png, D:\\xampp\\htdocs\\training\\Training\\Rattan\\Final_testing\\New_ActivityOverview\\Reports\\20220211_221705\\ActivityOverview-FiltersAndColumns\\20220211_221709\\1644598318534.png, D:\\xampp\\htdocs\\training\\Training\\Rattan\\Final_testing\\New_ActivityOverview\\Reports\\20220211_221705\\ActivityOverview-FiltersAndColumns\\20220211_221709\\1644598322439.png, D:\\xampp\\htdocs\\training\\Training\\Rattan\\Final_testing\\New_ActivityOverview\\Reports\\20220211_221705\\ActivityOverview-FiltersAndColumns\\20220211_221709\\1644598326014.png, D:\\xampp\\htdocs\\training\\Training\\Rattan\\Final_testing\\New_ActivityOverview\\Reports\\20220211_221705\\ActivityOverview-FiltersAndColumns\\20220211_221709\\1644598329712.png"/>
         <property name="hostName" value="intersoft-admin - DESKTOP-ANQSRIJ"/>
         <property name="os" value="Windows 10 64bit"/>
         <property name="katalonVersion" value="8.2.5.208"/>
         <property name="browser" value="Chrome 98.0.4758.82"/>
         <property name="hostAddress" value="192.168.1.59"/>
         <property name="sessionId" value="32b202e2fb419bf976ee9b0cee2cffef"/>
         <property name="seleniumVersion" value="3.141.59"/>
         <property name="proxyInformation" value="ProxyInformation { proxyOption=NO_PROXY, proxyServerType=HTTP, username=, password=********, proxyServerAddress=, proxyServerPort=0, executionList=&quot;&quot;, isApplyToDesiredCapabilities=true }"/>
         <property name="platform" value="Windows 10"/>
      </properties>
      <testcase name="Test Cases/NewActivityOverview-LeftNavigation/ActivityOverview-ViewFilterAndColumn" time="240.461" classname="Test Cases/NewActivityOverview-LeftNavigation/ActivityOverview-ViewFilterAndColumn" status="PASSED">
         <system-out><![CDATA[2022-02-11 22:18:26 - [TEST_CASE][PASSED] - Test Cases/NewActivityOverview-LeftNavigation/ActivityOverview-ViewFilterAndColumn: Test Cases/NewActivityOverview-LeftNavigation/ActivityOverview-ViewFilterAndColumn

2022-02-11 22:18:28 - [TEST_STEP][PASSED] - callTestCase(findTestCase("LoginWithSuperAdmin/SuperAdmin-Login"), [:], STOP_ON_FAILURE): Call Test Case 'Test Cases/LoginWithSuperAdmin/SuperAdmin-Login' successfully

2022-02-11 22:18:29 - [TEST_CASE][PASSED] - Test Cases/LoginWithSuperAdmin/SuperAdmin-Login: Test Cases/LoginWithSuperAdmin/SuperAdmin-Login

2022-02-11 22:18:29 - [TEST_STEP][PASSED] - openBrowser(""): Browser is opened with url: ''

2022-02-11 22:18:30 - [MESSAGE][INFO] - Starting 'Chrome' driver

2022-02-11 22:18:30 - [MESSAGE][INFO] - Action delay is set to 3,000 milliseconds

2022-02-11 22:18:36 - [MESSAGE][PASSED] - Browser is opened with url: ''

2022-02-11 22:18:36 - [TEST_STEP][PASSED] - setViewPortSize(1920, 1080): Viewport is set to new size with width = 1920 and height = 1080

2022-02-11 22:18:37 - [MESSAGE][PASSED] - Viewport is set to new size with width = 1920 and height = 1080

2022-02-11 22:18:37 - [TEST_STEP][PASSED] - navigateToUrl(URL): Navigate to 'https://marketplacev1.test-prio.com' successfully

2022-02-11 22:18:43 - [MESSAGE][PASSED] - Navigate to 'https://marketplacev1.test-prio.com' successfully

2022-02-11 22:18:43 - [TEST_STEP][PASSED] - delay(3): Delayed 3 second(s)

2022-02-11 22:18:46 - [MESSAGE][PASSED] - Delayed 3 second(s)

2022-02-11 22:18:46 - [TEST_STEP][PASSED] - click(findTestObject("SuperAdmin/Login/input_Email_contact_email")): Object: 'Object Repository/SuperAdmin/Login/input_Email_contact_email' is clicked on

2022-02-11 22:18:52 - [MESSAGE][PASSED] - Object: 'Object Repository/SuperAdmin/Login/input_Email_contact_email' is clicked on

2022-02-11 22:18:52 - [TEST_STEP][PASSED] - setText(findTestObject("SuperAdmin/Login/input_Email_contact_email"), uname): Text 'superadmin@tippoint.com' is set on object 'Object Repository/SuperAdmin/Login/input_Email_contact_email'

2022-02-11 22:19:01 - [MESSAGE][PASSED] - Text 'superadmin@tippoint.com' is set on object 'Object Repository/SuperAdmin/Login/input_Email_contact_email'

2022-02-11 22:19:01 - [TEST_STEP][PASSED] - setEncryptedText(findTestObject("SuperAdmin/Login/input_Password_password"), Password): Text ****** has been set on object 'Object Repository/SuperAdmin/Login/input_Password_password'

2022-02-11 22:19:11 - [MESSAGE][PASSED] - Text ****** has been set on object 'Object Repository/SuperAdmin/Login/input_Password_password'

2022-02-11 22:19:11 - [TEST_STEP][PASSED] - takeScreenshot(): Taking screenshot successfully

2022-02-11 22:19:14 - [MESSAGE][PASSED] - Taking screenshot successfully
[[ATTACHMENT|D:\\xampp\\htdocs\\training\\Training\\Rattan\\Final_testing\\New_ActivityOverview\\Reports\\20220211_221705\\ActivityOverview-FiltersAndColumns\\20220211_221709\\1644598153359.png]]

2022-02-11 22:19:14 - [TEST_STEP][PASSED] - newpackage.clickUsingJS.clickUsingJS(findTestObject("SuperAdmin/Login/button_Sign in"), 5): newpackage.clickUsingJS.clickUsingJS is PASSED

2022-02-11 22:19:17 - [MESSAGE][PASSED] - newpackage.clickUsingJS.clickUsingJS is PASSED

2022-02-11 22:19:17 - [MESSAGE][PASSED] - Call Test Case 'Test Cases/LoginWithSuperAdmin/SuperAdmin-Login' successfully

2022-02-11 22:19:17 - [TEST_STEP][PASSED] - switchToDefaultContent(): null

2022-02-11 22:19:17 - [TEST_STEP][PASSED] - click(findTestObject("SuperAdminLeftNavigation/NewActivityOverview-LeftNavigation")): Object: 'Object Repository/SuperAdminLeftNavigation/NewActivityOverview-LeftNavigation' is clicked on

2022-02-11 22:19:50 - [MESSAGE][PASSED] - Object: 'Object Repository/SuperAdminLeftNavigation/NewActivityOverview-LeftNavigation' is clicked on

2022-02-11 22:19:50 - [TEST_STEP][PASSED] - takeScreenshot(): Taking screenshot successfully

2022-02-11 22:20:03 - [MESSAGE][PASSED] - Taking screenshot successfully
[[ATTACHMENT|D:\\xampp\\htdocs\\training\\Training\\Rattan\\Final_testing\\New_ActivityOverview\\Reports\\20220211_221705\\ActivityOverview-FiltersAndColumns\\20220211_221709\\1644598192737.png]]

2022-02-11 22:20:03 - [TEST_STEP][PASSED] - switchToFrame(findTestObject("Object Repository/Iframe/NewActivityOverviewIframe"), 5): null

2022-02-11 22:20:05 - [TEST_STEP][PASSED] - delay(10): Delayed 10 second(s)

2022-02-11 22:20:16 - [MESSAGE][PASSED] - Delayed 10 second(s)

2022-02-11 22:20:16 - [TEST_STEP][PASSED] - takeScreenshot(): Taking screenshot successfully

2022-02-11 22:20:19 - [MESSAGE][PASSED] - Taking screenshot successfully
[[ATTACHMENT|D:\\xampp\\htdocs\\training\\Training\\Rattan\\Final_testing\\New_ActivityOverview\\Reports\\20220211_221705\\ActivityOverview-FiltersAndColumns\\20220211_221709\\1644598216086.png]]

2022-02-11 22:20:19 - [TEST_STEP][PASSED] - sizeoflisting = findWebElements(findTestObject("ListingArea/ListingContainsData"), 5).size(): null

2022-02-11 22:20:20 - [TEST_STEP][PASSED] - println(sizeoflisting): null

2022-02-11 22:20:20 - [TEST_STEP][PASSED] - logInfo(Size of Order Listing: $sizeoflisting): Size of Order Listing: 11

2022-02-11 22:20:20 - [MESSAGE][INFO] - Size of Order Listing: 11

2022-02-11 22:20:20 - [TEST_STEP][PASSED] - if (sizeoflisting > 2): Delayed 10 second(s)

2022-02-11 22:20:20 - [TEST_STEP][PASSED] - logInfo("Orders Exist in Listing"): Orders Exist in Listing

2022-02-11 22:20:20 - [MESSAGE][INFO] - Orders Exist in Listing

2022-02-11 22:20:20 - [TEST_STEP][PASSED] - click(findTestObject("Object Repository/ListViewIcon/ClickonEyeView")): Object: 'Object Repository/ListViewIcon/ClickonEyeView' is clicked on

2022-02-11 22:20:24 - [MESSAGE][PASSED] - Object: 'Object Repository/ListViewIcon/ClickonEyeView' is clicked on

2022-02-11 22:20:24 - [TEST_STEP][PASSED] - delay(3): Delayed 3 second(s)

2022-02-11 22:20:27 - [MESSAGE][PASSED] - Delayed 3 second(s)

2022-02-11 22:20:27 - [TEST_STEP][PASSED] - takeScreenshot(): Taking screenshot successfully

2022-02-11 22:20:27 - [MESSAGE][PASSED] - Taking screenshot successfully
[[ATTACHMENT|D:\\xampp\\htdocs\\training\\Training\\Rattan\\Final_testing\\New_ActivityOverview\\Reports\\20220211_221705\\ActivityOverview-FiltersAndColumns\\20220211_221709\\1644598227054.png]]

2022-02-11 22:20:27 - [TEST_STEP][PASSED] - click(findTestObject("Object Repository/ListViewIcon/ExtraColumns/AddExtraColumns", ["position":"1"])): Object: 'Object Repository/ListViewIcon/ExtraColumns/AddExtraColumns' is clicked on

2022-02-11 22:20:31 - [MESSAGE][PASSED] - Object: 'Object Repository/ListViewIcon/ExtraColumns/AddExtraColumns' is clicked on

2022-02-11 22:20:31 - [TEST_STEP][PASSED] - takeScreenshot(): Taking screenshot successfully

2022-02-11 22:20:36 - [MESSAGE][PASSED] - Taking screenshot successfully
[[ATTACHMENT|D:\\xampp\\htdocs\\training\\Training\\Rattan\\Final_testing\\New_ActivityOverview\\Reports\\20220211_221705\\ActivityOverview-FiltersAndColumns\\20220211_221709\\1644598231653.png]]

2022-02-11 22:20:36 - [TEST_STEP][PASSED] - click(findTestObject("Object Repository/ListViewIcon/ExtraColumns/AddExtraColumns", ["position":"2"])): Object: 'Object Repository/ListViewIcon/ExtraColumns/AddExtraColumns' is clicked on

2022-02-11 22:20:41 - [MESSAGE][PASSED] - Object: 'Object Repository/ListViewIcon/ExtraColumns/AddExtraColumns' is clicked on

2022-02-11 22:20:41 - [TEST_STEP][PASSED] - takeScreenshot(): Taking screenshot successfully

2022-02-11 22:20:44 - [MESSAGE][PASSED] - Taking screenshot successfully
[[ATTACHMENT|D:\\xampp\\htdocs\\training\\Training\\Rattan\\Final_testing\\New_ActivityOverview\\Reports\\20220211_221705\\ActivityOverview-FiltersAndColumns\\20220211_221709\\1644598241159.png]]

2022-02-11 22:20:44 - [TEST_STEP][PASSED] - click(findTestObject("Object Repository/ListViewIcon/ExtraColumns/AddExtraColumns", ["position":"3"])): Object: 'Object Repository/ListViewIcon/ExtraColumns/AddExtraColumns' is clicked on

2022-02-11 22:20:48 - [MESSAGE][PASSED] - Object: 'Object Repository/ListViewIcon/ExtraColumns/AddExtraColumns' is clicked on

2022-02-11 22:20:48 - [TEST_STEP][PASSED] - takeScreenshot(): Taking screenshot successfully

2022-02-11 22:20:50 - [MESSAGE][PASSED] - Taking screenshot successfully
[[ATTACHMENT|D:\\xampp\\htdocs\\training\\Training\\Rattan\\Final_testing\\New_ActivityOverview\\Reports\\20220211_221705\\ActivityOverview-FiltersAndColumns\\20220211_221709\\1644598248473.png]]

2022-02-11 22:20:50 - [TEST_STEP][PASSED] - click(findTestObject("Object Repository/ListViewIcon/ExtraColumns/AddExtraColumns", ["position":"4"])): Object: 'Object Repository/ListViewIcon/ExtraColumns/AddExtraColumns' is clicked on

2022-02-11 22:20:54 - [MESSAGE][PASSED] - Object: 'Object Repository/ListViewIcon/ExtraColumns/AddExtraColumns' is clicked on

2022-02-11 22:20:54 - [TEST_STEP][PASSED] - takeScreenshot(): Taking screenshot successfully

2022-02-11 22:20:56 - [MESSAGE][PASSED] - Taking screenshot successfully
[[ATTACHMENT|D:\\xampp\\htdocs\\training\\Training\\Rattan\\Final_testing\\New_ActivityOverview\\Reports\\20220211_221705\\ActivityOverview-FiltersAndColumns\\20220211_221709\\1644598254106.png]]

2022-02-11 22:20:56 - [TEST_STEP][PASSED] - click(findTestObject("Object Repository/ListViewIcon/ExtraColumns/AddExtraColumns", ["position":"5"])): Object: 'Object Repository/ListViewIcon/ExtraColumns/AddExtraColumns' is clicked on

2022-02-11 22:21:01 - [MESSAGE][PASSED] - Object: 'Object Repository/ListViewIcon/ExtraColumns/AddExtraColumns' is clicked on

2022-02-11 22:21:01 - [TEST_STEP][PASSED] - takeScreenshot(): Taking screenshot successfully

2022-02-11 22:21:01 - [MESSAGE][PASSED] - Taking screenshot successfully
[[ATTACHMENT|D:\\xampp\\htdocs\\training\\Training\\Rattan\\Final_testing\\New_ActivityOverview\\Reports\\20220211_221705\\ActivityOverview-FiltersAndColumns\\20220211_221709\\1644598261231.png]]

2022-02-11 22:21:01 - [TEST_STEP][PASSED] - click(findTestObject("Object Repository/ListViewIcon/ExtraColumns/AddExtraColumns", ["position":"6"])): Object: 'Object Repository/ListViewIcon/ExtraColumns/AddExtraColumns' is clicked on

2022-02-11 22:21:05 - [MESSAGE][PASSED] - Object: 'Object Repository/ListViewIcon/ExtraColumns/AddExtraColumns' is clicked on

2022-02-11 22:21:05 - [TEST_STEP][PASSED] - delay(3): Delayed 3 second(s)

2022-02-11 22:21:08 - [MESSAGE][PASSED] - Delayed 3 second(s)

2022-02-11 22:21:08 - [TEST_STEP][PASSED] - takeScreenshot(): Taking screenshot successfully

2022-02-11 22:21:08 - [MESSAGE][PASSED] - Taking screenshot successfully
[[ATTACHMENT|D:\\xampp\\htdocs\\training\\Training\\Rattan\\Final_testing\\New_ActivityOverview\\Reports\\20220211_221705\\ActivityOverview-FiltersAndColumns\\20220211_221709\\1644598268219.png]]

2022-02-11 22:21:08 - [TEST_STEP][PASSED] - click(findTestObject("Object Repository/ListViewIcon/ExtraColumns/AddExtraColumns", ["position":"7"])): Object: 'Object Repository/ListViewIcon/ExtraColumns/AddExtraColumns' is clicked on

2022-02-11 22:21:12 - [MESSAGE][PASSED] - Object: 'Object Repository/ListViewIcon/ExtraColumns/AddExtraColumns' is clicked on

2022-02-11 22:21:12 - [TEST_STEP][PASSED] - takeScreenshot(): Taking screenshot successfully

2022-02-11 22:21:12 - [MESSAGE][PASSED] - Taking screenshot successfully
[[ATTACHMENT|D:\\xampp\\htdocs\\training\\Training\\Rattan\\Final_testing\\New_ActivityOverview\\Reports\\20220211_221705\\ActivityOverview-FiltersAndColumns\\20220211_221709\\1644598272403.png]]

2022-02-11 22:21:12 - [TEST_STEP][PASSED] - click(findTestObject("Object Repository/ListViewIcon/ExtraColumns/AddExtraColumns", ["position":"8"])): Object: 'Object Repository/ListViewIcon/ExtraColumns/AddExtraColumns' is clicked on

2022-02-11 22:21:16 - [MESSAGE][PASSED] - Object: 'Object Repository/ListViewIcon/ExtraColumns/AddExtraColumns' is clicked on

2022-02-11 22:21:16 - [TEST_STEP][PASSED] - takeScreenshot(): Taking screenshot successfully

2022-02-11 22:21:16 - [MESSAGE][PASSED] - Taking screenshot successfully
[[ATTACHMENT|D:\\xampp\\htdocs\\training\\Training\\Rattan\\Final_testing\\New_ActivityOverview\\Reports\\20220211_221705\\ActivityOverview-FiltersAndColumns\\20220211_221709\\1644598276075.png]]

2022-02-11 22:21:16 - [TEST_STEP][PASSED] - click(findTestObject("Object Repository/ListViewIcon/ExtraColumns/AddExtraColumns", ["position":"9"])): Object: 'Object Repository/ListViewIcon/ExtraColumns/AddExtraColumns' is clicked on

2022-02-11 22:21:19 - [MESSAGE][PASSED] - Object: 'Object Repository/ListViewIcon/ExtraColumns/AddExtraColumns' is clicked on

2022-02-11 22:21:19 - [TEST_STEP][PASSED] - takeScreenshot(): Taking screenshot successfully

2022-02-11 22:21:20 - [MESSAGE][PASSED] - Taking screenshot successfully
[[ATTACHMENT|D:\\xampp\\htdocs\\training\\Training\\Rattan\\Final_testing\\New_ActivityOverview\\Reports\\20220211_221705\\ActivityOverview-FiltersAndColumns\\20220211_221709\\1644598279772.png]]

2022-02-11 22:21:20 - [TEST_STEP][PASSED] - click(findTestObject("Object Repository/ListViewIcon/ExtraColumns/AddExtraColumns", ["position":"10"])): Object: 'Object Repository/ListViewIcon/ExtraColumns/AddExtraColumns' is clicked on

2022-02-11 22:21:23 - [MESSAGE][PASSED] - Object: 'Object Repository/ListViewIcon/ExtraColumns/AddExtraColumns' is clicked on

2022-02-11 22:21:23 - [TEST_STEP][PASSED] - takeScreenshot(): Taking screenshot successfully

2022-02-11 22:21:23 - [MESSAGE][PASSED] - Taking screenshot successfully
[[ATTACHMENT|D:\\xampp\\htdocs\\training\\Training\\Rattan\\Final_testing\\New_ActivityOverview\\Reports\\20220211_221705\\ActivityOverview-FiltersAndColumns\\20220211_221709\\1644598283354.png]]

2022-02-11 22:21:23 - [TEST_STEP][PASSED] - click(findTestObject("Object Repository/ListViewIcon/ExtraColumns/SaveButton")): Object: 'Object Repository/ListViewIcon/ExtraColumns/SaveButton' is clicked on

2022-02-11 22:21:26 - [MESSAGE][PASSED] - Object: 'Object Repository/ListViewIcon/ExtraColumns/SaveButton' is clicked on

2022-02-11 22:21:26 - [TEST_STEP][PASSED] - delay(10): Delayed 10 second(s)

2022-02-11 22:21:36 - [MESSAGE][PASSED] - Delayed 10 second(s)

2022-02-11 22:21:36 - [TEST_STEP][PASSED] - click(findTestObject("Object Repository/ListViewIcon/ClickonEyeView")): Object: 'Object Repository/ListViewIcon/ClickonEyeView' is clicked on

2022-02-11 22:21:40 - [MESSAGE][PASSED] - Object: 'Object Repository/ListViewIcon/ClickonEyeView' is clicked on

2022-02-11 22:21:40 - [TEST_STEP][PASSED] - delay(3): Delayed 3 second(s)

2022-02-11 22:21:43 - [MESSAGE][PASSED] - Delayed 3 second(s)

2022-02-11 22:21:43 - [TEST_STEP][PASSED] - takeScreenshot(): Taking screenshot successfully

2022-02-11 22:21:43 - [MESSAGE][PASSED] - Taking screenshot successfully
[[ATTACHMENT|D:\\xampp\\htdocs\\training\\Training\\Rattan\\Final_testing\\New_ActivityOverview\\Reports\\20220211_221705\\ActivityOverview-FiltersAndColumns\\20220211_221709\\1644598303346.png]]

2022-02-11 22:21:43 - [TEST_STEP][PASSED] - click(findTestObject("Object Repository/ListViewIcon/ExtraColumns/AddExtraColumns", ["position":"1"])): Object: 'Object Repository/ListViewIcon/ExtraColumns/AddExtraColumns' is clicked on

2022-02-11 22:21:47 - [MESSAGE][PASSED] - Object: 'Object Repository/ListViewIcon/ExtraColumns/AddExtraColumns' is clicked on

2022-02-11 22:21:47 - [TEST_STEP][PASSED] - takeScreenshot(): Taking screenshot successfully

2022-02-11 22:21:47 - [MESSAGE][PASSED] - Taking screenshot successfully
[[ATTACHMENT|D:\\xampp\\htdocs\\training\\Training\\Rattan\\Final_testing\\New_ActivityOverview\\Reports\\20220211_221705\\ActivityOverview-FiltersAndColumns\\20220211_221709\\1644598307396.png]]

2022-02-11 22:21:47 - [TEST_STEP][PASSED] - click(findTestObject("Object Repository/ListViewIcon/ExtraColumns/AddExtraColumns", ["position":"2"])): Object: 'Object Repository/ListViewIcon/ExtraColumns/AddExtraColumns' is clicked on

2022-02-11 22:21:51 - [MESSAGE][PASSED] - Object: 'Object Repository/ListViewIcon/ExtraColumns/AddExtraColumns' is clicked on

2022-02-11 22:21:51 - [TEST_STEP][PASSED] - takeScreenshot(): Taking screenshot successfully

2022-02-11 22:21:51 - [MESSAGE][PASSED] - Taking screenshot successfully
[[ATTACHMENT|D:\\xampp\\htdocs\\training\\Training\\Rattan\\Final_testing\\New_ActivityOverview\\Reports\\20220211_221705\\ActivityOverview-FiltersAndColumns\\20220211_221709\\1644598311453.png]]

2022-02-11 22:21:51 - [TEST_STEP][PASSED] - click(findTestObject("Object Repository/ListViewIcon/ExtraColumns/AddExtraColumns", ["position":"3"])): Object: 'Object Repository/ListViewIcon/ExtraColumns/AddExtraColumns' is clicked on

2022-02-11 22:21:55 - [MESSAGE][PASSED] - Object: 'Object Repository/ListViewIcon/ExtraColumns/AddExtraColumns' is clicked on

2022-02-11 22:21:55 - [TEST_STEP][PASSED] - takeScreenshot(): Taking screenshot successfully

2022-02-11 22:21:55 - [MESSAGE][PASSED] - Taking screenshot successfully
[[ATTACHMENT|D:\\xampp\\htdocs\\training\\Training\\Rattan\\Final_testing\\New_ActivityOverview\\Reports\\20220211_221705\\ActivityOverview-FiltersAndColumns\\20220211_221709\\1644598315111.png]]

2022-02-11 22:21:55 - [TEST_STEP][PASSED] - click(findTestObject("Object Repository/ListViewIcon/ExtraColumns/AddExtraColumns", ["position":"7"])): Object: 'Object Repository/ListViewIcon/ExtraColumns/AddExtraColumns' is clicked on

2022-02-11 22:21:58 - [MESSAGE][PASSED] - Object: 'Object Repository/ListViewIcon/ExtraColumns/AddExtraColumns' is clicked on

2022-02-11 22:21:58 - [TEST_STEP][PASSED] - takeScreenshot(): Taking screenshot successfully

2022-02-11 22:21:59 - [MESSAGE][PASSED] - Taking screenshot successfully
[[ATTACHMENT|D:\\xampp\\htdocs\\training\\Training\\Rattan\\Final_testing\\New_ActivityOverview\\Reports\\20220211_221705\\ActivityOverview-FiltersAndColumns\\20220211_221709\\1644598318534.png]]

2022-02-11 22:21:59 - [TEST_STEP][PASSED] - click(findTestObject("Object Repository/ListViewIcon/ExtraColumns/AddExtraColumns", ["position":"8"])): Object: 'Object Repository/ListViewIcon/ExtraColumns/AddExtraColumns' is clicked on

2022-02-11 22:22:02 - [MESSAGE][PASSED] - Object: 'Object Repository/ListViewIcon/ExtraColumns/AddExtraColumns' is clicked on

2022-02-11 22:22:02 - [TEST_STEP][PASSED] - takeScreenshot(): Taking screenshot successfully

2022-02-11 22:22:02 - [MESSAGE][PASSED] - Taking screenshot successfully
[[ATTACHMENT|D:\\xampp\\htdocs\\training\\Training\\Rattan\\Final_testing\\New_ActivityOverview\\Reports\\20220211_221705\\ActivityOverview-FiltersAndColumns\\20220211_221709\\1644598322439.png]]

2022-02-11 22:22:02 - [TEST_STEP][PASSED] - click(findTestObject("Object Repository/ListViewIcon/ExtraColumns/AddExtraColumns", ["position":"9"])): Object: 'Object Repository/ListViewIcon/ExtraColumns/AddExtraColumns' is clicked on

2022-02-11 22:22:05 - [MESSAGE][PASSED] - Object: 'Object Repository/ListViewIcon/ExtraColumns/AddExtraColumns' is clicked on

2022-02-11 22:22:05 - [TEST_STEP][PASSED] - takeScreenshot(): Taking screenshot successfully

2022-02-11 22:22:06 - [MESSAGE][PASSED] - Taking screenshot successfully
[[ATTACHMENT|D:\\xampp\\htdocs\\training\\Training\\Rattan\\Final_testing\\New_ActivityOverview\\Reports\\20220211_221705\\ActivityOverview-FiltersAndColumns\\20220211_221709\\1644598326014.png]]

2022-02-11 22:22:06 - [TEST_STEP][PASSED] - click(findTestObject("Object Repository/ListViewIcon/ExtraColumns/AddExtraColumns", ["position":"10"])): Object: 'Object Repository/ListViewIcon/ExtraColumns/AddExtraColumns' is clicked on

2022-02-11 22:22:09 - [MESSAGE][PASSED] - Object: 'Object Repository/ListViewIcon/ExtraColumns/AddExtraColumns' is clicked on

2022-02-11 22:22:09 - [TEST_STEP][PASSED] - takeScreenshot(): Taking screenshot successfully

2022-02-11 22:22:09 - [MESSAGE][PASSED] - Taking screenshot successfully
[[ATTACHMENT|D:\\xampp\\htdocs\\training\\Training\\Rattan\\Final_testing\\New_ActivityOverview\\Reports\\20220211_221705\\ActivityOverview-FiltersAndColumns\\20220211_221709\\1644598329712.png]]

2022-02-11 22:22:09 - [TEST_STEP][PASSED] - click(findTestObject("Object Repository/ListViewIcon/ExtraColumns/OrderPerPage", ["position":"3"])): Object: 'Object Repository/ListViewIcon/ExtraColumns/OrderPerPage' is clicked on

2022-02-11 22:22:13 - [MESSAGE][PASSED] - Object: 'Object Repository/ListViewIcon/ExtraColumns/OrderPerPage' is clicked on

2022-02-11 22:22:13 - [TEST_STEP][PASSED] - click(findTestObject("Object Repository/ListViewIcon/ExtraColumns/SaveButton")): Object: 'Object Repository/ListViewIcon/ExtraColumns/SaveButton' is clicked on

2022-02-11 22:22:16 - [MESSAGE][PASSED] - Object: 'Object Repository/ListViewIcon/ExtraColumns/SaveButton' is clicked on

2022-02-11 22:22:16 - [TEST_STEP][PASSED] - delay(10): Delayed 10 second(s)

2022-02-11 22:22:26 - [MESSAGE][PASSED] - Delayed 10 second(s)

2022-02-11 22:22:26 - [TEST_STEP][PASSED] - if (sizeoflisting < 2): null]]></system-out>
         <system-err><![CDATA[]]></system-err>
      </testcase>
      <system-out><![CDATA[2022-02-11 22:18:24 - [TEST_SUITE][PASSED] - ActivityOverview-FiltersAndColumns: Test Cases/NewActivityOverview-LeftNavigation/ActivityOverview-ViewFilterAndColumn]]></system-out>
      <system-err><![CDATA[]]></system-err>
   </testsuite>
</testsuites>
