<?xml version="1.0" encoding="UTF-8"?>
<testsuites name="All Cases chrome" time="13468.453" tests="19" failures="8" errors="0">
   <testsuite name="CalendarTestingWithSearchAndSorting" tests="1" failures="1" errors="0" time="377.101" skipped="0" timestamp="2022-02-14 11:58:53" hostname="intersoft-admin - intersoftadmin-desktop" id="Test Suites/CalendarTestingWithSearchAndSorting">
      <properties>
         <property name="deviceName" value=""/>
         <property name="devicePlatform" value=""/>
         <property name="logFolder" value="/home/intersoft-admin/Rattan/Bash/Training/Rattan/Final_testing/New_ActivityOverview/Reports/20220214_115757/CalendarTestingWithSearchAndSorting/20220214_115758"/>
         <property name="logFiles" value="/home/intersoft-admin/Rattan/Bash/Training/Rattan/Final_testing/New_ActivityOverview/Reports/20220214_115757/CalendarTestingWithSearchAndSorting/20220214_115758/execution0.log"/>
         <property name="attachments" value="/home/intersoft-admin/Rattan/Bash/Training/Rattan/Final_testing/New_ActivityOverview/Reports/20220214_115757/CalendarTestingWithSearchAndSorting/20220214_115758/1644820161341.png, /home/intersoft-admin/Rattan/Bash/Training/Rattan/Final_testing/New_ActivityOverview/Reports/20220214_115757/CalendarTestingWithSearchAndSorting/20220214_115758/1644820177605.png, /home/intersoft-admin/Rattan/Bash/Training/Rattan/Final_testing/New_ActivityOverview/Reports/20220214_115757/CalendarTestingWithSearchAndSorting/20220214_115758/1644820198048.png, /home/intersoft-admin/Rattan/Bash/Training/Rattan/Final_testing/New_ActivityOverview/Reports/20220214_115757/CalendarTestingWithSearchAndSorting/20220214_115758/1644820221457.png, /home/intersoft-admin/Rattan/Bash/Training/Rattan/Final_testing/New_ActivityOverview/Reports/20220214_115757/CalendarTestingWithSearchAndSorting/20220214_115758/1644820240967.png, /home/intersoft-admin/Rattan/Bash/Training/Rattan/Final_testing/New_ActivityOverview/Reports/20220214_115757/CalendarTestingWithSearchAndSorting/20220214_115758/1644820266615.png, /home/intersoft-admin/Rattan/Bash/Training/Rattan/Final_testing/New_ActivityOverview/Reports/20220214_115757/CalendarTestingWithSearchAndSorting/20220214_115758/1644820280962.png, /home/intersoft-admin/Rattan/Bash/Training/Rattan/Final_testing/New_ActivityOverview/Reports/20220214_115757/CalendarTestingWithSearchAndSorting/20220214_115758/1644820301478.png, /home/intersoft-admin/Rattan/Bash/Training/Rattan/Final_testing/New_ActivityOverview/Reports/20220214_115757/CalendarTestingWithSearchAndSorting/20220214_115758/1644820304839.png, /home/intersoft-admin/Rattan/Bash/Training/Rattan/Final_testing/New_ActivityOverview/Reports/20220214_115757/CalendarTestingWithSearchAndSorting/20220214_115758/1644820331191.png, /home/intersoft-admin/Rattan/Bash/Training/Rattan/Final_testing/New_ActivityOverview/Reports/20220214_115757/CalendarTestingWithSearchAndSorting/20220214_115758/1644820345901.png, /home/intersoft-admin/Rattan/Bash/Training/Rattan/Final_testing/New_ActivityOverview/Reports/20220214_115757/CalendarTestingWithSearchAndSorting/20220214_115758/1644820366378.png, /home/intersoft-admin/Rattan/Bash/Training/Rattan/Final_testing/New_ActivityOverview/Reports/20220214_115757/CalendarTestingWithSearchAndSorting/20220214_115758/1644820389769.png, /home/intersoft-admin/Rattan/Bash/Training/Rattan/Final_testing/New_ActivityOverview/Reports/20220214_115757/CalendarTestingWithSearchAndSorting/20220214_115758/1644820409271.png, /home/intersoft-admin/Rattan/Bash/Training/Rattan/Final_testing/New_ActivityOverview/Reports/20220214_115757/CalendarTestingWithSearchAndSorting/20220214_115758/1644820434772.png, /home/intersoft-admin/Rattan/Bash/Training/Rattan/Final_testing/New_ActivityOverview/Reports/20220214_115757/CalendarTestingWithSearchAndSorting/20220214_115758/1644820447485.png, /home/intersoft-admin/Rattan/Bash/Training/Rattan/Final_testing/New_ActivityOverview/Reports/20220214_115757/CalendarTestingWithSearchAndSorting/20220214_115758/1644820467932.png, /home/intersoft-admin/Rattan/Bash/Training/Rattan/Final_testing/New_ActivityOverview/Reports/20220214_115757/CalendarTestingWithSearchAndSorting/20220214_115758/1644820491259.png, /home/intersoft-admin/Rattan/Bash/Training/Rattan/Final_testing/New_ActivityOverview/Reports/20220214_115757/CalendarTestingWithSearchAndSorting/20220214_115758/1644820510765.png"/>
         <property name="hostName" value="intersoft-admin - intersoftadmin-desktop"/>
         <property name="os" value="Linux 64bit"/>
         <property name="katalonVersion" value="8.2.5.208"/>
         <property name="browser" value="Chrome 97.0.4692.99"/>
         <property name="hostAddress" value="127.0.1.1"/>
         <property name="sessionId" value="ee46b6eefa58ced4794c155a083b58c6"/>
         <property name="seleniumVersion" value="3.141.59"/>
         <property name="proxyInformation" value="ProxyInformation { proxyOption=NO_PROXY, proxyServerType=HTTP, username=, password=********, proxyServerAddress=, proxyServerPort=0, executionList=&quot;&quot;, isApplyToDesiredCapabilities=true }"/>
         <property name="platform" value="Linux"/>
      </properties>
      <testcase name="Test Cases/NewActivityOverview-LeftNavigation/ActivityOverview-ListingCalendar-SearchSorting" time="101.47" classname="Test Cases/NewActivityOverview-LeftNavigation/ActivityOverview-ListingCalendar-SearchSorting" status="FAILED">
         <failure type="FAILED" message="Test Cases/NewActivityOverview-LeftNavigation/ActivityOverview-ListingCalendar-SearchSorting FAILED.
Reason:
com.kms.katalon.core.exception.StepFailedException: Unable to send keys 'a' to object 'Object Repository/CalendarObjects/InputStartDate'
	at com.kms.katalon.core.webui.keyword.internal.WebUIKeywordMain.stepFailed(WebUIKeywordMain.groovy:64)
	at com.kms.katalon.core.webui.keyword.internal.WebUIKeywordMain.runKeyword(WebUIKeywordMain.groovy:26)
	at com.kms.katalon.core.webui.keyword.builtin.SendKeysKeyword.sendKeys(SendKeysKeyword.groovy:60)
	at com.kms.katalon.core.webui.keyword.builtin.SendKeysKeyword.execute(SendKeysKeyword.groovy:38)
	at com.kms.katalon.core.keyword.internal.KeywordExecutor.executeKeywordForPlatform(KeywordExecutor.groovy:74)
	at com.kms.katalon.core.webui.keyword.WebUiBuiltInKeywords.sendKeys(WebUiBuiltInKeywords.groovy:864)
	at com.kms.katalon.core.webui.keyword.WebUiBuiltInKeywords$sendKeys$9.call(Unknown Source)
	at ActivityOverview-ListingCalendar-SearchSorting.run(ActivityOverview-ListingCalendar-SearchSorting:67)
	at com.kms.katalon.core.main.ScriptEngine.run(ScriptEngine.java:194)
	at com.kms.katalon.core.main.ScriptEngine.runScriptAsRawText(ScriptEngine.java:119)
	at com.kms.katalon.core.main.TestCaseExecutor.runScript(TestCaseExecutor.java:442)
	at com.kms.katalon.core.main.TestCaseExecutor.doExecute(TestCaseExecutor.java:433)
	at com.kms.katalon.core.main.TestCaseExecutor.processExecutionPhase(TestCaseExecutor.java:412)
	at com.kms.katalon.core.main.TestCaseExecutor.accessMainPhase(TestCaseExecutor.java:404)
	at com.kms.katalon.core.main.TestCaseExecutor.execute(TestCaseExecutor.java:281)
	at com.kms.katalon.core.main.TestCaseExecutor.execute(TestCaseExecutor.java:363)
	at com.kms.katalon.core.main.TestCaseExecutor.execute(TestCaseExecutor.java:363)
	at com.kms.katalon.core.main.TestCaseExecutor.execute(TestCaseExecutor.java:363)
	at com.kms.katalon.core.main.TestSuiteExecutor.accessTestCaseMainPhase(TestSuiteExecutor.java:202)
	at com.kms.katalon.core.main.TestSuiteExecutor.accessTestSuiteMainPhase(TestSuiteExecutor.java:164)
	at com.kms.katalon.core.main.TestSuiteExecutor.execute(TestSuiteExecutor.java:105)
	at com.kms.katalon.core.main.TestCaseMain.startTestSuite(TestCaseMain.java:185)
	at com.kms.katalon.core.main.TestCaseMain$startTestSuite$0.call(Unknown Source)
	at TempTestSuite1644820078420.run(TempTestSuite1644820078420.groovy:36)
Caused by: org.openqa.selenium.ElementNotInteractableException: element not interactable
  (Session info: chrome=97.0.4692.99)
Build info: version: '3.141.59', revision: 'e82be7d358', time: '2018-11-14T08:25:53'
System info: host: 'intersoftadmin-desktop', ip: '127.0.1.1', os.name: 'Linux', os.arch: 'amd64', os.version: '5.4.0-99-generic', java.version: '1.8.0_312'
Driver info: com.kms.katalon.selenium.driver.CChromeDriver
Capabilities {acceptInsecureCerts: false, browserName: chrome, browserVersion: 97.0.4692.99, chrome: {chromedriverVersion: 97.0.4692.36 (747e0a0f19c13..., userDataDir: /tmp/.com.google.Chrome.cGAhEi}, goog:chromeOptions: {debuggerAddress: localhost:41821}, javascriptEnabled: true, networkConnectionEnabled: false, pageLoadStrategy: normal, platform: LINUX, platformName: LINUX, proxy: Proxy(), setWindowRect: true, strictFileInteractability: false, timeouts: {implicit: 0, pageLoad: 300000, script: 30000}, unhandledPromptBehavior: dismiss and notify, webauthn:extension:credBlob: true, webauthn:extension:largeBlob: true, webauthn:virtualAuthenticators: true}
Session ID: ee46b6eefa58ced4794c155a083b58c6
	at org.openqa.selenium.remote.http.W3CHttpResponseCodec.createException(W3CHttpResponseCodec.java:187)
	at org.openqa.selenium.remote.http.W3CHttpResponseCodec.decode(W3CHttpResponseCodec.java:122)
	at org.openqa.selenium.remote.http.W3CHttpResponseCodec.decode(W3CHttpResponseCodec.java:49)
	at org.openqa.selenium.remote.HttpCommandExecutor.execute(HttpCommandExecutor.java:158)
	at org.openqa.selenium.remote.service.DriverCommandExecutor.execute(DriverCommandExecutor.java:83)
	at org.openqa.selenium.remote.RemoteWebDriver.execute(RemoteWebDriver.java:552)
	at com.kms.katalon.selenium.driver.CChromeDriver.execute(CChromeDriver.java:19)
	at org.openqa.selenium.remote.RemoteWebElement.execute(RemoteWebElement.java:285)
	at org.openqa.selenium.remote.RemoteWebElement.sendKeys(RemoteWebElement.java:106)
	at org.openqa.selenium.support.events.EventFiringWebDriver$EventFiringWebElement.lambda$new$0(EventFiringWebDriver.java:404)
	at com.sun.proxy.$Proxy11.sendKeys(Unknown Source)
	at org.openqa.selenium.support.events.EventFiringWebDriver$EventFiringWebElement.sendKeys(EventFiringWebDriver.java:429)
	at com.kms.katalon.core.webui.keyword.builtin.SendKeysKeyword$_sendKeys_closure1.doCall(SendKeysKeyword.groovy:53)
	at com.kms.katalon.core.webui.keyword.builtin.SendKeysKeyword$_sendKeys_closure1.call(SendKeysKeyword.groovy)
	at com.kms.katalon.core.webui.keyword.internal.WebUIKeywordMain.runKeyword(WebUIKeywordMain.groovy:20)
	... 22 more
"/>
         <system-out><![CDATA[2022-02-14 12:03:29 - [TEST_CASE][FAILED] - Test Cases/NewActivityOverview-LeftNavigation/ActivityOverview-ListingCalendar-SearchSorting: Test Cases/NewActivityOverview-LeftNavigation/ActivityOverview-ListingCalendar-SearchSorting FAILED.
Reason:
com.kms.katalon.core.exception.StepFailedException: Unable to send keys 'a' to object 'Object Repository/CalendarObjects/InputStartDate'
	at com.kms.katalon.core.webui.keyword.internal.WebUIKeywordMain.stepFailed(WebUIKeywordMain.groovy:64)
	at com.kms.katalon.core.webui.keyword.internal.WebUIKeywordMain.runKeyword(WebUIKeywordMain.groovy:26)
	at com.kms.katalon.core.webui.keyword.builtin.SendKeysKeyword.sendKeys(SendKeysKeyword.groovy:60)
	at com.kms.katalon.core.webui.keyword.builtin.SendKeysKeyword.execute(SendKeysKeyword.groovy:38)
	at com.kms.katalon.core.keyword.internal.KeywordExecutor.executeKeywordForPlatform(KeywordExecutor.groovy:74)
	at com.kms.katalon.core.webui.keyword.WebUiBuiltInKeywords.sendKeys(WebUiBuiltInKeywords.groovy:864)
	at com.kms.katalon.core.webui.keyword.WebUiBuiltInKeywords$sendKeys$9.call(Unknown Source)
	at ActivityOverview-ListingCalendar-SearchSorting.run(ActivityOverview-ListingCalendar-SearchSorting:67)
	at com.kms.katalon.core.main.ScriptEngine.run(ScriptEngine.java:194)
	at com.kms.katalon.core.main.ScriptEngine.runScriptAsRawText(ScriptEngine.java:119)
	at com.kms.katalon.core.main.TestCaseExecutor.runScript(TestCaseExecutor.java:442)
	at com.kms.katalon.core.main.TestCaseExecutor.doExecute(TestCaseExecutor.java:433)
	at com.kms.katalon.core.main.TestCaseExecutor.processExecutionPhase(TestCaseExecutor.java:412)
	at com.kms.katalon.core.main.TestCaseExecutor.accessMainPhase(TestCaseExecutor.java:404)
	at com.kms.katalon.core.main.TestCaseExecutor.execute(TestCaseExecutor.java:281)
	at com.kms.katalon.core.main.TestCaseExecutor.execute(TestCaseExecutor.java:363)
	at com.kms.katalon.core.main.TestCaseExecutor.execute(TestCaseExecutor.java:363)
	at com.kms.katalon.core.main.TestCaseExecutor.execute(TestCaseExecutor.java:363)
	at com.kms.katalon.core.main.TestSuiteExecutor.accessTestCaseMainPhase(TestSuiteExecutor.java:202)
	at com.kms.katalon.core.main.TestSuiteExecutor.accessTestSuiteMainPhase(TestSuiteExecutor.java:164)
	at com.kms.katalon.core.main.TestSuiteExecutor.execute(TestSuiteExecutor.java:105)
	at com.kms.katalon.core.main.TestCaseMain.startTestSuite(TestCaseMain.java:185)
	at com.kms.katalon.core.main.TestCaseMain$startTestSuite$0.call(Unknown Source)
	at TempTestSuite1644820078420.run(TempTestSuite1644820078420.groovy:36)
Caused by: org.openqa.selenium.ElementNotInteractableException: element not interactable
  (Session info: chrome=97.0.4692.99)
Build info: version: '3.141.59', revision: 'e82be7d358', time: '2018-11-14T08:25:53'
System info: host: 'intersoftadmin-desktop', ip: '127.0.1.1', os.name: 'Linux', os.arch: 'amd64', os.version: '5.4.0-99-generic', java.version: '1.8.0_312'
Driver info: com.kms.katalon.selenium.driver.CChromeDriver
Capabilities {acceptInsecureCerts: false, browserName: chrome, browserVersion: 97.0.4692.99, chrome: {chromedriverVersion: 97.0.4692.36 (747e0a0f19c13..., userDataDir: /tmp/.com.google.Chrome.cGAhEi}, goog:chromeOptions: {debuggerAddress: localhost:41821}, javascriptEnabled: true, networkConnectionEnabled: false, pageLoadStrategy: normal, platform: LINUX, platformName: LINUX, proxy: Proxy(), setWindowRect: true, strictFileInteractability: false, timeouts: {implicit: 0, pageLoad: 300000, script: 30000}, unhandledPromptBehavior: dismiss and notify, webauthn:extension:credBlob: true, webauthn:extension:largeBlob: true, webauthn:virtualAuthenticators: true}
Session ID: ee46b6eefa58ced4794c155a083b58c6
	at org.openqa.selenium.remote.http.W3CHttpResponseCodec.createException(W3CHttpResponseCodec.java:187)
	at org.openqa.selenium.remote.http.W3CHttpResponseCodec.decode(W3CHttpResponseCodec.java:122)
	at org.openqa.selenium.remote.http.W3CHttpResponseCodec.decode(W3CHttpResponseCodec.java:49)
	at org.openqa.selenium.remote.HttpCommandExecutor.execute(HttpCommandExecutor.java:158)
	at org.openqa.selenium.remote.service.DriverCommandExecutor.execute(DriverCommandExecutor.java:83)
	at org.openqa.selenium.remote.RemoteWebDriver.execute(RemoteWebDriver.java:552)
	at com.kms.katalon.selenium.driver.CChromeDriver.execute(CChromeDriver.java:19)
	at org.openqa.selenium.remote.RemoteWebElement.execute(RemoteWebElement.java:285)
	at org.openqa.selenium.remote.RemoteWebElement.sendKeys(RemoteWebElement.java:106)
	at org.openqa.selenium.support.events.EventFiringWebDriver$EventFiringWebElement.lambda$new$0(EventFiringWebDriver.java:404)
	at com.sun.proxy.$Proxy11.sendKeys(Unknown Source)
	at org.openqa.selenium.support.events.EventFiringWebDriver$EventFiringWebElement.sendKeys(EventFiringWebDriver.java:429)
	at com.kms.katalon.core.webui.keyword.builtin.SendKeysKeyword$_sendKeys_closure1.doCall(SendKeysKeyword.groovy:53)
	at com.kms.katalon.core.webui.keyword.builtin.SendKeysKeyword$_sendKeys_closure1.call(SendKeysKeyword.groovy)
	at com.kms.katalon.core.webui.keyword.internal.WebUIKeywordMain.runKeyword(WebUIKeywordMain.groovy:20)
	... 22 more


2022-02-14 12:03:29 - [TEST_STEP][PASSED] - callTestCase(findTestCase("LoginWithSuperAdmin/SuperAdmin-Login"), [:], STOP_ON_FAILURE): Call Test Case 'Test Cases/LoginWithSuperAdmin/SuperAdmin-Login' successfully

2022-02-14 12:03:29 - [TEST_CASE][PASSED] - Test Cases/LoginWithSuperAdmin/SuperAdmin-Login: Test Cases/LoginWithSuperAdmin/SuperAdmin-Login

2022-02-14 12:03:29 - [TEST_STEP][PASSED] - openBrowser(""): Browser is opened with url: ''

2022-02-14 12:03:29 - [MESSAGE][WARNING] - A browser is already opened. Closing browser and opening a new one

2022-02-14 12:03:29 - [MESSAGE][INFO] - Starting 'Chrome' driver

2022-02-14 12:03:29 - [MESSAGE][INFO] - Action delay is set to 3,000 milliseconds

2022-02-14 12:03:30 - [MESSAGE][PASSED] - Browser is opened with url: ''

2022-02-14 12:03:30 - [TEST_STEP][PASSED] - setViewPortSize(1920, 1080): Viewport is set to new size with width = 1920 and height = 1080

2022-02-14 12:03:30 - [MESSAGE][PASSED] - Viewport is set to new size with width = 1920 and height = 1080

2022-02-14 12:03:30 - [TEST_STEP][PASSED] - navigateToUrl(URL): Navigate to 'https://marketplacev1.test-prio.com' successfully

2022-02-14 12:03:35 - [MESSAGE][PASSED] - Navigate to 'https://marketplacev1.test-prio.com' successfully

2022-02-14 12:03:35 - [TEST_STEP][PASSED] - delay(3): Delayed 3 second(s)

2022-02-14 12:03:38 - [MESSAGE][PASSED] - Delayed 3 second(s)

2022-02-14 12:03:38 - [TEST_STEP][PASSED] - click(findTestObject("SuperAdmin/Login/input_Email_contact_email")): Object: 'Object Repository/SuperAdmin/Login/input_Email_contact_email' is clicked on

2022-02-14 12:03:41 - [MESSAGE][PASSED] - Object: 'Object Repository/SuperAdmin/Login/input_Email_contact_email' is clicked on

2022-02-14 12:03:41 - [TEST_STEP][PASSED] - setText(findTestObject("SuperAdmin/Login/input_Email_contact_email"), uname): Text 'superadmin@tippoint.com' is set on object 'Object Repository/SuperAdmin/Login/input_Email_contact_email'

2022-02-14 12:03:48 - [MESSAGE][PASSED] - Text 'superadmin@tippoint.com' is set on object 'Object Repository/SuperAdmin/Login/input_Email_contact_email'

2022-02-14 12:03:48 - [TEST_STEP][PASSED] - setEncryptedText(findTestObject("SuperAdmin/Login/input_Password_password"), Password): Text ****** has been set on object 'Object Repository/SuperAdmin/Login/input_Password_password'

2022-02-14 12:03:54 - [MESSAGE][PASSED] - Text ****** has been set on object 'Object Repository/SuperAdmin/Login/input_Password_password'

2022-02-14 12:03:54 - [TEST_STEP][PASSED] - takeScreenshot(): Taking screenshot successfully

2022-02-14 12:03:54 - [MESSAGE][PASSED] - Taking screenshot successfully
[[ATTACHMENT|/home/intersoft-admin/Rattan/Bash/Training/Rattan/Final_testing/New_ActivityOverview/Reports/20220214_115757/CalendarTestingWithSearchAndSorting/20220214_115758/1644820434772.png]]

2022-02-14 12:03:54 - [TEST_STEP][PASSED] - newpackage.clickUsingJS.clickUsingJS(findTestObject("SuperAdmin/Login/button_Sign in"), 5): newpackage.clickUsingJS.clickUsingJS is PASSED

2022-02-14 12:03:55 - [MESSAGE][PASSED] - newpackage.clickUsingJS.clickUsingJS is PASSED

2022-02-14 12:03:55 - [MESSAGE][PASSED] - Call Test Case 'Test Cases/LoginWithSuperAdmin/SuperAdmin-Login' successfully

2022-02-14 12:03:55 - [TEST_STEP][PASSED] - switchToDefaultContent(): null

2022-02-14 12:03:55 - [TEST_STEP][PASSED] - click(findTestObject("SuperAdminLeftNavigation/NewActivityOverview-LeftNavigation")): Object: 'Object Repository/SuperAdminLeftNavigation/NewActivityOverview-LeftNavigation' is clicked on

2022-02-14 12:04:06 - [MESSAGE][PASSED] - Object: 'Object Repository/SuperAdminLeftNavigation/NewActivityOverview-LeftNavigation' is clicked on

2022-02-14 12:04:06 - [TEST_STEP][PASSED] - takeScreenshot(): Taking screenshot successfully

2022-02-14 12:04:07 - [MESSAGE][PASSED] - Taking screenshot successfully
[[ATTACHMENT|/home/intersoft-admin/Rattan/Bash/Training/Rattan/Final_testing/New_ActivityOverview/Reports/20220214_115757/CalendarTestingWithSearchAndSorting/20220214_115758/1644820447485.png]]

2022-02-14 12:04:07 - [TEST_STEP][PASSED] - switchToFrame(findTestObject("Object Repository/Iframe/NewActivityOverviewIframe"), 5): null

2022-02-14 12:04:07 - [TEST_STEP][PASSED] - delay(20): Delayed 20 second(s)

2022-02-14 12:04:27 - [MESSAGE][PASSED] - Delayed 20 second(s)

2022-02-14 12:04:27 - [TEST_STEP][PASSED] - takeScreenshot(): Taking screenshot successfully

2022-02-14 12:04:28 - [MESSAGE][PASSED] - Taking screenshot successfully
[[ATTACHMENT|/home/intersoft-admin/Rattan/Bash/Training/Rattan/Final_testing/New_ActivityOverview/Reports/20220214_115757/CalendarTestingWithSearchAndSorting/20220214_115758/1644820467932.png]]

2022-02-14 12:04:28 - [TEST_STEP][PASSED] - sizeoflisting = findWebElements(findTestObject("ListingArea/ListingContainsData"), 5).size(): null

2022-02-14 12:04:28 - [TEST_STEP][PASSED] - println(sizeoflisting): null

2022-02-14 12:04:28 - [TEST_STEP][PASSED] - logInfo(Size of Order Listing: $sizeoflisting): Size of Order Listing: 11

2022-02-14 12:04:28 - [MESSAGE][INFO] - Size of Order Listing: 11

2022-02-14 12:04:28 - [TEST_STEP][FAILED] - if (sizeoflisting > 2): Unable to send keys 'a' to object 'Object Repository/CalendarObjects/InputStartDate' (Root cause: com.kms.katalon.core.exception.StepFailedException: Unable to send keys 'a' to object 'Object Repository/CalendarObjects/InputStartDate'
	at com.kms.katalon.core.webui.keyword.internal.WebUIKeywordMain.stepFailed(WebUIKeywordMain.groovy:64)
	at com.kms.katalon.core.webui.keyword.internal.WebUIKeywordMain.runKeyword(WebUIKeywordMain.groovy:26)
	at com.kms.katalon.core.webui.keyword.builtin.SendKeysKeyword.sendKeys(SendKeysKeyword.groovy:60)
	at com.kms.katalon.core.webui.keyword.builtin.SendKeysKeyword.execute(SendKeysKeyword.groovy:38)
	at com.kms.katalon.core.keyword.internal.KeywordExecutor.executeKeywordForPlatform(KeywordExecutor.groovy:74)
	at com.kms.katalon.core.webui.keyword.WebUiBuiltInKeywords.sendKeys(WebUiBuiltInKeywords.groovy:864)
	at com.kms.katalon.core.webui.keyword.WebUiBuiltInKeywords$sendKeys$9.call(Unknown Source)
	at ActivityOverview-ListingCalendar-SearchSorting.run(ActivityOverview-ListingCalendar-SearchSorting:67)
	at com.kms.katalon.core.main.ScriptEngine.run(ScriptEngine.java:194)
	at com.kms.katalon.core.main.ScriptEngine.runScriptAsRawText(ScriptEngine.java:119)
	at com.kms.katalon.core.main.TestCaseExecutor.runScript(TestCaseExecutor.java:442)
	at com.kms.katalon.core.main.TestCaseExecutor.doExecute(TestCaseExecutor.java:433)
	at com.kms.katalon.core.main.TestCaseExecutor.processExecutionPhase(TestCaseExecutor.java:412)
	at com.kms.katalon.core.main.TestCaseExecutor.accessMainPhase(TestCaseExecutor.java:404)
	at com.kms.katalon.core.main.TestCaseExecutor.execute(TestCaseExecutor.java:281)
	at com.kms.katalon.core.main.TestCaseExecutor.execute(TestCaseExecutor.java:363)
	at com.kms.katalon.core.main.TestCaseExecutor.execute(TestCaseExecutor.java:363)
	at com.kms.katalon.core.main.TestCaseExecutor.execute(TestCaseExecutor.java:363)
	at com.kms.katalon.core.main.TestSuiteExecutor.accessTestCaseMainPhase(TestSuiteExecutor.java:202)
	at com.kms.katalon.core.main.TestSuiteExecutor.accessTestSuiteMainPhase(TestSuiteExecutor.java:164)
	at com.kms.katalon.core.main.TestSuiteExecutor.execute(TestSuiteExecutor.java:105)
	at com.kms.katalon.core.main.TestCaseMain.startTestSuite(TestCaseMain.java:185)
	at com.kms.katalon.core.main.TestCaseMain$startTestSuite$0.call(Unknown Source)
	at TempTestSuite1644820078420.run(TempTestSuite1644820078420.groovy:36)
Caused by: org.openqa.selenium.ElementNotInteractableException: element not interactable
  (Session info: chrome=97.0.4692.99)
Build info: version: '3.141.59', revision: 'e82be7d358', time: '2018-11-14T08:25:53'
System info: host: 'intersoftadmin-desktop', ip: '127.0.1.1', os.name: 'Linux', os.arch: 'amd64', os.version: '5.4.0-99-generic', java.version: '1.8.0_312'
Driver info: com.kms.katalon.selenium.driver.CChromeDriver
Capabilities {acceptInsecureCerts: false, browserName: chrome, browserVersion: 97.0.4692.99, chrome: {chromedriverVersion: 97.0.4692.36 (747e0a0f19c13..., userDataDir: /tmp/.com.google.Chrome.cGAhEi}, goog:chromeOptions: {debuggerAddress: localhost:41821}, javascriptEnabled: true, networkConnectionEnabled: false, pageLoadStrategy: normal, platform: LINUX, platformName: LINUX, proxy: Proxy(), setWindowRect: true, strictFileInteractability: false, timeouts: {implicit: 0, pageLoad: 300000, script: 30000}, unhandledPromptBehavior: dismiss and notify, webauthn:extension:credBlob: true, webauthn:extension:largeBlob: true, webauthn:virtualAuthenticators: true}
Session ID: ee46b6eefa58ced4794c155a083b58c6
	at org.openqa.selenium.remote.http.W3CHttpResponseCodec.createException(W3CHttpResponseCodec.java:187)
	at org.openqa.selenium.remote.http.W3CHttpResponseCodec.decode(W3CHttpResponseCodec.java:122)
	at org.openqa.selenium.remote.http.W3CHttpResponseCodec.decode(W3CHttpResponseCodec.java:49)
	at org.openqa.selenium.remote.HttpCommandExecutor.execute(HttpCommandExecutor.java:158)
	at org.openqa.selenium.remote.service.DriverCommandExecutor.execute(DriverCommandExecutor.java:83)
	at org.openqa.selenium.remote.RemoteWebDriver.execute(RemoteWebDriver.java:552)
	at com.kms.katalon.selenium.driver.CChromeDriver.execute(CChromeDriver.java:19)
	at org.openqa.selenium.remote.RemoteWebElement.execute(RemoteWebElement.java:285)
	at org.openqa.selenium.remote.RemoteWebElement.sendKeys(RemoteWebElement.java:106)
	at org.openqa.selenium.support.events.EventFiringWebDriver$EventFiringWebElement.lambda$new$0(EventFiringWebDriver.java:404)
	at com.sun.proxy.$Proxy11.sendKeys(Unknown Source)
	at org.openqa.selenium.support.events.EventFiringWebDriver$EventFiringWebElement.sendKeys(EventFiringWebDriver.java:429)
	at com.kms.katalon.core.webui.keyword.builtin.SendKeysKeyword$_sendKeys_closure1.doCall(SendKeysKeyword.groovy:53)
	at com.kms.katalon.core.webui.keyword.builtin.SendKeysKeyword$_sendKeys_closure1.call(SendKeysKeyword.groovy)
	at com.kms.katalon.core.webui.keyword.internal.WebUIKeywordMain.runKeyword(WebUIKeywordMain.groovy:20)
	at com.kms.katalon.core.webui.keyword.builtin.SendKeysKeyword.sendKeys(SendKeysKeyword.groovy:60)
	at com.kms.katalon.core.webui.keyword.builtin.SendKeysKeyword.execute(SendKeysKeyword.groovy:38)
	at com.kms.katalon.core.keyword.internal.KeywordExecutor.executeKeywordForPlatform(KeywordExecutor.groovy:74)
	at com.kms.katalon.core.webui.keyword.WebUiBuiltInKeywords.sendKeys(WebUiBuiltInKeywords.groovy:864)
	at com.kms.katalon.core.webui.keyword.WebUiBuiltInKeywords$sendKeys$9.call(Unknown Source)
	at Script1643615815620.run(Script1643615815620.groovy:67)
	... 16 more
)

2022-02-14 12:04:28 - [TEST_STEP][PASSED] - logInfo("Orders Exist in Listing"): Orders Exist in Listing

2022-02-14 12:04:28 - [MESSAGE][INFO] - Orders Exist in Listing

2022-02-14 12:04:28 - [TEST_STEP][PASSED] - click(findTestObject("Object Repository/CalendarObjects/ClickCalendar")): Object: 'Object Repository/CalendarObjects/ClickCalendar' is clicked on

2022-02-14 12:04:31 - [MESSAGE][PASSED] - Object: 'Object Repository/CalendarObjects/ClickCalendar' is clicked on

2022-02-14 12:04:31 - [TEST_STEP][PASSED] - delay(20): Delayed 20 second(s)

2022-02-14 12:04:51 - [MESSAGE][PASSED] - Delayed 20 second(s)

2022-02-14 12:04:51 - [TEST_STEP][PASSED] - takeScreenshot(): Taking screenshot successfully

2022-02-14 12:04:51 - [MESSAGE][PASSED] - Taking screenshot successfully
[[ATTACHMENT|/home/intersoft-admin/Rattan/Bash/Training/Rattan/Final_testing/New_ActivityOverview/Reports/20220214_115757/CalendarTestingWithSearchAndSorting/20220214_115758/1644820491259.png]]

2022-02-14 12:04:51 - [TEST_STEP][PASSED] - click(findTestObject("Object Repository/CalendarObjects/CalendarOptions-Select")): Object: 'Object Repository/CalendarObjects/CalendarOptions-Select' is clicked on

2022-02-14 12:04:54 - [MESSAGE][PASSED] - Object: 'Object Repository/CalendarObjects/CalendarOptions-Select' is clicked on

2022-02-14 12:04:54 - [TEST_STEP][PASSED] - delay(5): Delayed 5 second(s)

2022-02-14 12:04:59 - [MESSAGE][PASSED] - Delayed 5 second(s)

2022-02-14 12:04:59 - [TEST_STEP][PASSED] - click(findTestObject("Object Repository/CalendarObjects/CalendarOptions-SelectOptions", ["types":"Custom"])): Object: 'Object Repository/CalendarObjects/CalendarOptions-SelectOptions' is clicked on

2022-02-14 12:05:02 - [MESSAGE][PASSED] - Object: 'Object Repository/CalendarObjects/CalendarOptions-SelectOptions' is clicked on

2022-02-14 12:05:02 - [TEST_STEP][PASSED] - delay(5): Delayed 5 second(s)

2022-02-14 12:05:07 - [MESSAGE][PASSED] - Delayed 5 second(s)

2022-02-14 12:05:07 - [TEST_STEP][FAILED] - sendKeys(findTestObject("Object Repository/CalendarObjects/InputStartDate"), Keys.chord(CONTROL + "a")): Unable to send keys 'a' to object 'Object Repository/CalendarObjects/InputStartDate' (Root cause: com.kms.katalon.core.exception.StepFailedException: Unable to send keys 'a' to object 'Object Repository/CalendarObjects/InputStartDate'
	at com.kms.katalon.core.webui.keyword.internal.WebUIKeywordMain.stepFailed(WebUIKeywordMain.groovy:64)
	at com.kms.katalon.core.webui.keyword.internal.WebUIKeywordMain.runKeyword(WebUIKeywordMain.groovy:26)
	at com.kms.katalon.core.webui.keyword.builtin.SendKeysKeyword.sendKeys(SendKeysKeyword.groovy:60)
	at com.kms.katalon.core.webui.keyword.builtin.SendKeysKeyword.execute(SendKeysKeyword.groovy:38)
	at com.kms.katalon.core.keyword.internal.KeywordExecutor.executeKeywordForPlatform(KeywordExecutor.groovy:74)
	at com.kms.katalon.core.webui.keyword.WebUiBuiltInKeywords.sendKeys(WebUiBuiltInKeywords.groovy:864)
	at com.kms.katalon.core.webui.keyword.WebUiBuiltInKeywords$sendKeys$9.call(Unknown Source)
	at ActivityOverview-ListingCalendar-SearchSorting.run(ActivityOverview-ListingCalendar-SearchSorting:67)
	at com.kms.katalon.core.main.ScriptEngine.run(ScriptEngine.java:194)
	at com.kms.katalon.core.main.ScriptEngine.runScriptAsRawText(ScriptEngine.java:119)
	at com.kms.katalon.core.main.TestCaseExecutor.runScript(TestCaseExecutor.java:442)
	at com.kms.katalon.core.main.TestCaseExecutor.doExecute(TestCaseExecutor.java:433)
	at com.kms.katalon.core.main.TestCaseExecutor.processExecutionPhase(TestCaseExecutor.java:412)
	at com.kms.katalon.core.main.TestCaseExecutor.accessMainPhase(TestCaseExecutor.java:404)
	at com.kms.katalon.core.main.TestCaseExecutor.execute(TestCaseExecutor.java:281)
	at com.kms.katalon.core.main.TestCaseExecutor.execute(TestCaseExecutor.java:363)
	at com.kms.katalon.core.main.TestCaseExecutor.execute(TestCaseExecutor.java:363)
	at com.kms.katalon.core.main.TestCaseExecutor.execute(TestCaseExecutor.java:363)
	at com.kms.katalon.core.main.TestSuiteExecutor.accessTestCaseMainPhase(TestSuiteExecutor.java:202)
	at com.kms.katalon.core.main.TestSuiteExecutor.accessTestSuiteMainPhase(TestSuiteExecutor.java:164)
	at com.kms.katalon.core.main.TestSuiteExecutor.execute(TestSuiteExecutor.java:105)
	at com.kms.katalon.core.main.TestCaseMain.startTestSuite(TestCaseMain.java:185)
	at com.kms.katalon.core.main.TestCaseMain$startTestSuite$0.call(Unknown Source)
	at TempTestSuite1644820078420.run(TempTestSuite1644820078420.groovy:36)
Caused by: org.openqa.selenium.ElementNotInteractableException: element not interactable
  (Session info: chrome=97.0.4692.99)
Build info: version: '3.141.59', revision: 'e82be7d358', time: '2018-11-14T08:25:53'
System info: host: 'intersoftadmin-desktop', ip: '127.0.1.1', os.name: 'Linux', os.arch: 'amd64', os.version: '5.4.0-99-generic', java.version: '1.8.0_312'
Driver info: com.kms.katalon.selenium.driver.CChromeDriver
Capabilities {acceptInsecureCerts: false, browserName: chrome, browserVersion: 97.0.4692.99, chrome: {chromedriverVersion: 97.0.4692.36 (747e0a0f19c13..., userDataDir: /tmp/.com.google.Chrome.cGAhEi}, goog:chromeOptions: {debuggerAddress: localhost:41821}, javascriptEnabled: true, networkConnectionEnabled: false, pageLoadStrategy: normal, platform: LINUX, platformName: LINUX, proxy: Proxy(), setWindowRect: true, strictFileInteractability: false, timeouts: {implicit: 0, pageLoad: 300000, script: 30000}, unhandledPromptBehavior: dismiss and notify, webauthn:extension:credBlob: true, webauthn:extension:largeBlob: true, webauthn:virtualAuthenticators: true}
Session ID: ee46b6eefa58ced4794c155a083b58c6
	at org.openqa.selenium.remote.http.W3CHttpResponseCodec.createException(W3CHttpResponseCodec.java:187)
	at org.openqa.selenium.remote.http.W3CHttpResponseCodec.decode(W3CHttpResponseCodec.java:122)
	at org.openqa.selenium.remote.http.W3CHttpResponseCodec.decode(W3CHttpResponseCodec.java:49)
	at org.openqa.selenium.remote.HttpCommandExecutor.execute(HttpCommandExecutor.java:158)
	at org.openqa.selenium.remote.service.DriverCommandExecutor.execute(DriverCommandExecutor.java:83)
	at org.openqa.selenium.remote.RemoteWebDriver.execute(RemoteWebDriver.java:552)
	at com.kms.katalon.selenium.driver.CChromeDriver.execute(CChromeDriver.java:19)
	at org.openqa.selenium.remote.RemoteWebElement.execute(RemoteWebElement.java:285)
	at org.openqa.selenium.remote.RemoteWebElement.sendKeys(RemoteWebElement.java:106)
	at org.openqa.selenium.support.events.EventFiringWebDriver$EventFiringWebElement.lambda$new$0(EventFiringWebDriver.java:404)
	at com.sun.proxy.$Proxy11.sendKeys(Unknown Source)
	at org.openqa.selenium.support.events.EventFiringWebDriver$EventFiringWebElement.sendKeys(EventFiringWebDriver.java:429)
	at com.kms.katalon.core.webui.keyword.builtin.SendKeysKeyword$_sendKeys_closure1.doCall(SendKeysKeyword.groovy:53)
	at com.kms.katalon.core.webui.keyword.builtin.SendKeysKeyword$_sendKeys_closure1.call(SendKeysKeyword.groovy)
	at com.kms.katalon.core.webui.keyword.internal.WebUIKeywordMain.runKeyword(WebUIKeywordMain.groovy:20)
	at com.kms.katalon.core.webui.keyword.builtin.SendKeysKeyword.sendKeys(SendKeysKeyword.groovy:60)
	at com.kms.katalon.core.webui.keyword.builtin.SendKeysKeyword.execute(SendKeysKeyword.groovy:38)
	at com.kms.katalon.core.keyword.internal.KeywordExecutor.executeKeywordForPlatform(KeywordExecutor.groovy:74)
	at com.kms.katalon.core.webui.keyword.WebUiBuiltInKeywords.sendKeys(WebUiBuiltInKeywords.groovy:864)
	at com.kms.katalon.core.webui.keyword.WebUiBuiltInKeywords$sendKeys$9.call(Unknown Source)
	at Script1643615815620.run(Script1643615815620.groovy:67)
	... 16 more
)

2022-02-14 12:05:10 - [MESSAGE][FAILED] - Unable to send keys 'a' to object 'Object Repository/CalendarObjects/InputStartDate' (Root cause: com.kms.katalon.core.exception.StepFailedException: Unable to send keys 'a' to object 'Object Repository/CalendarObjects/InputStartDate'
	at com.kms.katalon.core.webui.keyword.internal.WebUIKeywordMain.stepFailed(WebUIKeywordMain.groovy:64)
	at com.kms.katalon.core.webui.keyword.internal.WebUIKeywordMain.runKeyword(WebUIKeywordMain.groovy:26)
	at com.kms.katalon.core.webui.keyword.builtin.SendKeysKeyword.sendKeys(SendKeysKeyword.groovy:60)
	at com.kms.katalon.core.webui.keyword.builtin.SendKeysKeyword.execute(SendKeysKeyword.groovy:38)
	at com.kms.katalon.core.keyword.internal.KeywordExecutor.executeKeywordForPlatform(KeywordExecutor.groovy:74)
	at com.kms.katalon.core.webui.keyword.WebUiBuiltInKeywords.sendKeys(WebUiBuiltInKeywords.groovy:864)
	at com.kms.katalon.core.webui.keyword.WebUiBuiltInKeywords$sendKeys$9.call(Unknown Source)
	at ActivityOverview-ListingCalendar-SearchSorting.run(ActivityOverview-ListingCalendar-SearchSorting:67)
	at com.kms.katalon.core.main.ScriptEngine.run(ScriptEngine.java:194)
	at com.kms.katalon.core.main.ScriptEngine.runScriptAsRawText(ScriptEngine.java:119)
	at com.kms.katalon.core.main.TestCaseExecutor.runScript(TestCaseExecutor.java:442)
	at com.kms.katalon.core.main.TestCaseExecutor.doExecute(TestCaseExecutor.java:433)
	at com.kms.katalon.core.main.TestCaseExecutor.processExecutionPhase(TestCaseExecutor.java:412)
	at com.kms.katalon.core.main.TestCaseExecutor.accessMainPhase(TestCaseExecutor.java:404)
	at com.kms.katalon.core.main.TestCaseExecutor.execute(TestCaseExecutor.java:281)
	at com.kms.katalon.core.main.TestCaseExecutor.execute(TestCaseExecutor.java:363)
	at com.kms.katalon.core.main.TestCaseExecutor.execute(TestCaseExecutor.java:363)
	at com.kms.katalon.core.main.TestCaseExecutor.execute(TestCaseExecutor.java:363)
	at com.kms.katalon.core.main.TestSuiteExecutor.accessTestCaseMainPhase(TestSuiteExecutor.java:202)
	at com.kms.katalon.core.main.TestSuiteExecutor.accessTestSuiteMainPhase(TestSuiteExecutor.java:164)
	at com.kms.katalon.core.main.TestSuiteExecutor.execute(TestSuiteExecutor.java:105)
	at com.kms.katalon.core.main.TestCaseMain.startTestSuite(TestCaseMain.java:185)
	at com.kms.katalon.core.main.TestCaseMain$startTestSuite$0.call(Unknown Source)
	at TempTestSuite1644820078420.run(TempTestSuite1644820078420.groovy:36)
Caused by: org.openqa.selenium.ElementNotInteractableException: element not interactable
  (Session info: chrome=97.0.4692.99)
Build info: version: '3.141.59', revision: 'e82be7d358', time: '2018-11-14T08:25:53'
System info: host: 'intersoftadmin-desktop', ip: '127.0.1.1', os.name: 'Linux', os.arch: 'amd64', os.version: '5.4.0-99-generic', java.version: '1.8.0_312'
Driver info: com.kms.katalon.selenium.driver.CChromeDriver
Capabilities {acceptInsecureCerts: false, browserName: chrome, browserVersion: 97.0.4692.99, chrome: {chromedriverVersion: 97.0.4692.36 (747e0a0f19c13..., userDataDir: /tmp/.com.google.Chrome.cGAhEi}, goog:chromeOptions: {debuggerAddress: localhost:41821}, javascriptEnabled: true, networkConnectionEnabled: false, pageLoadStrategy: normal, platform: LINUX, platformName: LINUX, proxy: Proxy(), setWindowRect: true, strictFileInteractability: false, timeouts: {implicit: 0, pageLoad: 300000, script: 30000}, unhandledPromptBehavior: dismiss and notify, webauthn:extension:credBlob: true, webauthn:extension:largeBlob: true, webauthn:virtualAuthenticators: true}
Session ID: ee46b6eefa58ced4794c155a083b58c6
	at org.openqa.selenium.remote.http.W3CHttpResponseCodec.createException(W3CHttpResponseCodec.java:187)
	at org.openqa.selenium.remote.http.W3CHttpResponseCodec.decode(W3CHttpResponseCodec.java:122)
	at org.openqa.selenium.remote.http.W3CHttpResponseCodec.decode(W3CHttpResponseCodec.java:49)
	at org.openqa.selenium.remote.HttpCommandExecutor.execute(HttpCommandExecutor.java:158)
	at org.openqa.selenium.remote.service.DriverCommandExecutor.execute(DriverCommandExecutor.java:83)
	at org.openqa.selenium.remote.RemoteWebDriver.execute(RemoteWebDriver.java:552)
	at com.kms.katalon.selenium.driver.CChromeDriver.execute(CChromeDriver.java:19)
	at org.openqa.selenium.remote.RemoteWebElement.execute(RemoteWebElement.java:285)
	at org.openqa.selenium.remote.RemoteWebElement.sendKeys(RemoteWebElement.java:106)
	at org.openqa.selenium.support.events.EventFiringWebDriver$EventFiringWebElement.lambda$new$0(EventFiringWebDriver.java:404)
	at com.sun.proxy.$Proxy11.sendKeys(Unknown Source)
	at org.openqa.selenium.support.events.EventFiringWebDriver$EventFiringWebElement.sendKeys(EventFiringWebDriver.java:429)
	at com.kms.katalon.core.webui.keyword.builtin.SendKeysKeyword$_sendKeys_closure1.doCall(SendKeysKeyword.groovy:53)
	at com.kms.katalon.core.webui.keyword.builtin.SendKeysKeyword$_sendKeys_closure1.call(SendKeysKeyword.groovy)
	at com.kms.katalon.core.webui.keyword.internal.WebUIKeywordMain.runKeyword(WebUIKeywordMain.groovy:20)
	at com.kms.katalon.core.webui.keyword.builtin.SendKeysKeyword.sendKeys(SendKeysKeyword.groovy:60)
	at com.kms.katalon.core.webui.keyword.builtin.SendKeysKeyword.execute(SendKeysKeyword.groovy:38)
	at com.kms.katalon.core.keyword.internal.KeywordExecutor.executeKeywordForPlatform(KeywordExecutor.groovy:74)
	at com.kms.katalon.core.webui.keyword.WebUiBuiltInKeywords.sendKeys(WebUiBuiltInKeywords.groovy:864)
	at com.kms.katalon.core.webui.keyword.WebUiBuiltInKeywords$sendKeys$9.call(Unknown Source)
	at Script1643615815620.run(Script1643615815620.groovy:67)
	... 16 more
)
[[ATTACHMENT|/home/intersoft-admin/Rattan/Bash/Training/Rattan/Final_testing/New_ActivityOverview/Reports/20220214_115757/CalendarTestingWithSearchAndSorting/20220214_115758/1644820510765.png]]]]></system-out>
         <system-err><![CDATA[2022-02-14 12:03:29 - [TEST_CASE][FAILED] - Test Cases/NewActivityOverview-LeftNavigation/ActivityOverview-ListingCalendar-SearchSorting: Test Cases/NewActivityOverview-LeftNavigation/ActivityOverview-ListingCalendar-SearchSorting FAILED.
Reason:
com.kms.katalon.core.exception.StepFailedException: Unable to send keys 'a' to object 'Object Repository/CalendarObjects/InputStartDate'
	at com.kms.katalon.core.webui.keyword.internal.WebUIKeywordMain.stepFailed(WebUIKeywordMain.groovy:64)
	at com.kms.katalon.core.webui.keyword.internal.WebUIKeywordMain.runKeyword(WebUIKeywordMain.groovy:26)
	at com.kms.katalon.core.webui.keyword.builtin.SendKeysKeyword.sendKeys(SendKeysKeyword.groovy:60)
	at com.kms.katalon.core.webui.keyword.builtin.SendKeysKeyword.execute(SendKeysKeyword.groovy:38)
	at com.kms.katalon.core.keyword.internal.KeywordExecutor.executeKeywordForPlatform(KeywordExecutor.groovy:74)
	at com.kms.katalon.core.webui.keyword.WebUiBuiltInKeywords.sendKeys(WebUiBuiltInKeywords.groovy:864)
	at com.kms.katalon.core.webui.keyword.WebUiBuiltInKeywords$sendKeys$9.call(Unknown Source)
	at ActivityOverview-ListingCalendar-SearchSorting.run(ActivityOverview-ListingCalendar-SearchSorting:67)
	at com.kms.katalon.core.main.ScriptEngine.run(ScriptEngine.java:194)
	at com.kms.katalon.core.main.ScriptEngine.runScriptAsRawText(ScriptEngine.java:119)
	at com.kms.katalon.core.main.TestCaseExecutor.runScript(TestCaseExecutor.java:442)
	at com.kms.katalon.core.main.TestCaseExecutor.doExecute(TestCaseExecutor.java:433)
	at com.kms.katalon.core.main.TestCaseExecutor.processExecutionPhase(TestCaseExecutor.java:412)
	at com.kms.katalon.core.main.TestCaseExecutor.accessMainPhase(TestCaseExecutor.java:404)
	at com.kms.katalon.core.main.TestCaseExecutor.execute(TestCaseExecutor.java:281)
	at com.kms.katalon.core.main.TestCaseExecutor.execute(TestCaseExecutor.java:363)
	at com.kms.katalon.core.main.TestCaseExecutor.execute(TestCaseExecutor.java:363)
	at com.kms.katalon.core.main.TestCaseExecutor.execute(TestCaseExecutor.java:363)
	at com.kms.katalon.core.main.TestSuiteExecutor.accessTestCaseMainPhase(TestSuiteExecutor.java:202)
	at com.kms.katalon.core.main.TestSuiteExecutor.accessTestSuiteMainPhase(TestSuiteExecutor.java:164)
	at com.kms.katalon.core.main.TestSuiteExecutor.execute(TestSuiteExecutor.java:105)
	at com.kms.katalon.core.main.TestCaseMain.startTestSuite(TestCaseMain.java:185)
	at com.kms.katalon.core.main.TestCaseMain$startTestSuite$0.call(Unknown Source)
	at TempTestSuite1644820078420.run(TempTestSuite1644820078420.groovy:36)
Caused by: org.openqa.selenium.ElementNotInteractableException: element not interactable
  (Session info: chrome=97.0.4692.99)
Build info: version: '3.141.59', revision: 'e82be7d358', time: '2018-11-14T08:25:53'
System info: host: 'intersoftadmin-desktop', ip: '127.0.1.1', os.name: 'Linux', os.arch: 'amd64', os.version: '5.4.0-99-generic', java.version: '1.8.0_312'
Driver info: com.kms.katalon.selenium.driver.CChromeDriver
Capabilities {acceptInsecureCerts: false, browserName: chrome, browserVersion: 97.0.4692.99, chrome: {chromedriverVersion: 97.0.4692.36 (747e0a0f19c13..., userDataDir: /tmp/.com.google.Chrome.cGAhEi}, goog:chromeOptions: {debuggerAddress: localhost:41821}, javascriptEnabled: true, networkConnectionEnabled: false, pageLoadStrategy: normal, platform: LINUX, platformName: LINUX, proxy: Proxy(), setWindowRect: true, strictFileInteractability: false, timeouts: {implicit: 0, pageLoad: 300000, script: 30000}, unhandledPromptBehavior: dismiss and notify, webauthn:extension:credBlob: true, webauthn:extension:largeBlob: true, webauthn:virtualAuthenticators: true}
Session ID: ee46b6eefa58ced4794c155a083b58c6
	at org.openqa.selenium.remote.http.W3CHttpResponseCodec.createException(W3CHttpResponseCodec.java:187)
	at org.openqa.selenium.remote.http.W3CHttpResponseCodec.decode(W3CHttpResponseCodec.java:122)
	at org.openqa.selenium.remote.http.W3CHttpResponseCodec.decode(W3CHttpResponseCodec.java:49)
	at org.openqa.selenium.remote.HttpCommandExecutor.execute(HttpCommandExecutor.java:158)
	at org.openqa.selenium.remote.service.DriverCommandExecutor.execute(DriverCommandExecutor.java:83)
	at org.openqa.selenium.remote.RemoteWebDriver.execute(RemoteWebDriver.java:552)
	at com.kms.katalon.selenium.driver.CChromeDriver.execute(CChromeDriver.java:19)
	at org.openqa.selenium.remote.RemoteWebElement.execute(RemoteWebElement.java:285)
	at org.openqa.selenium.remote.RemoteWebElement.sendKeys(RemoteWebElement.java:106)
	at org.openqa.selenium.support.events.EventFiringWebDriver$EventFiringWebElement.lambda$new$0(EventFiringWebDriver.java:404)
	at com.sun.proxy.$Proxy11.sendKeys(Unknown Source)
	at org.openqa.selenium.support.events.EventFiringWebDriver$EventFiringWebElement.sendKeys(EventFiringWebDriver.java:429)
	at com.kms.katalon.core.webui.keyword.builtin.SendKeysKeyword$_sendKeys_closure1.doCall(SendKeysKeyword.groovy:53)
	at com.kms.katalon.core.webui.keyword.builtin.SendKeysKeyword$_sendKeys_closure1.call(SendKeysKeyword.groovy)
	at com.kms.katalon.core.webui.keyword.internal.WebUIKeywordMain.runKeyword(WebUIKeywordMain.groovy:20)
	... 22 more]]></system-err>
      </testcase>
      <system-out><![CDATA[2022-02-14 11:58:53 - [TEST_SUITE][FAILED] - CalendarTestingWithSearchAndSorting: Test Cases/NewActivityOverview-LeftNavigation/ActivityOverview-ListingCalendar-SearchSorting FAILED.
Reason:
com.kms.katalon.core.exception.StepFailedException: Unable to send keys 'a' to object 'Object Repository/CalendarObjects/InputStartDate'
	at com.kms.katalon.core.webui.keyword.internal.WebUIKeywordMain.stepFailed(WebUIKeywordMain.groovy:64)
	at com.kms.katalon.core.webui.keyword.internal.WebUIKeywordMain.runKeyword(WebUIKeywordMain.groovy:26)
	at com.kms.katalon.core.webui.keyword.builtin.SendKeysKeyword.sendKeys(SendKeysKeyword.groovy:60)
	at com.kms.katalon.core.webui.keyword.builtin.SendKeysKeyword.execute(SendKeysKeyword.groovy:38)
	at com.kms.katalon.core.keyword.internal.KeywordExecutor.executeKeywordForPlatform(KeywordExecutor.groovy:74)
	at com.kms.katalon.core.webui.keyword.WebUiBuiltInKeywords.sendKeys(WebUiBuiltInKeywords.groovy:864)
	at com.kms.katalon.core.webui.keyword.WebUiBuiltInKeywords$sendKeys$9.call(Unknown Source)
	at ActivityOverview-ListingCalendar-SearchSorting.run(ActivityOverview-ListingCalendar-SearchSorting:67)
	at com.kms.katalon.core.main.ScriptEngine.run(ScriptEngine.java:194)
	at com.kms.katalon.core.main.ScriptEngine.runScriptAsRawText(ScriptEngine.java:119)
	at com.kms.katalon.core.main.TestCaseExecutor.runScript(TestCaseExecutor.java:442)
	at com.kms.katalon.core.main.TestCaseExecutor.doExecute(TestCaseExecutor.java:433)
	at com.kms.katalon.core.main.TestCaseExecutor.processExecutionPhase(TestCaseExecutor.java:412)
	at com.kms.katalon.core.main.TestCaseExecutor.accessMainPhase(TestCaseExecutor.java:404)
	at com.kms.katalon.core.main.TestCaseExecutor.execute(TestCaseExecutor.java:281)
	at com.kms.katalon.core.main.TestSuiteExecutor.accessTestCaseMainPhase(TestSuiteExecutor.java:202)
	at com.kms.katalon.core.main.TestSuiteExecutor.accessTestSuiteMainPhase(TestSuiteExecutor.java:164)
	at com.kms.katalon.core.main.TestSuiteExecutor.execute(TestSuiteExecutor.java:105)
	at com.kms.katalon.core.main.TestCaseMain.startTestSuite(TestCaseMain.java:185)
	at com.kms.katalon.core.main.TestCaseMain$startTestSuite$0.call(Unknown Source)
	at TempTestSuite1644820078420.run(TempTestSuite1644820078420.groovy:36)
Caused by: org.openqa.selenium.ElementNotInteractableException: element not interactable
  (Session info: chrome=97.0.4692.99)
Build info: version: '3.141.59', revision: 'e82be7d358', time: '2018-11-14T08:25:53'
System info: host: 'intersoftadmin-desktop', ip: '127.0.1.1', os.name: 'Linux', os.arch: 'amd64', os.version: '5.4.0-99-generic', java.version: '1.8.0_312'
Driver info: com.kms.katalon.selenium.driver.CChromeDriver
Capabilities {acceptInsecureCerts: false, browserName: chrome, browserVersion: 97.0.4692.99, chrome: {chromedriverVersion: 97.0.4692.36 (747e0a0f19c13..., userDataDir: /tmp/.com.google.Chrome.KdqnAz}, goog:chromeOptions: {debuggerAddress: localhost:41043}, javascriptEnabled: true, networkConnectionEnabled: false, pageLoadStrategy: normal, platform: LINUX, platformName: LINUX, proxy: Proxy(), setWindowRect: true, strictFileInteractability: false, timeouts: {implicit: 0, pageLoad: 300000, script: 30000}, unhandledPromptBehavior: dismiss and notify, webauthn:extension:credBlob: true, webauthn:extension:largeBlob: true, webauthn:virtualAuthenticators: true}
Session ID: 3b28ef37e03feadc3989759b7a70cea7
	at org.openqa.selenium.remote.http.W3CHttpResponseCodec.createException(W3CHttpResponseCodec.java:187)
	at org.openqa.selenium.remote.http.W3CHttpResponseCodec.decode(W3CHttpResponseCodec.java:122)
	at org.openqa.selenium.remote.http.W3CHttpResponseCodec.decode(W3CHttpResponseCodec.java:49)
	at org.openqa.selenium.remote.HttpCommandExecutor.execute(HttpCommandExecutor.java:158)
	at org.openqa.selenium.remote.service.DriverCommandExecutor.execute(DriverCommandExecutor.java:83)
	at org.openqa.selenium.remote.RemoteWebDriver.execute(RemoteWebDriver.java:552)
	at com.kms.katalon.selenium.driver.CChromeDriver.execute(CChromeDriver.java:19)
	at org.openqa.selenium.remote.RemoteWebElement.execute(RemoteWebElement.java:285)
	at org.openqa.selenium.remote.RemoteWebElement.sendKeys(RemoteWebElement.java:106)
	at org.openqa.selenium.support.events.EventFiringWebDriver$EventFiringWebElement.lambda$new$0(EventFiringWebDriver.java:404)
	at com.sun.proxy.$Proxy11.sendKeys(Unknown Source)
	at org.openqa.selenium.support.events.EventFiringWebDriver$EventFiringWebElement.sendKeys(EventFiringWebDriver.java:429)
	at com.kms.katalon.core.webui.keyword.builtin.SendKeysKeyword$_sendKeys_closure1.doCall(SendKeysKeyword.groovy:53)
	at com.kms.katalon.core.webui.keyword.builtin.SendKeysKeyword$_sendKeys_closure1.call(SendKeysKeyword.groovy)
	at com.kms.katalon.core.webui.keyword.internal.WebUIKeywordMain.runKeyword(WebUIKeywordMain.groovy:20)
	... 19 more]]></system-out>
      <system-err><![CDATA[2022-02-14 11:58:53 - [TEST_SUITE][FAILED] - CalendarTestingWithSearchAndSorting: Test Cases/NewActivityOverview-LeftNavigation/ActivityOverview-ListingCalendar-SearchSorting FAILED.
Reason:
com.kms.katalon.core.exception.StepFailedException: Unable to send keys 'a' to object 'Object Repository/CalendarObjects/InputStartDate'
	at com.kms.katalon.core.webui.keyword.internal.WebUIKeywordMain.stepFailed(WebUIKeywordMain.groovy:64)
	at com.kms.katalon.core.webui.keyword.internal.WebUIKeywordMain.runKeyword(WebUIKeywordMain.groovy:26)
	at com.kms.katalon.core.webui.keyword.builtin.SendKeysKeyword.sendKeys(SendKeysKeyword.groovy:60)
	at com.kms.katalon.core.webui.keyword.builtin.SendKeysKeyword.execute(SendKeysKeyword.groovy:38)
	at com.kms.katalon.core.keyword.internal.KeywordExecutor.executeKeywordForPlatform(KeywordExecutor.groovy:74)
	at com.kms.katalon.core.webui.keyword.WebUiBuiltInKeywords.sendKeys(WebUiBuiltInKeywords.groovy:864)
	at com.kms.katalon.core.webui.keyword.WebUiBuiltInKeywords$sendKeys$9.call(Unknown Source)
	at ActivityOverview-ListingCalendar-SearchSorting.run(ActivityOverview-ListingCalendar-SearchSorting:67)
	at com.kms.katalon.core.main.ScriptEngine.run(ScriptEngine.java:194)
	at com.kms.katalon.core.main.ScriptEngine.runScriptAsRawText(ScriptEngine.java:119)
	at com.kms.katalon.core.main.TestCaseExecutor.runScript(TestCaseExecutor.java:442)
	at com.kms.katalon.core.main.TestCaseExecutor.doExecute(TestCaseExecutor.java:433)
	at com.kms.katalon.core.main.TestCaseExecutor.processExecutionPhase(TestCaseExecutor.java:412)
	at com.kms.katalon.core.main.TestCaseExecutor.accessMainPhase(TestCaseExecutor.java:404)
	at com.kms.katalon.core.main.TestCaseExecutor.execute(TestCaseExecutor.java:281)
	at com.kms.katalon.core.main.TestSuiteExecutor.accessTestCaseMainPhase(TestSuiteExecutor.java:202)
	at com.kms.katalon.core.main.TestSuiteExecutor.accessTestSuiteMainPhase(TestSuiteExecutor.java:164)
	at com.kms.katalon.core.main.TestSuiteExecutor.execute(TestSuiteExecutor.java:105)
	at com.kms.katalon.core.main.TestCaseMain.startTestSuite(TestCaseMain.java:185)
	at com.kms.katalon.core.main.TestCaseMain$startTestSuite$0.call(Unknown Source)
	at TempTestSuite1644820078420.run(TempTestSuite1644820078420.groovy:36)
Caused by: org.openqa.selenium.ElementNotInteractableException: element not interactable
  (Session info: chrome=97.0.4692.99)
Build info: version: '3.141.59', revision: 'e82be7d358', time: '2018-11-14T08:25:53'
System info: host: 'intersoftadmin-desktop', ip: '127.0.1.1', os.name: 'Linux', os.arch: 'amd64', os.version: '5.4.0-99-generic', java.version: '1.8.0_312'
Driver info: com.kms.katalon.selenium.driver.CChromeDriver
Capabilities {acceptInsecureCerts: false, browserName: chrome, browserVersion: 97.0.4692.99, chrome: {chromedriverVersion: 97.0.4692.36 (747e0a0f19c13..., userDataDir: /tmp/.com.google.Chrome.KdqnAz}, goog:chromeOptions: {debuggerAddress: localhost:41043}, javascriptEnabled: true, networkConnectionEnabled: false, pageLoadStrategy: normal, platform: LINUX, platformName: LINUX, proxy: Proxy(), setWindowRect: true, strictFileInteractability: false, timeouts: {implicit: 0, pageLoad: 300000, script: 30000}, unhandledPromptBehavior: dismiss and notify, webauthn:extension:credBlob: true, webauthn:extension:largeBlob: true, webauthn:virtualAuthenticators: true}
Session ID: 3b28ef37e03feadc3989759b7a70cea7
	at org.openqa.selenium.remote.http.W3CHttpResponseCodec.createException(W3CHttpResponseCodec.java:187)
	at org.openqa.selenium.remote.http.W3CHttpResponseCodec.decode(W3CHttpResponseCodec.java:122)
	at org.openqa.selenium.remote.http.W3CHttpResponseCodec.decode(W3CHttpResponseCodec.java:49)
	at org.openqa.selenium.remote.HttpCommandExecutor.execute(HttpCommandExecutor.java:158)
	at org.openqa.selenium.remote.service.DriverCommandExecutor.execute(DriverCommandExecutor.java:83)
	at org.openqa.selenium.remote.RemoteWebDriver.execute(RemoteWebDriver.java:552)
	at com.kms.katalon.selenium.driver.CChromeDriver.execute(CChromeDriver.java:19)
	at org.openqa.selenium.remote.RemoteWebElement.execute(RemoteWebElement.java:285)
	at org.openqa.selenium.remote.RemoteWebElement.sendKeys(RemoteWebElement.java:106)
	at org.openqa.selenium.support.events.EventFiringWebDriver$EventFiringWebElement.lambda$new$0(EventFiringWebDriver.java:404)
	at com.sun.proxy.$Proxy11.sendKeys(Unknown Source)
	at org.openqa.selenium.support.events.EventFiringWebDriver$EventFiringWebElement.sendKeys(EventFiringWebDriver.java:429)
	at com.kms.katalon.core.webui.keyword.builtin.SendKeysKeyword$_sendKeys_closure1.doCall(SendKeysKeyword.groovy:53)
	at com.kms.katalon.core.webui.keyword.builtin.SendKeysKeyword$_sendKeys_closure1.call(SendKeysKeyword.groovy)
	at com.kms.katalon.core.webui.keyword.internal.WebUIKeywordMain.runKeyword(WebUIKeywordMain.groovy:20)
	... 19 more]]></system-err>
   </testsuite>
   <testsuite name="CancelAndRefundMultipleBookings" tests="1" failures="0" errors="0" time="505.381" skipped="0" timestamp="2022-02-14 12:05:26" hostname="intersoft-admin - intersoftadmin-desktop" id="Test Suites/CancelAndRefundMultipleBookings">
      <properties>
         <property name="deviceName" value=""/>
         <property name="devicePlatform" value=""/>
         <property name="logFolder" value="/home/intersoft-admin/Rattan/Bash/Training/Rattan/Final_testing/New_ActivityOverview/Reports/20220214_115757/CancelAndRefundMultipleBookings/20220214_115800"/>
         <property name="logFiles" value="/home/intersoft-admin/Rattan/Bash/Training/Rattan/Final_testing/New_ActivityOverview/Reports/20220214_115757/CancelAndRefundMultipleBookings/20220214_115800/execution0.log"/>
         <property name="attachments" value="/home/intersoft-admin/Rattan/Bash/Training/Rattan/Final_testing/New_ActivityOverview/Reports/20220214_115757/CancelAndRefundMultipleBookings/20220214_115800/1644820554465.png, /home/intersoft-admin/Rattan/Bash/Training/Rattan/Final_testing/New_ActivityOverview/Reports/20220214_115757/CancelAndRefundMultipleBookings/20220214_115800/1644820567630.png, /home/intersoft-admin/Rattan/Bash/Training/Rattan/Final_testing/New_ActivityOverview/Reports/20220214_115757/CancelAndRefundMultipleBookings/20220214_115800/1644820578073.png, /home/intersoft-admin/Rattan/Bash/Training/Rattan/Final_testing/New_ActivityOverview/Reports/20220214_115757/CancelAndRefundMultipleBookings/20220214_115800/1644820609714.png, /home/intersoft-admin/Rattan/Bash/Training/Rattan/Final_testing/New_ActivityOverview/Reports/20220214_115757/CancelAndRefundMultipleBookings/20220214_115800/1644820633183.png, /home/intersoft-admin/Rattan/Bash/Training/Rattan/Final_testing/New_ActivityOverview/Reports/20220214_115757/CancelAndRefundMultipleBookings/20220214_115800/1644820633602.png, /home/intersoft-admin/Rattan/Bash/Training/Rattan/Final_testing/New_ActivityOverview/Reports/20220214_115757/CancelAndRefundMultipleBookings/20220214_115800/1644820657040.png, /home/intersoft-admin/Rattan/Bash/Training/Rattan/Final_testing/New_ActivityOverview/Reports/20220214_115757/CancelAndRefundMultipleBookings/20220214_115800/1644820717758.png, /home/intersoft-admin/Rattan/Bash/Training/Rattan/Final_testing/New_ActivityOverview/Reports/20220214_115757/CancelAndRefundMultipleBookings/20220214_115800/1644820718055.png, /home/intersoft-admin/Rattan/Bash/Training/Rattan/Final_testing/New_ActivityOverview/Reports/20220214_115757/CancelAndRefundMultipleBookings/20220214_115800/1644820741403.png, /home/intersoft-admin/Rattan/Bash/Training/Rattan/Final_testing/New_ActivityOverview/Reports/20220214_115757/CancelAndRefundMultipleBookings/20220214_115800/1644820802063.png, /home/intersoft-admin/Rattan/Bash/Training/Rattan/Final_testing/New_ActivityOverview/Reports/20220214_115757/CancelAndRefundMultipleBookings/20220214_115800/1644820802366.png, /home/intersoft-admin/Rattan/Bash/Training/Rattan/Final_testing/New_ActivityOverview/Reports/20220214_115757/CancelAndRefundMultipleBookings/20220214_115800/1644820825787.png, /home/intersoft-admin/Rattan/Bash/Training/Rattan/Final_testing/New_ActivityOverview/Reports/20220214_115757/CancelAndRefundMultipleBookings/20220214_115800/1644820886492.png, /home/intersoft-admin/Rattan/Bash/Training/Rattan/Final_testing/New_ActivityOverview/Reports/20220214_115757/CancelAndRefundMultipleBookings/20220214_115800/1644820886763.png, /home/intersoft-admin/Rattan/Bash/Training/Rattan/Final_testing/New_ActivityOverview/Reports/20220214_115757/CancelAndRefundMultipleBookings/20220214_115800/1644820910114.png, /home/intersoft-admin/Rattan/Bash/Training/Rattan/Final_testing/New_ActivityOverview/Reports/20220214_115757/CancelAndRefundMultipleBookings/20220214_115800/1644820970803.png, /home/intersoft-admin/Rattan/Bash/Training/Rattan/Final_testing/New_ActivityOverview/Reports/20220214_115757/CancelAndRefundMultipleBookings/20220214_115800/1644820971183.png, /home/intersoft-admin/Rattan/Bash/Training/Rattan/Final_testing/New_ActivityOverview/Reports/20220214_115757/CancelAndRefundMultipleBookings/20220214_115800/1644820994578.png"/>
         <property name="hostName" value="intersoft-admin - intersoftadmin-desktop"/>
         <property name="os" value="Linux 64bit"/>
         <property name="katalonVersion" value="8.2.5.208"/>
         <property name="browser" value="Chrome 97.0.4692.99"/>
         <property name="hostAddress" value="127.0.1.1"/>
         <property name="sessionId" value="1c0a38a940c4b6b6f0bd879209794a8d"/>
         <property name="seleniumVersion" value="3.141.59"/>
         <property name="proxyInformation" value="ProxyInformation { proxyOption=NO_PROXY, proxyServerType=HTTP, username=, password=********, proxyServerAddress=, proxyServerPort=0, executionList=&quot;&quot;, isApplyToDesiredCapabilities=true }"/>
         <property name="platform" value="Linux"/>
      </properties>
      <testcase name="Test Cases/NewActivityOverview-LeftNavigation/ActivityOverview-CancelBooking-GetOrderIDAndRefund" time="505.076" classname="Test Cases/NewActivityOverview-LeftNavigation/ActivityOverview-CancelBooking-GetOrderIDAndRefund" status="PASSED">
         <system-out><![CDATA[2022-02-14 12:05:27 - [TEST_CASE][PASSED] - Test Cases/NewActivityOverview-LeftNavigation/ActivityOverview-CancelBooking-GetOrderIDAndRefund: Test Cases/NewActivityOverview-LeftNavigation/ActivityOverview-CancelBooking-GetOrderIDAndRefund

2022-02-14 12:05:27 - [TEST_STEP][PASSED] - callTestCase(findTestCase("LoginWithSuperAdmin/SuperAdmin-Login"), [:], STOP_ON_FAILURE): Call Test Case 'Test Cases/LoginWithSuperAdmin/SuperAdmin-Login' successfully

2022-02-14 12:05:27 - [TEST_CASE][PASSED] - Test Cases/LoginWithSuperAdmin/SuperAdmin-Login: Test Cases/LoginWithSuperAdmin/SuperAdmin-Login

2022-02-14 12:05:27 - [TEST_STEP][PASSED] - openBrowser(""): Browser is opened with url: ''

2022-02-14 12:05:27 - [MESSAGE][INFO] - Starting 'Chrome' driver

2022-02-14 12:05:28 - [MESSAGE][INFO] - Action delay is set to 3,000 milliseconds

2022-02-14 12:05:29 - [MESSAGE][PASSED] - Browser is opened with url: ''

2022-02-14 12:05:29 - [TEST_STEP][PASSED] - setViewPortSize(1920, 1080): Viewport is set to new size with width = 1920 and height = 1080

2022-02-14 12:05:29 - [MESSAGE][PASSED] - Viewport is set to new size with width = 1920 and height = 1080

2022-02-14 12:05:29 - [TEST_STEP][PASSED] - navigateToUrl(URL): Navigate to 'https://marketplacev1.test-prio.com' successfully

2022-02-14 12:05:34 - [MESSAGE][PASSED] - Navigate to 'https://marketplacev1.test-prio.com' successfully

2022-02-14 12:05:34 - [TEST_STEP][PASSED] - delay(3): Delayed 3 second(s)

2022-02-14 12:05:37 - [MESSAGE][PASSED] - Delayed 3 second(s)

2022-02-14 12:05:37 - [TEST_STEP][PASSED] - click(findTestObject("SuperAdmin/Login/input_Email_contact_email")): Object: 'Object Repository/SuperAdmin/Login/input_Email_contact_email' is clicked on

2022-02-14 12:05:41 - [MESSAGE][PASSED] - Object: 'Object Repository/SuperAdmin/Login/input_Email_contact_email' is clicked on

2022-02-14 12:05:41 - [TEST_STEP][PASSED] - setText(findTestObject("SuperAdmin/Login/input_Email_contact_email"), uname): Text 'superadmin@tippoint.com' is set on object 'Object Repository/SuperAdmin/Login/input_Email_contact_email'

2022-02-14 12:05:47 - [MESSAGE][PASSED] - Text 'superadmin@tippoint.com' is set on object 'Object Repository/SuperAdmin/Login/input_Email_contact_email'

2022-02-14 12:05:47 - [TEST_STEP][PASSED] - setEncryptedText(findTestObject("SuperAdmin/Login/input_Password_password"), Password): Text ****** has been set on object 'Object Repository/SuperAdmin/Login/input_Password_password'

2022-02-14 12:05:54 - [MESSAGE][PASSED] - Text ****** has been set on object 'Object Repository/SuperAdmin/Login/input_Password_password'

2022-02-14 12:05:54 - [TEST_STEP][PASSED] - takeScreenshot(): Taking screenshot successfully

2022-02-14 12:05:54 - [MESSAGE][PASSED] - Taking screenshot successfully
[[ATTACHMENT|/home/intersoft-admin/Rattan/Bash/Training/Rattan/Final_testing/New_ActivityOverview/Reports/20220214_115757/CancelAndRefundMultipleBookings/20220214_115800/1644820554465.png]]

2022-02-14 12:05:54 - [TEST_STEP][PASSED] - newpackage.clickUsingJS.clickUsingJS(findTestObject("SuperAdmin/Login/button_Sign in"), 5): newpackage.clickUsingJS.clickUsingJS is PASSED

2022-02-14 12:05:55 - [MESSAGE][PASSED] - newpackage.clickUsingJS.clickUsingJS is PASSED

2022-02-14 12:05:55 - [MESSAGE][PASSED] - Call Test Case 'Test Cases/LoginWithSuperAdmin/SuperAdmin-Login' successfully

2022-02-14 12:05:55 - [TEST_STEP][PASSED] - switchToDefaultContent(): null

2022-02-14 12:05:55 - [TEST_STEP][PASSED] - click(findTestObject("SuperAdminLeftNavigation/NewActivityOverview-LeftNavigation")): Object: 'Object Repository/SuperAdminLeftNavigation/NewActivityOverview-LeftNavigation' is clicked on

2022-02-14 12:06:06 - [MESSAGE][PASSED] - Object: 'Object Repository/SuperAdminLeftNavigation/NewActivityOverview-LeftNavigation' is clicked on

2022-02-14 12:06:06 - [TEST_STEP][PASSED] - takeScreenshot(): Taking screenshot successfully

2022-02-14 12:06:07 - [MESSAGE][PASSED] - Taking screenshot successfully
[[ATTACHMENT|/home/intersoft-admin/Rattan/Bash/Training/Rattan/Final_testing/New_ActivityOverview/Reports/20220214_115757/CancelAndRefundMultipleBookings/20220214_115800/1644820567630.png]]

2022-02-14 12:06:07 - [TEST_STEP][PASSED] - switchToFrame(findTestObject("Object Repository/Iframe/NewActivityOverviewIframe"), 5): null

2022-02-14 12:06:08 - [TEST_STEP][PASSED] - delay(10): Delayed 10 second(s)

2022-02-14 12:06:18 - [MESSAGE][PASSED] - Delayed 10 second(s)

2022-02-14 12:06:18 - [TEST_STEP][PASSED] - takeScreenshot(): Taking screenshot successfully

2022-02-14 12:06:18 - [MESSAGE][PASSED] - Taking screenshot successfully
[[ATTACHMENT|/home/intersoft-admin/Rattan/Bash/Training/Rattan/Final_testing/New_ActivityOverview/Reports/20220214_115757/CancelAndRefundMultipleBookings/20220214_115800/1644820578073.png]]

2022-02-14 12:06:18 - [TEST_STEP][PASSED] - sizeoflisting = findWebElements(findTestObject("ListingArea/ListingContainsData"), 5).size(): null

2022-02-14 12:06:18 - [TEST_STEP][PASSED] - println(sizeoflisting): null

2022-02-14 12:06:18 - [TEST_STEP][PASSED] - logInfo(Size of Order Listing: $sizeoflisting): Size of Order Listing: 11

2022-02-14 12:06:18 - [MESSAGE][INFO] - Size of Order Listing: 11

2022-02-14 12:06:18 - [TEST_STEP][PASSED] - if (sizeoflisting > 2): Delayed 13 second(s)

2022-02-14 12:06:18 - [TEST_STEP][PASSED] - logInfo("Orders Exist in Listing"): Orders Exist in Listing

2022-02-14 12:06:18 - [MESSAGE][INFO] - Orders Exist in Listing

2022-02-14 12:06:18 - [TEST_STEP][PASSED] - click(findTestObject("Object Repository/OrderPerPage/OrderPerPage_select")): Object: 'Object Repository/OrderPerPage/OrderPerPage_select' is clicked on

2022-02-14 12:06:21 - [MESSAGE][PASSED] - Object: 'Object Repository/OrderPerPage/OrderPerPage_select' is clicked on

2022-02-14 12:06:21 - [TEST_STEP][PASSED] - delay(5): Delayed 5 second(s)

2022-02-14 12:06:26 - [MESSAGE][PASSED] - Delayed 5 second(s)

2022-02-14 12:06:26 - [TEST_STEP][PASSED] - click(findTestObject("Object Repository/OrderPerPage/OrderPerPage-SelectOption")): Object: 'Object Repository/OrderPerPage/OrderPerPage-SelectOption' is clicked on

2022-02-14 12:06:29 - [MESSAGE][PASSED] - Object: 'Object Repository/OrderPerPage/OrderPerPage-SelectOption' is clicked on

2022-02-14 12:06:29 - [TEST_STEP][PASSED] - delay(20): Delayed 20 second(s)

2022-02-14 12:06:49 - [MESSAGE][PASSED] - Delayed 20 second(s)

2022-02-14 12:06:49 - [TEST_STEP][PASSED] - takeScreenshot(): Taking screenshot successfully

2022-02-14 12:06:49 - [MESSAGE][PASSED] - Taking screenshot successfully
[[ATTACHMENT|/home/intersoft-admin/Rattan/Bash/Training/Rattan/Final_testing/New_ActivityOverview/Reports/20220214_115757/CancelAndRefundMultipleBookings/20220214_115800/1644820609714.png]]

2022-02-14 12:06:49 - [TEST_STEP][PASSED] - SizeofPagination = getText(findTestObject("Object Repository/PaginationCOunt/PaginationCount")): Text of object 'Object Repository/PaginationCOunt/PaginationCount' is: '100'

2022-02-14 12:06:49 - [MESSAGE][PASSED] - Text of object 'Object Repository/PaginationCOunt/PaginationCount' is: '100'

2022-02-14 12:06:49 - [TEST_STEP][PASSED] - println(SizeofPagination): null

2022-02-14 12:06:49 - [TEST_STEP][PASSED] - paginationmaxcount = Integer.parseInt(SizeofPagination): null

2022-02-14 12:06:49 - [TEST_STEP][PASSED] - paginationmaxcount = pagination: null

2022-02-14 12:06:49 - [TEST_STEP][PASSED] - logInfo(Size of Pagination: $paginationmaxcount): Size of Pagination: 5

2022-02-14 12:06:49 - [MESSAGE][INFO] - Size of Pagination: 5

2022-02-14 12:06:49 - [TEST_STEP][PASSED] - totalrecords = 0: null

2022-02-14 12:06:49 - [TEST_STEP][PASSED] - for ([l = 1, l <= paginationmaxcount, (l++)]): Delayed 13 second(s)

2022-02-14 12:06:49 - [TEST_STEP][PASSED] - if (l <= 5): null

2022-02-14 12:06:49 - [TEST_STEP][PASSED] - paginationvalue = l: null

2022-02-14 12:06:49 - [TEST_STEP][PASSED] - if (l > 5): null

2022-02-14 12:06:49 - [TEST_STEP][PASSED] - logInfo(Size of Pagination: $paginationvalue): Size of Pagination: 1

2022-02-14 12:06:49 - [MESSAGE][INFO] - Size of Pagination: 1

2022-02-14 12:06:49 - [TEST_STEP][PASSED] - click(findTestObject("Object Repository/PaginationCOunt/ClickOnPagination", ["pagination":paginationvalue])): Object: 'Object Repository/PaginationCOunt/ClickOnPagination' is clicked on

2022-02-14 12:06:53 - [MESSAGE][PASSED] - Object: 'Object Repository/PaginationCOunt/ClickOnPagination' is clicked on

2022-02-14 12:06:53 - [TEST_STEP][PASSED] - delay(20): Delayed 20 second(s)

2022-02-14 12:07:13 - [MESSAGE][PASSED] - Delayed 20 second(s)

2022-02-14 12:07:13 - [TEST_STEP][PASSED] - takeScreenshot(): Taking screenshot successfully

2022-02-14 12:07:13 - [MESSAGE][PASSED] - Taking screenshot successfully
[[ATTACHMENT|/home/intersoft-admin/Rattan/Bash/Training/Rattan/Final_testing/New_ActivityOverview/Reports/20220214_115757/CancelAndRefundMultipleBookings/20220214_115800/1644820633183.png]]

2022-02-14 12:07:13 - [TEST_STEP][PASSED] - SizeofActiveBookings = findWebElements(findTestObject("Object Repository/CancelAndRefund/OrderListWithoutRefundedStatus"), 5).size(): null

2022-02-14 12:07:13 - [TEST_STEP][PASSED] - logInfo(Size of Active Bookings: $SizeofActiveBookings): Size of Active Bookings: 88

2022-02-14 12:07:13 - [MESSAGE][INFO] - Size of Active Bookings: 88

2022-02-14 12:07:13 - [TEST_STEP][PASSED] - for ([refund = 1, refund < SizeofActiveBookings, (refund++)]): null

2022-02-14 12:07:13 - [TEST_STEP][PASSED] - if (refund == 1): null

2022-02-14 12:07:13 - [TEST_STEP][PASSED] - refund = SizeofActiveBookings: null

2022-02-14 12:07:13 - [TEST_STEP][PASSED] - refundvalue = refund: null

2022-02-14 12:07:13 - [TEST_STEP][PASSED] - logInfo(Size of refund booking: $refund): Size of refund booking: 88

2022-02-14 12:07:13 - [MESSAGE][INFO] - Size of refund booking: 88

2022-02-14 12:07:13 - [TEST_STEP][PASSED] - scrollToElement(findTestObject("Object Repository/CancelAndRefund/OrderListWithoutRefundedStatus - Click", ["position":refund]), 15): Scroll to object 'Object Repository/CancelAndRefund/OrderListWithoutRefundedStatus - Click' successfully

2022-02-14 12:07:13 - [MESSAGE][PASSED] - Scroll to object 'Object Repository/CancelAndRefund/OrderListWithoutRefundedStatus - Click' successfully

2022-02-14 12:07:13 - [TEST_STEP][PASSED] - takeScreenshot(): Taking screenshot successfully

2022-02-14 12:07:13 - [MESSAGE][PASSED] - Taking screenshot successfully
[[ATTACHMENT|/home/intersoft-admin/Rattan/Bash/Training/Rattan/Final_testing/New_ActivityOverview/Reports/20220214_115757/CancelAndRefundMultipleBookings/20220214_115800/1644820633602.png]]

2022-02-14 12:07:13 - [TEST_STEP][PASSED] - orderId = findWebElement(findTestObject("Object Repository/GetOrderID/GetOrderID", ["position":refund])).getAttribute("data-order_id"): null

2022-02-14 12:07:13 - [TEST_STEP][PASSED] - orderId = orderId: null

2022-02-14 12:07:13 - [TEST_STEP][PASSED] - logInfo(Order ID: $orderId): Order ID: 164464180980325

2022-02-14 12:07:13 - [MESSAGE][INFO] - Order ID: 164464180980325

2022-02-14 12:07:13 - [TEST_STEP][PASSED] - click(findTestObject("Object Repository/GetOrderID/GetOrderID", ["position":refund])): Object: 'Object Repository/GetOrderID/GetOrderID' is clicked on

2022-02-14 12:07:17 - [MESSAGE][PASSED] - Object: 'Object Repository/GetOrderID/GetOrderID' is clicked on

2022-02-14 12:07:17 - [TEST_STEP][PASSED] - delay(20): Delayed 20 second(s)

2022-02-14 12:07:37 - [MESSAGE][PASSED] - Delayed 20 second(s)

2022-02-14 12:07:37 - [TEST_STEP][PASSED] - takeScreenshot(): Taking screenshot successfully

2022-02-14 12:07:37 - [MESSAGE][PASSED] - Taking screenshot successfully
[[ATTACHMENT|/home/intersoft-admin/Rattan/Bash/Training/Rattan/Final_testing/New_ActivityOverview/Reports/20220214_115757/CancelAndRefundMultipleBookings/20220214_115800/1644820657040.png]]

2022-02-14 12:07:37 - [TEST_STEP][PASSED] - bookingsize = findWebElements(findTestObject("Object Repository/DetailPop-up/ExpanSection/ProductSectionLength"), 5).size(): [SELF-HEALING] Cannot find elements when the selector is null

2022-02-14 12:07:43 - [MESSAGE][INFO] - Unable to find the element located by 'By.xpath: //div[@class='order-detail-left']//li[@class='order-list confirm hash-link-parent']'. Please recheck the objects properties to make sure the desired element is located. 

2022-02-14 12:07:43 - [MESSAGE][WARNING] - [SELF-HEALING] Failed to find element with id 'Object Repository/DetailPop-up/ExpanSection/ProductSectionLength'. Try using Self-healing.

2022-02-14 12:07:44 - [MESSAGE][INFO] - [SELF-HEALING] No working XPath is found.

2022-02-14 12:07:45 - [MESSAGE][INFO] - Unable to find the element located by 'By.xpath: '. Please recheck the objects properties to make sure the desired element is located. 

2022-02-14 12:07:45 - [MESSAGE][WARNING] - [SELF-HEALING] Cannot find elements when the selector is null

2022-02-14 12:07:45 - [TEST_STEP][PASSED] - logInfo(Size of Bookings on Product detail Pop-up: $bookingsize): Size of Bookings on Product detail Pop-up: 0

2022-02-14 12:07:45 - [MESSAGE][INFO] - Size of Bookings on Product detail Pop-up: 0

2022-02-14 12:07:45 - [TEST_STEP][PASSED] - for ([looping = 1, looping <= bookingsize, (looping++)]): null

2022-02-14 12:07:45 - [TEST_STEP][PASSED] - delay(13): Delayed 13 second(s)

2022-02-14 12:07:58 - [MESSAGE][PASSED] - Delayed 13 second(s)

2022-02-14 12:07:58 - [TEST_STEP][PASSED] - click(findTestObject("Object Repository/DetailPop-up/Backbutton/BackButtonToListing")): Object: 'Object Repository/DetailPop-up/Backbutton/BackButtonToListing' is clicked on

2022-02-14 12:08:01 - [MESSAGE][PASSED] - Object: 'Object Repository/DetailPop-up/Backbutton/BackButtonToListing' is clicked on

2022-02-14 12:08:01 - [TEST_STEP][PASSED] - delay(13): Delayed 13 second(s)

2022-02-14 12:08:14 - [MESSAGE][PASSED] - Delayed 13 second(s)

2022-02-14 12:08:14 - [TEST_STEP][PASSED] - if (l <= 5): null

2022-02-14 12:08:14 - [TEST_STEP][PASSED] - paginationvalue = l: null

2022-02-14 12:08:14 - [TEST_STEP][PASSED] - if (l > 5): null

2022-02-14 12:08:14 - [TEST_STEP][PASSED] - logInfo(Size of Pagination: $paginationvalue): Size of Pagination: 2

2022-02-14 12:08:14 - [MESSAGE][INFO] - Size of Pagination: 2

2022-02-14 12:08:14 - [TEST_STEP][PASSED] - click(findTestObject("Object Repository/PaginationCOunt/ClickOnPagination", ["pagination":paginationvalue])): Object: 'Object Repository/PaginationCOunt/ClickOnPagination' is clicked on

2022-02-14 12:08:17 - [MESSAGE][PASSED] - Object: 'Object Repository/PaginationCOunt/ClickOnPagination' is clicked on

2022-02-14 12:08:17 - [TEST_STEP][PASSED] - delay(20): Delayed 20 second(s)

2022-02-14 12:08:37 - [MESSAGE][PASSED] - Delayed 20 second(s)

2022-02-14 12:08:37 - [TEST_STEP][PASSED] - takeScreenshot(): Taking screenshot successfully

2022-02-14 12:08:37 - [MESSAGE][PASSED] - Taking screenshot successfully
[[ATTACHMENT|/home/intersoft-admin/Rattan/Bash/Training/Rattan/Final_testing/New_ActivityOverview/Reports/20220214_115757/CancelAndRefundMultipleBookings/20220214_115800/1644820717758.png]]

2022-02-14 12:08:37 - [TEST_STEP][PASSED] - SizeofActiveBookings = findWebElements(findTestObject("Object Repository/CancelAndRefund/OrderListWithoutRefundedStatus"), 5).size(): null

2022-02-14 12:08:37 - [TEST_STEP][PASSED] - logInfo(Size of Active Bookings: $SizeofActiveBookings): Size of Active Bookings: 73

2022-02-14 12:08:37 - [MESSAGE][INFO] - Size of Active Bookings: 73

2022-02-14 12:08:37 - [TEST_STEP][PASSED] - for ([refund = 1, refund < SizeofActiveBookings, (refund++)]): null

2022-02-14 12:08:37 - [TEST_STEP][PASSED] - if (refund == 1): null

2022-02-14 12:08:37 - [TEST_STEP][PASSED] - refund = SizeofActiveBookings: null

2022-02-14 12:08:37 - [TEST_STEP][PASSED] - refundvalue = refund: null

2022-02-14 12:08:37 - [TEST_STEP][PASSED] - logInfo(Size of refund booking: $refund): Size of refund booking: 73

2022-02-14 12:08:37 - [MESSAGE][INFO] - Size of refund booking: 73

2022-02-14 12:08:37 - [TEST_STEP][PASSED] - scrollToElement(findTestObject("Object Repository/CancelAndRefund/OrderListWithoutRefundedStatus - Click", ["position":refund]), 15): Scroll to object 'Object Repository/CancelAndRefund/OrderListWithoutRefundedStatus - Click' successfully

2022-02-14 12:08:38 - [MESSAGE][PASSED] - Scroll to object 'Object Repository/CancelAndRefund/OrderListWithoutRefundedStatus - Click' successfully

2022-02-14 12:08:38 - [TEST_STEP][PASSED] - takeScreenshot(): Taking screenshot successfully

2022-02-14 12:08:38 - [MESSAGE][PASSED] - Taking screenshot successfully
[[ATTACHMENT|/home/intersoft-admin/Rattan/Bash/Training/Rattan/Final_testing/New_ActivityOverview/Reports/20220214_115757/CancelAndRefundMultipleBookings/20220214_115800/1644820718055.png]]

2022-02-14 12:08:38 - [TEST_STEP][PASSED] - orderId = findWebElement(findTestObject("Object Repository/GetOrderID/GetOrderID", ["position":refund])).getAttribute("data-order_id"): null

2022-02-14 12:08:38 - [TEST_STEP][PASSED] - orderId = orderId: null

2022-02-14 12:08:38 - [TEST_STEP][PASSED] - logInfo(Order ID: $orderId): Order ID: 164455573276181

2022-02-14 12:08:38 - [MESSAGE][INFO] - Order ID: 164455573276181

2022-02-14 12:08:38 - [TEST_STEP][PASSED] - click(findTestObject("Object Repository/GetOrderID/GetOrderID", ["position":refund])): Object: 'Object Repository/GetOrderID/GetOrderID' is clicked on

2022-02-14 12:08:41 - [MESSAGE][PASSED] - Object: 'Object Repository/GetOrderID/GetOrderID' is clicked on

2022-02-14 12:08:41 - [TEST_STEP][PASSED] - delay(20): Delayed 20 second(s)

2022-02-14 12:09:01 - [MESSAGE][PASSED] - Delayed 20 second(s)

2022-02-14 12:09:01 - [TEST_STEP][PASSED] - takeScreenshot(): Taking screenshot successfully

2022-02-14 12:09:01 - [MESSAGE][PASSED] - Taking screenshot successfully
[[ATTACHMENT|/home/intersoft-admin/Rattan/Bash/Training/Rattan/Final_testing/New_ActivityOverview/Reports/20220214_115757/CancelAndRefundMultipleBookings/20220214_115800/1644820741403.png]]

2022-02-14 12:09:01 - [TEST_STEP][PASSED] - bookingsize = findWebElements(findTestObject("Object Repository/DetailPop-up/ExpanSection/ProductSectionLength"), 5).size(): [SELF-HEALING] Cannot find elements when the selector is null

2022-02-14 12:09:07 - [MESSAGE][INFO] - Unable to find the element located by 'By.xpath: //div[@class='order-detail-left']//li[@class='order-list confirm hash-link-parent']'. Please recheck the objects properties to make sure the desired element is located. 

2022-02-14 12:09:07 - [MESSAGE][WARNING] - [SELF-HEALING] Failed to find element with id 'Object Repository/DetailPop-up/ExpanSection/ProductSectionLength'. Try using Self-healing.

2022-02-14 12:09:08 - [MESSAGE][INFO] - [SELF-HEALING] No working XPath is found.

2022-02-14 12:09:09 - [MESSAGE][INFO] - Unable to find the element located by 'By.xpath: '. Please recheck the objects properties to make sure the desired element is located. 

2022-02-14 12:09:09 - [MESSAGE][WARNING] - [SELF-HEALING] Cannot find elements when the selector is null

2022-02-14 12:09:09 - [TEST_STEP][PASSED] - logInfo(Size of Bookings on Product detail Pop-up: $bookingsize): Size of Bookings on Product detail Pop-up: 0

2022-02-14 12:09:09 - [MESSAGE][INFO] - Size of Bookings on Product detail Pop-up: 0

2022-02-14 12:09:09 - [TEST_STEP][PASSED] - for ([looping = 1, looping <= bookingsize, (looping++)]): null

2022-02-14 12:09:09 - [TEST_STEP][PASSED] - delay(13): Delayed 13 second(s)

2022-02-14 12:09:22 - [MESSAGE][PASSED] - Delayed 13 second(s)

2022-02-14 12:09:22 - [TEST_STEP][PASSED] - click(findTestObject("Object Repository/DetailPop-up/Backbutton/BackButtonToListing")): Object: 'Object Repository/DetailPop-up/Backbutton/BackButtonToListing' is clicked on

2022-02-14 12:09:25 - [MESSAGE][PASSED] - Object: 'Object Repository/DetailPop-up/Backbutton/BackButtonToListing' is clicked on

2022-02-14 12:09:25 - [TEST_STEP][PASSED] - delay(13): Delayed 13 second(s)

2022-02-14 12:09:38 - [MESSAGE][PASSED] - Delayed 13 second(s)

2022-02-14 12:09:38 - [TEST_STEP][PASSED] - if (l <= 5): null

2022-02-14 12:09:38 - [TEST_STEP][PASSED] - paginationvalue = l: null

2022-02-14 12:09:38 - [TEST_STEP][PASSED] - if (l > 5): null

2022-02-14 12:09:38 - [TEST_STEP][PASSED] - logInfo(Size of Pagination: $paginationvalue): Size of Pagination: 3

2022-02-14 12:09:38 - [MESSAGE][INFO] - Size of Pagination: 3

2022-02-14 12:09:38 - [TEST_STEP][PASSED] - click(findTestObject("Object Repository/PaginationCOunt/ClickOnPagination", ["pagination":paginationvalue])): Object: 'Object Repository/PaginationCOunt/ClickOnPagination' is clicked on

2022-02-14 12:09:42 - [MESSAGE][PASSED] - Object: 'Object Repository/PaginationCOunt/ClickOnPagination' is clicked on

2022-02-14 12:09:42 - [TEST_STEP][PASSED] - delay(20): Delayed 20 second(s)

2022-02-14 12:10:02 - [MESSAGE][PASSED] - Delayed 20 second(s)

2022-02-14 12:10:02 - [TEST_STEP][PASSED] - takeScreenshot(): Taking screenshot successfully

2022-02-14 12:10:02 - [MESSAGE][PASSED] - Taking screenshot successfully
[[ATTACHMENT|/home/intersoft-admin/Rattan/Bash/Training/Rattan/Final_testing/New_ActivityOverview/Reports/20220214_115757/CancelAndRefundMultipleBookings/20220214_115800/1644820802063.png]]

2022-02-14 12:10:02 - [TEST_STEP][PASSED] - SizeofActiveBookings = findWebElements(findTestObject("Object Repository/CancelAndRefund/OrderListWithoutRefundedStatus"), 5).size(): null

2022-02-14 12:10:02 - [TEST_STEP][PASSED] - logInfo(Size of Active Bookings: $SizeofActiveBookings): Size of Active Bookings: 77

2022-02-14 12:10:02 - [MESSAGE][INFO] - Size of Active Bookings: 77

2022-02-14 12:10:02 - [TEST_STEP][PASSED] - for ([refund = 1, refund < SizeofActiveBookings, (refund++)]): null

2022-02-14 12:10:02 - [TEST_STEP][PASSED] - if (refund == 1): null

2022-02-14 12:10:02 - [TEST_STEP][PASSED] - refund = SizeofActiveBookings: null

2022-02-14 12:10:02 - [TEST_STEP][PASSED] - refundvalue = refund: null

2022-02-14 12:10:02 - [TEST_STEP][PASSED] - logInfo(Size of refund booking: $refund): Size of refund booking: 77

2022-02-14 12:10:02 - [MESSAGE][INFO] - Size of refund booking: 77

2022-02-14 12:10:02 - [TEST_STEP][PASSED] - scrollToElement(findTestObject("Object Repository/CancelAndRefund/OrderListWithoutRefundedStatus - Click", ["position":refund]), 15): Scroll to object 'Object Repository/CancelAndRefund/OrderListWithoutRefundedStatus - Click' successfully

2022-02-14 12:10:02 - [MESSAGE][PASSED] - Scroll to object 'Object Repository/CancelAndRefund/OrderListWithoutRefundedStatus - Click' successfully

2022-02-14 12:10:02 - [TEST_STEP][PASSED] - takeScreenshot(): Taking screenshot successfully

2022-02-14 12:10:02 - [MESSAGE][PASSED] - Taking screenshot successfully
[[ATTACHMENT|/home/intersoft-admin/Rattan/Bash/Training/Rattan/Final_testing/New_ActivityOverview/Reports/20220214_115757/CancelAndRefundMultipleBookings/20220214_115800/1644820802366.png]]

2022-02-14 12:10:02 - [TEST_STEP][PASSED] - orderId = findWebElement(findTestObject("Object Repository/GetOrderID/GetOrderID", ["position":refund])).getAttribute("data-order_id"): null

2022-02-14 12:10:02 - [TEST_STEP][PASSED] - orderId = orderId: null

2022-02-14 12:10:02 - [TEST_STEP][PASSED] - logInfo(Order ID: $orderId): Order ID: 164440392356297

2022-02-14 12:10:02 - [MESSAGE][INFO] - Order ID: 164440392356297

2022-02-14 12:10:02 - [TEST_STEP][PASSED] - click(findTestObject("Object Repository/GetOrderID/GetOrderID", ["position":refund])): Object: 'Object Repository/GetOrderID/GetOrderID' is clicked on

2022-02-14 12:10:05 - [MESSAGE][PASSED] - Object: 'Object Repository/GetOrderID/GetOrderID' is clicked on

2022-02-14 12:10:05 - [TEST_STEP][PASSED] - delay(20): Delayed 20 second(s)

2022-02-14 12:10:25 - [MESSAGE][PASSED] - Delayed 20 second(s)

2022-02-14 12:10:25 - [TEST_STEP][PASSED] - takeScreenshot(): Taking screenshot successfully

2022-02-14 12:10:25 - [MESSAGE][PASSED] - Taking screenshot successfully
[[ATTACHMENT|/home/intersoft-admin/Rattan/Bash/Training/Rattan/Final_testing/New_ActivityOverview/Reports/20220214_115757/CancelAndRefundMultipleBookings/20220214_115800/1644820825787.png]]

2022-02-14 12:10:25 - [TEST_STEP][PASSED] - bookingsize = findWebElements(findTestObject("Object Repository/DetailPop-up/ExpanSection/ProductSectionLength"), 5).size(): [SELF-HEALING] Cannot find elements when the selector is null

2022-02-14 12:10:31 - [MESSAGE][INFO] - Unable to find the element located by 'By.xpath: //div[@class='order-detail-left']//li[@class='order-list confirm hash-link-parent']'. Please recheck the objects properties to make sure the desired element is located. 

2022-02-14 12:10:31 - [MESSAGE][WARNING] - [SELF-HEALING] Failed to find element with id 'Object Repository/DetailPop-up/ExpanSection/ProductSectionLength'. Try using Self-healing.

2022-02-14 12:10:32 - [MESSAGE][INFO] - [SELF-HEALING] No working XPath is found.

2022-02-14 12:10:33 - [MESSAGE][INFO] - Unable to find the element located by 'By.xpath: '. Please recheck the objects properties to make sure the desired element is located. 

2022-02-14 12:10:33 - [MESSAGE][WARNING] - [SELF-HEALING] Cannot find elements when the selector is null

2022-02-14 12:10:33 - [TEST_STEP][PASSED] - logInfo(Size of Bookings on Product detail Pop-up: $bookingsize): Size of Bookings on Product detail Pop-up: 0

2022-02-14 12:10:33 - [MESSAGE][INFO] - Size of Bookings on Product detail Pop-up: 0

2022-02-14 12:10:33 - [TEST_STEP][PASSED] - for ([looping = 1, looping <= bookingsize, (looping++)]): null

2022-02-14 12:10:33 - [TEST_STEP][PASSED] - delay(13): Delayed 13 second(s)

2022-02-14 12:10:46 - [MESSAGE][PASSED] - Delayed 13 second(s)

2022-02-14 12:10:46 - [TEST_STEP][PASSED] - click(findTestObject("Object Repository/DetailPop-up/Backbutton/BackButtonToListing")): Object: 'Object Repository/DetailPop-up/Backbutton/BackButtonToListing' is clicked on

2022-02-14 12:10:50 - [MESSAGE][PASSED] - Object: 'Object Repository/DetailPop-up/Backbutton/BackButtonToListing' is clicked on

2022-02-14 12:10:50 - [TEST_STEP][PASSED] - delay(13): Delayed 13 second(s)

2022-02-14 12:11:03 - [MESSAGE][PASSED] - Delayed 13 second(s)

2022-02-14 12:11:03 - [TEST_STEP][PASSED] - if (l <= 5): null

2022-02-14 12:11:03 - [TEST_STEP][PASSED] - paginationvalue = l: null

2022-02-14 12:11:03 - [TEST_STEP][PASSED] - if (l > 5): null

2022-02-14 12:11:03 - [TEST_STEP][PASSED] - logInfo(Size of Pagination: $paginationvalue): Size of Pagination: 4

2022-02-14 12:11:03 - [MESSAGE][INFO] - Size of Pagination: 4

2022-02-14 12:11:03 - [TEST_STEP][PASSED] - click(findTestObject("Object Repository/PaginationCOunt/ClickOnPagination", ["pagination":paginationvalue])): Object: 'Object Repository/PaginationCOunt/ClickOnPagination' is clicked on

2022-02-14 12:11:06 - [MESSAGE][PASSED] - Object: 'Object Repository/PaginationCOunt/ClickOnPagination' is clicked on

2022-02-14 12:11:06 - [TEST_STEP][PASSED] - delay(20): Delayed 20 second(s)

2022-02-14 12:11:26 - [MESSAGE][PASSED] - Delayed 20 second(s)

2022-02-14 12:11:26 - [TEST_STEP][PASSED] - takeScreenshot(): Taking screenshot successfully

2022-02-14 12:11:26 - [MESSAGE][PASSED] - Taking screenshot successfully
[[ATTACHMENT|/home/intersoft-admin/Rattan/Bash/Training/Rattan/Final_testing/New_ActivityOverview/Reports/20220214_115757/CancelAndRefundMultipleBookings/20220214_115800/1644820886492.png]]

2022-02-14 12:11:26 - [TEST_STEP][PASSED] - SizeofActiveBookings = findWebElements(findTestObject("Object Repository/CancelAndRefund/OrderListWithoutRefundedStatus"), 5).size(): null

2022-02-14 12:11:26 - [TEST_STEP][PASSED] - logInfo(Size of Active Bookings: $SizeofActiveBookings): Size of Active Bookings: 86

2022-02-14 12:11:26 - [MESSAGE][INFO] - Size of Active Bookings: 86

2022-02-14 12:11:26 - [TEST_STEP][PASSED] - for ([refund = 1, refund < SizeofActiveBookings, (refund++)]): null

2022-02-14 12:11:26 - [TEST_STEP][PASSED] - if (refund == 1): null

2022-02-14 12:11:26 - [TEST_STEP][PASSED] - refund = SizeofActiveBookings: null

2022-02-14 12:11:26 - [TEST_STEP][PASSED] - refundvalue = refund: null

2022-02-14 12:11:26 - [TEST_STEP][PASSED] - logInfo(Size of refund booking: $refund): Size of refund booking: 86

2022-02-14 12:11:26 - [MESSAGE][INFO] - Size of refund booking: 86

2022-02-14 12:11:26 - [TEST_STEP][PASSED] - scrollToElement(findTestObject("Object Repository/CancelAndRefund/OrderListWithoutRefundedStatus - Click", ["position":refund]), 15): Scroll to object 'Object Repository/CancelAndRefund/OrderListWithoutRefundedStatus - Click' successfully

2022-02-14 12:11:26 - [MESSAGE][PASSED] - Scroll to object 'Object Repository/CancelAndRefund/OrderListWithoutRefundedStatus - Click' successfully

2022-02-14 12:11:26 - [TEST_STEP][PASSED] - takeScreenshot(): Taking screenshot successfully

2022-02-14 12:11:26 - [MESSAGE][PASSED] - Taking screenshot successfully
[[ATTACHMENT|/home/intersoft-admin/Rattan/Bash/Training/Rattan/Final_testing/New_ActivityOverview/Reports/20220214_115757/CancelAndRefundMultipleBookings/20220214_115800/1644820886763.png]]

2022-02-14 12:11:26 - [TEST_STEP][PASSED] - orderId = findWebElement(findTestObject("Object Repository/GetOrderID/GetOrderID", ["position":refund])).getAttribute("data-order_id"): null

2022-02-14 12:11:26 - [TEST_STEP][PASSED] - orderId = orderId: null

2022-02-14 12:11:26 - [TEST_STEP][PASSED] - logInfo(Order ID: $orderId): Order ID: 164431475689610

2022-02-14 12:11:26 - [MESSAGE][INFO] - Order ID: 164431475689610

2022-02-14 12:11:26 - [TEST_STEP][PASSED] - click(findTestObject("Object Repository/GetOrderID/GetOrderID", ["position":refund])): Object: 'Object Repository/GetOrderID/GetOrderID' is clicked on

2022-02-14 12:11:30 - [MESSAGE][PASSED] - Object: 'Object Repository/GetOrderID/GetOrderID' is clicked on

2022-02-14 12:11:30 - [TEST_STEP][PASSED] - delay(20): Delayed 20 second(s)

2022-02-14 12:11:50 - [MESSAGE][PASSED] - Delayed 20 second(s)

2022-02-14 12:11:50 - [TEST_STEP][PASSED] - takeScreenshot(): Taking screenshot successfully

2022-02-14 12:11:50 - [MESSAGE][PASSED] - Taking screenshot successfully
[[ATTACHMENT|/home/intersoft-admin/Rattan/Bash/Training/Rattan/Final_testing/New_ActivityOverview/Reports/20220214_115757/CancelAndRefundMultipleBookings/20220214_115800/1644820910114.png]]

2022-02-14 12:11:50 - [TEST_STEP][PASSED] - bookingsize = findWebElements(findTestObject("Object Repository/DetailPop-up/ExpanSection/ProductSectionLength"), 5).size(): [SELF-HEALING] Cannot find elements when the selector is null

2022-02-14 12:11:56 - [MESSAGE][INFO] - Unable to find the element located by 'By.xpath: //div[@class='order-detail-left']//li[@class='order-list confirm hash-link-parent']'. Please recheck the objects properties to make sure the desired element is located. 

2022-02-14 12:11:56 - [MESSAGE][WARNING] - [SELF-HEALING] Failed to find element with id 'Object Repository/DetailPop-up/ExpanSection/ProductSectionLength'. Try using Self-healing.

2022-02-14 12:11:57 - [MESSAGE][INFO] - [SELF-HEALING] No working XPath is found.

2022-02-14 12:11:58 - [MESSAGE][INFO] - Unable to find the element located by 'By.xpath: '. Please recheck the objects properties to make sure the desired element is located. 

2022-02-14 12:11:58 - [MESSAGE][WARNING] - [SELF-HEALING] Cannot find elements when the selector is null

2022-02-14 12:11:58 - [TEST_STEP][PASSED] - logInfo(Size of Bookings on Product detail Pop-up: $bookingsize): Size of Bookings on Product detail Pop-up: 0

2022-02-14 12:11:58 - [MESSAGE][INFO] - Size of Bookings on Product detail Pop-up: 0

2022-02-14 12:11:58 - [TEST_STEP][PASSED] - for ([looping = 1, looping <= bookingsize, (looping++)]): null

2022-02-14 12:11:58 - [TEST_STEP][PASSED] - delay(13): Delayed 13 second(s)

2022-02-14 12:12:11 - [MESSAGE][PASSED] - Delayed 13 second(s)

2022-02-14 12:12:11 - [TEST_STEP][PASSED] - click(findTestObject("Object Repository/DetailPop-up/Backbutton/BackButtonToListing")): Object: 'Object Repository/DetailPop-up/Backbutton/BackButtonToListing' is clicked on

2022-02-14 12:12:14 - [MESSAGE][PASSED] - Object: 'Object Repository/DetailPop-up/Backbutton/BackButtonToListing' is clicked on

2022-02-14 12:12:14 - [TEST_STEP][PASSED] - delay(13): Delayed 13 second(s)

2022-02-14 12:12:27 - [MESSAGE][PASSED] - Delayed 13 second(s)

2022-02-14 12:12:27 - [TEST_STEP][PASSED] - if (l <= 5): null

2022-02-14 12:12:27 - [TEST_STEP][PASSED] - paginationvalue = l: null

2022-02-14 12:12:27 - [TEST_STEP][PASSED] - if (l > 5): null

2022-02-14 12:12:27 - [TEST_STEP][PASSED] - logInfo(Size of Pagination: $paginationvalue): Size of Pagination: 5

2022-02-14 12:12:27 - [MESSAGE][INFO] - Size of Pagination: 5

2022-02-14 12:12:27 - [TEST_STEP][PASSED] - click(findTestObject("Object Repository/PaginationCOunt/ClickOnPagination", ["pagination":paginationvalue])): Object: 'Object Repository/PaginationCOunt/ClickOnPagination' is clicked on

2022-02-14 12:12:30 - [MESSAGE][PASSED] - Object: 'Object Repository/PaginationCOunt/ClickOnPagination' is clicked on

2022-02-14 12:12:30 - [TEST_STEP][PASSED] - delay(20): Delayed 20 second(s)

2022-02-14 12:12:50 - [MESSAGE][PASSED] - Delayed 20 second(s)

2022-02-14 12:12:50 - [TEST_STEP][PASSED] - takeScreenshot(): Taking screenshot successfully

2022-02-14 12:12:50 - [MESSAGE][PASSED] - Taking screenshot successfully
[[ATTACHMENT|/home/intersoft-admin/Rattan/Bash/Training/Rattan/Final_testing/New_ActivityOverview/Reports/20220214_115757/CancelAndRefundMultipleBookings/20220214_115800/1644820970803.png]]

2022-02-14 12:12:50 - [TEST_STEP][PASSED] - SizeofActiveBookings = findWebElements(findTestObject("Object Repository/CancelAndRefund/OrderListWithoutRefundedStatus"), 5).size(): null

2022-02-14 12:12:50 - [TEST_STEP][PASSED] - logInfo(Size of Active Bookings: $SizeofActiveBookings): Size of Active Bookings: 95

2022-02-14 12:12:50 - [MESSAGE][INFO] - Size of Active Bookings: 95

2022-02-14 12:12:50 - [TEST_STEP][PASSED] - for ([refund = 1, refund < SizeofActiveBookings, (refund++)]): null

2022-02-14 12:12:50 - [TEST_STEP][PASSED] - if (refund == 1): null

2022-02-14 12:12:50 - [TEST_STEP][PASSED] - refund = SizeofActiveBookings: null

2022-02-14 12:12:50 - [TEST_STEP][PASSED] - refundvalue = refund: null

2022-02-14 12:12:50 - [TEST_STEP][PASSED] - logInfo(Size of refund booking: $refund): Size of refund booking: 95

2022-02-14 12:12:50 - [MESSAGE][INFO] - Size of refund booking: 95

2022-02-14 12:12:50 - [TEST_STEP][PASSED] - scrollToElement(findTestObject("Object Repository/CancelAndRefund/OrderListWithoutRefundedStatus - Click", ["position":refund]), 15): Scroll to object 'Object Repository/CancelAndRefund/OrderListWithoutRefundedStatus - Click' successfully

2022-02-14 12:12:51 - [MESSAGE][PASSED] - Scroll to object 'Object Repository/CancelAndRefund/OrderListWithoutRefundedStatus - Click' successfully

2022-02-14 12:12:51 - [TEST_STEP][PASSED] - takeScreenshot(): Taking screenshot successfully

2022-02-14 12:12:51 - [MESSAGE][PASSED] - Taking screenshot successfully
[[ATTACHMENT|/home/intersoft-admin/Rattan/Bash/Training/Rattan/Final_testing/New_ActivityOverview/Reports/20220214_115757/CancelAndRefundMultipleBookings/20220214_115800/1644820971183.png]]

2022-02-14 12:12:51 - [TEST_STEP][PASSED] - orderId = findWebElement(findTestObject("Object Repository/GetOrderID/GetOrderID", ["position":refund])).getAttribute("data-order_id"): null

2022-02-14 12:12:51 - [TEST_STEP][PASSED] - orderId = orderId: null

2022-02-14 12:12:51 - [TEST_STEP][PASSED] - logInfo(Order ID: $orderId): Order ID: 164421910570558

2022-02-14 12:12:51 - [MESSAGE][INFO] - Order ID: 164421910570558

2022-02-14 12:12:51 - [TEST_STEP][PASSED] - click(findTestObject("Object Repository/GetOrderID/GetOrderID", ["position":refund])): Object: 'Object Repository/GetOrderID/GetOrderID' is clicked on

2022-02-14 12:12:54 - [MESSAGE][PASSED] - Object: 'Object Repository/GetOrderID/GetOrderID' is clicked on

2022-02-14 12:12:54 - [TEST_STEP][PASSED] - delay(20): Delayed 20 second(s)

2022-02-14 12:13:14 - [MESSAGE][PASSED] - Delayed 20 second(s)

2022-02-14 12:13:14 - [TEST_STEP][PASSED] - takeScreenshot(): Taking screenshot successfully

2022-02-14 12:13:14 - [MESSAGE][PASSED] - Taking screenshot successfully
[[ATTACHMENT|/home/intersoft-admin/Rattan/Bash/Training/Rattan/Final_testing/New_ActivityOverview/Reports/20220214_115757/CancelAndRefundMultipleBookings/20220214_115800/1644820994578.png]]

2022-02-14 12:13:14 - [TEST_STEP][PASSED] - bookingsize = findWebElements(findTestObject("Object Repository/DetailPop-up/ExpanSection/ProductSectionLength"), 5).size(): [SELF-HEALING] Cannot find elements when the selector is null

2022-02-14 12:13:20 - [MESSAGE][INFO] - Unable to find the element located by 'By.xpath: //div[@class='order-detail-left']//li[@class='order-list confirm hash-link-parent']'. Please recheck the objects properties to make sure the desired element is located. 

2022-02-14 12:13:20 - [MESSAGE][WARNING] - [SELF-HEALING] Failed to find element with id 'Object Repository/DetailPop-up/ExpanSection/ProductSectionLength'. Try using Self-healing.

2022-02-14 12:13:21 - [MESSAGE][INFO] - [SELF-HEALING] No working XPath is found.

2022-02-14 12:13:22 - [MESSAGE][INFO] - Unable to find the element located by 'By.xpath: '. Please recheck the objects properties to make sure the desired element is located. 

2022-02-14 12:13:22 - [MESSAGE][WARNING] - [SELF-HEALING] Cannot find elements when the selector is null

2022-02-14 12:13:22 - [TEST_STEP][PASSED] - logInfo(Size of Bookings on Product detail Pop-up: $bookingsize): Size of Bookings on Product detail Pop-up: 0

2022-02-14 12:13:22 - [MESSAGE][INFO] - Size of Bookings on Product detail Pop-up: 0

2022-02-14 12:13:22 - [TEST_STEP][PASSED] - for ([looping = 1, looping <= bookingsize, (looping++)]): null

2022-02-14 12:13:22 - [TEST_STEP][PASSED] - delay(13): Delayed 13 second(s)

2022-02-14 12:13:35 - [MESSAGE][PASSED] - Delayed 13 second(s)

2022-02-14 12:13:35 - [TEST_STEP][PASSED] - click(findTestObject("Object Repository/DetailPop-up/Backbutton/BackButtonToListing")): Object: 'Object Repository/DetailPop-up/Backbutton/BackButtonToListing' is clicked on

2022-02-14 12:13:39 - [MESSAGE][PASSED] - Object: 'Object Repository/DetailPop-up/Backbutton/BackButtonToListing' is clicked on

2022-02-14 12:13:39 - [TEST_STEP][PASSED] - delay(13): Delayed 13 second(s)

2022-02-14 12:13:52 - [MESSAGE][PASSED] - Delayed 13 second(s)]]></system-out>
         <system-err><![CDATA[]]></system-err>
      </testcase>
      <system-out><![CDATA[2022-02-14 12:05:26 - [TEST_SUITE][PASSED] - CancelAndRefundMultipleBookings: Test Cases/NewActivityOverview-LeftNavigation/ActivityOverview-CancelBooking-GetOrderIDAndRefund]]></system-out>
      <system-err><![CDATA[]]></system-err>
   </testsuite>
   <testsuite name="RefundOrder-CopiedURL" tests="1" failures="0" errors="0" time="852.273" skipped="0" timestamp="2022-02-14 12:14:08" hostname="intersoft-admin - intersoftadmin-desktop" id="Test Suites/RefundOrder-CopiedURL">
      <properties>
         <property name="deviceName" value=""/>
         <property name="devicePlatform" value=""/>
         <property name="logFolder" value="/home/intersoft-admin/Rattan/Bash/Training/Rattan/Final_testing/New_ActivityOverview/Reports/20220214_115757/RefundOrder-CopiedURL/20220214_115802"/>
         <property name="logFiles" value="/home/intersoft-admin/Rattan/Bash/Training/Rattan/Final_testing/New_ActivityOverview/Reports/20220214_115757/RefundOrder-CopiedURL/20220214_115802/execution0.log"/>
         <property name="attachments" value="/home/intersoft-admin/Rattan/Bash/Training/Rattan/Final_testing/New_ActivityOverview/Reports/20220214_115757/RefundOrder-CopiedURL/20220214_115802/1644821075902.png, /home/intersoft-admin/Rattan/Bash/Training/Rattan/Final_testing/New_ActivityOverview/Reports/20220214_115757/RefundOrder-CopiedURL/20220214_115802/1644821092120.png, /home/intersoft-admin/Rattan/Bash/Training/Rattan/Final_testing/New_ActivityOverview/Reports/20220214_115757/RefundOrder-CopiedURL/20220214_115802/1644821102558.png, /home/intersoft-admin/Rattan/Bash/Training/Rattan/Final_testing/New_ActivityOverview/Reports/20220214_115757/RefundOrder-CopiedURL/20220214_115802/1644821134099.png, /home/intersoft-admin/Rattan/Bash/Training/Rattan/Final_testing/New_ActivityOverview/Reports/20220214_115757/RefundOrder-CopiedURL/20220214_115802/1644821157503.png, /home/intersoft-admin/Rattan/Bash/Training/Rattan/Final_testing/New_ActivityOverview/Reports/20220214_115757/RefundOrder-CopiedURL/20220214_115802/1644821157838.png, /home/intersoft-admin/Rattan/Bash/Training/Rattan/Final_testing/New_ActivityOverview/Reports/20220214_115757/RefundOrder-CopiedURL/20220214_115802/1644821181301.png, /home/intersoft-admin/Rattan/Bash/Training/Rattan/Final_testing/New_ActivityOverview/Reports/20220214_115757/RefundOrder-CopiedURL/20220214_115802/1644821195598.png, /home/intersoft-admin/Rattan/Bash/Training/Rattan/Final_testing/New_ActivityOverview/Reports/20220214_115757/RefundOrder-CopiedURL/20220214_115802/1644821208879.png, /home/intersoft-admin/Rattan/Bash/Training/Rattan/Final_testing/New_ActivityOverview/Reports/20220214_115757/RefundOrder-CopiedURL/20220214_115802/1644821218801.png, /home/intersoft-admin/Rattan/Bash/Training/Rattan/Final_testing/New_ActivityOverview/Reports/20220214_115757/RefundOrder-CopiedURL/20220214_115802/1644821223776.png, /home/intersoft-admin/Rattan/Bash/Training/Rattan/Final_testing/New_ActivityOverview/Reports/20220214_115757/RefundOrder-CopiedURL/20220214_115802/1644821228854.png, /home/intersoft-admin/Rattan/Bash/Training/Rattan/Final_testing/New_ActivityOverview/Reports/20220214_115757/RefundOrder-CopiedURL/20220214_115802/1644821236798.png, /home/intersoft-admin/Rattan/Bash/Training/Rattan/Final_testing/New_ActivityOverview/Reports/20220214_115757/RefundOrder-CopiedURL/20220214_115802/1644821241482.png, /home/intersoft-admin/Rattan/Bash/Training/Rattan/Final_testing/New_ActivityOverview/Reports/20220214_115757/RefundOrder-CopiedURL/20220214_115802/1644821258410.png, /home/intersoft-admin/Rattan/Bash/Training/Rattan/Final_testing/New_ActivityOverview/Reports/20220214_115757/RefundOrder-CopiedURL/20220214_115802/1644821311426.png, /home/intersoft-admin/Rattan/Bash/Training/Rattan/Final_testing/New_ActivityOverview/Reports/20220214_115757/RefundOrder-CopiedURL/20220214_115802/1644821311743.png, /home/intersoft-admin/Rattan/Bash/Training/Rattan/Final_testing/New_ActivityOverview/Reports/20220214_115757/RefundOrder-CopiedURL/20220214_115802/1644821335164.png, /home/intersoft-admin/Rattan/Bash/Training/Rattan/Final_testing/New_ActivityOverview/Reports/20220214_115757/RefundOrder-CopiedURL/20220214_115802/1644821348526.png, /home/intersoft-admin/Rattan/Bash/Training/Rattan/Final_testing/New_ActivityOverview/Reports/20220214_115757/RefundOrder-CopiedURL/20220214_115802/1644821361842.png, /home/intersoft-admin/Rattan/Bash/Training/Rattan/Final_testing/New_ActivityOverview/Reports/20220214_115757/RefundOrder-CopiedURL/20220214_115802/1644821372076.png, /home/intersoft-admin/Rattan/Bash/Training/Rattan/Final_testing/New_ActivityOverview/Reports/20220214_115757/RefundOrder-CopiedURL/20220214_115802/1644821377013.png, /home/intersoft-admin/Rattan/Bash/Training/Rattan/Final_testing/New_ActivityOverview/Reports/20220214_115757/RefundOrder-CopiedURL/20220214_115802/1644821381971.png, /home/intersoft-admin/Rattan/Bash/Training/Rattan/Final_testing/New_ActivityOverview/Reports/20220214_115757/RefundOrder-CopiedURL/20220214_115802/1644821389945.png, /home/intersoft-admin/Rattan/Bash/Training/Rattan/Final_testing/New_ActivityOverview/Reports/20220214_115757/RefundOrder-CopiedURL/20220214_115802/1644821394695.png, /home/intersoft-admin/Rattan/Bash/Training/Rattan/Final_testing/New_ActivityOverview/Reports/20220214_115757/RefundOrder-CopiedURL/20220214_115802/1644821411702.png, /home/intersoft-admin/Rattan/Bash/Training/Rattan/Final_testing/New_ActivityOverview/Reports/20220214_115757/RefundOrder-CopiedURL/20220214_115802/1644821464640.png, /home/intersoft-admin/Rattan/Bash/Training/Rattan/Final_testing/New_ActivityOverview/Reports/20220214_115757/RefundOrder-CopiedURL/20220214_115802/1644821464996.png, /home/intersoft-admin/Rattan/Bash/Training/Rattan/Final_testing/New_ActivityOverview/Reports/20220214_115757/RefundOrder-CopiedURL/20220214_115802/1644821488459.png, /home/intersoft-admin/Rattan/Bash/Training/Rattan/Final_testing/New_ActivityOverview/Reports/20220214_115757/RefundOrder-CopiedURL/20220214_115802/1644821501811.png, /home/intersoft-admin/Rattan/Bash/Training/Rattan/Final_testing/New_ActivityOverview/Reports/20220214_115757/RefundOrder-CopiedURL/20220214_115802/1644821515126.png, /home/intersoft-admin/Rattan/Bash/Training/Rattan/Final_testing/New_ActivityOverview/Reports/20220214_115757/RefundOrder-CopiedURL/20220214_115802/1644821525035.png, /home/intersoft-admin/Rattan/Bash/Training/Rattan/Final_testing/New_ActivityOverview/Reports/20220214_115757/RefundOrder-CopiedURL/20220214_115802/1644821530021.png, /home/intersoft-admin/Rattan/Bash/Training/Rattan/Final_testing/New_ActivityOverview/Reports/20220214_115757/RefundOrder-CopiedURL/20220214_115802/1644821535059.png, /home/intersoft-admin/Rattan/Bash/Training/Rattan/Final_testing/New_ActivityOverview/Reports/20220214_115757/RefundOrder-CopiedURL/20220214_115802/1644821543107.png, /home/intersoft-admin/Rattan/Bash/Training/Rattan/Final_testing/New_ActivityOverview/Reports/20220214_115757/RefundOrder-CopiedURL/20220214_115802/1644821547803.png, /home/intersoft-admin/Rattan/Bash/Training/Rattan/Final_testing/New_ActivityOverview/Reports/20220214_115757/RefundOrder-CopiedURL/20220214_115802/1644821564756.png, /home/intersoft-admin/Rattan/Bash/Training/Rattan/Final_testing/New_ActivityOverview/Reports/20220214_115757/RefundOrder-CopiedURL/20220214_115802/1644821617708.png, /home/intersoft-admin/Rattan/Bash/Training/Rattan/Final_testing/New_ActivityOverview/Reports/20220214_115757/RefundOrder-CopiedURL/20220214_115802/1644821618102.png, /home/intersoft-admin/Rattan/Bash/Training/Rattan/Final_testing/New_ActivityOverview/Reports/20220214_115757/RefundOrder-CopiedURL/20220214_115802/1644821641501.png, /home/intersoft-admin/Rattan/Bash/Training/Rattan/Final_testing/New_ActivityOverview/Reports/20220214_115757/RefundOrder-CopiedURL/20220214_115802/1644821654908.png, /home/intersoft-admin/Rattan/Bash/Training/Rattan/Final_testing/New_ActivityOverview/Reports/20220214_115757/RefundOrder-CopiedURL/20220214_115802/1644821668187.png, /home/intersoft-admin/Rattan/Bash/Training/Rattan/Final_testing/New_ActivityOverview/Reports/20220214_115757/RefundOrder-CopiedURL/20220214_115802/1644821678097.png, /home/intersoft-admin/Rattan/Bash/Training/Rattan/Final_testing/New_ActivityOverview/Reports/20220214_115757/RefundOrder-CopiedURL/20220214_115802/1644821683033.png, /home/intersoft-admin/Rattan/Bash/Training/Rattan/Final_testing/New_ActivityOverview/Reports/20220214_115757/RefundOrder-CopiedURL/20220214_115802/1644821688083.png, /home/intersoft-admin/Rattan/Bash/Training/Rattan/Final_testing/New_ActivityOverview/Reports/20220214_115757/RefundOrder-CopiedURL/20220214_115802/1644821696060.png, /home/intersoft-admin/Rattan/Bash/Training/Rattan/Final_testing/New_ActivityOverview/Reports/20220214_115757/RefundOrder-CopiedURL/20220214_115802/1644821700704.png, /home/intersoft-admin/Rattan/Bash/Training/Rattan/Final_testing/New_ActivityOverview/Reports/20220214_115757/RefundOrder-CopiedURL/20220214_115802/1644821717650.png, /home/intersoft-admin/Rattan/Bash/Training/Rattan/Final_testing/New_ActivityOverview/Reports/20220214_115757/RefundOrder-CopiedURL/20220214_115802/1644821770650.png, /home/intersoft-admin/Rattan/Bash/Training/Rattan/Final_testing/New_ActivityOverview/Reports/20220214_115757/RefundOrder-CopiedURL/20220214_115802/1644821770936.png, /home/intersoft-admin/Rattan/Bash/Training/Rattan/Final_testing/New_ActivityOverview/Reports/20220214_115757/RefundOrder-CopiedURL/20220214_115802/1644821794323.png, /home/intersoft-admin/Rattan/Bash/Training/Rattan/Final_testing/New_ActivityOverview/Reports/20220214_115757/RefundOrder-CopiedURL/20220214_115802/1644821807743.png, /home/intersoft-admin/Rattan/Bash/Training/Rattan/Final_testing/New_ActivityOverview/Reports/20220214_115757/RefundOrder-CopiedURL/20220214_115802/1644821821065.png, /home/intersoft-admin/Rattan/Bash/Training/Rattan/Final_testing/New_ActivityOverview/Reports/20220214_115757/RefundOrder-CopiedURL/20220214_115802/1644821831208.png, /home/intersoft-admin/Rattan/Bash/Training/Rattan/Final_testing/New_ActivityOverview/Reports/20220214_115757/RefundOrder-CopiedURL/20220214_115802/1644821836158.png, /home/intersoft-admin/Rattan/Bash/Training/Rattan/Final_testing/New_ActivityOverview/Reports/20220214_115757/RefundOrder-CopiedURL/20220214_115802/1644821841245.png, /home/intersoft-admin/Rattan/Bash/Training/Rattan/Final_testing/New_ActivityOverview/Reports/20220214_115757/RefundOrder-CopiedURL/20220214_115802/1644821849194.png, /home/intersoft-admin/Rattan/Bash/Training/Rattan/Final_testing/New_ActivityOverview/Reports/20220214_115757/RefundOrder-CopiedURL/20220214_115802/1644821853847.png, /home/intersoft-admin/Rattan/Bash/Training/Rattan/Final_testing/New_ActivityOverview/Reports/20220214_115757/RefundOrder-CopiedURL/20220214_115802/1644821870768.png"/>
         <property name="hostName" value="intersoft-admin - intersoftadmin-desktop"/>
         <property name="os" value="Linux 64bit"/>
         <property name="katalonVersion" value="8.2.5.208"/>
         <property name="browser" value="Chrome 97.0.4692.99"/>
         <property name="hostAddress" value="127.0.1.1"/>
         <property name="sessionId" value="bd72a7750db2e77396e595cd2cdf75b1"/>
         <property name="seleniumVersion" value="3.141.59"/>
         <property name="proxyInformation" value="ProxyInformation { proxyOption=NO_PROXY, proxyServerType=HTTP, username=, password=********, proxyServerAddress=, proxyServerPort=0, executionList=&quot;&quot;, isApplyToDesiredCapabilities=true }"/>
         <property name="platform" value="Linux"/>
      </properties>
      <testcase name="Test Cases/NewActivityOverview-LeftNavigation/ActivityOverview-RefundOrder-GetOrderIDAndRefund - CopiedURL" time="852.005" classname="Test Cases/NewActivityOverview-LeftNavigation/ActivityOverview-RefundOrder-GetOrderIDAndRefund - CopiedURL" status="PASSED">
         <system-out><![CDATA[2022-02-14 12:14:08 - [TEST_CASE][PASSED] - Test Cases/NewActivityOverview-LeftNavigation/ActivityOverview-RefundOrder-GetOrderIDAndRefund - CopiedURL: Test Cases/NewActivityOverview-LeftNavigation/ActivityOverview-RefundOrder-GetOrderIDAndRefund - CopiedURL

2022-02-14 12:14:09 - [TEST_STEP][PASSED] - callTestCase(findTestCase("LoginWithSuperAdmin/SuperAdmin-Login"), [:], STOP_ON_FAILURE): Call Test Case 'Test Cases/LoginWithSuperAdmin/SuperAdmin-Login' successfully

2022-02-14 12:14:09 - [TEST_CASE][PASSED] - Test Cases/LoginWithSuperAdmin/SuperAdmin-Login: Test Cases/LoginWithSuperAdmin/SuperAdmin-Login

2022-02-14 12:14:09 - [TEST_STEP][PASSED] - openBrowser(""): Browser is opened with url: ''

2022-02-14 12:14:09 - [MESSAGE][INFO] - Starting 'Chrome' driver

2022-02-14 12:14:09 - [MESSAGE][INFO] - Action delay is set to 3,000 milliseconds

2022-02-14 12:14:10 - [MESSAGE][PASSED] - Browser is opened with url: ''

2022-02-14 12:14:10 - [TEST_STEP][PASSED] - setViewPortSize(1920, 1080): Viewport is set to new size with width = 1920 and height = 1080

2022-02-14 12:14:10 - [MESSAGE][PASSED] - Viewport is set to new size with width = 1920 and height = 1080

2022-02-14 12:14:10 - [TEST_STEP][PASSED] - navigateToUrl(URL): Navigate to 'https://marketplacev1.test-prio.com' successfully

2022-02-14 12:14:16 - [MESSAGE][PASSED] - Navigate to 'https://marketplacev1.test-prio.com' successfully

2022-02-14 12:14:16 - [TEST_STEP][PASSED] - delay(3): Delayed 3 second(s)

2022-02-14 12:14:19 - [MESSAGE][PASSED] - Delayed 3 second(s)

2022-02-14 12:14:19 - [TEST_STEP][PASSED] - click(findTestObject("SuperAdmin/Login/input_Email_contact_email")): Object: 'Object Repository/SuperAdmin/Login/input_Email_contact_email' is clicked on

2022-02-14 12:14:22 - [MESSAGE][PASSED] - Object: 'Object Repository/SuperAdmin/Login/input_Email_contact_email' is clicked on

2022-02-14 12:14:22 - [TEST_STEP][PASSED] - setText(findTestObject("SuperAdmin/Login/input_Email_contact_email"), uname): Text 'superadmin@tippoint.com' is set on object 'Object Repository/SuperAdmin/Login/input_Email_contact_email'

2022-02-14 12:14:29 - [MESSAGE][PASSED] - Text 'superadmin@tippoint.com' is set on object 'Object Repository/SuperAdmin/Login/input_Email_contact_email'

2022-02-14 12:14:29 - [TEST_STEP][PASSED] - setEncryptedText(findTestObject("SuperAdmin/Login/input_Password_password"), Password): Text ****** has been set on object 'Object Repository/SuperAdmin/Login/input_Password_password'

2022-02-14 12:14:35 - [MESSAGE][PASSED] - Text ****** has been set on object 'Object Repository/SuperAdmin/Login/input_Password_password'

2022-02-14 12:14:35 - [TEST_STEP][PASSED] - takeScreenshot(): Taking screenshot successfully

2022-02-14 12:14:36 - [MESSAGE][PASSED] - Taking screenshot successfully
[[ATTACHMENT|/home/intersoft-admin/Rattan/Bash/Training/Rattan/Final_testing/New_ActivityOverview/Reports/20220214_115757/RefundOrder-CopiedURL/20220214_115802/1644821075902.png]]

2022-02-14 12:14:36 - [TEST_STEP][PASSED] - newpackage.clickUsingJS.clickUsingJS(findTestObject("SuperAdmin/Login/button_Sign in"), 5): newpackage.clickUsingJS.clickUsingJS is PASSED

2022-02-14 12:14:36 - [MESSAGE][PASSED] - newpackage.clickUsingJS.clickUsingJS is PASSED

2022-02-14 12:14:36 - [MESSAGE][PASSED] - Call Test Case 'Test Cases/LoginWithSuperAdmin/SuperAdmin-Login' successfully

2022-02-14 12:14:36 - [TEST_STEP][PASSED] - switchToDefaultContent(): null

2022-02-14 12:14:36 - [TEST_STEP][PASSED] - click(findTestObject("SuperAdminLeftNavigation/NewActivityOverview-LeftNavigation")): Object: 'Object Repository/SuperAdminLeftNavigation/NewActivityOverview-LeftNavigation' is clicked on

2022-02-14 12:14:51 - [MESSAGE][PASSED] - Object: 'Object Repository/SuperAdminLeftNavigation/NewActivityOverview-LeftNavigation' is clicked on

2022-02-14 12:14:51 - [TEST_STEP][PASSED] - takeScreenshot(): Taking screenshot successfully

2022-02-14 12:14:52 - [MESSAGE][PASSED] - Taking screenshot successfully
[[ATTACHMENT|/home/intersoft-admin/Rattan/Bash/Training/Rattan/Final_testing/New_ActivityOverview/Reports/20220214_115757/RefundOrder-CopiedURL/20220214_115802/1644821092120.png]]

2022-02-14 12:14:52 - [TEST_STEP][PASSED] - switchToFrame(findTestObject("Object Repository/Iframe/NewActivityOverviewIframe"), 5): null

2022-02-14 12:14:52 - [TEST_STEP][PASSED] - delay(10): Delayed 10 second(s)

2022-02-14 12:15:02 - [MESSAGE][PASSED] - Delayed 10 second(s)

2022-02-14 12:15:02 - [TEST_STEP][PASSED] - takeScreenshot(): Taking screenshot successfully

2022-02-14 12:15:02 - [MESSAGE][PASSED] - Taking screenshot successfully
[[ATTACHMENT|/home/intersoft-admin/Rattan/Bash/Training/Rattan/Final_testing/New_ActivityOverview/Reports/20220214_115757/RefundOrder-CopiedURL/20220214_115802/1644821102558.png]]

2022-02-14 12:15:02 - [TEST_STEP][PASSED] - sizeoflisting = findWebElements(findTestObject("ListingArea/ListingContainsData"), 5).size(): null

2022-02-14 12:15:02 - [TEST_STEP][PASSED] - println(sizeoflisting): null

2022-02-14 12:15:02 - [TEST_STEP][PASSED] - logInfo(Size of Order Listing: $sizeoflisting): Size of Order Listing: 11

2022-02-14 12:15:02 - [MESSAGE][INFO] - Size of Order Listing: 11

2022-02-14 12:15:02 - [TEST_STEP][PASSED] - if (sizeoflisting > 2): Delayed 13 second(s)

2022-02-14 12:15:02 - [TEST_STEP][PASSED] - logInfo("Orders Exist in Listing"): Orders Exist in Listing

2022-02-14 12:15:02 - [MESSAGE][INFO] - Orders Exist in Listing

2022-02-14 12:15:02 - [TEST_STEP][PASSED] - click(findTestObject("Object Repository/OrderPerPage/OrderPerPage_select")): Object: 'Object Repository/OrderPerPage/OrderPerPage_select' is clicked on

2022-02-14 12:15:05 - [MESSAGE][PASSED] - Object: 'Object Repository/OrderPerPage/OrderPerPage_select' is clicked on

2022-02-14 12:15:05 - [TEST_STEP][PASSED] - delay(5): Delayed 5 second(s)

2022-02-14 12:15:10 - [MESSAGE][PASSED] - Delayed 5 second(s)

2022-02-14 12:15:10 - [TEST_STEP][PASSED] - click(findTestObject("Object Repository/OrderPerPage/OrderPerPage-SelectOption")): Object: 'Object Repository/OrderPerPage/OrderPerPage-SelectOption' is clicked on

2022-02-14 12:15:14 - [MESSAGE][PASSED] - Object: 'Object Repository/OrderPerPage/OrderPerPage-SelectOption' is clicked on

2022-02-14 12:15:14 - [TEST_STEP][PASSED] - delay(20): Delayed 20 second(s)

2022-02-14 12:15:34 - [MESSAGE][PASSED] - Delayed 20 second(s)

2022-02-14 12:15:34 - [TEST_STEP][PASSED] - takeScreenshot(): Taking screenshot successfully

2022-02-14 12:15:34 - [MESSAGE][PASSED] - Taking screenshot successfully
[[ATTACHMENT|/home/intersoft-admin/Rattan/Bash/Training/Rattan/Final_testing/New_ActivityOverview/Reports/20220214_115757/RefundOrder-CopiedURL/20220214_115802/1644821134099.png]]

2022-02-14 12:15:34 - [TEST_STEP][PASSED] - SizeofPagination = getText(findTestObject("Object Repository/PaginationCOunt/PaginationCount")): Text of object 'Object Repository/PaginationCOunt/PaginationCount' is: '100'

2022-02-14 12:15:34 - [MESSAGE][PASSED] - Text of object 'Object Repository/PaginationCOunt/PaginationCount' is: '100'

2022-02-14 12:15:34 - [TEST_STEP][PASSED] - println(SizeofPagination): null

2022-02-14 12:15:34 - [TEST_STEP][PASSED] - paginationmaxcount = Integer.parseInt(SizeofPagination): null

2022-02-14 12:15:34 - [TEST_STEP][PASSED] - paginationmaxcount = pagination: null

2022-02-14 12:15:34 - [TEST_STEP][PASSED] - logInfo(Size of Pagination: $paginationmaxcount): Size of Pagination: 5

2022-02-14 12:15:34 - [MESSAGE][INFO] - Size of Pagination: 5

2022-02-14 12:15:34 - [TEST_STEP][PASSED] - totalrecords = 0: null

2022-02-14 12:15:34 - [TEST_STEP][PASSED] - for ([l = 1, l <= paginationmaxcount, (l++)]): Delayed 13 second(s)

2022-02-14 12:15:34 - [TEST_STEP][PASSED] - if (l <= 5): null

2022-02-14 12:15:34 - [TEST_STEP][PASSED] - paginationvalue = l: null

2022-02-14 12:15:34 - [TEST_STEP][PASSED] - if (l > 5): null

2022-02-14 12:15:34 - [TEST_STEP][PASSED] - logInfo(Size of Pagination: $paginationvalue): Size of Pagination: 1

2022-02-14 12:15:34 - [MESSAGE][INFO] - Size of Pagination: 1

2022-02-14 12:15:34 - [TEST_STEP][PASSED] - click(findTestObject("Object Repository/PaginationCOunt/ClickOnPagination", ["pagination":paginationvalue])): Object: 'Object Repository/PaginationCOunt/ClickOnPagination' is clicked on

2022-02-14 12:15:37 - [MESSAGE][PASSED] - Object: 'Object Repository/PaginationCOunt/ClickOnPagination' is clicked on

2022-02-14 12:15:37 - [TEST_STEP][PASSED] - delay(20): Delayed 20 second(s)

2022-02-14 12:15:57 - [MESSAGE][PASSED] - Delayed 20 second(s)

2022-02-14 12:15:57 - [TEST_STEP][PASSED] - takeScreenshot(): Taking screenshot successfully

2022-02-14 12:15:57 - [MESSAGE][PASSED] - Taking screenshot successfully
[[ATTACHMENT|/home/intersoft-admin/Rattan/Bash/Training/Rattan/Final_testing/New_ActivityOverview/Reports/20220214_115757/RefundOrder-CopiedURL/20220214_115802/1644821157503.png]]

2022-02-14 12:15:57 - [TEST_STEP][PASSED] - SizeofActiveBookings = findWebElements(findTestObject("Object Repository/CancelAndRefund/OrderListWithoutRefundedStatus"), 5).size(): null

2022-02-14 12:15:57 - [TEST_STEP][PASSED] - logInfo(Size of Active Bookings: $SizeofActiveBookings): Size of Active Bookings: 87

2022-02-14 12:15:57 - [MESSAGE][INFO] - Size of Active Bookings: 87

2022-02-14 12:15:57 - [TEST_STEP][PASSED] - for ([refund = 1, refund < SizeofActiveBookings, (refund++)]): null

2022-02-14 12:15:57 - [TEST_STEP][PASSED] - if (refund == 1): null

2022-02-14 12:15:57 - [TEST_STEP][PASSED] - refund = SizeofActiveBookings: null

2022-02-14 12:15:57 - [TEST_STEP][PASSED] - refundvalue = refund: null

2022-02-14 12:15:57 - [TEST_STEP][PASSED] - logInfo(Size of refund booking: $refund): Size of refund booking: 87

2022-02-14 12:15:57 - [MESSAGE][INFO] - Size of refund booking: 87

2022-02-14 12:15:57 - [TEST_STEP][PASSED] - scrollToElement(findTestObject("Object Repository/CancelAndRefund/OrderListWithoutRefundedStatus - Click", ["position":refund]), 15): Scroll to object 'Object Repository/CancelAndRefund/OrderListWithoutRefundedStatus - Click' successfully

2022-02-14 12:15:57 - [MESSAGE][PASSED] - Scroll to object 'Object Repository/CancelAndRefund/OrderListWithoutRefundedStatus - Click' successfully

2022-02-14 12:15:57 - [TEST_STEP][PASSED] - takeScreenshot(): Taking screenshot successfully

2022-02-14 12:15:57 - [MESSAGE][PASSED] - Taking screenshot successfully
[[ATTACHMENT|/home/intersoft-admin/Rattan/Bash/Training/Rattan/Final_testing/New_ActivityOverview/Reports/20220214_115757/RefundOrder-CopiedURL/20220214_115802/1644821157838.png]]

2022-02-14 12:15:57 - [TEST_STEP][PASSED] - orderId = findWebElement(findTestObject("Object Repository/GetOrderID/GetOrderID", ["position":refund])).getAttribute("data-order_id"): null

2022-02-14 12:15:58 - [TEST_STEP][PASSED] - orderId = orderId: null

2022-02-14 12:15:58 - [TEST_STEP][PASSED] - logInfo(Order ID: $orderId): Order ID: 164464182530280

2022-02-14 12:15:58 - [MESSAGE][INFO] - Order ID: 164464182530280

2022-02-14 12:15:58 - [TEST_STEP][PASSED] - click(findTestObject("Object Repository/GetOrderID/GetOrderID", ["position":refund])): Object: 'Object Repository/GetOrderID/GetOrderID' is clicked on

2022-02-14 12:16:01 - [MESSAGE][PASSED] - Object: 'Object Repository/GetOrderID/GetOrderID' is clicked on

2022-02-14 12:16:01 - [TEST_STEP][PASSED] - delay(20): Delayed 20 second(s)

2022-02-14 12:16:21 - [MESSAGE][PASSED] - Delayed 20 second(s)

2022-02-14 12:16:21 - [TEST_STEP][PASSED] - takeScreenshot(): Taking screenshot successfully

2022-02-14 12:16:21 - [MESSAGE][PASSED] - Taking screenshot successfully
[[ATTACHMENT|/home/intersoft-admin/Rattan/Bash/Training/Rattan/Final_testing/New_ActivityOverview/Reports/20220214_115757/RefundOrder-CopiedURL/20220214_115802/1644821181301.png]]

2022-02-14 12:16:21 - [TEST_STEP][PASSED] - callTestCase(findTestCase("Test Cases/StepToReUse/StepTOCopyURLAndAddAnotherTab"), [:], CONTINUE_ON_FAILURE): Call Test Case 'Test Cases/StepToReUse/StepTOCopyURLAndAddAnotherTab' successfully

2022-02-14 12:16:21 - [TEST_CASE][PASSED] - Test Cases/StepToReUse/StepTOCopyURLAndAddAnotherTab: Test Cases/StepToReUse/StepTOCopyURLAndAddAnotherTab

2022-02-14 12:16:21 - [TEST_STEP][PASSED] - click(findTestObject("Object Repository/Header/Preview/ClickOnPreviewIcon")): Object: 'Object Repository/Header/Preview/ClickOnPreviewIcon' is clicked on

2022-02-14 12:16:25 - [MESSAGE][PASSED] - Object: 'Object Repository/Header/Preview/ClickOnPreviewIcon' is clicked on

2022-02-14 12:16:25 - [TEST_STEP][PASSED] - delay(10): Delayed 10 second(s)

2022-02-14 12:16:35 - [MESSAGE][PASSED] - Delayed 10 second(s)

2022-02-14 12:16:35 - [TEST_STEP][PASSED] - takeScreenshot(): Taking screenshot successfully

2022-02-14 12:16:35 - [MESSAGE][PASSED] - Taking screenshot successfully
[[ATTACHMENT|/home/intersoft-admin/Rattan/Bash/Training/Rattan/Final_testing/New_ActivityOverview/Reports/20220214_115757/RefundOrder-CopiedURL/20220214_115802/1644821195598.png]]

2022-02-14 12:16:35 - [TEST_STEP][PASSED] - click(findTestObject("Object Repository/Header/Preview/PrintVoucher")): Object: 'Object Repository/Header/Preview/PrintVoucher' is clicked on

2022-02-14 12:16:38 - [MESSAGE][PASSED] - Object: 'Object Repository/Header/Preview/PrintVoucher' is clicked on

2022-02-14 12:16:38 - [TEST_STEP][PASSED] - delay(10): Delayed 10 second(s)

2022-02-14 12:16:48 - [MESSAGE][PASSED] - Delayed 10 second(s)

2022-02-14 12:16:48 - [TEST_STEP][PASSED] - takeScreenshot(): Taking screenshot successfully

2022-02-14 12:16:49 - [MESSAGE][PASSED] - Taking screenshot successfully
[[ATTACHMENT|/home/intersoft-admin/Rattan/Bash/Training/Rattan/Final_testing/New_ActivityOverview/Reports/20220214_115757/RefundOrder-CopiedURL/20220214_115802/1644821208879.png]]

2022-02-14 12:16:49 - [TEST_STEP][PASSED] - UrlToClick = findWebElement(findTestObject("Object Repository/Header/CopyUrl/CopyUrl")).getAttribute("data-href_url"): null

2022-02-14 12:16:49 - [TEST_STEP][PASSED] - println(UrlToClick): null

2022-02-14 12:16:49 - [TEST_STEP][PASSED] - ActivityUrl = UrlToClick: null

2022-02-14 12:16:49 - [TEST_STEP][PASSED] - switchToWindowIndex(1): Switched to window with index: '1'

2022-02-14 12:16:49 - [MESSAGE][PASSED] - Switched to window with index: '1'

2022-02-14 12:16:49 - [TEST_STEP][PASSED] - delay(5): Delayed 5 second(s)

2022-02-14 12:16:54 - [MESSAGE][PASSED] - Delayed 5 second(s)

2022-02-14 12:16:54 - [TEST_STEP][PASSED] - navigateToUrl(ActivityUrl): Navigate to 'https://activity.test-prio.com/orders/164464182530280' successfully

2022-02-14 12:16:58 - [MESSAGE][PASSED] - Navigate to 'https://activity.test-prio.com/orders/164464182530280' successfully

2022-02-14 12:16:58 - [TEST_STEP][PASSED] - takeScreenshot(): Taking screenshot successfully

2022-02-14 12:16:58 - [MESSAGE][PASSED] - Taking screenshot successfully
[[ATTACHMENT|/home/intersoft-admin/Rattan/Bash/Training/Rattan/Final_testing/New_ActivityOverview/Reports/20220214_115757/RefundOrder-CopiedURL/20220214_115802/1644821218801.png]]

2022-02-14 12:16:58 - [TEST_STEP][PASSED] - switchToDefaultContent(): null

2022-02-14 12:16:58 - [MESSAGE][PASSED] - Call Test Case 'Test Cases/StepToReUse/StepTOCopyURLAndAddAnotherTab' successfully

2022-02-14 12:16:58 - [TEST_STEP][PASSED] - if (waitForElementVisible(findTestObject("Object Repository/DetailPop-up/MoreActions/MoreOptionSelect"), 15) == true): null

2022-02-14 12:16:59 - [MESSAGE][PASSED] - Object 'Object Repository/DetailPop-up/MoreActions/MoreOptionSelect' is visible

2022-02-14 12:16:59 - [TEST_STEP][PASSED] - click(findTestObject("Object Repository/DetailPop-up/MoreActions/MoreOptionSelect")): Object: 'Object Repository/DetailPop-up/MoreActions/MoreOptionSelect' is clicked on

2022-02-14 12:17:02 - [MESSAGE][PASSED] - Object: 'Object Repository/DetailPop-up/MoreActions/MoreOptionSelect' is clicked on

2022-02-14 12:17:02 - [TEST_STEP][PASSED] - delay(1): Delayed 1 second(s)

2022-02-14 12:17:03 - [MESSAGE][PASSED] - Delayed 1 second(s)

2022-02-14 12:17:03 - [TEST_STEP][PASSED] - takeScreenshot(): Taking screenshot successfully

2022-02-14 12:17:03 - [MESSAGE][PASSED] - Taking screenshot successfully
[[ATTACHMENT|/home/intersoft-admin/Rattan/Bash/Training/Rattan/Final_testing/New_ActivityOverview/Reports/20220214_115757/RefundOrder-CopiedURL/20220214_115802/1644821223776.png]]

2022-02-14 12:17:03 - [TEST_STEP][PASSED] - if (waitForElementVisible(findTestObject("Object Repository/DetailPop-up/MoreActions/MoreAction-SelectOptions", ["action":"Refund"]), 15) == true): Taking screenshot successfully

2022-02-14 12:17:04 - [MESSAGE][PASSED] - Object 'Object Repository/DetailPop-up/MoreActions/MoreAction-SelectOptions' is visible

2022-02-14 12:17:04 - [TEST_STEP][PASSED] - click(findTestObject("Object Repository/DetailPop-up/MoreActions/MoreAction-SelectOptions", ["action":"Refund"])): Object: 'Object Repository/DetailPop-up/MoreActions/MoreAction-SelectOptions' is clicked on

2022-02-14 12:17:07 - [MESSAGE][PASSED] - Object: 'Object Repository/DetailPop-up/MoreActions/MoreAction-SelectOptions' is clicked on

2022-02-14 12:17:07 - [TEST_STEP][PASSED] - delay(1): Delayed 1 second(s)

2022-02-14 12:17:08 - [MESSAGE][PASSED] - Delayed 1 second(s)

2022-02-14 12:17:08 - [TEST_STEP][PASSED] - takeScreenshot(): Taking screenshot successfully

2022-02-14 12:17:08 - [MESSAGE][PASSED] - Taking screenshot successfully
[[ATTACHMENT|/home/intersoft-admin/Rattan/Bash/Training/Rattan/Final_testing/New_ActivityOverview/Reports/20220214_115757/RefundOrder-CopiedURL/20220214_115802/1644821228854.png]]

2022-02-14 12:17:08 - [TEST_STEP][PASSED] - setText(findTestObject("Object Repository/DetailPop-up/MoreActions/RefundReason"), CancellationReason): Text 'Order Refunded to Test Automation Testing Under Katalon' is set on object 'Object Repository/DetailPop-up/MoreActions/RefundReason'

2022-02-14 12:17:15 - [MESSAGE][PASSED] - Text 'Order Refunded to Test Automation Testing Under Katalon' is set on object 'Object Repository/DetailPop-up/MoreActions/RefundReason'

2022-02-14 12:17:15 - [TEST_STEP][PASSED] - delay(1): Delayed 1 second(s)

2022-02-14 12:17:16 - [MESSAGE][PASSED] - Delayed 1 second(s)

2022-02-14 12:17:16 - [TEST_STEP][PASSED] - takeScreenshot(): Taking screenshot successfully

2022-02-14 12:17:16 - [MESSAGE][PASSED] - Taking screenshot successfully
[[ATTACHMENT|/home/intersoft-admin/Rattan/Bash/Training/Rattan/Final_testing/New_ActivityOverview/Reports/20220214_115757/RefundOrder-CopiedURL/20220214_115802/1644821236798.png]]

2022-02-14 12:17:16 - [TEST_STEP][PASSED] - click(findTestObject("Object Repository/DetailPop-up/MoreActions/confirmRefundOrder")): Object: 'Object Repository/DetailPop-up/MoreActions/confirmRefundOrder' is clicked on

2022-02-14 12:17:20 - [MESSAGE][PASSED] - Object: 'Object Repository/DetailPop-up/MoreActions/confirmRefundOrder' is clicked on

2022-02-14 12:17:20 - [TEST_STEP][PASSED] - delay(1): Delayed 1 second(s)

2022-02-14 12:17:21 - [MESSAGE][PASSED] - Delayed 1 second(s)

2022-02-14 12:17:21 - [TEST_STEP][PASSED] - takeScreenshot(): Taking screenshot successfully

2022-02-14 12:17:21 - [MESSAGE][PASSED] - Taking screenshot successfully
[[ATTACHMENT|/home/intersoft-admin/Rattan/Bash/Training/Rattan/Final_testing/New_ActivityOverview/Reports/20220214_115757/RefundOrder-CopiedURL/20220214_115802/1644821241482.png]]

2022-02-14 12:17:21 - [TEST_STEP][PASSED] - delay(12): Delayed 12 second(s)

2022-02-14 12:17:33 - [MESSAGE][PASSED] - Delayed 12 second(s)

2022-02-14 12:17:33 - [TEST_STEP][PASSED] - if (waitForElementVisible(findTestObject("Object Repository/DetailPop-up/MoreActions/CancelRefundButton"), 15) == true): Taking screenshot successfully

2022-02-14 12:17:33 - [MESSAGE][PASSED] - Object 'Object Repository/DetailPop-up/MoreActions/CancelRefundButton' is visible

2022-02-14 12:17:33 - [TEST_STEP][PASSED] - click(findTestObject("Object Repository/DetailPop-up/MoreActions/CancelRefundButton")): Object: 'Object Repository/DetailPop-up/MoreActions/CancelRefundButton' is clicked on

2022-02-14 12:17:37 - [MESSAGE][PASSED] - Object: 'Object Repository/DetailPop-up/MoreActions/CancelRefundButton' is clicked on

2022-02-14 12:17:37 - [TEST_STEP][PASSED] - delay(1): Delayed 1 second(s)

2022-02-14 12:17:38 - [MESSAGE][PASSED] - Delayed 1 second(s)

2022-02-14 12:17:38 - [TEST_STEP][PASSED] - takeScreenshot(): Taking screenshot successfully

2022-02-14 12:17:38 - [MESSAGE][PASSED] - Taking screenshot successfully
[[ATTACHMENT|/home/intersoft-admin/Rattan/Bash/Training/Rattan/Final_testing/New_ActivityOverview/Reports/20220214_115757/RefundOrder-CopiedURL/20220214_115802/1644821258410.png]]

2022-02-14 12:17:38 - [TEST_STEP][PASSED] - switchToWindowIndex(0): Switched to window with index: '0'

2022-02-14 12:17:38 - [MESSAGE][PASSED] - Switched to window with index: '0'

2022-02-14 12:17:38 - [TEST_STEP][PASSED] - delay(13): Delayed 13 second(s)

2022-02-14 12:17:51 - [MESSAGE][PASSED] - Delayed 13 second(s)

2022-02-14 12:17:51 - [TEST_STEP][PASSED] - switchToFrame(findTestObject("Object Repository/Iframe/NewActivityOverviewIframe"), 5): null

2022-02-14 12:17:51 - [TEST_STEP][PASSED] - click(findTestObject("Object Repository/DetailPop-up/Backbutton/BackButtonToListing")): Object: 'Object Repository/DetailPop-up/Backbutton/BackButtonToListing' is clicked on

2022-02-14 12:17:55 - [MESSAGE][PASSED] - Object: 'Object Repository/DetailPop-up/Backbutton/BackButtonToListing' is clicked on

2022-02-14 12:17:55 - [TEST_STEP][PASSED] - delay(13): Delayed 13 second(s)

2022-02-14 12:18:08 - [MESSAGE][PASSED] - Delayed 13 second(s)

2022-02-14 12:18:08 - [TEST_STEP][PASSED] - if (l <= 5): null

2022-02-14 12:18:08 - [TEST_STEP][PASSED] - paginationvalue = l: null

2022-02-14 12:18:08 - [TEST_STEP][PASSED] - if (l > 5): null

2022-02-14 12:18:08 - [TEST_STEP][PASSED] - logInfo(Size of Pagination: $paginationvalue): Size of Pagination: 2

2022-02-14 12:18:08 - [MESSAGE][INFO] - Size of Pagination: 2

2022-02-14 12:18:08 - [TEST_STEP][PASSED] - click(findTestObject("Object Repository/PaginationCOunt/ClickOnPagination", ["pagination":paginationvalue])): Object: 'Object Repository/PaginationCOunt/ClickOnPagination' is clicked on

2022-02-14 12:18:11 - [MESSAGE][PASSED] - Object: 'Object Repository/PaginationCOunt/ClickOnPagination' is clicked on

2022-02-14 12:18:11 - [TEST_STEP][PASSED] - delay(20): Delayed 20 second(s)

2022-02-14 12:18:31 - [MESSAGE][PASSED] - Delayed 20 second(s)

2022-02-14 12:18:31 - [TEST_STEP][PASSED] - takeScreenshot(): Taking screenshot successfully

2022-02-14 12:18:31 - [MESSAGE][PASSED] - Taking screenshot successfully
[[ATTACHMENT|/home/intersoft-admin/Rattan/Bash/Training/Rattan/Final_testing/New_ActivityOverview/Reports/20220214_115757/RefundOrder-CopiedURL/20220214_115802/1644821311426.png]]

2022-02-14 12:18:31 - [TEST_STEP][PASSED] - SizeofActiveBookings = findWebElements(findTestObject("Object Repository/CancelAndRefund/OrderListWithoutRefundedStatus"), 5).size(): null

2022-02-14 12:18:31 - [TEST_STEP][PASSED] - logInfo(Size of Active Bookings: $SizeofActiveBookings): Size of Active Bookings: 74

2022-02-14 12:18:31 - [MESSAGE][INFO] - Size of Active Bookings: 74

2022-02-14 12:18:31 - [TEST_STEP][PASSED] - for ([refund = 1, refund < SizeofActiveBookings, (refund++)]): null

2022-02-14 12:18:31 - [TEST_STEP][PASSED] - if (refund == 1): null

2022-02-14 12:18:31 - [TEST_STEP][PASSED] - refund = SizeofActiveBookings: null

2022-02-14 12:18:31 - [TEST_STEP][PASSED] - refundvalue = refund: null

2022-02-14 12:18:31 - [TEST_STEP][PASSED] - logInfo(Size of refund booking: $refund): Size of refund booking: 74

2022-02-14 12:18:31 - [MESSAGE][INFO] - Size of refund booking: 74

2022-02-14 12:18:31 - [TEST_STEP][PASSED] - scrollToElement(findTestObject("Object Repository/CancelAndRefund/OrderListWithoutRefundedStatus - Click", ["position":refund]), 15): Scroll to object 'Object Repository/CancelAndRefund/OrderListWithoutRefundedStatus - Click' successfully

2022-02-14 12:18:31 - [MESSAGE][PASSED] - Scroll to object 'Object Repository/CancelAndRefund/OrderListWithoutRefundedStatus - Click' successfully

2022-02-14 12:18:31 - [TEST_STEP][PASSED] - takeScreenshot(): Taking screenshot successfully

2022-02-14 12:18:31 - [MESSAGE][PASSED] - Taking screenshot successfully
[[ATTACHMENT|/home/intersoft-admin/Rattan/Bash/Training/Rattan/Final_testing/New_ActivityOverview/Reports/20220214_115757/RefundOrder-CopiedURL/20220214_115802/1644821311743.png]]

2022-02-14 12:18:31 - [TEST_STEP][PASSED] - orderId = findWebElement(findTestObject("Object Repository/GetOrderID/GetOrderID", ["position":refund])).getAttribute("data-order_id"): null

2022-02-14 12:18:31 - [TEST_STEP][PASSED] - orderId = orderId: null

2022-02-14 12:18:31 - [TEST_STEP][PASSED] - logInfo(Order ID: $orderId): Order ID: 164455785534845

2022-02-14 12:18:31 - [MESSAGE][INFO] - Order ID: 164455785534845

2022-02-14 12:18:31 - [TEST_STEP][PASSED] - click(findTestObject("Object Repository/GetOrderID/GetOrderID", ["position":refund])): Object: 'Object Repository/GetOrderID/GetOrderID' is clicked on

2022-02-14 12:18:35 - [MESSAGE][PASSED] - Object: 'Object Repository/GetOrderID/GetOrderID' is clicked on

2022-02-14 12:18:35 - [TEST_STEP][PASSED] - delay(20): Delayed 20 second(s)

2022-02-14 12:18:55 - [MESSAGE][PASSED] - Delayed 20 second(s)

2022-02-14 12:18:55 - [TEST_STEP][PASSED] - takeScreenshot(): Taking screenshot successfully

2022-02-14 12:18:55 - [MESSAGE][PASSED] - Taking screenshot successfully
[[ATTACHMENT|/home/intersoft-admin/Rattan/Bash/Training/Rattan/Final_testing/New_ActivityOverview/Reports/20220214_115757/RefundOrder-CopiedURL/20220214_115802/1644821335164.png]]

2022-02-14 12:18:55 - [TEST_STEP][PASSED] - callTestCase(findTestCase("Test Cases/StepToReUse/StepTOCopyURLAndAddAnotherTab"), [:], CONTINUE_ON_FAILURE): Call Test Case 'Test Cases/StepToReUse/StepTOCopyURLAndAddAnotherTab' successfully

2022-02-14 12:18:55 - [TEST_CASE][PASSED] - Test Cases/StepToReUse/StepTOCopyURLAndAddAnotherTab: Test Cases/StepToReUse/StepTOCopyURLAndAddAnotherTab

2022-02-14 12:18:55 - [TEST_STEP][PASSED] - click(findTestObject("Object Repository/Header/Preview/ClickOnPreviewIcon")): Object: 'Object Repository/Header/Preview/ClickOnPreviewIcon' is clicked on

2022-02-14 12:18:58 - [MESSAGE][PASSED] - Object: 'Object Repository/Header/Preview/ClickOnPreviewIcon' is clicked on

2022-02-14 12:18:58 - [TEST_STEP][PASSED] - delay(10): Delayed 10 second(s)

2022-02-14 12:19:08 - [MESSAGE][PASSED] - Delayed 10 second(s)

2022-02-14 12:19:08 - [TEST_STEP][PASSED] - takeScreenshot(): Taking screenshot successfully

2022-02-14 12:19:08 - [MESSAGE][PASSED] - Taking screenshot successfully
[[ATTACHMENT|/home/intersoft-admin/Rattan/Bash/Training/Rattan/Final_testing/New_ActivityOverview/Reports/20220214_115757/RefundOrder-CopiedURL/20220214_115802/1644821348526.png]]

2022-02-14 12:19:08 - [TEST_STEP][PASSED] - click(findTestObject("Object Repository/Header/Preview/PrintVoucher")): Object: 'Object Repository/Header/Preview/PrintVoucher' is clicked on

2022-02-14 12:19:11 - [MESSAGE][PASSED] - Object: 'Object Repository/Header/Preview/PrintVoucher' is clicked on

2022-02-14 12:19:11 - [TEST_STEP][PASSED] - delay(10): Delayed 10 second(s)

2022-02-14 12:19:21 - [MESSAGE][PASSED] - Delayed 10 second(s)

2022-02-14 12:19:21 - [TEST_STEP][PASSED] - takeScreenshot(): Taking screenshot successfully

2022-02-14 12:19:22 - [MESSAGE][PASSED] - Taking screenshot successfully
[[ATTACHMENT|/home/intersoft-admin/Rattan/Bash/Training/Rattan/Final_testing/New_ActivityOverview/Reports/20220214_115757/RefundOrder-CopiedURL/20220214_115802/1644821361842.png]]

2022-02-14 12:19:22 - [TEST_STEP][PASSED] - UrlToClick = findWebElement(findTestObject("Object Repository/Header/CopyUrl/CopyUrl")).getAttribute("data-href_url"): null

2022-02-14 12:19:22 - [TEST_STEP][PASSED] - println(UrlToClick): null

2022-02-14 12:19:22 - [TEST_STEP][PASSED] - ActivityUrl = UrlToClick: null

2022-02-14 12:19:22 - [TEST_STEP][PASSED] - switchToWindowIndex(1): Switched to window with index: '1'

2022-02-14 12:19:22 - [MESSAGE][PASSED] - Switched to window with index: '1'

2022-02-14 12:19:22 - [TEST_STEP][PASSED] - delay(5): Delayed 5 second(s)

2022-02-14 12:19:27 - [MESSAGE][PASSED] - Delayed 5 second(s)

2022-02-14 12:19:27 - [TEST_STEP][PASSED] - navigateToUrl(ActivityUrl): Navigate to 'https://activity.test-prio.com/orders/164455785534845' successfully

2022-02-14 12:19:31 - [MESSAGE][PASSED] - Navigate to 'https://activity.test-prio.com/orders/164455785534845' successfully

2022-02-14 12:19:31 - [TEST_STEP][PASSED] - takeScreenshot(): Taking screenshot successfully

2022-02-14 12:19:32 - [MESSAGE][PASSED] - Taking screenshot successfully
[[ATTACHMENT|/home/intersoft-admin/Rattan/Bash/Training/Rattan/Final_testing/New_ActivityOverview/Reports/20220214_115757/RefundOrder-CopiedURL/20220214_115802/1644821372076.png]]

2022-02-14 12:19:32 - [TEST_STEP][PASSED] - switchToDefaultContent(): null

2022-02-14 12:19:32 - [MESSAGE][PASSED] - Call Test Case 'Test Cases/StepToReUse/StepTOCopyURLAndAddAnotherTab' successfully

2022-02-14 12:19:32 - [TEST_STEP][PASSED] - if (waitForElementVisible(findTestObject("Object Repository/DetailPop-up/MoreActions/MoreOptionSelect"), 15) == true): null

2022-02-14 12:19:32 - [MESSAGE][PASSED] - Object 'Object Repository/DetailPop-up/MoreActions/MoreOptionSelect' is visible

2022-02-14 12:19:32 - [TEST_STEP][PASSED] - click(findTestObject("Object Repository/DetailPop-up/MoreActions/MoreOptionSelect")): Object: 'Object Repository/DetailPop-up/MoreActions/MoreOptionSelect' is clicked on

2022-02-14 12:19:35 - [MESSAGE][PASSED] - Object: 'Object Repository/DetailPop-up/MoreActions/MoreOptionSelect' is clicked on

2022-02-14 12:19:35 - [TEST_STEP][PASSED] - delay(1): Delayed 1 second(s)

2022-02-14 12:19:36 - [MESSAGE][PASSED] - Delayed 1 second(s)

2022-02-14 12:19:36 - [TEST_STEP][PASSED] - takeScreenshot(): Taking screenshot successfully

2022-02-14 12:19:37 - [MESSAGE][PASSED] - Taking screenshot successfully
[[ATTACHMENT|/home/intersoft-admin/Rattan/Bash/Training/Rattan/Final_testing/New_ActivityOverview/Reports/20220214_115757/RefundOrder-CopiedURL/20220214_115802/1644821377013.png]]

2022-02-14 12:19:37 - [TEST_STEP][PASSED] - if (waitForElementVisible(findTestObject("Object Repository/DetailPop-up/MoreActions/MoreAction-SelectOptions", ["action":"Refund"]), 15) == true): Taking screenshot successfully

2022-02-14 12:19:37 - [MESSAGE][PASSED] - Object 'Object Repository/DetailPop-up/MoreActions/MoreAction-SelectOptions' is visible

2022-02-14 12:19:37 - [TEST_STEP][PASSED] - click(findTestObject("Object Repository/DetailPop-up/MoreActions/MoreAction-SelectOptions", ["action":"Refund"])): Object: 'Object Repository/DetailPop-up/MoreActions/MoreAction-SelectOptions' is clicked on

2022-02-14 12:19:40 - [MESSAGE][PASSED] - Object: 'Object Repository/DetailPop-up/MoreActions/MoreAction-SelectOptions' is clicked on

2022-02-14 12:19:40 - [TEST_STEP][PASSED] - delay(1): Delayed 1 second(s)

2022-02-14 12:19:41 - [MESSAGE][PASSED] - Delayed 1 second(s)

2022-02-14 12:19:41 - [TEST_STEP][PASSED] - takeScreenshot(): Taking screenshot successfully

2022-02-14 12:19:42 - [MESSAGE][PASSED] - Taking screenshot successfully
[[ATTACHMENT|/home/intersoft-admin/Rattan/Bash/Training/Rattan/Final_testing/New_ActivityOverview/Reports/20220214_115757/RefundOrder-CopiedURL/20220214_115802/1644821381971.png]]

2022-02-14 12:19:42 - [TEST_STEP][PASSED] - setText(findTestObject("Object Repository/DetailPop-up/MoreActions/RefundReason"), CancellationReason): Text 'Order Refunded to Test Automation Testing Under Katalon' is set on object 'Object Repository/DetailPop-up/MoreActions/RefundReason'

2022-02-14 12:19:48 - [MESSAGE][PASSED] - Text 'Order Refunded to Test Automation Testing Under Katalon' is set on object 'Object Repository/DetailPop-up/MoreActions/RefundReason'

2022-02-14 12:19:48 - [TEST_STEP][PASSED] - delay(1): Delayed 1 second(s)

2022-02-14 12:19:49 - [MESSAGE][PASSED] - Delayed 1 second(s)

2022-02-14 12:19:49 - [TEST_STEP][PASSED] - takeScreenshot(): Taking screenshot successfully

2022-02-14 12:19:50 - [MESSAGE][PASSED] - Taking screenshot successfully
[[ATTACHMENT|/home/intersoft-admin/Rattan/Bash/Training/Rattan/Final_testing/New_ActivityOverview/Reports/20220214_115757/RefundOrder-CopiedURL/20220214_115802/1644821389945.png]]

2022-02-14 12:19:50 - [TEST_STEP][PASSED] - click(findTestObject("Object Repository/DetailPop-up/MoreActions/confirmRefundOrder")): Object: 'Object Repository/DetailPop-up/MoreActions/confirmRefundOrder' is clicked on

2022-02-14 12:19:53 - [MESSAGE][PASSED] - Object: 'Object Repository/DetailPop-up/MoreActions/confirmRefundOrder' is clicked on

2022-02-14 12:19:53 - [TEST_STEP][PASSED] - delay(1): Delayed 1 second(s)

2022-02-14 12:19:54 - [MESSAGE][PASSED] - Delayed 1 second(s)

2022-02-14 12:19:54 - [TEST_STEP][PASSED] - takeScreenshot(): Taking screenshot successfully

2022-02-14 12:19:54 - [MESSAGE][PASSED] - Taking screenshot successfully
[[ATTACHMENT|/home/intersoft-admin/Rattan/Bash/Training/Rattan/Final_testing/New_ActivityOverview/Reports/20220214_115757/RefundOrder-CopiedURL/20220214_115802/1644821394695.png]]

2022-02-14 12:19:54 - [TEST_STEP][PASSED] - delay(12): Delayed 12 second(s)

2022-02-14 12:20:06 - [MESSAGE][PASSED] - Delayed 12 second(s)

2022-02-14 12:20:06 - [TEST_STEP][PASSED] - if (waitForElementVisible(findTestObject("Object Repository/DetailPop-up/MoreActions/CancelRefundButton"), 15) == true): Taking screenshot successfully

2022-02-14 12:20:07 - [MESSAGE][PASSED] - Object 'Object Repository/DetailPop-up/MoreActions/CancelRefundButton' is visible

2022-02-14 12:20:07 - [TEST_STEP][PASSED] - click(findTestObject("Object Repository/DetailPop-up/MoreActions/CancelRefundButton")): Object: 'Object Repository/DetailPop-up/MoreActions/CancelRefundButton' is clicked on

2022-02-14 12:20:10 - [MESSAGE][PASSED] - Object: 'Object Repository/DetailPop-up/MoreActions/CancelRefundButton' is clicked on

2022-02-14 12:20:10 - [TEST_STEP][PASSED] - delay(1): Delayed 1 second(s)

2022-02-14 12:20:11 - [MESSAGE][PASSED] - Delayed 1 second(s)

2022-02-14 12:20:11 - [TEST_STEP][PASSED] - takeScreenshot(): Taking screenshot successfully

2022-02-14 12:20:11 - [MESSAGE][PASSED] - Taking screenshot successfully
[[ATTACHMENT|/home/intersoft-admin/Rattan/Bash/Training/Rattan/Final_testing/New_ActivityOverview/Reports/20220214_115757/RefundOrder-CopiedURL/20220214_115802/1644821411702.png]]

2022-02-14 12:20:11 - [TEST_STEP][PASSED] - switchToWindowIndex(0): Switched to window with index: '0'

2022-02-14 12:20:11 - [MESSAGE][PASSED] - Switched to window with index: '0'

2022-02-14 12:20:11 - [TEST_STEP][PASSED] - delay(13): Delayed 13 second(s)

2022-02-14 12:20:24 - [MESSAGE][PASSED] - Delayed 13 second(s)

2022-02-14 12:20:24 - [TEST_STEP][PASSED] - switchToFrame(findTestObject("Object Repository/Iframe/NewActivityOverviewIframe"), 5): null

2022-02-14 12:20:25 - [TEST_STEP][PASSED] - click(findTestObject("Object Repository/DetailPop-up/Backbutton/BackButtonToListing")): Object: 'Object Repository/DetailPop-up/Backbutton/BackButtonToListing' is clicked on

2022-02-14 12:20:28 - [MESSAGE][PASSED] - Object: 'Object Repository/DetailPop-up/Backbutton/BackButtonToListing' is clicked on

2022-02-14 12:20:28 - [TEST_STEP][PASSED] - delay(13): Delayed 13 second(s)

2022-02-14 12:20:41 - [MESSAGE][PASSED] - Delayed 13 second(s)

2022-02-14 12:20:41 - [TEST_STEP][PASSED] - if (l <= 5): null

2022-02-14 12:20:41 - [TEST_STEP][PASSED] - paginationvalue = l: null

2022-02-14 12:20:41 - [TEST_STEP][PASSED] - if (l > 5): null

2022-02-14 12:20:41 - [TEST_STEP][PASSED] - logInfo(Size of Pagination: $paginationvalue): Size of Pagination: 3

2022-02-14 12:20:41 - [MESSAGE][INFO] - Size of Pagination: 3

2022-02-14 12:20:41 - [TEST_STEP][PASSED] - click(findTestObject("Object Repository/PaginationCOunt/ClickOnPagination", ["pagination":paginationvalue])): Object: 'Object Repository/PaginationCOunt/ClickOnPagination' is clicked on

2022-02-14 12:20:44 - [MESSAGE][PASSED] - Object: 'Object Repository/PaginationCOunt/ClickOnPagination' is clicked on

2022-02-14 12:20:44 - [TEST_STEP][PASSED] - delay(20): Delayed 20 second(s)

2022-02-14 12:21:04 - [MESSAGE][PASSED] - Delayed 20 second(s)

2022-02-14 12:21:04 - [TEST_STEP][PASSED] - takeScreenshot(): Taking screenshot successfully

2022-02-14 12:21:04 - [MESSAGE][PASSED] - Taking screenshot successfully
[[ATTACHMENT|/home/intersoft-admin/Rattan/Bash/Training/Rattan/Final_testing/New_ActivityOverview/Reports/20220214_115757/RefundOrder-CopiedURL/20220214_115802/1644821464640.png]]

2022-02-14 12:21:04 - [TEST_STEP][PASSED] - SizeofActiveBookings = findWebElements(findTestObject("Object Repository/CancelAndRefund/OrderListWithoutRefundedStatus"), 5).size(): null

2022-02-14 12:21:04 - [TEST_STEP][PASSED] - logInfo(Size of Active Bookings: $SizeofActiveBookings): Size of Active Bookings: 80

2022-02-14 12:21:04 - [MESSAGE][INFO] - Size of Active Bookings: 80

2022-02-14 12:21:04 - [TEST_STEP][PASSED] - for ([refund = 1, refund < SizeofActiveBookings, (refund++)]): null

2022-02-14 12:21:04 - [TEST_STEP][PASSED] - if (refund == 1): null

2022-02-14 12:21:04 - [TEST_STEP][PASSED] - refund = SizeofActiveBookings: null

2022-02-14 12:21:04 - [TEST_STEP][PASSED] - refundvalue = refund: null

2022-02-14 12:21:04 - [TEST_STEP][PASSED] - logInfo(Size of refund booking: $refund): Size of refund booking: 80

2022-02-14 12:21:04 - [MESSAGE][INFO] - Size of refund booking: 80

2022-02-14 12:21:04 - [TEST_STEP][PASSED] - scrollToElement(findTestObject("Object Repository/CancelAndRefund/OrderListWithoutRefundedStatus - Click", ["position":refund]), 15): Scroll to object 'Object Repository/CancelAndRefund/OrderListWithoutRefundedStatus - Click' successfully

2022-02-14 12:21:04 - [MESSAGE][PASSED] - Scroll to object 'Object Repository/CancelAndRefund/OrderListWithoutRefundedStatus - Click' successfully

2022-02-14 12:21:04 - [TEST_STEP][PASSED] - takeScreenshot(): Taking screenshot successfully

2022-02-14 12:21:05 - [MESSAGE][PASSED] - Taking screenshot successfully
[[ATTACHMENT|/home/intersoft-admin/Rattan/Bash/Training/Rattan/Final_testing/New_ActivityOverview/Reports/20220214_115757/RefundOrder-CopiedURL/20220214_115802/1644821464996.png]]

2022-02-14 12:21:05 - [TEST_STEP][PASSED] - orderId = findWebElement(findTestObject("Object Repository/GetOrderID/GetOrderID", ["position":refund])).getAttribute("data-order_id"): null

2022-02-14 12:21:05 - [TEST_STEP][PASSED] - orderId = orderId: null

2022-02-14 12:21:05 - [TEST_STEP][PASSED] - logInfo(Order ID: $orderId): Order ID: 164440509594261

2022-02-14 12:21:05 - [MESSAGE][INFO] - Order ID: 164440509594261

2022-02-14 12:21:05 - [TEST_STEP][PASSED] - click(findTestObject("Object Repository/GetOrderID/GetOrderID", ["position":refund])): Object: 'Object Repository/GetOrderID/GetOrderID' is clicked on

2022-02-14 12:21:08 - [MESSAGE][PASSED] - Object: 'Object Repository/GetOrderID/GetOrderID' is clicked on

2022-02-14 12:21:08 - [TEST_STEP][PASSED] - delay(20): Delayed 20 second(s)

2022-02-14 12:21:28 - [MESSAGE][PASSED] - Delayed 20 second(s)

2022-02-14 12:21:28 - [TEST_STEP][PASSED] - takeScreenshot(): Taking screenshot successfully

2022-02-14 12:21:28 - [MESSAGE][PASSED] - Taking screenshot successfully
[[ATTACHMENT|/home/intersoft-admin/Rattan/Bash/Training/Rattan/Final_testing/New_ActivityOverview/Reports/20220214_115757/RefundOrder-CopiedURL/20220214_115802/1644821488459.png]]

2022-02-14 12:21:28 - [TEST_STEP][PASSED] - callTestCase(findTestCase("Test Cases/StepToReUse/StepTOCopyURLAndAddAnotherTab"), [:], CONTINUE_ON_FAILURE): Call Test Case 'Test Cases/StepToReUse/StepTOCopyURLAndAddAnotherTab' successfully

2022-02-14 12:21:28 - [TEST_CASE][PASSED] - Test Cases/StepToReUse/StepTOCopyURLAndAddAnotherTab: Test Cases/StepToReUse/StepTOCopyURLAndAddAnotherTab

2022-02-14 12:21:28 - [TEST_STEP][PASSED] - click(findTestObject("Object Repository/Header/Preview/ClickOnPreviewIcon")): Object: 'Object Repository/Header/Preview/ClickOnPreviewIcon' is clicked on

2022-02-14 12:21:31 - [MESSAGE][PASSED] - Object: 'Object Repository/Header/Preview/ClickOnPreviewIcon' is clicked on

2022-02-14 12:21:31 - [TEST_STEP][PASSED] - delay(10): Delayed 10 second(s)

2022-02-14 12:21:41 - [MESSAGE][PASSED] - Delayed 10 second(s)

2022-02-14 12:21:41 - [TEST_STEP][PASSED] - takeScreenshot(): Taking screenshot successfully

2022-02-14 12:21:41 - [MESSAGE][PASSED] - Taking screenshot successfully
[[ATTACHMENT|/home/intersoft-admin/Rattan/Bash/Training/Rattan/Final_testing/New_ActivityOverview/Reports/20220214_115757/RefundOrder-CopiedURL/20220214_115802/1644821501811.png]]

2022-02-14 12:21:41 - [TEST_STEP][PASSED] - click(findTestObject("Object Repository/Header/Preview/PrintVoucher")): Object: 'Object Repository/Header/Preview/PrintVoucher' is clicked on

2022-02-14 12:21:45 - [MESSAGE][PASSED] - Object: 'Object Repository/Header/Preview/PrintVoucher' is clicked on

2022-02-14 12:21:45 - [TEST_STEP][PASSED] - delay(10): Delayed 10 second(s)

2022-02-14 12:21:55 - [MESSAGE][PASSED] - Delayed 10 second(s)

2022-02-14 12:21:55 - [TEST_STEP][PASSED] - takeScreenshot(): Taking screenshot successfully

2022-02-14 12:21:55 - [MESSAGE][PASSED] - Taking screenshot successfully
[[ATTACHMENT|/home/intersoft-admin/Rattan/Bash/Training/Rattan/Final_testing/New_ActivityOverview/Reports/20220214_115757/RefundOrder-CopiedURL/20220214_115802/1644821515126.png]]

2022-02-14 12:21:55 - [TEST_STEP][PASSED] - UrlToClick = findWebElement(findTestObject("Object Repository/Header/CopyUrl/CopyUrl")).getAttribute("data-href_url"): null

2022-02-14 12:21:55 - [TEST_STEP][PASSED] - println(UrlToClick): null

2022-02-14 12:21:55 - [TEST_STEP][PASSED] - ActivityUrl = UrlToClick: null

2022-02-14 12:21:55 - [TEST_STEP][PASSED] - switchToWindowIndex(1): Switched to window with index: '1'

2022-02-14 12:21:55 - [MESSAGE][PASSED] - Switched to window with index: '1'

2022-02-14 12:21:55 - [TEST_STEP][PASSED] - delay(5): Delayed 5 second(s)

2022-02-14 12:22:00 - [MESSAGE][PASSED] - Delayed 5 second(s)

2022-02-14 12:22:00 - [TEST_STEP][PASSED] - navigateToUrl(ActivityUrl): Navigate to 'https://activity.test-prio.com/orders/164440509594261' successfully

2022-02-14 12:22:04 - [MESSAGE][PASSED] - Navigate to 'https://activity.test-prio.com/orders/164440509594261' successfully

2022-02-14 12:22:04 - [TEST_STEP][PASSED] - takeScreenshot(): Taking screenshot successfully

2022-02-14 12:22:05 - [MESSAGE][PASSED] - Taking screenshot successfully
[[ATTACHMENT|/home/intersoft-admin/Rattan/Bash/Training/Rattan/Final_testing/New_ActivityOverview/Reports/20220214_115757/RefundOrder-CopiedURL/20220214_115802/1644821525035.png]]

2022-02-14 12:22:05 - [TEST_STEP][PASSED] - switchToDefaultContent(): null

2022-02-14 12:22:05 - [MESSAGE][PASSED] - Call Test Case 'Test Cases/StepToReUse/StepTOCopyURLAndAddAnotherTab' successfully

2022-02-14 12:22:05 - [TEST_STEP][PASSED] - if (waitForElementVisible(findTestObject("Object Repository/DetailPop-up/MoreActions/MoreOptionSelect"), 15) == true): null

2022-02-14 12:22:05 - [MESSAGE][PASSED] - Object 'Object Repository/DetailPop-up/MoreActions/MoreOptionSelect' is visible

2022-02-14 12:22:05 - [TEST_STEP][PASSED] - click(findTestObject("Object Repository/DetailPop-up/MoreActions/MoreOptionSelect")): Object: 'Object Repository/DetailPop-up/MoreActions/MoreOptionSelect' is clicked on

2022-02-14 12:22:08 - [MESSAGE][PASSED] - Object: 'Object Repository/DetailPop-up/MoreActions/MoreOptionSelect' is clicked on

2022-02-14 12:22:08 - [TEST_STEP][PASSED] - delay(1): Delayed 1 second(s)

2022-02-14 12:22:09 - [MESSAGE][PASSED] - Delayed 1 second(s)

2022-02-14 12:22:09 - [TEST_STEP][PASSED] - takeScreenshot(): Taking screenshot successfully

2022-02-14 12:22:10 - [MESSAGE][PASSED] - Taking screenshot successfully
[[ATTACHMENT|/home/intersoft-admin/Rattan/Bash/Training/Rattan/Final_testing/New_ActivityOverview/Reports/20220214_115757/RefundOrder-CopiedURL/20220214_115802/1644821530021.png]]

2022-02-14 12:22:10 - [TEST_STEP][PASSED] - if (waitForElementVisible(findTestObject("Object Repository/DetailPop-up/MoreActions/MoreAction-SelectOptions", ["action":"Refund"]), 15) == true): Taking screenshot successfully

2022-02-14 12:22:10 - [MESSAGE][PASSED] - Object 'Object Repository/DetailPop-up/MoreActions/MoreAction-SelectOptions' is visible

2022-02-14 12:22:10 - [TEST_STEP][PASSED] - click(findTestObject("Object Repository/DetailPop-up/MoreActions/MoreAction-SelectOptions", ["action":"Refund"])): Object: 'Object Repository/DetailPop-up/MoreActions/MoreAction-SelectOptions' is clicked on

2022-02-14 12:22:13 - [MESSAGE][PASSED] - Object: 'Object Repository/DetailPop-up/MoreActions/MoreAction-SelectOptions' is clicked on

2022-02-14 12:22:13 - [TEST_STEP][PASSED] - delay(1): Delayed 1 second(s)

2022-02-14 12:22:14 - [MESSAGE][PASSED] - Delayed 1 second(s)

2022-02-14 12:22:14 - [TEST_STEP][PASSED] - takeScreenshot(): Taking screenshot successfully

2022-02-14 12:22:15 - [MESSAGE][PASSED] - Taking screenshot successfully
[[ATTACHMENT|/home/intersoft-admin/Rattan/Bash/Training/Rattan/Final_testing/New_ActivityOverview/Reports/20220214_115757/RefundOrder-CopiedURL/20220214_115802/1644821535059.png]]

2022-02-14 12:22:15 - [TEST_STEP][PASSED] - setText(findTestObject("Object Repository/DetailPop-up/MoreActions/RefundReason"), CancellationReason): Text 'Order Refunded to Test Automation Testing Under Katalon' is set on object 'Object Repository/DetailPop-up/MoreActions/RefundReason'

2022-02-14 12:22:21 - [MESSAGE][PASSED] - Text 'Order Refunded to Test Automation Testing Under Katalon' is set on object 'Object Repository/DetailPop-up/MoreActions/RefundReason'

2022-02-14 12:22:21 - [TEST_STEP][PASSED] - delay(1): Delayed 1 second(s)

2022-02-14 12:22:22 - [MESSAGE][PASSED] - Delayed 1 second(s)

2022-02-14 12:22:22 - [TEST_STEP][PASSED] - takeScreenshot(): Taking screenshot successfully

2022-02-14 12:22:23 - [MESSAGE][PASSED] - Taking screenshot successfully
[[ATTACHMENT|/home/intersoft-admin/Rattan/Bash/Training/Rattan/Final_testing/New_ActivityOverview/Reports/20220214_115757/RefundOrder-CopiedURL/20220214_115802/1644821543107.png]]

2022-02-14 12:22:23 - [TEST_STEP][PASSED] - click(findTestObject("Object Repository/DetailPop-up/MoreActions/confirmRefundOrder")): Object: 'Object Repository/DetailPop-up/MoreActions/confirmRefundOrder' is clicked on

2022-02-14 12:22:26 - [MESSAGE][PASSED] - Object: 'Object Repository/DetailPop-up/MoreActions/confirmRefundOrder' is clicked on

2022-02-14 12:22:26 - [TEST_STEP][PASSED] - delay(1): Delayed 1 second(s)

2022-02-14 12:22:27 - [MESSAGE][PASSED] - Delayed 1 second(s)

2022-02-14 12:22:27 - [TEST_STEP][PASSED] - takeScreenshot(): Taking screenshot successfully

2022-02-14 12:22:27 - [MESSAGE][PASSED] - Taking screenshot successfully
[[ATTACHMENT|/home/intersoft-admin/Rattan/Bash/Training/Rattan/Final_testing/New_ActivityOverview/Reports/20220214_115757/RefundOrder-CopiedURL/20220214_115802/1644821547803.png]]

2022-02-14 12:22:27 - [TEST_STEP][PASSED] - delay(12): Delayed 12 second(s)

2022-02-14 12:22:39 - [MESSAGE][PASSED] - Delayed 12 second(s)

2022-02-14 12:22:39 - [TEST_STEP][PASSED] - if (waitForElementVisible(findTestObject("Object Repository/DetailPop-up/MoreActions/CancelRefundButton"), 15) == true): Taking screenshot successfully

2022-02-14 12:22:40 - [MESSAGE][PASSED] - Object 'Object Repository/DetailPop-up/MoreActions/CancelRefundButton' is visible

2022-02-14 12:22:40 - [TEST_STEP][PASSED] - click(findTestObject("Object Repository/DetailPop-up/MoreActions/CancelRefundButton")): Object: 'Object Repository/DetailPop-up/MoreActions/CancelRefundButton' is clicked on

2022-02-14 12:22:43 - [MESSAGE][PASSED] - Object: 'Object Repository/DetailPop-up/MoreActions/CancelRefundButton' is clicked on

2022-02-14 12:22:43 - [TEST_STEP][PASSED] - delay(1): Delayed 1 second(s)

2022-02-14 12:22:44 - [MESSAGE][PASSED] - Delayed 1 second(s)

2022-02-14 12:22:44 - [TEST_STEP][PASSED] - takeScreenshot(): Taking screenshot successfully

2022-02-14 12:22:44 - [MESSAGE][PASSED] - Taking screenshot successfully
[[ATTACHMENT|/home/intersoft-admin/Rattan/Bash/Training/Rattan/Final_testing/New_ActivityOverview/Reports/20220214_115757/RefundOrder-CopiedURL/20220214_115802/1644821564756.png]]

2022-02-14 12:22:44 - [TEST_STEP][PASSED] - switchToWindowIndex(0): Switched to window with index: '0'

2022-02-14 12:22:44 - [MESSAGE][PASSED] - Switched to window with index: '0'

2022-02-14 12:22:44 - [TEST_STEP][PASSED] - delay(13): Delayed 13 second(s)

2022-02-14 12:22:57 - [MESSAGE][PASSED] - Delayed 13 second(s)

2022-02-14 12:22:57 - [TEST_STEP][PASSED] - switchToFrame(findTestObject("Object Repository/Iframe/NewActivityOverviewIframe"), 5): null

2022-02-14 12:22:58 - [TEST_STEP][PASSED] - click(findTestObject("Object Repository/DetailPop-up/Backbutton/BackButtonToListing")): Object: 'Object Repository/DetailPop-up/Backbutton/BackButtonToListing' is clicked on

2022-02-14 12:23:01 - [MESSAGE][PASSED] - Object: 'Object Repository/DetailPop-up/Backbutton/BackButtonToListing' is clicked on

2022-02-14 12:23:01 - [TEST_STEP][PASSED] - delay(13): Delayed 13 second(s)

2022-02-14 12:23:14 - [MESSAGE][PASSED] - Delayed 13 second(s)

2022-02-14 12:23:14 - [TEST_STEP][PASSED] - if (l <= 5): null

2022-02-14 12:23:14 - [TEST_STEP][PASSED] - paginationvalue = l: null

2022-02-14 12:23:14 - [TEST_STEP][PASSED] - if (l > 5): null

2022-02-14 12:23:14 - [TEST_STEP][PASSED] - logInfo(Size of Pagination: $paginationvalue): Size of Pagination: 4

2022-02-14 12:23:14 - [MESSAGE][INFO] - Size of Pagination: 4

2022-02-14 12:23:14 - [TEST_STEP][PASSED] - click(findTestObject("Object Repository/PaginationCOunt/ClickOnPagination", ["pagination":paginationvalue])): Object: 'Object Repository/PaginationCOunt/ClickOnPagination' is clicked on

2022-02-14 12:23:17 - [MESSAGE][PASSED] - Object: 'Object Repository/PaginationCOunt/ClickOnPagination' is clicked on

2022-02-14 12:23:17 - [TEST_STEP][PASSED] - delay(20): Delayed 20 second(s)

2022-02-14 12:23:37 - [MESSAGE][PASSED] - Delayed 20 second(s)

2022-02-14 12:23:37 - [TEST_STEP][PASSED] - takeScreenshot(): Taking screenshot successfully

2022-02-14 12:23:37 - [MESSAGE][PASSED] - Taking screenshot successfully
[[ATTACHMENT|/home/intersoft-admin/Rattan/Bash/Training/Rattan/Final_testing/New_ActivityOverview/Reports/20220214_115757/RefundOrder-CopiedURL/20220214_115802/1644821617708.png]]

2022-02-14 12:23:37 - [TEST_STEP][PASSED] - SizeofActiveBookings = findWebElements(findTestObject("Object Repository/CancelAndRefund/OrderListWithoutRefundedStatus"), 5).size(): null

2022-02-14 12:23:37 - [TEST_STEP][PASSED] - logInfo(Size of Active Bookings: $SizeofActiveBookings): Size of Active Bookings: 82

2022-02-14 12:23:37 - [MESSAGE][INFO] - Size of Active Bookings: 82

2022-02-14 12:23:37 - [TEST_STEP][PASSED] - for ([refund = 1, refund < SizeofActiveBookings, (refund++)]): null

2022-02-14 12:23:37 - [TEST_STEP][PASSED] - if (refund == 1): null

2022-02-14 12:23:37 - [TEST_STEP][PASSED] - refund = SizeofActiveBookings: null

2022-02-14 12:23:37 - [TEST_STEP][PASSED] - refundvalue = refund: null

2022-02-14 12:23:37 - [TEST_STEP][PASSED] - logInfo(Size of refund booking: $refund): Size of refund booking: 82

2022-02-14 12:23:37 - [MESSAGE][INFO] - Size of refund booking: 82

2022-02-14 12:23:37 - [TEST_STEP][PASSED] - scrollToElement(findTestObject("Object Repository/CancelAndRefund/OrderListWithoutRefundedStatus - Click", ["position":refund]), 15): Scroll to object 'Object Repository/CancelAndRefund/OrderListWithoutRefundedStatus - Click' successfully

2022-02-14 12:23:38 - [MESSAGE][PASSED] - Scroll to object 'Object Repository/CancelAndRefund/OrderListWithoutRefundedStatus - Click' successfully

2022-02-14 12:23:38 - [TEST_STEP][PASSED] - takeScreenshot(): Taking screenshot successfully

2022-02-14 12:23:38 - [MESSAGE][PASSED] - Taking screenshot successfully
[[ATTACHMENT|/home/intersoft-admin/Rattan/Bash/Training/Rattan/Final_testing/New_ActivityOverview/Reports/20220214_115757/RefundOrder-CopiedURL/20220214_115802/1644821618102.png]]

2022-02-14 12:23:38 - [TEST_STEP][PASSED] - orderId = findWebElement(findTestObject("Object Repository/GetOrderID/GetOrderID", ["position":refund])).getAttribute("data-order_id"): null

2022-02-14 12:23:38 - [TEST_STEP][PASSED] - orderId = orderId: null

2022-02-14 12:23:38 - [TEST_STEP][PASSED] - logInfo(Order ID: $orderId): Order ID: 164431640270070

2022-02-14 12:23:38 - [MESSAGE][INFO] - Order ID: 164431640270070

2022-02-14 12:23:38 - [TEST_STEP][PASSED] - click(findTestObject("Object Repository/GetOrderID/GetOrderID", ["position":refund])): Object: 'Object Repository/GetOrderID/GetOrderID' is clicked on

2022-02-14 12:23:41 - [MESSAGE][PASSED] - Object: 'Object Repository/GetOrderID/GetOrderID' is clicked on

2022-02-14 12:23:41 - [TEST_STEP][PASSED] - delay(20): Delayed 20 second(s)

2022-02-14 12:24:01 - [MESSAGE][PASSED] - Delayed 20 second(s)

2022-02-14 12:24:01 - [TEST_STEP][PASSED] - takeScreenshot(): Taking screenshot successfully

2022-02-14 12:24:01 - [MESSAGE][PASSED] - Taking screenshot successfully
[[ATTACHMENT|/home/intersoft-admin/Rattan/Bash/Training/Rattan/Final_testing/New_ActivityOverview/Reports/20220214_115757/RefundOrder-CopiedURL/20220214_115802/1644821641501.png]]

2022-02-14 12:24:01 - [TEST_STEP][PASSED] - callTestCase(findTestCase("Test Cases/StepToReUse/StepTOCopyURLAndAddAnotherTab"), [:], CONTINUE_ON_FAILURE): Call Test Case 'Test Cases/StepToReUse/StepTOCopyURLAndAddAnotherTab' successfully

2022-02-14 12:24:01 - [TEST_CASE][PASSED] - Test Cases/StepToReUse/StepTOCopyURLAndAddAnotherTab: Test Cases/StepToReUse/StepTOCopyURLAndAddAnotherTab

2022-02-14 12:24:01 - [TEST_STEP][PASSED] - click(findTestObject("Object Repository/Header/Preview/ClickOnPreviewIcon")): Object: 'Object Repository/Header/Preview/ClickOnPreviewIcon' is clicked on

2022-02-14 12:24:04 - [MESSAGE][PASSED] - Object: 'Object Repository/Header/Preview/ClickOnPreviewIcon' is clicked on

2022-02-14 12:24:04 - [TEST_STEP][PASSED] - delay(10): Delayed 10 second(s)

2022-02-14 12:24:14 - [MESSAGE][PASSED] - Delayed 10 second(s)

2022-02-14 12:24:14 - [TEST_STEP][PASSED] - takeScreenshot(): Taking screenshot successfully

2022-02-14 12:24:15 - [MESSAGE][PASSED] - Taking screenshot successfully
[[ATTACHMENT|/home/intersoft-admin/Rattan/Bash/Training/Rattan/Final_testing/New_ActivityOverview/Reports/20220214_115757/RefundOrder-CopiedURL/20220214_115802/1644821654908.png]]

2022-02-14 12:24:15 - [TEST_STEP][PASSED] - click(findTestObject("Object Repository/Header/Preview/PrintVoucher")): Object: 'Object Repository/Header/Preview/PrintVoucher' is clicked on

2022-02-14 12:24:18 - [MESSAGE][PASSED] - Object: 'Object Repository/Header/Preview/PrintVoucher' is clicked on

2022-02-14 12:24:18 - [TEST_STEP][PASSED] - delay(10): Delayed 10 second(s)

2022-02-14 12:24:28 - [MESSAGE][PASSED] - Delayed 10 second(s)

2022-02-14 12:24:28 - [TEST_STEP][PASSED] - takeScreenshot(): Taking screenshot successfully

2022-02-14 12:24:28 - [MESSAGE][PASSED] - Taking screenshot successfully
[[ATTACHMENT|/home/intersoft-admin/Rattan/Bash/Training/Rattan/Final_testing/New_ActivityOverview/Reports/20220214_115757/RefundOrder-CopiedURL/20220214_115802/1644821668187.png]]

2022-02-14 12:24:28 - [TEST_STEP][PASSED] - UrlToClick = findWebElement(findTestObject("Object Repository/Header/CopyUrl/CopyUrl")).getAttribute("data-href_url"): null

2022-02-14 12:24:28 - [TEST_STEP][PASSED] - println(UrlToClick): null

2022-02-14 12:24:28 - [TEST_STEP][PASSED] - ActivityUrl = UrlToClick: null

2022-02-14 12:24:28 - [TEST_STEP][PASSED] - switchToWindowIndex(1): Switched to window with index: '1'

2022-02-14 12:24:28 - [MESSAGE][PASSED] - Switched to window with index: '1'

2022-02-14 12:24:28 - [TEST_STEP][PASSED] - delay(5): Delayed 5 second(s)

2022-02-14 12:24:33 - [MESSAGE][PASSED] - Delayed 5 second(s)

2022-02-14 12:24:33 - [TEST_STEP][PASSED] - navigateToUrl(ActivityUrl): Navigate to 'https://activity.test-prio.com/orders/164431640270070' successfully

2022-02-14 12:24:37 - [MESSAGE][PASSED] - Navigate to 'https://activity.test-prio.com/orders/164431640270070' successfully

2022-02-14 12:24:37 - [TEST_STEP][PASSED] - takeScreenshot(): Taking screenshot successfully

2022-02-14 12:24:38 - [MESSAGE][PASSED] - Taking screenshot successfully
[[ATTACHMENT|/home/intersoft-admin/Rattan/Bash/Training/Rattan/Final_testing/New_ActivityOverview/Reports/20220214_115757/RefundOrder-CopiedURL/20220214_115802/1644821678097.png]]

2022-02-14 12:24:38 - [TEST_STEP][PASSED] - switchToDefaultContent(): null

2022-02-14 12:24:38 - [MESSAGE][PASSED] - Call Test Case 'Test Cases/StepToReUse/StepTOCopyURLAndAddAnotherTab' successfully

2022-02-14 12:24:38 - [TEST_STEP][PASSED] - if (waitForElementVisible(findTestObject("Object Repository/DetailPop-up/MoreActions/MoreOptionSelect"), 15) == true): null

2022-02-14 12:24:38 - [MESSAGE][PASSED] - Object 'Object Repository/DetailPop-up/MoreActions/MoreOptionSelect' is visible

2022-02-14 12:24:38 - [TEST_STEP][PASSED] - click(findTestObject("Object Repository/DetailPop-up/MoreActions/MoreOptionSelect")): Object: 'Object Repository/DetailPop-up/MoreActions/MoreOptionSelect' is clicked on

2022-02-14 12:24:41 - [MESSAGE][PASSED] - Object: 'Object Repository/DetailPop-up/MoreActions/MoreOptionSelect' is clicked on

2022-02-14 12:24:41 - [TEST_STEP][PASSED] - delay(1): Delayed 1 second(s)

2022-02-14 12:24:42 - [MESSAGE][PASSED] - Delayed 1 second(s)

2022-02-14 12:24:42 - [TEST_STEP][PASSED] - takeScreenshot(): Taking screenshot successfully

2022-02-14 12:24:43 - [MESSAGE][PASSED] - Taking screenshot successfully
[[ATTACHMENT|/home/intersoft-admin/Rattan/Bash/Training/Rattan/Final_testing/New_ActivityOverview/Reports/20220214_115757/RefundOrder-CopiedURL/20220214_115802/1644821683033.png]]

2022-02-14 12:24:43 - [TEST_STEP][PASSED] - if (waitForElementVisible(findTestObject("Object Repository/DetailPop-up/MoreActions/MoreAction-SelectOptions", ["action":"Refund"]), 15) == true): Taking screenshot successfully

2022-02-14 12:24:43 - [MESSAGE][PASSED] - Object 'Object Repository/DetailPop-up/MoreActions/MoreAction-SelectOptions' is visible

2022-02-14 12:24:43 - [TEST_STEP][PASSED] - click(findTestObject("Object Repository/DetailPop-up/MoreActions/MoreAction-SelectOptions", ["action":"Refund"])): Object: 'Object Repository/DetailPop-up/MoreActions/MoreAction-SelectOptions' is clicked on

2022-02-14 12:24:46 - [MESSAGE][PASSED] - Object: 'Object Repository/DetailPop-up/MoreActions/MoreAction-SelectOptions' is clicked on

2022-02-14 12:24:46 - [TEST_STEP][PASSED] - delay(1): Delayed 1 second(s)

2022-02-14 12:24:47 - [MESSAGE][PASSED] - Delayed 1 second(s)

2022-02-14 12:24:47 - [TEST_STEP][PASSED] - takeScreenshot(): Taking screenshot successfully

2022-02-14 12:24:48 - [MESSAGE][PASSED] - Taking screenshot successfully
[[ATTACHMENT|/home/intersoft-admin/Rattan/Bash/Training/Rattan/Final_testing/New_ActivityOverview/Reports/20220214_115757/RefundOrder-CopiedURL/20220214_115802/1644821688083.png]]

2022-02-14 12:24:48 - [TEST_STEP][PASSED] - setText(findTestObject("Object Repository/DetailPop-up/MoreActions/RefundReason"), CancellationReason): Text 'Order Refunded to Test Automation Testing Under Katalon' is set on object 'Object Repository/DetailPop-up/MoreActions/RefundReason'

2022-02-14 12:24:54 - [MESSAGE][PASSED] - Text 'Order Refunded to Test Automation Testing Under Katalon' is set on object 'Object Repository/DetailPop-up/MoreActions/RefundReason'

2022-02-14 12:24:54 - [TEST_STEP][PASSED] - delay(1): Delayed 1 second(s)

2022-02-14 12:24:55 - [MESSAGE][PASSED] - Delayed 1 second(s)

2022-02-14 12:24:55 - [TEST_STEP][PASSED] - takeScreenshot(): Taking screenshot successfully

2022-02-14 12:24:56 - [MESSAGE][PASSED] - Taking screenshot successfully
[[ATTACHMENT|/home/intersoft-admin/Rattan/Bash/Training/Rattan/Final_testing/New_ActivityOverview/Reports/20220214_115757/RefundOrder-CopiedURL/20220214_115802/1644821696060.png]]

2022-02-14 12:24:56 - [TEST_STEP][PASSED] - click(findTestObject("Object Repository/DetailPop-up/MoreActions/confirmRefundOrder")): Object: 'Object Repository/DetailPop-up/MoreActions/confirmRefundOrder' is clicked on

2022-02-14 12:24:59 - [MESSAGE][PASSED] - Object: 'Object Repository/DetailPop-up/MoreActions/confirmRefundOrder' is clicked on

2022-02-14 12:24:59 - [TEST_STEP][PASSED] - delay(1): Delayed 1 second(s)

2022-02-14 12:25:00 - [MESSAGE][PASSED] - Delayed 1 second(s)

2022-02-14 12:25:00 - [TEST_STEP][PASSED] - takeScreenshot(): Taking screenshot successfully

2022-02-14 12:25:00 - [MESSAGE][PASSED] - Taking screenshot successfully
[[ATTACHMENT|/home/intersoft-admin/Rattan/Bash/Training/Rattan/Final_testing/New_ActivityOverview/Reports/20220214_115757/RefundOrder-CopiedURL/20220214_115802/1644821700704.png]]

2022-02-14 12:25:00 - [TEST_STEP][PASSED] - delay(12): Delayed 12 second(s)

2022-02-14 12:25:12 - [MESSAGE][PASSED] - Delayed 12 second(s)

2022-02-14 12:25:12 - [TEST_STEP][PASSED] - if (waitForElementVisible(findTestObject("Object Repository/DetailPop-up/MoreActions/CancelRefundButton"), 15) == true): Taking screenshot successfully

2022-02-14 12:25:13 - [MESSAGE][PASSED] - Object 'Object Repository/DetailPop-up/MoreActions/CancelRefundButton' is visible

2022-02-14 12:25:13 - [TEST_STEP][PASSED] - click(findTestObject("Object Repository/DetailPop-up/MoreActions/CancelRefundButton")): Object: 'Object Repository/DetailPop-up/MoreActions/CancelRefundButton' is clicked on

2022-02-14 12:25:16 - [MESSAGE][PASSED] - Object: 'Object Repository/DetailPop-up/MoreActions/CancelRefundButton' is clicked on

2022-02-14 12:25:16 - [TEST_STEP][PASSED] - delay(1): Delayed 1 second(s)

2022-02-14 12:25:17 - [MESSAGE][PASSED] - Delayed 1 second(s)

2022-02-14 12:25:17 - [TEST_STEP][PASSED] - takeScreenshot(): Taking screenshot successfully

2022-02-14 12:25:17 - [MESSAGE][PASSED] - Taking screenshot successfully
[[ATTACHMENT|/home/intersoft-admin/Rattan/Bash/Training/Rattan/Final_testing/New_ActivityOverview/Reports/20220214_115757/RefundOrder-CopiedURL/20220214_115802/1644821717650.png]]

2022-02-14 12:25:17 - [TEST_STEP][PASSED] - switchToWindowIndex(0): Switched to window with index: '0'

2022-02-14 12:25:17 - [MESSAGE][PASSED] - Switched to window with index: '0'

2022-02-14 12:25:17 - [TEST_STEP][PASSED] - delay(13): Delayed 13 second(s)

2022-02-14 12:25:30 - [MESSAGE][PASSED] - Delayed 13 second(s)

2022-02-14 12:25:30 - [TEST_STEP][PASSED] - switchToFrame(findTestObject("Object Repository/Iframe/NewActivityOverviewIframe"), 5): null

2022-02-14 12:25:31 - [TEST_STEP][PASSED] - click(findTestObject("Object Repository/DetailPop-up/Backbutton/BackButtonToListing")): Object: 'Object Repository/DetailPop-up/Backbutton/BackButtonToListing' is clicked on

2022-02-14 12:25:34 - [MESSAGE][PASSED] - Object: 'Object Repository/DetailPop-up/Backbutton/BackButtonToListing' is clicked on

2022-02-14 12:25:34 - [TEST_STEP][PASSED] - delay(13): Delayed 13 second(s)

2022-02-14 12:25:47 - [MESSAGE][PASSED] - Delayed 13 second(s)

2022-02-14 12:25:47 - [TEST_STEP][PASSED] - if (l <= 5): null

2022-02-14 12:25:47 - [TEST_STEP][PASSED] - paginationvalue = l: null

2022-02-14 12:25:47 - [TEST_STEP][PASSED] - if (l > 5): null

2022-02-14 12:25:47 - [TEST_STEP][PASSED] - logInfo(Size of Pagination: $paginationvalue): Size of Pagination: 5

2022-02-14 12:25:47 - [MESSAGE][INFO] - Size of Pagination: 5

2022-02-14 12:25:47 - [TEST_STEP][PASSED] - click(findTestObject("Object Repository/PaginationCOunt/ClickOnPagination", ["pagination":paginationvalue])): Object: 'Object Repository/PaginationCOunt/ClickOnPagination' is clicked on

2022-02-14 12:25:50 - [MESSAGE][PASSED] - Object: 'Object Repository/PaginationCOunt/ClickOnPagination' is clicked on

2022-02-14 12:25:50 - [TEST_STEP][PASSED] - delay(20): Delayed 20 second(s)

2022-02-14 12:26:10 - [MESSAGE][PASSED] - Delayed 20 second(s)

2022-02-14 12:26:10 - [TEST_STEP][PASSED] - takeScreenshot(): Taking screenshot successfully

2022-02-14 12:26:10 - [MESSAGE][PASSED] - Taking screenshot successfully
[[ATTACHMENT|/home/intersoft-admin/Rattan/Bash/Training/Rattan/Final_testing/New_ActivityOverview/Reports/20220214_115757/RefundOrder-CopiedURL/20220214_115802/1644821770650.png]]

2022-02-14 12:26:10 - [TEST_STEP][PASSED] - SizeofActiveBookings = findWebElements(findTestObject("Object Repository/CancelAndRefund/OrderListWithoutRefundedStatus"), 5).size(): null

2022-02-14 12:26:10 - [TEST_STEP][PASSED] - logInfo(Size of Active Bookings: $SizeofActiveBookings): Size of Active Bookings: 94

2022-02-14 12:26:10 - [MESSAGE][INFO] - Size of Active Bookings: 94

2022-02-14 12:26:10 - [TEST_STEP][PASSED] - for ([refund = 1, refund < SizeofActiveBookings, (refund++)]): null

2022-02-14 12:26:10 - [TEST_STEP][PASSED] - if (refund == 1): null

2022-02-14 12:26:10 - [TEST_STEP][PASSED] - refund = SizeofActiveBookings: null

2022-02-14 12:26:10 - [TEST_STEP][PASSED] - refundvalue = refund: null

2022-02-14 12:26:10 - [TEST_STEP][PASSED] - logInfo(Size of refund booking: $refund): Size of refund booking: 94

2022-02-14 12:26:10 - [MESSAGE][INFO] - Size of refund booking: 94

2022-02-14 12:26:10 - [TEST_STEP][PASSED] - scrollToElement(findTestObject("Object Repository/CancelAndRefund/OrderListWithoutRefundedStatus - Click", ["position":refund]), 15): Scroll to object 'Object Repository/CancelAndRefund/OrderListWithoutRefundedStatus - Click' successfully

2022-02-14 12:26:10 - [MESSAGE][PASSED] - Scroll to object 'Object Repository/CancelAndRefund/OrderListWithoutRefundedStatus - Click' successfully

2022-02-14 12:26:10 - [TEST_STEP][PASSED] - takeScreenshot(): Taking screenshot successfully

2022-02-14 12:26:11 - [MESSAGE][PASSED] - Taking screenshot successfully
[[ATTACHMENT|/home/intersoft-admin/Rattan/Bash/Training/Rattan/Final_testing/New_ActivityOverview/Reports/20220214_115757/RefundOrder-CopiedURL/20220214_115802/1644821770936.png]]

2022-02-14 12:26:11 - [TEST_STEP][PASSED] - orderId = findWebElement(findTestObject("Object Repository/GetOrderID/GetOrderID", ["position":refund])).getAttribute("data-order_id"): null

2022-02-14 12:26:11 - [TEST_STEP][PASSED] - orderId = orderId: null

2022-02-14 12:26:11 - [TEST_STEP][PASSED] - logInfo(Order ID: $orderId): Order ID: 164422087048896

2022-02-14 12:26:11 - [MESSAGE][INFO] - Order ID: 164422087048896

2022-02-14 12:26:11 - [TEST_STEP][PASSED] - click(findTestObject("Object Repository/GetOrderID/GetOrderID", ["position":refund])): Object: 'Object Repository/GetOrderID/GetOrderID' is clicked on

2022-02-14 12:26:14 - [MESSAGE][PASSED] - Object: 'Object Repository/GetOrderID/GetOrderID' is clicked on

2022-02-14 12:26:14 - [TEST_STEP][PASSED] - delay(20): Delayed 20 second(s)

2022-02-14 12:26:34 - [MESSAGE][PASSED] - Delayed 20 second(s)

2022-02-14 12:26:34 - [TEST_STEP][PASSED] - takeScreenshot(): Taking screenshot successfully

2022-02-14 12:26:34 - [MESSAGE][PASSED] - Taking screenshot successfully
[[ATTACHMENT|/home/intersoft-admin/Rattan/Bash/Training/Rattan/Final_testing/New_ActivityOverview/Reports/20220214_115757/RefundOrder-CopiedURL/20220214_115802/1644821794323.png]]

2022-02-14 12:26:34 - [TEST_STEP][PASSED] - callTestCase(findTestCase("Test Cases/StepToReUse/StepTOCopyURLAndAddAnotherTab"), [:], CONTINUE_ON_FAILURE): Call Test Case 'Test Cases/StepToReUse/StepTOCopyURLAndAddAnotherTab' successfully

2022-02-14 12:26:34 - [TEST_CASE][PASSED] - Test Cases/StepToReUse/StepTOCopyURLAndAddAnotherTab: Test Cases/StepToReUse/StepTOCopyURLAndAddAnotherTab

2022-02-14 12:26:34 - [TEST_STEP][PASSED] - click(findTestObject("Object Repository/Header/Preview/ClickOnPreviewIcon")): Object: 'Object Repository/Header/Preview/ClickOnPreviewIcon' is clicked on

2022-02-14 12:26:37 - [MESSAGE][PASSED] - Object: 'Object Repository/Header/Preview/ClickOnPreviewIcon' is clicked on

2022-02-14 12:26:37 - [TEST_STEP][PASSED] - delay(10): Delayed 10 second(s)

2022-02-14 12:26:47 - [MESSAGE][PASSED] - Delayed 10 second(s)

2022-02-14 12:26:47 - [TEST_STEP][PASSED] - takeScreenshot(): Taking screenshot successfully

2022-02-14 12:26:47 - [MESSAGE][PASSED] - Taking screenshot successfully
[[ATTACHMENT|/home/intersoft-admin/Rattan/Bash/Training/Rattan/Final_testing/New_ActivityOverview/Reports/20220214_115757/RefundOrder-CopiedURL/20220214_115802/1644821807743.png]]

2022-02-14 12:26:47 - [TEST_STEP][PASSED] - click(findTestObject("Object Repository/Header/Preview/PrintVoucher")): Object: 'Object Repository/Header/Preview/PrintVoucher' is clicked on

2022-02-14 12:26:51 - [MESSAGE][PASSED] - Object: 'Object Repository/Header/Preview/PrintVoucher' is clicked on

2022-02-14 12:26:51 - [TEST_STEP][PASSED] - delay(10): Delayed 10 second(s)

2022-02-14 12:27:01 - [MESSAGE][PASSED] - Delayed 10 second(s)

2022-02-14 12:27:01 - [TEST_STEP][PASSED] - takeScreenshot(): Taking screenshot successfully

2022-02-14 12:27:01 - [MESSAGE][PASSED] - Taking screenshot successfully
[[ATTACHMENT|/home/intersoft-admin/Rattan/Bash/Training/Rattan/Final_testing/New_ActivityOverview/Reports/20220214_115757/RefundOrder-CopiedURL/20220214_115802/1644821821065.png]]

2022-02-14 12:27:01 - [TEST_STEP][PASSED] - UrlToClick = findWebElement(findTestObject("Object Repository/Header/CopyUrl/CopyUrl")).getAttribute("data-href_url"): null

2022-02-14 12:27:01 - [TEST_STEP][PASSED] - println(UrlToClick): null

2022-02-14 12:27:01 - [TEST_STEP][PASSED] - ActivityUrl = UrlToClick: null

2022-02-14 12:27:01 - [TEST_STEP][PASSED] - switchToWindowIndex(1): Switched to window with index: '1'

2022-02-14 12:27:01 - [MESSAGE][PASSED] - Switched to window with index: '1'

2022-02-14 12:27:01 - [TEST_STEP][PASSED] - delay(5): Delayed 5 second(s)

2022-02-14 12:27:06 - [MESSAGE][PASSED] - Delayed 5 second(s)

2022-02-14 12:27:06 - [TEST_STEP][PASSED] - navigateToUrl(ActivityUrl): Navigate to 'https://activity.test-prio.com/orders/164422087048896' successfully

2022-02-14 12:27:10 - [MESSAGE][PASSED] - Navigate to 'https://activity.test-prio.com/orders/164422087048896' successfully

2022-02-14 12:27:10 - [TEST_STEP][PASSED] - takeScreenshot(): Taking screenshot successfully

2022-02-14 12:27:11 - [MESSAGE][PASSED] - Taking screenshot successfully
[[ATTACHMENT|/home/intersoft-admin/Rattan/Bash/Training/Rattan/Final_testing/New_ActivityOverview/Reports/20220214_115757/RefundOrder-CopiedURL/20220214_115802/1644821831208.png]]

2022-02-14 12:27:11 - [TEST_STEP][PASSED] - switchToDefaultContent(): null

2022-02-14 12:27:11 - [MESSAGE][PASSED] - Call Test Case 'Test Cases/StepToReUse/StepTOCopyURLAndAddAnotherTab' successfully

2022-02-14 12:27:11 - [TEST_STEP][PASSED] - if (waitForElementVisible(findTestObject("Object Repository/DetailPop-up/MoreActions/MoreOptionSelect"), 15) == true): null

2022-02-14 12:27:11 - [MESSAGE][PASSED] - Object 'Object Repository/DetailPop-up/MoreActions/MoreOptionSelect' is visible

2022-02-14 12:27:11 - [TEST_STEP][PASSED] - click(findTestObject("Object Repository/DetailPop-up/MoreActions/MoreOptionSelect")): Object: 'Object Repository/DetailPop-up/MoreActions/MoreOptionSelect' is clicked on

2022-02-14 12:27:14 - [MESSAGE][PASSED] - Object: 'Object Repository/DetailPop-up/MoreActions/MoreOptionSelect' is clicked on

2022-02-14 12:27:14 - [TEST_STEP][PASSED] - delay(1): Delayed 1 second(s)

2022-02-14 12:27:15 - [MESSAGE][PASSED] - Delayed 1 second(s)

2022-02-14 12:27:15 - [TEST_STEP][PASSED] - takeScreenshot(): Taking screenshot successfully

2022-02-14 12:27:16 - [MESSAGE][PASSED] - Taking screenshot successfully
[[ATTACHMENT|/home/intersoft-admin/Rattan/Bash/Training/Rattan/Final_testing/New_ActivityOverview/Reports/20220214_115757/RefundOrder-CopiedURL/20220214_115802/1644821836158.png]]

2022-02-14 12:27:16 - [TEST_STEP][PASSED] - if (waitForElementVisible(findTestObject("Object Repository/DetailPop-up/MoreActions/MoreAction-SelectOptions", ["action":"Refund"]), 15) == true): Taking screenshot successfully

2022-02-14 12:27:16 - [MESSAGE][PASSED] - Object 'Object Repository/DetailPop-up/MoreActions/MoreAction-SelectOptions' is visible

2022-02-14 12:27:16 - [TEST_STEP][PASSED] - click(findTestObject("Object Repository/DetailPop-up/MoreActions/MoreAction-SelectOptions", ["action":"Refund"])): Object: 'Object Repository/DetailPop-up/MoreActions/MoreAction-SelectOptions' is clicked on

2022-02-14 12:27:19 - [MESSAGE][PASSED] - Object: 'Object Repository/DetailPop-up/MoreActions/MoreAction-SelectOptions' is clicked on

2022-02-14 12:27:19 - [TEST_STEP][PASSED] - delay(1): Delayed 1 second(s)

2022-02-14 12:27:20 - [MESSAGE][PASSED] - Delayed 1 second(s)

2022-02-14 12:27:20 - [TEST_STEP][PASSED] - takeScreenshot(): Taking screenshot successfully

2022-02-14 12:27:21 - [MESSAGE][PASSED] - Taking screenshot successfully
[[ATTACHMENT|/home/intersoft-admin/Rattan/Bash/Training/Rattan/Final_testing/New_ActivityOverview/Reports/20220214_115757/RefundOrder-CopiedURL/20220214_115802/1644821841245.png]]

2022-02-14 12:27:21 - [TEST_STEP][PASSED] - setText(findTestObject("Object Repository/DetailPop-up/MoreActions/RefundReason"), CancellationReason): Text 'Order Refunded to Test Automation Testing Under Katalon' is set on object 'Object Repository/DetailPop-up/MoreActions/RefundReason'

2022-02-14 12:27:27 - [MESSAGE][PASSED] - Text 'Order Refunded to Test Automation Testing Under Katalon' is set on object 'Object Repository/DetailPop-up/MoreActions/RefundReason'

2022-02-14 12:27:27 - [TEST_STEP][PASSED] - delay(1): Delayed 1 second(s)

2022-02-14 12:27:28 - [MESSAGE][PASSED] - Delayed 1 second(s)

2022-02-14 12:27:28 - [TEST_STEP][PASSED] - takeScreenshot(): Taking screenshot successfully

2022-02-14 12:27:29 - [MESSAGE][PASSED] - Taking screenshot successfully
[[ATTACHMENT|/home/intersoft-admin/Rattan/Bash/Training/Rattan/Final_testing/New_ActivityOverview/Reports/20220214_115757/RefundOrder-CopiedURL/20220214_115802/1644821849194.png]]

2022-02-14 12:27:29 - [TEST_STEP][PASSED] - click(findTestObject("Object Repository/DetailPop-up/MoreActions/confirmRefundOrder")): Object: 'Object Repository/DetailPop-up/MoreActions/confirmRefundOrder' is clicked on

2022-02-14 12:27:32 - [MESSAGE][PASSED] - Object: 'Object Repository/DetailPop-up/MoreActions/confirmRefundOrder' is clicked on

2022-02-14 12:27:32 - [TEST_STEP][PASSED] - delay(1): Delayed 1 second(s)

2022-02-14 12:27:33 - [MESSAGE][PASSED] - Delayed 1 second(s)

2022-02-14 12:27:33 - [TEST_STEP][PASSED] - takeScreenshot(): Taking screenshot successfully

2022-02-14 12:27:33 - [MESSAGE][PASSED] - Taking screenshot successfully
[[ATTACHMENT|/home/intersoft-admin/Rattan/Bash/Training/Rattan/Final_testing/New_ActivityOverview/Reports/20220214_115757/RefundOrder-CopiedURL/20220214_115802/1644821853847.png]]

2022-02-14 12:27:33 - [TEST_STEP][PASSED] - delay(12): Delayed 12 second(s)

2022-02-14 12:27:45 - [MESSAGE][PASSED] - Delayed 12 second(s)

2022-02-14 12:27:45 - [TEST_STEP][PASSED] - if (waitForElementVisible(findTestObject("Object Repository/DetailPop-up/MoreActions/CancelRefundButton"), 15) == true): Taking screenshot successfully

2022-02-14 12:27:46 - [MESSAGE][PASSED] - Object 'Object Repository/DetailPop-up/MoreActions/CancelRefundButton' is visible

2022-02-14 12:27:46 - [TEST_STEP][PASSED] - click(findTestObject("Object Repository/DetailPop-up/MoreActions/CancelRefundButton")): Object: 'Object Repository/DetailPop-up/MoreActions/CancelRefundButton' is clicked on

2022-02-14 12:27:49 - [MESSAGE][PASSED] - Object: 'Object Repository/DetailPop-up/MoreActions/CancelRefundButton' is clicked on

2022-02-14 12:27:49 - [TEST_STEP][PASSED] - delay(1): Delayed 1 second(s)

2022-02-14 12:27:50 - [MESSAGE][PASSED] - Delayed 1 second(s)

2022-02-14 12:27:50 - [TEST_STEP][PASSED] - takeScreenshot(): Taking screenshot successfully

2022-02-14 12:27:50 - [MESSAGE][PASSED] - Taking screenshot successfully
[[ATTACHMENT|/home/intersoft-admin/Rattan/Bash/Training/Rattan/Final_testing/New_ActivityOverview/Reports/20220214_115757/RefundOrder-CopiedURL/20220214_115802/1644821870768.png]]

2022-02-14 12:27:50 - [TEST_STEP][PASSED] - switchToWindowIndex(0): Switched to window with index: '0'

2022-02-14 12:27:50 - [MESSAGE][PASSED] - Switched to window with index: '0'

2022-02-14 12:27:50 - [TEST_STEP][PASSED] - delay(13): Delayed 13 second(s)

2022-02-14 12:28:03 - [MESSAGE][PASSED] - Delayed 13 second(s)

2022-02-14 12:28:03 - [TEST_STEP][PASSED] - switchToFrame(findTestObject("Object Repository/Iframe/NewActivityOverviewIframe"), 5): null

2022-02-14 12:28:04 - [TEST_STEP][PASSED] - click(findTestObject("Object Repository/DetailPop-up/Backbutton/BackButtonToListing")): Object: 'Object Repository/DetailPop-up/Backbutton/BackButtonToListing' is clicked on

2022-02-14 12:28:07 - [MESSAGE][PASSED] - Object: 'Object Repository/DetailPop-up/Backbutton/BackButtonToListing' is clicked on

2022-02-14 12:28:07 - [TEST_STEP][PASSED] - delay(13): Delayed 13 second(s)

2022-02-14 12:28:20 - [MESSAGE][PASSED] - Delayed 13 second(s)]]></system-out>
         <system-err><![CDATA[]]></system-err>
      </testcase>
      <system-out><![CDATA[2022-02-14 12:14:08 - [TEST_SUITE][PASSED] - RefundOrder-CopiedURL: Test Cases/NewActivityOverview-LeftNavigation/ActivityOverview-RefundOrder-GetOrderIDAndRefund - CopiedURL]]></system-out>
      <system-err><![CDATA[]]></system-err>
   </testsuite>
   <testsuite name="DetailPop-up-BothSideUrlBasedAndNormal" tests="1" failures="1" errors="0" time="1599.487" skipped="0" timestamp="2022-02-14 12:28:42" hostname="intersoft-admin - intersoftadmin-desktop" id="Test Suites/DetailPop-up-BothSideUrlBasedAndNormal">
      <properties>
         <property name="deviceName" value=""/>
         <property name="devicePlatform" value=""/>
         <property name="logFolder" value="/home/intersoft-admin/Rattan/Bash/Training/Rattan/Final_testing/New_ActivityOverview/Reports/20220214_115757/DetailPop-up-BothSideUrlBasedAndNormal/20220214_115804"/>
         <property name="logFiles" value="/home/intersoft-admin/Rattan/Bash/Training/Rattan/Final_testing/New_ActivityOverview/Reports/20220214_115757/DetailPop-up-BothSideUrlBasedAndNormal/20220214_115804/execution0.log"/>
         <property name="attachments" value="/home/intersoft-admin/Rattan/Bash/Training/Rattan/Final_testing/New_ActivityOverview/Reports/20220214_115757/DetailPop-up-BothSideUrlBasedAndNormal/20220214_115804/1644821951537.png, /home/intersoft-admin/Rattan/Bash/Training/Rattan/Final_testing/New_ActivityOverview/Reports/20220214_115757/DetailPop-up-BothSideUrlBasedAndNormal/20220214_115804/1644821967093.png, /home/intersoft-admin/Rattan/Bash/Training/Rattan/Final_testing/New_ActivityOverview/Reports/20220214_115757/DetailPop-up-BothSideUrlBasedAndNormal/20220214_115804/1644821977542.png, /home/intersoft-admin/Rattan/Bash/Training/Rattan/Final_testing/New_ActivityOverview/Reports/20220214_115757/DetailPop-up-BothSideUrlBasedAndNormal/20220214_115804/1644822009095.png, /home/intersoft-admin/Rattan/Bash/Training/Rattan/Final_testing/New_ActivityOverview/Reports/20220214_115757/DetailPop-up-BothSideUrlBasedAndNormal/20220214_115804/1644822032487.png, /home/intersoft-admin/Rattan/Bash/Training/Rattan/Final_testing/New_ActivityOverview/Reports/20220214_115757/DetailPop-up-BothSideUrlBasedAndNormal/20220214_115804/1644822032882.png, /home/intersoft-admin/Rattan/Bash/Training/Rattan/Final_testing/New_ActivityOverview/Reports/20220214_115757/DetailPop-up-BothSideUrlBasedAndNormal/20220214_115804/1644822056309.png, /home/intersoft-admin/Rattan/Bash/Training/Rattan/Final_testing/New_ActivityOverview/Reports/20220214_115757/DetailPop-up-BothSideUrlBasedAndNormal/20220214_115804/1644822062737.png, /home/intersoft-admin/Rattan/Bash/Training/Rattan/Final_testing/New_ActivityOverview/Reports/20220214_115757/DetailPop-up-BothSideUrlBasedAndNormal/20220214_115804/1644822069096.png, /home/intersoft-admin/Rattan/Bash/Training/Rattan/Final_testing/New_ActivityOverview/Reports/20220214_115757/DetailPop-up-BothSideUrlBasedAndNormal/20220214_115804/1644822075586.png, /home/intersoft-admin/Rattan/Bash/Training/Rattan/Final_testing/New_ActivityOverview/Reports/20220214_115757/DetailPop-up-BothSideUrlBasedAndNormal/20220214_115804/1644822082021.png, /home/intersoft-admin/Rattan/Bash/Training/Rattan/Final_testing/New_ActivityOverview/Reports/20220214_115757/DetailPop-up-BothSideUrlBasedAndNormal/20220214_115804/1644822122133.png, /home/intersoft-admin/Rattan/Bash/Training/Rattan/Final_testing/New_ActivityOverview/Reports/20220214_115757/DetailPop-up-BothSideUrlBasedAndNormal/20220214_115804/1644822153829.png, /home/intersoft-admin/Rattan/Bash/Training/Rattan/Final_testing/New_ActivityOverview/Reports/20220214_115757/DetailPop-up-BothSideUrlBasedAndNormal/20220214_115804/1644822167113.png, /home/intersoft-admin/Rattan/Bash/Training/Rattan/Final_testing/New_ActivityOverview/Reports/20220214_115757/DetailPop-up-BothSideUrlBasedAndNormal/20220214_115804/1644822177118.png, /home/intersoft-admin/Rattan/Bash/Training/Rattan/Final_testing/New_ActivityOverview/Reports/20220214_115757/DetailPop-up-BothSideUrlBasedAndNormal/20220214_115804/1644822187149.png, /home/intersoft-admin/Rattan/Bash/Training/Rattan/Final_testing/New_ActivityOverview/Reports/20220214_115757/DetailPop-up-BothSideUrlBasedAndNormal/20220214_115804/1644822207461.png, /home/intersoft-admin/Rattan/Bash/Training/Rattan/Final_testing/New_ActivityOverview/Reports/20220214_115757/DetailPop-up-BothSideUrlBasedAndNormal/20220214_115804/1644822214450.png, /home/intersoft-admin/Rattan/Bash/Training/Rattan/Final_testing/New_ActivityOverview/Reports/20220214_115757/DetailPop-up-BothSideUrlBasedAndNormal/20220214_115804/1644822221488.png, /home/intersoft-admin/Rattan/Bash/Training/Rattan/Final_testing/New_ActivityOverview/Reports/20220214_115757/DetailPop-up-BothSideUrlBasedAndNormal/20220214_115804/1644822262217.png, /home/intersoft-admin/Rattan/Bash/Training/Rattan/Final_testing/New_ActivityOverview/Reports/20220214_115757/DetailPop-up-BothSideUrlBasedAndNormal/20220214_115804/1644822333310.png, /home/intersoft-admin/Rattan/Bash/Training/Rattan/Final_testing/New_ActivityOverview/Reports/20220214_115757/DetailPop-up-BothSideUrlBasedAndNormal/20220214_115804/1644822333581.png, /home/intersoft-admin/Rattan/Bash/Training/Rattan/Final_testing/New_ActivityOverview/Reports/20220214_115757/DetailPop-up-BothSideUrlBasedAndNormal/20220214_115804/1644822356947.png, /home/intersoft-admin/Rattan/Bash/Training/Rattan/Final_testing/New_ActivityOverview/Reports/20220214_115757/DetailPop-up-BothSideUrlBasedAndNormal/20220214_115804/1644822429320.png, /home/intersoft-admin/Rattan/Bash/Training/Rattan/Final_testing/New_ActivityOverview/Reports/20220214_115757/DetailPop-up-BothSideUrlBasedAndNormal/20220214_115804/1644822438232.png, /home/intersoft-admin/Rattan/Bash/Training/Rattan/Final_testing/New_ActivityOverview/Reports/20220214_115757/DetailPop-up-BothSideUrlBasedAndNormal/20220214_115804/1644822458492.png, /home/intersoft-admin/Rattan/Bash/Training/Rattan/Final_testing/New_ActivityOverview/Reports/20220214_115757/DetailPop-up-BothSideUrlBasedAndNormal/20220214_115804/1644822465460.png, /home/intersoft-admin/Rattan/Bash/Training/Rattan/Final_testing/New_ActivityOverview/Reports/20220214_115757/DetailPop-up-BothSideUrlBasedAndNormal/20220214_115804/1644822472432.png, /home/intersoft-admin/Rattan/Bash/Training/Rattan/Final_testing/New_ActivityOverview/Reports/20220214_115757/DetailPop-up-BothSideUrlBasedAndNormal/20220214_115804/1644822513025.png, /home/intersoft-admin/Rattan/Bash/Training/Rattan/Final_testing/New_ActivityOverview/Reports/20220214_115757/DetailPop-up-BothSideUrlBasedAndNormal/20220214_115804/1644822584094.png, /home/intersoft-admin/Rattan/Bash/Training/Rattan/Final_testing/New_ActivityOverview/Reports/20220214_115757/DetailPop-up-BothSideUrlBasedAndNormal/20220214_115804/1644822584360.png, /home/intersoft-admin/Rattan/Bash/Training/Rattan/Final_testing/New_ActivityOverview/Reports/20220214_115757/DetailPop-up-BothSideUrlBasedAndNormal/20220214_115804/1644822607720.png, /home/intersoft-admin/Rattan/Bash/Training/Rattan/Final_testing/New_ActivityOverview/Reports/20220214_115757/DetailPop-up-BothSideUrlBasedAndNormal/20220214_115804/1644822614103.png, /home/intersoft-admin/Rattan/Bash/Training/Rattan/Final_testing/New_ActivityOverview/Reports/20220214_115757/DetailPop-up-BothSideUrlBasedAndNormal/20220214_115804/1644822620421.png, /home/intersoft-admin/Rattan/Bash/Training/Rattan/Final_testing/New_ActivityOverview/Reports/20220214_115757/DetailPop-up-BothSideUrlBasedAndNormal/20220214_115804/1644822626781.png, /home/intersoft-admin/Rattan/Bash/Training/Rattan/Final_testing/New_ActivityOverview/Reports/20220214_115757/DetailPop-up-BothSideUrlBasedAndNormal/20220214_115804/1644822633174.png, /home/intersoft-admin/Rattan/Bash/Training/Rattan/Final_testing/New_ActivityOverview/Reports/20220214_115757/DetailPop-up-BothSideUrlBasedAndNormal/20220214_115804/1644822672954.png, /home/intersoft-admin/Rattan/Bash/Training/Rattan/Final_testing/New_ActivityOverview/Reports/20220214_115757/DetailPop-up-BothSideUrlBasedAndNormal/20220214_115804/1644822704390.png, /home/intersoft-admin/Rattan/Bash/Training/Rattan/Final_testing/New_ActivityOverview/Reports/20220214_115757/DetailPop-up-BothSideUrlBasedAndNormal/20220214_115804/1644822717671.png, /home/intersoft-admin/Rattan/Bash/Training/Rattan/Final_testing/New_ActivityOverview/Reports/20220214_115757/DetailPop-up-BothSideUrlBasedAndNormal/20220214_115804/1644822727752.png, /home/intersoft-admin/Rattan/Bash/Training/Rattan/Final_testing/New_ActivityOverview/Reports/20220214_115757/DetailPop-up-BothSideUrlBasedAndNormal/20220214_115804/1644822737727.png, /home/intersoft-admin/Rattan/Bash/Training/Rattan/Final_testing/New_ActivityOverview/Reports/20220214_115757/DetailPop-up-BothSideUrlBasedAndNormal/20220214_115804/1644822757831.png, /home/intersoft-admin/Rattan/Bash/Training/Rattan/Final_testing/New_ActivityOverview/Reports/20220214_115757/DetailPop-up-BothSideUrlBasedAndNormal/20220214_115804/1644822764787.png, /home/intersoft-admin/Rattan/Bash/Training/Rattan/Final_testing/New_ActivityOverview/Reports/20220214_115757/DetailPop-up-BothSideUrlBasedAndNormal/20220214_115804/1644822771757.png, /home/intersoft-admin/Rattan/Bash/Training/Rattan/Final_testing/New_ActivityOverview/Reports/20220214_115757/DetailPop-up-BothSideUrlBasedAndNormal/20220214_115804/1644822812400.png, /home/intersoft-admin/Rattan/Bash/Training/Rattan/Final_testing/New_ActivityOverview/Reports/20220214_115757/DetailPop-up-BothSideUrlBasedAndNormal/20220214_115804/1644822883490.png, /home/intersoft-admin/Rattan/Bash/Training/Rattan/Final_testing/New_ActivityOverview/Reports/20220214_115757/DetailPop-up-BothSideUrlBasedAndNormal/20220214_115804/1644822883756.png, /home/intersoft-admin/Rattan/Bash/Training/Rattan/Final_testing/New_ActivityOverview/Reports/20220214_115757/DetailPop-up-BothSideUrlBasedAndNormal/20220214_115804/1644822907124.png, /home/intersoft-admin/Rattan/Bash/Training/Rattan/Final_testing/New_ActivityOverview/Reports/20220214_115757/DetailPop-up-BothSideUrlBasedAndNormal/20220214_115804/1644822913478.png, /home/intersoft-admin/Rattan/Bash/Training/Rattan/Final_testing/New_ActivityOverview/Reports/20220214_115757/DetailPop-up-BothSideUrlBasedAndNormal/20220214_115804/1644822919811.png, /home/intersoft-admin/Rattan/Bash/Training/Rattan/Final_testing/New_ActivityOverview/Reports/20220214_115757/DetailPop-up-BothSideUrlBasedAndNormal/20220214_115804/1644822926245.png, /home/intersoft-admin/Rattan/Bash/Training/Rattan/Final_testing/New_ActivityOverview/Reports/20220214_115757/DetailPop-up-BothSideUrlBasedAndNormal/20220214_115804/1644822932609.png, /home/intersoft-admin/Rattan/Bash/Training/Rattan/Final_testing/New_ActivityOverview/Reports/20220214_115757/DetailPop-up-BothSideUrlBasedAndNormal/20220214_115804/1644822972365.png, /home/intersoft-admin/Rattan/Bash/Training/Rattan/Final_testing/New_ActivityOverview/Reports/20220214_115757/DetailPop-up-BothSideUrlBasedAndNormal/20220214_115804/1644823003777.png, /home/intersoft-admin/Rattan/Bash/Training/Rattan/Final_testing/New_ActivityOverview/Reports/20220214_115757/DetailPop-up-BothSideUrlBasedAndNormal/20220214_115804/1644823017046.png, /home/intersoft-admin/Rattan/Bash/Training/Rattan/Final_testing/New_ActivityOverview/Reports/20220214_115757/DetailPop-up-BothSideUrlBasedAndNormal/20220214_115804/1644823026949.png, /home/intersoft-admin/Rattan/Bash/Training/Rattan/Final_testing/New_ActivityOverview/Reports/20220214_115757/DetailPop-up-BothSideUrlBasedAndNormal/20220214_115804/1644823036964.png, /home/intersoft-admin/Rattan/Bash/Training/Rattan/Final_testing/New_ActivityOverview/Reports/20220214_115757/DetailPop-up-BothSideUrlBasedAndNormal/20220214_115804/1644823057131.png, /home/intersoft-admin/Rattan/Bash/Training/Rattan/Final_testing/New_ActivityOverview/Reports/20220214_115757/DetailPop-up-BothSideUrlBasedAndNormal/20220214_115804/1644823064116.png, /home/intersoft-admin/Rattan/Bash/Training/Rattan/Final_testing/New_ActivityOverview/Reports/20220214_115757/DetailPop-up-BothSideUrlBasedAndNormal/20220214_115804/1644823071121.png, /home/intersoft-admin/Rattan/Bash/Training/Rattan/Final_testing/New_ActivityOverview/Reports/20220214_115757/DetailPop-up-BothSideUrlBasedAndNormal/20220214_115804/1644823111806.png, /home/intersoft-admin/Rattan/Bash/Training/Rattan/Final_testing/New_ActivityOverview/Reports/20220214_115757/DetailPop-up-BothSideUrlBasedAndNormal/20220214_115804/1644823182912.png, /home/intersoft-admin/Rattan/Bash/Training/Rattan/Final_testing/New_ActivityOverview/Reports/20220214_115757/DetailPop-up-BothSideUrlBasedAndNormal/20220214_115804/1644823183207.png, /home/intersoft-admin/Rattan/Bash/Training/Rattan/Final_testing/New_ActivityOverview/Reports/20220214_115757/DetailPop-up-BothSideUrlBasedAndNormal/20220214_115804/1644823206545.png, /home/intersoft-admin/Rattan/Bash/Training/Rattan/Final_testing/New_ActivityOverview/Reports/20220214_115757/DetailPop-up-BothSideUrlBasedAndNormal/20220214_115804/1644823212925.png, /home/intersoft-admin/Rattan/Bash/Training/Rattan/Final_testing/New_ActivityOverview/Reports/20220214_115757/DetailPop-up-BothSideUrlBasedAndNormal/20220214_115804/1644823219235.png, /home/intersoft-admin/Rattan/Bash/Training/Rattan/Final_testing/New_ActivityOverview/Reports/20220214_115757/DetailPop-up-BothSideUrlBasedAndNormal/20220214_115804/1644823225634.png, /home/intersoft-admin/Rattan/Bash/Training/Rattan/Final_testing/New_ActivityOverview/Reports/20220214_115757/DetailPop-up-BothSideUrlBasedAndNormal/20220214_115804/1644823232022.png, /home/intersoft-admin/Rattan/Bash/Training/Rattan/Final_testing/New_ActivityOverview/Reports/20220214_115757/DetailPop-up-BothSideUrlBasedAndNormal/20220214_115804/1644823271812.png, /home/intersoft-admin/Rattan/Bash/Training/Rattan/Final_testing/New_ActivityOverview/Reports/20220214_115757/DetailPop-up-BothSideUrlBasedAndNormal/20220214_115804/1644823303233.png, /home/intersoft-admin/Rattan/Bash/Training/Rattan/Final_testing/New_ActivityOverview/Reports/20220214_115757/DetailPop-up-BothSideUrlBasedAndNormal/20220214_115804/1644823316511.png, /home/intersoft-admin/Rattan/Bash/Training/Rattan/Final_testing/New_ActivityOverview/Reports/20220214_115757/DetailPop-up-BothSideUrlBasedAndNormal/20220214_115804/1644823326839.png, /home/intersoft-admin/Rattan/Bash/Training/Rattan/Final_testing/New_ActivityOverview/Reports/20220214_115757/DetailPop-up-BothSideUrlBasedAndNormal/20220214_115804/1644823337131.png, /home/intersoft-admin/Rattan/Bash/Training/Rattan/Final_testing/New_ActivityOverview/Reports/20220214_115757/DetailPop-up-BothSideUrlBasedAndNormal/20220214_115804/1644823357418.png, /home/intersoft-admin/Rattan/Bash/Training/Rattan/Final_testing/New_ActivityOverview/Reports/20220214_115757/DetailPop-up-BothSideUrlBasedAndNormal/20220214_115804/1644823364370.png, /home/intersoft-admin/Rattan/Bash/Training/Rattan/Final_testing/New_ActivityOverview/Reports/20220214_115757/DetailPop-up-BothSideUrlBasedAndNormal/20220214_115804/1644823371345.png, /home/intersoft-admin/Rattan/Bash/Training/Rattan/Final_testing/New_ActivityOverview/Reports/20220214_115757/DetailPop-up-BothSideUrlBasedAndNormal/20220214_115804/1644823412251.png, /home/intersoft-admin/Rattan/Bash/Training/Rattan/Final_testing/New_ActivityOverview/Reports/20220214_115757/DetailPop-up-BothSideUrlBasedAndNormal/20220214_115804/1644823418982.png, /home/intersoft-admin/Rattan/Bash/Training/Rattan/Final_testing/New_ActivityOverview/Reports/20220214_115757/DetailPop-up-BothSideUrlBasedAndNormal/20220214_115804/1644823426022.png, /home/intersoft-admin/Rattan/Bash/Training/Rattan/Final_testing/New_ActivityOverview/Reports/20220214_115757/DetailPop-up-BothSideUrlBasedAndNormal/20220214_115804/1644823433032.png, /home/intersoft-admin/Rattan/Bash/Training/Rattan/Final_testing/New_ActivityOverview/Reports/20220214_115757/DetailPop-up-BothSideUrlBasedAndNormal/20220214_115804/1644823473724.png"/>
         <property name="hostName" value="intersoft-admin - intersoftadmin-desktop"/>
         <property name="os" value="Linux 64bit"/>
         <property name="katalonVersion" value="8.2.5.208"/>
         <property name="browser" value="Chrome 97.0.4692.99"/>
         <property name="hostAddress" value="127.0.1.1"/>
         <property name="sessionId" value="00ca7c06d79f9d86ba03c3784cf759d6"/>
         <property name="seleniumVersion" value="3.141.59"/>
         <property name="proxyInformation" value="ProxyInformation { proxyOption=NO_PROXY, proxyServerType=HTTP, username=, password=********, proxyServerAddress=, proxyServerPort=0, executionList=&quot;&quot;, isApplyToDesiredCapabilities=true }"/>
         <property name="platform" value="Linux"/>
      </properties>
      <testcase name="Test Cases/NewActivityOverview-LeftNavigation/ActivityOverview-OpenDetailPop-up" time="1599.24" classname="Test Cases/NewActivityOverview-LeftNavigation/ActivityOverview-OpenDetailPop-up" status="FAILED">
         <failure type="FAILED" message="Test Cases/NewActivityOverview-LeftNavigation/ActivityOverview-OpenDetailPop-up FAILED.
Reason:
com.kms.katalon.core.exception.StepFailedException: Unable to call Test Case 'Test Cases/StepToReUse/StepTOCopyURLAndAddAnotherTab' (Root cause: com.kms.katalon.core.exception.StepFailedException: Call Test Case 'Test Cases/StepToReUse/StepTOCopyURLAndAddAnotherTab' failed
	at com.kms.katalon.core.keyword.builtin.CallTestCaseKeyword$_callTestCase_closure1.doCall(CallTestCaseKeyword.groovy:63)
	at com.kms.katalon.core.keyword.builtin.CallTestCaseKeyword$_callTestCase_closure1.call(CallTestCaseKeyword.groovy)
	at com.kms.katalon.core.keyword.internal.KeywordMain.runKeyword(KeywordMain.groovy:74)
	at com.kms.katalon.core.keyword.builtin.CallTestCaseKeyword.callTestCase(CallTestCaseKeyword.groovy:81)
	at com.kms.katalon.core.keyword.builtin.CallTestCaseKeyword.execute(CallTestCaseKeyword.groovy:44)
	at com.kms.katalon.core.keyword.internal.KeywordExecutor.executeKeywordForPlatform(KeywordExecutor.groovy:74)
	at com.kms.katalon.core.keyword.BuiltinKeywords.callTestCase(BuiltinKeywords.groovy:334)
	at ActivityOverview-OpenDetailPop-up.run(ActivityOverview-OpenDetailPop-up:226)
	at com.kms.katalon.core.main.ScriptEngine.run(ScriptEngine.java:194)
	at com.kms.katalon.core.main.ScriptEngine.runScriptAsRawText(ScriptEngine.java:119)
	at com.kms.katalon.core.main.TestCaseExecutor.runScript(TestCaseExecutor.java:442)
	at com.kms.katalon.core.main.TestCaseExecutor.doExecute(TestCaseExecutor.java:433)
	at com.kms.katalon.core.main.TestCaseExecutor.processExecutionPhase(TestCaseExecutor.java:412)
	at com.kms.katalon.core.main.TestCaseExecutor.accessMainPhase(TestCaseExecutor.java:404)
	at com.kms.katalon.core.main.TestCaseExecutor.execute(TestCaseExecutor.java:281)
	at com.kms.katalon.core.main.TestSuiteExecutor.accessTestCaseMainPhase(TestSuiteExecutor.java:202)
	at com.kms.katalon.core.main.TestSuiteExecutor.accessTestSuiteMainPhase(TestSuiteExecutor.java:164)
	at com.kms.katalon.core.main.TestSuiteExecutor.execute(TestSuiteExecutor.java:105)
	at com.kms.katalon.core.main.TestCaseMain.startTestSuite(TestCaseMain.java:185)
	at com.kms.katalon.core.main.TestCaseMain$startTestSuite$0.call(Unknown Source)
	at TempTestSuite1644820084493.run(TempTestSuite1644820084493.groovy:36)
Caused by: com.kms.katalon.core.exception.StepFailedException: Unable to click on object 'Object Repository/Header/Preview/ClickOnPreviewIcon'
	at com.kms.katalon.core.webui.keyword.internal.WebUIKeywordMain.stepFailed(WebUIKeywordMain.groovy:64)
	at com.kms.katalon.core.webui.keyword.internal.WebUIKeywordMain.runKeyword(WebUIKeywordMain.groovy:26)
	at com.kms.katalon.core.webui.keyword.builtin.ClickKeyword.click(ClickKeyword.groovy:74)
	at com.kms.katalon.core.webui.keyword.builtin.ClickKeyword.execute(ClickKeyword.groovy:40)
	at com.kms.katalon.core.keyword.internal.KeywordExecutor.executeKeywordForPlatform(KeywordExecutor.groovy:74)
	at com.kms.katalon.core.webui.keyword.WebUiBuiltInKeywords.click(WebUiBuiltInKeywords.groovy:620)
	at com.kms.katalon.core.webui.keyword.WebUiBuiltInKeywords$click$2.call(Unknown Source)
	at StepTOCopyURLAndAddAnotherTab.run(StepTOCopyURLAndAddAnotherTab:29)
	at com.kms.katalon.core.main.ScriptEngine.run(ScriptEngine.java:194)
	at com.kms.katalon.core.main.ScriptEngine.runScriptAsRawText(ScriptEngine.java:119)
	at com.kms.katalon.core.main.TestCaseExecutor.runScript(TestCaseExecutor.java:442)
	at com.kms.katalon.core.main.TestCaseExecutor.doExecute(TestCaseExecutor.java:433)
	at com.kms.katalon.core.main.TestCaseExecutor.processExecutionPhase(TestCaseExecutor.java:412)
	at com.kms.katalon.core.main.TestCaseExecutor.accessMainPhase(TestCaseExecutor.java:404)
	at com.kms.katalon.core.main.TestCaseExecutor.execute(TestCaseExecutor.java:281)
	at com.kms.katalon.core.main.TestCaseMain.runTestCase(TestCaseMain.java:142)
	at com.kms.katalon.core.keyword.builtin.CallTestCaseKeyword$_callTestCase_closure1.doCall(CallTestCaseKeyword.groovy:59)
	... 20 more
Caused by: com.kms.katalon.core.webui.exception.WebElementNotFoundException: Web element with id: 'Object Repository/Header/Preview/ClickOnPreviewIcon' located by '//span[contains(text(),'Preview')]//parent::a' not found
	at com.kms.katalon.core.webui.common.WebUiCommonHelper.findWebElement(WebUiCommonHelper.java:1370)
	at com.kms.katalon.core.webui.keyword.internal.WebUIAbstractKeyword.findWebElement(WebUIAbstractKeyword.groovy:27)
	at com.kms.katalon.core.webui.keyword.builtin.ClickKeyword$_click_closure1.doCall(ClickKeyword.groovy:65)
	at com.kms.katalon.core.webui.keyword.builtin.ClickKeyword$_click_closure1.call(ClickKeyword.groovy)
	at com.kms.katalon.core.webui.keyword.internal.WebUIKeywordMain.runKeyword(WebUIKeywordMain.groovy:20)
	... 35 more
)
	at com.kms.katalon.core.keyword.internal.KeywordMain.stepFailed(KeywordMain.groovy:39)
	at com.kms.katalon.core.keyword.internal.KeywordMain.stepFailed(KeywordMain.groovy)
	at com.kms.katalon.core.keyword.internal.KeywordMain.runKeyword(KeywordMain.groovy:76)
	at com.kms.katalon.core.keyword.builtin.CallTestCaseKeyword.callTestCase(CallTestCaseKeyword.groovy:81)
	at com.kms.katalon.core.keyword.builtin.CallTestCaseKeyword.execute(CallTestCaseKeyword.groovy:44)
	at com.kms.katalon.core.keyword.internal.KeywordExecutor.executeKeywordForPlatform(KeywordExecutor.groovy:74)
	at com.kms.katalon.core.keyword.BuiltinKeywords.callTestCase(BuiltinKeywords.groovy:334)
	at ActivityOverview-OpenDetailPop-up.run(ActivityOverview-OpenDetailPop-up:226)
	at com.kms.katalon.core.main.ScriptEngine.run(ScriptEngine.java:194)
	at com.kms.katalon.core.main.ScriptEngine.runScriptAsRawText(ScriptEngine.java:119)
	at com.kms.katalon.core.main.TestCaseExecutor.runScript(TestCaseExecutor.java:442)
	at com.kms.katalon.core.main.TestCaseExecutor.doExecute(TestCaseExecutor.java:433)
	at com.kms.katalon.core.main.TestCaseExecutor.processExecutionPhase(TestCaseExecutor.java:412)
	at com.kms.katalon.core.main.TestCaseExecutor.accessMainPhase(TestCaseExecutor.java:404)
	at com.kms.katalon.core.main.TestCaseExecutor.execute(TestCaseExecutor.java:281)
	at com.kms.katalon.core.main.TestSuiteExecutor.accessTestCaseMainPhase(TestSuiteExecutor.java:202)
	at com.kms.katalon.core.main.TestSuiteExecutor.accessTestSuiteMainPhase(TestSuiteExecutor.java:164)
	at com.kms.katalon.core.main.TestSuiteExecutor.execute(TestSuiteExecutor.java:105)
	at com.kms.katalon.core.main.TestCaseMain.startTestSuite(TestCaseMain.java:185)
	at com.kms.katalon.core.main.TestCaseMain$startTestSuite$0.call(Unknown Source)
	at TempTestSuite1644820084493.run(TempTestSuite1644820084493.groovy:36)
Caused by: com.kms.katalon.core.exception.StepFailedException: Call Test Case 'Test Cases/StepToReUse/StepTOCopyURLAndAddAnotherTab' failed
	at com.kms.katalon.core.keyword.builtin.CallTestCaseKeyword$_callTestCase_closure1.doCall(CallTestCaseKeyword.groovy:63)
	at com.kms.katalon.core.keyword.builtin.CallTestCaseKeyword$_callTestCase_closure1.call(CallTestCaseKeyword.groovy)
	at com.kms.katalon.core.keyword.internal.KeywordMain.runKeyword(KeywordMain.groovy:74)
	... 18 more
Caused by: com.kms.katalon.core.exception.StepFailedException: Unable to click on object 'Object Repository/Header/Preview/ClickOnPreviewIcon'
	at com.kms.katalon.core.webui.keyword.internal.WebUIKeywordMain.stepFailed(WebUIKeywordMain.groovy:64)
	at com.kms.katalon.core.webui.keyword.internal.WebUIKeywordMain.runKeyword(WebUIKeywordMain.groovy:26)
	at com.kms.katalon.core.webui.keyword.builtin.ClickKeyword.click(ClickKeyword.groovy:74)
	at com.kms.katalon.core.webui.keyword.builtin.ClickKeyword.execute(ClickKeyword.groovy:40)
	at com.kms.katalon.core.keyword.internal.KeywordExecutor.executeKeywordForPlatform(KeywordExecutor.groovy:74)
	at com.kms.katalon.core.webui.keyword.WebUiBuiltInKeywords.click(WebUiBuiltInKeywords.groovy:620)
	at com.kms.katalon.core.webui.keyword.WebUiBuiltInKeywords$click$2.call(Unknown Source)
	at StepTOCopyURLAndAddAnotherTab.run(StepTOCopyURLAndAddAnotherTab:29)
	at com.kms.katalon.core.main.ScriptEngine.run(ScriptEngine.java:194)
	at com.kms.katalon.core.main.ScriptEngine.runScriptAsRawText(ScriptEngine.java:119)
	at com.kms.katalon.core.main.TestCaseExecutor.runScript(TestCaseExecutor.java:442)
	at com.kms.katalon.core.main.TestCaseExecutor.doExecute(TestCaseExecutor.java:433)
	at com.kms.katalon.core.main.TestCaseExecutor.processExecutionPhase(TestCaseExecutor.java:412)
	at com.kms.katalon.core.main.TestCaseExecutor.accessMainPhase(TestCaseExecutor.java:404)
	at com.kms.katalon.core.main.TestCaseExecutor.execute(TestCaseExecutor.java:281)
	at com.kms.katalon.core.main.TestCaseMain.runTestCase(TestCaseMain.java:142)
	at com.kms.katalon.core.keyword.builtin.CallTestCaseKeyword$_callTestCase_closure1.doCall(CallTestCaseKeyword.groovy:59)
	... 20 more
Caused by: com.kms.katalon.core.webui.exception.WebElementNotFoundException: Web element with id: 'Object Repository/Header/Preview/ClickOnPreviewIcon' located by '//span[contains(text(),'Preview')]//parent::a' not found
	at com.kms.katalon.core.webui.common.WebUiCommonHelper.findWebElement(WebUiCommonHelper.java:1370)
	at com.kms.katalon.core.webui.keyword.internal.WebUIAbstractKeyword.findWebElement(WebUIAbstractKeyword.groovy:27)
	at com.kms.katalon.core.webui.keyword.builtin.ClickKeyword$_click_closure1.doCall(ClickKeyword.groovy:65)
	at com.kms.katalon.core.webui.keyword.builtin.ClickKeyword$_click_closure1.call(ClickKeyword.groovy)
	at com.kms.katalon.core.webui.keyword.internal.WebUIKeywordMain.runKeyword(WebUIKeywordMain.groovy:20)
	... 35 more
"/>
         <system-out><![CDATA[2022-02-14 12:28:42 - [TEST_CASE][FAILED] - Test Cases/NewActivityOverview-LeftNavigation/ActivityOverview-OpenDetailPop-up: Test Cases/NewActivityOverview-LeftNavigation/ActivityOverview-OpenDetailPop-up FAILED.
Reason:
com.kms.katalon.core.exception.StepFailedException: Unable to call Test Case 'Test Cases/StepToReUse/StepTOCopyURLAndAddAnotherTab' (Root cause: com.kms.katalon.core.exception.StepFailedException: Call Test Case 'Test Cases/StepToReUse/StepTOCopyURLAndAddAnotherTab' failed
	at com.kms.katalon.core.keyword.builtin.CallTestCaseKeyword$_callTestCase_closure1.doCall(CallTestCaseKeyword.groovy:63)
	at com.kms.katalon.core.keyword.builtin.CallTestCaseKeyword$_callTestCase_closure1.call(CallTestCaseKeyword.groovy)
	at com.kms.katalon.core.keyword.internal.KeywordMain.runKeyword(KeywordMain.groovy:74)
	at com.kms.katalon.core.keyword.builtin.CallTestCaseKeyword.callTestCase(CallTestCaseKeyword.groovy:81)
	at com.kms.katalon.core.keyword.builtin.CallTestCaseKeyword.execute(CallTestCaseKeyword.groovy:44)
	at com.kms.katalon.core.keyword.internal.KeywordExecutor.executeKeywordForPlatform(KeywordExecutor.groovy:74)
	at com.kms.katalon.core.keyword.BuiltinKeywords.callTestCase(BuiltinKeywords.groovy:334)
	at ActivityOverview-OpenDetailPop-up.run(ActivityOverview-OpenDetailPop-up:226)
	at com.kms.katalon.core.main.ScriptEngine.run(ScriptEngine.java:194)
	at com.kms.katalon.core.main.ScriptEngine.runScriptAsRawText(ScriptEngine.java:119)
	at com.kms.katalon.core.main.TestCaseExecutor.runScript(TestCaseExecutor.java:442)
	at com.kms.katalon.core.main.TestCaseExecutor.doExecute(TestCaseExecutor.java:433)
	at com.kms.katalon.core.main.TestCaseExecutor.processExecutionPhase(TestCaseExecutor.java:412)
	at com.kms.katalon.core.main.TestCaseExecutor.accessMainPhase(TestCaseExecutor.java:404)
	at com.kms.katalon.core.main.TestCaseExecutor.execute(TestCaseExecutor.java:281)
	at com.kms.katalon.core.main.TestSuiteExecutor.accessTestCaseMainPhase(TestSuiteExecutor.java:202)
	at com.kms.katalon.core.main.TestSuiteExecutor.accessTestSuiteMainPhase(TestSuiteExecutor.java:164)
	at com.kms.katalon.core.main.TestSuiteExecutor.execute(TestSuiteExecutor.java:105)
	at com.kms.katalon.core.main.TestCaseMain.startTestSuite(TestCaseMain.java:185)
	at com.kms.katalon.core.main.TestCaseMain$startTestSuite$0.call(Unknown Source)
	at TempTestSuite1644820084493.run(TempTestSuite1644820084493.groovy:36)
Caused by: com.kms.katalon.core.exception.StepFailedException: Unable to click on object 'Object Repository/Header/Preview/ClickOnPreviewIcon'
	at com.kms.katalon.core.webui.keyword.internal.WebUIKeywordMain.stepFailed(WebUIKeywordMain.groovy:64)
	at com.kms.katalon.core.webui.keyword.internal.WebUIKeywordMain.runKeyword(WebUIKeywordMain.groovy:26)
	at com.kms.katalon.core.webui.keyword.builtin.ClickKeyword.click(ClickKeyword.groovy:74)
	at com.kms.katalon.core.webui.keyword.builtin.ClickKeyword.execute(ClickKeyword.groovy:40)
	at com.kms.katalon.core.keyword.internal.KeywordExecutor.executeKeywordForPlatform(KeywordExecutor.groovy:74)
	at com.kms.katalon.core.webui.keyword.WebUiBuiltInKeywords.click(WebUiBuiltInKeywords.groovy:620)
	at com.kms.katalon.core.webui.keyword.WebUiBuiltInKeywords$click$2.call(Unknown Source)
	at StepTOCopyURLAndAddAnotherTab.run(StepTOCopyURLAndAddAnotherTab:29)
	at com.kms.katalon.core.main.ScriptEngine.run(ScriptEngine.java:194)
	at com.kms.katalon.core.main.ScriptEngine.runScriptAsRawText(ScriptEngine.java:119)
	at com.kms.katalon.core.main.TestCaseExecutor.runScript(TestCaseExecutor.java:442)
	at com.kms.katalon.core.main.TestCaseExecutor.doExecute(TestCaseExecutor.java:433)
	at com.kms.katalon.core.main.TestCaseExecutor.processExecutionPhase(TestCaseExecutor.java:412)
	at com.kms.katalon.core.main.TestCaseExecutor.accessMainPhase(TestCaseExecutor.java:404)
	at com.kms.katalon.core.main.TestCaseExecutor.execute(TestCaseExecutor.java:281)
	at com.kms.katalon.core.main.TestCaseMain.runTestCase(TestCaseMain.java:142)
	at com.kms.katalon.core.keyword.builtin.CallTestCaseKeyword$_callTestCase_closure1.doCall(CallTestCaseKeyword.groovy:59)
	... 20 more
Caused by: com.kms.katalon.core.webui.exception.WebElementNotFoundException: Web element with id: 'Object Repository/Header/Preview/ClickOnPreviewIcon' located by '//span[contains(text(),'Preview')]//parent::a' not found
	at com.kms.katalon.core.webui.common.WebUiCommonHelper.findWebElement(WebUiCommonHelper.java:1370)
	at com.kms.katalon.core.webui.keyword.internal.WebUIAbstractKeyword.findWebElement(WebUIAbstractKeyword.groovy:27)
	at com.kms.katalon.core.webui.keyword.builtin.ClickKeyword$_click_closure1.doCall(ClickKeyword.groovy:65)
	at com.kms.katalon.core.webui.keyword.builtin.ClickKeyword$_click_closure1.call(ClickKeyword.groovy)
	at com.kms.katalon.core.webui.keyword.internal.WebUIKeywordMain.runKeyword(WebUIKeywordMain.groovy:20)
	... 35 more
)
	at com.kms.katalon.core.keyword.internal.KeywordMain.stepFailed(KeywordMain.groovy:39)
	at com.kms.katalon.core.keyword.internal.KeywordMain.stepFailed(KeywordMain.groovy)
	at com.kms.katalon.core.keyword.internal.KeywordMain.runKeyword(KeywordMain.groovy:76)
	at com.kms.katalon.core.keyword.builtin.CallTestCaseKeyword.callTestCase(CallTestCaseKeyword.groovy:81)
	at com.kms.katalon.core.keyword.builtin.CallTestCaseKeyword.execute(CallTestCaseKeyword.groovy:44)
	at com.kms.katalon.core.keyword.internal.KeywordExecutor.executeKeywordForPlatform(KeywordExecutor.groovy:74)
	at com.kms.katalon.core.keyword.BuiltinKeywords.callTestCase(BuiltinKeywords.groovy:334)
	at ActivityOverview-OpenDetailPop-up.run(ActivityOverview-OpenDetailPop-up:226)
	at com.kms.katalon.core.main.ScriptEngine.run(ScriptEngine.java:194)
	at com.kms.katalon.core.main.ScriptEngine.runScriptAsRawText(ScriptEngine.java:119)
	at com.kms.katalon.core.main.TestCaseExecutor.runScript(TestCaseExecutor.java:442)
	at com.kms.katalon.core.main.TestCaseExecutor.doExecute(TestCaseExecutor.java:433)
	at com.kms.katalon.core.main.TestCaseExecutor.processExecutionPhase(TestCaseExecutor.java:412)
	at com.kms.katalon.core.main.TestCaseExecutor.accessMainPhase(TestCaseExecutor.java:404)
	at com.kms.katalon.core.main.TestCaseExecutor.execute(TestCaseExecutor.java:281)
	at com.kms.katalon.core.main.TestSuiteExecutor.accessTestCaseMainPhase(TestSuiteExecutor.java:202)
	at com.kms.katalon.core.main.TestSuiteExecutor.accessTestSuiteMainPhase(TestSuiteExecutor.java:164)
	at com.kms.katalon.core.main.TestSuiteExecutor.execute(TestSuiteExecutor.java:105)
	at com.kms.katalon.core.main.TestCaseMain.startTestSuite(TestCaseMain.java:185)
	at com.kms.katalon.core.main.TestCaseMain$startTestSuite$0.call(Unknown Source)
	at TempTestSuite1644820084493.run(TempTestSuite1644820084493.groovy:36)
Caused by: com.kms.katalon.core.exception.StepFailedException: Call Test Case 'Test Cases/StepToReUse/StepTOCopyURLAndAddAnotherTab' failed
	at com.kms.katalon.core.keyword.builtin.CallTestCaseKeyword$_callTestCase_closure1.doCall(CallTestCaseKeyword.groovy:63)
	at com.kms.katalon.core.keyword.builtin.CallTestCaseKeyword$_callTestCase_closure1.call(CallTestCaseKeyword.groovy)
	at com.kms.katalon.core.keyword.internal.KeywordMain.runKeyword(KeywordMain.groovy:74)
	... 18 more
Caused by: com.kms.katalon.core.exception.StepFailedException: Unable to click on object 'Object Repository/Header/Preview/ClickOnPreviewIcon'
	at com.kms.katalon.core.webui.keyword.internal.WebUIKeywordMain.stepFailed(WebUIKeywordMain.groovy:64)
	at com.kms.katalon.core.webui.keyword.internal.WebUIKeywordMain.runKeyword(WebUIKeywordMain.groovy:26)
	at com.kms.katalon.core.webui.keyword.builtin.ClickKeyword.click(ClickKeyword.groovy:74)
	at com.kms.katalon.core.webui.keyword.builtin.ClickKeyword.execute(ClickKeyword.groovy:40)
	at com.kms.katalon.core.keyword.internal.KeywordExecutor.executeKeywordForPlatform(KeywordExecutor.groovy:74)
	at com.kms.katalon.core.webui.keyword.WebUiBuiltInKeywords.click(WebUiBuiltInKeywords.groovy:620)
	at com.kms.katalon.core.webui.keyword.WebUiBuiltInKeywords$click$2.call(Unknown Source)
	at StepTOCopyURLAndAddAnotherTab.run(StepTOCopyURLAndAddAnotherTab:29)
	at com.kms.katalon.core.main.ScriptEngine.run(ScriptEngine.java:194)
	at com.kms.katalon.core.main.ScriptEngine.runScriptAsRawText(ScriptEngine.java:119)
	at com.kms.katalon.core.main.TestCaseExecutor.runScript(TestCaseExecutor.java:442)
	at com.kms.katalon.core.main.TestCaseExecutor.doExecute(TestCaseExecutor.java:433)
	at com.kms.katalon.core.main.TestCaseExecutor.processExecutionPhase(TestCaseExecutor.java:412)
	at com.kms.katalon.core.main.TestCaseExecutor.accessMainPhase(TestCaseExecutor.java:404)
	at com.kms.katalon.core.main.TestCaseExecutor.execute(TestCaseExecutor.java:281)
	at com.kms.katalon.core.main.TestCaseMain.runTestCase(TestCaseMain.java:142)
	at com.kms.katalon.core.keyword.builtin.CallTestCaseKeyword$_callTestCase_closure1.doCall(CallTestCaseKeyword.groovy:59)
	... 20 more
Caused by: com.kms.katalon.core.webui.exception.WebElementNotFoundException: Web element with id: 'Object Repository/Header/Preview/ClickOnPreviewIcon' located by '//span[contains(text(),'Preview')]//parent::a' not found
	at com.kms.katalon.core.webui.common.WebUiCommonHelper.findWebElement(WebUiCommonHelper.java:1370)
	at com.kms.katalon.core.webui.keyword.internal.WebUIAbstractKeyword.findWebElement(WebUIAbstractKeyword.groovy:27)
	at com.kms.katalon.core.webui.keyword.builtin.ClickKeyword$_click_closure1.doCall(ClickKeyword.groovy:65)
	at com.kms.katalon.core.webui.keyword.builtin.ClickKeyword$_click_closure1.call(ClickKeyword.groovy)
	at com.kms.katalon.core.webui.keyword.internal.WebUIKeywordMain.runKeyword(WebUIKeywordMain.groovy:20)
	... 35 more


2022-02-14 12:28:43 - [TEST_STEP][PASSED] - callTestCase(findTestCase("LoginWithSuperAdmin/SuperAdmin-Login"), [:], STOP_ON_FAILURE): Call Test Case 'Test Cases/LoginWithSuperAdmin/SuperAdmin-Login' successfully

2022-02-14 12:28:43 - [TEST_CASE][PASSED] - Test Cases/LoginWithSuperAdmin/SuperAdmin-Login: Test Cases/LoginWithSuperAdmin/SuperAdmin-Login

2022-02-14 12:28:43 - [TEST_STEP][PASSED] - openBrowser(""): Browser is opened with url: ''

2022-02-14 12:28:43 - [MESSAGE][INFO] - Starting 'Chrome' driver

2022-02-14 12:28:43 - [MESSAGE][INFO] - Action delay is set to 3,000 milliseconds

2022-02-14 12:28:44 - [MESSAGE][PASSED] - Browser is opened with url: ''

2022-02-14 12:28:44 - [TEST_STEP][PASSED] - setViewPortSize(1920, 1080): Viewport is set to new size with width = 1920 and height = 1080

2022-02-14 12:28:44 - [MESSAGE][PASSED] - Viewport is set to new size with width = 1920 and height = 1080

2022-02-14 12:28:44 - [TEST_STEP][PASSED] - navigateToUrl(URL): Navigate to 'https://marketplacev1.test-prio.com' successfully

2022-02-14 12:28:51 - [MESSAGE][PASSED] - Navigate to 'https://marketplacev1.test-prio.com' successfully

2022-02-14 12:28:51 - [TEST_STEP][PASSED] - delay(3): Delayed 3 second(s)

2022-02-14 12:28:54 - [MESSAGE][PASSED] - Delayed 3 second(s)

2022-02-14 12:28:54 - [TEST_STEP][PASSED] - click(findTestObject("SuperAdmin/Login/input_Email_contact_email")): Object: 'Object Repository/SuperAdmin/Login/input_Email_contact_email' is clicked on

2022-02-14 12:28:58 - [MESSAGE][PASSED] - Object: 'Object Repository/SuperAdmin/Login/input_Email_contact_email' is clicked on

2022-02-14 12:28:58 - [TEST_STEP][PASSED] - setText(findTestObject("SuperAdmin/Login/input_Email_contact_email"), uname): Text 'superadmin@tippoint.com' is set on object 'Object Repository/SuperAdmin/Login/input_Email_contact_email'

2022-02-14 12:29:04 - [MESSAGE][PASSED] - Text 'superadmin@tippoint.com' is set on object 'Object Repository/SuperAdmin/Login/input_Email_contact_email'

2022-02-14 12:29:04 - [TEST_STEP][PASSED] - setEncryptedText(findTestObject("SuperAdmin/Login/input_Password_password"), Password): Text ****** has been set on object 'Object Repository/SuperAdmin/Login/input_Password_password'

2022-02-14 12:29:11 - [MESSAGE][PASSED] - Text ****** has been set on object 'Object Repository/SuperAdmin/Login/input_Password_password'

2022-02-14 12:29:11 - [TEST_STEP][PASSED] - takeScreenshot(): Taking screenshot successfully

2022-02-14 12:29:11 - [MESSAGE][PASSED] - Taking screenshot successfully
[[ATTACHMENT|/home/intersoft-admin/Rattan/Bash/Training/Rattan/Final_testing/New_ActivityOverview/Reports/20220214_115757/DetailPop-up-BothSideUrlBasedAndNormal/20220214_115804/1644821951537.png]]

2022-02-14 12:29:11 - [TEST_STEP][PASSED] - newpackage.clickUsingJS.clickUsingJS(findTestObject("SuperAdmin/Login/button_Sign in"), 5): newpackage.clickUsingJS.clickUsingJS is PASSED

2022-02-14 12:29:12 - [MESSAGE][PASSED] - newpackage.clickUsingJS.clickUsingJS is PASSED

2022-02-14 12:29:12 - [MESSAGE][PASSED] - Call Test Case 'Test Cases/LoginWithSuperAdmin/SuperAdmin-Login' successfully

2022-02-14 12:29:12 - [TEST_STEP][PASSED] - switchToDefaultContent(): null

2022-02-14 12:29:12 - [TEST_STEP][PASSED] - click(findTestObject("SuperAdminLeftNavigation/NewActivityOverview-LeftNavigation")): Object: 'Object Repository/SuperAdminLeftNavigation/NewActivityOverview-LeftNavigation' is clicked on

2022-02-14 12:29:26 - [MESSAGE][PASSED] - Object: 'Object Repository/SuperAdminLeftNavigation/NewActivityOverview-LeftNavigation' is clicked on

2022-02-14 12:29:26 - [TEST_STEP][PASSED] - takeScreenshot(): Taking screenshot successfully

2022-02-14 12:29:27 - [MESSAGE][PASSED] - Taking screenshot successfully
[[ATTACHMENT|/home/intersoft-admin/Rattan/Bash/Training/Rattan/Final_testing/New_ActivityOverview/Reports/20220214_115757/DetailPop-up-BothSideUrlBasedAndNormal/20220214_115804/1644821967093.png]]

2022-02-14 12:29:27 - [TEST_STEP][PASSED] - switchToFrame(findTestObject("Object Repository/Iframe/NewActivityOverviewIframe"), 5): null

2022-02-14 12:29:27 - [TEST_STEP][PASSED] - delay(10): Delayed 10 second(s)

2022-02-14 12:29:37 - [MESSAGE][PASSED] - Delayed 10 second(s)

2022-02-14 12:29:37 - [TEST_STEP][PASSED] - takeScreenshot(): Taking screenshot successfully

2022-02-14 12:29:37 - [MESSAGE][PASSED] - Taking screenshot successfully
[[ATTACHMENT|/home/intersoft-admin/Rattan/Bash/Training/Rattan/Final_testing/New_ActivityOverview/Reports/20220214_115757/DetailPop-up-BothSideUrlBasedAndNormal/20220214_115804/1644821977542.png]]

2022-02-14 12:29:37 - [TEST_STEP][PASSED] - sizeoflisting = findWebElements(findTestObject("ListingArea/ListingContainsData"), 5).size(): null

2022-02-14 12:29:37 - [TEST_STEP][PASSED] - println(sizeoflisting): null

2022-02-14 12:29:37 - [TEST_STEP][PASSED] - logInfo(Size of Order Listing: $sizeoflisting): Size of Order Listing: 11

2022-02-14 12:29:37 - [MESSAGE][INFO] - Size of Order Listing: 11

2022-02-14 12:29:37 - [TEST_STEP][FAILED] - if (sizeoflisting > 2): Delayed 13 second(s)

2022-02-14 12:29:37 - [TEST_STEP][PASSED] - logInfo("Orders Exist in Listing"): Orders Exist in Listing

2022-02-14 12:29:37 - [MESSAGE][INFO] - Orders Exist in Listing

2022-02-14 12:29:37 - [TEST_STEP][PASSED] - click(findTestObject("Object Repository/OrderPerPage/OrderPerPage_select")): Object: 'Object Repository/OrderPerPage/OrderPerPage_select' is clicked on

2022-02-14 12:29:40 - [MESSAGE][PASSED] - Object: 'Object Repository/OrderPerPage/OrderPerPage_select' is clicked on

2022-02-14 12:29:40 - [TEST_STEP][PASSED] - delay(5): Delayed 5 second(s)

2022-02-14 12:29:45 - [MESSAGE][PASSED] - Delayed 5 second(s)

2022-02-14 12:29:45 - [TEST_STEP][PASSED] - click(findTestObject("Object Repository/OrderPerPage/OrderPerPage-SelectOption")): Object: 'Object Repository/OrderPerPage/OrderPerPage-SelectOption' is clicked on

2022-02-14 12:29:49 - [MESSAGE][PASSED] - Object: 'Object Repository/OrderPerPage/OrderPerPage-SelectOption' is clicked on

2022-02-14 12:29:49 - [TEST_STEP][PASSED] - delay(20): Delayed 20 second(s)

2022-02-14 12:30:09 - [MESSAGE][PASSED] - Delayed 20 second(s)

2022-02-14 12:30:09 - [TEST_STEP][PASSED] - takeScreenshot(): Taking screenshot successfully

2022-02-14 12:30:09 - [MESSAGE][PASSED] - Taking screenshot successfully
[[ATTACHMENT|/home/intersoft-admin/Rattan/Bash/Training/Rattan/Final_testing/New_ActivityOverview/Reports/20220214_115757/DetailPop-up-BothSideUrlBasedAndNormal/20220214_115804/1644822009095.png]]

2022-02-14 12:30:09 - [TEST_STEP][PASSED] - SizeofPagination = getText(findTestObject("Object Repository/PaginationCOunt/PaginationCount")): Text of object 'Object Repository/PaginationCOunt/PaginationCount' is: '100'

2022-02-14 12:30:09 - [MESSAGE][PASSED] - Text of object 'Object Repository/PaginationCOunt/PaginationCount' is: '100'

2022-02-14 12:30:09 - [TEST_STEP][PASSED] - println(SizeofPagination): null

2022-02-14 12:30:09 - [TEST_STEP][PASSED] - paginationmaxcount = Integer.parseInt(SizeofPagination): null

2022-02-14 12:30:09 - [TEST_STEP][PASSED] - paginationmaxcount = pagination: null

2022-02-14 12:30:09 - [TEST_STEP][PASSED] - logInfo(Size of Pagination: $paginationmaxcount): Size of Pagination: 5

2022-02-14 12:30:09 - [MESSAGE][INFO] - Size of Pagination: 5

2022-02-14 12:30:09 - [TEST_STEP][PASSED] - totalrecords = 0: null

2022-02-14 12:30:09 - [TEST_STEP][FAILED] - for ([l = 1, l <= paginationmaxcount, (l++)]): Delayed 13 second(s)

2022-02-14 12:30:09 - [TEST_STEP][PASSED] - if (l <= 5): null

2022-02-14 12:30:09 - [TEST_STEP][PASSED] - paginationvalue = l: null

2022-02-14 12:30:09 - [TEST_STEP][PASSED] - if (l > 5): null

2022-02-14 12:30:09 - [TEST_STEP][PASSED] - logInfo(Size of Pagination: $paginationvalue): Size of Pagination: 1

2022-02-14 12:30:09 - [MESSAGE][INFO] - Size of Pagination: 1

2022-02-14 12:30:09 - [TEST_STEP][PASSED] - click(findTestObject("Object Repository/PaginationCOunt/ClickOnPagination", ["pagination":paginationvalue])): Object: 'Object Repository/PaginationCOunt/ClickOnPagination' is clicked on

2022-02-14 12:30:12 - [MESSAGE][PASSED] - Object: 'Object Repository/PaginationCOunt/ClickOnPagination' is clicked on

2022-02-14 12:30:12 - [TEST_STEP][PASSED] - delay(20): Delayed 20 second(s)

2022-02-14 12:30:32 - [MESSAGE][PASSED] - Delayed 20 second(s)

2022-02-14 12:30:32 - [TEST_STEP][PASSED] - takeScreenshot(): Taking screenshot successfully

2022-02-14 12:30:32 - [MESSAGE][PASSED] - Taking screenshot successfully
[[ATTACHMENT|/home/intersoft-admin/Rattan/Bash/Training/Rattan/Final_testing/New_ActivityOverview/Reports/20220214_115757/DetailPop-up-BothSideUrlBasedAndNormal/20220214_115804/1644822032487.png]]

2022-02-14 12:30:32 - [TEST_STEP][PASSED] - RecordsinListing = findWebElements(findTestObject("Object Repository/ListingArea/RecordsInListing"), 5).size(): null

2022-02-14 12:30:32 - [TEST_STEP][PASSED] - logInfo(Size of Active Bookings: $RecordsinListing): Size of Active Bookings: 100

2022-02-14 12:30:32 - [MESSAGE][INFO] - Size of Active Bookings: 100

2022-02-14 12:30:32 - [TEST_STEP][PASSED] - for ([refund = 1, refund < RecordsinListing, (refund++)]): Delayed 13 second(s)

2022-02-14 12:30:32 - [TEST_STEP][PASSED] - if (refund == 1): null

2022-02-14 12:30:32 - [TEST_STEP][PASSED] - refund = RecordsinListing: null

2022-02-14 12:30:32 - [TEST_STEP][PASSED] - refundvalue = refund: null

2022-02-14 12:30:32 - [TEST_STEP][PASSED] - logInfo(Size of refund booking: $refund): Size of refund booking: 100

2022-02-14 12:30:32 - [MESSAGE][INFO] - Size of refund booking: 100

2022-02-14 12:30:32 - [TEST_STEP][PASSED] - scrollToElement(findTestObject("Object Repository/ListingArea/ClickondetailPOp-up", ["position":refund]), 15): Scroll to object 'Object Repository/ListingArea/ClickondetailPOp-up' successfully

2022-02-14 12:30:32 - [MESSAGE][PASSED] - Scroll to object 'Object Repository/ListingArea/ClickondetailPOp-up' successfully

2022-02-14 12:30:32 - [TEST_STEP][PASSED] - takeScreenshot(): Taking screenshot successfully

2022-02-14 12:30:33 - [MESSAGE][PASSED] - Taking screenshot successfully
[[ATTACHMENT|/home/intersoft-admin/Rattan/Bash/Training/Rattan/Final_testing/New_ActivityOverview/Reports/20220214_115757/DetailPop-up-BothSideUrlBasedAndNormal/20220214_115804/1644822032882.png]]

2022-02-14 12:30:33 - [TEST_STEP][PASSED] - orderId = findWebElement(findTestObject("Object Repository/GetOrderID/GetOrderID", ["position":refund])).getAttribute("data-order_id"): null

2022-02-14 12:30:33 - [TEST_STEP][PASSED] - orderId = orderId: null

2022-02-14 12:30:33 - [TEST_STEP][PASSED] - logInfo(Order ID: $orderId): Order ID: 164464181177280

2022-02-14 12:30:33 - [MESSAGE][INFO] - Order ID: 164464181177280

2022-02-14 12:30:33 - [TEST_STEP][PASSED] - click(findTestObject("Object Repository/GetOrderID/GetOrderID", ["position":refund])): Object: 'Object Repository/GetOrderID/GetOrderID' is clicked on

2022-02-14 12:30:36 - [MESSAGE][PASSED] - Object: 'Object Repository/GetOrderID/GetOrderID' is clicked on

2022-02-14 12:30:36 - [TEST_STEP][PASSED] - delay(20): Delayed 20 second(s)

2022-02-14 12:30:56 - [MESSAGE][PASSED] - Delayed 20 second(s)

2022-02-14 12:30:56 - [TEST_STEP][PASSED] - takeScreenshot(): Taking screenshot successfully

2022-02-14 12:30:56 - [MESSAGE][PASSED] - Taking screenshot successfully
[[ATTACHMENT|/home/intersoft-admin/Rattan/Bash/Training/Rattan/Final_testing/New_ActivityOverview/Reports/20220214_115757/DetailPop-up-BothSideUrlBasedAndNormal/20220214_115804/1644822056309.png]]

2022-02-14 12:30:56 - [TEST_STEP][PASSED] - if (waitForElementPresent(findTestObject("Object Repository/DetailPop-up/ExpanSection/ProductInformationExpandedSection-Exist"), 10)): Taking screenshot successfully

2022-02-14 12:30:56 - [MESSAGE][PASSED] - Object 'Object Repository/DetailPop-up/ExpanSection/ProductInformationExpandedSection-Exist' is present

2022-02-14 12:30:56 - [TEST_STEP][PASSED] - logInfo("Product Expanded Section Exist"): Product Expanded Section Exist

2022-02-14 12:30:56 - [MESSAGE][INFO] - Product Expanded Section Exist

2022-02-14 12:30:56 - [TEST_STEP][PASSED] - click(findTestObject("DetailPop-up/ExpanSection/ProductInformationExpandedSection -Exist- ClickOnExpandedView")): Object: 'Object Repository/DetailPop-up/ExpanSection/ProductInformationExpandedSection -Exist- ClickOnExpandedView' is clicked on

2022-02-14 12:30:59 - [MESSAGE][PASSED] - Object: 'Object Repository/DetailPop-up/ExpanSection/ProductInformationExpandedSection -Exist- ClickOnExpandedView' is clicked on

2022-02-14 12:30:59 - [TEST_STEP][PASSED] - delay(3): Delayed 3 second(s)

2022-02-14 12:31:02 - [MESSAGE][PASSED] - Delayed 3 second(s)

2022-02-14 12:31:02 - [TEST_STEP][PASSED] - takeScreenshot(): Taking screenshot successfully

2022-02-14 12:31:02 - [MESSAGE][PASSED] - Taking screenshot successfully
[[ATTACHMENT|/home/intersoft-admin/Rattan/Bash/Training/Rattan/Final_testing/New_ActivityOverview/Reports/20220214_115757/DetailPop-up-BothSideUrlBasedAndNormal/20220214_115804/1644822062737.png]]

2022-02-14 12:31:02 - [TEST_STEP][PASSED] - bookingsize = findWebElements(findTestObject("Object Repository/DetailPop-up/ExpanSection/ProductSectionLength"), 5).size(): null

2022-02-14 12:31:02 - [TEST_STEP][PASSED] - logInfo(Size of Bookings on Product detail Pop-up: $bookingsize): Size of Bookings on Product detail Pop-up: 1

2022-02-14 12:31:02 - [MESSAGE][INFO] - Size of Bookings on Product detail Pop-up: 1

2022-02-14 12:31:02 - [TEST_STEP][PASSED] - for ([looping = 1, looping <= bookingsize, (looping++)]): Taking screenshot successfully

2022-02-14 12:31:02 - [TEST_STEP][PASSED] - click(findTestObject("Object Repository/DetailPop-up/ExpanSection/ExpandProductSection", ["position":looping])): Object: 'Object Repository/DetailPop-up/ExpanSection/ExpandProductSection' is clicked on

2022-02-14 12:31:06 - [MESSAGE][PASSED] - Object: 'Object Repository/DetailPop-up/ExpanSection/ExpandProductSection' is clicked on

2022-02-14 12:31:06 - [TEST_STEP][PASSED] - delay(3): Delayed 3 second(s)

2022-02-14 12:31:09 - [MESSAGE][PASSED] - Delayed 3 second(s)

2022-02-14 12:31:09 - [TEST_STEP][PASSED] - takeScreenshot(): Taking screenshot successfully

2022-02-14 12:31:09 - [MESSAGE][PASSED] - Taking screenshot successfully
[[ATTACHMENT|/home/intersoft-admin/Rattan/Bash/Training/Rattan/Final_testing/New_ActivityOverview/Reports/20220214_115757/DetailPop-up-BothSideUrlBasedAndNormal/20220214_115804/1644822069096.png]]

2022-02-14 12:31:09 - [TEST_STEP][PASSED] - if (waitForElementVisible(findTestObject("Object Repository/DetailPop-up/InformationSection/Details", ["position":"1", "position2":"1"]), 15) == true): Taking screenshot successfully

2022-02-14 12:31:09 - [MESSAGE][PASSED] - Object 'Object Repository/DetailPop-up/InformationSection/Details' is visible

2022-02-14 12:31:09 - [TEST_STEP][PASSED] - click(findTestObject("Object Repository/DetailPop-up/InformationSection/Details", ["position":"1", "position2":"1"])): Object: 'Object Repository/DetailPop-up/InformationSection/Details' is clicked on

2022-02-14 12:31:12 - [MESSAGE][PASSED] - Object: 'Object Repository/DetailPop-up/InformationSection/Details' is clicked on

2022-02-14 12:31:12 - [TEST_STEP][PASSED] - delay(3): Delayed 3 second(s)

2022-02-14 12:31:15 - [MESSAGE][PASSED] - Delayed 3 second(s)

2022-02-14 12:31:15 - [TEST_STEP][PASSED] - takeScreenshot(): Taking screenshot successfully

2022-02-14 12:31:15 - [MESSAGE][PASSED] - Taking screenshot successfully
[[ATTACHMENT|/home/intersoft-admin/Rattan/Bash/Training/Rattan/Final_testing/New_ActivityOverview/Reports/20220214_115757/DetailPop-up-BothSideUrlBasedAndNormal/20220214_115804/1644822075586.png]]

2022-02-14 12:31:15 - [TEST_STEP][PASSED] - if (waitForElementVisible(findTestObject("Object Repository/DetailPop-up/InformationSection/Details", ["position":"1", "position2":"2"]), 15) == true): Taking screenshot successfully

2022-02-14 12:31:15 - [MESSAGE][PASSED] - Object 'Object Repository/DetailPop-up/InformationSection/Details' is visible

2022-02-14 12:31:15 - [TEST_STEP][PASSED] - click(findTestObject("Object Repository/DetailPop-up/InformationSection/Details", ["position":"1", "position2":"2"])): Object: 'Object Repository/DetailPop-up/InformationSection/Details' is clicked on

2022-02-14 12:31:19 - [MESSAGE][PASSED] - Object: 'Object Repository/DetailPop-up/InformationSection/Details' is clicked on

2022-02-14 12:31:19 - [TEST_STEP][PASSED] - delay(3): Delayed 3 second(s)

2022-02-14 12:31:22 - [MESSAGE][PASSED] - Delayed 3 second(s)

2022-02-14 12:31:22 - [TEST_STEP][PASSED] - takeScreenshot(): Taking screenshot successfully

2022-02-14 12:31:22 - [MESSAGE][PASSED] - Taking screenshot successfully
[[ATTACHMENT|/home/intersoft-admin/Rattan/Bash/Training/Rattan/Final_testing/New_ActivityOverview/Reports/20220214_115757/DetailPop-up-BothSideUrlBasedAndNormal/20220214_115804/1644822082021.png]]

2022-02-14 12:31:22 - [TEST_STEP][PASSED] - if (waitForElementVisible(findTestObject("Object Repository/DetailPop-up/InformationSection/Details", ["position":"1", "position2":"3"]), 15) == true): Object 'Object Repository/DetailPop-up/InformationSection/Details' is not visible after 15 second(s)

2022-02-14 12:31:37 - [MESSAGE][WARNING] - Object 'Object Repository/DetailPop-up/InformationSection/Details' is not visible after 15 second(s)

2022-02-14 12:31:37 - [TEST_STEP][PASSED] - if (waitForElementVisible(findTestObject("Object Repository/DetailPop-up/InformationSection/Details", ["position":"1", "position2":"5"]), 15) == true): Web element with id: 'Object Repository/DetailPop-up/InformationSection/Details' located by '(//div[@class='order-detail-left']//li[@class='order-list confirm hash-link-parent active'])[1]//ul[@class='tabs custom-tabs']//li[5]//a' not found

2022-02-14 12:31:53 - [MESSAGE][INFO] - Unable to find the element located by 'By.xpath: (//div[@class='order-detail-left']//li[@class='order-list confirm hash-link-parent active'])[1]//ul[@class='tabs custom-tabs']//li[5]//a'. Please recheck the objects properties to make sure the desired element is located. 

2022-02-14 12:31:53 - [MESSAGE][WARNING] - [SELF-HEALING] Failed to find element with id 'Object Repository/DetailPop-up/InformationSection/Details'. Try using Self-healing.

2022-02-14 12:31:54 - [MESSAGE][INFO] - [SELF-HEALING] No working XPath is found.

2022-02-14 12:31:55 - [MESSAGE][INFO] - Unable to find the element located by 'By.xpath: '. Please recheck the objects properties to make sure the desired element is located. 

2022-02-14 12:31:55 - [MESSAGE][WARNING] - [SELF-HEALING] Cannot find elements when the selector is null

2022-02-14 12:31:55 - [MESSAGE][WARNING] - Web element with id: 'Object Repository/DetailPop-up/InformationSection/Details' located by '(//div[@class='order-detail-left']//li[@class='order-list confirm hash-link-parent active'])[1]//ul[@class='tabs custom-tabs']//li[5]//a' not found

2022-02-14 12:31:55 - [TEST_STEP][PASSED] - if (waitForElementVisible(findTestObject("Object Repository/DetailPop-up/InformationSection/Details", ["position":"1", "position2":"4"]), 15) == true): Taking screenshot successfully

2022-02-14 12:31:55 - [MESSAGE][PASSED] - Object 'Object Repository/DetailPop-up/InformationSection/Details' is visible

2022-02-14 12:31:55 - [TEST_STEP][PASSED] - click(findTestObject("Object Repository/DetailPop-up/InformationSection/Details", ["position":"1", "position2":"4"])): Object: 'Object Repository/DetailPop-up/InformationSection/Details' is clicked on

2022-02-14 12:31:59 - [MESSAGE][PASSED] - Object: 'Object Repository/DetailPop-up/InformationSection/Details' is clicked on

2022-02-14 12:31:59 - [TEST_STEP][PASSED] - delay(3): Delayed 3 second(s)

2022-02-14 12:32:02 - [MESSAGE][PASSED] - Delayed 3 second(s)

2022-02-14 12:32:02 - [TEST_STEP][PASSED] - takeScreenshot(): Taking screenshot successfully

2022-02-14 12:32:02 - [MESSAGE][PASSED] - Taking screenshot successfully
[[ATTACHMENT|/home/intersoft-admin/Rattan/Bash/Training/Rattan/Final_testing/New_ActivityOverview/Reports/20220214_115757/DetailPop-up-BothSideUrlBasedAndNormal/20220214_115804/1644822122133.png]]

2022-02-14 12:32:02 - [TEST_STEP][PASSED] - if (waitForElementClickable(findTestObject("Object Repository/DetailPop-up/ExpanSection/SubProductList-ClickOnExpandView", ["position":"1"]), 15)): Web element with id: 'Object Repository/DetailPop-up/ExpanSection/SubProductList-ClickOnExpandView' located by '(//div[@class='order-detail-left']//li[@class='order-list order-sub-list confirm hash-link-parent']//i[contains(text(),'expand_more')])[1]' not found

2022-02-14 12:32:18 - [MESSAGE][INFO] - Unable to find the element located by 'By.xpath: (//div[@class='order-detail-left']//li[@class='order-list order-sub-list confirm hash-link-parent']//i[contains(text(),'expand_more')])[1]'. Please recheck the objects properties to make sure the desired element is located. 

2022-02-14 12:32:18 - [MESSAGE][WARNING] - [SELF-HEALING] Failed to find element with id 'Object Repository/DetailPop-up/ExpanSection/SubProductList-ClickOnExpandView'. Try using Self-healing.

2022-02-14 12:32:19 - [MESSAGE][INFO] - [SELF-HEALING] No working XPath is found.

2022-02-14 12:32:20 - [MESSAGE][INFO] - Unable to find the element located by 'By.xpath: '. Please recheck the objects properties to make sure the desired element is located. 

2022-02-14 12:32:20 - [MESSAGE][WARNING] - [SELF-HEALING] Cannot find elements when the selector is null

2022-02-14 12:32:20 - [MESSAGE][WARNING] - Web element with id: 'Object Repository/DetailPop-up/ExpanSection/SubProductList-ClickOnExpandView' located by '(//div[@class='order-detail-left']//li[@class='order-list order-sub-list confirm hash-link-parent']//i[contains(text(),'expand_more')])[1]' not found

2022-02-14 12:32:20 - [TEST_STEP][PASSED] - callTestCase(findTestCase("Test Cases/StepToReUse/StepTOCopyURLAndAddAnotherTab"), [:], CONTINUE_ON_FAILURE): Call Test Case 'Test Cases/StepToReUse/StepTOCopyURLAndAddAnotherTab' successfully

2022-02-14 12:32:20 - [TEST_CASE][PASSED] - Test Cases/StepToReUse/StepTOCopyURLAndAddAnotherTab: Test Cases/StepToReUse/StepTOCopyURLAndAddAnotherTab

2022-02-14 12:32:20 - [TEST_STEP][PASSED] - click(findTestObject("Object Repository/Header/Preview/ClickOnPreviewIcon")): Object: 'Object Repository/Header/Preview/ClickOnPreviewIcon' is clicked on

2022-02-14 12:32:23 - [MESSAGE][PASSED] - Object: 'Object Repository/Header/Preview/ClickOnPreviewIcon' is clicked on

2022-02-14 12:32:23 - [TEST_STEP][PASSED] - delay(10): Delayed 10 second(s)

2022-02-14 12:32:33 - [MESSAGE][PASSED] - Delayed 10 second(s)

2022-02-14 12:32:33 - [TEST_STEP][PASSED] - takeScreenshot(): Taking screenshot successfully

2022-02-14 12:32:33 - [MESSAGE][PASSED] - Taking screenshot successfully
[[ATTACHMENT|/home/intersoft-admin/Rattan/Bash/Training/Rattan/Final_testing/New_ActivityOverview/Reports/20220214_115757/DetailPop-up-BothSideUrlBasedAndNormal/20220214_115804/1644822153829.png]]

2022-02-14 12:32:33 - [TEST_STEP][PASSED] - click(findTestObject("Object Repository/Header/Preview/PrintVoucher")): Object: 'Object Repository/Header/Preview/PrintVoucher' is clicked on

2022-02-14 12:32:37 - [MESSAGE][PASSED] - Object: 'Object Repository/Header/Preview/PrintVoucher' is clicked on

2022-02-14 12:32:37 - [TEST_STEP][PASSED] - delay(10): Delayed 10 second(s)

2022-02-14 12:32:47 - [MESSAGE][PASSED] - Delayed 10 second(s)

2022-02-14 12:32:47 - [TEST_STEP][PASSED] - takeScreenshot(): Taking screenshot successfully

2022-02-14 12:32:47 - [MESSAGE][PASSED] - Taking screenshot successfully
[[ATTACHMENT|/home/intersoft-admin/Rattan/Bash/Training/Rattan/Final_testing/New_ActivityOverview/Reports/20220214_115757/DetailPop-up-BothSideUrlBasedAndNormal/20220214_115804/1644822167113.png]]

2022-02-14 12:32:47 - [TEST_STEP][PASSED] - UrlToClick = findWebElement(findTestObject("Object Repository/Header/CopyUrl/CopyUrl")).getAttribute("data-href_url"): null

2022-02-14 12:32:47 - [TEST_STEP][PASSED] - println(UrlToClick): null

2022-02-14 12:32:47 - [TEST_STEP][PASSED] - ActivityUrl = UrlToClick: null

2022-02-14 12:32:47 - [TEST_STEP][PASSED] - switchToWindowIndex(1): Switched to window with index: '1'

2022-02-14 12:32:47 - [MESSAGE][PASSED] - Switched to window with index: '1'

2022-02-14 12:32:47 - [TEST_STEP][PASSED] - delay(5): Delayed 5 second(s)

2022-02-14 12:32:52 - [MESSAGE][PASSED] - Delayed 5 second(s)

2022-02-14 12:32:52 - [TEST_STEP][PASSED] - navigateToUrl(ActivityUrl): Navigate to 'https://activity.test-prio.com/orders/164464181177280' successfully

2022-02-14 12:32:56 - [MESSAGE][PASSED] - Navigate to 'https://activity.test-prio.com/orders/164464181177280' successfully

2022-02-14 12:32:56 - [TEST_STEP][PASSED] - takeScreenshot(): Taking screenshot successfully

2022-02-14 12:32:57 - [MESSAGE][PASSED] - Taking screenshot successfully
[[ATTACHMENT|/home/intersoft-admin/Rattan/Bash/Training/Rattan/Final_testing/New_ActivityOverview/Reports/20220214_115757/DetailPop-up-BothSideUrlBasedAndNormal/20220214_115804/1644822177118.png]]

2022-02-14 12:32:57 - [TEST_STEP][PASSED] - switchToDefaultContent(): null

2022-02-14 12:32:57 - [MESSAGE][PASSED] - Call Test Case 'Test Cases/StepToReUse/StepTOCopyURLAndAddAnotherTab' successfully

2022-02-14 12:32:57 - [TEST_STEP][PASSED] - callTestCase(findTestCase("Test Cases/NewActivityOverview-LeftNavigation/ActivityOverview-OpenDetailPop-up - CopiedURL"), [:], CONTINUE_ON_FAILURE): Call Test Case 'Test Cases/NewActivityOverview-LeftNavigation/ActivityOverview-OpenDetailPop-up - CopiedURL' successfully

2022-02-14 12:32:57 - [TEST_CASE][PASSED] - Test Cases/NewActivityOverview-LeftNavigation/ActivityOverview-OpenDetailPop-up - CopiedURL: Test Cases/NewActivityOverview-LeftNavigation/ActivityOverview-OpenDetailPop-up - CopiedURL

2022-02-14 12:32:57 - [TEST_STEP][PASSED] - switchToWindowIndex(1): Switched to window with index: '1'

2022-02-14 12:32:57 - [MESSAGE][PASSED] - Switched to window with index: '1'

2022-02-14 12:32:57 - [TEST_STEP][PASSED] - delay(5): Delayed 5 second(s)

2022-02-14 12:33:02 - [MESSAGE][PASSED] - Delayed 5 second(s)

2022-02-14 12:33:02 - [TEST_STEP][PASSED] - navigateToUrl(ActivityUrl): Navigate to 'https://activity.test-prio.com/orders/164464181177280' successfully

2022-02-14 12:33:06 - [MESSAGE][PASSED] - Navigate to 'https://activity.test-prio.com/orders/164464181177280' successfully

2022-02-14 12:33:06 - [TEST_STEP][PASSED] - takeScreenshot(): Taking screenshot successfully

2022-02-14 12:33:07 - [MESSAGE][PASSED] - Taking screenshot successfully
[[ATTACHMENT|/home/intersoft-admin/Rattan/Bash/Training/Rattan/Final_testing/New_ActivityOverview/Reports/20220214_115757/DetailPop-up-BothSideUrlBasedAndNormal/20220214_115804/1644822187149.png]]

2022-02-14 12:33:07 - [TEST_STEP][PASSED] - switchToDefaultContent(): null

2022-02-14 12:33:07 - [TEST_STEP][PASSED] - if (waitForElementPresent(findTestObject("Object Repository/DetailPop-up/ExpanSection/ProductInformationExpandedSection-Exist"), 10)): Object 'Object Repository/DetailPop-up/ExpanSection/ProductInformationExpandedSection-Exist' is not present after 10 second(s)

2022-02-14 12:33:18 - [MESSAGE][INFO] - Unable to find the element located by 'By.xpath: //div[@class='order-detail-left']//li[@class='order-list confirm hash-link-parent active']'. Please recheck the objects properties to make sure the desired element is located. 

2022-02-14 12:33:18 - [MESSAGE][WARNING] - [SELF-HEALING] Failed to find element with id 'Object Repository/DetailPop-up/ExpanSection/ProductInformationExpandedSection-Exist'. Try using Self-healing.

2022-02-14 12:33:19 - [MESSAGE][INFO] - [SELF-HEALING] No working XPath is found.

2022-02-14 12:33:20 - [MESSAGE][INFO] - Unable to find the element located by 'By.xpath: '. Please recheck the objects properties to make sure the desired element is located. 

2022-02-14 12:33:20 - [MESSAGE][WARNING] - [SELF-HEALING] Cannot find elements when the selector is null

2022-02-14 12:33:20 - [MESSAGE][WARNING] - Object 'Object Repository/DetailPop-up/ExpanSection/ProductInformationExpandedSection-Exist' is not present after 10 second(s)

2022-02-14 12:33:20 - [TEST_STEP][PASSED] - bookingsize = findWebElements(findTestObject("Object Repository/DetailPop-up/ExpanSection/ProductSectionLength"), 5).size(): null

2022-02-14 12:33:20 - [TEST_STEP][PASSED] - logInfo(Size of Bookings on Product detail Pop-up: $bookingsize): Size of Bookings on Product detail Pop-up: 1

2022-02-14 12:33:20 - [MESSAGE][INFO] - Size of Bookings on Product detail Pop-up: 1

2022-02-14 12:33:20 - [TEST_STEP][PASSED] - for ([looping = 1, looping <= bookingsize, (looping++)]): Taking screenshot successfully

2022-02-14 12:33:20 - [TEST_STEP][PASSED] - click(findTestObject("Object Repository/DetailPop-up/ExpanSection/ExpandProductSection", ["position":looping])): Object: 'Object Repository/DetailPop-up/ExpanSection/ExpandProductSection' is clicked on

2022-02-14 12:33:24 - [MESSAGE][PASSED] - Object: 'Object Repository/DetailPop-up/ExpanSection/ExpandProductSection' is clicked on

2022-02-14 12:33:24 - [TEST_STEP][PASSED] - delay(3): Delayed 3 second(s)

2022-02-14 12:33:27 - [MESSAGE][PASSED] - Delayed 3 second(s)

2022-02-14 12:33:27 - [TEST_STEP][PASSED] - takeScreenshot(): Taking screenshot successfully

2022-02-14 12:33:27 - [MESSAGE][PASSED] - Taking screenshot successfully
[[ATTACHMENT|/home/intersoft-admin/Rattan/Bash/Training/Rattan/Final_testing/New_ActivityOverview/Reports/20220214_115757/DetailPop-up-BothSideUrlBasedAndNormal/20220214_115804/1644822207461.png]]

2022-02-14 12:33:27 - [TEST_STEP][PASSED] - if (waitForElementVisible(findTestObject("Object Repository/DetailPop-up/InformationSection/Details", ["position":"1", "position2":"1"]), 15) == true): Taking screenshot successfully

2022-02-14 12:33:27 - [MESSAGE][PASSED] - Object 'Object Repository/DetailPop-up/InformationSection/Details' is visible

2022-02-14 12:33:27 - [TEST_STEP][PASSED] - click(findTestObject("Object Repository/DetailPop-up/InformationSection/Details", ["position":"1", "position2":"1"])): Object: 'Object Repository/DetailPop-up/InformationSection/Details' is clicked on

2022-02-14 12:33:31 - [MESSAGE][PASSED] - Object: 'Object Repository/DetailPop-up/InformationSection/Details' is clicked on

2022-02-14 12:33:31 - [TEST_STEP][PASSED] - delay(3): Delayed 3 second(s)

2022-02-14 12:33:34 - [MESSAGE][PASSED] - Delayed 3 second(s)

2022-02-14 12:33:34 - [TEST_STEP][PASSED] - takeScreenshot(): Taking screenshot successfully

2022-02-14 12:33:34 - [MESSAGE][PASSED] - Taking screenshot successfully
[[ATTACHMENT|/home/intersoft-admin/Rattan/Bash/Training/Rattan/Final_testing/New_ActivityOverview/Reports/20220214_115757/DetailPop-up-BothSideUrlBasedAndNormal/20220214_115804/1644822214450.png]]

2022-02-14 12:33:34 - [TEST_STEP][PASSED] - if (waitForElementVisible(findTestObject("Object Repository/DetailPop-up/InformationSection/Details", ["position":"1", "position2":"2"]), 15) == true): Taking screenshot successfully

2022-02-14 12:33:34 - [MESSAGE][PASSED] - Object 'Object Repository/DetailPop-up/InformationSection/Details' is visible

2022-02-14 12:33:34 - [TEST_STEP][PASSED] - click(findTestObject("Object Repository/DetailPop-up/InformationSection/Details", ["position":"1", "position2":"2"])): Object: 'Object Repository/DetailPop-up/InformationSection/Details' is clicked on

2022-02-14 12:33:38 - [MESSAGE][PASSED] - Object: 'Object Repository/DetailPop-up/InformationSection/Details' is clicked on

2022-02-14 12:33:38 - [TEST_STEP][PASSED] - delay(3): Delayed 3 second(s)

2022-02-14 12:33:41 - [MESSAGE][PASSED] - Delayed 3 second(s)

2022-02-14 12:33:41 - [TEST_STEP][PASSED] - takeScreenshot(): Taking screenshot successfully

2022-02-14 12:33:41 - [MESSAGE][PASSED] - Taking screenshot successfully
[[ATTACHMENT|/home/intersoft-admin/Rattan/Bash/Training/Rattan/Final_testing/New_ActivityOverview/Reports/20220214_115757/DetailPop-up-BothSideUrlBasedAndNormal/20220214_115804/1644822221488.png]]

2022-02-14 12:33:41 - [TEST_STEP][PASSED] - if (waitForElementVisible(findTestObject("Object Repository/DetailPop-up/InformationSection/Details", ["position":"1", "position2":"3"]), 15) == true): Object 'Object Repository/DetailPop-up/InformationSection/Details' is not visible after 15 second(s)

2022-02-14 12:33:57 - [MESSAGE][WARNING] - Object 'Object Repository/DetailPop-up/InformationSection/Details' is not visible after 15 second(s)

2022-02-14 12:33:57 - [TEST_STEP][PASSED] - if (waitForElementVisible(findTestObject("Object Repository/DetailPop-up/InformationSection/Details", ["position":"1", "position2":"5"]), 15) == true): Web element with id: 'Object Repository/DetailPop-up/InformationSection/Details' located by '(//div[@class='order-detail-left']//li[@class='order-list confirm hash-link-parent active'])[1]//ul[@class='tabs custom-tabs']//li[5]//a' not found

2022-02-14 12:34:13 - [MESSAGE][INFO] - Unable to find the element located by 'By.xpath: (//div[@class='order-detail-left']//li[@class='order-list confirm hash-link-parent active'])[1]//ul[@class='tabs custom-tabs']//li[5]//a'. Please recheck the objects properties to make sure the desired element is located. 

2022-02-14 12:34:13 - [MESSAGE][WARNING] - [SELF-HEALING] Failed to find element with id 'Object Repository/DetailPop-up/InformationSection/Details'. Try using Self-healing.

2022-02-14 12:34:14 - [MESSAGE][INFO] - [SELF-HEALING] No working XPath is found.

2022-02-14 12:34:15 - [MESSAGE][INFO] - Unable to find the element located by 'By.xpath: '. Please recheck the objects properties to make sure the desired element is located. 

2022-02-14 12:34:15 - [MESSAGE][WARNING] - [SELF-HEALING] Cannot find elements when the selector is null

2022-02-14 12:34:15 - [MESSAGE][WARNING] - Web element with id: 'Object Repository/DetailPop-up/InformationSection/Details' located by '(//div[@class='order-detail-left']//li[@class='order-list confirm hash-link-parent active'])[1]//ul[@class='tabs custom-tabs']//li[5]//a' not found

2022-02-14 12:34:15 - [TEST_STEP][PASSED] - if (waitForElementVisible(findTestObject("Object Repository/DetailPop-up/InformationSection/Details", ["position":"1", "position2":"4"]), 15) == true): Taking screenshot successfully

2022-02-14 12:34:15 - [MESSAGE][PASSED] - Object 'Object Repository/DetailPop-up/InformationSection/Details' is visible

2022-02-14 12:34:15 - [TEST_STEP][PASSED] - click(findTestObject("Object Repository/DetailPop-up/InformationSection/Details", ["position":"1", "position2":"4"])): Object: 'Object Repository/DetailPop-up/InformationSection/Details' is clicked on

2022-02-14 12:34:18 - [MESSAGE][PASSED] - Object: 'Object Repository/DetailPop-up/InformationSection/Details' is clicked on

2022-02-14 12:34:18 - [TEST_STEP][PASSED] - delay(3): Delayed 3 second(s)

2022-02-14 12:34:22 - [MESSAGE][PASSED] - Delayed 3 second(s)

2022-02-14 12:34:22 - [TEST_STEP][PASSED] - takeScreenshot(): Taking screenshot successfully

2022-02-14 12:34:22 - [MESSAGE][PASSED] - Taking screenshot successfully
[[ATTACHMENT|/home/intersoft-admin/Rattan/Bash/Training/Rattan/Final_testing/New_ActivityOverview/Reports/20220214_115757/DetailPop-up-BothSideUrlBasedAndNormal/20220214_115804/1644822262217.png]]

2022-02-14 12:34:22 - [TEST_STEP][PASSED] - if (waitForElementClickable(findTestObject("Object Repository/DetailPop-up/ExpanSection/SubProductList-ClickOnExpandView", ["position":"1"]), 15)): Web element with id: 'Object Repository/DetailPop-up/ExpanSection/SubProductList-ClickOnExpandView' located by '(//div[@class='order-detail-left']//li[@class='order-list order-sub-list confirm hash-link-parent']//i[contains(text(),'expand_more')])[1]' not found

2022-02-14 12:34:38 - [MESSAGE][INFO] - Unable to find the element located by 'By.xpath: (//div[@class='order-detail-left']//li[@class='order-list order-sub-list confirm hash-link-parent']//i[contains(text(),'expand_more')])[1]'. Please recheck the objects properties to make sure the desired element is located. 

2022-02-14 12:34:38 - [MESSAGE][WARNING] - [SELF-HEALING] Failed to find element with id 'Object Repository/DetailPop-up/ExpanSection/SubProductList-ClickOnExpandView'. Try using Self-healing.

2022-02-14 12:34:39 - [MESSAGE][INFO] - [SELF-HEALING] No working XPath is found.

2022-02-14 12:34:40 - [MESSAGE][INFO] - Unable to find the element located by 'By.xpath: '. Please recheck the objects properties to make sure the desired element is located. 

2022-02-14 12:34:40 - [MESSAGE][WARNING] - [SELF-HEALING] Cannot find elements when the selector is null

2022-02-14 12:34:40 - [MESSAGE][WARNING] - Web element with id: 'Object Repository/DetailPop-up/ExpanSection/SubProductList-ClickOnExpandView' located by '(//div[@class='order-detail-left']//li[@class='order-list order-sub-list confirm hash-link-parent']//i[contains(text(),'expand_more')])[1]' not found

2022-02-14 12:34:40 - [MESSAGE][PASSED] - Call Test Case 'Test Cases/NewActivityOverview-LeftNavigation/ActivityOverview-OpenDetailPop-up - CopiedURL' successfully

2022-02-14 12:34:40 - [TEST_STEP][PASSED] - switchToWindowIndex(0): Switched to window with index: '0'

2022-02-14 12:34:40 - [MESSAGE][PASSED] - Switched to window with index: '0'

2022-02-14 12:34:40 - [TEST_STEP][PASSED] - delay(13): Delayed 13 second(s)

2022-02-14 12:34:53 - [MESSAGE][PASSED] - Delayed 13 second(s)

2022-02-14 12:34:53 - [TEST_STEP][PASSED] - switchToFrame(findTestObject("Object Repository/Iframe/NewActivityOverviewIframe"), 5): null

2022-02-14 12:34:53 - [TEST_STEP][PASSED] - click(findTestObject("Object Repository/DetailPop-up/Backbutton/BackButtonToListing")): Object: 'Object Repository/DetailPop-up/Backbutton/BackButtonToListing' is clicked on

2022-02-14 12:34:57 - [MESSAGE][PASSED] - Object: 'Object Repository/DetailPop-up/Backbutton/BackButtonToListing' is clicked on

2022-02-14 12:34:57 - [TEST_STEP][PASSED] - delay(13): Delayed 13 second(s)

2022-02-14 12:35:10 - [MESSAGE][PASSED] - Delayed 13 second(s)

2022-02-14 12:35:10 - [TEST_STEP][PASSED] - if (l <= 5): null

2022-02-14 12:35:10 - [TEST_STEP][PASSED] - paginationvalue = l: null

2022-02-14 12:35:10 - [TEST_STEP][PASSED] - if (l > 5): null

2022-02-14 12:35:10 - [TEST_STEP][PASSED] - logInfo(Size of Pagination: $paginationvalue): Size of Pagination: 2

2022-02-14 12:35:10 - [MESSAGE][INFO] - Size of Pagination: 2

2022-02-14 12:35:10 - [TEST_STEP][PASSED] - click(findTestObject("Object Repository/PaginationCOunt/ClickOnPagination", ["pagination":paginationvalue])): Object: 'Object Repository/PaginationCOunt/ClickOnPagination' is clicked on

2022-02-14 12:35:13 - [MESSAGE][PASSED] - Object: 'Object Repository/PaginationCOunt/ClickOnPagination' is clicked on

2022-02-14 12:35:13 - [TEST_STEP][PASSED] - delay(20): Delayed 20 second(s)

2022-02-14 12:35:33 - [MESSAGE][PASSED] - Delayed 20 second(s)

2022-02-14 12:35:33 - [TEST_STEP][PASSED] - takeScreenshot(): Taking screenshot successfully

2022-02-14 12:35:33 - [MESSAGE][PASSED] - Taking screenshot successfully
[[ATTACHMENT|/home/intersoft-admin/Rattan/Bash/Training/Rattan/Final_testing/New_ActivityOverview/Reports/20220214_115757/DetailPop-up-BothSideUrlBasedAndNormal/20220214_115804/1644822333310.png]]

2022-02-14 12:35:33 - [TEST_STEP][PASSED] - RecordsinListing = findWebElements(findTestObject("Object Repository/ListingArea/RecordsInListing"), 5).size(): null

2022-02-14 12:35:33 - [TEST_STEP][PASSED] - logInfo(Size of Active Bookings: $RecordsinListing): Size of Active Bookings: 100

2022-02-14 12:35:33 - [MESSAGE][INFO] - Size of Active Bookings: 100

2022-02-14 12:35:33 - [TEST_STEP][FAILED] - for ([refund = 1, refund < RecordsinListing, (refund++)]): Delayed 13 second(s)

2022-02-14 12:35:33 - [TEST_STEP][PASSED] - if (refund == 1): null

2022-02-14 12:35:33 - [TEST_STEP][PASSED] - refund = RecordsinListing: null

2022-02-14 12:35:33 - [TEST_STEP][PASSED] - refundvalue = refund: null

2022-02-14 12:35:33 - [TEST_STEP][PASSED] - logInfo(Size of refund booking: $refund): Size of refund booking: 100

2022-02-14 12:35:33 - [MESSAGE][INFO] - Size of refund booking: 100

2022-02-14 12:35:33 - [TEST_STEP][PASSED] - scrollToElement(findTestObject("Object Repository/ListingArea/ClickondetailPOp-up", ["position":refund]), 15): Scroll to object 'Object Repository/ListingArea/ClickondetailPOp-up' successfully

2022-02-14 12:35:33 - [MESSAGE][PASSED] - Scroll to object 'Object Repository/ListingArea/ClickondetailPOp-up' successfully

2022-02-14 12:35:33 - [TEST_STEP][PASSED] - takeScreenshot(): Taking screenshot successfully

2022-02-14 12:35:33 - [MESSAGE][PASSED] - Taking screenshot successfully
[[ATTACHMENT|/home/intersoft-admin/Rattan/Bash/Training/Rattan/Final_testing/New_ActivityOverview/Reports/20220214_115757/DetailPop-up-BothSideUrlBasedAndNormal/20220214_115804/1644822333581.png]]

2022-02-14 12:35:33 - [TEST_STEP][PASSED] - orderId = findWebElement(findTestObject("Object Repository/GetOrderID/GetOrderID", ["position":refund])).getAttribute("data-order_id"): null

2022-02-14 12:35:33 - [TEST_STEP][PASSED] - orderId = orderId: null

2022-02-14 12:35:33 - [TEST_STEP][PASSED] - logInfo(Order ID: $orderId): Order ID: 164448803269169

2022-02-14 12:35:33 - [MESSAGE][INFO] - Order ID: 164448803269169

2022-02-14 12:35:33 - [TEST_STEP][PASSED] - click(findTestObject("Object Repository/GetOrderID/GetOrderID", ["position":refund])): Object: 'Object Repository/GetOrderID/GetOrderID' is clicked on

2022-02-14 12:35:36 - [MESSAGE][PASSED] - Object: 'Object Repository/GetOrderID/GetOrderID' is clicked on

2022-02-14 12:35:36 - [TEST_STEP][PASSED] - delay(20): Delayed 20 second(s)

2022-02-14 12:35:56 - [MESSAGE][PASSED] - Delayed 20 second(s)

2022-02-14 12:35:56 - [TEST_STEP][PASSED] - takeScreenshot(): Taking screenshot successfully

2022-02-14 12:35:57 - [MESSAGE][PASSED] - Taking screenshot successfully
[[ATTACHMENT|/home/intersoft-admin/Rattan/Bash/Training/Rattan/Final_testing/New_ActivityOverview/Reports/20220214_115757/DetailPop-up-BothSideUrlBasedAndNormal/20220214_115804/1644822356947.png]]

2022-02-14 12:35:57 - [TEST_STEP][PASSED] - if (waitForElementPresent(findTestObject("Object Repository/DetailPop-up/ExpanSection/ProductInformationExpandedSection-Exist"), 10)): Object 'Object Repository/DetailPop-up/ExpanSection/ProductInformationExpandedSection-Exist' is not present after 10 second(s)

2022-02-14 12:36:08 - [MESSAGE][INFO] - Unable to find the element located by 'By.xpath: //div[@class='order-detail-left']//li[@class='order-list confirm hash-link-parent active']'. Please recheck the objects properties to make sure the desired element is located. 

2022-02-14 12:36:08 - [MESSAGE][WARNING] - [SELF-HEALING] Failed to find element with id 'Object Repository/DetailPop-up/ExpanSection/ProductInformationExpandedSection-Exist'. Try using Self-healing.

2022-02-14 12:36:09 - [MESSAGE][INFO] - [SELF-HEALING] No working XPath is found.

2022-02-14 12:36:10 - [MESSAGE][INFO] - Unable to find the element located by 'By.xpath: '. Please recheck the objects properties to make sure the desired element is located. 

2022-02-14 12:36:10 - [MESSAGE][WARNING] - [SELF-HEALING] Cannot find elements when the selector is null

2022-02-14 12:36:10 - [MESSAGE][WARNING] - Object 'Object Repository/DetailPop-up/ExpanSection/ProductInformationExpandedSection-Exist' is not present after 10 second(s)

2022-02-14 12:36:10 - [TEST_STEP][PASSED] - bookingsize = findWebElements(findTestObject("Object Repository/DetailPop-up/ExpanSection/ProductSectionLength"), 5).size(): [SELF-HEALING] Cannot find elements when the selector is null

2022-02-14 12:36:16 - [MESSAGE][INFO] - Unable to find the element located by 'By.xpath: //div[@class='order-detail-left']//li[@class='order-list confirm hash-link-parent']'. Please recheck the objects properties to make sure the desired element is located. 

2022-02-14 12:36:16 - [MESSAGE][WARNING] - [SELF-HEALING] Failed to find element with id 'Object Repository/DetailPop-up/ExpanSection/ProductSectionLength'. Try using Self-healing.

2022-02-14 12:36:17 - [MESSAGE][INFO] - [SELF-HEALING] No working XPath is found.

2022-02-14 12:36:18 - [MESSAGE][INFO] - Unable to find the element located by 'By.xpath: '. Please recheck the objects properties to make sure the desired element is located. 

2022-02-14 12:36:18 - [MESSAGE][WARNING] - [SELF-HEALING] Cannot find elements when the selector is null

2022-02-14 12:36:18 - [TEST_STEP][PASSED] - logInfo(Size of Bookings on Product detail Pop-up: $bookingsize): Size of Bookings on Product detail Pop-up: 0

2022-02-14 12:36:18 - [MESSAGE][INFO] - Size of Bookings on Product detail Pop-up: 0

2022-02-14 12:36:18 - [TEST_STEP][PASSED] - for ([looping = 1, looping <= bookingsize, (looping++)]): null

2022-02-14 12:36:18 - [TEST_STEP][PASSED] - if (waitForElementClickable(findTestObject("Object Repository/DetailPop-up/ExpanSection/SubProductList-ClickOnExpandView", ["position":"1"]), 15)): Web element with id: 'Object Repository/DetailPop-up/ExpanSection/SubProductList-ClickOnExpandView' located by '(//div[@class='order-detail-left']//li[@class='order-list order-sub-list confirm hash-link-parent']//i[contains(text(),'expand_more')])[1]' not found

2022-02-14 12:36:34 - [MESSAGE][INFO] - Unable to find the element located by 'By.xpath: (//div[@class='order-detail-left']//li[@class='order-list order-sub-list confirm hash-link-parent']//i[contains(text(),'expand_more')])[1]'. Please recheck the objects properties to make sure the desired element is located. 

2022-02-14 12:36:34 - [MESSAGE][WARNING] - [SELF-HEALING] Failed to find element with id 'Object Repository/DetailPop-up/ExpanSection/SubProductList-ClickOnExpandView'. Try using Self-healing.

2022-02-14 12:36:35 - [MESSAGE][INFO] - [SELF-HEALING] No working XPath is found.

2022-02-14 12:36:36 - [MESSAGE][INFO] - Unable to find the element located by 'By.xpath: '. Please recheck the objects properties to make sure the desired element is located. 

2022-02-14 12:36:36 - [MESSAGE][WARNING] - [SELF-HEALING] Cannot find elements when the selector is null

2022-02-14 12:36:36 - [MESSAGE][WARNING] - Web element with id: 'Object Repository/DetailPop-up/ExpanSection/SubProductList-ClickOnExpandView' located by '(//div[@class='order-detail-left']//li[@class='order-list order-sub-list confirm hash-link-parent']//i[contains(text(),'expand_more')])[1]' not found

2022-02-14 12:36:36 - [TEST_STEP][FAILED] - callTestCase(findTestCase("Test Cases/StepToReUse/StepTOCopyURLAndAddAnotherTab"), [:], CONTINUE_ON_FAILURE): Unable to call Test Case 'Test Cases/StepToReUse/StepTOCopyURLAndAddAnotherTab' (Root cause: com.kms.katalon.core.exception.StepFailedException: Call Test Case 'Test Cases/StepToReUse/StepTOCopyURLAndAddAnotherTab' failed
	at com.kms.katalon.core.keyword.builtin.CallTestCaseKeyword$_callTestCase_closure1.doCall(CallTestCaseKeyword.groovy:63)
	at com.kms.katalon.core.keyword.builtin.CallTestCaseKeyword$_callTestCase_closure1.call(CallTestCaseKeyword.groovy)
	at com.kms.katalon.core.keyword.internal.KeywordMain.runKeyword(KeywordMain.groovy:74)
	at com.kms.katalon.core.keyword.builtin.CallTestCaseKeyword.callTestCase(CallTestCaseKeyword.groovy:81)
	at com.kms.katalon.core.keyword.builtin.CallTestCaseKeyword.execute(CallTestCaseKeyword.groovy:44)
	at com.kms.katalon.core.keyword.internal.KeywordExecutor.executeKeywordForPlatform(KeywordExecutor.groovy:74)
	at com.kms.katalon.core.keyword.BuiltinKeywords.callTestCase(BuiltinKeywords.groovy:334)
	at ActivityOverview-OpenDetailPop-up.run(ActivityOverview-OpenDetailPop-up:226)
	at com.kms.katalon.core.main.ScriptEngine.run(ScriptEngine.java:194)
	at com.kms.katalon.core.main.ScriptEngine.runScriptAsRawText(ScriptEngine.java:119)
	at com.kms.katalon.core.main.TestCaseExecutor.runScript(TestCaseExecutor.java:442)
	at com.kms.katalon.core.main.TestCaseExecutor.doExecute(TestCaseExecutor.java:433)
	at com.kms.katalon.core.main.TestCaseExecutor.processExecutionPhase(TestCaseExecutor.java:412)
	at com.kms.katalon.core.main.TestCaseExecutor.accessMainPhase(TestCaseExecutor.java:404)
	at com.kms.katalon.core.main.TestCaseExecutor.execute(TestCaseExecutor.java:281)
	at com.kms.katalon.core.main.TestSuiteExecutor.accessTestCaseMainPhase(TestSuiteExecutor.java:202)
	at com.kms.katalon.core.main.TestSuiteExecutor.accessTestSuiteMainPhase(TestSuiteExecutor.java:164)
	at com.kms.katalon.core.main.TestSuiteExecutor.execute(TestSuiteExecutor.java:105)
	at com.kms.katalon.core.main.TestCaseMain.startTestSuite(TestCaseMain.java:185)
	at com.kms.katalon.core.main.TestCaseMain$startTestSuite$0.call(Unknown Source)
	at TempTestSuite1644820084493.run(TempTestSuite1644820084493.groovy:36)
Caused by: com.kms.katalon.core.exception.StepFailedException: Unable to click on object 'Object Repository/Header/Preview/ClickOnPreviewIcon'
	at com.kms.katalon.core.webui.keyword.internal.WebUIKeywordMain.stepFailed(WebUIKeywordMain.groovy:64)
	at com.kms.katalon.core.webui.keyword.internal.WebUIKeywordMain.runKeyword(WebUIKeywordMain.groovy:26)
	at com.kms.katalon.core.webui.keyword.builtin.ClickKeyword.click(ClickKeyword.groovy:74)
	at com.kms.katalon.core.webui.keyword.builtin.ClickKeyword.execute(ClickKeyword.groovy:40)
	at com.kms.katalon.core.keyword.internal.KeywordExecutor.executeKeywordForPlatform(KeywordExecutor.groovy:74)
	at com.kms.katalon.core.webui.keyword.WebUiBuiltInKeywords.click(WebUiBuiltInKeywords.groovy:620)
	at com.kms.katalon.core.webui.keyword.WebUiBuiltInKeywords$click$2.call(Unknown Source)
	at StepTOCopyURLAndAddAnotherTab.run(StepTOCopyURLAndAddAnotherTab:29)
	at com.kms.katalon.core.main.ScriptEngine.run(ScriptEngine.java:194)
	at com.kms.katalon.core.main.ScriptEngine.runScriptAsRawText(ScriptEngine.java:119)
	at com.kms.katalon.core.main.TestCaseExecutor.runScript(TestCaseExecutor.java:442)
	at com.kms.katalon.core.main.TestCaseExecutor.doExecute(TestCaseExecutor.java:433)
	at com.kms.katalon.core.main.TestCaseExecutor.processExecutionPhase(TestCaseExecutor.java:412)
	at com.kms.katalon.core.main.TestCaseExecutor.accessMainPhase(TestCaseExecutor.java:404)
	at com.kms.katalon.core.main.TestCaseExecutor.execute(TestCaseExecutor.java:281)
	at com.kms.katalon.core.main.TestCaseMain.runTestCase(TestCaseMain.java:142)
	at com.kms.katalon.core.keyword.builtin.CallTestCaseKeyword$_callTestCase_closure1.doCall(CallTestCaseKeyword.groovy:59)
	... 20 more
Caused by: com.kms.katalon.core.webui.exception.WebElementNotFoundException: Web element with id: 'Object Repository/Header/Preview/ClickOnPreviewIcon' located by '//span[contains(text(),'Preview')]//parent::a' not found
	at com.kms.katalon.core.webui.common.WebUiCommonHelper.findWebElement(WebUiCommonHelper.java:1370)
	at com.kms.katalon.core.webui.keyword.internal.WebUIAbstractKeyword.findWebElement(WebUIAbstractKeyword.groovy:27)
	at com.kms.katalon.core.webui.keyword.builtin.ClickKeyword$_click_closure1.doCall(ClickKeyword.groovy:65)
	at com.kms.katalon.core.webui.keyword.builtin.ClickKeyword$_click_closure1.call(ClickKeyword.groovy)
	at com.kms.katalon.core.webui.keyword.internal.WebUIKeywordMain.runKeyword(WebUIKeywordMain.groovy:20)
	... 35 more
)

2022-02-14 12:36:36 - [TEST_CASE][FAILED] - Test Cases/StepToReUse/StepTOCopyURLAndAddAnotherTab: Test Cases/StepToReUse/StepTOCopyURLAndAddAnotherTab FAILED.
Reason:
com.kms.katalon.core.exception.StepFailedException: Unable to click on object 'Object Repository/Header/Preview/ClickOnPreviewIcon'
	at com.kms.katalon.core.webui.keyword.internal.WebUIKeywordMain.stepFailed(WebUIKeywordMain.groovy:64)
	at com.kms.katalon.core.webui.keyword.internal.WebUIKeywordMain.runKeyword(WebUIKeywordMain.groovy:26)
	at com.kms.katalon.core.webui.keyword.builtin.ClickKeyword.click(ClickKeyword.groovy:74)
	at com.kms.katalon.core.webui.keyword.builtin.ClickKeyword.execute(ClickKeyword.groovy:40)
	at com.kms.katalon.core.keyword.internal.KeywordExecutor.executeKeywordForPlatform(KeywordExecutor.groovy:74)
	at com.kms.katalon.core.webui.keyword.WebUiBuiltInKeywords.click(WebUiBuiltInKeywords.groovy:620)
	at com.kms.katalon.core.webui.keyword.WebUiBuiltInKeywords$click$2.call(Unknown Source)
	at StepTOCopyURLAndAddAnotherTab.run(StepTOCopyURLAndAddAnotherTab:29)
	at com.kms.katalon.core.main.ScriptEngine.run(ScriptEngine.java:194)
	at com.kms.katalon.core.main.ScriptEngine.runScriptAsRawText(ScriptEngine.java:119)
	at com.kms.katalon.core.main.TestCaseExecutor.runScript(TestCaseExecutor.java:442)
	at com.kms.katalon.core.main.TestCaseExecutor.doExecute(TestCaseExecutor.java:433)
	at com.kms.katalon.core.main.TestCaseExecutor.processExecutionPhase(TestCaseExecutor.java:412)
	at com.kms.katalon.core.main.TestCaseExecutor.accessMainPhase(TestCaseExecutor.java:404)
	at com.kms.katalon.core.main.TestCaseExecutor.execute(TestCaseExecutor.java:281)
	at com.kms.katalon.core.main.TestCaseMain.runTestCase(TestCaseMain.java:142)
	at com.kms.katalon.core.keyword.builtin.CallTestCaseKeyword$_callTestCase_closure1.doCall(CallTestCaseKeyword.groovy:59)
	at com.kms.katalon.core.keyword.builtin.CallTestCaseKeyword$_callTestCase_closure1.call(CallTestCaseKeyword.groovy)
	at com.kms.katalon.core.keyword.internal.KeywordMain.runKeyword(KeywordMain.groovy:74)
	at com.kms.katalon.core.keyword.builtin.CallTestCaseKeyword.callTestCase(CallTestCaseKeyword.groovy:81)
	at com.kms.katalon.core.keyword.builtin.CallTestCaseKeyword.execute(CallTestCaseKeyword.groovy:44)
	at com.kms.katalon.core.keyword.internal.KeywordExecutor.executeKeywordForPlatform(KeywordExecutor.groovy:74)
	at com.kms.katalon.core.keyword.BuiltinKeywords.callTestCase(BuiltinKeywords.groovy:334)
	at ActivityOverview-OpenDetailPop-up.run(ActivityOverview-OpenDetailPop-up:226)
	at com.kms.katalon.core.main.ScriptEngine.run(ScriptEngine.java:194)
	at com.kms.katalon.core.main.ScriptEngine.runScriptAsRawText(ScriptEngine.java:119)
	at com.kms.katalon.core.main.TestCaseExecutor.runScript(TestCaseExecutor.java:442)
	at com.kms.katalon.core.main.TestCaseExecutor.doExecute(TestCaseExecutor.java:433)
	at com.kms.katalon.core.main.TestCaseExecutor.processExecutionPhase(TestCaseExecutor.java:412)
	at com.kms.katalon.core.main.TestCaseExecutor.accessMainPhase(TestCaseExecutor.java:404)
	at com.kms.katalon.core.main.TestCaseExecutor.execute(TestCaseExecutor.java:281)
	at com.kms.katalon.core.main.TestSuiteExecutor.accessTestCaseMainPhase(TestSuiteExecutor.java:202)
	at com.kms.katalon.core.main.TestSuiteExecutor.accessTestSuiteMainPhase(TestSuiteExecutor.java:164)
	at com.kms.katalon.core.main.TestSuiteExecutor.execute(TestSuiteExecutor.java:105)
	at com.kms.katalon.core.main.TestCaseMain.startTestSuite(TestCaseMain.java:185)
	at com.kms.katalon.core.main.TestCaseMain$startTestSuite$0.call(Unknown Source)
	at TempTestSuite1644820084493.run(TempTestSuite1644820084493.groovy:36)
Caused by: com.kms.katalon.core.webui.exception.WebElementNotFoundException: Web element with id: 'Object Repository/Header/Preview/ClickOnPreviewIcon' located by '//span[contains(text(),'Preview')]//parent::a' not found
	at com.kms.katalon.core.webui.common.WebUiCommonHelper.findWebElement(WebUiCommonHelper.java:1370)
	at com.kms.katalon.core.webui.keyword.internal.WebUIAbstractKeyword.findWebElement(WebUIAbstractKeyword.groovy:27)
	at com.kms.katalon.core.webui.keyword.builtin.ClickKeyword$_click_closure1.doCall(ClickKeyword.groovy:65)
	at com.kms.katalon.core.webui.keyword.builtin.ClickKeyword$_click_closure1.call(ClickKeyword.groovy)
	at com.kms.katalon.core.webui.keyword.internal.WebUIKeywordMain.runKeyword(WebUIKeywordMain.groovy:20)
	... 35 more


2022-02-14 12:36:36 - [TEST_STEP][FAILED] - click(findTestObject("Object Repository/Header/Preview/ClickOnPreviewIcon")): Unable to click on object 'Object Repository/Header/Preview/ClickOnPreviewIcon' (Root cause: com.kms.katalon.core.exception.StepFailedException: Unable to click on object 'Object Repository/Header/Preview/ClickOnPreviewIcon'
	at com.kms.katalon.core.webui.keyword.internal.WebUIKeywordMain.stepFailed(WebUIKeywordMain.groovy:64)
	at com.kms.katalon.core.webui.keyword.internal.WebUIKeywordMain.runKeyword(WebUIKeywordMain.groovy:26)
	at com.kms.katalon.core.webui.keyword.builtin.ClickKeyword.click(ClickKeyword.groovy:74)
	at com.kms.katalon.core.webui.keyword.builtin.ClickKeyword.execute(ClickKeyword.groovy:40)
	at com.kms.katalon.core.keyword.internal.KeywordExecutor.executeKeywordForPlatform(KeywordExecutor.groovy:74)
	at com.kms.katalon.core.webui.keyword.WebUiBuiltInKeywords.click(WebUiBuiltInKeywords.groovy:620)
	at com.kms.katalon.core.webui.keyword.WebUiBuiltInKeywords$click$2.call(Unknown Source)
	at StepTOCopyURLAndAddAnotherTab.run(StepTOCopyURLAndAddAnotherTab:29)
	at com.kms.katalon.core.main.ScriptEngine.run(ScriptEngine.java:194)
	at com.kms.katalon.core.main.ScriptEngine.runScriptAsRawText(ScriptEngine.java:119)
	at com.kms.katalon.core.main.TestCaseExecutor.runScript(TestCaseExecutor.java:442)
	at com.kms.katalon.core.main.TestCaseExecutor.doExecute(TestCaseExecutor.java:433)
	at com.kms.katalon.core.main.TestCaseExecutor.processExecutionPhase(TestCaseExecutor.java:412)
	at com.kms.katalon.core.main.TestCaseExecutor.accessMainPhase(TestCaseExecutor.java:404)
	at com.kms.katalon.core.main.TestCaseExecutor.execute(TestCaseExecutor.java:281)
	at com.kms.katalon.core.main.TestCaseMain.runTestCase(TestCaseMain.java:142)
	at com.kms.katalon.core.keyword.builtin.CallTestCaseKeyword$_callTestCase_closure1.doCall(CallTestCaseKeyword.groovy:59)
	at com.kms.katalon.core.keyword.builtin.CallTestCaseKeyword$_callTestCase_closure1.call(CallTestCaseKeyword.groovy)
	at com.kms.katalon.core.keyword.internal.KeywordMain.runKeyword(KeywordMain.groovy:74)
	at com.kms.katalon.core.keyword.builtin.CallTestCaseKeyword.callTestCase(CallTestCaseKeyword.groovy:81)
	at com.kms.katalon.core.keyword.builtin.CallTestCaseKeyword.execute(CallTestCaseKeyword.groovy:44)
	at com.kms.katalon.core.keyword.internal.KeywordExecutor.executeKeywordForPlatform(KeywordExecutor.groovy:74)
	at com.kms.katalon.core.keyword.BuiltinKeywords.callTestCase(BuiltinKeywords.groovy:334)
	at ActivityOverview-OpenDetailPop-up.run(ActivityOverview-OpenDetailPop-up:226)
	at com.kms.katalon.core.main.ScriptEngine.run(ScriptEngine.java:194)
	at com.kms.katalon.core.main.ScriptEngine.runScriptAsRawText(ScriptEngine.java:119)
	at com.kms.katalon.core.main.TestCaseExecutor.runScript(TestCaseExecutor.java:442)
	at com.kms.katalon.core.main.TestCaseExecutor.doExecute(TestCaseExecutor.java:433)
	at com.kms.katalon.core.main.TestCaseExecutor.processExecutionPhase(TestCaseExecutor.java:412)
	at com.kms.katalon.core.main.TestCaseExecutor.accessMainPhase(TestCaseExecutor.java:404)
	at com.kms.katalon.core.main.TestCaseExecutor.execute(TestCaseExecutor.java:281)
	at com.kms.katalon.core.main.TestSuiteExecutor.accessTestCaseMainPhase(TestSuiteExecutor.java:202)
	at com.kms.katalon.core.main.TestSuiteExecutor.accessTestSuiteMainPhase(TestSuiteExecutor.java:164)
	at com.kms.katalon.core.main.TestSuiteExecutor.execute(TestSuiteExecutor.java:105)
	at com.kms.katalon.core.main.TestCaseMain.startTestSuite(TestCaseMain.java:185)
	at com.kms.katalon.core.main.TestCaseMain$startTestSuite$0.call(Unknown Source)
	at TempTestSuite1644820084493.run(TempTestSuite1644820084493.groovy:36)
Caused by: com.kms.katalon.core.webui.exception.WebElementNotFoundException: Web element with id: 'Object Repository/Header/Preview/ClickOnPreviewIcon' located by '//span[contains(text(),'Preview')]//parent::a' not found
	at com.kms.katalon.core.webui.common.WebUiCommonHelper.findWebElement(WebUiCommonHelper.java:1370)
	at com.kms.katalon.core.webui.keyword.internal.WebUIAbstractKeyword.findWebElement(WebUIAbstractKeyword.groovy:27)
	at com.kms.katalon.core.webui.keyword.builtin.ClickKeyword$_click_closure1.doCall(ClickKeyword.groovy:65)
	at com.kms.katalon.core.webui.keyword.builtin.ClickKeyword$_click_closure1.call(ClickKeyword.groovy)
	at com.kms.katalon.core.webui.keyword.internal.WebUIKeywordMain.runKeyword(WebUIKeywordMain.groovy:20)
	at com.kms.katalon.core.webui.keyword.builtin.ClickKeyword.click(ClickKeyword.groovy:74)
	at com.kms.katalon.core.webui.keyword.builtin.ClickKeyword.execute(ClickKeyword.groovy:40)
	at com.kms.katalon.core.keyword.internal.KeywordExecutor.executeKeywordForPlatform(KeywordExecutor.groovy:74)
	at com.kms.katalon.core.webui.keyword.WebUiBuiltInKeywords.click(WebUiBuiltInKeywords.groovy:620)
	at com.kms.katalon.core.webui.keyword.WebUiBuiltInKeywords$click$2.call(Unknown Source)
	at Script1644422514682.run(Script1644422514682.groovy:29)
	at com.kms.katalon.core.main.ScriptEngine.run(ScriptEngine.java:194)
	at com.kms.katalon.core.main.ScriptEngine.runScriptAsRawText(ScriptEngine.java:119)
	at com.kms.katalon.core.main.TestCaseExecutor.runScript(TestCaseExecutor.java:442)
	at com.kms.katalon.core.main.TestCaseExecutor.doExecute(TestCaseExecutor.java:433)
	at com.kms.katalon.core.main.TestCaseExecutor.processExecutionPhase(TestCaseExecutor.java:412)
	at com.kms.katalon.core.main.TestCaseExecutor.accessMainPhase(TestCaseExecutor.java:404)
	at com.kms.katalon.core.main.TestCaseExecutor.execute(TestCaseExecutor.java:281)
	at com.kms.katalon.core.main.TestCaseMain.runTestCase(TestCaseMain.java:142)
	at com.kms.katalon.core.keyword.builtin.CallTestCaseKeyword$_callTestCase_closure1.doCall(CallTestCaseKeyword.groovy:59)
	at com.kms.katalon.core.keyword.builtin.CallTestCaseKeyword$_callTestCase_closure1.call(CallTestCaseKeyword.groovy)
	at com.kms.katalon.core.keyword.internal.KeywordMain.runKeyword(KeywordMain.groovy:74)
	at com.kms.katalon.core.keyword.builtin.CallTestCaseKeyword.callTestCase(CallTestCaseKeyword.groovy:81)
	at com.kms.katalon.core.keyword.builtin.CallTestCaseKeyword.execute(CallTestCaseKeyword.groovy:44)
	at com.kms.katalon.core.keyword.internal.KeywordExecutor.executeKeywordForPlatform(KeywordExecutor.groovy:74)
	at com.kms.katalon.core.keyword.BuiltinKeywords.callTestCase(BuiltinKeywords.groovy:334)
	at Script1643703980676.run(Script1643703980676.groovy:226)
	... 13 more
)

2022-02-14 12:37:07 - [MESSAGE][INFO] - Unable to find the element located by 'By.xpath: //span[contains(text(),'Preview')]//parent::a'. Please recheck the objects properties to make sure the desired element is located. 

2022-02-14 12:37:07 - [MESSAGE][WARNING] - [SELF-HEALING] Failed to find element with id 'Object Repository/Header/Preview/ClickOnPreviewIcon'. Try using Self-healing.

2022-02-14 12:37:08 - [MESSAGE][INFO] - [SELF-HEALING] No working XPath is found.

2022-02-14 12:37:09 - [MESSAGE][INFO] - Unable to find the element located by 'By.xpath: '. Please recheck the objects properties to make sure the desired element is located. 

2022-02-14 12:37:09 - [MESSAGE][WARNING] - [SELF-HEALING] Cannot find elements when the selector is null

2022-02-14 12:37:09 - [MESSAGE][FAILED] - Unable to click on object 'Object Repository/Header/Preview/ClickOnPreviewIcon' (Root cause: com.kms.katalon.core.exception.StepFailedException: Unable to click on object 'Object Repository/Header/Preview/ClickOnPreviewIcon'
	at com.kms.katalon.core.webui.keyword.internal.WebUIKeywordMain.stepFailed(WebUIKeywordMain.groovy:64)
	at com.kms.katalon.core.webui.keyword.internal.WebUIKeywordMain.runKeyword(WebUIKeywordMain.groovy:26)
	at com.kms.katalon.core.webui.keyword.builtin.ClickKeyword.click(ClickKeyword.groovy:74)
	at com.kms.katalon.core.webui.keyword.builtin.ClickKeyword.execute(ClickKeyword.groovy:40)
	at com.kms.katalon.core.keyword.internal.KeywordExecutor.executeKeywordForPlatform(KeywordExecutor.groovy:74)
	at com.kms.katalon.core.webui.keyword.WebUiBuiltInKeywords.click(WebUiBuiltInKeywords.groovy:620)
	at com.kms.katalon.core.webui.keyword.WebUiBuiltInKeywords$click$2.call(Unknown Source)
	at StepTOCopyURLAndAddAnotherTab.run(StepTOCopyURLAndAddAnotherTab:29)
	at com.kms.katalon.core.main.ScriptEngine.run(ScriptEngine.java:194)
	at com.kms.katalon.core.main.ScriptEngine.runScriptAsRawText(ScriptEngine.java:119)
	at com.kms.katalon.core.main.TestCaseExecutor.runScript(TestCaseExecutor.java:442)
	at com.kms.katalon.core.main.TestCaseExecutor.doExecute(TestCaseExecutor.java:433)
	at com.kms.katalon.core.main.TestCaseExecutor.processExecutionPhase(TestCaseExecutor.java:412)
	at com.kms.katalon.core.main.TestCaseExecutor.accessMainPhase(TestCaseExecutor.java:404)
	at com.kms.katalon.core.main.TestCaseExecutor.execute(TestCaseExecutor.java:281)
	at com.kms.katalon.core.main.TestCaseMain.runTestCase(TestCaseMain.java:142)
	at com.kms.katalon.core.keyword.builtin.CallTestCaseKeyword$_callTestCase_closure1.doCall(CallTestCaseKeyword.groovy:59)
	at com.kms.katalon.core.keyword.builtin.CallTestCaseKeyword$_callTestCase_closure1.call(CallTestCaseKeyword.groovy)
	at com.kms.katalon.core.keyword.internal.KeywordMain.runKeyword(KeywordMain.groovy:74)
	at com.kms.katalon.core.keyword.builtin.CallTestCaseKeyword.callTestCase(CallTestCaseKeyword.groovy:81)
	at com.kms.katalon.core.keyword.builtin.CallTestCaseKeyword.execute(CallTestCaseKeyword.groovy:44)
	at com.kms.katalon.core.keyword.internal.KeywordExecutor.executeKeywordForPlatform(KeywordExecutor.groovy:74)
	at com.kms.katalon.core.keyword.BuiltinKeywords.callTestCase(BuiltinKeywords.groovy:334)
	at ActivityOverview-OpenDetailPop-up.run(ActivityOverview-OpenDetailPop-up:226)
	at com.kms.katalon.core.main.ScriptEngine.run(ScriptEngine.java:194)
	at com.kms.katalon.core.main.ScriptEngine.runScriptAsRawText(ScriptEngine.java:119)
	at com.kms.katalon.core.main.TestCaseExecutor.runScript(TestCaseExecutor.java:442)
	at com.kms.katalon.core.main.TestCaseExecutor.doExecute(TestCaseExecutor.java:433)
	at com.kms.katalon.core.main.TestCaseExecutor.processExecutionPhase(TestCaseExecutor.java:412)
	at com.kms.katalon.core.main.TestCaseExecutor.accessMainPhase(TestCaseExecutor.java:404)
	at com.kms.katalon.core.main.TestCaseExecutor.execute(TestCaseExecutor.java:281)
	at com.kms.katalon.core.main.TestSuiteExecutor.accessTestCaseMainPhase(TestSuiteExecutor.java:202)
	at com.kms.katalon.core.main.TestSuiteExecutor.accessTestSuiteMainPhase(TestSuiteExecutor.java:164)
	at com.kms.katalon.core.main.TestSuiteExecutor.execute(TestSuiteExecutor.java:105)
	at com.kms.katalon.core.main.TestCaseMain.startTestSuite(TestCaseMain.java:185)
	at com.kms.katalon.core.main.TestCaseMain$startTestSuite$0.call(Unknown Source)
	at TempTestSuite1644820084493.run(TempTestSuite1644820084493.groovy:36)
Caused by: com.kms.katalon.core.webui.exception.WebElementNotFoundException: Web element with id: 'Object Repository/Header/Preview/ClickOnPreviewIcon' located by '//span[contains(text(),'Preview')]//parent::a' not found
	at com.kms.katalon.core.webui.common.WebUiCommonHelper.findWebElement(WebUiCommonHelper.java:1370)
	at com.kms.katalon.core.webui.keyword.internal.WebUIAbstractKeyword.findWebElement(WebUIAbstractKeyword.groovy:27)
	at com.kms.katalon.core.webui.keyword.builtin.ClickKeyword$_click_closure1.doCall(ClickKeyword.groovy:65)
	at com.kms.katalon.core.webui.keyword.builtin.ClickKeyword$_click_closure1.call(ClickKeyword.groovy)
	at com.kms.katalon.core.webui.keyword.internal.WebUIKeywordMain.runKeyword(WebUIKeywordMain.groovy:20)
	at com.kms.katalon.core.webui.keyword.builtin.ClickKeyword.click(ClickKeyword.groovy:74)
	at com.kms.katalon.core.webui.keyword.builtin.ClickKeyword.execute(ClickKeyword.groovy:40)
	at com.kms.katalon.core.keyword.internal.KeywordExecutor.executeKeywordForPlatform(KeywordExecutor.groovy:74)
	at com.kms.katalon.core.webui.keyword.WebUiBuiltInKeywords.click(WebUiBuiltInKeywords.groovy:620)
	at com.kms.katalon.core.webui.keyword.WebUiBuiltInKeywords$click$2.call(Unknown Source)
	at Script1644422514682.run(Script1644422514682.groovy:29)
	at com.kms.katalon.core.main.ScriptEngine.run(ScriptEngine.java:194)
	at com.kms.katalon.core.main.ScriptEngine.runScriptAsRawText(ScriptEngine.java:119)
	at com.kms.katalon.core.main.TestCaseExecutor.runScript(TestCaseExecutor.java:442)
	at com.kms.katalon.core.main.TestCaseExecutor.doExecute(TestCaseExecutor.java:433)
	at com.kms.katalon.core.main.TestCaseExecutor.processExecutionPhase(TestCaseExecutor.java:412)
	at com.kms.katalon.core.main.TestCaseExecutor.accessMainPhase(TestCaseExecutor.java:404)
	at com.kms.katalon.core.main.TestCaseExecutor.execute(TestCaseExecutor.java:281)
	at com.kms.katalon.core.main.TestCaseMain.runTestCase(TestCaseMain.java:142)
	at com.kms.katalon.core.keyword.builtin.CallTestCaseKeyword$_callTestCase_closure1.doCall(CallTestCaseKeyword.groovy:59)
	at com.kms.katalon.core.keyword.builtin.CallTestCaseKeyword$_callTestCase_closure1.call(CallTestCaseKeyword.groovy)
	at com.kms.katalon.core.keyword.internal.KeywordMain.runKeyword(KeywordMain.groovy:74)
	at com.kms.katalon.core.keyword.builtin.CallTestCaseKeyword.callTestCase(CallTestCaseKeyword.groovy:81)
	at com.kms.katalon.core.keyword.builtin.CallTestCaseKeyword.execute(CallTestCaseKeyword.groovy:44)
	at com.kms.katalon.core.keyword.internal.KeywordExecutor.executeKeywordForPlatform(KeywordExecutor.groovy:74)
	at com.kms.katalon.core.keyword.BuiltinKeywords.callTestCase(BuiltinKeywords.groovy:334)
	at Script1643703980676.run(Script1643703980676.groovy:226)
	... 13 more
)
[[ATTACHMENT|/home/intersoft-admin/Rattan/Bash/Training/Rattan/Final_testing/New_ActivityOverview/Reports/20220214_115757/DetailPop-up-BothSideUrlBasedAndNormal/20220214_115804/1644822429320.png]]

2022-02-14 12:37:09 - [MESSAGE][FAILED] - Unable to call Test Case 'Test Cases/StepToReUse/StepTOCopyURLAndAddAnotherTab' (Root cause: com.kms.katalon.core.exception.StepFailedException: Call Test Case 'Test Cases/StepToReUse/StepTOCopyURLAndAddAnotherTab' failed
	at com.kms.katalon.core.keyword.builtin.CallTestCaseKeyword$_callTestCase_closure1.doCall(CallTestCaseKeyword.groovy:63)
	at com.kms.katalon.core.keyword.builtin.CallTestCaseKeyword$_callTestCase_closure1.call(CallTestCaseKeyword.groovy)
	at com.kms.katalon.core.keyword.internal.KeywordMain.runKeyword(KeywordMain.groovy:74)
	at com.kms.katalon.core.keyword.builtin.CallTestCaseKeyword.callTestCase(CallTestCaseKeyword.groovy:81)
	at com.kms.katalon.core.keyword.builtin.CallTestCaseKeyword.execute(CallTestCaseKeyword.groovy:44)
	at com.kms.katalon.core.keyword.internal.KeywordExecutor.executeKeywordForPlatform(KeywordExecutor.groovy:74)
	at com.kms.katalon.core.keyword.BuiltinKeywords.callTestCase(BuiltinKeywords.groovy:334)
	at ActivityOverview-OpenDetailPop-up.run(ActivityOverview-OpenDetailPop-up:226)
	at com.kms.katalon.core.main.ScriptEngine.run(ScriptEngine.java:194)
	at com.kms.katalon.core.main.ScriptEngine.runScriptAsRawText(ScriptEngine.java:119)
	at com.kms.katalon.core.main.TestCaseExecutor.runScript(TestCaseExecutor.java:442)
	at com.kms.katalon.core.main.TestCaseExecutor.doExecute(TestCaseExecutor.java:433)
	at com.kms.katalon.core.main.TestCaseExecutor.processExecutionPhase(TestCaseExecutor.java:412)
	at com.kms.katalon.core.main.TestCaseExecutor.accessMainPhase(TestCaseExecutor.java:404)
	at com.kms.katalon.core.main.TestCaseExecutor.execute(TestCaseExecutor.java:281)
	at com.kms.katalon.core.main.TestSuiteExecutor.accessTestCaseMainPhase(TestSuiteExecutor.java:202)
	at com.kms.katalon.core.main.TestSuiteExecutor.accessTestSuiteMainPhase(TestSuiteExecutor.java:164)
	at com.kms.katalon.core.main.TestSuiteExecutor.execute(TestSuiteExecutor.java:105)
	at com.kms.katalon.core.main.TestCaseMain.startTestSuite(TestCaseMain.java:185)
	at com.kms.katalon.core.main.TestCaseMain$startTestSuite$0.call(Unknown Source)
	at TempTestSuite1644820084493.run(TempTestSuite1644820084493.groovy:36)
Caused by: com.kms.katalon.core.exception.StepFailedException: Unable to click on object 'Object Repository/Header/Preview/ClickOnPreviewIcon'
	at com.kms.katalon.core.webui.keyword.internal.WebUIKeywordMain.stepFailed(WebUIKeywordMain.groovy:64)
	at com.kms.katalon.core.webui.keyword.internal.WebUIKeywordMain.runKeyword(WebUIKeywordMain.groovy:26)
	at com.kms.katalon.core.webui.keyword.builtin.ClickKeyword.click(ClickKeyword.groovy:74)
	at com.kms.katalon.core.webui.keyword.builtin.ClickKeyword.execute(ClickKeyword.groovy:40)
	at com.kms.katalon.core.keyword.internal.KeywordExecutor.executeKeywordForPlatform(KeywordExecutor.groovy:74)
	at com.kms.katalon.core.webui.keyword.WebUiBuiltInKeywords.click(WebUiBuiltInKeywords.groovy:620)
	at com.kms.katalon.core.webui.keyword.WebUiBuiltInKeywords$click$2.call(Unknown Source)
	at StepTOCopyURLAndAddAnotherTab.run(StepTOCopyURLAndAddAnotherTab:29)
	at com.kms.katalon.core.main.ScriptEngine.run(ScriptEngine.java:194)
	at com.kms.katalon.core.main.ScriptEngine.runScriptAsRawText(ScriptEngine.java:119)
	at com.kms.katalon.core.main.TestCaseExecutor.runScript(TestCaseExecutor.java:442)
	at com.kms.katalon.core.main.TestCaseExecutor.doExecute(TestCaseExecutor.java:433)
	at com.kms.katalon.core.main.TestCaseExecutor.processExecutionPhase(TestCaseExecutor.java:412)
	at com.kms.katalon.core.main.TestCaseExecutor.accessMainPhase(TestCaseExecutor.java:404)
	at com.kms.katalon.core.main.TestCaseExecutor.execute(TestCaseExecutor.java:281)
	at com.kms.katalon.core.main.TestCaseMain.runTestCase(TestCaseMain.java:142)
	at com.kms.katalon.core.keyword.builtin.CallTestCaseKeyword$_callTestCase_closure1.doCall(CallTestCaseKeyword.groovy:59)
	... 20 more
Caused by: com.kms.katalon.core.webui.exception.WebElementNotFoundException: Web element with id: 'Object Repository/Header/Preview/ClickOnPreviewIcon' located by '//span[contains(text(),'Preview')]//parent::a' not found
	at com.kms.katalon.core.webui.common.WebUiCommonHelper.findWebElement(WebUiCommonHelper.java:1370)
	at com.kms.katalon.core.webui.keyword.internal.WebUIAbstractKeyword.findWebElement(WebUIAbstractKeyword.groovy:27)
	at com.kms.katalon.core.webui.keyword.builtin.ClickKeyword$_click_closure1.doCall(ClickKeyword.groovy:65)
	at com.kms.katalon.core.webui.keyword.builtin.ClickKeyword$_click_closure1.call(ClickKeyword.groovy)
	at com.kms.katalon.core.webui.keyword.internal.WebUIKeywordMain.runKeyword(WebUIKeywordMain.groovy:20)
	... 35 more
)

2022-02-14 12:37:09 - [TEST_STEP][PASSED] - callTestCase(findTestCase("Test Cases/NewActivityOverview-LeftNavigation/ActivityOverview-OpenDetailPop-up - CopiedURL"), [:], CONTINUE_ON_FAILURE): Call Test Case 'Test Cases/NewActivityOverview-LeftNavigation/ActivityOverview-OpenDetailPop-up - CopiedURL' successfully

2022-02-14 12:37:09 - [TEST_CASE][PASSED] - Test Cases/NewActivityOverview-LeftNavigation/ActivityOverview-OpenDetailPop-up - CopiedURL: Test Cases/NewActivityOverview-LeftNavigation/ActivityOverview-OpenDetailPop-up - CopiedURL

2022-02-14 12:37:09 - [TEST_STEP][PASSED] - switchToWindowIndex(1): Switched to window with index: '1'

2022-02-14 12:37:09 - [MESSAGE][PASSED] - Switched to window with index: '1'

2022-02-14 12:37:09 - [TEST_STEP][PASSED] - delay(5): Delayed 5 second(s)

2022-02-14 12:37:14 - [MESSAGE][PASSED] - Delayed 5 second(s)

2022-02-14 12:37:14 - [TEST_STEP][PASSED] - navigateToUrl(ActivityUrl): Navigate to 'https://activity.test-prio.com/orders/164464181177280' successfully

2022-02-14 12:37:17 - [MESSAGE][PASSED] - Navigate to 'https://activity.test-prio.com/orders/164464181177280' successfully

2022-02-14 12:37:17 - [TEST_STEP][PASSED] - takeScreenshot(): Taking screenshot successfully

2022-02-14 12:37:18 - [MESSAGE][PASSED] - Taking screenshot successfully
[[ATTACHMENT|/home/intersoft-admin/Rattan/Bash/Training/Rattan/Final_testing/New_ActivityOverview/Reports/20220214_115757/DetailPop-up-BothSideUrlBasedAndNormal/20220214_115804/1644822438232.png]]

2022-02-14 12:37:18 - [TEST_STEP][PASSED] - switchToDefaultContent(): null

2022-02-14 12:37:18 - [TEST_STEP][PASSED] - if (waitForElementPresent(findTestObject("Object Repository/DetailPop-up/ExpanSection/ProductInformationExpandedSection-Exist"), 10)): Object 'Object Repository/DetailPop-up/ExpanSection/ProductInformationExpandedSection-Exist' is not present after 10 second(s)

2022-02-14 12:37:29 - [MESSAGE][INFO] - Unable to find the element located by 'By.xpath: //div[@class='order-detail-left']//li[@class='order-list confirm hash-link-parent active']'. Please recheck the objects properties to make sure the desired element is located. 

2022-02-14 12:37:29 - [MESSAGE][WARNING] - [SELF-HEALING] Failed to find element with id 'Object Repository/DetailPop-up/ExpanSection/ProductInformationExpandedSection-Exist'. Try using Self-healing.

2022-02-14 12:37:30 - [MESSAGE][INFO] - [SELF-HEALING] No working XPath is found.

2022-02-14 12:37:31 - [MESSAGE][INFO] - Unable to find the element located by 'By.xpath: '. Please recheck the objects properties to make sure the desired element is located. 

2022-02-14 12:37:31 - [MESSAGE][WARNING] - [SELF-HEALING] Cannot find elements when the selector is null

2022-02-14 12:37:31 - [MESSAGE][WARNING] - Object 'Object Repository/DetailPop-up/ExpanSection/ProductInformationExpandedSection-Exist' is not present after 10 second(s)

2022-02-14 12:37:31 - [TEST_STEP][PASSED] - bookingsize = findWebElements(findTestObject("Object Repository/DetailPop-up/ExpanSection/ProductSectionLength"), 5).size(): null

2022-02-14 12:37:31 - [TEST_STEP][PASSED] - logInfo(Size of Bookings on Product detail Pop-up: $bookingsize): Size of Bookings on Product detail Pop-up: 1

2022-02-14 12:37:31 - [MESSAGE][INFO] - Size of Bookings on Product detail Pop-up: 1

2022-02-14 12:37:31 - [TEST_STEP][PASSED] - for ([looping = 1, looping <= bookingsize, (looping++)]): Taking screenshot successfully

2022-02-14 12:37:31 - [TEST_STEP][PASSED] - click(findTestObject("Object Repository/DetailPop-up/ExpanSection/ExpandProductSection", ["position":looping])): Object: 'Object Repository/DetailPop-up/ExpanSection/ExpandProductSection' is clicked on

2022-02-14 12:37:35 - [MESSAGE][PASSED] - Object: 'Object Repository/DetailPop-up/ExpanSection/ExpandProductSection' is clicked on

2022-02-14 12:37:35 - [TEST_STEP][PASSED] - delay(3): Delayed 3 second(s)

2022-02-14 12:37:38 - [MESSAGE][PASSED] - Delayed 3 second(s)

2022-02-14 12:37:38 - [TEST_STEP][PASSED] - takeScreenshot(): Taking screenshot successfully

2022-02-14 12:37:38 - [MESSAGE][PASSED] - Taking screenshot successfully
[[ATTACHMENT|/home/intersoft-admin/Rattan/Bash/Training/Rattan/Final_testing/New_ActivityOverview/Reports/20220214_115757/DetailPop-up-BothSideUrlBasedAndNormal/20220214_115804/1644822458492.png]]

2022-02-14 12:37:38 - [TEST_STEP][PASSED] - if (waitForElementVisible(findTestObject("Object Repository/DetailPop-up/InformationSection/Details", ["position":"1", "position2":"1"]), 15) == true): Taking screenshot successfully

2022-02-14 12:37:38 - [MESSAGE][PASSED] - Object 'Object Repository/DetailPop-up/InformationSection/Details' is visible

2022-02-14 12:37:38 - [TEST_STEP][PASSED] - click(findTestObject("Object Repository/DetailPop-up/InformationSection/Details", ["position":"1", "position2":"1"])): Object: 'Object Repository/DetailPop-up/InformationSection/Details' is clicked on

2022-02-14 12:37:42 - [MESSAGE][PASSED] - Object: 'Object Repository/DetailPop-up/InformationSection/Details' is clicked on

2022-02-14 12:37:42 - [TEST_STEP][PASSED] - delay(3): Delayed 3 second(s)

2022-02-14 12:37:45 - [MESSAGE][PASSED] - Delayed 3 second(s)

2022-02-14 12:37:45 - [TEST_STEP][PASSED] - takeScreenshot(): Taking screenshot successfully

2022-02-14 12:37:45 - [MESSAGE][PASSED] - Taking screenshot successfully
[[ATTACHMENT|/home/intersoft-admin/Rattan/Bash/Training/Rattan/Final_testing/New_ActivityOverview/Reports/20220214_115757/DetailPop-up-BothSideUrlBasedAndNormal/20220214_115804/1644822465460.png]]

2022-02-14 12:37:45 - [TEST_STEP][PASSED] - if (waitForElementVisible(findTestObject("Object Repository/DetailPop-up/InformationSection/Details", ["position":"1", "position2":"2"]), 15) == true): Taking screenshot successfully

2022-02-14 12:37:45 - [MESSAGE][PASSED] - Object 'Object Repository/DetailPop-up/InformationSection/Details' is visible

2022-02-14 12:37:45 - [TEST_STEP][PASSED] - click(findTestObject("Object Repository/DetailPop-up/InformationSection/Details", ["position":"1", "position2":"2"])): Object: 'Object Repository/DetailPop-up/InformationSection/Details' is clicked on

2022-02-14 12:37:49 - [MESSAGE][PASSED] - Object: 'Object Repository/DetailPop-up/InformationSection/Details' is clicked on

2022-02-14 12:37:49 - [TEST_STEP][PASSED] - delay(3): Delayed 3 second(s)

2022-02-14 12:37:52 - [MESSAGE][PASSED] - Delayed 3 second(s)

2022-02-14 12:37:52 - [TEST_STEP][PASSED] - takeScreenshot(): Taking screenshot successfully

2022-02-14 12:37:52 - [MESSAGE][PASSED] - Taking screenshot successfully
[[ATTACHMENT|/home/intersoft-admin/Rattan/Bash/Training/Rattan/Final_testing/New_ActivityOverview/Reports/20220214_115757/DetailPop-up-BothSideUrlBasedAndNormal/20220214_115804/1644822472432.png]]

2022-02-14 12:37:52 - [TEST_STEP][PASSED] - if (waitForElementVisible(findTestObject("Object Repository/DetailPop-up/InformationSection/Details", ["position":"1", "position2":"3"]), 15) == true): Object 'Object Repository/DetailPop-up/InformationSection/Details' is not visible after 15 second(s)

2022-02-14 12:38:08 - [MESSAGE][WARNING] - Object 'Object Repository/DetailPop-up/InformationSection/Details' is not visible after 15 second(s)

2022-02-14 12:38:08 - [TEST_STEP][PASSED] - if (waitForElementVisible(findTestObject("Object Repository/DetailPop-up/InformationSection/Details", ["position":"1", "position2":"5"]), 15) == true): Web element with id: 'Object Repository/DetailPop-up/InformationSection/Details' located by '(//div[@class='order-detail-left']//li[@class='order-list confirm hash-link-parent active'])[1]//ul[@class='tabs custom-tabs']//li[5]//a' not found

2022-02-14 12:38:24 - [MESSAGE][INFO] - Unable to find the element located by 'By.xpath: (//div[@class='order-detail-left']//li[@class='order-list confirm hash-link-parent active'])[1]//ul[@class='tabs custom-tabs']//li[5]//a'. Please recheck the objects properties to make sure the desired element is located. 

2022-02-14 12:38:24 - [MESSAGE][WARNING] - [SELF-HEALING] Failed to find element with id 'Object Repository/DetailPop-up/InformationSection/Details'. Try using Self-healing.

2022-02-14 12:38:25 - [MESSAGE][INFO] - [SELF-HEALING] No working XPath is found.

2022-02-14 12:38:26 - [MESSAGE][INFO] - Unable to find the element located by 'By.xpath: '. Please recheck the objects properties to make sure the desired element is located. 

2022-02-14 12:38:26 - [MESSAGE][WARNING] - [SELF-HEALING] Cannot find elements when the selector is null

2022-02-14 12:38:26 - [MESSAGE][WARNING] - Web element with id: 'Object Repository/DetailPop-up/InformationSection/Details' located by '(//div[@class='order-detail-left']//li[@class='order-list confirm hash-link-parent active'])[1]//ul[@class='tabs custom-tabs']//li[5]//a' not found

2022-02-14 12:38:26 - [TEST_STEP][PASSED] - if (waitForElementVisible(findTestObject("Object Repository/DetailPop-up/InformationSection/Details", ["position":"1", "position2":"4"]), 15) == true): Taking screenshot successfully

2022-02-14 12:38:26 - [MESSAGE][PASSED] - Object 'Object Repository/DetailPop-up/InformationSection/Details' is visible

2022-02-14 12:38:26 - [TEST_STEP][PASSED] - click(findTestObject("Object Repository/DetailPop-up/InformationSection/Details", ["position":"1", "position2":"4"])): Object: 'Object Repository/DetailPop-up/InformationSection/Details' is clicked on

2022-02-14 12:38:29 - [MESSAGE][PASSED] - Object: 'Object Repository/DetailPop-up/InformationSection/Details' is clicked on

2022-02-14 12:38:29 - [TEST_STEP][PASSED] - delay(3): Delayed 3 second(s)

2022-02-14 12:38:32 - [MESSAGE][PASSED] - Delayed 3 second(s)

2022-02-14 12:38:32 - [TEST_STEP][PASSED] - takeScreenshot(): Taking screenshot successfully

2022-02-14 12:38:33 - [MESSAGE][PASSED] - Taking screenshot successfully
[[ATTACHMENT|/home/intersoft-admin/Rattan/Bash/Training/Rattan/Final_testing/New_ActivityOverview/Reports/20220214_115757/DetailPop-up-BothSideUrlBasedAndNormal/20220214_115804/1644822513025.png]]

2022-02-14 12:38:33 - [TEST_STEP][PASSED] - if (waitForElementClickable(findTestObject("Object Repository/DetailPop-up/ExpanSection/SubProductList-ClickOnExpandView", ["position":"1"]), 15)): Web element with id: 'Object Repository/DetailPop-up/ExpanSection/SubProductList-ClickOnExpandView' located by '(//div[@class='order-detail-left']//li[@class='order-list order-sub-list confirm hash-link-parent']//i[contains(text(),'expand_more')])[1]' not found

2022-02-14 12:38:49 - [MESSAGE][INFO] - Unable to find the element located by 'By.xpath: (//div[@class='order-detail-left']//li[@class='order-list order-sub-list confirm hash-link-parent']//i[contains(text(),'expand_more')])[1]'. Please recheck the objects properties to make sure the desired element is located. 

2022-02-14 12:38:49 - [MESSAGE][WARNING] - [SELF-HEALING] Failed to find element with id 'Object Repository/DetailPop-up/ExpanSection/SubProductList-ClickOnExpandView'. Try using Self-healing.

2022-02-14 12:38:50 - [MESSAGE][INFO] - [SELF-HEALING] No working XPath is found.

2022-02-14 12:38:51 - [MESSAGE][INFO] - Unable to find the element located by 'By.xpath: '. Please recheck the objects properties to make sure the desired element is located. 

2022-02-14 12:38:51 - [MESSAGE][WARNING] - [SELF-HEALING] Cannot find elements when the selector is null

2022-02-14 12:38:51 - [MESSAGE][WARNING] - Web element with id: 'Object Repository/DetailPop-up/ExpanSection/SubProductList-ClickOnExpandView' located by '(//div[@class='order-detail-left']//li[@class='order-list order-sub-list confirm hash-link-parent']//i[contains(text(),'expand_more')])[1]' not found

2022-02-14 12:38:51 - [MESSAGE][PASSED] - Call Test Case 'Test Cases/NewActivityOverview-LeftNavigation/ActivityOverview-OpenDetailPop-up - CopiedURL' successfully

2022-02-14 12:38:51 - [TEST_STEP][PASSED] - switchToWindowIndex(0): Switched to window with index: '0'

2022-02-14 12:38:51 - [MESSAGE][PASSED] - Switched to window with index: '0'

2022-02-14 12:38:51 - [TEST_STEP][PASSED] - delay(13): Delayed 13 second(s)

2022-02-14 12:39:04 - [MESSAGE][PASSED] - Delayed 13 second(s)

2022-02-14 12:39:04 - [TEST_STEP][PASSED] - switchToFrame(findTestObject("Object Repository/Iframe/NewActivityOverviewIframe"), 5): null

2022-02-14 12:39:04 - [TEST_STEP][PASSED] - click(findTestObject("Object Repository/DetailPop-up/Backbutton/BackButtonToListing")): Object: 'Object Repository/DetailPop-up/Backbutton/BackButtonToListing' is clicked on

2022-02-14 12:39:07 - [MESSAGE][PASSED] - Object: 'Object Repository/DetailPop-up/Backbutton/BackButtonToListing' is clicked on

2022-02-14 12:39:07 - [TEST_STEP][PASSED] - delay(13): Delayed 13 second(s)

2022-02-14 12:39:20 - [MESSAGE][PASSED] - Delayed 13 second(s)

2022-02-14 12:39:20 - [TEST_STEP][PASSED] - if (l <= 5): null

2022-02-14 12:39:20 - [TEST_STEP][PASSED] - paginationvalue = l: null

2022-02-14 12:39:20 - [TEST_STEP][PASSED] - if (l > 5): null

2022-02-14 12:39:20 - [TEST_STEP][PASSED] - logInfo(Size of Pagination: $paginationvalue): Size of Pagination: 3

2022-02-14 12:39:20 - [MESSAGE][INFO] - Size of Pagination: 3

2022-02-14 12:39:20 - [TEST_STEP][PASSED] - click(findTestObject("Object Repository/PaginationCOunt/ClickOnPagination", ["pagination":paginationvalue])): Object: 'Object Repository/PaginationCOunt/ClickOnPagination' is clicked on

2022-02-14 12:39:24 - [MESSAGE][PASSED] - Object: 'Object Repository/PaginationCOunt/ClickOnPagination' is clicked on

2022-02-14 12:39:24 - [TEST_STEP][PASSED] - delay(20): Delayed 20 second(s)

2022-02-14 12:39:44 - [MESSAGE][PASSED] - Delayed 20 second(s)

2022-02-14 12:39:44 - [TEST_STEP][PASSED] - takeScreenshot(): Taking screenshot successfully

2022-02-14 12:39:44 - [MESSAGE][PASSED] - Taking screenshot successfully
[[ATTACHMENT|/home/intersoft-admin/Rattan/Bash/Training/Rattan/Final_testing/New_ActivityOverview/Reports/20220214_115757/DetailPop-up-BothSideUrlBasedAndNormal/20220214_115804/1644822584094.png]]

2022-02-14 12:39:44 - [TEST_STEP][PASSED] - RecordsinListing = findWebElements(findTestObject("Object Repository/ListingArea/RecordsInListing"), 5).size(): null

2022-02-14 12:39:44 - [TEST_STEP][PASSED] - logInfo(Size of Active Bookings: $RecordsinListing): Size of Active Bookings: 100

2022-02-14 12:39:44 - [MESSAGE][INFO] - Size of Active Bookings: 100

2022-02-14 12:39:44 - [TEST_STEP][PASSED] - for ([refund = 1, refund < RecordsinListing, (refund++)]): Delayed 13 second(s)

2022-02-14 12:39:44 - [TEST_STEP][PASSED] - if (refund == 1): null

2022-02-14 12:39:44 - [TEST_STEP][PASSED] - refund = RecordsinListing: null

2022-02-14 12:39:44 - [TEST_STEP][PASSED] - refundvalue = refund: null

2022-02-14 12:39:44 - [TEST_STEP][PASSED] - logInfo(Size of refund booking: $refund): Size of refund booking: 100

2022-02-14 12:39:44 - [MESSAGE][INFO] - Size of refund booking: 100

2022-02-14 12:39:44 - [TEST_STEP][PASSED] - scrollToElement(findTestObject("Object Repository/ListingArea/ClickondetailPOp-up", ["position":refund]), 15): Scroll to object 'Object Repository/ListingArea/ClickondetailPOp-up' successfully

2022-02-14 12:39:44 - [MESSAGE][PASSED] - Scroll to object 'Object Repository/ListingArea/ClickondetailPOp-up' successfully

2022-02-14 12:39:44 - [TEST_STEP][PASSED] - takeScreenshot(): Taking screenshot successfully

2022-02-14 12:39:44 - [MESSAGE][PASSED] - Taking screenshot successfully
[[ATTACHMENT|/home/intersoft-admin/Rattan/Bash/Training/Rattan/Final_testing/New_ActivityOverview/Reports/20220214_115757/DetailPop-up-BothSideUrlBasedAndNormal/20220214_115804/1644822584360.png]]

2022-02-14 12:39:44 - [TEST_STEP][PASSED] - orderId = findWebElement(findTestObject("Object Repository/GetOrderID/GetOrderID", ["position":refund])).getAttribute("data-order_id"): null

2022-02-14 12:39:44 - [TEST_STEP][PASSED] - orderId = orderId: null

2022-02-14 12:39:44 - [TEST_STEP][PASSED] - logInfo(Order ID: $orderId): Order ID: 164440205807642

2022-02-14 12:39:44 - [MESSAGE][INFO] - Order ID: 164440205807642

2022-02-14 12:39:44 - [TEST_STEP][PASSED] - click(findTestObject("Object Repository/GetOrderID/GetOrderID", ["position":refund])): Object: 'Object Repository/GetOrderID/GetOrderID' is clicked on

2022-02-14 12:39:47 - [MESSAGE][PASSED] - Object: 'Object Repository/GetOrderID/GetOrderID' is clicked on

2022-02-14 12:39:47 - [TEST_STEP][PASSED] - delay(20): Delayed 20 second(s)

2022-02-14 12:40:07 - [MESSAGE][PASSED] - Delayed 20 second(s)

2022-02-14 12:40:07 - [TEST_STEP][PASSED] - takeScreenshot(): Taking screenshot successfully

2022-02-14 12:40:07 - [MESSAGE][PASSED] - Taking screenshot successfully
[[ATTACHMENT|/home/intersoft-admin/Rattan/Bash/Training/Rattan/Final_testing/New_ActivityOverview/Reports/20220214_115757/DetailPop-up-BothSideUrlBasedAndNormal/20220214_115804/1644822607720.png]]

2022-02-14 12:40:07 - [TEST_STEP][PASSED] - if (waitForElementPresent(findTestObject("Object Repository/DetailPop-up/ExpanSection/ProductInformationExpandedSection-Exist"), 10)): Taking screenshot successfully

2022-02-14 12:40:07 - [MESSAGE][PASSED] - Object 'Object Repository/DetailPop-up/ExpanSection/ProductInformationExpandedSection-Exist' is present

2022-02-14 12:40:07 - [TEST_STEP][PASSED] - logInfo("Product Expanded Section Exist"): Product Expanded Section Exist

2022-02-14 12:40:07 - [MESSAGE][INFO] - Product Expanded Section Exist

2022-02-14 12:40:07 - [TEST_STEP][PASSED] - click(findTestObject("DetailPop-up/ExpanSection/ProductInformationExpandedSection -Exist- ClickOnExpandedView")): Object: 'Object Repository/DetailPop-up/ExpanSection/ProductInformationExpandedSection -Exist- ClickOnExpandedView' is clicked on

2022-02-14 12:40:11 - [MESSAGE][PASSED] - Object: 'Object Repository/DetailPop-up/ExpanSection/ProductInformationExpandedSection -Exist- ClickOnExpandedView' is clicked on

2022-02-14 12:40:11 - [TEST_STEP][PASSED] - delay(3): Delayed 3 second(s)

2022-02-14 12:40:14 - [MESSAGE][PASSED] - Delayed 3 second(s)

2022-02-14 12:40:14 - [TEST_STEP][PASSED] - takeScreenshot(): Taking screenshot successfully

2022-02-14 12:40:14 - [MESSAGE][PASSED] - Taking screenshot successfully
[[ATTACHMENT|/home/intersoft-admin/Rattan/Bash/Training/Rattan/Final_testing/New_ActivityOverview/Reports/20220214_115757/DetailPop-up-BothSideUrlBasedAndNormal/20220214_115804/1644822614103.png]]

2022-02-14 12:40:14 - [TEST_STEP][PASSED] - bookingsize = findWebElements(findTestObject("Object Repository/DetailPop-up/ExpanSection/ProductSectionLength"), 5).size(): null

2022-02-14 12:40:14 - [TEST_STEP][PASSED] - logInfo(Size of Bookings on Product detail Pop-up: $bookingsize): Size of Bookings on Product detail Pop-up: 1

2022-02-14 12:40:14 - [MESSAGE][INFO] - Size of Bookings on Product detail Pop-up: 1

2022-02-14 12:40:14 - [TEST_STEP][PASSED] - for ([looping = 1, looping <= bookingsize, (looping++)]): Taking screenshot successfully

2022-02-14 12:40:14 - [TEST_STEP][PASSED] - click(findTestObject("Object Repository/DetailPop-up/ExpanSection/ExpandProductSection", ["position":looping])): Object: 'Object Repository/DetailPop-up/ExpanSection/ExpandProductSection' is clicked on

2022-02-14 12:40:17 - [MESSAGE][PASSED] - Object: 'Object Repository/DetailPop-up/ExpanSection/ExpandProductSection' is clicked on

2022-02-14 12:40:17 - [TEST_STEP][PASSED] - delay(3): Delayed 3 second(s)

2022-02-14 12:40:20 - [MESSAGE][PASSED] - Delayed 3 second(s)

2022-02-14 12:40:20 - [TEST_STEP][PASSED] - takeScreenshot(): Taking screenshot successfully

2022-02-14 12:40:20 - [MESSAGE][PASSED] - Taking screenshot successfully
[[ATTACHMENT|/home/intersoft-admin/Rattan/Bash/Training/Rattan/Final_testing/New_ActivityOverview/Reports/20220214_115757/DetailPop-up-BothSideUrlBasedAndNormal/20220214_115804/1644822620421.png]]

2022-02-14 12:40:20 - [TEST_STEP][PASSED] - if (waitForElementVisible(findTestObject("Object Repository/DetailPop-up/InformationSection/Details", ["position":"1", "position2":"1"]), 15) == true): Taking screenshot successfully

2022-02-14 12:40:20 - [MESSAGE][PASSED] - Object 'Object Repository/DetailPop-up/InformationSection/Details' is visible

2022-02-14 12:40:20 - [TEST_STEP][PASSED] - click(findTestObject("Object Repository/DetailPop-up/InformationSection/Details", ["position":"1", "position2":"1"])): Object: 'Object Repository/DetailPop-up/InformationSection/Details' is clicked on

2022-02-14 12:40:23 - [MESSAGE][PASSED] - Object: 'Object Repository/DetailPop-up/InformationSection/Details' is clicked on

2022-02-14 12:40:23 - [TEST_STEP][PASSED] - delay(3): Delayed 3 second(s)

2022-02-14 12:40:26 - [MESSAGE][PASSED] - Delayed 3 second(s)

2022-02-14 12:40:26 - [TEST_STEP][PASSED] - takeScreenshot(): Taking screenshot successfully

2022-02-14 12:40:26 - [MESSAGE][PASSED] - Taking screenshot successfully
[[ATTACHMENT|/home/intersoft-admin/Rattan/Bash/Training/Rattan/Final_testing/New_ActivityOverview/Reports/20220214_115757/DetailPop-up-BothSideUrlBasedAndNormal/20220214_115804/1644822626781.png]]

2022-02-14 12:40:26 - [TEST_STEP][PASSED] - if (waitForElementVisible(findTestObject("Object Repository/DetailPop-up/InformationSection/Details", ["position":"1", "position2":"2"]), 15) == true): Taking screenshot successfully

2022-02-14 12:40:26 - [MESSAGE][PASSED] - Object 'Object Repository/DetailPop-up/InformationSection/Details' is visible

2022-02-14 12:40:26 - [TEST_STEP][PASSED] - click(findTestObject("Object Repository/DetailPop-up/InformationSection/Details", ["position":"1", "position2":"2"])): Object: 'Object Repository/DetailPop-up/InformationSection/Details' is clicked on

2022-02-14 12:40:30 - [MESSAGE][PASSED] - Object: 'Object Repository/DetailPop-up/InformationSection/Details' is clicked on

2022-02-14 12:40:30 - [TEST_STEP][PASSED] - delay(3): Delayed 3 second(s)

2022-02-14 12:40:33 - [MESSAGE][PASSED] - Delayed 3 second(s)

2022-02-14 12:40:33 - [TEST_STEP][PASSED] - takeScreenshot(): Taking screenshot successfully

2022-02-14 12:40:33 - [MESSAGE][PASSED] - Taking screenshot successfully
[[ATTACHMENT|/home/intersoft-admin/Rattan/Bash/Training/Rattan/Final_testing/New_ActivityOverview/Reports/20220214_115757/DetailPop-up-BothSideUrlBasedAndNormal/20220214_115804/1644822633174.png]]

2022-02-14 12:40:33 - [TEST_STEP][PASSED] - if (waitForElementVisible(findTestObject("Object Repository/DetailPop-up/InformationSection/Details", ["position":"1", "position2":"3"]), 15) == true): Object 'Object Repository/DetailPop-up/InformationSection/Details' is not visible after 15 second(s)

2022-02-14 12:40:48 - [MESSAGE][WARNING] - Object 'Object Repository/DetailPop-up/InformationSection/Details' is not visible after 15 second(s)

2022-02-14 12:40:48 - [TEST_STEP][PASSED] - if (waitForElementVisible(findTestObject("Object Repository/DetailPop-up/InformationSection/Details", ["position":"1", "position2":"5"]), 15) == true): Web element with id: 'Object Repository/DetailPop-up/InformationSection/Details' located by '(//div[@class='order-detail-left']//li[@class='order-list confirm hash-link-parent active'])[1]//ul[@class='tabs custom-tabs']//li[5]//a' not found

2022-02-14 12:41:04 - [MESSAGE][INFO] - Unable to find the element located by 'By.xpath: (//div[@class='order-detail-left']//li[@class='order-list confirm hash-link-parent active'])[1]//ul[@class='tabs custom-tabs']//li[5]//a'. Please recheck the objects properties to make sure the desired element is located. 

2022-02-14 12:41:04 - [MESSAGE][WARNING] - [SELF-HEALING] Failed to find element with id 'Object Repository/DetailPop-up/InformationSection/Details'. Try using Self-healing.

2022-02-14 12:41:05 - [MESSAGE][INFO] - [SELF-HEALING] No working XPath is found.

2022-02-14 12:41:06 - [MESSAGE][INFO] - Unable to find the element located by 'By.xpath: '. Please recheck the objects properties to make sure the desired element is located. 

2022-02-14 12:41:06 - [MESSAGE][WARNING] - [SELF-HEALING] Cannot find elements when the selector is null

2022-02-14 12:41:06 - [MESSAGE][WARNING] - Web element with id: 'Object Repository/DetailPop-up/InformationSection/Details' located by '(//div[@class='order-detail-left']//li[@class='order-list confirm hash-link-parent active'])[1]//ul[@class='tabs custom-tabs']//li[5]//a' not found

2022-02-14 12:41:06 - [TEST_STEP][PASSED] - if (waitForElementVisible(findTestObject("Object Repository/DetailPop-up/InformationSection/Details", ["position":"1", "position2":"4"]), 15) == true): Taking screenshot successfully

2022-02-14 12:41:06 - [MESSAGE][PASSED] - Object 'Object Repository/DetailPop-up/InformationSection/Details' is visible

2022-02-14 12:41:06 - [TEST_STEP][PASSED] - click(findTestObject("Object Repository/DetailPop-up/InformationSection/Details", ["position":"1", "position2":"4"])): Object: 'Object Repository/DetailPop-up/InformationSection/Details' is clicked on

2022-02-14 12:41:09 - [MESSAGE][PASSED] - Object: 'Object Repository/DetailPop-up/InformationSection/Details' is clicked on

2022-02-14 12:41:09 - [TEST_STEP][PASSED] - delay(3): Delayed 3 second(s)

2022-02-14 12:41:12 - [MESSAGE][PASSED] - Delayed 3 second(s)

2022-02-14 12:41:12 - [TEST_STEP][PASSED] - takeScreenshot(): Taking screenshot successfully

2022-02-14 12:41:13 - [MESSAGE][PASSED] - Taking screenshot successfully
[[ATTACHMENT|/home/intersoft-admin/Rattan/Bash/Training/Rattan/Final_testing/New_ActivityOverview/Reports/20220214_115757/DetailPop-up-BothSideUrlBasedAndNormal/20220214_115804/1644822672954.png]]

2022-02-14 12:41:13 - [TEST_STEP][PASSED] - if (waitForElementClickable(findTestObject("Object Repository/DetailPop-up/ExpanSection/SubProductList-ClickOnExpandView", ["position":"1"]), 15)): Web element with id: 'Object Repository/DetailPop-up/ExpanSection/SubProductList-ClickOnExpandView' located by '(//div[@class='order-detail-left']//li[@class='order-list order-sub-list confirm hash-link-parent']//i[contains(text(),'expand_more')])[1]' not found

2022-02-14 12:41:29 - [MESSAGE][INFO] - Unable to find the element located by 'By.xpath: (//div[@class='order-detail-left']//li[@class='order-list order-sub-list confirm hash-link-parent']//i[contains(text(),'expand_more')])[1]'. Please recheck the objects properties to make sure the desired element is located. 

2022-02-14 12:41:29 - [MESSAGE][WARNING] - [SELF-HEALING] Failed to find element with id 'Object Repository/DetailPop-up/ExpanSection/SubProductList-ClickOnExpandView'. Try using Self-healing.

2022-02-14 12:41:30 - [MESSAGE][INFO] - [SELF-HEALING] No working XPath is found.

2022-02-14 12:41:31 - [MESSAGE][INFO] - Unable to find the element located by 'By.xpath: '. Please recheck the objects properties to make sure the desired element is located. 

2022-02-14 12:41:31 - [MESSAGE][WARNING] - [SELF-HEALING] Cannot find elements when the selector is null

2022-02-14 12:41:31 - [MESSAGE][WARNING] - Web element with id: 'Object Repository/DetailPop-up/ExpanSection/SubProductList-ClickOnExpandView' located by '(//div[@class='order-detail-left']//li[@class='order-list order-sub-list confirm hash-link-parent']//i[contains(text(),'expand_more')])[1]' not found

2022-02-14 12:41:31 - [TEST_STEP][PASSED] - callTestCase(findTestCase("Test Cases/StepToReUse/StepTOCopyURLAndAddAnotherTab"), [:], CONTINUE_ON_FAILURE): Call Test Case 'Test Cases/StepToReUse/StepTOCopyURLAndAddAnotherTab' successfully

2022-02-14 12:41:31 - [TEST_CASE][PASSED] - Test Cases/StepToReUse/StepTOCopyURLAndAddAnotherTab: Test Cases/StepToReUse/StepTOCopyURLAndAddAnotherTab

2022-02-14 12:41:31 - [TEST_STEP][PASSED] - click(findTestObject("Object Repository/Header/Preview/ClickOnPreviewIcon")): Object: 'Object Repository/Header/Preview/ClickOnPreviewIcon' is clicked on

2022-02-14 12:41:34 - [MESSAGE][PASSED] - Object: 'Object Repository/Header/Preview/ClickOnPreviewIcon' is clicked on

2022-02-14 12:41:34 - [TEST_STEP][PASSED] - delay(10): Delayed 10 second(s)

2022-02-14 12:41:44 - [MESSAGE][PASSED] - Delayed 10 second(s)

2022-02-14 12:41:44 - [TEST_STEP][PASSED] - takeScreenshot(): Taking screenshot successfully

2022-02-14 12:41:44 - [MESSAGE][PASSED] - Taking screenshot successfully
[[ATTACHMENT|/home/intersoft-admin/Rattan/Bash/Training/Rattan/Final_testing/New_ActivityOverview/Reports/20220214_115757/DetailPop-up-BothSideUrlBasedAndNormal/20220214_115804/1644822704390.png]]

2022-02-14 12:41:44 - [TEST_STEP][PASSED] - click(findTestObject("Object Repository/Header/Preview/PrintVoucher")): Object: 'Object Repository/Header/Preview/PrintVoucher' is clicked on

2022-02-14 12:41:47 - [MESSAGE][PASSED] - Object: 'Object Repository/Header/Preview/PrintVoucher' is clicked on

2022-02-14 12:41:47 - [TEST_STEP][PASSED] - delay(10): Delayed 10 second(s)

2022-02-14 12:41:57 - [MESSAGE][PASSED] - Delayed 10 second(s)

2022-02-14 12:41:57 - [TEST_STEP][PASSED] - takeScreenshot(): Taking screenshot successfully

2022-02-14 12:41:57 - [MESSAGE][PASSED] - Taking screenshot successfully
[[ATTACHMENT|/home/intersoft-admin/Rattan/Bash/Training/Rattan/Final_testing/New_ActivityOverview/Reports/20220214_115757/DetailPop-up-BothSideUrlBasedAndNormal/20220214_115804/1644822717671.png]]

2022-02-14 12:41:57 - [TEST_STEP][PASSED] - UrlToClick = findWebElement(findTestObject("Object Repository/Header/CopyUrl/CopyUrl")).getAttribute("data-href_url"): null

2022-02-14 12:41:57 - [TEST_STEP][PASSED] - println(UrlToClick): null

2022-02-14 12:41:57 - [TEST_STEP][PASSED] - ActivityUrl = UrlToClick: null

2022-02-14 12:41:57 - [TEST_STEP][PASSED] - switchToWindowIndex(1): Switched to window with index: '1'

2022-02-14 12:41:57 - [MESSAGE][PASSED] - Switched to window with index: '1'

2022-02-14 12:41:57 - [TEST_STEP][PASSED] - delay(5): Delayed 5 second(s)

2022-02-14 12:42:02 - [MESSAGE][PASSED] - Delayed 5 second(s)

2022-02-14 12:42:02 - [TEST_STEP][PASSED] - navigateToUrl(ActivityUrl): Navigate to 'https://activity.test-prio.com/orders/164440205807642' successfully

2022-02-14 12:42:07 - [MESSAGE][PASSED] - Navigate to 'https://activity.test-prio.com/orders/164440205807642' successfully

2022-02-14 12:42:07 - [TEST_STEP][PASSED] - takeScreenshot(): Taking screenshot successfully

2022-02-14 12:42:07 - [MESSAGE][PASSED] - Taking screenshot successfully
[[ATTACHMENT|/home/intersoft-admin/Rattan/Bash/Training/Rattan/Final_testing/New_ActivityOverview/Reports/20220214_115757/DetailPop-up-BothSideUrlBasedAndNormal/20220214_115804/1644822727752.png]]

2022-02-14 12:42:07 - [TEST_STEP][PASSED] - switchToDefaultContent(): null

2022-02-14 12:42:07 - [MESSAGE][PASSED] - Call Test Case 'Test Cases/StepToReUse/StepTOCopyURLAndAddAnotherTab' successfully

2022-02-14 12:42:07 - [TEST_STEP][PASSED] - callTestCase(findTestCase("Test Cases/NewActivityOverview-LeftNavigation/ActivityOverview-OpenDetailPop-up - CopiedURL"), [:], CONTINUE_ON_FAILURE): Call Test Case 'Test Cases/NewActivityOverview-LeftNavigation/ActivityOverview-OpenDetailPop-up - CopiedURL' successfully

2022-02-14 12:42:07 - [TEST_CASE][PASSED] - Test Cases/NewActivityOverview-LeftNavigation/ActivityOverview-OpenDetailPop-up - CopiedURL: Test Cases/NewActivityOverview-LeftNavigation/ActivityOverview-OpenDetailPop-up - CopiedURL

2022-02-14 12:42:07 - [TEST_STEP][PASSED] - switchToWindowIndex(1): Switched to window with index: '1'

2022-02-14 12:42:07 - [MESSAGE][PASSED] - Switched to window with index: '1'

2022-02-14 12:42:07 - [TEST_STEP][PASSED] - delay(5): Delayed 5 second(s)

2022-02-14 12:42:13 - [MESSAGE][PASSED] - Delayed 5 second(s)

2022-02-14 12:42:13 - [TEST_STEP][PASSED] - navigateToUrl(ActivityUrl): Navigate to 'https://activity.test-prio.com/orders/164440205807642' successfully

2022-02-14 12:42:17 - [MESSAGE][PASSED] - Navigate to 'https://activity.test-prio.com/orders/164440205807642' successfully

2022-02-14 12:42:17 - [TEST_STEP][PASSED] - takeScreenshot(): Taking screenshot successfully

2022-02-14 12:42:17 - [MESSAGE][PASSED] - Taking screenshot successfully
[[ATTACHMENT|/home/intersoft-admin/Rattan/Bash/Training/Rattan/Final_testing/New_ActivityOverview/Reports/20220214_115757/DetailPop-up-BothSideUrlBasedAndNormal/20220214_115804/1644822737727.png]]

2022-02-14 12:42:17 - [TEST_STEP][PASSED] - switchToDefaultContent(): null

2022-02-14 12:42:17 - [TEST_STEP][PASSED] - if (waitForElementPresent(findTestObject("Object Repository/DetailPop-up/ExpanSection/ProductInformationExpandedSection-Exist"), 10)): Object 'Object Repository/DetailPop-up/ExpanSection/ProductInformationExpandedSection-Exist' is not present after 10 second(s)

2022-02-14 12:42:28 - [MESSAGE][INFO] - Unable to find the element located by 'By.xpath: //div[@class='order-detail-left']//li[@class='order-list confirm hash-link-parent active']'. Please recheck the objects properties to make sure the desired element is located. 

2022-02-14 12:42:28 - [MESSAGE][WARNING] - [SELF-HEALING] Failed to find element with id 'Object Repository/DetailPop-up/ExpanSection/ProductInformationExpandedSection-Exist'. Try using Self-healing.

2022-02-14 12:42:29 - [MESSAGE][INFO] - [SELF-HEALING] No working XPath is found.

2022-02-14 12:42:31 - [MESSAGE][INFO] - Unable to find the element located by 'By.xpath: '. Please recheck the objects properties to make sure the desired element is located. 

2022-02-14 12:42:31 - [MESSAGE][WARNING] - [SELF-HEALING] Cannot find elements when the selector is null

2022-02-14 12:42:31 - [MESSAGE][WARNING] - Object 'Object Repository/DetailPop-up/ExpanSection/ProductInformationExpandedSection-Exist' is not present after 10 second(s)

2022-02-14 12:42:31 - [TEST_STEP][PASSED] - bookingsize = findWebElements(findTestObject("Object Repository/DetailPop-up/ExpanSection/ProductSectionLength"), 5).size(): null

2022-02-14 12:42:31 - [TEST_STEP][PASSED] - logInfo(Size of Bookings on Product detail Pop-up: $bookingsize): Size of Bookings on Product detail Pop-up: 1

2022-02-14 12:42:31 - [MESSAGE][INFO] - Size of Bookings on Product detail Pop-up: 1

2022-02-14 12:42:31 - [TEST_STEP][PASSED] - for ([looping = 1, looping <= bookingsize, (looping++)]): Taking screenshot successfully

2022-02-14 12:42:31 - [TEST_STEP][PASSED] - click(findTestObject("Object Repository/DetailPop-up/ExpanSection/ExpandProductSection", ["position":looping])): Object: 'Object Repository/DetailPop-up/ExpanSection/ExpandProductSection' is clicked on

2022-02-14 12:42:34 - [MESSAGE][PASSED] - Object: 'Object Repository/DetailPop-up/ExpanSection/ExpandProductSection' is clicked on

2022-02-14 12:42:34 - [TEST_STEP][PASSED] - delay(3): Delayed 3 second(s)

2022-02-14 12:42:37 - [MESSAGE][PASSED] - Delayed 3 second(s)

2022-02-14 12:42:37 - [TEST_STEP][PASSED] - takeScreenshot(): Taking screenshot successfully

2022-02-14 12:42:37 - [MESSAGE][PASSED] - Taking screenshot successfully
[[ATTACHMENT|/home/intersoft-admin/Rattan/Bash/Training/Rattan/Final_testing/New_ActivityOverview/Reports/20220214_115757/DetailPop-up-BothSideUrlBasedAndNormal/20220214_115804/1644822757831.png]]

2022-02-14 12:42:37 - [TEST_STEP][PASSED] - if (waitForElementVisible(findTestObject("Object Repository/DetailPop-up/InformationSection/Details", ["position":"1", "position2":"1"]), 15) == true): Taking screenshot successfully

2022-02-14 12:42:38 - [MESSAGE][PASSED] - Object 'Object Repository/DetailPop-up/InformationSection/Details' is visible

2022-02-14 12:42:38 - [TEST_STEP][PASSED] - click(findTestObject("Object Repository/DetailPop-up/InformationSection/Details", ["position":"1", "position2":"1"])): Object: 'Object Repository/DetailPop-up/InformationSection/Details' is clicked on

2022-02-14 12:42:41 - [MESSAGE][PASSED] - Object: 'Object Repository/DetailPop-up/InformationSection/Details' is clicked on

2022-02-14 12:42:41 - [TEST_STEP][PASSED] - delay(3): Delayed 3 second(s)

2022-02-14 12:42:44 - [MESSAGE][PASSED] - Delayed 3 second(s)

2022-02-14 12:42:44 - [TEST_STEP][PASSED] - takeScreenshot(): Taking screenshot successfully

2022-02-14 12:42:44 - [MESSAGE][PASSED] - Taking screenshot successfully
[[ATTACHMENT|/home/intersoft-admin/Rattan/Bash/Training/Rattan/Final_testing/New_ActivityOverview/Reports/20220214_115757/DetailPop-up-BothSideUrlBasedAndNormal/20220214_115804/1644822764787.png]]

2022-02-14 12:42:44 - [TEST_STEP][PASSED] - if (waitForElementVisible(findTestObject("Object Repository/DetailPop-up/InformationSection/Details", ["position":"1", "position2":"2"]), 15) == true): Taking screenshot successfully

2022-02-14 12:42:45 - [MESSAGE][PASSED] - Object 'Object Repository/DetailPop-up/InformationSection/Details' is visible

2022-02-14 12:42:45 - [TEST_STEP][PASSED] - click(findTestObject("Object Repository/DetailPop-up/InformationSection/Details", ["position":"1", "position2":"2"])): Object: 'Object Repository/DetailPop-up/InformationSection/Details' is clicked on

2022-02-14 12:42:48 - [MESSAGE][PASSED] - Object: 'Object Repository/DetailPop-up/InformationSection/Details' is clicked on

2022-02-14 12:42:48 - [TEST_STEP][PASSED] - delay(3): Delayed 3 second(s)

2022-02-14 12:42:51 - [MESSAGE][PASSED] - Delayed 3 second(s)

2022-02-14 12:42:51 - [TEST_STEP][PASSED] - takeScreenshot(): Taking screenshot successfully

2022-02-14 12:42:51 - [MESSAGE][PASSED] - Taking screenshot successfully
[[ATTACHMENT|/home/intersoft-admin/Rattan/Bash/Training/Rattan/Final_testing/New_ActivityOverview/Reports/20220214_115757/DetailPop-up-BothSideUrlBasedAndNormal/20220214_115804/1644822771757.png]]

2022-02-14 12:42:51 - [TEST_STEP][PASSED] - if (waitForElementVisible(findTestObject("Object Repository/DetailPop-up/InformationSection/Details", ["position":"1", "position2":"3"]), 15) == true): Object 'Object Repository/DetailPop-up/InformationSection/Details' is not visible after 15 second(s)

2022-02-14 12:43:07 - [MESSAGE][WARNING] - Object 'Object Repository/DetailPop-up/InformationSection/Details' is not visible after 15 second(s)

2022-02-14 12:43:07 - [TEST_STEP][PASSED] - if (waitForElementVisible(findTestObject("Object Repository/DetailPop-up/InformationSection/Details", ["position":"1", "position2":"5"]), 15) == true): Web element with id: 'Object Repository/DetailPop-up/InformationSection/Details' located by '(//div[@class='order-detail-left']//li[@class='order-list confirm hash-link-parent active'])[1]//ul[@class='tabs custom-tabs']//li[5]//a' not found

2022-02-14 12:43:23 - [MESSAGE][INFO] - Unable to find the element located by 'By.xpath: (//div[@class='order-detail-left']//li[@class='order-list confirm hash-link-parent active'])[1]//ul[@class='tabs custom-tabs']//li[5]//a'. Please recheck the objects properties to make sure the desired element is located. 

2022-02-14 12:43:23 - [MESSAGE][WARNING] - [SELF-HEALING] Failed to find element with id 'Object Repository/DetailPop-up/InformationSection/Details'. Try using Self-healing.

2022-02-14 12:43:24 - [MESSAGE][INFO] - [SELF-HEALING] No working XPath is found.

2022-02-14 12:43:25 - [MESSAGE][INFO] - Unable to find the element located by 'By.xpath: '. Please recheck the objects properties to make sure the desired element is located. 

2022-02-14 12:43:25 - [MESSAGE][WARNING] - [SELF-HEALING] Cannot find elements when the selector is null

2022-02-14 12:43:25 - [MESSAGE][WARNING] - Web element with id: 'Object Repository/DetailPop-up/InformationSection/Details' located by '(//div[@class='order-detail-left']//li[@class='order-list confirm hash-link-parent active'])[1]//ul[@class='tabs custom-tabs']//li[5]//a' not found

2022-02-14 12:43:25 - [TEST_STEP][PASSED] - if (waitForElementVisible(findTestObject("Object Repository/DetailPop-up/InformationSection/Details", ["position":"1", "position2":"4"]), 15) == true): Taking screenshot successfully

2022-02-14 12:43:25 - [MESSAGE][PASSED] - Object 'Object Repository/DetailPop-up/InformationSection/Details' is visible

2022-02-14 12:43:25 - [TEST_STEP][PASSED] - click(findTestObject("Object Repository/DetailPop-up/InformationSection/Details", ["position":"1", "position2":"4"])): Object: 'Object Repository/DetailPop-up/InformationSection/Details' is clicked on

2022-02-14 12:43:29 - [MESSAGE][PASSED] - Object: 'Object Repository/DetailPop-up/InformationSection/Details' is clicked on

2022-02-14 12:43:29 - [TEST_STEP][PASSED] - delay(3): Delayed 3 second(s)

2022-02-14 12:43:32 - [MESSAGE][PASSED] - Delayed 3 second(s)

2022-02-14 12:43:32 - [TEST_STEP][PASSED] - takeScreenshot(): Taking screenshot successfully

2022-02-14 12:43:32 - [MESSAGE][PASSED] - Taking screenshot successfully
[[ATTACHMENT|/home/intersoft-admin/Rattan/Bash/Training/Rattan/Final_testing/New_ActivityOverview/Reports/20220214_115757/DetailPop-up-BothSideUrlBasedAndNormal/20220214_115804/1644822812400.png]]

2022-02-14 12:43:32 - [TEST_STEP][PASSED] - if (waitForElementClickable(findTestObject("Object Repository/DetailPop-up/ExpanSection/SubProductList-ClickOnExpandView", ["position":"1"]), 15)): Web element with id: 'Object Repository/DetailPop-up/ExpanSection/SubProductList-ClickOnExpandView' located by '(//div[@class='order-detail-left']//li[@class='order-list order-sub-list confirm hash-link-parent']//i[contains(text(),'expand_more')])[1]' not found

2022-02-14 12:43:48 - [MESSAGE][INFO] - Unable to find the element located by 'By.xpath: (//div[@class='order-detail-left']//li[@class='order-list order-sub-list confirm hash-link-parent']//i[contains(text(),'expand_more')])[1]'. Please recheck the objects properties to make sure the desired element is located. 

2022-02-14 12:43:48 - [MESSAGE][WARNING] - [SELF-HEALING] Failed to find element with id 'Object Repository/DetailPop-up/ExpanSection/SubProductList-ClickOnExpandView'. Try using Self-healing.

2022-02-14 12:43:49 - [MESSAGE][INFO] - [SELF-HEALING] No working XPath is found.

2022-02-14 12:43:50 - [MESSAGE][INFO] - Unable to find the element located by 'By.xpath: '. Please recheck the objects properties to make sure the desired element is located. 

2022-02-14 12:43:50 - [MESSAGE][WARNING] - [SELF-HEALING] Cannot find elements when the selector is null

2022-02-14 12:43:50 - [MESSAGE][WARNING] - Web element with id: 'Object Repository/DetailPop-up/ExpanSection/SubProductList-ClickOnExpandView' located by '(//div[@class='order-detail-left']//li[@class='order-list order-sub-list confirm hash-link-parent']//i[contains(text(),'expand_more')])[1]' not found

2022-02-14 12:43:50 - [MESSAGE][PASSED] - Call Test Case 'Test Cases/NewActivityOverview-LeftNavigation/ActivityOverview-OpenDetailPop-up - CopiedURL' successfully

2022-02-14 12:43:50 - [TEST_STEP][PASSED] - switchToWindowIndex(0): Switched to window with index: '0'

2022-02-14 12:43:50 - [MESSAGE][PASSED] - Switched to window with index: '0'

2022-02-14 12:43:50 - [TEST_STEP][PASSED] - delay(13): Delayed 13 second(s)

2022-02-14 12:44:03 - [MESSAGE][PASSED] - Delayed 13 second(s)

2022-02-14 12:44:03 - [TEST_STEP][PASSED] - switchToFrame(findTestObject("Object Repository/Iframe/NewActivityOverviewIframe"), 5): null

2022-02-14 12:44:03 - [TEST_STEP][PASSED] - click(findTestObject("Object Repository/DetailPop-up/Backbutton/BackButtonToListing")): Object: 'Object Repository/DetailPop-up/Backbutton/BackButtonToListing' is clicked on

2022-02-14 12:44:07 - [MESSAGE][PASSED] - Object: 'Object Repository/DetailPop-up/Backbutton/BackButtonToListing' is clicked on

2022-02-14 12:44:07 - [TEST_STEP][PASSED] - delay(13): Delayed 13 second(s)

2022-02-14 12:44:20 - [MESSAGE][PASSED] - Delayed 13 second(s)

2022-02-14 12:44:20 - [TEST_STEP][PASSED] - if (l <= 5): null

2022-02-14 12:44:20 - [TEST_STEP][PASSED] - paginationvalue = l: null

2022-02-14 12:44:20 - [TEST_STEP][PASSED] - if (l > 5): null

2022-02-14 12:44:20 - [TEST_STEP][PASSED] - logInfo(Size of Pagination: $paginationvalue): Size of Pagination: 4

2022-02-14 12:44:20 - [MESSAGE][INFO] - Size of Pagination: 4

2022-02-14 12:44:20 - [TEST_STEP][PASSED] - click(findTestObject("Object Repository/PaginationCOunt/ClickOnPagination", ["pagination":paginationvalue])): Object: 'Object Repository/PaginationCOunt/ClickOnPagination' is clicked on

2022-02-14 12:44:23 - [MESSAGE][PASSED] - Object: 'Object Repository/PaginationCOunt/ClickOnPagination' is clicked on

2022-02-14 12:44:23 - [TEST_STEP][PASSED] - delay(20): Delayed 20 second(s)

2022-02-14 12:44:43 - [MESSAGE][PASSED] - Delayed 20 second(s)

2022-02-14 12:44:43 - [TEST_STEP][PASSED] - takeScreenshot(): Taking screenshot successfully

2022-02-14 12:44:43 - [MESSAGE][PASSED] - Taking screenshot successfully
[[ATTACHMENT|/home/intersoft-admin/Rattan/Bash/Training/Rattan/Final_testing/New_ActivityOverview/Reports/20220214_115757/DetailPop-up-BothSideUrlBasedAndNormal/20220214_115804/1644822883490.png]]

2022-02-14 12:44:43 - [TEST_STEP][PASSED] - RecordsinListing = findWebElements(findTestObject("Object Repository/ListingArea/RecordsInListing"), 5).size(): null

2022-02-14 12:44:43 - [TEST_STEP][PASSED] - logInfo(Size of Active Bookings: $RecordsinListing): Size of Active Bookings: 100

2022-02-14 12:44:43 - [MESSAGE][INFO] - Size of Active Bookings: 100

2022-02-14 12:44:43 - [TEST_STEP][PASSED] - for ([refund = 1, refund < RecordsinListing, (refund++)]): Delayed 13 second(s)

2022-02-14 12:44:43 - [TEST_STEP][PASSED] - if (refund == 1): null

2022-02-14 12:44:43 - [TEST_STEP][PASSED] - refund = RecordsinListing: null

2022-02-14 12:44:43 - [TEST_STEP][PASSED] - refundvalue = refund: null

2022-02-14 12:44:43 - [TEST_STEP][PASSED] - logInfo(Size of refund booking: $refund): Size of refund booking: 100

2022-02-14 12:44:43 - [MESSAGE][INFO] - Size of refund booking: 100

2022-02-14 12:44:43 - [TEST_STEP][PASSED] - scrollToElement(findTestObject("Object Repository/ListingArea/ClickondetailPOp-up", ["position":refund]), 15): Scroll to object 'Object Repository/ListingArea/ClickondetailPOp-up' successfully

2022-02-14 12:44:43 - [MESSAGE][PASSED] - Scroll to object 'Object Repository/ListingArea/ClickondetailPOp-up' successfully

2022-02-14 12:44:43 - [TEST_STEP][PASSED] - takeScreenshot(): Taking screenshot successfully

2022-02-14 12:44:43 - [MESSAGE][PASSED] - Taking screenshot successfully
[[ATTACHMENT|/home/intersoft-admin/Rattan/Bash/Training/Rattan/Final_testing/New_ActivityOverview/Reports/20220214_115757/DetailPop-up-BothSideUrlBasedAndNormal/20220214_115804/1644822883756.png]]

2022-02-14 12:44:43 - [TEST_STEP][PASSED] - orderId = findWebElement(findTestObject("Object Repository/GetOrderID/GetOrderID", ["position":refund])).getAttribute("data-order_id"): null

2022-02-14 12:44:43 - [TEST_STEP][PASSED] - orderId = orderId: null

2022-02-14 12:44:43 - [TEST_STEP][PASSED] - logInfo(Order ID: $orderId): Order ID: 164431448897728

2022-02-14 12:44:43 - [MESSAGE][INFO] - Order ID: 164431448897728

2022-02-14 12:44:43 - [TEST_STEP][PASSED] - click(findTestObject("Object Repository/GetOrderID/GetOrderID", ["position":refund])): Object: 'Object Repository/GetOrderID/GetOrderID' is clicked on

2022-02-14 12:44:47 - [MESSAGE][PASSED] - Object: 'Object Repository/GetOrderID/GetOrderID' is clicked on

2022-02-14 12:44:47 - [TEST_STEP][PASSED] - delay(20): Delayed 20 second(s)

2022-02-14 12:45:07 - [MESSAGE][PASSED] - Delayed 20 second(s)

2022-02-14 12:45:07 - [TEST_STEP][PASSED] - takeScreenshot(): Taking screenshot successfully

2022-02-14 12:45:07 - [MESSAGE][PASSED] - Taking screenshot successfully
[[ATTACHMENT|/home/intersoft-admin/Rattan/Bash/Training/Rattan/Final_testing/New_ActivityOverview/Reports/20220214_115757/DetailPop-up-BothSideUrlBasedAndNormal/20220214_115804/1644822907124.png]]

2022-02-14 12:45:07 - [TEST_STEP][PASSED] - if (waitForElementPresent(findTestObject("Object Repository/DetailPop-up/ExpanSection/ProductInformationExpandedSection-Exist"), 10)): Taking screenshot successfully

2022-02-14 12:45:07 - [MESSAGE][PASSED] - Object 'Object Repository/DetailPop-up/ExpanSection/ProductInformationExpandedSection-Exist' is present

2022-02-14 12:45:07 - [TEST_STEP][PASSED] - logInfo("Product Expanded Section Exist"): Product Expanded Section Exist

2022-02-14 12:45:07 - [MESSAGE][INFO] - Product Expanded Section Exist

2022-02-14 12:45:07 - [TEST_STEP][PASSED] - click(findTestObject("DetailPop-up/ExpanSection/ProductInformationExpandedSection -Exist- ClickOnExpandedView")): Object: 'Object Repository/DetailPop-up/ExpanSection/ProductInformationExpandedSection -Exist- ClickOnExpandedView' is clicked on

2022-02-14 12:45:10 - [MESSAGE][PASSED] - Object: 'Object Repository/DetailPop-up/ExpanSection/ProductInformationExpandedSection -Exist- ClickOnExpandedView' is clicked on

2022-02-14 12:45:10 - [TEST_STEP][PASSED] - delay(3): Delayed 3 second(s)

2022-02-14 12:45:13 - [MESSAGE][PASSED] - Delayed 3 second(s)

2022-02-14 12:45:13 - [TEST_STEP][PASSED] - takeScreenshot(): Taking screenshot successfully

2022-02-14 12:45:13 - [MESSAGE][PASSED] - Taking screenshot successfully
[[ATTACHMENT|/home/intersoft-admin/Rattan/Bash/Training/Rattan/Final_testing/New_ActivityOverview/Reports/20220214_115757/DetailPop-up-BothSideUrlBasedAndNormal/20220214_115804/1644822913478.png]]

2022-02-14 12:45:13 - [TEST_STEP][PASSED] - bookingsize = findWebElements(findTestObject("Object Repository/DetailPop-up/ExpanSection/ProductSectionLength"), 5).size(): null

2022-02-14 12:45:13 - [TEST_STEP][PASSED] - logInfo(Size of Bookings on Product detail Pop-up: $bookingsize): Size of Bookings on Product detail Pop-up: 1

2022-02-14 12:45:13 - [MESSAGE][INFO] - Size of Bookings on Product detail Pop-up: 1

2022-02-14 12:45:13 - [TEST_STEP][PASSED] - for ([looping = 1, looping <= bookingsize, (looping++)]): Taking screenshot successfully

2022-02-14 12:45:13 - [TEST_STEP][PASSED] - click(findTestObject("Object Repository/DetailPop-up/ExpanSection/ExpandProductSection", ["position":looping])): Object: 'Object Repository/DetailPop-up/ExpanSection/ExpandProductSection' is clicked on

2022-02-14 12:45:16 - [MESSAGE][PASSED] - Object: 'Object Repository/DetailPop-up/ExpanSection/ExpandProductSection' is clicked on

2022-02-14 12:45:16 - [TEST_STEP][PASSED] - delay(3): Delayed 3 second(s)

2022-02-14 12:45:19 - [MESSAGE][PASSED] - Delayed 3 second(s)

2022-02-14 12:45:19 - [TEST_STEP][PASSED] - takeScreenshot(): Taking screenshot successfully

2022-02-14 12:45:19 - [MESSAGE][PASSED] - Taking screenshot successfully
[[ATTACHMENT|/home/intersoft-admin/Rattan/Bash/Training/Rattan/Final_testing/New_ActivityOverview/Reports/20220214_115757/DetailPop-up-BothSideUrlBasedAndNormal/20220214_115804/1644822919811.png]]

2022-02-14 12:45:19 - [TEST_STEP][PASSED] - if (waitForElementVisible(findTestObject("Object Repository/DetailPop-up/InformationSection/Details", ["position":"1", "position2":"1"]), 15) == true): Taking screenshot successfully

2022-02-14 12:45:20 - [MESSAGE][PASSED] - Object 'Object Repository/DetailPop-up/InformationSection/Details' is visible

2022-02-14 12:45:20 - [TEST_STEP][PASSED] - click(findTestObject("Object Repository/DetailPop-up/InformationSection/Details", ["position":"1", "position2":"1"])): Object: 'Object Repository/DetailPop-up/InformationSection/Details' is clicked on

2022-02-14 12:45:23 - [MESSAGE][PASSED] - Object: 'Object Repository/DetailPop-up/InformationSection/Details' is clicked on

2022-02-14 12:45:23 - [TEST_STEP][PASSED] - delay(3): Delayed 3 second(s)

2022-02-14 12:45:26 - [MESSAGE][PASSED] - Delayed 3 second(s)

2022-02-14 12:45:26 - [TEST_STEP][PASSED] - takeScreenshot(): Taking screenshot successfully

2022-02-14 12:45:26 - [MESSAGE][PASSED] - Taking screenshot successfully
[[ATTACHMENT|/home/intersoft-admin/Rattan/Bash/Training/Rattan/Final_testing/New_ActivityOverview/Reports/20220214_115757/DetailPop-up-BothSideUrlBasedAndNormal/20220214_115804/1644822926245.png]]

2022-02-14 12:45:26 - [TEST_STEP][PASSED] - if (waitForElementVisible(findTestObject("Object Repository/DetailPop-up/InformationSection/Details", ["position":"1", "position2":"2"]), 15) == true): Taking screenshot successfully

2022-02-14 12:45:26 - [MESSAGE][PASSED] - Object 'Object Repository/DetailPop-up/InformationSection/Details' is visible

2022-02-14 12:45:26 - [TEST_STEP][PASSED] - click(findTestObject("Object Repository/DetailPop-up/InformationSection/Details", ["position":"1", "position2":"2"])): Object: 'Object Repository/DetailPop-up/InformationSection/Details' is clicked on

2022-02-14 12:45:29 - [MESSAGE][PASSED] - Object: 'Object Repository/DetailPop-up/InformationSection/Details' is clicked on

2022-02-14 12:45:29 - [TEST_STEP][PASSED] - delay(3): Delayed 3 second(s)

2022-02-14 12:45:32 - [MESSAGE][PASSED] - Delayed 3 second(s)

2022-02-14 12:45:32 - [TEST_STEP][PASSED] - takeScreenshot(): Taking screenshot successfully

2022-02-14 12:45:32 - [MESSAGE][PASSED] - Taking screenshot successfully
[[ATTACHMENT|/home/intersoft-admin/Rattan/Bash/Training/Rattan/Final_testing/New_ActivityOverview/Reports/20220214_115757/DetailPop-up-BothSideUrlBasedAndNormal/20220214_115804/1644822932609.png]]

2022-02-14 12:45:32 - [TEST_STEP][PASSED] - if (waitForElementVisible(findTestObject("Object Repository/DetailPop-up/InformationSection/Details", ["position":"1", "position2":"3"]), 15) == true): Object 'Object Repository/DetailPop-up/InformationSection/Details' is not visible after 15 second(s)

2022-02-14 12:45:48 - [MESSAGE][WARNING] - Object 'Object Repository/DetailPop-up/InformationSection/Details' is not visible after 15 second(s)

2022-02-14 12:45:48 - [TEST_STEP][PASSED] - if (waitForElementVisible(findTestObject("Object Repository/DetailPop-up/InformationSection/Details", ["position":"1", "position2":"5"]), 15) == true): Web element with id: 'Object Repository/DetailPop-up/InformationSection/Details' located by '(//div[@class='order-detail-left']//li[@class='order-list confirm hash-link-parent active'])[1]//ul[@class='tabs custom-tabs']//li[5]//a' not found

2022-02-14 12:46:04 - [MESSAGE][INFO] - Unable to find the element located by 'By.xpath: (//div[@class='order-detail-left']//li[@class='order-list confirm hash-link-parent active'])[1]//ul[@class='tabs custom-tabs']//li[5]//a'. Please recheck the objects properties to make sure the desired element is located. 

2022-02-14 12:46:04 - [MESSAGE][WARNING] - [SELF-HEALING] Failed to find element with id 'Object Repository/DetailPop-up/InformationSection/Details'. Try using Self-healing.

2022-02-14 12:46:05 - [MESSAGE][INFO] - [SELF-HEALING] No working XPath is found.

2022-02-14 12:46:06 - [MESSAGE][INFO] - Unable to find the element located by 'By.xpath: '. Please recheck the objects properties to make sure the desired element is located. 

2022-02-14 12:46:06 - [MESSAGE][WARNING] - [SELF-HEALING] Cannot find elements when the selector is null

2022-02-14 12:46:06 - [MESSAGE][WARNING] - Web element with id: 'Object Repository/DetailPop-up/InformationSection/Details' located by '(//div[@class='order-detail-left']//li[@class='order-list confirm hash-link-parent active'])[1]//ul[@class='tabs custom-tabs']//li[5]//a' not found

2022-02-14 12:46:06 - [TEST_STEP][PASSED] - if (waitForElementVisible(findTestObject("Object Repository/DetailPop-up/InformationSection/Details", ["position":"1", "position2":"4"]), 15) == true): Taking screenshot successfully

2022-02-14 12:46:06 - [MESSAGE][PASSED] - Object 'Object Repository/DetailPop-up/InformationSection/Details' is visible

2022-02-14 12:46:06 - [TEST_STEP][PASSED] - click(findTestObject("Object Repository/DetailPop-up/InformationSection/Details", ["position":"1", "position2":"4"])): Object: 'Object Repository/DetailPop-up/InformationSection/Details' is clicked on

2022-02-14 12:46:09 - [MESSAGE][PASSED] - Object: 'Object Repository/DetailPop-up/InformationSection/Details' is clicked on

2022-02-14 12:46:09 - [TEST_STEP][PASSED] - delay(3): Delayed 3 second(s)

2022-02-14 12:46:12 - [MESSAGE][PASSED] - Delayed 3 second(s)

2022-02-14 12:46:12 - [TEST_STEP][PASSED] - takeScreenshot(): Taking screenshot successfully

2022-02-14 12:46:12 - [MESSAGE][PASSED] - Taking screenshot successfully
[[ATTACHMENT|/home/intersoft-admin/Rattan/Bash/Training/Rattan/Final_testing/New_ActivityOverview/Reports/20220214_115757/DetailPop-up-BothSideUrlBasedAndNormal/20220214_115804/1644822972365.png]]

2022-02-14 12:46:12 - [TEST_STEP][PASSED] - if (waitForElementClickable(findTestObject("Object Repository/DetailPop-up/ExpanSection/SubProductList-ClickOnExpandView", ["position":"1"]), 15)): Web element with id: 'Object Repository/DetailPop-up/ExpanSection/SubProductList-ClickOnExpandView' located by '(//div[@class='order-detail-left']//li[@class='order-list order-sub-list confirm hash-link-parent']//i[contains(text(),'expand_more')])[1]' not found

2022-02-14 12:46:28 - [MESSAGE][INFO] - Unable to find the element located by 'By.xpath: (//div[@class='order-detail-left']//li[@class='order-list order-sub-list confirm hash-link-parent']//i[contains(text(),'expand_more')])[1]'. Please recheck the objects properties to make sure the desired element is located. 

2022-02-14 12:46:28 - [MESSAGE][WARNING] - [SELF-HEALING] Failed to find element with id 'Object Repository/DetailPop-up/ExpanSection/SubProductList-ClickOnExpandView'. Try using Self-healing.

2022-02-14 12:46:29 - [MESSAGE][INFO] - [SELF-HEALING] No working XPath is found.

2022-02-14 12:46:30 - [MESSAGE][INFO] - Unable to find the element located by 'By.xpath: '. Please recheck the objects properties to make sure the desired element is located. 

2022-02-14 12:46:30 - [MESSAGE][WARNING] - [SELF-HEALING] Cannot find elements when the selector is null

2022-02-14 12:46:30 - [MESSAGE][WARNING] - Web element with id: 'Object Repository/DetailPop-up/ExpanSection/SubProductList-ClickOnExpandView' located by '(//div[@class='order-detail-left']//li[@class='order-list order-sub-list confirm hash-link-parent']//i[contains(text(),'expand_more')])[1]' not found

2022-02-14 12:46:30 - [TEST_STEP][PASSED] - callTestCase(findTestCase("Test Cases/StepToReUse/StepTOCopyURLAndAddAnotherTab"), [:], CONTINUE_ON_FAILURE): Call Test Case 'Test Cases/StepToReUse/StepTOCopyURLAndAddAnotherTab' successfully

2022-02-14 12:46:30 - [TEST_CASE][PASSED] - Test Cases/StepToReUse/StepTOCopyURLAndAddAnotherTab: Test Cases/StepToReUse/StepTOCopyURLAndAddAnotherTab

2022-02-14 12:46:30 - [TEST_STEP][PASSED] - click(findTestObject("Object Repository/Header/Preview/ClickOnPreviewIcon")): Object: 'Object Repository/Header/Preview/ClickOnPreviewIcon' is clicked on

2022-02-14 12:46:33 - [MESSAGE][PASSED] - Object: 'Object Repository/Header/Preview/ClickOnPreviewIcon' is clicked on

2022-02-14 12:46:33 - [TEST_STEP][PASSED] - delay(10): Delayed 10 second(s)

2022-02-14 12:46:43 - [MESSAGE][PASSED] - Delayed 10 second(s)

2022-02-14 12:46:43 - [TEST_STEP][PASSED] - takeScreenshot(): Taking screenshot successfully

2022-02-14 12:46:43 - [MESSAGE][PASSED] - Taking screenshot successfully
[[ATTACHMENT|/home/intersoft-admin/Rattan/Bash/Training/Rattan/Final_testing/New_ActivityOverview/Reports/20220214_115757/DetailPop-up-BothSideUrlBasedAndNormal/20220214_115804/1644823003777.png]]

2022-02-14 12:46:43 - [TEST_STEP][PASSED] - click(findTestObject("Object Repository/Header/Preview/PrintVoucher")): Object: 'Object Repository/Header/Preview/PrintVoucher' is clicked on

2022-02-14 12:46:47 - [MESSAGE][PASSED] - Object: 'Object Repository/Header/Preview/PrintVoucher' is clicked on

2022-02-14 12:46:47 - [TEST_STEP][PASSED] - delay(10): Delayed 10 second(s)

2022-02-14 12:46:57 - [MESSAGE][PASSED] - Delayed 10 second(s)

2022-02-14 12:46:57 - [TEST_STEP][PASSED] - takeScreenshot(): Taking screenshot successfully

2022-02-14 12:46:57 - [MESSAGE][PASSED] - Taking screenshot successfully
[[ATTACHMENT|/home/intersoft-admin/Rattan/Bash/Training/Rattan/Final_testing/New_ActivityOverview/Reports/20220214_115757/DetailPop-up-BothSideUrlBasedAndNormal/20220214_115804/1644823017046.png]]

2022-02-14 12:46:57 - [TEST_STEP][PASSED] - UrlToClick = findWebElement(findTestObject("Object Repository/Header/CopyUrl/CopyUrl")).getAttribute("data-href_url"): null

2022-02-14 12:46:57 - [TEST_STEP][PASSED] - println(UrlToClick): null

2022-02-14 12:46:57 - [TEST_STEP][PASSED] - ActivityUrl = UrlToClick: null

2022-02-14 12:46:57 - [TEST_STEP][PASSED] - switchToWindowIndex(1): Switched to window with index: '1'

2022-02-14 12:46:57 - [MESSAGE][PASSED] - Switched to window with index: '1'

2022-02-14 12:46:57 - [TEST_STEP][PASSED] - delay(5): Delayed 5 second(s)

2022-02-14 12:47:02 - [MESSAGE][PASSED] - Delayed 5 second(s)

2022-02-14 12:47:02 - [TEST_STEP][PASSED] - navigateToUrl(ActivityUrl): Navigate to 'https://activity.test-prio.com/orders/164431448897728' successfully

2022-02-14 12:47:06 - [MESSAGE][PASSED] - Navigate to 'https://activity.test-prio.com/orders/164431448897728' successfully

2022-02-14 12:47:06 - [TEST_STEP][PASSED] - takeScreenshot(): Taking screenshot successfully

2022-02-14 12:47:07 - [MESSAGE][PASSED] - Taking screenshot successfully
[[ATTACHMENT|/home/intersoft-admin/Rattan/Bash/Training/Rattan/Final_testing/New_ActivityOverview/Reports/20220214_115757/DetailPop-up-BothSideUrlBasedAndNormal/20220214_115804/1644823026949.png]]

2022-02-14 12:47:07 - [TEST_STEP][PASSED] - switchToDefaultContent(): null

2022-02-14 12:47:07 - [MESSAGE][PASSED] - Call Test Case 'Test Cases/StepToReUse/StepTOCopyURLAndAddAnotherTab' successfully

2022-02-14 12:47:07 - [TEST_STEP][PASSED] - callTestCase(findTestCase("Test Cases/NewActivityOverview-LeftNavigation/ActivityOverview-OpenDetailPop-up - CopiedURL"), [:], CONTINUE_ON_FAILURE): Call Test Case 'Test Cases/NewActivityOverview-LeftNavigation/ActivityOverview-OpenDetailPop-up - CopiedURL' successfully

2022-02-14 12:47:07 - [TEST_CASE][PASSED] - Test Cases/NewActivityOverview-LeftNavigation/ActivityOverview-OpenDetailPop-up - CopiedURL: Test Cases/NewActivityOverview-LeftNavigation/ActivityOverview-OpenDetailPop-up - CopiedURL

2022-02-14 12:47:07 - [TEST_STEP][PASSED] - switchToWindowIndex(1): Switched to window with index: '1'

2022-02-14 12:47:07 - [MESSAGE][PASSED] - Switched to window with index: '1'

2022-02-14 12:47:07 - [TEST_STEP][PASSED] - delay(5): Delayed 5 second(s)

2022-02-14 12:47:12 - [MESSAGE][PASSED] - Delayed 5 second(s)

2022-02-14 12:47:12 - [TEST_STEP][PASSED] - navigateToUrl(ActivityUrl): Navigate to 'https://activity.test-prio.com/orders/164431448897728' successfully

2022-02-14 12:47:16 - [MESSAGE][PASSED] - Navigate to 'https://activity.test-prio.com/orders/164431448897728' successfully

2022-02-14 12:47:16 - [TEST_STEP][PASSED] - takeScreenshot(): Taking screenshot successfully

2022-02-14 12:47:17 - [MESSAGE][PASSED] - Taking screenshot successfully
[[ATTACHMENT|/home/intersoft-admin/Rattan/Bash/Training/Rattan/Final_testing/New_ActivityOverview/Reports/20220214_115757/DetailPop-up-BothSideUrlBasedAndNormal/20220214_115804/1644823036964.png]]

2022-02-14 12:47:17 - [TEST_STEP][PASSED] - switchToDefaultContent(): null

2022-02-14 12:47:17 - [TEST_STEP][PASSED] - if (waitForElementPresent(findTestObject("Object Repository/DetailPop-up/ExpanSection/ProductInformationExpandedSection-Exist"), 10)): Object 'Object Repository/DetailPop-up/ExpanSection/ProductInformationExpandedSection-Exist' is not present after 10 second(s)

2022-02-14 12:47:28 - [MESSAGE][INFO] - Unable to find the element located by 'By.xpath: //div[@class='order-detail-left']//li[@class='order-list confirm hash-link-parent active']'. Please recheck the objects properties to make sure the desired element is located. 

2022-02-14 12:47:28 - [MESSAGE][WARNING] - [SELF-HEALING] Failed to find element with id 'Object Repository/DetailPop-up/ExpanSection/ProductInformationExpandedSection-Exist'. Try using Self-healing.

2022-02-14 12:47:29 - [MESSAGE][INFO] - [SELF-HEALING] No working XPath is found.

2022-02-14 12:47:30 - [MESSAGE][INFO] - Unable to find the element located by 'By.xpath: '. Please recheck the objects properties to make sure the desired element is located. 

2022-02-14 12:47:30 - [MESSAGE][WARNING] - [SELF-HEALING] Cannot find elements when the selector is null

2022-02-14 12:47:30 - [MESSAGE][WARNING] - Object 'Object Repository/DetailPop-up/ExpanSection/ProductInformationExpandedSection-Exist' is not present after 10 second(s)

2022-02-14 12:47:30 - [TEST_STEP][PASSED] - bookingsize = findWebElements(findTestObject("Object Repository/DetailPop-up/ExpanSection/ProductSectionLength"), 5).size(): null

2022-02-14 12:47:30 - [TEST_STEP][PASSED] - logInfo(Size of Bookings on Product detail Pop-up: $bookingsize): Size of Bookings on Product detail Pop-up: 1

2022-02-14 12:47:30 - [MESSAGE][INFO] - Size of Bookings on Product detail Pop-up: 1

2022-02-14 12:47:30 - [TEST_STEP][PASSED] - for ([looping = 1, looping <= bookingsize, (looping++)]): Taking screenshot successfully

2022-02-14 12:47:30 - [TEST_STEP][PASSED] - click(findTestObject("Object Repository/DetailPop-up/ExpanSection/ExpandProductSection", ["position":looping])): Object: 'Object Repository/DetailPop-up/ExpanSection/ExpandProductSection' is clicked on

2022-02-14 12:47:33 - [MESSAGE][PASSED] - Object: 'Object Repository/DetailPop-up/ExpanSection/ExpandProductSection' is clicked on

2022-02-14 12:47:33 - [TEST_STEP][PASSED] - delay(3): Delayed 3 second(s)

2022-02-14 12:47:36 - [MESSAGE][PASSED] - Delayed 3 second(s)

2022-02-14 12:47:36 - [TEST_STEP][PASSED] - takeScreenshot(): Taking screenshot successfully

2022-02-14 12:47:37 - [MESSAGE][PASSED] - Taking screenshot successfully
[[ATTACHMENT|/home/intersoft-admin/Rattan/Bash/Training/Rattan/Final_testing/New_ActivityOverview/Reports/20220214_115757/DetailPop-up-BothSideUrlBasedAndNormal/20220214_115804/1644823057131.png]]

2022-02-14 12:47:37 - [TEST_STEP][PASSED] - if (waitForElementVisible(findTestObject("Object Repository/DetailPop-up/InformationSection/Details", ["position":"1", "position2":"1"]), 15) == true): Taking screenshot successfully

2022-02-14 12:47:37 - [MESSAGE][PASSED] - Object 'Object Repository/DetailPop-up/InformationSection/Details' is visible

2022-02-14 12:47:37 - [TEST_STEP][PASSED] - click(findTestObject("Object Repository/DetailPop-up/InformationSection/Details", ["position":"1", "position2":"1"])): Object: 'Object Repository/DetailPop-up/InformationSection/Details' is clicked on

2022-02-14 12:47:40 - [MESSAGE][PASSED] - Object: 'Object Repository/DetailPop-up/InformationSection/Details' is clicked on

2022-02-14 12:47:40 - [TEST_STEP][PASSED] - delay(3): Delayed 3 second(s)

2022-02-14 12:47:43 - [MESSAGE][PASSED] - Delayed 3 second(s)

2022-02-14 12:47:43 - [TEST_STEP][PASSED] - takeScreenshot(): Taking screenshot successfully

2022-02-14 12:47:44 - [MESSAGE][PASSED] - Taking screenshot successfully
[[ATTACHMENT|/home/intersoft-admin/Rattan/Bash/Training/Rattan/Final_testing/New_ActivityOverview/Reports/20220214_115757/DetailPop-up-BothSideUrlBasedAndNormal/20220214_115804/1644823064116.png]]

2022-02-14 12:47:44 - [TEST_STEP][PASSED] - if (waitForElementVisible(findTestObject("Object Repository/DetailPop-up/InformationSection/Details", ["position":"1", "position2":"2"]), 15) == true): Taking screenshot successfully

2022-02-14 12:47:44 - [MESSAGE][PASSED] - Object 'Object Repository/DetailPop-up/InformationSection/Details' is visible

2022-02-14 12:47:44 - [TEST_STEP][PASSED] - click(findTestObject("Object Repository/DetailPop-up/InformationSection/Details", ["position":"1", "position2":"2"])): Object: 'Object Repository/DetailPop-up/InformationSection/Details' is clicked on

2022-02-14 12:47:47 - [MESSAGE][PASSED] - Object: 'Object Repository/DetailPop-up/InformationSection/Details' is clicked on

2022-02-14 12:47:47 - [TEST_STEP][PASSED] - delay(3): Delayed 3 second(s)

2022-02-14 12:47:50 - [MESSAGE][PASSED] - Delayed 3 second(s)

2022-02-14 12:47:50 - [TEST_STEP][PASSED] - takeScreenshot(): Taking screenshot successfully

2022-02-14 12:47:51 - [MESSAGE][PASSED] - Taking screenshot successfully
[[ATTACHMENT|/home/intersoft-admin/Rattan/Bash/Training/Rattan/Final_testing/New_ActivityOverview/Reports/20220214_115757/DetailPop-up-BothSideUrlBasedAndNormal/20220214_115804/1644823071121.png]]

2022-02-14 12:47:51 - [TEST_STEP][PASSED] - if (waitForElementVisible(findTestObject("Object Repository/DetailPop-up/InformationSection/Details", ["position":"1", "position2":"3"]), 15) == true): Object 'Object Repository/DetailPop-up/InformationSection/Details' is not visible after 15 second(s)

2022-02-14 12:48:06 - [MESSAGE][WARNING] - Object 'Object Repository/DetailPop-up/InformationSection/Details' is not visible after 15 second(s)

2022-02-14 12:48:06 - [TEST_STEP][PASSED] - if (waitForElementVisible(findTestObject("Object Repository/DetailPop-up/InformationSection/Details", ["position":"1", "position2":"5"]), 15) == true): Web element with id: 'Object Repository/DetailPop-up/InformationSection/Details' located by '(//div[@class='order-detail-left']//li[@class='order-list confirm hash-link-parent active'])[1]//ul[@class='tabs custom-tabs']//li[5]//a' not found

2022-02-14 12:48:22 - [MESSAGE][INFO] - Unable to find the element located by 'By.xpath: (//div[@class='order-detail-left']//li[@class='order-list confirm hash-link-parent active'])[1]//ul[@class='tabs custom-tabs']//li[5]//a'. Please recheck the objects properties to make sure the desired element is located. 

2022-02-14 12:48:22 - [MESSAGE][WARNING] - [SELF-HEALING] Failed to find element with id 'Object Repository/DetailPop-up/InformationSection/Details'. Try using Self-healing.

2022-02-14 12:48:23 - [MESSAGE][INFO] - [SELF-HEALING] No working XPath is found.

2022-02-14 12:48:24 - [MESSAGE][INFO] - Unable to find the element located by 'By.xpath: '. Please recheck the objects properties to make sure the desired element is located. 

2022-02-14 12:48:24 - [MESSAGE][WARNING] - [SELF-HEALING] Cannot find elements when the selector is null

2022-02-14 12:48:24 - [MESSAGE][WARNING] - Web element with id: 'Object Repository/DetailPop-up/InformationSection/Details' located by '(//div[@class='order-detail-left']//li[@class='order-list confirm hash-link-parent active'])[1]//ul[@class='tabs custom-tabs']//li[5]//a' not found

2022-02-14 12:48:24 - [TEST_STEP][PASSED] - if (waitForElementVisible(findTestObject("Object Repository/DetailPop-up/InformationSection/Details", ["position":"1", "position2":"4"]), 15) == true): Taking screenshot successfully

2022-02-14 12:48:25 - [MESSAGE][PASSED] - Object 'Object Repository/DetailPop-up/InformationSection/Details' is visible

2022-02-14 12:48:25 - [TEST_STEP][PASSED] - click(findTestObject("Object Repository/DetailPop-up/InformationSection/Details", ["position":"1", "position2":"4"])): Object: 'Object Repository/DetailPop-up/InformationSection/Details' is clicked on

2022-02-14 12:48:28 - [MESSAGE][PASSED] - Object: 'Object Repository/DetailPop-up/InformationSection/Details' is clicked on

2022-02-14 12:48:28 - [TEST_STEP][PASSED] - delay(3): Delayed 3 second(s)

2022-02-14 12:48:31 - [MESSAGE][PASSED] - Delayed 3 second(s)

2022-02-14 12:48:31 - [TEST_STEP][PASSED] - takeScreenshot(): Taking screenshot successfully

2022-02-14 12:48:31 - [MESSAGE][PASSED] - Taking screenshot successfully
[[ATTACHMENT|/home/intersoft-admin/Rattan/Bash/Training/Rattan/Final_testing/New_ActivityOverview/Reports/20220214_115757/DetailPop-up-BothSideUrlBasedAndNormal/20220214_115804/1644823111806.png]]

2022-02-14 12:48:31 - [TEST_STEP][PASSED] - if (waitForElementClickable(findTestObject("Object Repository/DetailPop-up/ExpanSection/SubProductList-ClickOnExpandView", ["position":"1"]), 15)): Web element with id: 'Object Repository/DetailPop-up/ExpanSection/SubProductList-ClickOnExpandView' located by '(//div[@class='order-detail-left']//li[@class='order-list order-sub-list confirm hash-link-parent']//i[contains(text(),'expand_more')])[1]' not found

2022-02-14 12:48:48 - [MESSAGE][INFO] - Unable to find the element located by 'By.xpath: (//div[@class='order-detail-left']//li[@class='order-list order-sub-list confirm hash-link-parent']//i[contains(text(),'expand_more')])[1]'. Please recheck the objects properties to make sure the desired element is located. 

2022-02-14 12:48:48 - [MESSAGE][WARNING] - [SELF-HEALING] Failed to find element with id 'Object Repository/DetailPop-up/ExpanSection/SubProductList-ClickOnExpandView'. Try using Self-healing.

2022-02-14 12:48:49 - [MESSAGE][INFO] - [SELF-HEALING] No working XPath is found.

2022-02-14 12:48:50 - [MESSAGE][INFO] - Unable to find the element located by 'By.xpath: '. Please recheck the objects properties to make sure the desired element is located. 

2022-02-14 12:48:50 - [MESSAGE][WARNING] - [SELF-HEALING] Cannot find elements when the selector is null

2022-02-14 12:48:50 - [MESSAGE][WARNING] - Web element with id: 'Object Repository/DetailPop-up/ExpanSection/SubProductList-ClickOnExpandView' located by '(//div[@class='order-detail-left']//li[@class='order-list order-sub-list confirm hash-link-parent']//i[contains(text(),'expand_more')])[1]' not found

2022-02-14 12:48:50 - [MESSAGE][PASSED] - Call Test Case 'Test Cases/NewActivityOverview-LeftNavigation/ActivityOverview-OpenDetailPop-up - CopiedURL' successfully

2022-02-14 12:48:50 - [TEST_STEP][PASSED] - switchToWindowIndex(0): Switched to window with index: '0'

2022-02-14 12:48:50 - [MESSAGE][PASSED] - Switched to window with index: '0'

2022-02-14 12:48:50 - [TEST_STEP][PASSED] - delay(13): Delayed 13 second(s)

2022-02-14 12:49:03 - [MESSAGE][PASSED] - Delayed 13 second(s)

2022-02-14 12:49:03 - [TEST_STEP][PASSED] - switchToFrame(findTestObject("Object Repository/Iframe/NewActivityOverviewIframe"), 5): null

2022-02-14 12:49:03 - [TEST_STEP][PASSED] - click(findTestObject("Object Repository/DetailPop-up/Backbutton/BackButtonToListing")): Object: 'Object Repository/DetailPop-up/Backbutton/BackButtonToListing' is clicked on

2022-02-14 12:49:06 - [MESSAGE][PASSED] - Object: 'Object Repository/DetailPop-up/Backbutton/BackButtonToListing' is clicked on

2022-02-14 12:49:06 - [TEST_STEP][PASSED] - delay(13): Delayed 13 second(s)

2022-02-14 12:49:19 - [MESSAGE][PASSED] - Delayed 13 second(s)

2022-02-14 12:49:19 - [TEST_STEP][PASSED] - if (l <= 5): null

2022-02-14 12:49:19 - [TEST_STEP][PASSED] - paginationvalue = l: null

2022-02-14 12:49:19 - [TEST_STEP][PASSED] - if (l > 5): null

2022-02-14 12:49:19 - [TEST_STEP][PASSED] - logInfo(Size of Pagination: $paginationvalue): Size of Pagination: 5

2022-02-14 12:49:19 - [MESSAGE][INFO] - Size of Pagination: 5

2022-02-14 12:49:19 - [TEST_STEP][PASSED] - click(findTestObject("Object Repository/PaginationCOunt/ClickOnPagination", ["pagination":paginationvalue])): Object: 'Object Repository/PaginationCOunt/ClickOnPagination' is clicked on

2022-02-14 12:49:22 - [MESSAGE][PASSED] - Object: 'Object Repository/PaginationCOunt/ClickOnPagination' is clicked on

2022-02-14 12:49:22 - [TEST_STEP][PASSED] - delay(20): Delayed 20 second(s)

2022-02-14 12:49:42 - [MESSAGE][PASSED] - Delayed 20 second(s)

2022-02-14 12:49:42 - [TEST_STEP][PASSED] - takeScreenshot(): Taking screenshot successfully

2022-02-14 12:49:43 - [MESSAGE][PASSED] - Taking screenshot successfully
[[ATTACHMENT|/home/intersoft-admin/Rattan/Bash/Training/Rattan/Final_testing/New_ActivityOverview/Reports/20220214_115757/DetailPop-up-BothSideUrlBasedAndNormal/20220214_115804/1644823182912.png]]

2022-02-14 12:49:43 - [TEST_STEP][PASSED] - RecordsinListing = findWebElements(findTestObject("Object Repository/ListingArea/RecordsInListing"), 5).size(): null

2022-02-14 12:49:43 - [TEST_STEP][PASSED] - logInfo(Size of Active Bookings: $RecordsinListing): Size of Active Bookings: 100

2022-02-14 12:49:43 - [MESSAGE][INFO] - Size of Active Bookings: 100

2022-02-14 12:49:43 - [TEST_STEP][PASSED] - for ([refund = 1, refund < RecordsinListing, (refund++)]): Delayed 13 second(s)

2022-02-14 12:49:43 - [TEST_STEP][PASSED] - if (refund == 1): null

2022-02-14 12:49:43 - [TEST_STEP][PASSED] - refund = RecordsinListing: null

2022-02-14 12:49:43 - [TEST_STEP][PASSED] - refundvalue = refund: null

2022-02-14 12:49:43 - [TEST_STEP][PASSED] - logInfo(Size of refund booking: $refund): Size of refund booking: 100

2022-02-14 12:49:43 - [MESSAGE][INFO] - Size of refund booking: 100

2022-02-14 12:49:43 - [TEST_STEP][PASSED] - scrollToElement(findTestObject("Object Repository/ListingArea/ClickondetailPOp-up", ["position":refund]), 15): Scroll to object 'Object Repository/ListingArea/ClickondetailPOp-up' successfully

2022-02-14 12:49:43 - [MESSAGE][PASSED] - Scroll to object 'Object Repository/ListingArea/ClickondetailPOp-up' successfully

2022-02-14 12:49:43 - [TEST_STEP][PASSED] - takeScreenshot(): Taking screenshot successfully

2022-02-14 12:49:43 - [MESSAGE][PASSED] - Taking screenshot successfully
[[ATTACHMENT|/home/intersoft-admin/Rattan/Bash/Training/Rattan/Final_testing/New_ActivityOverview/Reports/20220214_115757/DetailPop-up-BothSideUrlBasedAndNormal/20220214_115804/1644823183207.png]]

2022-02-14 12:49:43 - [TEST_STEP][PASSED] - orderId = findWebElement(findTestObject("Object Repository/GetOrderID/GetOrderID", ["position":refund])).getAttribute("data-order_id"): null

2022-02-14 12:49:43 - [TEST_STEP][PASSED] - orderId = orderId: null

2022-02-14 12:49:43 - [TEST_STEP][PASSED] - logInfo(Order ID: $orderId): Order ID: 164422085052951

2022-02-14 12:49:43 - [MESSAGE][INFO] - Order ID: 164422085052951

2022-02-14 12:49:43 - [TEST_STEP][PASSED] - click(findTestObject("Object Repository/GetOrderID/GetOrderID", ["position":refund])): Object: 'Object Repository/GetOrderID/GetOrderID' is clicked on

2022-02-14 12:49:46 - [MESSAGE][PASSED] - Object: 'Object Repository/GetOrderID/GetOrderID' is clicked on

2022-02-14 12:49:46 - [TEST_STEP][PASSED] - delay(20): Delayed 20 second(s)

2022-02-14 12:50:06 - [MESSAGE][PASSED] - Delayed 20 second(s)

2022-02-14 12:50:06 - [TEST_STEP][PASSED] - takeScreenshot(): Taking screenshot successfully

2022-02-14 12:50:06 - [MESSAGE][PASSED] - Taking screenshot successfully
[[ATTACHMENT|/home/intersoft-admin/Rattan/Bash/Training/Rattan/Final_testing/New_ActivityOverview/Reports/20220214_115757/DetailPop-up-BothSideUrlBasedAndNormal/20220214_115804/1644823206545.png]]

2022-02-14 12:50:06 - [TEST_STEP][PASSED] - if (waitForElementPresent(findTestObject("Object Repository/DetailPop-up/ExpanSection/ProductInformationExpandedSection-Exist"), 10)): Taking screenshot successfully

2022-02-14 12:50:06 - [MESSAGE][PASSED] - Object 'Object Repository/DetailPop-up/ExpanSection/ProductInformationExpandedSection-Exist' is present

2022-02-14 12:50:06 - [TEST_STEP][PASSED] - logInfo("Product Expanded Section Exist"): Product Expanded Section Exist

2022-02-14 12:50:06 - [MESSAGE][INFO] - Product Expanded Section Exist

2022-02-14 12:50:06 - [TEST_STEP][PASSED] - click(findTestObject("DetailPop-up/ExpanSection/ProductInformationExpandedSection -Exist- ClickOnExpandedView")): Object: 'Object Repository/DetailPop-up/ExpanSection/ProductInformationExpandedSection -Exist- ClickOnExpandedView' is clicked on

2022-02-14 12:50:09 - [MESSAGE][PASSED] - Object: 'Object Repository/DetailPop-up/ExpanSection/ProductInformationExpandedSection -Exist- ClickOnExpandedView' is clicked on

2022-02-14 12:50:09 - [TEST_STEP][PASSED] - delay(3): Delayed 3 second(s)

2022-02-14 12:50:12 - [MESSAGE][PASSED] - Delayed 3 second(s)

2022-02-14 12:50:12 - [TEST_STEP][PASSED] - takeScreenshot(): Taking screenshot successfully

2022-02-14 12:50:13 - [MESSAGE][PASSED] - Taking screenshot successfully
[[ATTACHMENT|/home/intersoft-admin/Rattan/Bash/Training/Rattan/Final_testing/New_ActivityOverview/Reports/20220214_115757/DetailPop-up-BothSideUrlBasedAndNormal/20220214_115804/1644823212925.png]]

2022-02-14 12:50:13 - [TEST_STEP][PASSED] - bookingsize = findWebElements(findTestObject("Object Repository/DetailPop-up/ExpanSection/ProductSectionLength"), 5).size(): null

2022-02-14 12:50:13 - [TEST_STEP][PASSED] - logInfo(Size of Bookings on Product detail Pop-up: $bookingsize): Size of Bookings on Product detail Pop-up: 1

2022-02-14 12:50:13 - [MESSAGE][INFO] - Size of Bookings on Product detail Pop-up: 1

2022-02-14 12:50:13 - [TEST_STEP][PASSED] - for ([looping = 1, looping <= bookingsize, (looping++)]): Taking screenshot successfully

2022-02-14 12:50:13 - [TEST_STEP][PASSED] - click(findTestObject("Object Repository/DetailPop-up/ExpanSection/ExpandProductSection", ["position":looping])): Object: 'Object Repository/DetailPop-up/ExpanSection/ExpandProductSection' is clicked on

2022-02-14 12:50:16 - [MESSAGE][PASSED] - Object: 'Object Repository/DetailPop-up/ExpanSection/ExpandProductSection' is clicked on

2022-02-14 12:50:16 - [TEST_STEP][PASSED] - delay(3): Delayed 3 second(s)

2022-02-14 12:50:19 - [MESSAGE][PASSED] - Delayed 3 second(s)

2022-02-14 12:50:19 - [TEST_STEP][PASSED] - takeScreenshot(): Taking screenshot successfully

2022-02-14 12:50:19 - [MESSAGE][PASSED] - Taking screenshot successfully
[[ATTACHMENT|/home/intersoft-admin/Rattan/Bash/Training/Rattan/Final_testing/New_ActivityOverview/Reports/20220214_115757/DetailPop-up-BothSideUrlBasedAndNormal/20220214_115804/1644823219235.png]]

2022-02-14 12:50:19 - [TEST_STEP][PASSED] - if (waitForElementVisible(findTestObject("Object Repository/DetailPop-up/InformationSection/Details", ["position":"1", "position2":"1"]), 15) == true): Taking screenshot successfully

2022-02-14 12:50:19 - [MESSAGE][PASSED] - Object 'Object Repository/DetailPop-up/InformationSection/Details' is visible

2022-02-14 12:50:19 - [TEST_STEP][PASSED] - click(findTestObject("Object Repository/DetailPop-up/InformationSection/Details", ["position":"1", "position2":"1"])): Object: 'Object Repository/DetailPop-up/InformationSection/Details' is clicked on

2022-02-14 12:50:22 - [MESSAGE][PASSED] - Object: 'Object Repository/DetailPop-up/InformationSection/Details' is clicked on

2022-02-14 12:50:22 - [TEST_STEP][PASSED] - delay(3): Delayed 3 second(s)

2022-02-14 12:50:25 - [MESSAGE][PASSED] - Delayed 3 second(s)

2022-02-14 12:50:25 - [TEST_STEP][PASSED] - takeScreenshot(): Taking screenshot successfully

2022-02-14 12:50:25 - [MESSAGE][PASSED] - Taking screenshot successfully
[[ATTACHMENT|/home/intersoft-admin/Rattan/Bash/Training/Rattan/Final_testing/New_ActivityOverview/Reports/20220214_115757/DetailPop-up-BothSideUrlBasedAndNormal/20220214_115804/1644823225634.png]]

2022-02-14 12:50:25 - [TEST_STEP][PASSED] - if (waitForElementVisible(findTestObject("Object Repository/DetailPop-up/InformationSection/Details", ["position":"1", "position2":"2"]), 15) == true): Taking screenshot successfully

2022-02-14 12:50:25 - [MESSAGE][PASSED] - Object 'Object Repository/DetailPop-up/InformationSection/Details' is visible

2022-02-14 12:50:25 - [TEST_STEP][PASSED] - click(findTestObject("Object Repository/DetailPop-up/InformationSection/Details", ["position":"1", "position2":"2"])): Object: 'Object Repository/DetailPop-up/InformationSection/Details' is clicked on

2022-02-14 12:50:29 - [MESSAGE][PASSED] - Object: 'Object Repository/DetailPop-up/InformationSection/Details' is clicked on

2022-02-14 12:50:29 - [TEST_STEP][PASSED] - delay(3): Delayed 3 second(s)

2022-02-14 12:50:32 - [MESSAGE][PASSED] - Delayed 3 second(s)

2022-02-14 12:50:32 - [TEST_STEP][PASSED] - takeScreenshot(): Taking screenshot successfully

2022-02-14 12:50:32 - [MESSAGE][PASSED] - Taking screenshot successfully
[[ATTACHMENT|/home/intersoft-admin/Rattan/Bash/Training/Rattan/Final_testing/New_ActivityOverview/Reports/20220214_115757/DetailPop-up-BothSideUrlBasedAndNormal/20220214_115804/1644823232022.png]]

2022-02-14 12:50:32 - [TEST_STEP][PASSED] - if (waitForElementVisible(findTestObject("Object Repository/DetailPop-up/InformationSection/Details", ["position":"1", "position2":"3"]), 15) == true): Object 'Object Repository/DetailPop-up/InformationSection/Details' is not visible after 15 second(s)

2022-02-14 12:50:47 - [MESSAGE][WARNING] - Object 'Object Repository/DetailPop-up/InformationSection/Details' is not visible after 15 second(s)

2022-02-14 12:50:47 - [TEST_STEP][PASSED] - if (waitForElementVisible(findTestObject("Object Repository/DetailPop-up/InformationSection/Details", ["position":"1", "position2":"5"]), 15) == true): Web element with id: 'Object Repository/DetailPop-up/InformationSection/Details' located by '(//div[@class='order-detail-left']//li[@class='order-list confirm hash-link-parent active'])[1]//ul[@class='tabs custom-tabs']//li[5]//a' not found

2022-02-14 12:51:03 - [MESSAGE][INFO] - Unable to find the element located by 'By.xpath: (//div[@class='order-detail-left']//li[@class='order-list confirm hash-link-parent active'])[1]//ul[@class='tabs custom-tabs']//li[5]//a'. Please recheck the objects properties to make sure the desired element is located. 

2022-02-14 12:51:03 - [MESSAGE][WARNING] - [SELF-HEALING] Failed to find element with id 'Object Repository/DetailPop-up/InformationSection/Details'. Try using Self-healing.

2022-02-14 12:51:04 - [MESSAGE][INFO] - [SELF-HEALING] No working XPath is found.

2022-02-14 12:51:05 - [MESSAGE][INFO] - Unable to find the element located by 'By.xpath: '. Please recheck the objects properties to make sure the desired element is located. 

2022-02-14 12:51:05 - [MESSAGE][WARNING] - [SELF-HEALING] Cannot find elements when the selector is null

2022-02-14 12:51:05 - [MESSAGE][WARNING] - Web element with id: 'Object Repository/DetailPop-up/InformationSection/Details' located by '(//div[@class='order-detail-left']//li[@class='order-list confirm hash-link-parent active'])[1]//ul[@class='tabs custom-tabs']//li[5]//a' not found

2022-02-14 12:51:05 - [TEST_STEP][PASSED] - if (waitForElementVisible(findTestObject("Object Repository/DetailPop-up/InformationSection/Details", ["position":"1", "position2":"4"]), 15) == true): Taking screenshot successfully

2022-02-14 12:51:05 - [MESSAGE][PASSED] - Object 'Object Repository/DetailPop-up/InformationSection/Details' is visible

2022-02-14 12:51:05 - [TEST_STEP][PASSED] - click(findTestObject("Object Repository/DetailPop-up/InformationSection/Details", ["position":"1", "position2":"4"])): Object: 'Object Repository/DetailPop-up/InformationSection/Details' is clicked on

2022-02-14 12:51:08 - [MESSAGE][PASSED] - Object: 'Object Repository/DetailPop-up/InformationSection/Details' is clicked on

2022-02-14 12:51:08 - [TEST_STEP][PASSED] - delay(3): Delayed 3 second(s)

2022-02-14 12:51:11 - [MESSAGE][PASSED] - Delayed 3 second(s)

2022-02-14 12:51:11 - [TEST_STEP][PASSED] - takeScreenshot(): Taking screenshot successfully

2022-02-14 12:51:11 - [MESSAGE][PASSED] - Taking screenshot successfully
[[ATTACHMENT|/home/intersoft-admin/Rattan/Bash/Training/Rattan/Final_testing/New_ActivityOverview/Reports/20220214_115757/DetailPop-up-BothSideUrlBasedAndNormal/20220214_115804/1644823271812.png]]

2022-02-14 12:51:11 - [TEST_STEP][PASSED] - if (waitForElementClickable(findTestObject("Object Repository/DetailPop-up/ExpanSection/SubProductList-ClickOnExpandView", ["position":"1"]), 15)): Web element with id: 'Object Repository/DetailPop-up/ExpanSection/SubProductList-ClickOnExpandView' located by '(//div[@class='order-detail-left']//li[@class='order-list order-sub-list confirm hash-link-parent']//i[contains(text(),'expand_more')])[1]' not found

2022-02-14 12:51:27 - [MESSAGE][INFO] - Unable to find the element located by 'By.xpath: (//div[@class='order-detail-left']//li[@class='order-list order-sub-list confirm hash-link-parent']//i[contains(text(),'expand_more')])[1]'. Please recheck the objects properties to make sure the desired element is located. 

2022-02-14 12:51:27 - [MESSAGE][WARNING] - [SELF-HEALING] Failed to find element with id 'Object Repository/DetailPop-up/ExpanSection/SubProductList-ClickOnExpandView'. Try using Self-healing.

2022-02-14 12:51:28 - [MESSAGE][INFO] - [SELF-HEALING] No working XPath is found.

2022-02-14 12:51:29 - [MESSAGE][INFO] - Unable to find the element located by 'By.xpath: '. Please recheck the objects properties to make sure the desired element is located. 

2022-02-14 12:51:29 - [MESSAGE][WARNING] - [SELF-HEALING] Cannot find elements when the selector is null

2022-02-14 12:51:29 - [MESSAGE][WARNING] - Web element with id: 'Object Repository/DetailPop-up/ExpanSection/SubProductList-ClickOnExpandView' located by '(//div[@class='order-detail-left']//li[@class='order-list order-sub-list confirm hash-link-parent']//i[contains(text(),'expand_more')])[1]' not found

2022-02-14 12:51:29 - [TEST_STEP][PASSED] - callTestCase(findTestCase("Test Cases/StepToReUse/StepTOCopyURLAndAddAnotherTab"), [:], CONTINUE_ON_FAILURE): Call Test Case 'Test Cases/StepToReUse/StepTOCopyURLAndAddAnotherTab' successfully

2022-02-14 12:51:30 - [TEST_CASE][PASSED] - Test Cases/StepToReUse/StepTOCopyURLAndAddAnotherTab: Test Cases/StepToReUse/StepTOCopyURLAndAddAnotherTab

2022-02-14 12:51:30 - [TEST_STEP][PASSED] - click(findTestObject("Object Repository/Header/Preview/ClickOnPreviewIcon")): Object: 'Object Repository/Header/Preview/ClickOnPreviewIcon' is clicked on

2022-02-14 12:51:33 - [MESSAGE][PASSED] - Object: 'Object Repository/Header/Preview/ClickOnPreviewIcon' is clicked on

2022-02-14 12:51:33 - [TEST_STEP][PASSED] - delay(10): Delayed 10 second(s)

2022-02-14 12:51:43 - [MESSAGE][PASSED] - Delayed 10 second(s)

2022-02-14 12:51:43 - [TEST_STEP][PASSED] - takeScreenshot(): Taking screenshot successfully

2022-02-14 12:51:43 - [MESSAGE][PASSED] - Taking screenshot successfully
[[ATTACHMENT|/home/intersoft-admin/Rattan/Bash/Training/Rattan/Final_testing/New_ActivityOverview/Reports/20220214_115757/DetailPop-up-BothSideUrlBasedAndNormal/20220214_115804/1644823303233.png]]

2022-02-14 12:51:43 - [TEST_STEP][PASSED] - click(findTestObject("Object Repository/Header/Preview/PrintVoucher")): Object: 'Object Repository/Header/Preview/PrintVoucher' is clicked on

2022-02-14 12:51:46 - [MESSAGE][PASSED] - Object: 'Object Repository/Header/Preview/PrintVoucher' is clicked on

2022-02-14 12:51:46 - [TEST_STEP][PASSED] - delay(10): Delayed 10 second(s)

2022-02-14 12:51:56 - [MESSAGE][PASSED] - Delayed 10 second(s)

2022-02-14 12:51:56 - [TEST_STEP][PASSED] - takeScreenshot(): Taking screenshot successfully

2022-02-14 12:51:56 - [MESSAGE][PASSED] - Taking screenshot successfully
[[ATTACHMENT|/home/intersoft-admin/Rattan/Bash/Training/Rattan/Final_testing/New_ActivityOverview/Reports/20220214_115757/DetailPop-up-BothSideUrlBasedAndNormal/20220214_115804/1644823316511.png]]

2022-02-14 12:51:56 - [TEST_STEP][PASSED] - UrlToClick = findWebElement(findTestObject("Object Repository/Header/CopyUrl/CopyUrl")).getAttribute("data-href_url"): null

2022-02-14 12:51:56 - [TEST_STEP][PASSED] - println(UrlToClick): null

2022-02-14 12:51:56 - [TEST_STEP][PASSED] - ActivityUrl = UrlToClick: null

2022-02-14 12:51:56 - [TEST_STEP][PASSED] - switchToWindowIndex(1): Switched to window with index: '1'

2022-02-14 12:51:56 - [MESSAGE][PASSED] - Switched to window with index: '1'

2022-02-14 12:51:56 - [TEST_STEP][PASSED] - delay(5): Delayed 5 second(s)

2022-02-14 12:52:01 - [MESSAGE][PASSED] - Delayed 5 second(s)

2022-02-14 12:52:01 - [TEST_STEP][PASSED] - navigateToUrl(ActivityUrl): Navigate to 'https://activity.test-prio.com/orders/164422085052951' successfully

2022-02-14 12:52:05 - [MESSAGE][PASSED] - Navigate to 'https://activity.test-prio.com/orders/164422085052951' successfully

2022-02-14 12:52:05 - [TEST_STEP][PASSED] - takeScreenshot(): Taking screenshot successfully

2022-02-14 12:52:06 - [MESSAGE][PASSED] - Taking screenshot successfully
[[ATTACHMENT|/home/intersoft-admin/Rattan/Bash/Training/Rattan/Final_testing/New_ActivityOverview/Reports/20220214_115757/DetailPop-up-BothSideUrlBasedAndNormal/20220214_115804/1644823326839.png]]

2022-02-14 12:52:06 - [TEST_STEP][PASSED] - switchToDefaultContent(): null

2022-02-14 12:52:06 - [MESSAGE][PASSED] - Call Test Case 'Test Cases/StepToReUse/StepTOCopyURLAndAddAnotherTab' successfully

2022-02-14 12:52:06 - [TEST_STEP][PASSED] - callTestCase(findTestCase("Test Cases/NewActivityOverview-LeftNavigation/ActivityOverview-OpenDetailPop-up - CopiedURL"), [:], CONTINUE_ON_FAILURE): Call Test Case 'Test Cases/NewActivityOverview-LeftNavigation/ActivityOverview-OpenDetailPop-up - CopiedURL' successfully

2022-02-14 12:52:07 - [TEST_CASE][PASSED] - Test Cases/NewActivityOverview-LeftNavigation/ActivityOverview-OpenDetailPop-up - CopiedURL: Test Cases/NewActivityOverview-LeftNavigation/ActivityOverview-OpenDetailPop-up - CopiedURL

2022-02-14 12:52:07 - [TEST_STEP][PASSED] - switchToWindowIndex(1): Switched to window with index: '1'

2022-02-14 12:52:07 - [MESSAGE][PASSED] - Switched to window with index: '1'

2022-02-14 12:52:07 - [TEST_STEP][PASSED] - delay(5): Delayed 5 second(s)

2022-02-14 12:52:12 - [MESSAGE][PASSED] - Delayed 5 second(s)

2022-02-14 12:52:12 - [TEST_STEP][PASSED] - navigateToUrl(ActivityUrl): Navigate to 'https://activity.test-prio.com/orders/164422085052951' successfully

2022-02-14 12:52:16 - [MESSAGE][PASSED] - Navigate to 'https://activity.test-prio.com/orders/164422085052951' successfully

2022-02-14 12:52:16 - [TEST_STEP][PASSED] - takeScreenshot(): Taking screenshot successfully

2022-02-14 12:52:17 - [MESSAGE][PASSED] - Taking screenshot successfully
[[ATTACHMENT|/home/intersoft-admin/Rattan/Bash/Training/Rattan/Final_testing/New_ActivityOverview/Reports/20220214_115757/DetailPop-up-BothSideUrlBasedAndNormal/20220214_115804/1644823337131.png]]

2022-02-14 12:52:17 - [TEST_STEP][PASSED] - switchToDefaultContent(): null

2022-02-14 12:52:17 - [TEST_STEP][PASSED] - if (waitForElementPresent(findTestObject("Object Repository/DetailPop-up/ExpanSection/ProductInformationExpandedSection-Exist"), 10)): Object 'Object Repository/DetailPop-up/ExpanSection/ProductInformationExpandedSection-Exist' is not present after 10 second(s)

2022-02-14 12:52:28 - [MESSAGE][INFO] - Unable to find the element located by 'By.xpath: //div[@class='order-detail-left']//li[@class='order-list confirm hash-link-parent active']'. Please recheck the objects properties to make sure the desired element is located. 

2022-02-14 12:52:28 - [MESSAGE][WARNING] - [SELF-HEALING] Failed to find element with id 'Object Repository/DetailPop-up/ExpanSection/ProductInformationExpandedSection-Exist'. Try using Self-healing.

2022-02-14 12:52:29 - [MESSAGE][INFO] - [SELF-HEALING] No working XPath is found.

2022-02-14 12:52:30 - [MESSAGE][INFO] - Unable to find the element located by 'By.xpath: '. Please recheck the objects properties to make sure the desired element is located. 

2022-02-14 12:52:30 - [MESSAGE][WARNING] - [SELF-HEALING] Cannot find elements when the selector is null

2022-02-14 12:52:30 - [MESSAGE][WARNING] - Object 'Object Repository/DetailPop-up/ExpanSection/ProductInformationExpandedSection-Exist' is not present after 10 second(s)

2022-02-14 12:52:30 - [TEST_STEP][PASSED] - bookingsize = findWebElements(findTestObject("Object Repository/DetailPop-up/ExpanSection/ProductSectionLength"), 5).size(): null

2022-02-14 12:52:30 - [TEST_STEP][PASSED] - logInfo(Size of Bookings on Product detail Pop-up: $bookingsize): Size of Bookings on Product detail Pop-up: 2

2022-02-14 12:52:30 - [MESSAGE][INFO] - Size of Bookings on Product detail Pop-up: 2

2022-02-14 12:52:30 - [TEST_STEP][PASSED] - for ([looping = 1, looping <= bookingsize, (looping++)]): Taking screenshot successfully

2022-02-14 12:52:30 - [TEST_STEP][PASSED] - click(findTestObject("Object Repository/DetailPop-up/ExpanSection/ExpandProductSection", ["position":looping])): Object: 'Object Repository/DetailPop-up/ExpanSection/ExpandProductSection' is clicked on

2022-02-14 12:52:34 - [MESSAGE][PASSED] - Object: 'Object Repository/DetailPop-up/ExpanSection/ExpandProductSection' is clicked on

2022-02-14 12:52:34 - [TEST_STEP][PASSED] - delay(3): Delayed 3 second(s)

2022-02-14 12:52:37 - [MESSAGE][PASSED] - Delayed 3 second(s)

2022-02-14 12:52:37 - [TEST_STEP][PASSED] - takeScreenshot(): Taking screenshot successfully

2022-02-14 12:52:37 - [MESSAGE][PASSED] - Taking screenshot successfully
[[ATTACHMENT|/home/intersoft-admin/Rattan/Bash/Training/Rattan/Final_testing/New_ActivityOverview/Reports/20220214_115757/DetailPop-up-BothSideUrlBasedAndNormal/20220214_115804/1644823357418.png]]

2022-02-14 12:52:37 - [TEST_STEP][PASSED] - if (waitForElementVisible(findTestObject("Object Repository/DetailPop-up/InformationSection/Details", ["position":"1", "position2":"1"]), 15) == true): Taking screenshot successfully

2022-02-14 12:52:37 - [MESSAGE][PASSED] - Object 'Object Repository/DetailPop-up/InformationSection/Details' is visible

2022-02-14 12:52:37 - [TEST_STEP][PASSED] - click(findTestObject("Object Repository/DetailPop-up/InformationSection/Details", ["position":"1", "position2":"1"])): Object: 'Object Repository/DetailPop-up/InformationSection/Details' is clicked on

2022-02-14 12:52:41 - [MESSAGE][PASSED] - Object: 'Object Repository/DetailPop-up/InformationSection/Details' is clicked on

2022-02-14 12:52:41 - [TEST_STEP][PASSED] - delay(3): Delayed 3 second(s)

2022-02-14 12:52:44 - [MESSAGE][PASSED] - Delayed 3 second(s)

2022-02-14 12:52:44 - [TEST_STEP][PASSED] - takeScreenshot(): Taking screenshot successfully

2022-02-14 12:52:44 - [MESSAGE][PASSED] - Taking screenshot successfully
[[ATTACHMENT|/home/intersoft-admin/Rattan/Bash/Training/Rattan/Final_testing/New_ActivityOverview/Reports/20220214_115757/DetailPop-up-BothSideUrlBasedAndNormal/20220214_115804/1644823364370.png]]

2022-02-14 12:52:44 - [TEST_STEP][PASSED] - if (waitForElementVisible(findTestObject("Object Repository/DetailPop-up/InformationSection/Details", ["position":"1", "position2":"2"]), 15) == true): Taking screenshot successfully

2022-02-14 12:52:44 - [MESSAGE][PASSED] - Object 'Object Repository/DetailPop-up/InformationSection/Details' is visible

2022-02-14 12:52:44 - [TEST_STEP][PASSED] - click(findTestObject("Object Repository/DetailPop-up/InformationSection/Details", ["position":"1", "position2":"2"])): Object: 'Object Repository/DetailPop-up/InformationSection/Details' is clicked on

2022-02-14 12:52:48 - [MESSAGE][PASSED] - Object: 'Object Repository/DetailPop-up/InformationSection/Details' is clicked on

2022-02-14 12:52:48 - [TEST_STEP][PASSED] - delay(3): Delayed 3 second(s)

2022-02-14 12:52:51 - [MESSAGE][PASSED] - Delayed 3 second(s)

2022-02-14 12:52:51 - [TEST_STEP][PASSED] - takeScreenshot(): Taking screenshot successfully

2022-02-14 12:52:51 - [MESSAGE][PASSED] - Taking screenshot successfully
[[ATTACHMENT|/home/intersoft-admin/Rattan/Bash/Training/Rattan/Final_testing/New_ActivityOverview/Reports/20220214_115757/DetailPop-up-BothSideUrlBasedAndNormal/20220214_115804/1644823371345.png]]

2022-02-14 12:52:51 - [TEST_STEP][PASSED] - if (waitForElementVisible(findTestObject("Object Repository/DetailPop-up/InformationSection/Details", ["position":"1", "position2":"3"]), 15) == true): Object 'Object Repository/DetailPop-up/InformationSection/Details' is not visible after 15 second(s)

2022-02-14 12:53:06 - [MESSAGE][WARNING] - Object 'Object Repository/DetailPop-up/InformationSection/Details' is not visible after 15 second(s)

2022-02-14 12:53:06 - [TEST_STEP][PASSED] - if (waitForElementVisible(findTestObject("Object Repository/DetailPop-up/InformationSection/Details", ["position":"1", "position2":"5"]), 15) == true): Web element with id: 'Object Repository/DetailPop-up/InformationSection/Details' located by '(//div[@class='order-detail-left']//li[@class='order-list confirm hash-link-parent active'])[1]//ul[@class='tabs custom-tabs']//li[5]//a' not found

2022-02-14 12:53:23 - [MESSAGE][INFO] - Unable to find the element located by 'By.xpath: (//div[@class='order-detail-left']//li[@class='order-list confirm hash-link-parent active'])[1]//ul[@class='tabs custom-tabs']//li[5]//a'. Please recheck the objects properties to make sure the desired element is located. 

2022-02-14 12:53:23 - [MESSAGE][WARNING] - [SELF-HEALING] Failed to find element with id 'Object Repository/DetailPop-up/InformationSection/Details'. Try using Self-healing.

2022-02-14 12:53:24 - [MESSAGE][INFO] - [SELF-HEALING] No working XPath is found.

2022-02-14 12:53:25 - [MESSAGE][INFO] - Unable to find the element located by 'By.xpath: '. Please recheck the objects properties to make sure the desired element is located. 

2022-02-14 12:53:25 - [MESSAGE][WARNING] - [SELF-HEALING] Cannot find elements when the selector is null

2022-02-14 12:53:25 - [MESSAGE][WARNING] - Web element with id: 'Object Repository/DetailPop-up/InformationSection/Details' located by '(//div[@class='order-detail-left']//li[@class='order-list confirm hash-link-parent active'])[1]//ul[@class='tabs custom-tabs']//li[5]//a' not found

2022-02-14 12:53:25 - [TEST_STEP][PASSED] - if (waitForElementVisible(findTestObject("Object Repository/DetailPop-up/InformationSection/Details", ["position":"1", "position2":"4"]), 15) == true): Taking screenshot successfully

2022-02-14 12:53:25 - [MESSAGE][PASSED] - Object 'Object Repository/DetailPop-up/InformationSection/Details' is visible

2022-02-14 12:53:25 - [TEST_STEP][PASSED] - click(findTestObject("Object Repository/DetailPop-up/InformationSection/Details", ["position":"1", "position2":"4"])): Object: 'Object Repository/DetailPop-up/InformationSection/Details' is clicked on

2022-02-14 12:53:29 - [MESSAGE][PASSED] - Object: 'Object Repository/DetailPop-up/InformationSection/Details' is clicked on

2022-02-14 12:53:29 - [TEST_STEP][PASSED] - delay(3): Delayed 3 second(s)

2022-02-14 12:53:32 - [MESSAGE][PASSED] - Delayed 3 second(s)

2022-02-14 12:53:32 - [TEST_STEP][PASSED] - takeScreenshot(): Taking screenshot successfully

2022-02-14 12:53:32 - [MESSAGE][PASSED] - Taking screenshot successfully
[[ATTACHMENT|/home/intersoft-admin/Rattan/Bash/Training/Rattan/Final_testing/New_ActivityOverview/Reports/20220214_115757/DetailPop-up-BothSideUrlBasedAndNormal/20220214_115804/1644823412251.png]]

2022-02-14 12:53:32 - [TEST_STEP][PASSED] - click(findTestObject("Object Repository/DetailPop-up/ExpanSection/ExpandProductSection", ["position":looping])): Object: 'Object Repository/DetailPop-up/ExpanSection/ExpandProductSection' is clicked on

2022-02-14 12:53:35 - [MESSAGE][PASSED] - Object: 'Object Repository/DetailPop-up/ExpanSection/ExpandProductSection' is clicked on

2022-02-14 12:53:35 - [TEST_STEP][PASSED] - delay(3): Delayed 3 second(s)

2022-02-14 12:53:38 - [MESSAGE][PASSED] - Delayed 3 second(s)

2022-02-14 12:53:38 - [TEST_STEP][PASSED] - takeScreenshot(): Taking screenshot successfully

2022-02-14 12:53:39 - [MESSAGE][PASSED] - Taking screenshot successfully
[[ATTACHMENT|/home/intersoft-admin/Rattan/Bash/Training/Rattan/Final_testing/New_ActivityOverview/Reports/20220214_115757/DetailPop-up-BothSideUrlBasedAndNormal/20220214_115804/1644823418982.png]]

2022-02-14 12:53:39 - [TEST_STEP][PASSED] - if (waitForElementVisible(findTestObject("Object Repository/DetailPop-up/InformationSection/Details", ["position":"1", "position2":"1"]), 15) == true): Taking screenshot successfully

2022-02-14 12:53:39 - [MESSAGE][PASSED] - Object 'Object Repository/DetailPop-up/InformationSection/Details' is visible

2022-02-14 12:53:39 - [TEST_STEP][PASSED] - click(findTestObject("Object Repository/DetailPop-up/InformationSection/Details", ["position":"1", "position2":"1"])): Object: 'Object Repository/DetailPop-up/InformationSection/Details' is clicked on

2022-02-14 12:53:42 - [MESSAGE][PASSED] - Object: 'Object Repository/DetailPop-up/InformationSection/Details' is clicked on

2022-02-14 12:53:42 - [TEST_STEP][PASSED] - delay(3): Delayed 3 second(s)

2022-02-14 12:53:45 - [MESSAGE][PASSED] - Delayed 3 second(s)

2022-02-14 12:53:45 - [TEST_STEP][PASSED] - takeScreenshot(): Taking screenshot successfully

2022-02-14 12:53:46 - [MESSAGE][PASSED] - Taking screenshot successfully
[[ATTACHMENT|/home/intersoft-admin/Rattan/Bash/Training/Rattan/Final_testing/New_ActivityOverview/Reports/20220214_115757/DetailPop-up-BothSideUrlBasedAndNormal/20220214_115804/1644823426022.png]]

2022-02-14 12:53:46 - [TEST_STEP][PASSED] - if (waitForElementVisible(findTestObject("Object Repository/DetailPop-up/InformationSection/Details", ["position":"1", "position2":"2"]), 15) == true): Taking screenshot successfully

2022-02-14 12:53:46 - [MESSAGE][PASSED] - Object 'Object Repository/DetailPop-up/InformationSection/Details' is visible

2022-02-14 12:53:46 - [TEST_STEP][PASSED] - click(findTestObject("Object Repository/DetailPop-up/InformationSection/Details", ["position":"1", "position2":"2"])): Object: 'Object Repository/DetailPop-up/InformationSection/Details' is clicked on

2022-02-14 12:53:49 - [MESSAGE][PASSED] - Object: 'Object Repository/DetailPop-up/InformationSection/Details' is clicked on

2022-02-14 12:53:49 - [TEST_STEP][PASSED] - delay(3): Delayed 3 second(s)

2022-02-14 12:53:52 - [MESSAGE][PASSED] - Delayed 3 second(s)

2022-02-14 12:53:52 - [TEST_STEP][PASSED] - takeScreenshot(): Taking screenshot successfully

2022-02-14 12:53:53 - [MESSAGE][PASSED] - Taking screenshot successfully
[[ATTACHMENT|/home/intersoft-admin/Rattan/Bash/Training/Rattan/Final_testing/New_ActivityOverview/Reports/20220214_115757/DetailPop-up-BothSideUrlBasedAndNormal/20220214_115804/1644823433032.png]]

2022-02-14 12:53:53 - [TEST_STEP][PASSED] - if (waitForElementVisible(findTestObject("Object Repository/DetailPop-up/InformationSection/Details", ["position":"1", "position2":"3"]), 15) == true): Object 'Object Repository/DetailPop-up/InformationSection/Details' is not visible after 15 second(s)

2022-02-14 12:54:08 - [MESSAGE][WARNING] - Object 'Object Repository/DetailPop-up/InformationSection/Details' is not visible after 15 second(s)

2022-02-14 12:54:08 - [TEST_STEP][PASSED] - if (waitForElementVisible(findTestObject("Object Repository/DetailPop-up/InformationSection/Details", ["position":"1", "position2":"5"]), 15) == true): Web element with id: 'Object Repository/DetailPop-up/InformationSection/Details' located by '(//div[@class='order-detail-left']//li[@class='order-list confirm hash-link-parent active'])[1]//ul[@class='tabs custom-tabs']//li[5]//a' not found

2022-02-14 12:54:24 - [MESSAGE][INFO] - Unable to find the element located by 'By.xpath: (//div[@class='order-detail-left']//li[@class='order-list confirm hash-link-parent active'])[1]//ul[@class='tabs custom-tabs']//li[5]//a'. Please recheck the objects properties to make sure the desired element is located. 

2022-02-14 12:54:24 - [MESSAGE][WARNING] - [SELF-HEALING] Failed to find element with id 'Object Repository/DetailPop-up/InformationSection/Details'. Try using Self-healing.

2022-02-14 12:54:25 - [MESSAGE][INFO] - [SELF-HEALING] No working XPath is found.

2022-02-14 12:54:26 - [MESSAGE][INFO] - Unable to find the element located by 'By.xpath: '. Please recheck the objects properties to make sure the desired element is located. 

2022-02-14 12:54:26 - [MESSAGE][WARNING] - [SELF-HEALING] Cannot find elements when the selector is null

2022-02-14 12:54:26 - [MESSAGE][WARNING] - Web element with id: 'Object Repository/DetailPop-up/InformationSection/Details' located by '(//div[@class='order-detail-left']//li[@class='order-list confirm hash-link-parent active'])[1]//ul[@class='tabs custom-tabs']//li[5]//a' not found

2022-02-14 12:54:26 - [TEST_STEP][PASSED] - if (waitForElementVisible(findTestObject("Object Repository/DetailPop-up/InformationSection/Details", ["position":"1", "position2":"4"]), 15) == true): Taking screenshot successfully

2022-02-14 12:54:27 - [MESSAGE][PASSED] - Object 'Object Repository/DetailPop-up/InformationSection/Details' is visible

2022-02-14 12:54:27 - [TEST_STEP][PASSED] - click(findTestObject("Object Repository/DetailPop-up/InformationSection/Details", ["position":"1", "position2":"4"])): Object: 'Object Repository/DetailPop-up/InformationSection/Details' is clicked on

2022-02-14 12:54:30 - [MESSAGE][PASSED] - Object: 'Object Repository/DetailPop-up/InformationSection/Details' is clicked on

2022-02-14 12:54:30 - [TEST_STEP][PASSED] - delay(3): Delayed 3 second(s)

2022-02-14 12:54:33 - [MESSAGE][PASSED] - Delayed 3 second(s)

2022-02-14 12:54:33 - [TEST_STEP][PASSED] - takeScreenshot(): Taking screenshot successfully

2022-02-14 12:54:33 - [MESSAGE][PASSED] - Taking screenshot successfully
[[ATTACHMENT|/home/intersoft-admin/Rattan/Bash/Training/Rattan/Final_testing/New_ActivityOverview/Reports/20220214_115757/DetailPop-up-BothSideUrlBasedAndNormal/20220214_115804/1644823473724.png]]

2022-02-14 12:54:33 - [TEST_STEP][PASSED] - if (waitForElementClickable(findTestObject("Object Repository/DetailPop-up/ExpanSection/SubProductList-ClickOnExpandView", ["position":"1"]), 15)): Web element with id: 'Object Repository/DetailPop-up/ExpanSection/SubProductList-ClickOnExpandView' located by '(//div[@class='order-detail-left']//li[@class='order-list order-sub-list confirm hash-link-parent']//i[contains(text(),'expand_more')])[1]' not found

2022-02-14 12:54:49 - [MESSAGE][INFO] - Unable to find the element located by 'By.xpath: (//div[@class='order-detail-left']//li[@class='order-list order-sub-list confirm hash-link-parent']//i[contains(text(),'expand_more')])[1]'. Please recheck the objects properties to make sure the desired element is located. 

2022-02-14 12:54:49 - [MESSAGE][WARNING] - [SELF-HEALING] Failed to find element with id 'Object Repository/DetailPop-up/ExpanSection/SubProductList-ClickOnExpandView'. Try using Self-healing.

2022-02-14 12:54:50 - [MESSAGE][INFO] - [SELF-HEALING] No working XPath is found.

2022-02-14 12:54:52 - [MESSAGE][INFO] - Unable to find the element located by 'By.xpath: '. Please recheck the objects properties to make sure the desired element is located. 

2022-02-14 12:54:52 - [MESSAGE][WARNING] - [SELF-HEALING] Cannot find elements when the selector is null

2022-02-14 12:54:52 - [MESSAGE][WARNING] - Web element with id: 'Object Repository/DetailPop-up/ExpanSection/SubProductList-ClickOnExpandView' located by '(//div[@class='order-detail-left']//li[@class='order-list order-sub-list confirm hash-link-parent']//i[contains(text(),'expand_more')])[1]' not found

2022-02-14 12:54:52 - [MESSAGE][PASSED] - Call Test Case 'Test Cases/NewActivityOverview-LeftNavigation/ActivityOverview-OpenDetailPop-up - CopiedURL' successfully

2022-02-14 12:54:52 - [TEST_STEP][PASSED] - switchToWindowIndex(0): Switched to window with index: '0'

2022-02-14 12:54:52 - [MESSAGE][PASSED] - Switched to window with index: '0'

2022-02-14 12:54:52 - [TEST_STEP][PASSED] - delay(13): Delayed 13 second(s)

2022-02-14 12:55:05 - [MESSAGE][PASSED] - Delayed 13 second(s)

2022-02-14 12:55:05 - [TEST_STEP][PASSED] - switchToFrame(findTestObject("Object Repository/Iframe/NewActivityOverviewIframe"), 5): null

2022-02-14 12:55:05 - [TEST_STEP][PASSED] - click(findTestObject("Object Repository/DetailPop-up/Backbutton/BackButtonToListing")): Object: 'Object Repository/DetailPop-up/Backbutton/BackButtonToListing' is clicked on

2022-02-14 12:55:08 - [MESSAGE][PASSED] - Object: 'Object Repository/DetailPop-up/Backbutton/BackButtonToListing' is clicked on

2022-02-14 12:55:08 - [TEST_STEP][PASSED] - delay(13): Delayed 13 second(s)

2022-02-14 12:55:21 - [MESSAGE][PASSED] - Delayed 13 second(s)

2022-02-14 12:55:21 - [TEST_STEP][PASSED] - if (sizeoflisting < 2): null]]></system-out>
         <system-err><![CDATA[2022-02-14 12:28:42 - [TEST_CASE][FAILED] - Test Cases/NewActivityOverview-LeftNavigation/ActivityOverview-OpenDetailPop-up: Test Cases/NewActivityOverview-LeftNavigation/ActivityOverview-OpenDetailPop-up FAILED.
Reason:
com.kms.katalon.core.exception.StepFailedException: Unable to call Test Case 'Test Cases/StepToReUse/StepTOCopyURLAndAddAnotherTab' (Root cause: com.kms.katalon.core.exception.StepFailedException: Call Test Case 'Test Cases/StepToReUse/StepTOCopyURLAndAddAnotherTab' failed
	at com.kms.katalon.core.keyword.builtin.CallTestCaseKeyword$_callTestCase_closure1.doCall(CallTestCaseKeyword.groovy:63)
	at com.kms.katalon.core.keyword.builtin.CallTestCaseKeyword$_callTestCase_closure1.call(CallTestCaseKeyword.groovy)
	at com.kms.katalon.core.keyword.internal.KeywordMain.runKeyword(KeywordMain.groovy:74)
	at com.kms.katalon.core.keyword.builtin.CallTestCaseKeyword.callTestCase(CallTestCaseKeyword.groovy:81)
	at com.kms.katalon.core.keyword.builtin.CallTestCaseKeyword.execute(CallTestCaseKeyword.groovy:44)
	at com.kms.katalon.core.keyword.internal.KeywordExecutor.executeKeywordForPlatform(KeywordExecutor.groovy:74)
	at com.kms.katalon.core.keyword.BuiltinKeywords.callTestCase(BuiltinKeywords.groovy:334)
	at ActivityOverview-OpenDetailPop-up.run(ActivityOverview-OpenDetailPop-up:226)
	at com.kms.katalon.core.main.ScriptEngine.run(ScriptEngine.java:194)
	at com.kms.katalon.core.main.ScriptEngine.runScriptAsRawText(ScriptEngine.java:119)
	at com.kms.katalon.core.main.TestCaseExecutor.runScript(TestCaseExecutor.java:442)
	at com.kms.katalon.core.main.TestCaseExecutor.doExecute(TestCaseExecutor.java:433)
	at com.kms.katalon.core.main.TestCaseExecutor.processExecutionPhase(TestCaseExecutor.java:412)
	at com.kms.katalon.core.main.TestCaseExecutor.accessMainPhase(TestCaseExecutor.java:404)
	at com.kms.katalon.core.main.TestCaseExecutor.execute(TestCaseExecutor.java:281)
	at com.kms.katalon.core.main.TestSuiteExecutor.accessTestCaseMainPhase(TestSuiteExecutor.java:202)
	at com.kms.katalon.core.main.TestSuiteExecutor.accessTestSuiteMainPhase(TestSuiteExecutor.java:164)
	at com.kms.katalon.core.main.TestSuiteExecutor.execute(TestSuiteExecutor.java:105)
	at com.kms.katalon.core.main.TestCaseMain.startTestSuite(TestCaseMain.java:185)
	at com.kms.katalon.core.main.TestCaseMain$startTestSuite$0.call(Unknown Source)
	at TempTestSuite1644820084493.run(TempTestSuite1644820084493.groovy:36)
Caused by: com.kms.katalon.core.exception.StepFailedException: Unable to click on object 'Object Repository/Header/Preview/ClickOnPreviewIcon'
	at com.kms.katalon.core.webui.keyword.internal.WebUIKeywordMain.stepFailed(WebUIKeywordMain.groovy:64)
	at com.kms.katalon.core.webui.keyword.internal.WebUIKeywordMain.runKeyword(WebUIKeywordMain.groovy:26)
	at com.kms.katalon.core.webui.keyword.builtin.ClickKeyword.click(ClickKeyword.groovy:74)
	at com.kms.katalon.core.webui.keyword.builtin.ClickKeyword.execute(ClickKeyword.groovy:40)
	at com.kms.katalon.core.keyword.internal.KeywordExecutor.executeKeywordForPlatform(KeywordExecutor.groovy:74)
	at com.kms.katalon.core.webui.keyword.WebUiBuiltInKeywords.click(WebUiBuiltInKeywords.groovy:620)
	at com.kms.katalon.core.webui.keyword.WebUiBuiltInKeywords$click$2.call(Unknown Source)
	at StepTOCopyURLAndAddAnotherTab.run(StepTOCopyURLAndAddAnotherTab:29)
	at com.kms.katalon.core.main.ScriptEngine.run(ScriptEngine.java:194)
	at com.kms.katalon.core.main.ScriptEngine.runScriptAsRawText(ScriptEngine.java:119)
	at com.kms.katalon.core.main.TestCaseExecutor.runScript(TestCaseExecutor.java:442)
	at com.kms.katalon.core.main.TestCaseExecutor.doExecute(TestCaseExecutor.java:433)
	at com.kms.katalon.core.main.TestCaseExecutor.processExecutionPhase(TestCaseExecutor.java:412)
	at com.kms.katalon.core.main.TestCaseExecutor.accessMainPhase(TestCaseExecutor.java:404)
	at com.kms.katalon.core.main.TestCaseExecutor.execute(TestCaseExecutor.java:281)
	at com.kms.katalon.core.main.TestCaseMain.runTestCase(TestCaseMain.java:142)
	at com.kms.katalon.core.keyword.builtin.CallTestCaseKeyword$_callTestCase_closure1.doCall(CallTestCaseKeyword.groovy:59)
	... 20 more
Caused by: com.kms.katalon.core.webui.exception.WebElementNotFoundException: Web element with id: 'Object Repository/Header/Preview/ClickOnPreviewIcon' located by '//span[contains(text(),'Preview')]//parent::a' not found
	at com.kms.katalon.core.webui.common.WebUiCommonHelper.findWebElement(WebUiCommonHelper.java:1370)
	at com.kms.katalon.core.webui.keyword.internal.WebUIAbstractKeyword.findWebElement(WebUIAbstractKeyword.groovy:27)
	at com.kms.katalon.core.webui.keyword.builtin.ClickKeyword$_click_closure1.doCall(ClickKeyword.groovy:65)
	at com.kms.katalon.core.webui.keyword.builtin.ClickKeyword$_click_closure1.call(ClickKeyword.groovy)
	at com.kms.katalon.core.webui.keyword.internal.WebUIKeywordMain.runKeyword(WebUIKeywordMain.groovy:20)
	... 35 more
)
	at com.kms.katalon.core.keyword.internal.KeywordMain.stepFailed(KeywordMain.groovy:39)
	at com.kms.katalon.core.keyword.internal.KeywordMain.stepFailed(KeywordMain.groovy)
	at com.kms.katalon.core.keyword.internal.KeywordMain.runKeyword(KeywordMain.groovy:76)
	at com.kms.katalon.core.keyword.builtin.CallTestCaseKeyword.callTestCase(CallTestCaseKeyword.groovy:81)
	at com.kms.katalon.core.keyword.builtin.CallTestCaseKeyword.execute(CallTestCaseKeyword.groovy:44)
	at com.kms.katalon.core.keyword.internal.KeywordExecutor.executeKeywordForPlatform(KeywordExecutor.groovy:74)
	at com.kms.katalon.core.keyword.BuiltinKeywords.callTestCase(BuiltinKeywords.groovy:334)
	at ActivityOverview-OpenDetailPop-up.run(ActivityOverview-OpenDetailPop-up:226)
	at com.kms.katalon.core.main.ScriptEngine.run(ScriptEngine.java:194)
	at com.kms.katalon.core.main.ScriptEngine.runScriptAsRawText(ScriptEngine.java:119)
	at com.kms.katalon.core.main.TestCaseExecutor.runScript(TestCaseExecutor.java:442)
	at com.kms.katalon.core.main.TestCaseExecutor.doExecute(TestCaseExecutor.java:433)
	at com.kms.katalon.core.main.TestCaseExecutor.processExecutionPhase(TestCaseExecutor.java:412)
	at com.kms.katalon.core.main.TestCaseExecutor.accessMainPhase(TestCaseExecutor.java:404)
	at com.kms.katalon.core.main.TestCaseExecutor.execute(TestCaseExecutor.java:281)
	at com.kms.katalon.core.main.TestSuiteExecutor.accessTestCaseMainPhase(TestSuiteExecutor.java:202)
	at com.kms.katalon.core.main.TestSuiteExecutor.accessTestSuiteMainPhase(TestSuiteExecutor.java:164)
	at com.kms.katalon.core.main.TestSuiteExecutor.execute(TestSuiteExecutor.java:105)
	at com.kms.katalon.core.main.TestCaseMain.startTestSuite(TestCaseMain.java:185)
	at com.kms.katalon.core.main.TestCaseMain$startTestSuite$0.call(Unknown Source)
	at TempTestSuite1644820084493.run(TempTestSuite1644820084493.groovy:36)
Caused by: com.kms.katalon.core.exception.StepFailedException: Call Test Case 'Test Cases/StepToReUse/StepTOCopyURLAndAddAnotherTab' failed
	at com.kms.katalon.core.keyword.builtin.CallTestCaseKeyword$_callTestCase_closure1.doCall(CallTestCaseKeyword.groovy:63)
	at com.kms.katalon.core.keyword.builtin.CallTestCaseKeyword$_callTestCase_closure1.call(CallTestCaseKeyword.groovy)
	at com.kms.katalon.core.keyword.internal.KeywordMain.runKeyword(KeywordMain.groovy:74)
	... 18 more
Caused by: com.kms.katalon.core.exception.StepFailedException: Unable to click on object 'Object Repository/Header/Preview/ClickOnPreviewIcon'
	at com.kms.katalon.core.webui.keyword.internal.WebUIKeywordMain.stepFailed(WebUIKeywordMain.groovy:64)
	at com.kms.katalon.core.webui.keyword.internal.WebUIKeywordMain.runKeyword(WebUIKeywordMain.groovy:26)
	at com.kms.katalon.core.webui.keyword.builtin.ClickKeyword.click(ClickKeyword.groovy:74)
	at com.kms.katalon.core.webui.keyword.builtin.ClickKeyword.execute(ClickKeyword.groovy:40)
	at com.kms.katalon.core.keyword.internal.KeywordExecutor.executeKeywordForPlatform(KeywordExecutor.groovy:74)
	at com.kms.katalon.core.webui.keyword.WebUiBuiltInKeywords.click(WebUiBuiltInKeywords.groovy:620)
	at com.kms.katalon.core.webui.keyword.WebUiBuiltInKeywords$click$2.call(Unknown Source)
	at StepTOCopyURLAndAddAnotherTab.run(StepTOCopyURLAndAddAnotherTab:29)
	at com.kms.katalon.core.main.ScriptEngine.run(ScriptEngine.java:194)
	at com.kms.katalon.core.main.ScriptEngine.runScriptAsRawText(ScriptEngine.java:119)
	at com.kms.katalon.core.main.TestCaseExecutor.runScript(TestCaseExecutor.java:442)
	at com.kms.katalon.core.main.TestCaseExecutor.doExecute(TestCaseExecutor.java:433)
	at com.kms.katalon.core.main.TestCaseExecutor.processExecutionPhase(TestCaseExecutor.java:412)
	at com.kms.katalon.core.main.TestCaseExecutor.accessMainPhase(TestCaseExecutor.java:404)
	at com.kms.katalon.core.main.TestCaseExecutor.execute(TestCaseExecutor.java:281)
	at com.kms.katalon.core.main.TestCaseMain.runTestCase(TestCaseMain.java:142)
	at com.kms.katalon.core.keyword.builtin.CallTestCaseKeyword$_callTestCase_closure1.doCall(CallTestCaseKeyword.groovy:59)
	... 20 more
Caused by: com.kms.katalon.core.webui.exception.WebElementNotFoundException: Web element with id: 'Object Repository/Header/Preview/ClickOnPreviewIcon' located by '//span[contains(text(),'Preview')]//parent::a' not found
	at com.kms.katalon.core.webui.common.WebUiCommonHelper.findWebElement(WebUiCommonHelper.java:1370)
	at com.kms.katalon.core.webui.keyword.internal.WebUIAbstractKeyword.findWebElement(WebUIAbstractKeyword.groovy:27)
	at com.kms.katalon.core.webui.keyword.builtin.ClickKeyword$_click_closure1.doCall(ClickKeyword.groovy:65)
	at com.kms.katalon.core.webui.keyword.builtin.ClickKeyword$_click_closure1.call(ClickKeyword.groovy)
	at com.kms.katalon.core.webui.keyword.internal.WebUIKeywordMain.runKeyword(WebUIKeywordMain.groovy:20)
	... 35 more]]></system-err>
      </testcase>
      <system-out><![CDATA[2022-02-14 12:28:42 - [TEST_SUITE][FAILED] - DetailPop-up-BothSideUrlBasedAndNormal: Test Cases/NewActivityOverview-LeftNavigation/ActivityOverview-OpenDetailPop-up FAILED.
Reason:
com.kms.katalon.core.exception.StepFailedException: Unable to call Test Case 'Test Cases/StepToReUse/StepTOCopyURLAndAddAnotherTab' (Root cause: com.kms.katalon.core.exception.StepFailedException: Call Test Case 'Test Cases/StepToReUse/StepTOCopyURLAndAddAnotherTab' failed
	at com.kms.katalon.core.keyword.builtin.CallTestCaseKeyword$_callTestCase_closure1.doCall(CallTestCaseKeyword.groovy:63)
	at com.kms.katalon.core.keyword.builtin.CallTestCaseKeyword$_callTestCase_closure1.call(CallTestCaseKeyword.groovy)
	at com.kms.katalon.core.keyword.internal.KeywordMain.runKeyword(KeywordMain.groovy:74)
	at com.kms.katalon.core.keyword.builtin.CallTestCaseKeyword.callTestCase(CallTestCaseKeyword.groovy:81)
	at com.kms.katalon.core.keyword.builtin.CallTestCaseKeyword.execute(CallTestCaseKeyword.groovy:44)
	at com.kms.katalon.core.keyword.internal.KeywordExecutor.executeKeywordForPlatform(KeywordExecutor.groovy:74)
	at com.kms.katalon.core.keyword.BuiltinKeywords.callTestCase(BuiltinKeywords.groovy:334)
	at ActivityOverview-OpenDetailPop-up.run(ActivityOverview-OpenDetailPop-up:226)
	at com.kms.katalon.core.main.ScriptEngine.run(ScriptEngine.java:194)
	at com.kms.katalon.core.main.ScriptEngine.runScriptAsRawText(ScriptEngine.java:119)
	at com.kms.katalon.core.main.TestCaseExecutor.runScript(TestCaseExecutor.java:442)
	at com.kms.katalon.core.main.TestCaseExecutor.doExecute(TestCaseExecutor.java:433)
	at com.kms.katalon.core.main.TestCaseExecutor.processExecutionPhase(TestCaseExecutor.java:412)
	at com.kms.katalon.core.main.TestCaseExecutor.accessMainPhase(TestCaseExecutor.java:404)
	at com.kms.katalon.core.main.TestCaseExecutor.execute(TestCaseExecutor.java:281)
	at com.kms.katalon.core.main.TestSuiteExecutor.accessTestCaseMainPhase(TestSuiteExecutor.java:202)
	at com.kms.katalon.core.main.TestSuiteExecutor.accessTestSuiteMainPhase(TestSuiteExecutor.java:164)
	at com.kms.katalon.core.main.TestSuiteExecutor.execute(TestSuiteExecutor.java:105)
	at com.kms.katalon.core.main.TestCaseMain.startTestSuite(TestCaseMain.java:185)
	at com.kms.katalon.core.main.TestCaseMain$startTestSuite$0.call(Unknown Source)
	at TempTestSuite1644820084493.run(TempTestSuite1644820084493.groovy:36)
Caused by: com.kms.katalon.core.exception.StepFailedException: Unable to click on object 'Object Repository/Header/Preview/ClickOnPreviewIcon'
	at com.kms.katalon.core.webui.keyword.internal.WebUIKeywordMain.stepFailed(WebUIKeywordMain.groovy:64)
	at com.kms.katalon.core.webui.keyword.internal.WebUIKeywordMain.runKeyword(WebUIKeywordMain.groovy:26)
	at com.kms.katalon.core.webui.keyword.builtin.ClickKeyword.click(ClickKeyword.groovy:74)
	at com.kms.katalon.core.webui.keyword.builtin.ClickKeyword.execute(ClickKeyword.groovy:40)
	at com.kms.katalon.core.keyword.internal.KeywordExecutor.executeKeywordForPlatform(KeywordExecutor.groovy:74)
	at com.kms.katalon.core.webui.keyword.WebUiBuiltInKeywords.click(WebUiBuiltInKeywords.groovy:620)
	at com.kms.katalon.core.webui.keyword.WebUiBuiltInKeywords$click$2.call(Unknown Source)
	at StepTOCopyURLAndAddAnotherTab.run(StepTOCopyURLAndAddAnotherTab:29)
	at com.kms.katalon.core.main.ScriptEngine.run(ScriptEngine.java:194)
	at com.kms.katalon.core.main.ScriptEngine.runScriptAsRawText(ScriptEngine.java:119)
	at com.kms.katalon.core.main.TestCaseExecutor.runScript(TestCaseExecutor.java:442)
	at com.kms.katalon.core.main.TestCaseExecutor.doExecute(TestCaseExecutor.java:433)
	at com.kms.katalon.core.main.TestCaseExecutor.processExecutionPhase(TestCaseExecutor.java:412)
	at com.kms.katalon.core.main.TestCaseExecutor.accessMainPhase(TestCaseExecutor.java:404)
	at com.kms.katalon.core.main.TestCaseExecutor.execute(TestCaseExecutor.java:281)
	at com.kms.katalon.core.main.TestCaseMain.runTestCase(TestCaseMain.java:142)
	at com.kms.katalon.core.keyword.builtin.CallTestCaseKeyword$_callTestCase_closure1.doCall(CallTestCaseKeyword.groovy:59)
	... 20 more
Caused by: com.kms.katalon.core.webui.exception.WebElementNotFoundException: Web element with id: 'Object Repository/Header/Preview/ClickOnPreviewIcon' located by '//span[contains(text(),'Preview')]//parent::a' not found
	at com.kms.katalon.core.webui.common.WebUiCommonHelper.findWebElement(WebUiCommonHelper.java:1370)
	at com.kms.katalon.core.webui.keyword.internal.WebUIAbstractKeyword.findWebElement(WebUIAbstractKeyword.groovy:27)
	at com.kms.katalon.core.webui.keyword.builtin.ClickKeyword$_click_closure1.doCall(ClickKeyword.groovy:65)
	at com.kms.katalon.core.webui.keyword.builtin.ClickKeyword$_click_closure1.call(ClickKeyword.groovy)
	at com.kms.katalon.core.webui.keyword.internal.WebUIKeywordMain.runKeyword(WebUIKeywordMain.groovy:20)
	... 35 more
)
	at com.kms.katalon.core.keyword.internal.KeywordMain.stepFailed(KeywordMain.groovy:39)
	at com.kms.katalon.core.keyword.internal.KeywordMain.stepFailed(KeywordMain.groovy)
	at com.kms.katalon.core.keyword.internal.KeywordMain.runKeyword(KeywordMain.groovy:76)
	at com.kms.katalon.core.keyword.builtin.CallTestCaseKeyword.callTestCase(CallTestCaseKeyword.groovy:81)
	at com.kms.katalon.core.keyword.builtin.CallTestCaseKeyword.execute(CallTestCaseKeyword.groovy:44)
	at com.kms.katalon.core.keyword.internal.KeywordExecutor.executeKeywordForPlatform(KeywordExecutor.groovy:74)
	at com.kms.katalon.core.keyword.BuiltinKeywords.callTestCase(BuiltinKeywords.groovy:334)
	at ActivityOverview-OpenDetailPop-up.run(ActivityOverview-OpenDetailPop-up:226)
	at com.kms.katalon.core.main.ScriptEngine.run(ScriptEngine.java:194)
	at com.kms.katalon.core.main.ScriptEngine.runScriptAsRawText(ScriptEngine.java:119)
	at com.kms.katalon.core.main.TestCaseExecutor.runScript(TestCaseExecutor.java:442)
	at com.kms.katalon.core.main.TestCaseExecutor.doExecute(TestCaseExecutor.java:433)
	at com.kms.katalon.core.main.TestCaseExecutor.processExecutionPhase(TestCaseExecutor.java:412)
	at com.kms.katalon.core.main.TestCaseExecutor.accessMainPhase(TestCaseExecutor.java:404)
	at com.kms.katalon.core.main.TestCaseExecutor.execute(TestCaseExecutor.java:281)
	at com.kms.katalon.core.main.TestSuiteExecutor.accessTestCaseMainPhase(TestSuiteExecutor.java:202)
	at com.kms.katalon.core.main.TestSuiteExecutor.accessTestSuiteMainPhase(TestSuiteExecutor.java:164)
	at com.kms.katalon.core.main.TestSuiteExecutor.execute(TestSuiteExecutor.java:105)
	at com.kms.katalon.core.main.TestCaseMain.startTestSuite(TestCaseMain.java:185)
	at com.kms.katalon.core.main.TestCaseMain$startTestSuite$0.call(Unknown Source)
	at TempTestSuite1644820084493.run(TempTestSuite1644820084493.groovy:36)
Caused by: com.kms.katalon.core.exception.StepFailedException: Call Test Case 'Test Cases/StepToReUse/StepTOCopyURLAndAddAnotherTab' failed
	at com.kms.katalon.core.keyword.builtin.CallTestCaseKeyword$_callTestCase_closure1.doCall(CallTestCaseKeyword.groovy:63)
	at com.kms.katalon.core.keyword.builtin.CallTestCaseKeyword$_callTestCase_closure1.call(CallTestCaseKeyword.groovy)
	at com.kms.katalon.core.keyword.internal.KeywordMain.runKeyword(KeywordMain.groovy:74)
	... 18 more
Caused by: com.kms.katalon.core.exception.StepFailedException: Unable to click on object 'Object Repository/Header/Preview/ClickOnPreviewIcon'
	at com.kms.katalon.core.webui.keyword.internal.WebUIKeywordMain.stepFailed(WebUIKeywordMain.groovy:64)
	at com.kms.katalon.core.webui.keyword.internal.WebUIKeywordMain.runKeyword(WebUIKeywordMain.groovy:26)
	at com.kms.katalon.core.webui.keyword.builtin.ClickKeyword.click(ClickKeyword.groovy:74)
	at com.kms.katalon.core.webui.keyword.builtin.ClickKeyword.execute(ClickKeyword.groovy:40)
	at com.kms.katalon.core.keyword.internal.KeywordExecutor.executeKeywordForPlatform(KeywordExecutor.groovy:74)
	at com.kms.katalon.core.webui.keyword.WebUiBuiltInKeywords.click(WebUiBuiltInKeywords.groovy:620)
	at com.kms.katalon.core.webui.keyword.WebUiBuiltInKeywords$click$2.call(Unknown Source)
	at StepTOCopyURLAndAddAnotherTab.run(StepTOCopyURLAndAddAnotherTab:29)
	at com.kms.katalon.core.main.ScriptEngine.run(ScriptEngine.java:194)
	at com.kms.katalon.core.main.ScriptEngine.runScriptAsRawText(ScriptEngine.java:119)
	at com.kms.katalon.core.main.TestCaseExecutor.runScript(TestCaseExecutor.java:442)
	at com.kms.katalon.core.main.TestCaseExecutor.doExecute(TestCaseExecutor.java:433)
	at com.kms.katalon.core.main.TestCaseExecutor.processExecutionPhase(TestCaseExecutor.java:412)
	at com.kms.katalon.core.main.TestCaseExecutor.accessMainPhase(TestCaseExecutor.java:404)
	at com.kms.katalon.core.main.TestCaseExecutor.execute(TestCaseExecutor.java:281)
	at com.kms.katalon.core.main.TestCaseMain.runTestCase(TestCaseMain.java:142)
	at com.kms.katalon.core.keyword.builtin.CallTestCaseKeyword$_callTestCase_closure1.doCall(CallTestCaseKeyword.groovy:59)
	... 20 more
Caused by: com.kms.katalon.core.webui.exception.WebElementNotFoundException: Web element with id: 'Object Repository/Header/Preview/ClickOnPreviewIcon' located by '//span[contains(text(),'Preview')]//parent::a' not found
	at com.kms.katalon.core.webui.common.WebUiCommonHelper.findWebElement(WebUiCommonHelper.java:1370)
	at com.kms.katalon.core.webui.keyword.internal.WebUIAbstractKeyword.findWebElement(WebUIAbstractKeyword.groovy:27)
	at com.kms.katalon.core.webui.keyword.builtin.ClickKeyword$_click_closure1.doCall(ClickKeyword.groovy:65)
	at com.kms.katalon.core.webui.keyword.builtin.ClickKeyword$_click_closure1.call(ClickKeyword.groovy)
	at com.kms.katalon.core.webui.keyword.internal.WebUIKeywordMain.runKeyword(WebUIKeywordMain.groovy:20)
	... 35 more]]></system-out>
      <system-err><![CDATA[2022-02-14 12:28:42 - [TEST_SUITE][FAILED] - DetailPop-up-BothSideUrlBasedAndNormal: Test Cases/NewActivityOverview-LeftNavigation/ActivityOverview-OpenDetailPop-up FAILED.
Reason:
com.kms.katalon.core.exception.StepFailedException: Unable to call Test Case 'Test Cases/StepToReUse/StepTOCopyURLAndAddAnotherTab' (Root cause: com.kms.katalon.core.exception.StepFailedException: Call Test Case 'Test Cases/StepToReUse/StepTOCopyURLAndAddAnotherTab' failed
	at com.kms.katalon.core.keyword.builtin.CallTestCaseKeyword$_callTestCase_closure1.doCall(CallTestCaseKeyword.groovy:63)
	at com.kms.katalon.core.keyword.builtin.CallTestCaseKeyword$_callTestCase_closure1.call(CallTestCaseKeyword.groovy)
	at com.kms.katalon.core.keyword.internal.KeywordMain.runKeyword(KeywordMain.groovy:74)
	at com.kms.katalon.core.keyword.builtin.CallTestCaseKeyword.callTestCase(CallTestCaseKeyword.groovy:81)
	at com.kms.katalon.core.keyword.builtin.CallTestCaseKeyword.execute(CallTestCaseKeyword.groovy:44)
	at com.kms.katalon.core.keyword.internal.KeywordExecutor.executeKeywordForPlatform(KeywordExecutor.groovy:74)
	at com.kms.katalon.core.keyword.BuiltinKeywords.callTestCase(BuiltinKeywords.groovy:334)
	at ActivityOverview-OpenDetailPop-up.run(ActivityOverview-OpenDetailPop-up:226)
	at com.kms.katalon.core.main.ScriptEngine.run(ScriptEngine.java:194)
	at com.kms.katalon.core.main.ScriptEngine.runScriptAsRawText(ScriptEngine.java:119)
	at com.kms.katalon.core.main.TestCaseExecutor.runScript(TestCaseExecutor.java:442)
	at com.kms.katalon.core.main.TestCaseExecutor.doExecute(TestCaseExecutor.java:433)
	at com.kms.katalon.core.main.TestCaseExecutor.processExecutionPhase(TestCaseExecutor.java:412)
	at com.kms.katalon.core.main.TestCaseExecutor.accessMainPhase(TestCaseExecutor.java:404)
	at com.kms.katalon.core.main.TestCaseExecutor.execute(TestCaseExecutor.java:281)
	at com.kms.katalon.core.main.TestSuiteExecutor.accessTestCaseMainPhase(TestSuiteExecutor.java:202)
	at com.kms.katalon.core.main.TestSuiteExecutor.accessTestSuiteMainPhase(TestSuiteExecutor.java:164)
	at com.kms.katalon.core.main.TestSuiteExecutor.execute(TestSuiteExecutor.java:105)
	at com.kms.katalon.core.main.TestCaseMain.startTestSuite(TestCaseMain.java:185)
	at com.kms.katalon.core.main.TestCaseMain$startTestSuite$0.call(Unknown Source)
	at TempTestSuite1644820084493.run(TempTestSuite1644820084493.groovy:36)
Caused by: com.kms.katalon.core.exception.StepFailedException: Unable to click on object 'Object Repository/Header/Preview/ClickOnPreviewIcon'
	at com.kms.katalon.core.webui.keyword.internal.WebUIKeywordMain.stepFailed(WebUIKeywordMain.groovy:64)
	at com.kms.katalon.core.webui.keyword.internal.WebUIKeywordMain.runKeyword(WebUIKeywordMain.groovy:26)
	at com.kms.katalon.core.webui.keyword.builtin.ClickKeyword.click(ClickKeyword.groovy:74)
	at com.kms.katalon.core.webui.keyword.builtin.ClickKeyword.execute(ClickKeyword.groovy:40)
	at com.kms.katalon.core.keyword.internal.KeywordExecutor.executeKeywordForPlatform(KeywordExecutor.groovy:74)
	at com.kms.katalon.core.webui.keyword.WebUiBuiltInKeywords.click(WebUiBuiltInKeywords.groovy:620)
	at com.kms.katalon.core.webui.keyword.WebUiBuiltInKeywords$click$2.call(Unknown Source)
	at StepTOCopyURLAndAddAnotherTab.run(StepTOCopyURLAndAddAnotherTab:29)
	at com.kms.katalon.core.main.ScriptEngine.run(ScriptEngine.java:194)
	at com.kms.katalon.core.main.ScriptEngine.runScriptAsRawText(ScriptEngine.java:119)
	at com.kms.katalon.core.main.TestCaseExecutor.runScript(TestCaseExecutor.java:442)
	at com.kms.katalon.core.main.TestCaseExecutor.doExecute(TestCaseExecutor.java:433)
	at com.kms.katalon.core.main.TestCaseExecutor.processExecutionPhase(TestCaseExecutor.java:412)
	at com.kms.katalon.core.main.TestCaseExecutor.accessMainPhase(TestCaseExecutor.java:404)
	at com.kms.katalon.core.main.TestCaseExecutor.execute(TestCaseExecutor.java:281)
	at com.kms.katalon.core.main.TestCaseMain.runTestCase(TestCaseMain.java:142)
	at com.kms.katalon.core.keyword.builtin.CallTestCaseKeyword$_callTestCase_closure1.doCall(CallTestCaseKeyword.groovy:59)
	... 20 more
Caused by: com.kms.katalon.core.webui.exception.WebElementNotFoundException: Web element with id: 'Object Repository/Header/Preview/ClickOnPreviewIcon' located by '//span[contains(text(),'Preview')]//parent::a' not found
	at com.kms.katalon.core.webui.common.WebUiCommonHelper.findWebElement(WebUiCommonHelper.java:1370)
	at com.kms.katalon.core.webui.keyword.internal.WebUIAbstractKeyword.findWebElement(WebUIAbstractKeyword.groovy:27)
	at com.kms.katalon.core.webui.keyword.builtin.ClickKeyword$_click_closure1.doCall(ClickKeyword.groovy:65)
	at com.kms.katalon.core.webui.keyword.builtin.ClickKeyword$_click_closure1.call(ClickKeyword.groovy)
	at com.kms.katalon.core.webui.keyword.internal.WebUIKeywordMain.runKeyword(WebUIKeywordMain.groovy:20)
	... 35 more
)
	at com.kms.katalon.core.keyword.internal.KeywordMain.stepFailed(KeywordMain.groovy:39)
	at com.kms.katalon.core.keyword.internal.KeywordMain.stepFailed(KeywordMain.groovy)
	at com.kms.katalon.core.keyword.internal.KeywordMain.runKeyword(KeywordMain.groovy:76)
	at com.kms.katalon.core.keyword.builtin.CallTestCaseKeyword.callTestCase(CallTestCaseKeyword.groovy:81)
	at com.kms.katalon.core.keyword.builtin.CallTestCaseKeyword.execute(CallTestCaseKeyword.groovy:44)
	at com.kms.katalon.core.keyword.internal.KeywordExecutor.executeKeywordForPlatform(KeywordExecutor.groovy:74)
	at com.kms.katalon.core.keyword.BuiltinKeywords.callTestCase(BuiltinKeywords.groovy:334)
	at ActivityOverview-OpenDetailPop-up.run(ActivityOverview-OpenDetailPop-up:226)
	at com.kms.katalon.core.main.ScriptEngine.run(ScriptEngine.java:194)
	at com.kms.katalon.core.main.ScriptEngine.runScriptAsRawText(ScriptEngine.java:119)
	at com.kms.katalon.core.main.TestCaseExecutor.runScript(TestCaseExecutor.java:442)
	at com.kms.katalon.core.main.TestCaseExecutor.doExecute(TestCaseExecutor.java:433)
	at com.kms.katalon.core.main.TestCaseExecutor.processExecutionPhase(TestCaseExecutor.java:412)
	at com.kms.katalon.core.main.TestCaseExecutor.accessMainPhase(TestCaseExecutor.java:404)
	at com.kms.katalon.core.main.TestCaseExecutor.execute(TestCaseExecutor.java:281)
	at com.kms.katalon.core.main.TestSuiteExecutor.accessTestCaseMainPhase(TestSuiteExecutor.java:202)
	at com.kms.katalon.core.main.TestSuiteExecutor.accessTestSuiteMainPhase(TestSuiteExecutor.java:164)
	at com.kms.katalon.core.main.TestSuiteExecutor.execute(TestSuiteExecutor.java:105)
	at com.kms.katalon.core.main.TestCaseMain.startTestSuite(TestCaseMain.java:185)
	at com.kms.katalon.core.main.TestCaseMain$startTestSuite$0.call(Unknown Source)
	at TempTestSuite1644820084493.run(TempTestSuite1644820084493.groovy:36)
Caused by: com.kms.katalon.core.exception.StepFailedException: Call Test Case 'Test Cases/StepToReUse/StepTOCopyURLAndAddAnotherTab' failed
	at com.kms.katalon.core.keyword.builtin.CallTestCaseKeyword$_callTestCase_closure1.doCall(CallTestCaseKeyword.groovy:63)
	at com.kms.katalon.core.keyword.builtin.CallTestCaseKeyword$_callTestCase_closure1.call(CallTestCaseKeyword.groovy)
	at com.kms.katalon.core.keyword.internal.KeywordMain.runKeyword(KeywordMain.groovy:74)
	... 18 more
Caused by: com.kms.katalon.core.exception.StepFailedException: Unable to click on object 'Object Repository/Header/Preview/ClickOnPreviewIcon'
	at com.kms.katalon.core.webui.keyword.internal.WebUIKeywordMain.stepFailed(WebUIKeywordMain.groovy:64)
	at com.kms.katalon.core.webui.keyword.internal.WebUIKeywordMain.runKeyword(WebUIKeywordMain.groovy:26)
	at com.kms.katalon.core.webui.keyword.builtin.ClickKeyword.click(ClickKeyword.groovy:74)
	at com.kms.katalon.core.webui.keyword.builtin.ClickKeyword.execute(ClickKeyword.groovy:40)
	at com.kms.katalon.core.keyword.internal.KeywordExecutor.executeKeywordForPlatform(KeywordExecutor.groovy:74)
	at com.kms.katalon.core.webui.keyword.WebUiBuiltInKeywords.click(WebUiBuiltInKeywords.groovy:620)
	at com.kms.katalon.core.webui.keyword.WebUiBuiltInKeywords$click$2.call(Unknown Source)
	at StepTOCopyURLAndAddAnotherTab.run(StepTOCopyURLAndAddAnotherTab:29)
	at com.kms.katalon.core.main.ScriptEngine.run(ScriptEngine.java:194)
	at com.kms.katalon.core.main.ScriptEngine.runScriptAsRawText(ScriptEngine.java:119)
	at com.kms.katalon.core.main.TestCaseExecutor.runScript(TestCaseExecutor.java:442)
	at com.kms.katalon.core.main.TestCaseExecutor.doExecute(TestCaseExecutor.java:433)
	at com.kms.katalon.core.main.TestCaseExecutor.processExecutionPhase(TestCaseExecutor.java:412)
	at com.kms.katalon.core.main.TestCaseExecutor.accessMainPhase(TestCaseExecutor.java:404)
	at com.kms.katalon.core.main.TestCaseExecutor.execute(TestCaseExecutor.java:281)
	at com.kms.katalon.core.main.TestCaseMain.runTestCase(TestCaseMain.java:142)
	at com.kms.katalon.core.keyword.builtin.CallTestCaseKeyword$_callTestCase_closure1.doCall(CallTestCaseKeyword.groovy:59)
	... 20 more
Caused by: com.kms.katalon.core.webui.exception.WebElementNotFoundException: Web element with id: 'Object Repository/Header/Preview/ClickOnPreviewIcon' located by '//span[contains(text(),'Preview')]//parent::a' not found
	at com.kms.katalon.core.webui.common.WebUiCommonHelper.findWebElement(WebUiCommonHelper.java:1370)
	at com.kms.katalon.core.webui.keyword.internal.WebUIAbstractKeyword.findWebElement(WebUIAbstractKeyword.groovy:27)
	at com.kms.katalon.core.webui.keyword.builtin.ClickKeyword$_click_closure1.doCall(ClickKeyword.groovy:65)
	at com.kms.katalon.core.webui.keyword.builtin.ClickKeyword$_click_closure1.call(ClickKeyword.groovy)
	at com.kms.katalon.core.webui.keyword.internal.WebUIKeywordMain.runKeyword(WebUIKeywordMain.groovy:20)
	... 35 more]]></system-err>
   </testsuite>
   <testsuite name="Refund-Order-Main" tests="1" failures="0" errors="0" time="712.139" skipped="0" timestamp="2022-02-14 12:55:46" hostname="intersoft-admin - intersoftadmin-desktop" id="Test Suites/Refund-Order-Main">
      <properties>
         <property name="deviceName" value=""/>
         <property name="devicePlatform" value=""/>
         <property name="logFolder" value="/home/intersoft-admin/Rattan/Bash/Training/Rattan/Final_testing/New_ActivityOverview/Reports/20220214_115757/Refund-Order-Main/20220214_115806"/>
         <property name="logFiles" value="/home/intersoft-admin/Rattan/Bash/Training/Rattan/Final_testing/New_ActivityOverview/Reports/20220214_115757/Refund-Order-Main/20220214_115806/execution0.log"/>
         <property name="attachments" value="/home/intersoft-admin/Rattan/Bash/Training/Rattan/Final_testing/New_ActivityOverview/Reports/20220214_115757/Refund-Order-Main/20220214_115806/1644823573926.png, /home/intersoft-admin/Rattan/Bash/Training/Rattan/Final_testing/New_ActivityOverview/Reports/20220214_115757/Refund-Order-Main/20220214_115806/1644823588838.png, /home/intersoft-admin/Rattan/Bash/Training/Rattan/Final_testing/New_ActivityOverview/Reports/20220214_115757/Refund-Order-Main/20220214_115806/1644823599291.png, /home/intersoft-admin/Rattan/Bash/Training/Rattan/Final_testing/New_ActivityOverview/Reports/20220214_115757/Refund-Order-Main/20220214_115806/1644823630870.png, /home/intersoft-admin/Rattan/Bash/Training/Rattan/Final_testing/New_ActivityOverview/Reports/20220214_115757/Refund-Order-Main/20220214_115806/1644823654234.png, /home/intersoft-admin/Rattan/Bash/Training/Rattan/Final_testing/New_ActivityOverview/Reports/20220214_115757/Refund-Order-Main/20220214_115806/1644823654586.png, /home/intersoft-admin/Rattan/Bash/Training/Rattan/Final_testing/New_ActivityOverview/Reports/20220214_115757/Refund-Order-Main/20220214_115806/1644823677985.png, /home/intersoft-admin/Rattan/Bash/Training/Rattan/Final_testing/New_ActivityOverview/Reports/20220214_115757/Refund-Order-Main/20220214_115806/1644823682447.png, /home/intersoft-admin/Rattan/Bash/Training/Rattan/Final_testing/New_ActivityOverview/Reports/20220214_115757/Refund-Order-Main/20220214_115806/1644823686866.png, /home/intersoft-admin/Rattan/Bash/Training/Rattan/Final_testing/New_ActivityOverview/Reports/20220214_115757/Refund-Order-Main/20220214_115806/1644823694305.png, /home/intersoft-admin/Rattan/Bash/Training/Rattan/Final_testing/New_ActivityOverview/Reports/20220214_115757/Refund-Order-Main/20220214_115806/1644823698616.png, /home/intersoft-admin/Rattan/Bash/Training/Rattan/Final_testing/New_ActivityOverview/Reports/20220214_115757/Refund-Order-Main/20220214_115806/1644823743437.png, /home/intersoft-admin/Rattan/Bash/Training/Rattan/Final_testing/New_ActivityOverview/Reports/20220214_115757/Refund-Order-Main/20220214_115806/1644823779786.png, /home/intersoft-admin/Rattan/Bash/Training/Rattan/Final_testing/New_ActivityOverview/Reports/20220214_115757/Refund-Order-Main/20220214_115806/1644823780069.png, /home/intersoft-admin/Rattan/Bash/Training/Rattan/Final_testing/New_ActivityOverview/Reports/20220214_115757/Refund-Order-Main/20220214_115806/1644823803445.png, /home/intersoft-admin/Rattan/Bash/Training/Rattan/Final_testing/New_ActivityOverview/Reports/20220214_115757/Refund-Order-Main/20220214_115806/1644823807823.png, /home/intersoft-admin/Rattan/Bash/Training/Rattan/Final_testing/New_ActivityOverview/Reports/20220214_115757/Refund-Order-Main/20220214_115806/1644823812244.png, /home/intersoft-admin/Rattan/Bash/Training/Rattan/Final_testing/New_ActivityOverview/Reports/20220214_115757/Refund-Order-Main/20220214_115806/1644823819609.png, /home/intersoft-admin/Rattan/Bash/Training/Rattan/Final_testing/New_ActivityOverview/Reports/20220214_115757/Refund-Order-Main/20220214_115806/1644823823908.png, /home/intersoft-admin/Rattan/Bash/Training/Rattan/Final_testing/New_ActivityOverview/Reports/20220214_115757/Refund-Order-Main/20220214_115806/1644823868762.png, /home/intersoft-admin/Rattan/Bash/Training/Rattan/Final_testing/New_ActivityOverview/Reports/20220214_115757/Refund-Order-Main/20220214_115806/1644823905125.png, /home/intersoft-admin/Rattan/Bash/Training/Rattan/Final_testing/New_ActivityOverview/Reports/20220214_115757/Refund-Order-Main/20220214_115806/1644823905420.png, /home/intersoft-admin/Rattan/Bash/Training/Rattan/Final_testing/New_ActivityOverview/Reports/20220214_115757/Refund-Order-Main/20220214_115806/1644823928836.png, /home/intersoft-admin/Rattan/Bash/Training/Rattan/Final_testing/New_ActivityOverview/Reports/20220214_115757/Refund-Order-Main/20220214_115806/1644823933405.png, /home/intersoft-admin/Rattan/Bash/Training/Rattan/Final_testing/New_ActivityOverview/Reports/20220214_115757/Refund-Order-Main/20220214_115806/1644823937892.png, /home/intersoft-admin/Rattan/Bash/Training/Rattan/Final_testing/New_ActivityOverview/Reports/20220214_115757/Refund-Order-Main/20220214_115806/1644823945286.png, /home/intersoft-admin/Rattan/Bash/Training/Rattan/Final_testing/New_ActivityOverview/Reports/20220214_115757/Refund-Order-Main/20220214_115806/1644823949610.png, /home/intersoft-admin/Rattan/Bash/Training/Rattan/Final_testing/New_ActivityOverview/Reports/20220214_115757/Refund-Order-Main/20220214_115806/1644823994518.png, /home/intersoft-admin/Rattan/Bash/Training/Rattan/Final_testing/New_ActivityOverview/Reports/20220214_115757/Refund-Order-Main/20220214_115806/1644824030850.png, /home/intersoft-admin/Rattan/Bash/Training/Rattan/Final_testing/New_ActivityOverview/Reports/20220214_115757/Refund-Order-Main/20220214_115806/1644824031119.png, /home/intersoft-admin/Rattan/Bash/Training/Rattan/Final_testing/New_ActivityOverview/Reports/20220214_115757/Refund-Order-Main/20220214_115806/1644824054499.png, /home/intersoft-admin/Rattan/Bash/Training/Rattan/Final_testing/New_ActivityOverview/Reports/20220214_115757/Refund-Order-Main/20220214_115806/1644824058870.png, /home/intersoft-admin/Rattan/Bash/Training/Rattan/Final_testing/New_ActivityOverview/Reports/20220214_115757/Refund-Order-Main/20220214_115806/1644824063260.png, /home/intersoft-admin/Rattan/Bash/Training/Rattan/Final_testing/New_ActivityOverview/Reports/20220214_115757/Refund-Order-Main/20220214_115806/1644824070624.png, /home/intersoft-admin/Rattan/Bash/Training/Rattan/Final_testing/New_ActivityOverview/Reports/20220214_115757/Refund-Order-Main/20220214_115806/1644824074923.png, /home/intersoft-admin/Rattan/Bash/Training/Rattan/Final_testing/New_ActivityOverview/Reports/20220214_115757/Refund-Order-Main/20220214_115806/1644824119735.png, /home/intersoft-admin/Rattan/Bash/Training/Rattan/Final_testing/New_ActivityOverview/Reports/20220214_115757/Refund-Order-Main/20220214_115806/1644824156068.png, /home/intersoft-admin/Rattan/Bash/Training/Rattan/Final_testing/New_ActivityOverview/Reports/20220214_115757/Refund-Order-Main/20220214_115806/1644824156383.png, /home/intersoft-admin/Rattan/Bash/Training/Rattan/Final_testing/New_ActivityOverview/Reports/20220214_115757/Refund-Order-Main/20220214_115806/1644824179767.png, /home/intersoft-admin/Rattan/Bash/Training/Rattan/Final_testing/New_ActivityOverview/Reports/20220214_115757/Refund-Order-Main/20220214_115806/1644824184144.png, /home/intersoft-admin/Rattan/Bash/Training/Rattan/Final_testing/New_ActivityOverview/Reports/20220214_115757/Refund-Order-Main/20220214_115806/1644824188588.png, /home/intersoft-admin/Rattan/Bash/Training/Rattan/Final_testing/New_ActivityOverview/Reports/20220214_115757/Refund-Order-Main/20220214_115806/1644824195964.png, /home/intersoft-admin/Rattan/Bash/Training/Rattan/Final_testing/New_ActivityOverview/Reports/20220214_115757/Refund-Order-Main/20220214_115806/1644824200257.png, /home/intersoft-admin/Rattan/Bash/Training/Rattan/Final_testing/New_ActivityOverview/Reports/20220214_115757/Refund-Order-Main/20220214_115806/1644824245073.png"/>
         <property name="hostName" value="intersoft-admin - intersoftadmin-desktop"/>
         <property name="os" value="Linux 64bit"/>
         <property name="katalonVersion" value="8.2.5.208"/>
         <property name="browser" value="Chrome 97.0.4692.99"/>
         <property name="hostAddress" value="127.0.1.1"/>
         <property name="sessionId" value="a4e6d3cff21c281adde614a05055d289"/>
         <property name="seleniumVersion" value="3.141.59"/>
         <property name="proxyInformation" value="ProxyInformation { proxyOption=NO_PROXY, proxyServerType=HTTP, username=, password=********, proxyServerAddress=, proxyServerPort=0, executionList=&quot;&quot;, isApplyToDesiredCapabilities=true }"/>
         <property name="platform" value="Linux"/>
      </properties>
      <testcase name="Test Cases/NewActivityOverview-LeftNavigation/ActivityOverview-RefundOrder-GetOrderIDAndRefund" time="711.866" classname="Test Cases/NewActivityOverview-LeftNavigation/ActivityOverview-RefundOrder-GetOrderIDAndRefund" status="PASSED">
         <system-out><![CDATA[2022-02-14 12:55:46 - [TEST_CASE][PASSED] - Test Cases/NewActivityOverview-LeftNavigation/ActivityOverview-RefundOrder-GetOrderIDAndRefund: Test Cases/NewActivityOverview-LeftNavigation/ActivityOverview-RefundOrder-GetOrderIDAndRefund

2022-02-14 12:55:46 - [TEST_STEP][PASSED] - callTestCase(findTestCase("LoginWithSuperAdmin/SuperAdmin-Login"), [:], STOP_ON_FAILURE): Call Test Case 'Test Cases/LoginWithSuperAdmin/SuperAdmin-Login' successfully

2022-02-14 12:55:46 - [TEST_CASE][PASSED] - Test Cases/LoginWithSuperAdmin/SuperAdmin-Login: Test Cases/LoginWithSuperAdmin/SuperAdmin-Login

2022-02-14 12:55:47 - [TEST_STEP][PASSED] - openBrowser(""): Browser is opened with url: ''

2022-02-14 12:55:47 - [MESSAGE][INFO] - Starting 'Chrome' driver

2022-02-14 12:55:47 - [MESSAGE][INFO] - Action delay is set to 3,000 milliseconds

2022-02-14 12:55:48 - [MESSAGE][PASSED] - Browser is opened with url: ''

2022-02-14 12:55:48 - [TEST_STEP][PASSED] - setViewPortSize(1920, 1080): Viewport is set to new size with width = 1920 and height = 1080

2022-02-14 12:55:49 - [MESSAGE][PASSED] - Viewport is set to new size with width = 1920 and height = 1080

2022-02-14 12:55:49 - [TEST_STEP][PASSED] - navigateToUrl(URL): Navigate to 'https://marketplacev1.test-prio.com' successfully

2022-02-14 12:55:54 - [MESSAGE][PASSED] - Navigate to 'https://marketplacev1.test-prio.com' successfully

2022-02-14 12:55:54 - [TEST_STEP][PASSED] - delay(3): Delayed 3 second(s)

2022-02-14 12:55:57 - [MESSAGE][PASSED] - Delayed 3 second(s)

2022-02-14 12:55:57 - [TEST_STEP][PASSED] - click(findTestObject("SuperAdmin/Login/input_Email_contact_email")): Object: 'Object Repository/SuperAdmin/Login/input_Email_contact_email' is clicked on

2022-02-14 12:56:00 - [MESSAGE][PASSED] - Object: 'Object Repository/SuperAdmin/Login/input_Email_contact_email' is clicked on

2022-02-14 12:56:00 - [TEST_STEP][PASSED] - setText(findTestObject("SuperAdmin/Login/input_Email_contact_email"), uname): Text 'superadmin@tippoint.com' is set on object 'Object Repository/SuperAdmin/Login/input_Email_contact_email'

2022-02-14 12:56:07 - [MESSAGE][PASSED] - Text 'superadmin@tippoint.com' is set on object 'Object Repository/SuperAdmin/Login/input_Email_contact_email'

2022-02-14 12:56:07 - [TEST_STEP][PASSED] - setEncryptedText(findTestObject("SuperAdmin/Login/input_Password_password"), Password): Text ****** has been set on object 'Object Repository/SuperAdmin/Login/input_Password_password'

2022-02-14 12:56:13 - [MESSAGE][PASSED] - Text ****** has been set on object 'Object Repository/SuperAdmin/Login/input_Password_password'

2022-02-14 12:56:13 - [TEST_STEP][PASSED] - takeScreenshot(): Taking screenshot successfully

2022-02-14 12:56:14 - [MESSAGE][PASSED] - Taking screenshot successfully
[[ATTACHMENT|/home/intersoft-admin/Rattan/Bash/Training/Rattan/Final_testing/New_ActivityOverview/Reports/20220214_115757/Refund-Order-Main/20220214_115806/1644823573926.png]]

2022-02-14 12:56:14 - [TEST_STEP][PASSED] - newpackage.clickUsingJS.clickUsingJS(findTestObject("SuperAdmin/Login/button_Sign in"), 5): newpackage.clickUsingJS.clickUsingJS is PASSED

2022-02-14 12:56:14 - [MESSAGE][PASSED] - newpackage.clickUsingJS.clickUsingJS is PASSED

2022-02-14 12:56:14 - [MESSAGE][PASSED] - Call Test Case 'Test Cases/LoginWithSuperAdmin/SuperAdmin-Login' successfully

2022-02-14 12:56:14 - [TEST_STEP][PASSED] - switchToDefaultContent(): null

2022-02-14 12:56:14 - [TEST_STEP][PASSED] - click(findTestObject("SuperAdminLeftNavigation/NewActivityOverview-LeftNavigation")): Object: 'Object Repository/SuperAdminLeftNavigation/NewActivityOverview-LeftNavigation' is clicked on

2022-02-14 12:56:27 - [MESSAGE][PASSED] - Object: 'Object Repository/SuperAdminLeftNavigation/NewActivityOverview-LeftNavigation' is clicked on

2022-02-14 12:56:27 - [TEST_STEP][PASSED] - takeScreenshot(): Taking screenshot successfully

2022-02-14 12:56:28 - [MESSAGE][PASSED] - Taking screenshot successfully
[[ATTACHMENT|/home/intersoft-admin/Rattan/Bash/Training/Rattan/Final_testing/New_ActivityOverview/Reports/20220214_115757/Refund-Order-Main/20220214_115806/1644823588838.png]]

2022-02-14 12:56:28 - [TEST_STEP][PASSED] - switchToFrame(findTestObject("Object Repository/Iframe/NewActivityOverviewIframe"), 5): null

2022-02-14 12:56:29 - [TEST_STEP][PASSED] - delay(10): Delayed 10 second(s)

2022-02-14 12:56:39 - [MESSAGE][PASSED] - Delayed 10 second(s)

2022-02-14 12:56:39 - [TEST_STEP][PASSED] - takeScreenshot(): Taking screenshot successfully

2022-02-14 12:56:39 - [MESSAGE][PASSED] - Taking screenshot successfully
[[ATTACHMENT|/home/intersoft-admin/Rattan/Bash/Training/Rattan/Final_testing/New_ActivityOverview/Reports/20220214_115757/Refund-Order-Main/20220214_115806/1644823599291.png]]

2022-02-14 12:56:39 - [TEST_STEP][PASSED] - sizeoflisting = findWebElements(findTestObject("ListingArea/ListingContainsData"), 5).size(): null

2022-02-14 12:56:39 - [TEST_STEP][PASSED] - println(sizeoflisting): null

2022-02-14 12:56:39 - [TEST_STEP][PASSED] - logInfo(Size of Order Listing: $sizeoflisting): Size of Order Listing: 11

2022-02-14 12:56:39 - [MESSAGE][INFO] - Size of Order Listing: 11

2022-02-14 12:56:39 - [TEST_STEP][PASSED] - if (sizeoflisting > 2): Delayed 13 second(s)

2022-02-14 12:56:39 - [TEST_STEP][PASSED] - logInfo("Orders Exist in Listing"): Orders Exist in Listing

2022-02-14 12:56:39 - [MESSAGE][INFO] - Orders Exist in Listing

2022-02-14 12:56:39 - [TEST_STEP][PASSED] - click(findTestObject("Object Repository/OrderPerPage/OrderPerPage_select")): Object: 'Object Repository/OrderPerPage/OrderPerPage_select' is clicked on

2022-02-14 12:56:42 - [MESSAGE][PASSED] - Object: 'Object Repository/OrderPerPage/OrderPerPage_select' is clicked on

2022-02-14 12:56:42 - [TEST_STEP][PASSED] - delay(5): Delayed 5 second(s)

2022-02-14 12:56:47 - [MESSAGE][PASSED] - Delayed 5 second(s)

2022-02-14 12:56:47 - [TEST_STEP][PASSED] - click(findTestObject("Object Repository/OrderPerPage/OrderPerPage-SelectOption")): Object: 'Object Repository/OrderPerPage/OrderPerPage-SelectOption' is clicked on

2022-02-14 12:56:50 - [MESSAGE][PASSED] - Object: 'Object Repository/OrderPerPage/OrderPerPage-SelectOption' is clicked on

2022-02-14 12:56:50 - [TEST_STEP][PASSED] - delay(20): Delayed 20 second(s)

2022-02-14 12:57:10 - [MESSAGE][PASSED] - Delayed 20 second(s)

2022-02-14 12:57:10 - [TEST_STEP][PASSED] - takeScreenshot(): Taking screenshot successfully

2022-02-14 12:57:10 - [MESSAGE][PASSED] - Taking screenshot successfully
[[ATTACHMENT|/home/intersoft-admin/Rattan/Bash/Training/Rattan/Final_testing/New_ActivityOverview/Reports/20220214_115757/Refund-Order-Main/20220214_115806/1644823630870.png]]

2022-02-14 12:57:10 - [TEST_STEP][PASSED] - SizeofPagination = getText(findTestObject("Object Repository/PaginationCOunt/PaginationCount")): Text of object 'Object Repository/PaginationCOunt/PaginationCount' is: '100'

2022-02-14 12:57:11 - [MESSAGE][PASSED] - Text of object 'Object Repository/PaginationCOunt/PaginationCount' is: '100'

2022-02-14 12:57:11 - [TEST_STEP][PASSED] - println(SizeofPagination): null

2022-02-14 12:57:11 - [TEST_STEP][PASSED] - paginationmaxcount = Integer.parseInt(SizeofPagination): null

2022-02-14 12:57:11 - [TEST_STEP][PASSED] - paginationmaxcount = pagination: null

2022-02-14 12:57:11 - [TEST_STEP][PASSED] - logInfo(Size of Pagination: $paginationmaxcount): Size of Pagination: 5

2022-02-14 12:57:11 - [MESSAGE][INFO] - Size of Pagination: 5

2022-02-14 12:57:11 - [TEST_STEP][PASSED] - totalrecords = 0: null

2022-02-14 12:57:11 - [TEST_STEP][PASSED] - for ([l = 1, l <= paginationmaxcount, (l++)]): Delayed 13 second(s)

2022-02-14 12:57:11 - [TEST_STEP][PASSED] - if (l <= 5): null

2022-02-14 12:57:11 - [TEST_STEP][PASSED] - paginationvalue = l: null

2022-02-14 12:57:11 - [TEST_STEP][PASSED] - if (l > 5): null

2022-02-14 12:57:11 - [TEST_STEP][PASSED] - logInfo(Size of Pagination: $paginationvalue): Size of Pagination: 1

2022-02-14 12:57:11 - [MESSAGE][INFO] - Size of Pagination: 1

2022-02-14 12:57:11 - [TEST_STEP][PASSED] - click(findTestObject("Object Repository/PaginationCOunt/ClickOnPagination", ["pagination":paginationvalue])): Object: 'Object Repository/PaginationCOunt/ClickOnPagination' is clicked on

2022-02-14 12:57:14 - [MESSAGE][PASSED] - Object: 'Object Repository/PaginationCOunt/ClickOnPagination' is clicked on

2022-02-14 12:57:14 - [TEST_STEP][PASSED] - delay(20): Delayed 20 second(s)

2022-02-14 12:57:34 - [MESSAGE][PASSED] - Delayed 20 second(s)

2022-02-14 12:57:34 - [TEST_STEP][PASSED] - takeScreenshot(): Taking screenshot successfully

2022-02-14 12:57:34 - [MESSAGE][PASSED] - Taking screenshot successfully
[[ATTACHMENT|/home/intersoft-admin/Rattan/Bash/Training/Rattan/Final_testing/New_ActivityOverview/Reports/20220214_115757/Refund-Order-Main/20220214_115806/1644823654234.png]]

2022-02-14 12:57:34 - [TEST_STEP][PASSED] - SizeofActiveBookings = findWebElements(findTestObject("Object Repository/CancelAndRefund/OrderListWithoutRefundedStatus"), 5).size(): null

2022-02-14 12:57:34 - [TEST_STEP][PASSED] - logInfo(Size of Active Bookings: $SizeofActiveBookings): Size of Active Bookings: 84

2022-02-14 12:57:34 - [MESSAGE][INFO] - Size of Active Bookings: 84

2022-02-14 12:57:34 - [TEST_STEP][PASSED] - for ([refund = 1, refund < SizeofActiveBookings, (refund++)]): Object 'Object Repository/DetailPop-up/MoreActions/CancelRefundButton' is not visible after 15 second(s)

2022-02-14 12:57:34 - [TEST_STEP][PASSED] - if (refund == 1): null

2022-02-14 12:57:34 - [TEST_STEP][PASSED] - refund = SizeofActiveBookings: null

2022-02-14 12:57:34 - [TEST_STEP][PASSED] - refundvalue = refund: null

2022-02-14 12:57:34 - [TEST_STEP][PASSED] - logInfo(Size of refund booking: $refund): Size of refund booking: 84

2022-02-14 12:57:34 - [MESSAGE][INFO] - Size of refund booking: 84

2022-02-14 12:57:34 - [TEST_STEP][PASSED] - scrollToElement(findTestObject("Object Repository/CancelAndRefund/OrderListWithoutRefundedStatus - Click", ["position":refund]), 15): Scroll to object 'Object Repository/CancelAndRefund/OrderListWithoutRefundedStatus - Click' successfully

2022-02-14 12:57:34 - [MESSAGE][PASSED] - Scroll to object 'Object Repository/CancelAndRefund/OrderListWithoutRefundedStatus - Click' successfully

2022-02-14 12:57:34 - [TEST_STEP][PASSED] - takeScreenshot(): Taking screenshot successfully

2022-02-14 12:57:34 - [MESSAGE][PASSED] - Taking screenshot successfully
[[ATTACHMENT|/home/intersoft-admin/Rattan/Bash/Training/Rattan/Final_testing/New_ActivityOverview/Reports/20220214_115757/Refund-Order-Main/20220214_115806/1644823654586.png]]

2022-02-14 12:57:34 - [TEST_STEP][PASSED] - orderId = findWebElement(findTestObject("Object Repository/GetOrderID/GetOrderID", ["position":refund])).getAttribute("data-order_id"): null

2022-02-14 12:57:34 - [TEST_STEP][PASSED] - orderId = orderId: null

2022-02-14 12:57:34 - [TEST_STEP][PASSED] - logInfo(Order ID: $orderId): Order ID: 164464234948255

2022-02-14 12:57:34 - [MESSAGE][INFO] - Order ID: 164464234948255

2022-02-14 12:57:34 - [TEST_STEP][PASSED] - click(findTestObject("Object Repository/GetOrderID/GetOrderID", ["position":refund])): Object: 'Object Repository/GetOrderID/GetOrderID' is clicked on

2022-02-14 12:57:37 - [MESSAGE][PASSED] - Object: 'Object Repository/GetOrderID/GetOrderID' is clicked on

2022-02-14 12:57:37 - [TEST_STEP][PASSED] - delay(20): Delayed 20 second(s)

2022-02-14 12:57:57 - [MESSAGE][PASSED] - Delayed 20 second(s)

2022-02-14 12:57:57 - [TEST_STEP][PASSED] - takeScreenshot(): Taking screenshot successfully

2022-02-14 12:57:58 - [MESSAGE][PASSED] - Taking screenshot successfully
[[ATTACHMENT|/home/intersoft-admin/Rattan/Bash/Training/Rattan/Final_testing/New_ActivityOverview/Reports/20220214_115757/Refund-Order-Main/20220214_115806/1644823677985.png]]

2022-02-14 12:57:58 - [TEST_STEP][PASSED] - if (waitForElementVisible(findTestObject("Object Repository/DetailPop-up/MoreActions/MoreOptionSelect"), 15) == true): Object 'Object Repository/DetailPop-up/MoreActions/CancelRefundButton' is not visible after 15 second(s)

2022-02-14 12:57:58 - [MESSAGE][PASSED] - Object 'Object Repository/DetailPop-up/MoreActions/MoreOptionSelect' is visible

2022-02-14 12:57:58 - [TEST_STEP][PASSED] - click(findTestObject("Object Repository/DetailPop-up/MoreActions/MoreOptionSelect")): Object: 'Object Repository/DetailPop-up/MoreActions/MoreOptionSelect' is clicked on

2022-02-14 12:58:01 - [MESSAGE][PASSED] - Object: 'Object Repository/DetailPop-up/MoreActions/MoreOptionSelect' is clicked on

2022-02-14 12:58:01 - [TEST_STEP][PASSED] - delay(1): Delayed 1 second(s)

2022-02-14 12:58:02 - [MESSAGE][PASSED] - Delayed 1 second(s)

2022-02-14 12:58:02 - [TEST_STEP][PASSED] - takeScreenshot(): Taking screenshot successfully

2022-02-14 12:58:02 - [MESSAGE][PASSED] - Taking screenshot successfully
[[ATTACHMENT|/home/intersoft-admin/Rattan/Bash/Training/Rattan/Final_testing/New_ActivityOverview/Reports/20220214_115757/Refund-Order-Main/20220214_115806/1644823682447.png]]

2022-02-14 12:58:02 - [TEST_STEP][PASSED] - if (waitForElementVisible(findTestObject("Object Repository/DetailPop-up/MoreActions/MoreAction-SelectOptions", ["action":"Refund"]), 15) == true): Taking screenshot successfully

2022-02-14 12:58:02 - [MESSAGE][PASSED] - Object 'Object Repository/DetailPop-up/MoreActions/MoreAction-SelectOptions' is visible

2022-02-14 12:58:02 - [TEST_STEP][PASSED] - click(findTestObject("Object Repository/DetailPop-up/MoreActions/MoreAction-SelectOptions", ["action":"Refund"])): Object: 'Object Repository/DetailPop-up/MoreActions/MoreAction-SelectOptions' is clicked on

2022-02-14 12:58:05 - [MESSAGE][PASSED] - Object: 'Object Repository/DetailPop-up/MoreActions/MoreAction-SelectOptions' is clicked on

2022-02-14 12:58:05 - [TEST_STEP][PASSED] - delay(1): Delayed 1 second(s)

2022-02-14 12:58:06 - [MESSAGE][PASSED] - Delayed 1 second(s)

2022-02-14 12:58:06 - [TEST_STEP][PASSED] - takeScreenshot(): Taking screenshot successfully

2022-02-14 12:58:07 - [MESSAGE][PASSED] - Taking screenshot successfully
[[ATTACHMENT|/home/intersoft-admin/Rattan/Bash/Training/Rattan/Final_testing/New_ActivityOverview/Reports/20220214_115757/Refund-Order-Main/20220214_115806/1644823686866.png]]

2022-02-14 12:58:07 - [TEST_STEP][PASSED] - setText(findTestObject("Object Repository/DetailPop-up/MoreActions/RefundReason"), CancellationReason): Text 'Order Refunded to Test Automation Testing Under Katalon' is set on object 'Object Repository/DetailPop-up/MoreActions/RefundReason'

2022-02-14 12:58:13 - [MESSAGE][PASSED] - Text 'Order Refunded to Test Automation Testing Under Katalon' is set on object 'Object Repository/DetailPop-up/MoreActions/RefundReason'

2022-02-14 12:58:13 - [TEST_STEP][PASSED] - delay(1): Delayed 1 second(s)

2022-02-14 12:58:14 - [MESSAGE][PASSED] - Delayed 1 second(s)

2022-02-14 12:58:14 - [TEST_STEP][PASSED] - takeScreenshot(): Taking screenshot successfully

2022-02-14 12:58:14 - [MESSAGE][PASSED] - Taking screenshot successfully
[[ATTACHMENT|/home/intersoft-admin/Rattan/Bash/Training/Rattan/Final_testing/New_ActivityOverview/Reports/20220214_115757/Refund-Order-Main/20220214_115806/1644823694305.png]]

2022-02-14 12:58:14 - [TEST_STEP][PASSED] - click(findTestObject("Object Repository/DetailPop-up/MoreActions/confirmRefundOrder")): Object: 'Object Repository/DetailPop-up/MoreActions/confirmRefundOrder' is clicked on

2022-02-14 12:58:17 - [MESSAGE][PASSED] - Object: 'Object Repository/DetailPop-up/MoreActions/confirmRefundOrder' is clicked on

2022-02-14 12:58:17 - [TEST_STEP][PASSED] - delay(1): Delayed 1 second(s)

2022-02-14 12:58:18 - [MESSAGE][PASSED] - Delayed 1 second(s)

2022-02-14 12:58:18 - [TEST_STEP][PASSED] - takeScreenshot(): Taking screenshot successfully

2022-02-14 12:58:18 - [MESSAGE][PASSED] - Taking screenshot successfully
[[ATTACHMENT|/home/intersoft-admin/Rattan/Bash/Training/Rattan/Final_testing/New_ActivityOverview/Reports/20220214_115757/Refund-Order-Main/20220214_115806/1644823698616.png]]

2022-02-14 12:58:18 - [TEST_STEP][PASSED] - delay(12): Delayed 12 second(s)

2022-02-14 12:58:30 - [MESSAGE][PASSED] - Delayed 12 second(s)

2022-02-14 12:58:30 - [TEST_STEP][PASSED] - if (waitForElementVisible(findTestObject("Object Repository/DetailPop-up/MoreActions/CancelRefundButton"), 15) == true): Object 'Object Repository/DetailPop-up/MoreActions/CancelRefundButton' is not visible after 15 second(s)

2022-02-14 12:58:46 - [MESSAGE][WARNING] - Object 'Object Repository/DetailPop-up/MoreActions/CancelRefundButton' is not visible after 15 second(s)

2022-02-14 12:58:46 - [TEST_STEP][PASSED] - delay(13): Delayed 13 second(s)

2022-02-14 12:58:59 - [MESSAGE][PASSED] - Delayed 13 second(s)

2022-02-14 12:58:59 - [TEST_STEP][PASSED] - click(findTestObject("Object Repository/DetailPop-up/Backbutton/BackButtonToListing")): Object: 'Object Repository/DetailPop-up/Backbutton/BackButtonToListing' is clicked on

2022-02-14 12:59:02 - [MESSAGE][PASSED] - Object: 'Object Repository/DetailPop-up/Backbutton/BackButtonToListing' is clicked on

2022-02-14 12:59:02 - [TEST_STEP][PASSED] - delay(1): Delayed 1 second(s)

2022-02-14 12:59:03 - [MESSAGE][PASSED] - Delayed 1 second(s)

2022-02-14 12:59:03 - [TEST_STEP][PASSED] - takeScreenshot(): Taking screenshot successfully

2022-02-14 12:59:03 - [MESSAGE][PASSED] - Taking screenshot successfully
[[ATTACHMENT|/home/intersoft-admin/Rattan/Bash/Training/Rattan/Final_testing/New_ActivityOverview/Reports/20220214_115757/Refund-Order-Main/20220214_115806/1644823743437.png]]

2022-02-14 12:59:03 - [TEST_STEP][PASSED] - delay(13): Delayed 13 second(s)

2022-02-14 12:59:16 - [MESSAGE][PASSED] - Delayed 13 second(s)

2022-02-14 12:59:16 - [TEST_STEP][PASSED] - if (l <= 5): null

2022-02-14 12:59:16 - [TEST_STEP][PASSED] - paginationvalue = l: null

2022-02-14 12:59:16 - [TEST_STEP][PASSED] - if (l > 5): null

2022-02-14 12:59:16 - [TEST_STEP][PASSED] - logInfo(Size of Pagination: $paginationvalue): Size of Pagination: 2

2022-02-14 12:59:16 - [MESSAGE][INFO] - Size of Pagination: 2

2022-02-14 12:59:16 - [TEST_STEP][PASSED] - click(findTestObject("Object Repository/PaginationCOunt/ClickOnPagination", ["pagination":paginationvalue])): Object: 'Object Repository/PaginationCOunt/ClickOnPagination' is clicked on

2022-02-14 12:59:19 - [MESSAGE][PASSED] - Object: 'Object Repository/PaginationCOunt/ClickOnPagination' is clicked on

2022-02-14 12:59:19 - [TEST_STEP][PASSED] - delay(20): Delayed 20 second(s)

2022-02-14 12:59:39 - [MESSAGE][PASSED] - Delayed 20 second(s)

2022-02-14 12:59:39 - [TEST_STEP][PASSED] - takeScreenshot(): Taking screenshot successfully

2022-02-14 12:59:39 - [MESSAGE][PASSED] - Taking screenshot successfully
[[ATTACHMENT|/home/intersoft-admin/Rattan/Bash/Training/Rattan/Final_testing/New_ActivityOverview/Reports/20220214_115757/Refund-Order-Main/20220214_115806/1644823779786.png]]

2022-02-14 12:59:39 - [TEST_STEP][PASSED] - SizeofActiveBookings = findWebElements(findTestObject("Object Repository/CancelAndRefund/OrderListWithoutRefundedStatus"), 5).size(): null

2022-02-14 12:59:39 - [TEST_STEP][PASSED] - logInfo(Size of Active Bookings: $SizeofActiveBookings): Size of Active Bookings: 75

2022-02-14 12:59:39 - [MESSAGE][INFO] - Size of Active Bookings: 75

2022-02-14 12:59:39 - [TEST_STEP][PASSED] - for ([refund = 1, refund < SizeofActiveBookings, (refund++)]): Object 'Object Repository/DetailPop-up/MoreActions/CancelRefundButton' is not visible after 15 second(s)

2022-02-14 12:59:39 - [TEST_STEP][PASSED] - if (refund == 1): null

2022-02-14 12:59:39 - [TEST_STEP][PASSED] - refund = SizeofActiveBookings: null

2022-02-14 12:59:39 - [TEST_STEP][PASSED] - refundvalue = refund: null

2022-02-14 12:59:39 - [TEST_STEP][PASSED] - logInfo(Size of refund booking: $refund): Size of refund booking: 75

2022-02-14 12:59:39 - [MESSAGE][INFO] - Size of refund booking: 75

2022-02-14 12:59:39 - [TEST_STEP][PASSED] - scrollToElement(findTestObject("Object Repository/CancelAndRefund/OrderListWithoutRefundedStatus - Click", ["position":refund]), 15): Scroll to object 'Object Repository/CancelAndRefund/OrderListWithoutRefundedStatus - Click' successfully

2022-02-14 12:59:40 - [MESSAGE][PASSED] - Scroll to object 'Object Repository/CancelAndRefund/OrderListWithoutRefundedStatus - Click' successfully

2022-02-14 12:59:40 - [TEST_STEP][PASSED] - takeScreenshot(): Taking screenshot successfully

2022-02-14 12:59:40 - [MESSAGE][PASSED] - Taking screenshot successfully
[[ATTACHMENT|/home/intersoft-admin/Rattan/Bash/Training/Rattan/Final_testing/New_ActivityOverview/Reports/20220214_115757/Refund-Order-Main/20220214_115806/1644823780069.png]]

2022-02-14 12:59:40 - [TEST_STEP][PASSED] - orderId = findWebElement(findTestObject("Object Repository/GetOrderID/GetOrderID", ["position":refund])).getAttribute("data-order_id"): null

2022-02-14 12:59:40 - [TEST_STEP][PASSED] - orderId = orderId: null

2022-02-14 12:59:40 - [TEST_STEP][PASSED] - logInfo(Order ID: $orderId): Order ID: 164456034225141

2022-02-14 12:59:40 - [MESSAGE][INFO] - Order ID: 164456034225141

2022-02-14 12:59:40 - [TEST_STEP][PASSED] - click(findTestObject("Object Repository/GetOrderID/GetOrderID", ["position":refund])): Object: 'Object Repository/GetOrderID/GetOrderID' is clicked on

2022-02-14 12:59:43 - [MESSAGE][PASSED] - Object: 'Object Repository/GetOrderID/GetOrderID' is clicked on

2022-02-14 12:59:43 - [TEST_STEP][PASSED] - delay(20): Delayed 20 second(s)

2022-02-14 13:00:03 - [MESSAGE][PASSED] - Delayed 20 second(s)

2022-02-14 13:00:03 - [TEST_STEP][PASSED] - takeScreenshot(): Taking screenshot successfully

2022-02-14 13:00:03 - [MESSAGE][PASSED] - Taking screenshot successfully
[[ATTACHMENT|/home/intersoft-admin/Rattan/Bash/Training/Rattan/Final_testing/New_ActivityOverview/Reports/20220214_115757/Refund-Order-Main/20220214_115806/1644823803445.png]]

2022-02-14 13:00:03 - [TEST_STEP][PASSED] - if (waitForElementVisible(findTestObject("Object Repository/DetailPop-up/MoreActions/MoreOptionSelect"), 15) == true): Object 'Object Repository/DetailPop-up/MoreActions/CancelRefundButton' is not visible after 15 second(s)

2022-02-14 13:00:03 - [MESSAGE][PASSED] - Object 'Object Repository/DetailPop-up/MoreActions/MoreOptionSelect' is visible

2022-02-14 13:00:03 - [TEST_STEP][PASSED] - click(findTestObject("Object Repository/DetailPop-up/MoreActions/MoreOptionSelect")): Object: 'Object Repository/DetailPop-up/MoreActions/MoreOptionSelect' is clicked on

2022-02-14 13:00:06 - [MESSAGE][PASSED] - Object: 'Object Repository/DetailPop-up/MoreActions/MoreOptionSelect' is clicked on

2022-02-14 13:00:06 - [TEST_STEP][PASSED] - delay(1): Delayed 1 second(s)

2022-02-14 13:00:07 - [MESSAGE][PASSED] - Delayed 1 second(s)

2022-02-14 13:00:07 - [TEST_STEP][PASSED] - takeScreenshot(): Taking screenshot successfully

2022-02-14 13:00:07 - [MESSAGE][PASSED] - Taking screenshot successfully
[[ATTACHMENT|/home/intersoft-admin/Rattan/Bash/Training/Rattan/Final_testing/New_ActivityOverview/Reports/20220214_115757/Refund-Order-Main/20220214_115806/1644823807823.png]]

2022-02-14 13:00:07 - [TEST_STEP][PASSED] - if (waitForElementVisible(findTestObject("Object Repository/DetailPop-up/MoreActions/MoreAction-SelectOptions", ["action":"Refund"]), 15) == true): Taking screenshot successfully

2022-02-14 13:00:08 - [MESSAGE][PASSED] - Object 'Object Repository/DetailPop-up/MoreActions/MoreAction-SelectOptions' is visible

2022-02-14 13:00:08 - [TEST_STEP][PASSED] - click(findTestObject("Object Repository/DetailPop-up/MoreActions/MoreAction-SelectOptions", ["action":"Refund"])): Object: 'Object Repository/DetailPop-up/MoreActions/MoreAction-SelectOptions' is clicked on

2022-02-14 13:00:11 - [MESSAGE][PASSED] - Object: 'Object Repository/DetailPop-up/MoreActions/MoreAction-SelectOptions' is clicked on

2022-02-14 13:00:11 - [TEST_STEP][PASSED] - delay(1): Delayed 1 second(s)

2022-02-14 13:00:12 - [MESSAGE][PASSED] - Delayed 1 second(s)

2022-02-14 13:00:12 - [TEST_STEP][PASSED] - takeScreenshot(): Taking screenshot successfully

2022-02-14 13:00:12 - [MESSAGE][PASSED] - Taking screenshot successfully
[[ATTACHMENT|/home/intersoft-admin/Rattan/Bash/Training/Rattan/Final_testing/New_ActivityOverview/Reports/20220214_115757/Refund-Order-Main/20220214_115806/1644823812244.png]]

2022-02-14 13:00:12 - [TEST_STEP][PASSED] - setText(findTestObject("Object Repository/DetailPop-up/MoreActions/RefundReason"), CancellationReason): Text 'Order Refunded to Test Automation Testing Under Katalon' is set on object 'Object Repository/DetailPop-up/MoreActions/RefundReason'

2022-02-14 13:00:18 - [MESSAGE][PASSED] - Text 'Order Refunded to Test Automation Testing Under Katalon' is set on object 'Object Repository/DetailPop-up/MoreActions/RefundReason'

2022-02-14 13:00:18 - [TEST_STEP][PASSED] - delay(1): Delayed 1 second(s)

2022-02-14 13:00:19 - [MESSAGE][PASSED] - Delayed 1 second(s)

2022-02-14 13:00:19 - [TEST_STEP][PASSED] - takeScreenshot(): Taking screenshot successfully

2022-02-14 13:00:19 - [MESSAGE][PASSED] - Taking screenshot successfully
[[ATTACHMENT|/home/intersoft-admin/Rattan/Bash/Training/Rattan/Final_testing/New_ActivityOverview/Reports/20220214_115757/Refund-Order-Main/20220214_115806/1644823819609.png]]

2022-02-14 13:00:19 - [TEST_STEP][PASSED] - click(findTestObject("Object Repository/DetailPop-up/MoreActions/confirmRefundOrder")): Object: 'Object Repository/DetailPop-up/MoreActions/confirmRefundOrder' is clicked on

2022-02-14 13:00:22 - [MESSAGE][PASSED] - Object: 'Object Repository/DetailPop-up/MoreActions/confirmRefundOrder' is clicked on

2022-02-14 13:00:22 - [TEST_STEP][PASSED] - delay(1): Delayed 1 second(s)

2022-02-14 13:00:23 - [MESSAGE][PASSED] - Delayed 1 second(s)

2022-02-14 13:00:23 - [TEST_STEP][PASSED] - takeScreenshot(): Taking screenshot successfully

2022-02-14 13:00:24 - [MESSAGE][PASSED] - Taking screenshot successfully
[[ATTACHMENT|/home/intersoft-admin/Rattan/Bash/Training/Rattan/Final_testing/New_ActivityOverview/Reports/20220214_115757/Refund-Order-Main/20220214_115806/1644823823908.png]]

2022-02-14 13:00:24 - [TEST_STEP][PASSED] - delay(12): Delayed 12 second(s)

2022-02-14 13:00:36 - [MESSAGE][PASSED] - Delayed 12 second(s)

2022-02-14 13:00:36 - [TEST_STEP][PASSED] - if (waitForElementVisible(findTestObject("Object Repository/DetailPop-up/MoreActions/CancelRefundButton"), 15) == true): Object 'Object Repository/DetailPop-up/MoreActions/CancelRefundButton' is not visible after 15 second(s)

2022-02-14 13:00:51 - [MESSAGE][WARNING] - Object 'Object Repository/DetailPop-up/MoreActions/CancelRefundButton' is not visible after 15 second(s)

2022-02-14 13:00:51 - [TEST_STEP][PASSED] - delay(13): Delayed 13 second(s)

2022-02-14 13:01:04 - [MESSAGE][PASSED] - Delayed 13 second(s)

2022-02-14 13:01:04 - [TEST_STEP][PASSED] - click(findTestObject("Object Repository/DetailPop-up/Backbutton/BackButtonToListing")): Object: 'Object Repository/DetailPop-up/Backbutton/BackButtonToListing' is clicked on

2022-02-14 13:01:07 - [MESSAGE][PASSED] - Object: 'Object Repository/DetailPop-up/Backbutton/BackButtonToListing' is clicked on

2022-02-14 13:01:07 - [TEST_STEP][PASSED] - delay(1): Delayed 1 second(s)

2022-02-14 13:01:08 - [MESSAGE][PASSED] - Delayed 1 second(s)

2022-02-14 13:01:08 - [TEST_STEP][PASSED] - takeScreenshot(): Taking screenshot successfully

2022-02-14 13:01:08 - [MESSAGE][PASSED] - Taking screenshot successfully
[[ATTACHMENT|/home/intersoft-admin/Rattan/Bash/Training/Rattan/Final_testing/New_ActivityOverview/Reports/20220214_115757/Refund-Order-Main/20220214_115806/1644823868762.png]]

2022-02-14 13:01:08 - [TEST_STEP][PASSED] - delay(13): Delayed 13 second(s)

2022-02-14 13:01:21 - [MESSAGE][PASSED] - Delayed 13 second(s)

2022-02-14 13:01:21 - [TEST_STEP][PASSED] - if (l <= 5): null

2022-02-14 13:01:21 - [TEST_STEP][PASSED] - paginationvalue = l: null

2022-02-14 13:01:21 - [TEST_STEP][PASSED] - if (l > 5): null

2022-02-14 13:01:21 - [TEST_STEP][PASSED] - logInfo(Size of Pagination: $paginationvalue): Size of Pagination: 3

2022-02-14 13:01:21 - [MESSAGE][INFO] - Size of Pagination: 3

2022-02-14 13:01:21 - [TEST_STEP][PASSED] - click(findTestObject("Object Repository/PaginationCOunt/ClickOnPagination", ["pagination":paginationvalue])): Object: 'Object Repository/PaginationCOunt/ClickOnPagination' is clicked on

2022-02-14 13:01:25 - [MESSAGE][PASSED] - Object: 'Object Repository/PaginationCOunt/ClickOnPagination' is clicked on

2022-02-14 13:01:25 - [TEST_STEP][PASSED] - delay(20): Delayed 20 second(s)

2022-02-14 13:01:45 - [MESSAGE][PASSED] - Delayed 20 second(s)

2022-02-14 13:01:45 - [TEST_STEP][PASSED] - takeScreenshot(): Taking screenshot successfully

2022-02-14 13:01:45 - [MESSAGE][PASSED] - Taking screenshot successfully
[[ATTACHMENT|/home/intersoft-admin/Rattan/Bash/Training/Rattan/Final_testing/New_ActivityOverview/Reports/20220214_115757/Refund-Order-Main/20220214_115806/1644823905125.png]]

2022-02-14 13:01:45 - [TEST_STEP][PASSED] - SizeofActiveBookings = findWebElements(findTestObject("Object Repository/CancelAndRefund/OrderListWithoutRefundedStatus"), 5).size(): null

2022-02-14 13:01:45 - [TEST_STEP][PASSED] - logInfo(Size of Active Bookings: $SizeofActiveBookings): Size of Active Bookings: 80

2022-02-14 13:01:45 - [MESSAGE][INFO] - Size of Active Bookings: 80

2022-02-14 13:01:45 - [TEST_STEP][PASSED] - for ([refund = 1, refund < SizeofActiveBookings, (refund++)]): Object 'Object Repository/DetailPop-up/MoreActions/CancelRefundButton' is not visible after 15 second(s)

2022-02-14 13:01:45 - [TEST_STEP][PASSED] - if (refund == 1): null

2022-02-14 13:01:45 - [TEST_STEP][PASSED] - refund = SizeofActiveBookings: null

2022-02-14 13:01:45 - [TEST_STEP][PASSED] - refundvalue = refund: null

2022-02-14 13:01:45 - [TEST_STEP][PASSED] - logInfo(Size of refund booking: $refund): Size of refund booking: 80

2022-02-14 13:01:45 - [MESSAGE][INFO] - Size of refund booking: 80

2022-02-14 13:01:45 - [TEST_STEP][PASSED] - scrollToElement(findTestObject("Object Repository/CancelAndRefund/OrderListWithoutRefundedStatus - Click", ["position":refund]), 15): Scroll to object 'Object Repository/CancelAndRefund/OrderListWithoutRefundedStatus - Click' successfully

2022-02-14 13:01:45 - [MESSAGE][PASSED] - Scroll to object 'Object Repository/CancelAndRefund/OrderListWithoutRefundedStatus - Click' successfully

2022-02-14 13:01:45 - [TEST_STEP][PASSED] - takeScreenshot(): Taking screenshot successfully

2022-02-14 13:01:45 - [MESSAGE][PASSED] - Taking screenshot successfully
[[ATTACHMENT|/home/intersoft-admin/Rattan/Bash/Training/Rattan/Final_testing/New_ActivityOverview/Reports/20220214_115757/Refund-Order-Main/20220214_115806/1644823905420.png]]

2022-02-14 13:01:45 - [TEST_STEP][PASSED] - orderId = findWebElement(findTestObject("Object Repository/GetOrderID/GetOrderID", ["position":refund])).getAttribute("data-order_id"): null

2022-02-14 13:01:45 - [TEST_STEP][PASSED] - orderId = orderId: null

2022-02-14 13:01:45 - [TEST_STEP][PASSED] - logInfo(Order ID: $orderId): Order ID: 164440691493786

2022-02-14 13:01:45 - [MESSAGE][INFO] - Order ID: 164440691493786

2022-02-14 13:01:45 - [TEST_STEP][PASSED] - click(findTestObject("Object Repository/GetOrderID/GetOrderID", ["position":refund])): Object: 'Object Repository/GetOrderID/GetOrderID' is clicked on

2022-02-14 13:01:48 - [MESSAGE][PASSED] - Object: 'Object Repository/GetOrderID/GetOrderID' is clicked on

2022-02-14 13:01:48 - [TEST_STEP][PASSED] - delay(20): Delayed 20 second(s)

2022-02-14 13:02:08 - [MESSAGE][PASSED] - Delayed 20 second(s)

2022-02-14 13:02:08 - [TEST_STEP][PASSED] - takeScreenshot(): Taking screenshot successfully

2022-02-14 13:02:08 - [MESSAGE][PASSED] - Taking screenshot successfully
[[ATTACHMENT|/home/intersoft-admin/Rattan/Bash/Training/Rattan/Final_testing/New_ActivityOverview/Reports/20220214_115757/Refund-Order-Main/20220214_115806/1644823928836.png]]

2022-02-14 13:02:08 - [TEST_STEP][PASSED] - if (waitForElementVisible(findTestObject("Object Repository/DetailPop-up/MoreActions/MoreOptionSelect"), 15) == true): Object 'Object Repository/DetailPop-up/MoreActions/CancelRefundButton' is not visible after 15 second(s)

2022-02-14 13:02:09 - [MESSAGE][PASSED] - Object 'Object Repository/DetailPop-up/MoreActions/MoreOptionSelect' is visible

2022-02-14 13:02:09 - [TEST_STEP][PASSED] - click(findTestObject("Object Repository/DetailPop-up/MoreActions/MoreOptionSelect")): Object: 'Object Repository/DetailPop-up/MoreActions/MoreOptionSelect' is clicked on

2022-02-14 13:02:12 - [MESSAGE][PASSED] - Object: 'Object Repository/DetailPop-up/MoreActions/MoreOptionSelect' is clicked on

2022-02-14 13:02:12 - [TEST_STEP][PASSED] - delay(1): Delayed 1 second(s)

2022-02-14 13:02:13 - [MESSAGE][PASSED] - Delayed 1 second(s)

2022-02-14 13:02:13 - [TEST_STEP][PASSED] - takeScreenshot(): Taking screenshot successfully

2022-02-14 13:02:13 - [MESSAGE][PASSED] - Taking screenshot successfully
[[ATTACHMENT|/home/intersoft-admin/Rattan/Bash/Training/Rattan/Final_testing/New_ActivityOverview/Reports/20220214_115757/Refund-Order-Main/20220214_115806/1644823933405.png]]

2022-02-14 13:02:13 - [TEST_STEP][PASSED] - if (waitForElementVisible(findTestObject("Object Repository/DetailPop-up/MoreActions/MoreAction-SelectOptions", ["action":"Refund"]), 15) == true): Taking screenshot successfully

2022-02-14 13:02:13 - [MESSAGE][PASSED] - Object 'Object Repository/DetailPop-up/MoreActions/MoreAction-SelectOptions' is visible

2022-02-14 13:02:13 - [TEST_STEP][PASSED] - click(findTestObject("Object Repository/DetailPop-up/MoreActions/MoreAction-SelectOptions", ["action":"Refund"])): Object: 'Object Repository/DetailPop-up/MoreActions/MoreAction-SelectOptions' is clicked on

2022-02-14 13:02:16 - [MESSAGE][PASSED] - Object: 'Object Repository/DetailPop-up/MoreActions/MoreAction-SelectOptions' is clicked on

2022-02-14 13:02:16 - [TEST_STEP][PASSED] - delay(1): Delayed 1 second(s)

2022-02-14 13:02:17 - [MESSAGE][PASSED] - Delayed 1 second(s)

2022-02-14 13:02:17 - [TEST_STEP][PASSED] - takeScreenshot(): Taking screenshot successfully

2022-02-14 13:02:18 - [MESSAGE][PASSED] - Taking screenshot successfully
[[ATTACHMENT|/home/intersoft-admin/Rattan/Bash/Training/Rattan/Final_testing/New_ActivityOverview/Reports/20220214_115757/Refund-Order-Main/20220214_115806/1644823937892.png]]

2022-02-14 13:02:18 - [TEST_STEP][PASSED] - setText(findTestObject("Object Repository/DetailPop-up/MoreActions/RefundReason"), CancellationReason): Text 'Order Refunded to Test Automation Testing Under Katalon' is set on object 'Object Repository/DetailPop-up/MoreActions/RefundReason'

2022-02-14 13:02:24 - [MESSAGE][PASSED] - Text 'Order Refunded to Test Automation Testing Under Katalon' is set on object 'Object Repository/DetailPop-up/MoreActions/RefundReason'

2022-02-14 13:02:24 - [TEST_STEP][PASSED] - delay(1): Delayed 1 second(s)

2022-02-14 13:02:25 - [MESSAGE][PASSED] - Delayed 1 second(s)

2022-02-14 13:02:25 - [TEST_STEP][PASSED] - takeScreenshot(): Taking screenshot successfully

2022-02-14 13:02:25 - [MESSAGE][PASSED] - Taking screenshot successfully
[[ATTACHMENT|/home/intersoft-admin/Rattan/Bash/Training/Rattan/Final_testing/New_ActivityOverview/Reports/20220214_115757/Refund-Order-Main/20220214_115806/1644823945286.png]]

2022-02-14 13:02:25 - [TEST_STEP][PASSED] - click(findTestObject("Object Repository/DetailPop-up/MoreActions/confirmRefundOrder")): Object: 'Object Repository/DetailPop-up/MoreActions/confirmRefundOrder' is clicked on

2022-02-14 13:02:28 - [MESSAGE][PASSED] - Object: 'Object Repository/DetailPop-up/MoreActions/confirmRefundOrder' is clicked on

2022-02-14 13:02:28 - [TEST_STEP][PASSED] - delay(1): Delayed 1 second(s)

2022-02-14 13:02:29 - [MESSAGE][PASSED] - Delayed 1 second(s)

2022-02-14 13:02:29 - [TEST_STEP][PASSED] - takeScreenshot(): Taking screenshot successfully

2022-02-14 13:02:29 - [MESSAGE][PASSED] - Taking screenshot successfully
[[ATTACHMENT|/home/intersoft-admin/Rattan/Bash/Training/Rattan/Final_testing/New_ActivityOverview/Reports/20220214_115757/Refund-Order-Main/20220214_115806/1644823949610.png]]

2022-02-14 13:02:29 - [TEST_STEP][PASSED] - delay(12): Delayed 12 second(s)

2022-02-14 13:02:41 - [MESSAGE][PASSED] - Delayed 12 second(s)

2022-02-14 13:02:41 - [TEST_STEP][PASSED] - if (waitForElementVisible(findTestObject("Object Repository/DetailPop-up/MoreActions/CancelRefundButton"), 15) == true): Object 'Object Repository/DetailPop-up/MoreActions/CancelRefundButton' is not visible after 15 second(s)

2022-02-14 13:02:57 - [MESSAGE][WARNING] - Object 'Object Repository/DetailPop-up/MoreActions/CancelRefundButton' is not visible after 15 second(s)

2022-02-14 13:02:57 - [TEST_STEP][PASSED] - delay(13): Delayed 13 second(s)

2022-02-14 13:03:10 - [MESSAGE][PASSED] - Delayed 13 second(s)

2022-02-14 13:03:10 - [TEST_STEP][PASSED] - click(findTestObject("Object Repository/DetailPop-up/Backbutton/BackButtonToListing")): Object: 'Object Repository/DetailPop-up/Backbutton/BackButtonToListing' is clicked on

2022-02-14 13:03:13 - [MESSAGE][PASSED] - Object: 'Object Repository/DetailPop-up/Backbutton/BackButtonToListing' is clicked on

2022-02-14 13:03:13 - [TEST_STEP][PASSED] - delay(1): Delayed 1 second(s)

2022-02-14 13:03:14 - [MESSAGE][PASSED] - Delayed 1 second(s)

2022-02-14 13:03:14 - [TEST_STEP][PASSED] - takeScreenshot(): Taking screenshot successfully

2022-02-14 13:03:14 - [MESSAGE][PASSED] - Taking screenshot successfully
[[ATTACHMENT|/home/intersoft-admin/Rattan/Bash/Training/Rattan/Final_testing/New_ActivityOverview/Reports/20220214_115757/Refund-Order-Main/20220214_115806/1644823994518.png]]

2022-02-14 13:03:14 - [TEST_STEP][PASSED] - delay(13): Delayed 13 second(s)

2022-02-14 13:03:27 - [MESSAGE][PASSED] - Delayed 13 second(s)

2022-02-14 13:03:27 - [TEST_STEP][PASSED] - if (l <= 5): null

2022-02-14 13:03:27 - [TEST_STEP][PASSED] - paginationvalue = l: null

2022-02-14 13:03:27 - [TEST_STEP][PASSED] - if (l > 5): null

2022-02-14 13:03:27 - [TEST_STEP][PASSED] - logInfo(Size of Pagination: $paginationvalue): Size of Pagination: 4

2022-02-14 13:03:27 - [MESSAGE][INFO] - Size of Pagination: 4

2022-02-14 13:03:27 - [TEST_STEP][PASSED] - click(findTestObject("Object Repository/PaginationCOunt/ClickOnPagination", ["pagination":paginationvalue])): Object: 'Object Repository/PaginationCOunt/ClickOnPagination' is clicked on

2022-02-14 13:03:30 - [MESSAGE][PASSED] - Object: 'Object Repository/PaginationCOunt/ClickOnPagination' is clicked on

2022-02-14 13:03:30 - [TEST_STEP][PASSED] - delay(20): Delayed 20 second(s)

2022-02-14 13:03:50 - [MESSAGE][PASSED] - Delayed 20 second(s)

2022-02-14 13:03:50 - [TEST_STEP][PASSED] - takeScreenshot(): Taking screenshot successfully

2022-02-14 13:03:50 - [MESSAGE][PASSED] - Taking screenshot successfully
[[ATTACHMENT|/home/intersoft-admin/Rattan/Bash/Training/Rattan/Final_testing/New_ActivityOverview/Reports/20220214_115757/Refund-Order-Main/20220214_115806/1644824030850.png]]

2022-02-14 13:03:50 - [TEST_STEP][PASSED] - SizeofActiveBookings = findWebElements(findTestObject("Object Repository/CancelAndRefund/OrderListWithoutRefundedStatus"), 5).size(): null

2022-02-14 13:03:51 - [TEST_STEP][PASSED] - logInfo(Size of Active Bookings: $SizeofActiveBookings): Size of Active Bookings: 79

2022-02-14 13:03:51 - [MESSAGE][INFO] - Size of Active Bookings: 79

2022-02-14 13:03:51 - [TEST_STEP][PASSED] - for ([refund = 1, refund < SizeofActiveBookings, (refund++)]): Object 'Object Repository/DetailPop-up/MoreActions/CancelRefundButton' is not visible after 15 second(s)

2022-02-14 13:03:51 - [TEST_STEP][PASSED] - if (refund == 1): null

2022-02-14 13:03:51 - [TEST_STEP][PASSED] - refund = SizeofActiveBookings: null

2022-02-14 13:03:51 - [TEST_STEP][PASSED] - refundvalue = refund: null

2022-02-14 13:03:51 - [TEST_STEP][PASSED] - logInfo(Size of refund booking: $refund): Size of refund booking: 79

2022-02-14 13:03:51 - [MESSAGE][INFO] - Size of refund booking: 79

2022-02-14 13:03:51 - [TEST_STEP][PASSED] - scrollToElement(findTestObject("Object Repository/CancelAndRefund/OrderListWithoutRefundedStatus - Click", ["position":refund]), 15): Scroll to object 'Object Repository/CancelAndRefund/OrderListWithoutRefundedStatus - Click' successfully

2022-02-14 13:03:51 - [MESSAGE][PASSED] - Scroll to object 'Object Repository/CancelAndRefund/OrderListWithoutRefundedStatus - Click' successfully

2022-02-14 13:03:51 - [TEST_STEP][PASSED] - takeScreenshot(): Taking screenshot successfully

2022-02-14 13:03:51 - [MESSAGE][PASSED] - Taking screenshot successfully
[[ATTACHMENT|/home/intersoft-admin/Rattan/Bash/Training/Rattan/Final_testing/New_ActivityOverview/Reports/20220214_115757/Refund-Order-Main/20220214_115806/1644824031119.png]]

2022-02-14 13:03:51 - [TEST_STEP][PASSED] - orderId = findWebElement(findTestObject("Object Repository/GetOrderID/GetOrderID", ["position":refund])).getAttribute("data-order_id"): null

2022-02-14 13:03:51 - [TEST_STEP][PASSED] - orderId = orderId: null

2022-02-14 13:03:51 - [TEST_STEP][PASSED] - logInfo(Order ID: $orderId): Order ID: 164431831841636

2022-02-14 13:03:51 - [MESSAGE][INFO] - Order ID: 164431831841636

2022-02-14 13:03:51 - [TEST_STEP][PASSED] - click(findTestObject("Object Repository/GetOrderID/GetOrderID", ["position":refund])): Object: 'Object Repository/GetOrderID/GetOrderID' is clicked on

2022-02-14 13:03:54 - [MESSAGE][PASSED] - Object: 'Object Repository/GetOrderID/GetOrderID' is clicked on

2022-02-14 13:03:54 - [TEST_STEP][PASSED] - delay(20): Delayed 20 second(s)

2022-02-14 13:04:14 - [MESSAGE][PASSED] - Delayed 20 second(s)

2022-02-14 13:04:14 - [TEST_STEP][PASSED] - takeScreenshot(): Taking screenshot successfully

2022-02-14 13:04:14 - [MESSAGE][PASSED] - Taking screenshot successfully
[[ATTACHMENT|/home/intersoft-admin/Rattan/Bash/Training/Rattan/Final_testing/New_ActivityOverview/Reports/20220214_115757/Refund-Order-Main/20220214_115806/1644824054499.png]]

2022-02-14 13:04:14 - [TEST_STEP][PASSED] - if (waitForElementVisible(findTestObject("Object Repository/DetailPop-up/MoreActions/MoreOptionSelect"), 15) == true): Object 'Object Repository/DetailPop-up/MoreActions/CancelRefundButton' is not visible after 15 second(s)

2022-02-14 13:04:14 - [MESSAGE][PASSED] - Object 'Object Repository/DetailPop-up/MoreActions/MoreOptionSelect' is visible

2022-02-14 13:04:14 - [TEST_STEP][PASSED] - click(findTestObject("Object Repository/DetailPop-up/MoreActions/MoreOptionSelect")): Object: 'Object Repository/DetailPop-up/MoreActions/MoreOptionSelect' is clicked on

2022-02-14 13:04:17 - [MESSAGE][PASSED] - Object: 'Object Repository/DetailPop-up/MoreActions/MoreOptionSelect' is clicked on

2022-02-14 13:04:17 - [TEST_STEP][PASSED] - delay(1): Delayed 1 second(s)

2022-02-14 13:04:18 - [MESSAGE][PASSED] - Delayed 1 second(s)

2022-02-14 13:04:18 - [TEST_STEP][PASSED] - takeScreenshot(): Taking screenshot successfully

2022-02-14 13:04:18 - [MESSAGE][PASSED] - Taking screenshot successfully
[[ATTACHMENT|/home/intersoft-admin/Rattan/Bash/Training/Rattan/Final_testing/New_ActivityOverview/Reports/20220214_115757/Refund-Order-Main/20220214_115806/1644824058870.png]]

2022-02-14 13:04:18 - [TEST_STEP][PASSED] - if (waitForElementVisible(findTestObject("Object Repository/DetailPop-up/MoreActions/MoreAction-SelectOptions", ["action":"Refund"]), 15) == true): Taking screenshot successfully

2022-02-14 13:04:19 - [MESSAGE][PASSED] - Object 'Object Repository/DetailPop-up/MoreActions/MoreAction-SelectOptions' is visible

2022-02-14 13:04:19 - [TEST_STEP][PASSED] - click(findTestObject("Object Repository/DetailPop-up/MoreActions/MoreAction-SelectOptions", ["action":"Refund"])): Object: 'Object Repository/DetailPop-up/MoreActions/MoreAction-SelectOptions' is clicked on

2022-02-14 13:04:22 - [MESSAGE][PASSED] - Object: 'Object Repository/DetailPop-up/MoreActions/MoreAction-SelectOptions' is clicked on

2022-02-14 13:04:22 - [TEST_STEP][PASSED] - delay(1): Delayed 1 second(s)

2022-02-14 13:04:23 - [MESSAGE][PASSED] - Delayed 1 second(s)

2022-02-14 13:04:23 - [TEST_STEP][PASSED] - takeScreenshot(): Taking screenshot successfully

2022-02-14 13:04:23 - [MESSAGE][PASSED] - Taking screenshot successfully
[[ATTACHMENT|/home/intersoft-admin/Rattan/Bash/Training/Rattan/Final_testing/New_ActivityOverview/Reports/20220214_115757/Refund-Order-Main/20220214_115806/1644824063260.png]]

2022-02-14 13:04:23 - [TEST_STEP][PASSED] - setText(findTestObject("Object Repository/DetailPop-up/MoreActions/RefundReason"), CancellationReason): Text 'Order Refunded to Test Automation Testing Under Katalon' is set on object 'Object Repository/DetailPop-up/MoreActions/RefundReason'

2022-02-14 13:04:29 - [MESSAGE][PASSED] - Text 'Order Refunded to Test Automation Testing Under Katalon' is set on object 'Object Repository/DetailPop-up/MoreActions/RefundReason'

2022-02-14 13:04:29 - [TEST_STEP][PASSED] - delay(1): Delayed 1 second(s)

2022-02-14 13:04:30 - [MESSAGE][PASSED] - Delayed 1 second(s)

2022-02-14 13:04:30 - [TEST_STEP][PASSED] - takeScreenshot(): Taking screenshot successfully

2022-02-14 13:04:30 - [MESSAGE][PASSED] - Taking screenshot successfully
[[ATTACHMENT|/home/intersoft-admin/Rattan/Bash/Training/Rattan/Final_testing/New_ActivityOverview/Reports/20220214_115757/Refund-Order-Main/20220214_115806/1644824070624.png]]

2022-02-14 13:04:30 - [TEST_STEP][PASSED] - click(findTestObject("Object Repository/DetailPop-up/MoreActions/confirmRefundOrder")): Object: 'Object Repository/DetailPop-up/MoreActions/confirmRefundOrder' is clicked on

2022-02-14 13:04:33 - [MESSAGE][PASSED] - Object: 'Object Repository/DetailPop-up/MoreActions/confirmRefundOrder' is clicked on

2022-02-14 13:04:33 - [TEST_STEP][PASSED] - delay(1): Delayed 1 second(s)

2022-02-14 13:04:34 - [MESSAGE][PASSED] - Delayed 1 second(s)

2022-02-14 13:04:34 - [TEST_STEP][PASSED] - takeScreenshot(): Taking screenshot successfully

2022-02-14 13:04:35 - [MESSAGE][PASSED] - Taking screenshot successfully
[[ATTACHMENT|/home/intersoft-admin/Rattan/Bash/Training/Rattan/Final_testing/New_ActivityOverview/Reports/20220214_115757/Refund-Order-Main/20220214_115806/1644824074923.png]]

2022-02-14 13:04:35 - [TEST_STEP][PASSED] - delay(12): Delayed 12 second(s)

2022-02-14 13:04:47 - [MESSAGE][PASSED] - Delayed 12 second(s)

2022-02-14 13:04:47 - [TEST_STEP][PASSED] - if (waitForElementVisible(findTestObject("Object Repository/DetailPop-up/MoreActions/CancelRefundButton"), 15) == true): Object 'Object Repository/DetailPop-up/MoreActions/CancelRefundButton' is not visible after 15 second(s)

2022-02-14 13:05:02 - [MESSAGE][WARNING] - Object 'Object Repository/DetailPop-up/MoreActions/CancelRefundButton' is not visible after 15 second(s)

2022-02-14 13:05:02 - [TEST_STEP][PASSED] - delay(13): Delayed 13 second(s)

2022-02-14 13:05:15 - [MESSAGE][PASSED] - Delayed 13 second(s)

2022-02-14 13:05:15 - [TEST_STEP][PASSED] - click(findTestObject("Object Repository/DetailPop-up/Backbutton/BackButtonToListing")): Object: 'Object Repository/DetailPop-up/Backbutton/BackButtonToListing' is clicked on

2022-02-14 13:05:18 - [MESSAGE][PASSED] - Object: 'Object Repository/DetailPop-up/Backbutton/BackButtonToListing' is clicked on

2022-02-14 13:05:18 - [TEST_STEP][PASSED] - delay(1): Delayed 1 second(s)

2022-02-14 13:05:19 - [MESSAGE][PASSED] - Delayed 1 second(s)

2022-02-14 13:05:19 - [TEST_STEP][PASSED] - takeScreenshot(): Taking screenshot successfully

2022-02-14 13:05:19 - [MESSAGE][PASSED] - Taking screenshot successfully
[[ATTACHMENT|/home/intersoft-admin/Rattan/Bash/Training/Rattan/Final_testing/New_ActivityOverview/Reports/20220214_115757/Refund-Order-Main/20220214_115806/1644824119735.png]]

2022-02-14 13:05:19 - [TEST_STEP][PASSED] - delay(13): Delayed 13 second(s)

2022-02-14 13:05:32 - [MESSAGE][PASSED] - Delayed 13 second(s)

2022-02-14 13:05:32 - [TEST_STEP][PASSED] - if (l <= 5): null

2022-02-14 13:05:32 - [TEST_STEP][PASSED] - paginationvalue = l: null

2022-02-14 13:05:32 - [TEST_STEP][PASSED] - if (l > 5): null

2022-02-14 13:05:32 - [TEST_STEP][PASSED] - logInfo(Size of Pagination: $paginationvalue): Size of Pagination: 5

2022-02-14 13:05:32 - [MESSAGE][INFO] - Size of Pagination: 5

2022-02-14 13:05:32 - [TEST_STEP][PASSED] - click(findTestObject("Object Repository/PaginationCOunt/ClickOnPagination", ["pagination":paginationvalue])): Object: 'Object Repository/PaginationCOunt/ClickOnPagination' is clicked on

2022-02-14 13:05:36 - [MESSAGE][PASSED] - Object: 'Object Repository/PaginationCOunt/ClickOnPagination' is clicked on

2022-02-14 13:05:36 - [TEST_STEP][PASSED] - delay(20): Delayed 20 second(s)

2022-02-14 13:05:56 - [MESSAGE][PASSED] - Delayed 20 second(s)

2022-02-14 13:05:56 - [TEST_STEP][PASSED] - takeScreenshot(): Taking screenshot successfully

2022-02-14 13:05:56 - [MESSAGE][PASSED] - Taking screenshot successfully
[[ATTACHMENT|/home/intersoft-admin/Rattan/Bash/Training/Rattan/Final_testing/New_ActivityOverview/Reports/20220214_115757/Refund-Order-Main/20220214_115806/1644824156068.png]]

2022-02-14 13:05:56 - [TEST_STEP][PASSED] - SizeofActiveBookings = findWebElements(findTestObject("Object Repository/CancelAndRefund/OrderListWithoutRefundedStatus"), 5).size(): null

2022-02-14 13:05:56 - [TEST_STEP][PASSED] - logInfo(Size of Active Bookings: $SizeofActiveBookings): Size of Active Bookings: 94

2022-02-14 13:05:56 - [MESSAGE][INFO] - Size of Active Bookings: 94

2022-02-14 13:05:56 - [TEST_STEP][PASSED] - for ([refund = 1, refund < SizeofActiveBookings, (refund++)]): Object 'Object Repository/DetailPop-up/MoreActions/CancelRefundButton' is not visible after 15 second(s)

2022-02-14 13:05:56 - [TEST_STEP][PASSED] - if (refund == 1): null

2022-02-14 13:05:56 - [TEST_STEP][PASSED] - refund = SizeofActiveBookings: null

2022-02-14 13:05:56 - [TEST_STEP][PASSED] - refundvalue = refund: null

2022-02-14 13:05:56 - [TEST_STEP][PASSED] - logInfo(Size of refund booking: $refund): Size of refund booking: 94

2022-02-14 13:05:56 - [MESSAGE][INFO] - Size of refund booking: 94

2022-02-14 13:05:56 - [TEST_STEP][PASSED] - scrollToElement(findTestObject("Object Repository/CancelAndRefund/OrderListWithoutRefundedStatus - Click", ["position":refund]), 15): Scroll to object 'Object Repository/CancelAndRefund/OrderListWithoutRefundedStatus - Click' successfully

2022-02-14 13:05:56 - [MESSAGE][PASSED] - Scroll to object 'Object Repository/CancelAndRefund/OrderListWithoutRefundedStatus - Click' successfully

2022-02-14 13:05:56 - [TEST_STEP][PASSED] - takeScreenshot(): Taking screenshot successfully

2022-02-14 13:05:56 - [MESSAGE][PASSED] - Taking screenshot successfully
[[ATTACHMENT|/home/intersoft-admin/Rattan/Bash/Training/Rattan/Final_testing/New_ActivityOverview/Reports/20220214_115757/Refund-Order-Main/20220214_115806/1644824156383.png]]

2022-02-14 13:05:56 - [TEST_STEP][PASSED] - orderId = findWebElement(findTestObject("Object Repository/GetOrderID/GetOrderID", ["position":refund])).getAttribute("data-order_id"): null

2022-02-14 13:05:56 - [TEST_STEP][PASSED] - orderId = orderId: null

2022-02-14 13:05:56 - [TEST_STEP][PASSED] - logInfo(Order ID: $orderId): Order ID: 164422192168271

2022-02-14 13:05:56 - [MESSAGE][INFO] - Order ID: 164422192168271

2022-02-14 13:05:56 - [TEST_STEP][PASSED] - click(findTestObject("Object Repository/GetOrderID/GetOrderID", ["position":refund])): Object: 'Object Repository/GetOrderID/GetOrderID' is clicked on

2022-02-14 13:05:59 - [MESSAGE][PASSED] - Object: 'Object Repository/GetOrderID/GetOrderID' is clicked on

2022-02-14 13:05:59 - [TEST_STEP][PASSED] - delay(20): Delayed 20 second(s)

2022-02-14 13:06:19 - [MESSAGE][PASSED] - Delayed 20 second(s)

2022-02-14 13:06:19 - [TEST_STEP][PASSED] - takeScreenshot(): Taking screenshot successfully

2022-02-14 13:06:19 - [MESSAGE][PASSED] - Taking screenshot successfully
[[ATTACHMENT|/home/intersoft-admin/Rattan/Bash/Training/Rattan/Final_testing/New_ActivityOverview/Reports/20220214_115757/Refund-Order-Main/20220214_115806/1644824179767.png]]

2022-02-14 13:06:19 - [TEST_STEP][PASSED] - if (waitForElementVisible(findTestObject("Object Repository/DetailPop-up/MoreActions/MoreOptionSelect"), 15) == true): Object 'Object Repository/DetailPop-up/MoreActions/CancelRefundButton' is not visible after 15 second(s)

2022-02-14 13:06:20 - [MESSAGE][PASSED] - Object 'Object Repository/DetailPop-up/MoreActions/MoreOptionSelect' is visible

2022-02-14 13:06:20 - [TEST_STEP][PASSED] - click(findTestObject("Object Repository/DetailPop-up/MoreActions/MoreOptionSelect")): Object: 'Object Repository/DetailPop-up/MoreActions/MoreOptionSelect' is clicked on

2022-02-14 13:06:23 - [MESSAGE][PASSED] - Object: 'Object Repository/DetailPop-up/MoreActions/MoreOptionSelect' is clicked on

2022-02-14 13:06:23 - [TEST_STEP][PASSED] - delay(1): Delayed 1 second(s)

2022-02-14 13:06:24 - [MESSAGE][PASSED] - Delayed 1 second(s)

2022-02-14 13:06:24 - [TEST_STEP][PASSED] - takeScreenshot(): Taking screenshot successfully

2022-02-14 13:06:24 - [MESSAGE][PASSED] - Taking screenshot successfully
[[ATTACHMENT|/home/intersoft-admin/Rattan/Bash/Training/Rattan/Final_testing/New_ActivityOverview/Reports/20220214_115757/Refund-Order-Main/20220214_115806/1644824184144.png]]

2022-02-14 13:06:24 - [TEST_STEP][PASSED] - if (waitForElementVisible(findTestObject("Object Repository/DetailPop-up/MoreActions/MoreAction-SelectOptions", ["action":"Refund"]), 15) == true): Taking screenshot successfully

2022-02-14 13:06:24 - [MESSAGE][PASSED] - Object 'Object Repository/DetailPop-up/MoreActions/MoreAction-SelectOptions' is visible

2022-02-14 13:06:24 - [TEST_STEP][PASSED] - click(findTestObject("Object Repository/DetailPop-up/MoreActions/MoreAction-SelectOptions", ["action":"Refund"])): Object: 'Object Repository/DetailPop-up/MoreActions/MoreAction-SelectOptions' is clicked on

2022-02-14 13:06:27 - [MESSAGE][PASSED] - Object: 'Object Repository/DetailPop-up/MoreActions/MoreAction-SelectOptions' is clicked on

2022-02-14 13:06:27 - [TEST_STEP][PASSED] - delay(1): Delayed 1 second(s)

2022-02-14 13:06:28 - [MESSAGE][PASSED] - Delayed 1 second(s)

2022-02-14 13:06:28 - [TEST_STEP][PASSED] - takeScreenshot(): Taking screenshot successfully

2022-02-14 13:06:28 - [MESSAGE][PASSED] - Taking screenshot successfully
[[ATTACHMENT|/home/intersoft-admin/Rattan/Bash/Training/Rattan/Final_testing/New_ActivityOverview/Reports/20220214_115757/Refund-Order-Main/20220214_115806/1644824188588.png]]

2022-02-14 13:06:28 - [TEST_STEP][PASSED] - setText(findTestObject("Object Repository/DetailPop-up/MoreActions/RefundReason"), CancellationReason): Text 'Order Refunded to Test Automation Testing Under Katalon' is set on object 'Object Repository/DetailPop-up/MoreActions/RefundReason'

2022-02-14 13:06:34 - [MESSAGE][PASSED] - Text 'Order Refunded to Test Automation Testing Under Katalon' is set on object 'Object Repository/DetailPop-up/MoreActions/RefundReason'

2022-02-14 13:06:34 - [TEST_STEP][PASSED] - delay(1): Delayed 1 second(s)

2022-02-14 13:06:35 - [MESSAGE][PASSED] - Delayed 1 second(s)

2022-02-14 13:06:35 - [TEST_STEP][PASSED] - takeScreenshot(): Taking screenshot successfully

2022-02-14 13:06:36 - [MESSAGE][PASSED] - Taking screenshot successfully
[[ATTACHMENT|/home/intersoft-admin/Rattan/Bash/Training/Rattan/Final_testing/New_ActivityOverview/Reports/20220214_115757/Refund-Order-Main/20220214_115806/1644824195964.png]]

2022-02-14 13:06:36 - [TEST_STEP][PASSED] - click(findTestObject("Object Repository/DetailPop-up/MoreActions/confirmRefundOrder")): Object: 'Object Repository/DetailPop-up/MoreActions/confirmRefundOrder' is clicked on

2022-02-14 13:06:39 - [MESSAGE][PASSED] - Object: 'Object Repository/DetailPop-up/MoreActions/confirmRefundOrder' is clicked on

2022-02-14 13:06:39 - [TEST_STEP][PASSED] - delay(1): Delayed 1 second(s)

2022-02-14 13:06:40 - [MESSAGE][PASSED] - Delayed 1 second(s)

2022-02-14 13:06:40 - [TEST_STEP][PASSED] - takeScreenshot(): Taking screenshot successfully

2022-02-14 13:06:40 - [MESSAGE][PASSED] - Taking screenshot successfully
[[ATTACHMENT|/home/intersoft-admin/Rattan/Bash/Training/Rattan/Final_testing/New_ActivityOverview/Reports/20220214_115757/Refund-Order-Main/20220214_115806/1644824200257.png]]

2022-02-14 13:06:40 - [TEST_STEP][PASSED] - delay(12): Delayed 12 second(s)

2022-02-14 13:06:52 - [MESSAGE][PASSED] - Delayed 12 second(s)

2022-02-14 13:06:52 - [TEST_STEP][PASSED] - if (waitForElementVisible(findTestObject("Object Repository/DetailPop-up/MoreActions/CancelRefundButton"), 15) == true): Object 'Object Repository/DetailPop-up/MoreActions/CancelRefundButton' is not visible after 15 second(s)

2022-02-14 13:07:07 - [MESSAGE][WARNING] - Object 'Object Repository/DetailPop-up/MoreActions/CancelRefundButton' is not visible after 15 second(s)

2022-02-14 13:07:07 - [TEST_STEP][PASSED] - delay(13): Delayed 13 second(s)

2022-02-14 13:07:20 - [MESSAGE][PASSED] - Delayed 13 second(s)

2022-02-14 13:07:20 - [TEST_STEP][PASSED] - click(findTestObject("Object Repository/DetailPop-up/Backbutton/BackButtonToListing")): Object: 'Object Repository/DetailPop-up/Backbutton/BackButtonToListing' is clicked on

2022-02-14 13:07:24 - [MESSAGE][PASSED] - Object: 'Object Repository/DetailPop-up/Backbutton/BackButtonToListing' is clicked on

2022-02-14 13:07:24 - [TEST_STEP][PASSED] - delay(1): Delayed 1 second(s)

2022-02-14 13:07:25 - [MESSAGE][PASSED] - Delayed 1 second(s)

2022-02-14 13:07:25 - [TEST_STEP][PASSED] - takeScreenshot(): Taking screenshot successfully

2022-02-14 13:07:25 - [MESSAGE][PASSED] - Taking screenshot successfully
[[ATTACHMENT|/home/intersoft-admin/Rattan/Bash/Training/Rattan/Final_testing/New_ActivityOverview/Reports/20220214_115757/Refund-Order-Main/20220214_115806/1644824245073.png]]

2022-02-14 13:07:25 - [TEST_STEP][PASSED] - delay(13): Delayed 13 second(s)

2022-02-14 13:07:38 - [MESSAGE][PASSED] - Delayed 13 second(s)]]></system-out>
         <system-err><![CDATA[]]></system-err>
      </testcase>
      <system-out><![CDATA[2022-02-14 12:55:46 - [TEST_SUITE][PASSED] - Refund-Order-Main: Test Cases/NewActivityOverview-LeftNavigation/ActivityOverview-RefundOrder-GetOrderIDAndRefund]]></system-out>
      <system-err><![CDATA[]]></system-err>
   </testsuite>
   <testsuite name="SearchAndSorting" tests="1" failures="0" errors="0" time="896.657" skipped="0" timestamp="2022-02-14 13:07:57" hostname="intersoft-admin - intersoftadmin-desktop" id="Test Suites/SearchAndSorting">
      <properties>
         <property name="deviceName" value=""/>
         <property name="devicePlatform" value=""/>
         <property name="logFolder" value="/home/intersoft-admin/Rattan/Bash/Training/Rattan/Final_testing/New_ActivityOverview/Reports/20220214_115757/SearchAndSorting/20220214_115808"/>
         <property name="logFiles" value="/home/intersoft-admin/Rattan/Bash/Training/Rattan/Final_testing/New_ActivityOverview/Reports/20220214_115757/SearchAndSorting/20220214_115808/execution0.log"/>
         <property name="attachments" value="/home/intersoft-admin/Rattan/Bash/Training/Rattan/Final_testing/New_ActivityOverview/Reports/20220214_115757/SearchAndSorting/20220214_115808/1644824303983.png, /home/intersoft-admin/Rattan/Bash/Training/Rattan/Final_testing/New_ActivityOverview/Reports/20220214_115757/SearchAndSorting/20220214_115808/1644824318153.png, /home/intersoft-admin/Rattan/Bash/Training/Rattan/Final_testing/New_ActivityOverview/Reports/20220214_115757/SearchAndSorting/20220214_115808/1644824318594.png, /home/intersoft-admin/Rattan/Bash/Training/Rattan/Final_testing/New_ActivityOverview/Reports/20220214_115757/SearchAndSorting/20220214_115808/1644824371194.png, /home/intersoft-admin/Rattan/Bash/Training/Rattan/Final_testing/New_ActivityOverview/Reports/20220214_115757/SearchAndSorting/20220214_115808/1644824400555.png, /home/intersoft-admin/Rattan/Bash/Training/Rattan/Final_testing/New_ActivityOverview/Reports/20220214_115757/SearchAndSorting/20220214_115808/1644824429933.png, /home/intersoft-admin/Rattan/Bash/Training/Rattan/Final_testing/New_ActivityOverview/Reports/20220214_115757/SearchAndSorting/20220214_115808/1644824453351.png, /home/intersoft-admin/Rattan/Bash/Training/Rattan/Final_testing/New_ActivityOverview/Reports/20220214_115757/SearchAndSorting/20220214_115808/1644824476710.png, /home/intersoft-admin/Rattan/Bash/Training/Rattan/Final_testing/New_ActivityOverview/Reports/20220214_115757/SearchAndSorting/20220214_115808/1644824500058.png, /home/intersoft-admin/Rattan/Bash/Training/Rattan/Final_testing/New_ActivityOverview/Reports/20220214_115757/SearchAndSorting/20220214_115808/1644824532515.png, /home/intersoft-admin/Rattan/Bash/Training/Rattan/Final_testing/New_ActivityOverview/Reports/20220214_115757/SearchAndSorting/20220214_115808/1644824561853.png, /home/intersoft-admin/Rattan/Bash/Training/Rattan/Final_testing/New_ActivityOverview/Reports/20220214_115757/SearchAndSorting/20220214_115808/1644824591185.png, /home/intersoft-admin/Rattan/Bash/Training/Rattan/Final_testing/New_ActivityOverview/Reports/20220214_115757/SearchAndSorting/20220214_115808/1644824614534.png, /home/intersoft-admin/Rattan/Bash/Training/Rattan/Final_testing/New_ActivityOverview/Reports/20220214_115757/SearchAndSorting/20220214_115808/1644824622801.png, /home/intersoft-admin/Rattan/Bash/Training/Rattan/Final_testing/New_ActivityOverview/Reports/20220214_115757/SearchAndSorting/20220214_115808/1644824646038.png, /home/intersoft-admin/Rattan/Bash/Training/Rattan/Final_testing/New_ActivityOverview/Reports/20220214_115757/SearchAndSorting/20220214_115808/1644824654273.png, /home/intersoft-admin/Rattan/Bash/Training/Rattan/Final_testing/New_ActivityOverview/Reports/20220214_115757/SearchAndSorting/20220214_115808/1644824677583.png, /home/intersoft-admin/Rattan/Bash/Training/Rattan/Final_testing/New_ActivityOverview/Reports/20220214_115757/SearchAndSorting/20220214_115808/1644824685840.png, /home/intersoft-admin/Rattan/Bash/Training/Rattan/Final_testing/New_ActivityOverview/Reports/20220214_115757/SearchAndSorting/20220214_115808/1644824709168.png, /home/intersoft-admin/Rattan/Bash/Training/Rattan/Final_testing/New_ActivityOverview/Reports/20220214_115757/SearchAndSorting/20220214_115808/1644824761642.png, /home/intersoft-admin/Rattan/Bash/Training/Rattan/Final_testing/New_ActivityOverview/Reports/20220214_115757/SearchAndSorting/20220214_115808/1644824769931.png, /home/intersoft-admin/Rattan/Bash/Training/Rattan/Final_testing/New_ActivityOverview/Reports/20220214_115757/SearchAndSorting/20220214_115808/1644824793235.png, /home/intersoft-admin/Rattan/Bash/Training/Rattan/Final_testing/New_ActivityOverview/Reports/20220214_115757/SearchAndSorting/20220214_115808/1644824801477.png, /home/intersoft-admin/Rattan/Bash/Training/Rattan/Final_testing/New_ActivityOverview/Reports/20220214_115757/SearchAndSorting/20220214_115808/1644824824794.png, /home/intersoft-admin/Rattan/Bash/Training/Rattan/Final_testing/New_ActivityOverview/Reports/20220214_115757/SearchAndSorting/20220214_115808/1644824833034.png, /home/intersoft-admin/Rattan/Bash/Training/Rattan/Final_testing/New_ActivityOverview/Reports/20220214_115757/SearchAndSorting/20220214_115808/1644824856355.png, /home/intersoft-admin/Rattan/Bash/Training/Rattan/Final_testing/New_ActivityOverview/Reports/20220214_115757/SearchAndSorting/20220214_115808/1644824908812.png, /home/intersoft-admin/Rattan/Bash/Training/Rattan/Final_testing/New_ActivityOverview/Reports/20220214_115757/SearchAndSorting/20220214_115808/1644824917050.png, /home/intersoft-admin/Rattan/Bash/Training/Rattan/Final_testing/New_ActivityOverview/Reports/20220214_115757/SearchAndSorting/20220214_115808/1644824940380.png, /home/intersoft-admin/Rattan/Bash/Training/Rattan/Final_testing/New_ActivityOverview/Reports/20220214_115757/SearchAndSorting/20220214_115808/1644824948652.png, /home/intersoft-admin/Rattan/Bash/Training/Rattan/Final_testing/New_ActivityOverview/Reports/20220214_115757/SearchAndSorting/20220214_115808/1644824971993.png, /home/intersoft-admin/Rattan/Bash/Training/Rattan/Final_testing/New_ActivityOverview/Reports/20220214_115757/SearchAndSorting/20220214_115808/1644824980243.png, /home/intersoft-admin/Rattan/Bash/Training/Rattan/Final_testing/New_ActivityOverview/Reports/20220214_115757/SearchAndSorting/20220214_115808/1644825003604.png, /home/intersoft-admin/Rattan/Bash/Training/Rattan/Final_testing/New_ActivityOverview/Reports/20220214_115757/SearchAndSorting/20220214_115808/1644825056084.png, /home/intersoft-admin/Rattan/Bash/Training/Rattan/Final_testing/New_ActivityOverview/Reports/20220214_115757/SearchAndSorting/20220214_115808/1644825064367.png, /home/intersoft-admin/Rattan/Bash/Training/Rattan/Final_testing/New_ActivityOverview/Reports/20220214_115757/SearchAndSorting/20220214_115808/1644825087673.png, /home/intersoft-admin/Rattan/Bash/Training/Rattan/Final_testing/New_ActivityOverview/Reports/20220214_115757/SearchAndSorting/20220214_115808/1644825095922.png, /home/intersoft-admin/Rattan/Bash/Training/Rattan/Final_testing/New_ActivityOverview/Reports/20220214_115757/SearchAndSorting/20220214_115808/1644825119237.png, /home/intersoft-admin/Rattan/Bash/Training/Rattan/Final_testing/New_ActivityOverview/Reports/20220214_115757/SearchAndSorting/20220214_115808/1644825127475.png, /home/intersoft-admin/Rattan/Bash/Training/Rattan/Final_testing/New_ActivityOverview/Reports/20220214_115757/SearchAndSorting/20220214_115808/1644825150872.png, /home/intersoft-admin/Rattan/Bash/Training/Rattan/Final_testing/New_ActivityOverview/Reports/20220214_115757/SearchAndSorting/20220214_115808/1644825171007.png"/>
         <property name="hostName" value="intersoft-admin - intersoftadmin-desktop"/>
         <property name="os" value="Linux 64bit"/>
         <property name="katalonVersion" value="8.2.5.208"/>
         <property name="browser" value="Chrome 97.0.4692.99"/>
         <property name="hostAddress" value="127.0.1.1"/>
         <property name="sessionId" value="005b73f6beda7d2f5e91a23f93ab5182"/>
         <property name="seleniumVersion" value="3.141.59"/>
         <property name="proxyInformation" value="ProxyInformation { proxyOption=NO_PROXY, proxyServerType=HTTP, username=, password=********, proxyServerAddress=, proxyServerPort=0, executionList=&quot;&quot;, isApplyToDesiredCapabilities=true }"/>
         <property name="platform" value="Linux"/>
      </properties>
      <testcase name="Test Cases/NewActivityOverview-LeftNavigation/ActivityOverview-ListingSearchSorting" time="896.41" classname="Test Cases/NewActivityOverview-LeftNavigation/ActivityOverview-ListingSearchSorting" status="PASSED">
         <system-out><![CDATA[2022-02-14 13:07:57 - [TEST_CASE][PASSED] - Test Cases/NewActivityOverview-LeftNavigation/ActivityOverview-ListingSearchSorting: Test Cases/NewActivityOverview-LeftNavigation/ActivityOverview-ListingSearchSorting

2022-02-14 13:07:58 - [TEST_STEP][PASSED] - callTestCase(findTestCase("LoginWithSuperAdmin/SuperAdmin-Login"), [:], STOP_ON_FAILURE): Call Test Case 'Test Cases/LoginWithSuperAdmin/SuperAdmin-Login' successfully

2022-02-14 13:07:58 - [TEST_CASE][PASSED] - Test Cases/LoginWithSuperAdmin/SuperAdmin-Login: Test Cases/LoginWithSuperAdmin/SuperAdmin-Login

2022-02-14 13:07:58 - [TEST_STEP][PASSED] - openBrowser(""): Browser is opened with url: ''

2022-02-14 13:07:58 - [MESSAGE][INFO] - Starting 'Chrome' driver

2022-02-14 13:07:58 - [MESSAGE][INFO] - Action delay is set to 3,000 milliseconds

2022-02-14 13:07:59 - [MESSAGE][PASSED] - Browser is opened with url: ''

2022-02-14 13:07:59 - [TEST_STEP][PASSED] - setViewPortSize(1920, 1080): Viewport is set to new size with width = 1920 and height = 1080

2022-02-14 13:07:59 - [MESSAGE][PASSED] - Viewport is set to new size with width = 1920 and height = 1080

2022-02-14 13:07:59 - [TEST_STEP][PASSED] - navigateToUrl(URL): Navigate to 'https://marketplacev1.test-prio.com' successfully

2022-02-14 13:08:04 - [MESSAGE][PASSED] - Navigate to 'https://marketplacev1.test-prio.com' successfully

2022-02-14 13:08:04 - [TEST_STEP][PASSED] - delay(3): Delayed 3 second(s)

2022-02-14 13:08:07 - [MESSAGE][PASSED] - Delayed 3 second(s)

2022-02-14 13:08:07 - [TEST_STEP][PASSED] - click(findTestObject("SuperAdmin/Login/input_Email_contact_email")): Object: 'Object Repository/SuperAdmin/Login/input_Email_contact_email' is clicked on

2022-02-14 13:08:10 - [MESSAGE][PASSED] - Object: 'Object Repository/SuperAdmin/Login/input_Email_contact_email' is clicked on

2022-02-14 13:08:10 - [TEST_STEP][PASSED] - setText(findTestObject("SuperAdmin/Login/input_Email_contact_email"), uname): Text 'superadmin@tippoint.com' is set on object 'Object Repository/SuperAdmin/Login/input_Email_contact_email'

2022-02-14 13:08:17 - [MESSAGE][PASSED] - Text 'superadmin@tippoint.com' is set on object 'Object Repository/SuperAdmin/Login/input_Email_contact_email'

2022-02-14 13:08:17 - [TEST_STEP][PASSED] - setEncryptedText(findTestObject("SuperAdmin/Login/input_Password_password"), Password): Text ****** has been set on object 'Object Repository/SuperAdmin/Login/input_Password_password'

2022-02-14 13:08:23 - [MESSAGE][PASSED] - Text ****** has been set on object 'Object Repository/SuperAdmin/Login/input_Password_password'

2022-02-14 13:08:23 - [TEST_STEP][PASSED] - takeScreenshot(): Taking screenshot successfully

2022-02-14 13:08:24 - [MESSAGE][PASSED] - Taking screenshot successfully
[[ATTACHMENT|/home/intersoft-admin/Rattan/Bash/Training/Rattan/Final_testing/New_ActivityOverview/Reports/20220214_115757/SearchAndSorting/20220214_115808/1644824303983.png]]

2022-02-14 13:08:24 - [TEST_STEP][PASSED] - newpackage.clickUsingJS.clickUsingJS(findTestObject("SuperAdmin/Login/button_Sign in"), 5): newpackage.clickUsingJS.clickUsingJS is PASSED

2022-02-14 13:08:24 - [MESSAGE][PASSED] - newpackage.clickUsingJS.clickUsingJS is PASSED

2022-02-14 13:08:24 - [MESSAGE][PASSED] - Call Test Case 'Test Cases/LoginWithSuperAdmin/SuperAdmin-Login' successfully

2022-02-14 13:08:24 - [TEST_STEP][PASSED] - switchToDefaultContent(): null

2022-02-14 13:08:24 - [TEST_STEP][PASSED] - click(findTestObject("SuperAdminLeftNavigation/NewActivityOverview-LeftNavigation")): Object: 'Object Repository/SuperAdminLeftNavigation/NewActivityOverview-LeftNavigation' is clicked on

2022-02-14 13:08:37 - [MESSAGE][PASSED] - Object: 'Object Repository/SuperAdminLeftNavigation/NewActivityOverview-LeftNavigation' is clicked on

2022-02-14 13:08:37 - [TEST_STEP][PASSED] - takeScreenshot(): Taking screenshot successfully

2022-02-14 13:08:38 - [MESSAGE][PASSED] - Taking screenshot successfully
[[ATTACHMENT|/home/intersoft-admin/Rattan/Bash/Training/Rattan/Final_testing/New_ActivityOverview/Reports/20220214_115757/SearchAndSorting/20220214_115808/1644824318153.png]]

2022-02-14 13:08:38 - [TEST_STEP][PASSED] - switchToFrame(findTestObject("Object Repository/Iframe/NewActivityOverviewIframe"), 5): null

2022-02-14 13:08:38 - [TEST_STEP][PASSED] - takeScreenshot(): Taking screenshot successfully

2022-02-14 13:08:38 - [MESSAGE][PASSED] - Taking screenshot successfully
[[ATTACHMENT|/home/intersoft-admin/Rattan/Bash/Training/Rattan/Final_testing/New_ActivityOverview/Reports/20220214_115757/SearchAndSorting/20220214_115808/1644824318594.png]]

2022-02-14 13:08:38 - [TEST_STEP][PASSED] - delay(20): Delayed 20 second(s)

2022-02-14 13:08:58 - [MESSAGE][PASSED] - Delayed 20 second(s)

2022-02-14 13:08:58 - [TEST_STEP][PASSED] - sizeoflisting = findWebElements(findTestObject("ListingArea/ListingContainsData"), 5).size(): null

2022-02-14 13:08:58 - [TEST_STEP][PASSED] - println(sizeoflisting): null

2022-02-14 13:08:58 - [TEST_STEP][PASSED] - logInfo(Size of Order Listing: $sizeoflisting): Size of Order Listing: 11

2022-02-14 13:08:58 - [MESSAGE][INFO] - Size of Order Listing: 11

2022-02-14 13:08:58 - [TEST_STEP][PASSED] - if (sizeoflisting > 2): Object: 'Object Repository/ListingArea/Search/ClearSearch' is clicked on

2022-02-14 13:08:58 - [TEST_STEP][PASSED] - logInfo("Orders Exist in Listing"): Orders Exist in Listing

2022-02-14 13:08:58 - [MESSAGE][INFO] - Orders Exist in Listing

2022-02-14 13:08:58 - [TEST_STEP][PASSED] - click(findTestObject("Object Repository/ListingArea/Search/InputSearch")): Object: 'Object Repository/ListingArea/Search/InputSearch' is clicked on

2022-02-14 13:09:01 - [MESSAGE][PASSED] - Object: 'Object Repository/ListingArea/Search/InputSearch' is clicked on

2022-02-14 13:09:01 - [TEST_STEP][PASSED] - setText(findTestObject("Object Repository/ListingArea/Search/InputSearch"), $searchtext1): Text 'test' is set on object 'Object Repository/ListingArea/Search/InputSearch'

2022-02-14 13:09:08 - [MESSAGE][PASSED] - Text 'test' is set on object 'Object Repository/ListingArea/Search/InputSearch'

2022-02-14 13:09:08 - [TEST_STEP][PASSED] - sendKeys(findTestObject("Object Repository/ListingArea/Search/InputSearch"), Keys.chord(ENTER)): Keys 'ENTER + ' sent to object: 'Object Repository/ListingArea/Search/InputSearch'

2022-02-14 13:09:11 - [MESSAGE][PASSED] - Keys 'ENTER + ' sent to object: 'Object Repository/ListingArea/Search/InputSearch'

2022-02-14 13:09:11 - [TEST_STEP][PASSED] - delay(20): Delayed 20 second(s)

2022-02-14 13:09:31 - [MESSAGE][PASSED] - Delayed 20 second(s)

2022-02-14 13:09:31 - [TEST_STEP][PASSED] - takeScreenshot(): Taking screenshot successfully

2022-02-14 13:09:31 - [MESSAGE][PASSED] - Taking screenshot successfully
[[ATTACHMENT|/home/intersoft-admin/Rattan/Bash/Training/Rattan/Final_testing/New_ActivityOverview/Reports/20220214_115757/SearchAndSorting/20220214_115808/1644824371194.png]]

2022-02-14 13:09:31 - [TEST_STEP][PASSED] - setText(findTestObject("Object Repository/ListingArea/Search/InputSearch"), $searchtext2): Text 'rattan' is set on object 'Object Repository/ListingArea/Search/InputSearch'

2022-02-14 13:09:37 - [MESSAGE][PASSED] - Text 'rattan' is set on object 'Object Repository/ListingArea/Search/InputSearch'

2022-02-14 13:09:37 - [TEST_STEP][PASSED] - sendKeys(findTestObject("Object Repository/ListingArea/Search/InputSearch"), Keys.chord(ENTER)): Keys 'ENTER + ' sent to object: 'Object Repository/ListingArea/Search/InputSearch'

2022-02-14 13:09:40 - [MESSAGE][PASSED] - Keys 'ENTER + ' sent to object: 'Object Repository/ListingArea/Search/InputSearch'

2022-02-14 13:09:40 - [TEST_STEP][PASSED] - delay(20): Delayed 20 second(s)

2022-02-14 13:10:00 - [MESSAGE][PASSED] - Delayed 20 second(s)

2022-02-14 13:10:00 - [TEST_STEP][PASSED] - takeScreenshot(): Taking screenshot successfully

2022-02-14 13:10:00 - [MESSAGE][PASSED] - Taking screenshot successfully
[[ATTACHMENT|/home/intersoft-admin/Rattan/Bash/Training/Rattan/Final_testing/New_ActivityOverview/Reports/20220214_115757/SearchAndSorting/20220214_115808/1644824400555.png]]

2022-02-14 13:10:00 - [TEST_STEP][PASSED] - setText(findTestObject("Object Repository/ListingArea/Search/InputSearch"), $searchtext3): Text '453354r' is set on object 'Object Repository/ListingArea/Search/InputSearch'

2022-02-14 13:10:06 - [MESSAGE][PASSED] - Text '453354r' is set on object 'Object Repository/ListingArea/Search/InputSearch'

2022-02-14 13:10:06 - [TEST_STEP][PASSED] - sendKeys(findTestObject("Object Repository/ListingArea/Search/InputSearch"), Keys.chord(ENTER)): Keys 'ENTER + ' sent to object: 'Object Repository/ListingArea/Search/InputSearch'

2022-02-14 13:10:09 - [MESSAGE][PASSED] - Keys 'ENTER + ' sent to object: 'Object Repository/ListingArea/Search/InputSearch'

2022-02-14 13:10:09 - [TEST_STEP][PASSED] - delay(20): Delayed 20 second(s)

2022-02-14 13:10:29 - [MESSAGE][PASSED] - Delayed 20 second(s)

2022-02-14 13:10:29 - [TEST_STEP][PASSED] - takeScreenshot(): Taking screenshot successfully

2022-02-14 13:10:30 - [MESSAGE][PASSED] - Taking screenshot successfully
[[ATTACHMENT|/home/intersoft-admin/Rattan/Bash/Training/Rattan/Final_testing/New_ActivityOverview/Reports/20220214_115757/SearchAndSorting/20220214_115808/1644824429933.png]]

2022-02-14 13:10:30 - [TEST_STEP][PASSED] - searchlistingsize = findWebElements(findTestObject("Object Repository/ListingArea/Search/SearchResultList"), 5).size(): null

2022-02-14 13:10:30 - [TEST_STEP][PASSED] - logInfo(Size of Search Listing: $searchlistingsize): Size of Search Listing: 3

2022-02-14 13:10:30 - [MESSAGE][INFO] - Size of Search Listing: 3

2022-02-14 13:10:30 - [TEST_STEP][PASSED] - for ([m = 1, m <= searchlistingsize, (m++)]): Taking screenshot successfully

2022-02-14 13:10:30 - [TEST_STEP][PASSED] - click(findTestObject("Object Repository/ListingArea/Search/SearchCancelButton", ["position":"1"])): Object: 'Object Repository/ListingArea/Search/SearchCancelButton' is clicked on

2022-02-14 13:10:33 - [MESSAGE][PASSED] - Object: 'Object Repository/ListingArea/Search/SearchCancelButton' is clicked on

2022-02-14 13:10:33 - [TEST_STEP][PASSED] - delay(20): Delayed 20 second(s)

2022-02-14 13:10:53 - [MESSAGE][PASSED] - Delayed 20 second(s)

2022-02-14 13:10:53 - [TEST_STEP][PASSED] - takeScreenshot(): Taking screenshot successfully

2022-02-14 13:10:53 - [MESSAGE][PASSED] - Taking screenshot successfully
[[ATTACHMENT|/home/intersoft-admin/Rattan/Bash/Training/Rattan/Final_testing/New_ActivityOverview/Reports/20220214_115757/SearchAndSorting/20220214_115808/1644824453351.png]]

2022-02-14 13:10:53 - [TEST_STEP][PASSED] - click(findTestObject("Object Repository/ListingArea/Search/SearchCancelButton", ["position":"1"])): Object: 'Object Repository/ListingArea/Search/SearchCancelButton' is clicked on

2022-02-14 13:10:56 - [MESSAGE][PASSED] - Object: 'Object Repository/ListingArea/Search/SearchCancelButton' is clicked on

2022-02-14 13:10:56 - [TEST_STEP][PASSED] - delay(20): Delayed 20 second(s)

2022-02-14 13:11:16 - [MESSAGE][PASSED] - Delayed 20 second(s)

2022-02-14 13:11:16 - [TEST_STEP][PASSED] - takeScreenshot(): Taking screenshot successfully

2022-02-14 13:11:16 - [MESSAGE][PASSED] - Taking screenshot successfully
[[ATTACHMENT|/home/intersoft-admin/Rattan/Bash/Training/Rattan/Final_testing/New_ActivityOverview/Reports/20220214_115757/SearchAndSorting/20220214_115808/1644824476710.png]]

2022-02-14 13:11:16 - [TEST_STEP][PASSED] - click(findTestObject("Object Repository/ListingArea/Search/SearchCancelButton", ["position":"1"])): Object: 'Object Repository/ListingArea/Search/SearchCancelButton' is clicked on

2022-02-14 13:11:20 - [MESSAGE][PASSED] - Object: 'Object Repository/ListingArea/Search/SearchCancelButton' is clicked on

2022-02-14 13:11:20 - [TEST_STEP][PASSED] - delay(20): Delayed 20 second(s)

2022-02-14 13:11:40 - [MESSAGE][PASSED] - Delayed 20 second(s)

2022-02-14 13:11:40 - [TEST_STEP][PASSED] - takeScreenshot(): Taking screenshot successfully

2022-02-14 13:11:40 - [MESSAGE][PASSED] - Taking screenshot successfully
[[ATTACHMENT|/home/intersoft-admin/Rattan/Bash/Training/Rattan/Final_testing/New_ActivityOverview/Reports/20220214_115757/SearchAndSorting/20220214_115808/1644824500058.png]]

2022-02-14 13:11:40 - [TEST_STEP][PASSED] - click(findTestObject("Object Repository/ListingArea/Search/InputSearch")): Object: 'Object Repository/ListingArea/Search/InputSearch' is clicked on

2022-02-14 13:11:43 - [MESSAGE][PASSED] - Object: 'Object Repository/ListingArea/Search/InputSearch' is clicked on

2022-02-14 13:11:43 - [TEST_STEP][PASSED] - setText(findTestObject("Object Repository/ListingArea/Search/InputSearch"), $searchtext1): Text 'test' is set on object 'Object Repository/ListingArea/Search/InputSearch'

2022-02-14 13:11:49 - [MESSAGE][PASSED] - Text 'test' is set on object 'Object Repository/ListingArea/Search/InputSearch'

2022-02-14 13:11:49 - [TEST_STEP][PASSED] - sendKeys(findTestObject("Object Repository/ListingArea/Search/InputSearch"), Keys.chord(ENTER)): Keys 'ENTER + ' sent to object: 'Object Repository/ListingArea/Search/InputSearch'

2022-02-14 13:11:52 - [MESSAGE][PASSED] - Keys 'ENTER + ' sent to object: 'Object Repository/ListingArea/Search/InputSearch'

2022-02-14 13:11:52 - [TEST_STEP][PASSED] - delay(20): Delayed 20 second(s)

2022-02-14 13:12:12 - [MESSAGE][PASSED] - Delayed 20 second(s)

2022-02-14 13:12:12 - [TEST_STEP][PASSED] - takeScreenshot(): Taking screenshot successfully

2022-02-14 13:12:12 - [MESSAGE][PASSED] - Taking screenshot successfully
[[ATTACHMENT|/home/intersoft-admin/Rattan/Bash/Training/Rattan/Final_testing/New_ActivityOverview/Reports/20220214_115757/SearchAndSorting/20220214_115808/1644824532515.png]]

2022-02-14 13:12:12 - [TEST_STEP][PASSED] - setText(findTestObject("Object Repository/ListingArea/Search/InputSearch"), $searchtext2): Text 'rattan' is set on object 'Object Repository/ListingArea/Search/InputSearch'

2022-02-14 13:12:18 - [MESSAGE][PASSED] - Text 'rattan' is set on object 'Object Repository/ListingArea/Search/InputSearch'

2022-02-14 13:12:18 - [TEST_STEP][PASSED] - sendKeys(findTestObject("Object Repository/ListingArea/Search/InputSearch"), Keys.chord(ENTER)): Keys 'ENTER + ' sent to object: 'Object Repository/ListingArea/Search/InputSearch'

2022-02-14 13:12:21 - [MESSAGE][PASSED] - Keys 'ENTER + ' sent to object: 'Object Repository/ListingArea/Search/InputSearch'

2022-02-14 13:12:21 - [TEST_STEP][PASSED] - delay(20): Delayed 20 second(s)

2022-02-14 13:12:41 - [MESSAGE][PASSED] - Delayed 20 second(s)

2022-02-14 13:12:41 - [TEST_STEP][PASSED] - takeScreenshot(): Taking screenshot successfully

2022-02-14 13:12:41 - [MESSAGE][PASSED] - Taking screenshot successfully
[[ATTACHMENT|/home/intersoft-admin/Rattan/Bash/Training/Rattan/Final_testing/New_ActivityOverview/Reports/20220214_115757/SearchAndSorting/20220214_115808/1644824561853.png]]

2022-02-14 13:12:41 - [TEST_STEP][PASSED] - setText(findTestObject("Object Repository/ListingArea/Search/InputSearch"), $searchtext3): Text '453354r' is set on object 'Object Repository/ListingArea/Search/InputSearch'

2022-02-14 13:12:48 - [MESSAGE][PASSED] - Text '453354r' is set on object 'Object Repository/ListingArea/Search/InputSearch'

2022-02-14 13:12:48 - [TEST_STEP][PASSED] - sendKeys(findTestObject("Object Repository/ListingArea/Search/InputSearch"), Keys.chord(ENTER)): Keys 'ENTER + ' sent to object: 'Object Repository/ListingArea/Search/InputSearch'

2022-02-14 13:12:51 - [MESSAGE][PASSED] - Keys 'ENTER + ' sent to object: 'Object Repository/ListingArea/Search/InputSearch'

2022-02-14 13:12:51 - [TEST_STEP][PASSED] - delay(20): Delayed 20 second(s)

2022-02-14 13:13:11 - [MESSAGE][PASSED] - Delayed 20 second(s)

2022-02-14 13:13:11 - [TEST_STEP][PASSED] - takeScreenshot(): Taking screenshot successfully

2022-02-14 13:13:11 - [MESSAGE][PASSED] - Taking screenshot successfully
[[ATTACHMENT|/home/intersoft-admin/Rattan/Bash/Training/Rattan/Final_testing/New_ActivityOverview/Reports/20220214_115757/SearchAndSorting/20220214_115808/1644824591185.png]]

2022-02-14 13:13:11 - [TEST_STEP][PASSED] - click(findTestObject("Object Repository/ListingArea/Search/ClearSearch")): Object: 'Object Repository/ListingArea/Search/ClearSearch' is clicked on

2022-02-14 13:13:14 - [MESSAGE][PASSED] - Object: 'Object Repository/ListingArea/Search/ClearSearch' is clicked on

2022-02-14 13:13:14 - [TEST_STEP][PASSED] - delay(20): Delayed 20 second(s)

2022-02-14 13:13:34 - [MESSAGE][PASSED] - Delayed 20 second(s)

2022-02-14 13:13:34 - [TEST_STEP][PASSED] - takeScreenshot(): Taking screenshot successfully

2022-02-14 13:13:34 - [MESSAGE][PASSED] - Taking screenshot successfully
[[ATTACHMENT|/home/intersoft-admin/Rattan/Bash/Training/Rattan/Final_testing/New_ActivityOverview/Reports/20220214_115757/SearchAndSorting/20220214_115808/1644824614534.png]]

2022-02-14 13:13:34 - [TEST_STEP][PASSED] - click(findTestObject("Object Repository/Sorting/SortingSelect")): Object: 'Object Repository/Sorting/SortingSelect' is clicked on

2022-02-14 13:13:37 - [MESSAGE][PASSED] - Object: 'Object Repository/Sorting/SortingSelect' is clicked on

2022-02-14 13:13:37 - [TEST_STEP][PASSED] - delay(5): Delayed 5 second(s)

2022-02-14 13:13:42 - [MESSAGE][PASSED] - Delayed 5 second(s)

2022-02-14 13:13:42 - [TEST_STEP][PASSED] - takeScreenshot(): Taking screenshot successfully

2022-02-14 13:13:42 - [MESSAGE][PASSED] - Taking screenshot successfully
[[ATTACHMENT|/home/intersoft-admin/Rattan/Bash/Training/Rattan/Final_testing/New_ActivityOverview/Reports/20220214_115757/SearchAndSorting/20220214_115808/1644824622801.png]]

2022-02-14 13:13:42 - [TEST_STEP][PASSED] - click(findTestObject("Object Repository/Sorting/SortingSelectOption", ["position1":"1"])): Object: 'Object Repository/Sorting/SortingSelectOption' is clicked on

2022-02-14 13:13:46 - [MESSAGE][PASSED] - Object: 'Object Repository/Sorting/SortingSelectOption' is clicked on

2022-02-14 13:13:46 - [TEST_STEP][PASSED] - delay(20): Delayed 20 second(s)

2022-02-14 13:14:06 - [MESSAGE][PASSED] - Delayed 20 second(s)

2022-02-14 13:14:06 - [TEST_STEP][PASSED] - takeScreenshot(): Taking screenshot successfully

2022-02-14 13:14:06 - [MESSAGE][PASSED] - Taking screenshot successfully
[[ATTACHMENT|/home/intersoft-admin/Rattan/Bash/Training/Rattan/Final_testing/New_ActivityOverview/Reports/20220214_115757/SearchAndSorting/20220214_115808/1644824646038.png]]

2022-02-14 13:14:06 - [TEST_STEP][PASSED] - click(findTestObject("Object Repository/Sorting/SortingSelect")): Object: 'Object Repository/Sorting/SortingSelect' is clicked on

2022-02-14 13:14:09 - [MESSAGE][PASSED] - Object: 'Object Repository/Sorting/SortingSelect' is clicked on

2022-02-14 13:14:09 - [TEST_STEP][PASSED] - delay(5): Delayed 5 second(s)

2022-02-14 13:14:14 - [MESSAGE][PASSED] - Delayed 5 second(s)

2022-02-14 13:14:14 - [TEST_STEP][PASSED] - takeScreenshot(): Taking screenshot successfully

2022-02-14 13:14:14 - [MESSAGE][PASSED] - Taking screenshot successfully
[[ATTACHMENT|/home/intersoft-admin/Rattan/Bash/Training/Rattan/Final_testing/New_ActivityOverview/Reports/20220214_115757/SearchAndSorting/20220214_115808/1644824654273.png]]

2022-02-14 13:14:14 - [TEST_STEP][PASSED] - click(findTestObject("Object Repository/Sorting/SortingSelectOption", ["position1":"2"])): Object: 'Object Repository/Sorting/SortingSelectOption' is clicked on

2022-02-14 13:14:17 - [MESSAGE][PASSED] - Object: 'Object Repository/Sorting/SortingSelectOption' is clicked on

2022-02-14 13:14:17 - [TEST_STEP][PASSED] - delay(20): Delayed 20 second(s)

2022-02-14 13:14:37 - [MESSAGE][PASSED] - Delayed 20 second(s)

2022-02-14 13:14:37 - [TEST_STEP][PASSED] - takeScreenshot(): Taking screenshot successfully

2022-02-14 13:14:37 - [MESSAGE][PASSED] - Taking screenshot successfully
[[ATTACHMENT|/home/intersoft-admin/Rattan/Bash/Training/Rattan/Final_testing/New_ActivityOverview/Reports/20220214_115757/SearchAndSorting/20220214_115808/1644824677583.png]]

2022-02-14 13:14:37 - [TEST_STEP][PASSED] - click(findTestObject("Object Repository/Sorting/SortingSelect")): Object: 'Object Repository/Sorting/SortingSelect' is clicked on

2022-02-14 13:14:40 - [MESSAGE][PASSED] - Object: 'Object Repository/Sorting/SortingSelect' is clicked on

2022-02-14 13:14:40 - [TEST_STEP][PASSED] - delay(5): Delayed 5 second(s)

2022-02-14 13:14:45 - [MESSAGE][PASSED] - Delayed 5 second(s)

2022-02-14 13:14:45 - [TEST_STEP][PASSED] - takeScreenshot(): Taking screenshot successfully

2022-02-14 13:14:45 - [MESSAGE][PASSED] - Taking screenshot successfully
[[ATTACHMENT|/home/intersoft-admin/Rattan/Bash/Training/Rattan/Final_testing/New_ActivityOverview/Reports/20220214_115757/SearchAndSorting/20220214_115808/1644824685840.png]]

2022-02-14 13:14:45 - [TEST_STEP][PASSED] - click(findTestObject("Object Repository/Sorting/SortingSelectOption", ["position1":"3"])): Object: 'Object Repository/Sorting/SortingSelectOption' is clicked on

2022-02-14 13:14:49 - [MESSAGE][PASSED] - Object: 'Object Repository/Sorting/SortingSelectOption' is clicked on

2022-02-14 13:14:49 - [TEST_STEP][PASSED] - delay(20): Delayed 20 second(s)

2022-02-14 13:15:09 - [MESSAGE][PASSED] - Delayed 20 second(s)

2022-02-14 13:15:09 - [TEST_STEP][PASSED] - takeScreenshot(): Taking screenshot successfully

2022-02-14 13:15:09 - [MESSAGE][PASSED] - Taking screenshot successfully
[[ATTACHMENT|/home/intersoft-admin/Rattan/Bash/Training/Rattan/Final_testing/New_ActivityOverview/Reports/20220214_115757/SearchAndSorting/20220214_115808/1644824709168.png]]

2022-02-14 13:15:09 - [TEST_STEP][PASSED] - click(findTestObject("Object Repository/ListingArea/Search/InputSearch")): Object: 'Object Repository/ListingArea/Search/InputSearch' is clicked on

2022-02-14 13:15:12 - [MESSAGE][PASSED] - Object: 'Object Repository/ListingArea/Search/InputSearch' is clicked on

2022-02-14 13:15:12 - [TEST_STEP][PASSED] - setText(findTestObject("Object Repository/ListingArea/Search/InputSearch"), $searchtext1): Text 'test' is set on object 'Object Repository/ListingArea/Search/InputSearch'

2022-02-14 13:15:18 - [MESSAGE][PASSED] - Text 'test' is set on object 'Object Repository/ListingArea/Search/InputSearch'

2022-02-14 13:15:18 - [TEST_STEP][PASSED] - sendKeys(findTestObject("Object Repository/ListingArea/Search/InputSearch"), Keys.chord(ENTER)): Keys 'ENTER + ' sent to object: 'Object Repository/ListingArea/Search/InputSearch'

2022-02-14 13:15:21 - [MESSAGE][PASSED] - Keys 'ENTER + ' sent to object: 'Object Repository/ListingArea/Search/InputSearch'

2022-02-14 13:15:21 - [TEST_STEP][PASSED] - delay(20): Delayed 20 second(s)

2022-02-14 13:15:41 - [MESSAGE][PASSED] - Delayed 20 second(s)

2022-02-14 13:15:41 - [TEST_STEP][PASSED] - delay(20): Delayed 20 second(s)

2022-02-14 13:16:01 - [MESSAGE][PASSED] - Delayed 20 second(s)

2022-02-14 13:16:01 - [TEST_STEP][PASSED] - takeScreenshot(): Taking screenshot successfully

2022-02-14 13:16:01 - [MESSAGE][PASSED] - Taking screenshot successfully
[[ATTACHMENT|/home/intersoft-admin/Rattan/Bash/Training/Rattan/Final_testing/New_ActivityOverview/Reports/20220214_115757/SearchAndSorting/20220214_115808/1644824761642.png]]

2022-02-14 13:16:01 - [TEST_STEP][PASSED] - click(findTestObject("Object Repository/Sorting/SortingSelect")): Object: 'Object Repository/Sorting/SortingSelect' is clicked on

2022-02-14 13:16:04 - [MESSAGE][PASSED] - Object: 'Object Repository/Sorting/SortingSelect' is clicked on

2022-02-14 13:16:04 - [TEST_STEP][PASSED] - delay(5): Delayed 5 second(s)

2022-02-14 13:16:09 - [MESSAGE][PASSED] - Delayed 5 second(s)

2022-02-14 13:16:09 - [TEST_STEP][PASSED] - takeScreenshot(): Taking screenshot successfully

2022-02-14 13:16:10 - [MESSAGE][PASSED] - Taking screenshot successfully
[[ATTACHMENT|/home/intersoft-admin/Rattan/Bash/Training/Rattan/Final_testing/New_ActivityOverview/Reports/20220214_115757/SearchAndSorting/20220214_115808/1644824769931.png]]

2022-02-14 13:16:10 - [TEST_STEP][PASSED] - click(findTestObject("Object Repository/Sorting/SortingSelectOption", ["position1":"1"])): Object: 'Object Repository/Sorting/SortingSelectOption' is clicked on

2022-02-14 13:16:13 - [MESSAGE][PASSED] - Object: 'Object Repository/Sorting/SortingSelectOption' is clicked on

2022-02-14 13:16:13 - [TEST_STEP][PASSED] - delay(20): Delayed 20 second(s)

2022-02-14 13:16:33 - [MESSAGE][PASSED] - Delayed 20 second(s)

2022-02-14 13:16:33 - [TEST_STEP][PASSED] - takeScreenshot(): Taking screenshot successfully

2022-02-14 13:16:33 - [MESSAGE][PASSED] - Taking screenshot successfully
[[ATTACHMENT|/home/intersoft-admin/Rattan/Bash/Training/Rattan/Final_testing/New_ActivityOverview/Reports/20220214_115757/SearchAndSorting/20220214_115808/1644824793235.png]]

2022-02-14 13:16:33 - [TEST_STEP][PASSED] - click(findTestObject("Object Repository/Sorting/SortingSelect")): Object: 'Object Repository/Sorting/SortingSelect' is clicked on

2022-02-14 13:16:36 - [MESSAGE][PASSED] - Object: 'Object Repository/Sorting/SortingSelect' is clicked on

2022-02-14 13:16:36 - [TEST_STEP][PASSED] - delay(5): Delayed 5 second(s)

2022-02-14 13:16:41 - [MESSAGE][PASSED] - Delayed 5 second(s)

2022-02-14 13:16:41 - [TEST_STEP][PASSED] - takeScreenshot(): Taking screenshot successfully

2022-02-14 13:16:41 - [MESSAGE][PASSED] - Taking screenshot successfully
[[ATTACHMENT|/home/intersoft-admin/Rattan/Bash/Training/Rattan/Final_testing/New_ActivityOverview/Reports/20220214_115757/SearchAndSorting/20220214_115808/1644824801477.png]]

2022-02-14 13:16:41 - [TEST_STEP][PASSED] - click(findTestObject("Object Repository/Sorting/SortingSelectOption", ["position1":"2"])): Object: 'Object Repository/Sorting/SortingSelectOption' is clicked on

2022-02-14 13:16:44 - [MESSAGE][PASSED] - Object: 'Object Repository/Sorting/SortingSelectOption' is clicked on

2022-02-14 13:16:44 - [TEST_STEP][PASSED] - delay(20): Delayed 20 second(s)

2022-02-14 13:17:04 - [MESSAGE][PASSED] - Delayed 20 second(s)

2022-02-14 13:17:04 - [TEST_STEP][PASSED] - takeScreenshot(): Taking screenshot successfully

2022-02-14 13:17:04 - [MESSAGE][PASSED] - Taking screenshot successfully
[[ATTACHMENT|/home/intersoft-admin/Rattan/Bash/Training/Rattan/Final_testing/New_ActivityOverview/Reports/20220214_115757/SearchAndSorting/20220214_115808/1644824824794.png]]

2022-02-14 13:17:04 - [TEST_STEP][PASSED] - click(findTestObject("Object Repository/Sorting/SortingSelect")): Object: 'Object Repository/Sorting/SortingSelect' is clicked on

2022-02-14 13:17:08 - [MESSAGE][PASSED] - Object: 'Object Repository/Sorting/SortingSelect' is clicked on

2022-02-14 13:17:08 - [TEST_STEP][PASSED] - delay(5): Delayed 5 second(s)

2022-02-14 13:17:13 - [MESSAGE][PASSED] - Delayed 5 second(s)

2022-02-14 13:17:13 - [TEST_STEP][PASSED] - takeScreenshot(): Taking screenshot successfully

2022-02-14 13:17:13 - [MESSAGE][PASSED] - Taking screenshot successfully
[[ATTACHMENT|/home/intersoft-admin/Rattan/Bash/Training/Rattan/Final_testing/New_ActivityOverview/Reports/20220214_115757/SearchAndSorting/20220214_115808/1644824833034.png]]

2022-02-14 13:17:13 - [TEST_STEP][PASSED] - click(findTestObject("Object Repository/Sorting/SortingSelectOption", ["position1":"3"])): Object: 'Object Repository/Sorting/SortingSelectOption' is clicked on

2022-02-14 13:17:16 - [MESSAGE][PASSED] - Object: 'Object Repository/Sorting/SortingSelectOption' is clicked on

2022-02-14 13:17:16 - [TEST_STEP][PASSED] - delay(20): Delayed 20 second(s)

2022-02-14 13:17:36 - [MESSAGE][PASSED] - Delayed 20 second(s)

2022-02-14 13:17:36 - [TEST_STEP][PASSED] - takeScreenshot(): Taking screenshot successfully

2022-02-14 13:17:36 - [MESSAGE][PASSED] - Taking screenshot successfully
[[ATTACHMENT|/home/intersoft-admin/Rattan/Bash/Training/Rattan/Final_testing/New_ActivityOverview/Reports/20220214_115757/SearchAndSorting/20220214_115808/1644824856355.png]]

2022-02-14 13:17:36 - [TEST_STEP][PASSED] - click(findTestObject("Object Repository/ListingArea/Search/InputSearch")): Object: 'Object Repository/ListingArea/Search/InputSearch' is clicked on

2022-02-14 13:17:39 - [MESSAGE][PASSED] - Object: 'Object Repository/ListingArea/Search/InputSearch' is clicked on

2022-02-14 13:17:39 - [TEST_STEP][PASSED] - setText(findTestObject("Object Repository/ListingArea/Search/InputSearch"), $searchtext2): Text 'rattan' is set on object 'Object Repository/ListingArea/Search/InputSearch'

2022-02-14 13:17:45 - [MESSAGE][PASSED] - Text 'rattan' is set on object 'Object Repository/ListingArea/Search/InputSearch'

2022-02-14 13:17:45 - [TEST_STEP][PASSED] - sendKeys(findTestObject("Object Repository/ListingArea/Search/InputSearch"), Keys.chord(ENTER)): Keys 'ENTER + ' sent to object: 'Object Repository/ListingArea/Search/InputSearch'

2022-02-14 13:17:48 - [MESSAGE][PASSED] - Keys 'ENTER + ' sent to object: 'Object Repository/ListingArea/Search/InputSearch'

2022-02-14 13:17:48 - [TEST_STEP][PASSED] - delay(20): Delayed 20 second(s)

2022-02-14 13:18:08 - [MESSAGE][PASSED] - Delayed 20 second(s)

2022-02-14 13:18:08 - [TEST_STEP][PASSED] - delay(20): Delayed 20 second(s)

2022-02-14 13:18:28 - [MESSAGE][PASSED] - Delayed 20 second(s)

2022-02-14 13:18:28 - [TEST_STEP][PASSED] - takeScreenshot(): Taking screenshot successfully

2022-02-14 13:18:28 - [MESSAGE][PASSED] - Taking screenshot successfully
[[ATTACHMENT|/home/intersoft-admin/Rattan/Bash/Training/Rattan/Final_testing/New_ActivityOverview/Reports/20220214_115757/SearchAndSorting/20220214_115808/1644824908812.png]]

2022-02-14 13:18:28 - [TEST_STEP][PASSED] - click(findTestObject("Object Repository/Sorting/SortingSelect")): Object: 'Object Repository/Sorting/SortingSelect' is clicked on

2022-02-14 13:18:32 - [MESSAGE][PASSED] - Object: 'Object Repository/Sorting/SortingSelect' is clicked on

2022-02-14 13:18:32 - [TEST_STEP][PASSED] - delay(5): Delayed 5 second(s)

2022-02-14 13:18:37 - [MESSAGE][PASSED] - Delayed 5 second(s)

2022-02-14 13:18:37 - [TEST_STEP][PASSED] - takeScreenshot(): Taking screenshot successfully

2022-02-14 13:18:37 - [MESSAGE][PASSED] - Taking screenshot successfully
[[ATTACHMENT|/home/intersoft-admin/Rattan/Bash/Training/Rattan/Final_testing/New_ActivityOverview/Reports/20220214_115757/SearchAndSorting/20220214_115808/1644824917050.png]]

2022-02-14 13:18:37 - [TEST_STEP][PASSED] - click(findTestObject("Object Repository/Sorting/SortingSelectOption", ["position1":"1"])): Object: 'Object Repository/Sorting/SortingSelectOption' is clicked on

2022-02-14 13:18:40 - [MESSAGE][PASSED] - Object: 'Object Repository/Sorting/SortingSelectOption' is clicked on

2022-02-14 13:18:40 - [TEST_STEP][PASSED] - delay(20): Delayed 20 second(s)

2022-02-14 13:19:00 - [MESSAGE][PASSED] - Delayed 20 second(s)

2022-02-14 13:19:00 - [TEST_STEP][PASSED] - takeScreenshot(): Taking screenshot successfully

2022-02-14 13:19:00 - [MESSAGE][PASSED] - Taking screenshot successfully
[[ATTACHMENT|/home/intersoft-admin/Rattan/Bash/Training/Rattan/Final_testing/New_ActivityOverview/Reports/20220214_115757/SearchAndSorting/20220214_115808/1644824940380.png]]

2022-02-14 13:19:00 - [TEST_STEP][PASSED] - click(findTestObject("Object Repository/Sorting/SortingSelect")): Object: 'Object Repository/Sorting/SortingSelect' is clicked on

2022-02-14 13:19:03 - [MESSAGE][PASSED] - Object: 'Object Repository/Sorting/SortingSelect' is clicked on

2022-02-14 13:19:03 - [TEST_STEP][PASSED] - delay(5): Delayed 5 second(s)

2022-02-14 13:19:08 - [MESSAGE][PASSED] - Delayed 5 second(s)

2022-02-14 13:19:08 - [TEST_STEP][PASSED] - takeScreenshot(): Taking screenshot successfully

2022-02-14 13:19:08 - [MESSAGE][PASSED] - Taking screenshot successfully
[[ATTACHMENT|/home/intersoft-admin/Rattan/Bash/Training/Rattan/Final_testing/New_ActivityOverview/Reports/20220214_115757/SearchAndSorting/20220214_115808/1644824948652.png]]

2022-02-14 13:19:08 - [TEST_STEP][PASSED] - click(findTestObject("Object Repository/Sorting/SortingSelectOption", ["position1":"2"])): Object: 'Object Repository/Sorting/SortingSelectOption' is clicked on

2022-02-14 13:19:11 - [MESSAGE][PASSED] - Object: 'Object Repository/Sorting/SortingSelectOption' is clicked on

2022-02-14 13:19:11 - [TEST_STEP][PASSED] - delay(20): Delayed 20 second(s)

2022-02-14 13:19:31 - [MESSAGE][PASSED] - Delayed 20 second(s)

2022-02-14 13:19:31 - [TEST_STEP][PASSED] - takeScreenshot(): Taking screenshot successfully

2022-02-14 13:19:32 - [MESSAGE][PASSED] - Taking screenshot successfully
[[ATTACHMENT|/home/intersoft-admin/Rattan/Bash/Training/Rattan/Final_testing/New_ActivityOverview/Reports/20220214_115757/SearchAndSorting/20220214_115808/1644824971993.png]]

2022-02-14 13:19:32 - [TEST_STEP][PASSED] - click(findTestObject("Object Repository/Sorting/SortingSelect")): Object: 'Object Repository/Sorting/SortingSelect' is clicked on

2022-02-14 13:19:35 - [MESSAGE][PASSED] - Object: 'Object Repository/Sorting/SortingSelect' is clicked on

2022-02-14 13:19:35 - [TEST_STEP][PASSED] - delay(5): Delayed 5 second(s)

2022-02-14 13:19:40 - [MESSAGE][PASSED] - Delayed 5 second(s)

2022-02-14 13:19:40 - [TEST_STEP][PASSED] - takeScreenshot(): Taking screenshot successfully

2022-02-14 13:19:40 - [MESSAGE][PASSED] - Taking screenshot successfully
[[ATTACHMENT|/home/intersoft-admin/Rattan/Bash/Training/Rattan/Final_testing/New_ActivityOverview/Reports/20220214_115757/SearchAndSorting/20220214_115808/1644824980243.png]]

2022-02-14 13:19:40 - [TEST_STEP][PASSED] - click(findTestObject("Object Repository/Sorting/SortingSelectOption", ["position1":"3"])): Object: 'Object Repository/Sorting/SortingSelectOption' is clicked on

2022-02-14 13:19:43 - [MESSAGE][PASSED] - Object: 'Object Repository/Sorting/SortingSelectOption' is clicked on

2022-02-14 13:19:43 - [TEST_STEP][PASSED] - delay(20): Delayed 20 second(s)

2022-02-14 13:20:03 - [MESSAGE][PASSED] - Delayed 20 second(s)

2022-02-14 13:20:03 - [TEST_STEP][PASSED] - takeScreenshot(): Taking screenshot successfully

2022-02-14 13:20:03 - [MESSAGE][PASSED] - Taking screenshot successfully
[[ATTACHMENT|/home/intersoft-admin/Rattan/Bash/Training/Rattan/Final_testing/New_ActivityOverview/Reports/20220214_115757/SearchAndSorting/20220214_115808/1644825003604.png]]

2022-02-14 13:20:03 - [TEST_STEP][PASSED] - click(findTestObject("Object Repository/ListingArea/Search/InputSearch")): Object: 'Object Repository/ListingArea/Search/InputSearch' is clicked on

2022-02-14 13:20:06 - [MESSAGE][PASSED] - Object: 'Object Repository/ListingArea/Search/InputSearch' is clicked on

2022-02-14 13:20:06 - [TEST_STEP][PASSED] - setText(findTestObject("Object Repository/ListingArea/Search/InputSearch"), $searchtext3): Text '453354r' is set on object 'Object Repository/ListingArea/Search/InputSearch'

2022-02-14 13:20:12 - [MESSAGE][PASSED] - Text '453354r' is set on object 'Object Repository/ListingArea/Search/InputSearch'

2022-02-14 13:20:12 - [TEST_STEP][PASSED] - sendKeys(findTestObject("Object Repository/ListingArea/Search/InputSearch"), Keys.chord(ENTER)): Keys 'ENTER + ' sent to object: 'Object Repository/ListingArea/Search/InputSearch'

2022-02-14 13:20:16 - [MESSAGE][PASSED] - Keys 'ENTER + ' sent to object: 'Object Repository/ListingArea/Search/InputSearch'

2022-02-14 13:20:16 - [TEST_STEP][PASSED] - delay(20): Delayed 20 second(s)

2022-02-14 13:20:36 - [MESSAGE][PASSED] - Delayed 20 second(s)

2022-02-14 13:20:36 - [TEST_STEP][PASSED] - delay(20): Delayed 20 second(s)

2022-02-14 13:20:56 - [MESSAGE][PASSED] - Delayed 20 second(s)

2022-02-14 13:20:56 - [TEST_STEP][PASSED] - takeScreenshot(): Taking screenshot successfully

2022-02-14 13:20:56 - [MESSAGE][PASSED] - Taking screenshot successfully
[[ATTACHMENT|/home/intersoft-admin/Rattan/Bash/Training/Rattan/Final_testing/New_ActivityOverview/Reports/20220214_115757/SearchAndSorting/20220214_115808/1644825056084.png]]

2022-02-14 13:20:56 - [TEST_STEP][PASSED] - click(findTestObject("Object Repository/Sorting/SortingSelect")): Object: 'Object Repository/Sorting/SortingSelect' is clicked on

2022-02-14 13:20:59 - [MESSAGE][PASSED] - Object: 'Object Repository/Sorting/SortingSelect' is clicked on

2022-02-14 13:20:59 - [TEST_STEP][PASSED] - delay(5): Delayed 5 second(s)

2022-02-14 13:21:04 - [MESSAGE][PASSED] - Delayed 5 second(s)

2022-02-14 13:21:04 - [TEST_STEP][PASSED] - takeScreenshot(): Taking screenshot successfully

2022-02-14 13:21:04 - [MESSAGE][PASSED] - Taking screenshot successfully
[[ATTACHMENT|/home/intersoft-admin/Rattan/Bash/Training/Rattan/Final_testing/New_ActivityOverview/Reports/20220214_115757/SearchAndSorting/20220214_115808/1644825064367.png]]

2022-02-14 13:21:04 - [TEST_STEP][PASSED] - click(findTestObject("Object Repository/Sorting/SortingSelectOption", ["position1":"1"])): Object: 'Object Repository/Sorting/SortingSelectOption' is clicked on

2022-02-14 13:21:07 - [MESSAGE][PASSED] - Object: 'Object Repository/Sorting/SortingSelectOption' is clicked on

2022-02-14 13:21:07 - [TEST_STEP][PASSED] - delay(20): Delayed 20 second(s)

2022-02-14 13:21:27 - [MESSAGE][PASSED] - Delayed 20 second(s)

2022-02-14 13:21:27 - [TEST_STEP][PASSED] - takeScreenshot(): Taking screenshot successfully

2022-02-14 13:21:27 - [MESSAGE][PASSED] - Taking screenshot successfully
[[ATTACHMENT|/home/intersoft-admin/Rattan/Bash/Training/Rattan/Final_testing/New_ActivityOverview/Reports/20220214_115757/SearchAndSorting/20220214_115808/1644825087673.png]]

2022-02-14 13:21:27 - [TEST_STEP][PASSED] - click(findTestObject("Object Repository/Sorting/SortingSelect")): Object: 'Object Repository/Sorting/SortingSelect' is clicked on

2022-02-14 13:21:30 - [MESSAGE][PASSED] - Object: 'Object Repository/Sorting/SortingSelect' is clicked on

2022-02-14 13:21:30 - [TEST_STEP][PASSED] - delay(5): Delayed 5 second(s)

2022-02-14 13:21:35 - [MESSAGE][PASSED] - Delayed 5 second(s)

2022-02-14 13:21:35 - [TEST_STEP][PASSED] - takeScreenshot(): Taking screenshot successfully

2022-02-14 13:21:36 - [MESSAGE][PASSED] - Taking screenshot successfully
[[ATTACHMENT|/home/intersoft-admin/Rattan/Bash/Training/Rattan/Final_testing/New_ActivityOverview/Reports/20220214_115757/SearchAndSorting/20220214_115808/1644825095922.png]]

2022-02-14 13:21:36 - [TEST_STEP][PASSED] - click(findTestObject("Object Repository/Sorting/SortingSelectOption", ["position1":"2"])): Object: 'Object Repository/Sorting/SortingSelectOption' is clicked on

2022-02-14 13:21:39 - [MESSAGE][PASSED] - Object: 'Object Repository/Sorting/SortingSelectOption' is clicked on

2022-02-14 13:21:39 - [TEST_STEP][PASSED] - delay(20): Delayed 20 second(s)

2022-02-14 13:21:59 - [MESSAGE][PASSED] - Delayed 20 second(s)

2022-02-14 13:21:59 - [TEST_STEP][PASSED] - takeScreenshot(): Taking screenshot successfully

2022-02-14 13:21:59 - [MESSAGE][PASSED] - Taking screenshot successfully
[[ATTACHMENT|/home/intersoft-admin/Rattan/Bash/Training/Rattan/Final_testing/New_ActivityOverview/Reports/20220214_115757/SearchAndSorting/20220214_115808/1644825119237.png]]

2022-02-14 13:21:59 - [TEST_STEP][PASSED] - click(findTestObject("Object Repository/Sorting/SortingSelect")): Object: 'Object Repository/Sorting/SortingSelect' is clicked on

2022-02-14 13:22:02 - [MESSAGE][PASSED] - Object: 'Object Repository/Sorting/SortingSelect' is clicked on

2022-02-14 13:22:02 - [TEST_STEP][PASSED] - delay(5): Delayed 5 second(s)

2022-02-14 13:22:07 - [MESSAGE][PASSED] - Delayed 5 second(s)

2022-02-14 13:22:07 - [TEST_STEP][PASSED] - takeScreenshot(): Taking screenshot successfully

2022-02-14 13:22:07 - [MESSAGE][PASSED] - Taking screenshot successfully
[[ATTACHMENT|/home/intersoft-admin/Rattan/Bash/Training/Rattan/Final_testing/New_ActivityOverview/Reports/20220214_115757/SearchAndSorting/20220214_115808/1644825127475.png]]

2022-02-14 13:22:07 - [TEST_STEP][PASSED] - click(findTestObject("Object Repository/Sorting/SortingSelectOption", ["position1":"3"])): Object: 'Object Repository/Sorting/SortingSelectOption' is clicked on

2022-02-14 13:22:10 - [MESSAGE][PASSED] - Object: 'Object Repository/Sorting/SortingSelectOption' is clicked on

2022-02-14 13:22:10 - [TEST_STEP][PASSED] - delay(20): Delayed 20 second(s)

2022-02-14 13:22:30 - [MESSAGE][PASSED] - Delayed 20 second(s)

2022-02-14 13:22:30 - [TEST_STEP][PASSED] - takeScreenshot(): Taking screenshot successfully

2022-02-14 13:22:30 - [MESSAGE][PASSED] - Taking screenshot successfully
[[ATTACHMENT|/home/intersoft-admin/Rattan/Bash/Training/Rattan/Final_testing/New_ActivityOverview/Reports/20220214_115757/SearchAndSorting/20220214_115808/1644825150872.png]]

2022-02-14 13:22:30 - [TEST_STEP][PASSED] - delay(20): Delayed 20 second(s)

2022-02-14 13:22:50 - [MESSAGE][PASSED] - Delayed 20 second(s)

2022-02-14 13:22:50 - [TEST_STEP][PASSED] - takeScreenshot(): Taking screenshot successfully

2022-02-14 13:22:51 - [MESSAGE][PASSED] - Taking screenshot successfully
[[ATTACHMENT|/home/intersoft-admin/Rattan/Bash/Training/Rattan/Final_testing/New_ActivityOverview/Reports/20220214_115757/SearchAndSorting/20220214_115808/1644825171007.png]]

2022-02-14 13:22:51 - [TEST_STEP][PASSED] - click(findTestObject("Object Repository/ListingArea/Search/ClearSearch")): Object: 'Object Repository/ListingArea/Search/ClearSearch' is clicked on

2022-02-14 13:22:54 - [MESSAGE][PASSED] - Object: 'Object Repository/ListingArea/Search/ClearSearch' is clicked on

2022-02-14 13:22:54 - [TEST_STEP][PASSED] - if (sizeoflisting < 2): null]]></system-out>
         <system-err><![CDATA[]]></system-err>
      </testcase>
      <system-out><![CDATA[2022-02-14 13:07:57 - [TEST_SUITE][PASSED] - SearchAndSorting: Test Cases/NewActivityOverview-LeftNavigation/ActivityOverview-ListingSearchSorting]]></system-out>
      <system-err><![CDATA[]]></system-err>
   </testsuite>
   <testsuite name="Activity Overview detail Pop-up Other Section" tests="4" failures="0" errors="0" time="133.538" skipped="0" timestamp="2022-02-14 13:23:14" hostname="intersoft-admin - intersoftadmin-desktop" id="Test Suites/Activity Overview detail Pop-up Other Section">
      <properties>
         <property name="deviceName" value=""/>
         <property name="devicePlatform" value=""/>
         <property name="logFolder" value="/home/intersoft-admin/Rattan/Bash/Training/Rattan/Final_testing/New_ActivityOverview/Reports/20220214_115757/Activity Overview detail Pop-up Other Section/20220214_115810"/>
         <property name="logFiles" value="/home/intersoft-admin/Rattan/Bash/Training/Rattan/Final_testing/New_ActivityOverview/Reports/20220214_115757/Activity Overview detail Pop-up Other Section/20220214_115810/execution0.log"/>
         <property name="attachments" value="/home/intersoft-admin/Rattan/Bash/Training/Rattan/Final_testing/New_ActivityOverview/Reports/20220214_115757/Activity Overview detail Pop-up Other Section/20220214_115810/1644825222814.png, /home/intersoft-admin/Rattan/Bash/Training/Rattan/Final_testing/New_ActivityOverview/Reports/20220214_115757/Activity Overview detail Pop-up Other Section/20220214_115810/1644825237012.png, /home/intersoft-admin/Rattan/Bash/Training/Rattan/Final_testing/New_ActivityOverview/Reports/20220214_115757/Activity Overview detail Pop-up Other Section/20220214_115810/1644825257447.png, /home/intersoft-admin/Rattan/Bash/Training/Rattan/Final_testing/New_ActivityOverview/Reports/20220214_115757/Activity Overview detail Pop-up Other Section/20220214_115810/1644825280279.png, /home/intersoft-admin/Rattan/Bash/Training/Rattan/Final_testing/New_ActivityOverview/Reports/20220214_115757/Activity Overview detail Pop-up Other Section/20220214_115810/1644825307113.png, /home/intersoft-admin/Rattan/Bash/Training/Rattan/Final_testing/New_ActivityOverview/Reports/20220214_115757/Activity Overview detail Pop-up Other Section/20220214_115810/1644825310318.png"/>
         <property name="hostName" value="intersoft-admin - intersoftadmin-desktop"/>
         <property name="os" value="Linux 64bit"/>
         <property name="katalonVersion" value="8.2.5.208"/>
         <property name="browser" value="Chrome 97.0.4692.99"/>
         <property name="hostAddress" value="127.0.1.1"/>
         <property name="sessionId" value="d3814a0efd0f6b1e7220d9fec9741a88"/>
         <property name="seleniumVersion" value="3.141.59"/>
         <property name="proxyInformation" value="ProxyInformation { proxyOption=NO_PROXY, proxyServerType=HTTP, username=, password=********, proxyServerAddress=, proxyServerPort=0, executionList=&quot;&quot;, isApplyToDesiredCapabilities=true }"/>
         <property name="platform" value="Linux"/>
      </properties>
      <testcase name="Test Cases/StepToReUse/ActivityOverview-RedirectionLogin" time="62.285" classname="Test Cases/StepToReUse/ActivityOverview-RedirectionLogin" status="PASSED">
         <system-out><![CDATA[2022-02-14 13:23:15 - [TEST_CASE][PASSED] - Test Cases/StepToReUse/ActivityOverview-RedirectionLogin: Test Cases/StepToReUse/ActivityOverview-RedirectionLogin

2022-02-14 13:23:15 - [TEST_STEP][PASSED] - callTestCase(findTestCase("LoginWithSuperAdmin/SuperAdmin-Login"), [:], STOP_ON_FAILURE): Call Test Case 'Test Cases/LoginWithSuperAdmin/SuperAdmin-Login' successfully

2022-02-14 13:23:15 - [TEST_CASE][PASSED] - Test Cases/LoginWithSuperAdmin/SuperAdmin-Login: Test Cases/LoginWithSuperAdmin/SuperAdmin-Login

2022-02-14 13:23:15 - [TEST_STEP][PASSED] - openBrowser(""): Browser is opened with url: ''

2022-02-14 13:23:16 - [MESSAGE][INFO] - Starting 'Chrome' driver

2022-02-14 13:23:16 - [MESSAGE][INFO] - Action delay is set to 3,000 milliseconds

2022-02-14 13:23:17 - [MESSAGE][PASSED] - Browser is opened with url: ''

2022-02-14 13:23:17 - [TEST_STEP][PASSED] - setViewPortSize(1920, 1080): Viewport is set to new size with width = 1920 and height = 1080

2022-02-14 13:23:17 - [MESSAGE][PASSED] - Viewport is set to new size with width = 1920 and height = 1080

2022-02-14 13:23:17 - [TEST_STEP][PASSED] - navigateToUrl(URL): Navigate to 'https://marketplacev1.test-prio.com' successfully

2022-02-14 13:23:23 - [MESSAGE][PASSED] - Navigate to 'https://marketplacev1.test-prio.com' successfully

2022-02-14 13:23:23 - [TEST_STEP][PASSED] - delay(3): Delayed 3 second(s)

2022-02-14 13:23:26 - [MESSAGE][PASSED] - Delayed 3 second(s)

2022-02-14 13:23:26 - [TEST_STEP][PASSED] - click(findTestObject("SuperAdmin/Login/input_Email_contact_email")): Object: 'Object Repository/SuperAdmin/Login/input_Email_contact_email' is clicked on

2022-02-14 13:23:29 - [MESSAGE][PASSED] - Object: 'Object Repository/SuperAdmin/Login/input_Email_contact_email' is clicked on

2022-02-14 13:23:29 - [TEST_STEP][PASSED] - setText(findTestObject("SuperAdmin/Login/input_Email_contact_email"), uname): Text 'superadmin@tippoint.com' is set on object 'Object Repository/SuperAdmin/Login/input_Email_contact_email'

2022-02-14 13:23:36 - [MESSAGE][PASSED] - Text 'superadmin@tippoint.com' is set on object 'Object Repository/SuperAdmin/Login/input_Email_contact_email'

2022-02-14 13:23:36 - [TEST_STEP][PASSED] - setEncryptedText(findTestObject("SuperAdmin/Login/input_Password_password"), Password): Text ****** has been set on object 'Object Repository/SuperAdmin/Login/input_Password_password'

2022-02-14 13:23:42 - [MESSAGE][PASSED] - Text ****** has been set on object 'Object Repository/SuperAdmin/Login/input_Password_password'

2022-02-14 13:23:42 - [TEST_STEP][PASSED] - takeScreenshot(): Taking screenshot successfully

2022-02-14 13:23:42 - [MESSAGE][PASSED] - Taking screenshot successfully
[[ATTACHMENT|/home/intersoft-admin/Rattan/Bash/Training/Rattan/Final_testing/New_ActivityOverview/Reports/20220214_115757/Activity Overview detail Pop-up Other Section/20220214_115810/1644825222814.png]]

2022-02-14 13:23:42 - [TEST_STEP][PASSED] - newpackage.clickUsingJS.clickUsingJS(findTestObject("SuperAdmin/Login/button_Sign in"), 5): newpackage.clickUsingJS.clickUsingJS is PASSED

2022-02-14 13:23:43 - [MESSAGE][PASSED] - newpackage.clickUsingJS.clickUsingJS is PASSED

2022-02-14 13:23:43 - [MESSAGE][PASSED] - Call Test Case 'Test Cases/LoginWithSuperAdmin/SuperAdmin-Login' successfully

2022-02-14 13:23:43 - [TEST_STEP][PASSED] - switchToDefaultContent(): null

2022-02-14 13:23:43 - [TEST_STEP][PASSED] - click(findTestObject("SuperAdminLeftNavigation/NewActivityOverview-LeftNavigation")): Object: 'Object Repository/SuperAdminLeftNavigation/NewActivityOverview-LeftNavigation' is clicked on

2022-02-14 13:23:56 - [MESSAGE][PASSED] - Object: 'Object Repository/SuperAdminLeftNavigation/NewActivityOverview-LeftNavigation' is clicked on

2022-02-14 13:23:56 - [TEST_STEP][PASSED] - takeScreenshot(): Taking screenshot successfully

2022-02-14 13:23:57 - [MESSAGE][PASSED] - Taking screenshot successfully
[[ATTACHMENT|/home/intersoft-admin/Rattan/Bash/Training/Rattan/Final_testing/New_ActivityOverview/Reports/20220214_115757/Activity Overview detail Pop-up Other Section/20220214_115810/1644825237012.png]]

2022-02-14 13:23:57 - [TEST_STEP][PASSED] - switchToFrame(findTestObject("Object Repository/Iframe/NewActivityOverviewIframe"), 5): null

2022-02-14 13:23:57 - [TEST_STEP][PASSED] - delay(20): Delayed 20 second(s)

2022-02-14 13:24:17 - [MESSAGE][PASSED] - Delayed 20 second(s)

2022-02-14 13:24:17 - [TEST_STEP][PASSED] - takeScreenshot(): Taking screenshot successfully

2022-02-14 13:24:17 - [MESSAGE][PASSED] - Taking screenshot successfully
[[ATTACHMENT|/home/intersoft-admin/Rattan/Bash/Training/Rattan/Final_testing/New_ActivityOverview/Reports/20220214_115757/Activity Overview detail Pop-up Other Section/20220214_115810/1644825257447.png]]]]></system-out>
         <system-err><![CDATA[]]></system-err>
      </testcase>
      <testcase name="Test Cases/StepToReUse/SearchProducts" time="22.829" classname="Test Cases/StepToReUse/SearchProducts" status="PASSED">
         <system-out><![CDATA[2022-02-14 13:24:17 - [TEST_CASE][PASSED] - Test Cases/StepToReUse/SearchProducts: Test Cases/StepToReUse/SearchProducts

2022-02-14 13:24:17 - [TEST_STEP][PASSED] - sizeoflisting = findWebElements(findTestObject("ListingArea/ListingContainsData"), 5).size(): null

2022-02-14 13:24:17 - [TEST_STEP][PASSED] - println(sizeoflisting): null

2022-02-14 13:24:17 - [TEST_STEP][PASSED] - logInfo(Size of Order Listing: $sizeoflisting): Size of Order Listing: 11

2022-02-14 13:24:17 - [MESSAGE][INFO] - Size of Order Listing: 11

2022-02-14 13:24:17 - [TEST_STEP][PASSED] - if (sizeoflisting > 2): Taking screenshot successfully

2022-02-14 13:24:17 - [TEST_STEP][PASSED] - logInfo("Orders Exist in Listing"): Orders Exist in Listing

2022-02-14 13:24:17 - [MESSAGE][INFO] - Orders Exist in Listing

2022-02-14 13:24:17 - [TEST_STEP][PASSED] - click(findTestObject("Object Repository/ListingArea/Search/InputSearch")): Object: 'Object Repository/ListingArea/Search/InputSearch' is clicked on

2022-02-14 13:24:21 - [MESSAGE][PASSED] - Object: 'Object Repository/ListingArea/Search/InputSearch' is clicked on

2022-02-14 13:24:21 - [TEST_STEP][PASSED] - setText(findTestObject("Object Repository/ListingArea/Search/InputSearch"), "164371130378817"): Text '164371130378817' is set on object 'Object Repository/ListingArea/Search/InputSearch'

2022-02-14 13:24:27 - [MESSAGE][PASSED] - Text '164371130378817' is set on object 'Object Repository/ListingArea/Search/InputSearch'

2022-02-14 13:24:27 - [TEST_STEP][PASSED] - sendKeys(findTestObject("Object Repository/ListingArea/Search/InputSearch"), Keys.chord(ENTER)): Keys 'ENTER + ' sent to object: 'Object Repository/ListingArea/Search/InputSearch'

2022-02-14 13:24:30 - [MESSAGE][PASSED] - Keys 'ENTER + ' sent to object: 'Object Repository/ListingArea/Search/InputSearch'

2022-02-14 13:24:30 - [TEST_STEP][PASSED] - delay(10): Delayed 10 second(s)

2022-02-14 13:24:40 - [MESSAGE][PASSED] - Delayed 10 second(s)

2022-02-14 13:24:40 - [TEST_STEP][PASSED] - takeScreenshot(): Taking screenshot successfully

2022-02-14 13:24:40 - [MESSAGE][PASSED] - Taking screenshot successfully
[[ATTACHMENT|/home/intersoft-admin/Rattan/Bash/Training/Rattan/Final_testing/New_ActivityOverview/Reports/20220214_115757/Activity Overview detail Pop-up Other Section/20220214_115810/1644825280279.png]]]]></system-out>
         <system-err><![CDATA[]]></system-err>
      </testcase>
      <testcase name="Test Cases/StepToReUse/GoToDetailPop-up" time="23.38" classname="Test Cases/StepToReUse/GoToDetailPop-up" status="PASSED">
         <system-out><![CDATA[2022-02-14 13:24:40 - [TEST_CASE][PASSED] - Test Cases/StepToReUse/GoToDetailPop-up: Test Cases/StepToReUse/GoToDetailPop-up

2022-02-14 13:24:40 - [TEST_STEP][PASSED] - click(findTestObject("Object Repository/ListingArea/ClickondetailPOp-up", ["position":"1"])): Object: 'Object Repository/ListingArea/ClickondetailPOp-up' is clicked on

2022-02-14 13:24:43 - [MESSAGE][PASSED] - Object: 'Object Repository/ListingArea/ClickondetailPOp-up' is clicked on

2022-02-14 13:24:43 - [TEST_STEP][PASSED] - delay(20): Delayed 20 second(s)

2022-02-14 13:25:03 - [MESSAGE][PASSED] - Delayed 20 second(s)]]></system-out>
         <system-err><![CDATA[]]></system-err>
      </testcase>
      <testcase name="Test Cases/StepToReUse/OtherProductDetails" time="24.724" classname="Test Cases/StepToReUse/OtherProductDetails" status="PASSED">
         <system-out><![CDATA[2022-02-14 13:25:03 - [TEST_CASE][PASSED] - Test Cases/StepToReUse/OtherProductDetails: Test Cases/StepToReUse/OtherProductDetails

2022-02-14 13:25:04 - [TEST_STEP][PASSED] - scrollToElement(findTestObject("Object Repository/DetailPop-up/OrderPaymentInformation-OrderSummary-Activity/OrderSummaryPaymentActivity", ["position":"1"]), 15): Scroll to object 'Object Repository/DetailPop-up/OrderPaymentInformation-OrderSummary-Activity/OrderSummaryPaymentActivity' successfully

2022-02-14 13:25:04 - [MESSAGE][PASSED] - Scroll to object 'Object Repository/DetailPop-up/OrderPaymentInformation-OrderSummary-Activity/OrderSummaryPaymentActivity' successfully

2022-02-14 13:25:04 - [TEST_STEP][PASSED] - delay(3): Delayed 3 second(s)

2022-02-14 13:25:07 - [MESSAGE][PASSED] - Delayed 3 second(s)

2022-02-14 13:25:07 - [TEST_STEP][PASSED] - takeScreenshot(): Taking screenshot successfully

2022-02-14 13:25:07 - [MESSAGE][PASSED] - Taking screenshot successfully
[[ATTACHMENT|/home/intersoft-admin/Rattan/Bash/Training/Rattan/Final_testing/New_ActivityOverview/Reports/20220214_115757/Activity Overview detail Pop-up Other Section/20220214_115810/1644825307113.png]]

2022-02-14 13:25:07 - [TEST_STEP][PASSED] - scrollToElement(findTestObject("Object Repository/DetailPop-up/OrderPaymentInformation-OrderSummary-Activity/OrderSummaryPaymentActivity", ["position":"2"]), 15): Scroll to object 'Object Repository/DetailPop-up/OrderPaymentInformation-OrderSummary-Activity/OrderSummaryPaymentActivity' successfully

2022-02-14 13:25:07 - [MESSAGE][PASSED] - Scroll to object 'Object Repository/DetailPop-up/OrderPaymentInformation-OrderSummary-Activity/OrderSummaryPaymentActivity' successfully

2022-02-14 13:25:07 - [TEST_STEP][PASSED] - delay(3): Delayed 3 second(s)

2022-02-14 13:25:10 - [MESSAGE][PASSED] - Delayed 3 second(s)

2022-02-14 13:25:10 - [TEST_STEP][PASSED] - takeScreenshot(): Taking screenshot successfully

2022-02-14 13:25:10 - [MESSAGE][PASSED] - Taking screenshot successfully
[[ATTACHMENT|/home/intersoft-admin/Rattan/Bash/Training/Rattan/Final_testing/New_ActivityOverview/Reports/20220214_115757/Activity Overview detail Pop-up Other Section/20220214_115810/1644825310318.png]]

2022-02-14 13:25:10 - [TEST_STEP][PASSED] - if (waitForElementPresent(findTestObject("Object Repository/DetailPop-up/OrderPaymentInformation-OrderSummary-Activity/OrderSummaryPaymentActivity", ["position":"3"]), 15)): Object 'Object Repository/DetailPop-up/OrderPaymentInformation-OrderSummary-Activity/OrderSummaryPaymentActivity' is not present after 15 second(s)

2022-02-14 13:25:26 - [MESSAGE][INFO] - Unable to find the element located by 'By.xpath: (//li[@class='order-summary white-box'])[3]'. Please recheck the objects properties to make sure the desired element is located. 

2022-02-14 13:25:26 - [MESSAGE][WARNING] - [SELF-HEALING] Failed to find element with id 'Object Repository/DetailPop-up/OrderPaymentInformation-OrderSummary-Activity/OrderSummaryPaymentActivity'. Try using Self-healing.

2022-02-14 13:25:27 - [MESSAGE][INFO] - [SELF-HEALING] No working XPath is found.

2022-02-14 13:25:28 - [MESSAGE][INFO] - Unable to find the element located by 'By.xpath: '. Please recheck the objects properties to make sure the desired element is located. 

2022-02-14 13:25:28 - [MESSAGE][WARNING] - [SELF-HEALING] Cannot find elements when the selector is null

2022-02-14 13:25:28 - [MESSAGE][WARNING] - Object 'Object Repository/DetailPop-up/OrderPaymentInformation-OrderSummary-Activity/OrderSummaryPaymentActivity' is not present after 15 second(s)]]></system-out>
         <system-err><![CDATA[]]></system-err>
      </testcase>
      <system-out><![CDATA[2022-02-14 13:23:14 - [TEST_SUITE][PASSED] - Activity Overview detail Pop-up Other Section: Test Cases/StepToReUse/OtherProductDetails]]></system-out>
      <system-err><![CDATA[]]></system-err>
   </testsuite>
   <testsuite name="Pagination" tests="1" failures="1" errors="0" time="2096.397" skipped="0" timestamp="2022-02-14 13:25:43" hostname="intersoft-admin - intersoftadmin-desktop" id="Test Suites/Pagination">
      <properties>
         <property name="deviceName" value=""/>
         <property name="devicePlatform" value=""/>
         <property name="logFolder" value="/home/intersoft-admin/Rattan/Bash/Training/Rattan/Final_testing/New_ActivityOverview/Reports/20220214_115757/Pagination/20220214_115812"/>
         <property name="logFiles" value="/home/intersoft-admin/Rattan/Bash/Training/Rattan/Final_testing/New_ActivityOverview/Reports/20220214_115757/Pagination/20220214_115812/execution0.log"/>
         <property name="attachments" value="/home/intersoft-admin/Rattan/Bash/Training/Rattan/Final_testing/New_ActivityOverview/Reports/20220214_115757/Pagination/20220214_115812/1644825371054.png, /home/intersoft-admin/Rattan/Bash/Training/Rattan/Final_testing/New_ActivityOverview/Reports/20220214_115757/Pagination/20220214_115812/1644825383920.png, /home/intersoft-admin/Rattan/Bash/Training/Rattan/Final_testing/New_ActivityOverview/Reports/20220214_115757/Pagination/20220214_115812/1644825404343.png, /home/intersoft-admin/Rattan/Bash/Training/Rattan/Final_testing/New_ActivityOverview/Reports/20220214_115757/Pagination/20220214_115812/1644825435876.png, /home/intersoft-admin/Rattan/Bash/Training/Rattan/Final_testing/New_ActivityOverview/Reports/20220214_115757/Pagination/20220214_115812/1644825459248.png, /home/intersoft-admin/Rattan/Bash/Training/Rattan/Final_testing/New_ActivityOverview/Reports/20220214_115757/Pagination/20220214_115812/1644825482620.png, /home/intersoft-admin/Rattan/Bash/Training/Rattan/Final_testing/New_ActivityOverview/Reports/20220214_115757/Pagination/20220214_115812/1644825505975.png, /home/intersoft-admin/Rattan/Bash/Training/Rattan/Final_testing/New_ActivityOverview/Reports/20220214_115757/Pagination/20220214_115812/1644825529338.png, /home/intersoft-admin/Rattan/Bash/Training/Rattan/Final_testing/New_ActivityOverview/Reports/20220214_115757/Pagination/20220214_115812/1644825552681.png, /home/intersoft-admin/Rattan/Bash/Training/Rattan/Final_testing/New_ActivityOverview/Reports/20220214_115757/Pagination/20220214_115812/1644825576028.png, /home/intersoft-admin/Rattan/Bash/Training/Rattan/Final_testing/New_ActivityOverview/Reports/20220214_115757/Pagination/20220214_115812/1644825599362.png, /home/intersoft-admin/Rattan/Bash/Training/Rattan/Final_testing/New_ActivityOverview/Reports/20220214_115757/Pagination/20220214_115812/1644825622715.png, /home/intersoft-admin/Rattan/Bash/Training/Rattan/Final_testing/New_ActivityOverview/Reports/20220214_115757/Pagination/20220214_115812/1644825646067.png, /home/intersoft-admin/Rattan/Bash/Training/Rattan/Final_testing/New_ActivityOverview/Reports/20220214_115757/Pagination/20220214_115812/1644825669569.png, /home/intersoft-admin/Rattan/Bash/Training/Rattan/Final_testing/New_ActivityOverview/Reports/20220214_115757/Pagination/20220214_115812/1644825692941.png, /home/intersoft-admin/Rattan/Bash/Training/Rattan/Final_testing/New_ActivityOverview/Reports/20220214_115757/Pagination/20220214_115812/1644825716298.png, /home/intersoft-admin/Rattan/Bash/Training/Rattan/Final_testing/New_ActivityOverview/Reports/20220214_115757/Pagination/20220214_115812/1644825739672.png, /home/intersoft-admin/Rattan/Bash/Training/Rattan/Final_testing/New_ActivityOverview/Reports/20220214_115757/Pagination/20220214_115812/1644825763030.png, /home/intersoft-admin/Rattan/Bash/Training/Rattan/Final_testing/New_ActivityOverview/Reports/20220214_115757/Pagination/20220214_115812/1644825786358.png, /home/intersoft-admin/Rattan/Bash/Training/Rattan/Final_testing/New_ActivityOverview/Reports/20220214_115757/Pagination/20220214_115812/1644825809705.png, /home/intersoft-admin/Rattan/Bash/Training/Rattan/Final_testing/New_ActivityOverview/Reports/20220214_115757/Pagination/20220214_115812/1644825833053.png, /home/intersoft-admin/Rattan/Bash/Training/Rattan/Final_testing/New_ActivityOverview/Reports/20220214_115757/Pagination/20220214_115812/1644825867635.png, /home/intersoft-admin/Rattan/Bash/Training/Rattan/Final_testing/New_ActivityOverview/Reports/20220214_115757/Pagination/20220214_115812/1644825893258.png, /home/intersoft-admin/Rattan/Bash/Training/Rattan/Final_testing/New_ActivityOverview/Reports/20220214_115757/Pagination/20220214_115812/1644825908346.png, /home/intersoft-admin/Rattan/Bash/Training/Rattan/Final_testing/New_ActivityOverview/Reports/20220214_115757/Pagination/20220214_115812/1644825928771.png, /home/intersoft-admin/Rattan/Bash/Training/Rattan/Final_testing/New_ActivityOverview/Reports/20220214_115757/Pagination/20220214_115812/1644825960232.png, /home/intersoft-admin/Rattan/Bash/Training/Rattan/Final_testing/New_ActivityOverview/Reports/20220214_115757/Pagination/20220214_115812/1644825983548.png, /home/intersoft-admin/Rattan/Bash/Training/Rattan/Final_testing/New_ActivityOverview/Reports/20220214_115757/Pagination/20220214_115812/1644826006999.png, /home/intersoft-admin/Rattan/Bash/Training/Rattan/Final_testing/New_ActivityOverview/Reports/20220214_115757/Pagination/20220214_115812/1644826030332.png, /home/intersoft-admin/Rattan/Bash/Training/Rattan/Final_testing/New_ActivityOverview/Reports/20220214_115757/Pagination/20220214_115812/1644826053708.png, /home/intersoft-admin/Rattan/Bash/Training/Rattan/Final_testing/New_ActivityOverview/Reports/20220214_115757/Pagination/20220214_115812/1644826077063.png, /home/intersoft-admin/Rattan/Bash/Training/Rattan/Final_testing/New_ActivityOverview/Reports/20220214_115757/Pagination/20220214_115812/1644826100473.png, /home/intersoft-admin/Rattan/Bash/Training/Rattan/Final_testing/New_ActivityOverview/Reports/20220214_115757/Pagination/20220214_115812/1644826123804.png, /home/intersoft-admin/Rattan/Bash/Training/Rattan/Final_testing/New_ActivityOverview/Reports/20220214_115757/Pagination/20220214_115812/1644826147157.png, /home/intersoft-admin/Rattan/Bash/Training/Rattan/Final_testing/New_ActivityOverview/Reports/20220214_115757/Pagination/20220214_115812/1644826170485.png, /home/intersoft-admin/Rattan/Bash/Training/Rattan/Final_testing/New_ActivityOverview/Reports/20220214_115757/Pagination/20220214_115812/1644826193838.png, /home/intersoft-admin/Rattan/Bash/Training/Rattan/Final_testing/New_ActivityOverview/Reports/20220214_115757/Pagination/20220214_115812/1644826217196.png, /home/intersoft-admin/Rattan/Bash/Training/Rattan/Final_testing/New_ActivityOverview/Reports/20220214_115757/Pagination/20220214_115812/1644826240546.png, /home/intersoft-admin/Rattan/Bash/Training/Rattan/Final_testing/New_ActivityOverview/Reports/20220214_115757/Pagination/20220214_115812/1644826263893.png, /home/intersoft-admin/Rattan/Bash/Training/Rattan/Final_testing/New_ActivityOverview/Reports/20220214_115757/Pagination/20220214_115812/1644826287235.png, /home/intersoft-admin/Rattan/Bash/Training/Rattan/Final_testing/New_ActivityOverview/Reports/20220214_115757/Pagination/20220214_115812/1644826310574.png, /home/intersoft-admin/Rattan/Bash/Training/Rattan/Final_testing/New_ActivityOverview/Reports/20220214_115757/Pagination/20220214_115812/1644826333906.png, /home/intersoft-admin/Rattan/Bash/Training/Rattan/Final_testing/New_ActivityOverview/Reports/20220214_115757/Pagination/20220214_115812/1644826357256.png, /home/intersoft-admin/Rattan/Bash/Training/Rattan/Final_testing/New_ActivityOverview/Reports/20220214_115757/Pagination/20220214_115812/1644826391826.png, /home/intersoft-admin/Rattan/Bash/Training/Rattan/Final_testing/New_ActivityOverview/Reports/20220214_115757/Pagination/20220214_115812/1644826417191.png, /home/intersoft-admin/Rattan/Bash/Training/Rattan/Final_testing/New_ActivityOverview/Reports/20220214_115757/Pagination/20220214_115812/1644826433000.png, /home/intersoft-admin/Rattan/Bash/Training/Rattan/Final_testing/New_ActivityOverview/Reports/20220214_115757/Pagination/20220214_115812/1644826453412.png, /home/intersoft-admin/Rattan/Bash/Training/Rattan/Final_testing/New_ActivityOverview/Reports/20220214_115757/Pagination/20220214_115812/1644826484876.png, /home/intersoft-admin/Rattan/Bash/Training/Rattan/Final_testing/New_ActivityOverview/Reports/20220214_115757/Pagination/20220214_115812/1644826508196.png, /home/intersoft-admin/Rattan/Bash/Training/Rattan/Final_testing/New_ActivityOverview/Reports/20220214_115757/Pagination/20220214_115812/1644826531541.png, /home/intersoft-admin/Rattan/Bash/Training/Rattan/Final_testing/New_ActivityOverview/Reports/20220214_115757/Pagination/20220214_115812/1644826554865.png, /home/intersoft-admin/Rattan/Bash/Training/Rattan/Final_testing/New_ActivityOverview/Reports/20220214_115757/Pagination/20220214_115812/1644826578194.png, /home/intersoft-admin/Rattan/Bash/Training/Rattan/Final_testing/New_ActivityOverview/Reports/20220214_115757/Pagination/20220214_115812/1644826601533.png, /home/intersoft-admin/Rattan/Bash/Training/Rattan/Final_testing/New_ActivityOverview/Reports/20220214_115757/Pagination/20220214_115812/1644826624879.png, /home/intersoft-admin/Rattan/Bash/Training/Rattan/Final_testing/New_ActivityOverview/Reports/20220214_115757/Pagination/20220214_115812/1644826648220.png, /home/intersoft-admin/Rattan/Bash/Training/Rattan/Final_testing/New_ActivityOverview/Reports/20220214_115757/Pagination/20220214_115812/1644826671559.png, /home/intersoft-admin/Rattan/Bash/Training/Rattan/Final_testing/New_ActivityOverview/Reports/20220214_115757/Pagination/20220214_115812/1644826694893.png, /home/intersoft-admin/Rattan/Bash/Training/Rattan/Final_testing/New_ActivityOverview/Reports/20220214_115757/Pagination/20220214_115812/1644826718229.png, /home/intersoft-admin/Rattan/Bash/Training/Rattan/Final_testing/New_ActivityOverview/Reports/20220214_115757/Pagination/20220214_115812/1644826741561.png, /home/intersoft-admin/Rattan/Bash/Training/Rattan/Final_testing/New_ActivityOverview/Reports/20220214_115757/Pagination/20220214_115812/1644826764909.png, /home/intersoft-admin/Rattan/Bash/Training/Rattan/Final_testing/New_ActivityOverview/Reports/20220214_115757/Pagination/20220214_115812/1644826788258.png, /home/intersoft-admin/Rattan/Bash/Training/Rattan/Final_testing/New_ActivityOverview/Reports/20220214_115757/Pagination/20220214_115812/1644826811598.png, /home/intersoft-admin/Rattan/Bash/Training/Rattan/Final_testing/New_ActivityOverview/Reports/20220214_115757/Pagination/20220214_115812/1644826834936.png, /home/intersoft-admin/Rattan/Bash/Training/Rattan/Final_testing/New_ActivityOverview/Reports/20220214_115757/Pagination/20220214_115812/1644826858269.png, /home/intersoft-admin/Rattan/Bash/Training/Rattan/Final_testing/New_ActivityOverview/Reports/20220214_115757/Pagination/20220214_115812/1644826881641.png, /home/intersoft-admin/Rattan/Bash/Training/Rattan/Final_testing/New_ActivityOverview/Reports/20220214_115757/Pagination/20220214_115812/1644826916221.png, /home/intersoft-admin/Rattan/Bash/Training/Rattan/Final_testing/New_ActivityOverview/Reports/20220214_115757/Pagination/20220214_115812/1644826941563.png, /home/intersoft-admin/Rattan/Bash/Training/Rattan/Final_testing/New_ActivityOverview/Reports/20220214_115757/Pagination/20220214_115812/1644826956632.png, /home/intersoft-admin/Rattan/Bash/Training/Rattan/Final_testing/New_ActivityOverview/Reports/20220214_115757/Pagination/20220214_115812/1644826977039.png, /home/intersoft-admin/Rattan/Bash/Training/Rattan/Final_testing/New_ActivityOverview/Reports/20220214_115757/Pagination/20220214_115812/1644827008527.png, /home/intersoft-admin/Rattan/Bash/Training/Rattan/Final_testing/New_ActivityOverview/Reports/20220214_115757/Pagination/20220214_115812/1644827031843.png, /home/intersoft-admin/Rattan/Bash/Training/Rattan/Final_testing/New_ActivityOverview/Reports/20220214_115757/Pagination/20220214_115812/1644827055194.png, /home/intersoft-admin/Rattan/Bash/Training/Rattan/Final_testing/New_ActivityOverview/Reports/20220214_115757/Pagination/20220214_115812/1644827078525.png, /home/intersoft-admin/Rattan/Bash/Training/Rattan/Final_testing/New_ActivityOverview/Reports/20220214_115757/Pagination/20220214_115812/1644827101853.png, /home/intersoft-admin/Rattan/Bash/Training/Rattan/Final_testing/New_ActivityOverview/Reports/20220214_115757/Pagination/20220214_115812/1644827125190.png, /home/intersoft-admin/Rattan/Bash/Training/Rattan/Final_testing/New_ActivityOverview/Reports/20220214_115757/Pagination/20220214_115812/1644827148563.png, /home/intersoft-admin/Rattan/Bash/Training/Rattan/Final_testing/New_ActivityOverview/Reports/20220214_115757/Pagination/20220214_115812/1644827171898.png, /home/intersoft-admin/Rattan/Bash/Training/Rattan/Final_testing/New_ActivityOverview/Reports/20220214_115757/Pagination/20220214_115812/1644827195216.png, /home/intersoft-admin/Rattan/Bash/Training/Rattan/Final_testing/New_ActivityOverview/Reports/20220214_115757/Pagination/20220214_115812/1644827218541.png, /home/intersoft-admin/Rattan/Bash/Training/Rattan/Final_testing/New_ActivityOverview/Reports/20220214_115757/Pagination/20220214_115812/1644827241888.png, /home/intersoft-admin/Rattan/Bash/Training/Rattan/Final_testing/New_ActivityOverview/Reports/20220214_115757/Pagination/20220214_115812/1644827265215.png, /home/intersoft-admin/Rattan/Bash/Training/Rattan/Final_testing/New_ActivityOverview/Reports/20220214_115757/Pagination/20220214_115812/1644827288557.png, /home/intersoft-admin/Rattan/Bash/Training/Rattan/Final_testing/New_ActivityOverview/Reports/20220214_115757/Pagination/20220214_115812/1644827311890.png, /home/intersoft-admin/Rattan/Bash/Training/Rattan/Final_testing/New_ActivityOverview/Reports/20220214_115757/Pagination/20220214_115812/1644827335229.png, /home/intersoft-admin/Rattan/Bash/Training/Rattan/Final_testing/New_ActivityOverview/Reports/20220214_115757/Pagination/20220214_115812/1644827358574.png, /home/intersoft-admin/Rattan/Bash/Training/Rattan/Final_testing/New_ActivityOverview/Reports/20220214_115757/Pagination/20220214_115812/1644827381908.png, /home/intersoft-admin/Rattan/Bash/Training/Rattan/Final_testing/New_ActivityOverview/Reports/20220214_115757/Pagination/20220214_115812/1644827405267.png, /home/intersoft-admin/Rattan/Bash/Training/Rattan/Final_testing/New_ActivityOverview/Reports/20220214_115757/Pagination/20220214_115812/1644827439827.png"/>
         <property name="hostName" value="intersoft-admin - intersoftadmin-desktop"/>
         <property name="os" value="Linux 64bit"/>
         <property name="katalonVersion" value="8.2.5.208"/>
         <property name="browser" value="Chrome 97.0.4692.99"/>
         <property name="hostAddress" value="127.0.1.1"/>
         <property name="sessionId" value="a817830395755abe5d07cf5d2c230688"/>
         <property name="seleniumVersion" value="3.141.59"/>
         <property name="proxyInformation" value="ProxyInformation { proxyOption=NO_PROXY, proxyServerType=HTTP, username=, password=********, proxyServerAddress=, proxyServerPort=0, executionList=&quot;&quot;, isApplyToDesiredCapabilities=true }"/>
         <property name="platform" value="Linux"/>
      </properties>
      <testcase name="Test Cases/NewActivityOverview-LeftNavigation/ActivityOverview-Pagination" time="523.615" classname="Test Cases/NewActivityOverview-LeftNavigation/ActivityOverview-Pagination" status="FAILED">
         <failure type="FAILED" message="Test Cases/NewActivityOverview-LeftNavigation/ActivityOverview-Pagination FAILED.
Reason:
com.kms.katalon.core.exception.StepFailedException: Unable to click on object 'Object Repository/PaginationCOunt/ClickOnPagination'
	at com.kms.katalon.core.webui.keyword.internal.WebUIKeywordMain.stepFailed(WebUIKeywordMain.groovy:64)
	at com.kms.katalon.core.webui.keyword.internal.WebUIKeywordMain.runKeyword(WebUIKeywordMain.groovy:26)
	at com.kms.katalon.core.webui.keyword.builtin.ClickKeyword.click(ClickKeyword.groovy:74)
	at com.kms.katalon.core.webui.keyword.builtin.ClickKeyword.execute(ClickKeyword.groovy:40)
	at com.kms.katalon.core.keyword.internal.KeywordExecutor.executeKeywordForPlatform(KeywordExecutor.groovy:74)
	at com.kms.katalon.core.webui.keyword.WebUiBuiltInKeywords.click(WebUiBuiltInKeywords.groovy:620)
	at com.kms.katalon.core.webui.keyword.WebUiBuiltInKeywords$click$2.call(Unknown Source)
	at ActivityOverview-Pagination.run(ActivityOverview-Pagination:86)
	at com.kms.katalon.core.main.ScriptEngine.run(ScriptEngine.java:194)
	at com.kms.katalon.core.main.ScriptEngine.runScriptAsRawText(ScriptEngine.java:119)
	at com.kms.katalon.core.main.TestCaseExecutor.runScript(TestCaseExecutor.java:442)
	at com.kms.katalon.core.main.TestCaseExecutor.doExecute(TestCaseExecutor.java:433)
	at com.kms.katalon.core.main.TestCaseExecutor.processExecutionPhase(TestCaseExecutor.java:412)
	at com.kms.katalon.core.main.TestCaseExecutor.accessMainPhase(TestCaseExecutor.java:404)
	at com.kms.katalon.core.main.TestCaseExecutor.execute(TestCaseExecutor.java:281)
	at com.kms.katalon.core.main.TestCaseExecutor.execute(TestCaseExecutor.java:363)
	at com.kms.katalon.core.main.TestCaseExecutor.execute(TestCaseExecutor.java:363)
	at com.kms.katalon.core.main.TestCaseExecutor.execute(TestCaseExecutor.java:363)
	at com.kms.katalon.core.main.TestSuiteExecutor.accessTestCaseMainPhase(TestSuiteExecutor.java:202)
	at com.kms.katalon.core.main.TestSuiteExecutor.accessTestSuiteMainPhase(TestSuiteExecutor.java:164)
	at com.kms.katalon.core.main.TestSuiteExecutor.execute(TestSuiteExecutor.java:105)
	at com.kms.katalon.core.main.TestCaseMain.startTestSuite(TestCaseMain.java:185)
	at com.kms.katalon.core.main.TestCaseMain$startTestSuite$0.call(Unknown Source)
	at TempTestSuite1644820092096.run(TempTestSuite1644820092096.groovy:36)
Caused by: org.openqa.selenium.ElementClickInterceptedException: element click intercepted: Element &lt;a class=&quot;paginate_button &quot; aria-controls=&quot;main-table&quot; data-dt-idx=&quot;4&quot; tabindex=&quot;0&quot;>...&lt;/a> is not clickable at point (703, 660). Other element would receive the click: &lt;div class=&quot;loader-overlay&quot;>&lt;/div>
  (Session info: chrome=97.0.4692.99)
Build info: version: '3.141.59', revision: 'e82be7d358', time: '2018-11-14T08:25:53'
System info: host: 'intersoftadmin-desktop', ip: '127.0.1.1', os.name: 'Linux', os.arch: 'amd64', os.version: '5.4.0-99-generic', java.version: '1.8.0_312'
Driver info: com.kms.katalon.selenium.driver.CChromeDriver
Capabilities {acceptInsecureCerts: false, browserName: chrome, browserVersion: 97.0.4692.99, chrome: {chromedriverVersion: 97.0.4692.36 (747e0a0f19c13..., userDataDir: /tmp/.com.google.Chrome.i3alsz}, goog:chromeOptions: {debuggerAddress: localhost:44409}, javascriptEnabled: true, networkConnectionEnabled: false, pageLoadStrategy: normal, platform: LINUX, platformName: LINUX, proxy: Proxy(), setWindowRect: true, strictFileInteractability: false, timeouts: {implicit: 0, pageLoad: 300000, script: 30000}, unhandledPromptBehavior: dismiss and notify, webauthn:extension:credBlob: true, webauthn:extension:largeBlob: true, webauthn:virtualAuthenticators: true}
Session ID: a817830395755abe5d07cf5d2c230688
	at org.openqa.selenium.remote.http.W3CHttpResponseCodec.createException(W3CHttpResponseCodec.java:187)
	at org.openqa.selenium.remote.http.W3CHttpResponseCodec.decode(W3CHttpResponseCodec.java:122)
	at org.openqa.selenium.remote.http.W3CHttpResponseCodec.decode(W3CHttpResponseCodec.java:49)
	at org.openqa.selenium.remote.HttpCommandExecutor.execute(HttpCommandExecutor.java:158)
	at org.openqa.selenium.remote.service.DriverCommandExecutor.execute(DriverCommandExecutor.java:83)
	at org.openqa.selenium.remote.RemoteWebDriver.execute(RemoteWebDriver.java:552)
	at com.kms.katalon.selenium.driver.CChromeDriver.execute(CChromeDriver.java:19)
	at org.openqa.selenium.remote.RemoteWebElement.execute(RemoteWebElement.java:285)
	at org.openqa.selenium.remote.RemoteWebElement.click(RemoteWebElement.java:84)
	at org.openqa.selenium.support.events.EventFiringWebDriver$EventFiringWebElement.lambda$new$0(EventFiringWebDriver.java:404)
	at com.sun.proxy.$Proxy11.click(Unknown Source)
	at org.openqa.selenium.support.events.EventFiringWebDriver$EventFiringWebElement.click(EventFiringWebDriver.java:417)
	at org.openqa.selenium.WebElement$click.call(Unknown Source)
	at com.kms.katalon.core.webui.keyword.builtin.ClickKeyword.clickUntilSuccessWithTimeout(ClickKeyword.groovy:81)
	at com.kms.katalon.core.webui.keyword.builtin.ClickKeyword.clickUntilSuccessWithTimeout(ClickKeyword.groovy)
	at com.kms.katalon.core.webui.keyword.builtin.ClickKeyword$_click_closure1.doCall(ClickKeyword.groovy:67)
	at com.kms.katalon.core.webui.keyword.builtin.ClickKeyword$_click_closure1.call(ClickKeyword.groovy)
	at com.kms.katalon.core.webui.keyword.internal.WebUIKeywordMain.runKeyword(WebUIKeywordMain.groovy:20)
	... 22 more
"/>
         <system-out><![CDATA[2022-02-14 13:51:56 - [TEST_CASE][FAILED] - Test Cases/NewActivityOverview-LeftNavigation/ActivityOverview-Pagination: Test Cases/NewActivityOverview-LeftNavigation/ActivityOverview-Pagination FAILED.
Reason:
com.kms.katalon.core.exception.StepFailedException: Unable to click on object 'Object Repository/PaginationCOunt/ClickOnPagination'
	at com.kms.katalon.core.webui.keyword.internal.WebUIKeywordMain.stepFailed(WebUIKeywordMain.groovy:64)
	at com.kms.katalon.core.webui.keyword.internal.WebUIKeywordMain.runKeyword(WebUIKeywordMain.groovy:26)
	at com.kms.katalon.core.webui.keyword.builtin.ClickKeyword.click(ClickKeyword.groovy:74)
	at com.kms.katalon.core.webui.keyword.builtin.ClickKeyword.execute(ClickKeyword.groovy:40)
	at com.kms.katalon.core.keyword.internal.KeywordExecutor.executeKeywordForPlatform(KeywordExecutor.groovy:74)
	at com.kms.katalon.core.webui.keyword.WebUiBuiltInKeywords.click(WebUiBuiltInKeywords.groovy:620)
	at com.kms.katalon.core.webui.keyword.WebUiBuiltInKeywords$click$2.call(Unknown Source)
	at ActivityOverview-Pagination.run(ActivityOverview-Pagination:86)
	at com.kms.katalon.core.main.ScriptEngine.run(ScriptEngine.java:194)
	at com.kms.katalon.core.main.ScriptEngine.runScriptAsRawText(ScriptEngine.java:119)
	at com.kms.katalon.core.main.TestCaseExecutor.runScript(TestCaseExecutor.java:442)
	at com.kms.katalon.core.main.TestCaseExecutor.doExecute(TestCaseExecutor.java:433)
	at com.kms.katalon.core.main.TestCaseExecutor.processExecutionPhase(TestCaseExecutor.java:412)
	at com.kms.katalon.core.main.TestCaseExecutor.accessMainPhase(TestCaseExecutor.java:404)
	at com.kms.katalon.core.main.TestCaseExecutor.execute(TestCaseExecutor.java:281)
	at com.kms.katalon.core.main.TestCaseExecutor.execute(TestCaseExecutor.java:363)
	at com.kms.katalon.core.main.TestCaseExecutor.execute(TestCaseExecutor.java:363)
	at com.kms.katalon.core.main.TestCaseExecutor.execute(TestCaseExecutor.java:363)
	at com.kms.katalon.core.main.TestSuiteExecutor.accessTestCaseMainPhase(TestSuiteExecutor.java:202)
	at com.kms.katalon.core.main.TestSuiteExecutor.accessTestSuiteMainPhase(TestSuiteExecutor.java:164)
	at com.kms.katalon.core.main.TestSuiteExecutor.execute(TestSuiteExecutor.java:105)
	at com.kms.katalon.core.main.TestCaseMain.startTestSuite(TestCaseMain.java:185)
	at com.kms.katalon.core.main.TestCaseMain$startTestSuite$0.call(Unknown Source)
	at TempTestSuite1644820092096.run(TempTestSuite1644820092096.groovy:36)
Caused by: org.openqa.selenium.ElementClickInterceptedException: element click intercepted: Element <a class="paginate_button " aria-controls="main-table" data-dt-idx="4" tabindex="0">...</a> is not clickable at point (703, 660). Other element would receive the click: <div class="loader-overlay"></div>
  (Session info: chrome=97.0.4692.99)
Build info: version: '3.141.59', revision: 'e82be7d358', time: '2018-11-14T08:25:53'
System info: host: 'intersoftadmin-desktop', ip: '127.0.1.1', os.name: 'Linux', os.arch: 'amd64', os.version: '5.4.0-99-generic', java.version: '1.8.0_312'
Driver info: com.kms.katalon.selenium.driver.CChromeDriver
Capabilities {acceptInsecureCerts: false, browserName: chrome, browserVersion: 97.0.4692.99, chrome: {chromedriverVersion: 97.0.4692.36 (747e0a0f19c13..., userDataDir: /tmp/.com.google.Chrome.i3alsz}, goog:chromeOptions: {debuggerAddress: localhost:44409}, javascriptEnabled: true, networkConnectionEnabled: false, pageLoadStrategy: normal, platform: LINUX, platformName: LINUX, proxy: Proxy(), setWindowRect: true, strictFileInteractability: false, timeouts: {implicit: 0, pageLoad: 300000, script: 30000}, unhandledPromptBehavior: dismiss and notify, webauthn:extension:credBlob: true, webauthn:extension:largeBlob: true, webauthn:virtualAuthenticators: true}
Session ID: a817830395755abe5d07cf5d2c230688
	at org.openqa.selenium.remote.http.W3CHttpResponseCodec.createException(W3CHttpResponseCodec.java:187)
	at org.openqa.selenium.remote.http.W3CHttpResponseCodec.decode(W3CHttpResponseCodec.java:122)
	at org.openqa.selenium.remote.http.W3CHttpResponseCodec.decode(W3CHttpResponseCodec.java:49)
	at org.openqa.selenium.remote.HttpCommandExecutor.execute(HttpCommandExecutor.java:158)
	at org.openqa.selenium.remote.service.DriverCommandExecutor.execute(DriverCommandExecutor.java:83)
	at org.openqa.selenium.remote.RemoteWebDriver.execute(RemoteWebDriver.java:552)
	at com.kms.katalon.selenium.driver.CChromeDriver.execute(CChromeDriver.java:19)
	at org.openqa.selenium.remote.RemoteWebElement.execute(RemoteWebElement.java:285)
	at org.openqa.selenium.remote.RemoteWebElement.click(RemoteWebElement.java:84)
	at org.openqa.selenium.support.events.EventFiringWebDriver$EventFiringWebElement.lambda$new$0(EventFiringWebDriver.java:404)
	at com.sun.proxy.$Proxy11.click(Unknown Source)
	at org.openqa.selenium.support.events.EventFiringWebDriver$EventFiringWebElement.click(EventFiringWebDriver.java:417)
	at org.openqa.selenium.WebElement$click.call(Unknown Source)
	at com.kms.katalon.core.webui.keyword.builtin.ClickKeyword.clickUntilSuccessWithTimeout(ClickKeyword.groovy:81)
	at com.kms.katalon.core.webui.keyword.builtin.ClickKeyword.clickUntilSuccessWithTimeout(ClickKeyword.groovy)
	at com.kms.katalon.core.webui.keyword.builtin.ClickKeyword$_click_closure1.doCall(ClickKeyword.groovy:67)
	at com.kms.katalon.core.webui.keyword.builtin.ClickKeyword$_click_closure1.call(ClickKeyword.groovy)
	at com.kms.katalon.core.webui.keyword.internal.WebUIKeywordMain.runKeyword(WebUIKeywordMain.groovy:20)
	... 22 more


2022-02-14 13:51:56 - [TEST_STEP][PASSED] - callTestCase(findTestCase("LoginWithSuperAdmin/SuperAdmin-Login"), [:], STOP_ON_FAILURE): Call Test Case 'Test Cases/LoginWithSuperAdmin/SuperAdmin-Login' successfully

2022-02-14 13:51:56 - [TEST_CASE][PASSED] - Test Cases/LoginWithSuperAdmin/SuperAdmin-Login: Test Cases/LoginWithSuperAdmin/SuperAdmin-Login

2022-02-14 13:51:56 - [TEST_STEP][PASSED] - openBrowser(""): Browser is opened with url: ''

2022-02-14 13:51:56 - [MESSAGE][WARNING] - A browser is already opened. Closing browser and opening a new one

2022-02-14 13:51:56 - [MESSAGE][INFO] - Starting 'Chrome' driver

2022-02-14 13:51:56 - [MESSAGE][INFO] - Action delay is set to 3,000 milliseconds

2022-02-14 13:51:56 - [MESSAGE][PASSED] - Browser is opened with url: ''

2022-02-14 13:51:56 - [TEST_STEP][PASSED] - setViewPortSize(1920, 1080): Viewport is set to new size with width = 1920 and height = 1080

2022-02-14 13:51:57 - [MESSAGE][PASSED] - Viewport is set to new size with width = 1920 and height = 1080

2022-02-14 13:51:57 - [TEST_STEP][PASSED] - navigateToUrl(URL): Navigate to 'https://marketplacev1.test-prio.com' successfully

2022-02-14 13:52:02 - [MESSAGE][PASSED] - Navigate to 'https://marketplacev1.test-prio.com' successfully

2022-02-14 13:52:02 - [TEST_STEP][PASSED] - delay(3): Delayed 3 second(s)

2022-02-14 13:52:05 - [MESSAGE][PASSED] - Delayed 3 second(s)

2022-02-14 13:52:05 - [TEST_STEP][PASSED] - click(findTestObject("SuperAdmin/Login/input_Email_contact_email")): Object: 'Object Repository/SuperAdmin/Login/input_Email_contact_email' is clicked on

2022-02-14 13:52:08 - [MESSAGE][PASSED] - Object: 'Object Repository/SuperAdmin/Login/input_Email_contact_email' is clicked on

2022-02-14 13:52:08 - [TEST_STEP][PASSED] - setText(findTestObject("SuperAdmin/Login/input_Email_contact_email"), uname): Text 'superadmin@tippoint.com' is set on object 'Object Repository/SuperAdmin/Login/input_Email_contact_email'

2022-02-14 13:52:15 - [MESSAGE][PASSED] - Text 'superadmin@tippoint.com' is set on object 'Object Repository/SuperAdmin/Login/input_Email_contact_email'

2022-02-14 13:52:15 - [TEST_STEP][PASSED] - setEncryptedText(findTestObject("SuperAdmin/Login/input_Password_password"), Password): Text ****** has been set on object 'Object Repository/SuperAdmin/Login/input_Password_password'

2022-02-14 13:52:21 - [MESSAGE][PASSED] - Text ****** has been set on object 'Object Repository/SuperAdmin/Login/input_Password_password'

2022-02-14 13:52:21 - [TEST_STEP][PASSED] - takeScreenshot(): Taking screenshot successfully

2022-02-14 13:52:21 - [MESSAGE][PASSED] - Taking screenshot successfully
[[ATTACHMENT|/home/intersoft-admin/Rattan/Bash/Training/Rattan/Final_testing/New_ActivityOverview/Reports/20220214_115757/Pagination/20220214_115812/1644826941563.png]]

2022-02-14 13:52:21 - [TEST_STEP][PASSED] - newpackage.clickUsingJS.clickUsingJS(findTestObject("SuperAdmin/Login/button_Sign in"), 5): newpackage.clickUsingJS.clickUsingJS is PASSED

2022-02-14 13:52:21 - [MESSAGE][PASSED] - newpackage.clickUsingJS.clickUsingJS is PASSED

2022-02-14 13:52:21 - [MESSAGE][PASSED] - Call Test Case 'Test Cases/LoginWithSuperAdmin/SuperAdmin-Login' successfully

2022-02-14 13:52:21 - [TEST_STEP][PASSED] - switchToDefaultContent(): null

2022-02-14 13:52:21 - [TEST_STEP][PASSED] - click(findTestObject("SuperAdminLeftNavigation/NewActivityOverview-LeftNavigation")): Object: 'Object Repository/SuperAdminLeftNavigation/NewActivityOverview-LeftNavigation' is clicked on

2022-02-14 13:52:35 - [MESSAGE][PASSED] - Object: 'Object Repository/SuperAdminLeftNavigation/NewActivityOverview-LeftNavigation' is clicked on

2022-02-14 13:52:35 - [TEST_STEP][PASSED] - takeScreenshot(): Taking screenshot successfully

2022-02-14 13:52:36 - [MESSAGE][PASSED] - Taking screenshot successfully
[[ATTACHMENT|/home/intersoft-admin/Rattan/Bash/Training/Rattan/Final_testing/New_ActivityOverview/Reports/20220214_115757/Pagination/20220214_115812/1644826956632.png]]

2022-02-14 13:52:36 - [TEST_STEP][PASSED] - switchToFrame(findTestObject("Object Repository/Iframe/NewActivityOverviewIframe"), 5): null

2022-02-14 13:52:37 - [TEST_STEP][PASSED] - delay(20): Delayed 20 second(s)

2022-02-14 13:52:57 - [MESSAGE][PASSED] - Delayed 20 second(s)

2022-02-14 13:52:57 - [TEST_STEP][PASSED] - takeScreenshot(): Taking screenshot successfully

2022-02-14 13:52:57 - [MESSAGE][PASSED] - Taking screenshot successfully
[[ATTACHMENT|/home/intersoft-admin/Rattan/Bash/Training/Rattan/Final_testing/New_ActivityOverview/Reports/20220214_115757/Pagination/20220214_115812/1644826977039.png]]

2022-02-14 13:52:57 - [TEST_STEP][PASSED] - sizeoflisting = findWebElements(findTestObject("ListingArea/ListingContainsData"), 5).size(): null

2022-02-14 13:52:57 - [TEST_STEP][PASSED] - println(sizeoflisting): null

2022-02-14 13:52:57 - [TEST_STEP][PASSED] - logInfo(Size of Order Listing: $sizeoflisting): Size of Order Listing: 11

2022-02-14 13:52:57 - [MESSAGE][INFO] - Size of Order Listing: 11

2022-02-14 13:52:57 - [TEST_STEP][FAILED] - if (sizeoflisting > 2): Unable to click on object 'Object Repository/PaginationCOunt/ClickOnPagination' (Root cause: com.kms.katalon.core.exception.StepFailedException: Unable to click on object 'Object Repository/PaginationCOunt/ClickOnPagination'
	at com.kms.katalon.core.webui.keyword.internal.WebUIKeywordMain.stepFailed(WebUIKeywordMain.groovy:64)
	at com.kms.katalon.core.webui.keyword.internal.WebUIKeywordMain.runKeyword(WebUIKeywordMain.groovy:26)
	at com.kms.katalon.core.webui.keyword.builtin.ClickKeyword.click(ClickKeyword.groovy:74)
	at com.kms.katalon.core.webui.keyword.builtin.ClickKeyword.execute(ClickKeyword.groovy:40)
	at com.kms.katalon.core.keyword.internal.KeywordExecutor.executeKeywordForPlatform(KeywordExecutor.groovy:74)
	at com.kms.katalon.core.webui.keyword.WebUiBuiltInKeywords.click(WebUiBuiltInKeywords.groovy:620)
	at com.kms.katalon.core.webui.keyword.WebUiBuiltInKeywords$click$2.call(Unknown Source)
	at ActivityOverview-Pagination.run(ActivityOverview-Pagination:86)
	at com.kms.katalon.core.main.ScriptEngine.run(ScriptEngine.java:194)
	at com.kms.katalon.core.main.ScriptEngine.runScriptAsRawText(ScriptEngine.java:119)
	at com.kms.katalon.core.main.TestCaseExecutor.runScript(TestCaseExecutor.java:442)
	at com.kms.katalon.core.main.TestCaseExecutor.doExecute(TestCaseExecutor.java:433)
	at com.kms.katalon.core.main.TestCaseExecutor.processExecutionPhase(TestCaseExecutor.java:412)
	at com.kms.katalon.core.main.TestCaseExecutor.accessMainPhase(TestCaseExecutor.java:404)
	at com.kms.katalon.core.main.TestCaseExecutor.execute(TestCaseExecutor.java:281)
	at com.kms.katalon.core.main.TestCaseExecutor.execute(TestCaseExecutor.java:363)
	at com.kms.katalon.core.main.TestCaseExecutor.execute(TestCaseExecutor.java:363)
	at com.kms.katalon.core.main.TestCaseExecutor.execute(TestCaseExecutor.java:363)
	at com.kms.katalon.core.main.TestSuiteExecutor.accessTestCaseMainPhase(TestSuiteExecutor.java:202)
	at com.kms.katalon.core.main.TestSuiteExecutor.accessTestSuiteMainPhase(TestSuiteExecutor.java:164)
	at com.kms.katalon.core.main.TestSuiteExecutor.execute(TestSuiteExecutor.java:105)
	at com.kms.katalon.core.main.TestCaseMain.startTestSuite(TestCaseMain.java:185)
	at com.kms.katalon.core.main.TestCaseMain$startTestSuite$0.call(Unknown Source)
	at TempTestSuite1644820092096.run(TempTestSuite1644820092096.groovy:36)
Caused by: org.openqa.selenium.ElementClickInterceptedException: element click intercepted: Element <a class="paginate_button " aria-controls="main-table" data-dt-idx="4" tabindex="0">...</a> is not clickable at point (703, 660). Other element would receive the click: <div class="loader-overlay"></div>
  (Session info: chrome=97.0.4692.99)
Build info: version: '3.141.59', revision: 'e82be7d358', time: '2018-11-14T08:25:53'
System info: host: 'intersoftadmin-desktop', ip: '127.0.1.1', os.name: 'Linux', os.arch: 'amd64', os.version: '5.4.0-99-generic', java.version: '1.8.0_312'
Driver info: com.kms.katalon.selenium.driver.CChromeDriver
Capabilities {acceptInsecureCerts: false, browserName: chrome, browserVersion: 97.0.4692.99, chrome: {chromedriverVersion: 97.0.4692.36 (747e0a0f19c13..., userDataDir: /tmp/.com.google.Chrome.i3alsz}, goog:chromeOptions: {debuggerAddress: localhost:44409}, javascriptEnabled: true, networkConnectionEnabled: false, pageLoadStrategy: normal, platform: LINUX, platformName: LINUX, proxy: Proxy(), setWindowRect: true, strictFileInteractability: false, timeouts: {implicit: 0, pageLoad: 300000, script: 30000}, unhandledPromptBehavior: dismiss and notify, webauthn:extension:credBlob: true, webauthn:extension:largeBlob: true, webauthn:virtualAuthenticators: true}
Session ID: a817830395755abe5d07cf5d2c230688
	at org.openqa.selenium.remote.http.W3CHttpResponseCodec.createException(W3CHttpResponseCodec.java:187)
	at org.openqa.selenium.remote.http.W3CHttpResponseCodec.decode(W3CHttpResponseCodec.java:122)
	at org.openqa.selenium.remote.http.W3CHttpResponseCodec.decode(W3CHttpResponseCodec.java:49)
	at org.openqa.selenium.remote.HttpCommandExecutor.execute(HttpCommandExecutor.java:158)
	at org.openqa.selenium.remote.service.DriverCommandExecutor.execute(DriverCommandExecutor.java:83)
	at org.openqa.selenium.remote.RemoteWebDriver.execute(RemoteWebDriver.java:552)
	at com.kms.katalon.selenium.driver.CChromeDriver.execute(CChromeDriver.java:19)
	at org.openqa.selenium.remote.RemoteWebElement.execute(RemoteWebElement.java:285)
	at org.openqa.selenium.remote.RemoteWebElement.click(RemoteWebElement.java:84)
	at org.openqa.selenium.support.events.EventFiringWebDriver$EventFiringWebElement.lambda$new$0(EventFiringWebDriver.java:404)
	at com.sun.proxy.$Proxy11.click(Unknown Source)
	at org.openqa.selenium.support.events.EventFiringWebDriver$EventFiringWebElement.click(EventFiringWebDriver.java:417)
	at org.openqa.selenium.WebElement$click.call(Unknown Source)
	at com.kms.katalon.core.webui.keyword.builtin.ClickKeyword.clickUntilSuccessWithTimeout(ClickKeyword.groovy:81)
	at com.kms.katalon.core.webui.keyword.builtin.ClickKeyword.clickUntilSuccessWithTimeout(ClickKeyword.groovy)
	at com.kms.katalon.core.webui.keyword.builtin.ClickKeyword$_click_closure1.doCall(ClickKeyword.groovy:67)
	at com.kms.katalon.core.webui.keyword.builtin.ClickKeyword$_click_closure1.call(ClickKeyword.groovy)
	at com.kms.katalon.core.webui.keyword.internal.WebUIKeywordMain.runKeyword(WebUIKeywordMain.groovy:20)
	at com.kms.katalon.core.webui.keyword.builtin.ClickKeyword.click(ClickKeyword.groovy:74)
	at com.kms.katalon.core.webui.keyword.builtin.ClickKeyword.execute(ClickKeyword.groovy:40)
	at com.kms.katalon.core.keyword.internal.KeywordExecutor.executeKeywordForPlatform(KeywordExecutor.groovy:74)
	at com.kms.katalon.core.webui.keyword.WebUiBuiltInKeywords.click(WebUiBuiltInKeywords.groovy:620)
	at com.kms.katalon.core.webui.keyword.WebUiBuiltInKeywords$click$2.call(Unknown Source)
	at Script1643628703989.run(Script1643628703989.groovy:86)
	... 16 more
)

2022-02-14 13:52:57 - [TEST_STEP][PASSED] - logInfo("Orders Exist in Listing"): Orders Exist in Listing

2022-02-14 13:52:57 - [MESSAGE][INFO] - Orders Exist in Listing

2022-02-14 13:52:57 - [TEST_STEP][PASSED] - click(findTestObject("Object Repository/OrderPerPage/OrderPerPage_select")): Object: 'Object Repository/OrderPerPage/OrderPerPage_select' is clicked on

2022-02-14 13:53:00 - [MESSAGE][PASSED] - Object: 'Object Repository/OrderPerPage/OrderPerPage_select' is clicked on

2022-02-14 13:53:00 - [TEST_STEP][PASSED] - delay(5): Delayed 5 second(s)

2022-02-14 13:53:05 - [MESSAGE][PASSED] - Delayed 5 second(s)

2022-02-14 13:53:05 - [TEST_STEP][PASSED] - click(findTestObject("Object Repository/OrderPerPage/OrderPerPage-SelectOption")): Object: 'Object Repository/OrderPerPage/OrderPerPage-SelectOption' is clicked on

2022-02-14 13:53:08 - [MESSAGE][PASSED] - Object: 'Object Repository/OrderPerPage/OrderPerPage-SelectOption' is clicked on

2022-02-14 13:53:08 - [TEST_STEP][PASSED] - delay(20): Delayed 20 second(s)

2022-02-14 13:53:28 - [MESSAGE][PASSED] - Delayed 20 second(s)

2022-02-14 13:53:28 - [TEST_STEP][PASSED] - takeScreenshot(): Taking screenshot successfully

2022-02-14 13:53:28 - [MESSAGE][PASSED] - Taking screenshot successfully
[[ATTACHMENT|/home/intersoft-admin/Rattan/Bash/Training/Rattan/Final_testing/New_ActivityOverview/Reports/20220214_115757/Pagination/20220214_115812/1644827008527.png]]

2022-02-14 13:53:28 - [TEST_STEP][PASSED] - SizeofPagination = getText(findTestObject("Object Repository/PaginationCOunt/PaginationCount")): Text of object 'Object Repository/PaginationCOunt/PaginationCount' is: '100'

2022-02-14 13:53:28 - [MESSAGE][PASSED] - Text of object 'Object Repository/PaginationCOunt/PaginationCount' is: '100'

2022-02-14 13:53:28 - [TEST_STEP][PASSED] - println(SizeofPagination): null

2022-02-14 13:53:28 - [TEST_STEP][PASSED] - paginationmaxcount = Integer.parseInt(SizeofPagination): null

2022-02-14 13:53:28 - [TEST_STEP][PASSED] - logInfo(Size of Pagination: $paginationmaxcount): Size of Pagination: 100

2022-02-14 13:53:28 - [MESSAGE][INFO] - Size of Pagination: 100

2022-02-14 13:53:28 - [TEST_STEP][PASSED] - totalrecords = 0: null

2022-02-14 13:53:28 - [TEST_STEP][FAILED] - for ([l = 1, l <= paginationmaxcount, (l++)]): Unable to click on object 'Object Repository/PaginationCOunt/ClickOnPagination' (Root cause: com.kms.katalon.core.exception.StepFailedException: Unable to click on object 'Object Repository/PaginationCOunt/ClickOnPagination'
	at com.kms.katalon.core.webui.keyword.internal.WebUIKeywordMain.stepFailed(WebUIKeywordMain.groovy:64)
	at com.kms.katalon.core.webui.keyword.internal.WebUIKeywordMain.runKeyword(WebUIKeywordMain.groovy:26)
	at com.kms.katalon.core.webui.keyword.builtin.ClickKeyword.click(ClickKeyword.groovy:74)
	at com.kms.katalon.core.webui.keyword.builtin.ClickKeyword.execute(ClickKeyword.groovy:40)
	at com.kms.katalon.core.keyword.internal.KeywordExecutor.executeKeywordForPlatform(KeywordExecutor.groovy:74)
	at com.kms.katalon.core.webui.keyword.WebUiBuiltInKeywords.click(WebUiBuiltInKeywords.groovy:620)
	at com.kms.katalon.core.webui.keyword.WebUiBuiltInKeywords$click$2.call(Unknown Source)
	at ActivityOverview-Pagination.run(ActivityOverview-Pagination:86)
	at com.kms.katalon.core.main.ScriptEngine.run(ScriptEngine.java:194)
	at com.kms.katalon.core.main.ScriptEngine.runScriptAsRawText(ScriptEngine.java:119)
	at com.kms.katalon.core.main.TestCaseExecutor.runScript(TestCaseExecutor.java:442)
	at com.kms.katalon.core.main.TestCaseExecutor.doExecute(TestCaseExecutor.java:433)
	at com.kms.katalon.core.main.TestCaseExecutor.processExecutionPhase(TestCaseExecutor.java:412)
	at com.kms.katalon.core.main.TestCaseExecutor.accessMainPhase(TestCaseExecutor.java:404)
	at com.kms.katalon.core.main.TestCaseExecutor.execute(TestCaseExecutor.java:281)
	at com.kms.katalon.core.main.TestCaseExecutor.execute(TestCaseExecutor.java:363)
	at com.kms.katalon.core.main.TestCaseExecutor.execute(TestCaseExecutor.java:363)
	at com.kms.katalon.core.main.TestCaseExecutor.execute(TestCaseExecutor.java:363)
	at com.kms.katalon.core.main.TestSuiteExecutor.accessTestCaseMainPhase(TestSuiteExecutor.java:202)
	at com.kms.katalon.core.main.TestSuiteExecutor.accessTestSuiteMainPhase(TestSuiteExecutor.java:164)
	at com.kms.katalon.core.main.TestSuiteExecutor.execute(TestSuiteExecutor.java:105)
	at com.kms.katalon.core.main.TestCaseMain.startTestSuite(TestCaseMain.java:185)
	at com.kms.katalon.core.main.TestCaseMain$startTestSuite$0.call(Unknown Source)
	at TempTestSuite1644820092096.run(TempTestSuite1644820092096.groovy:36)
Caused by: org.openqa.selenium.ElementClickInterceptedException: element click intercepted: Element <a class="paginate_button " aria-controls="main-table" data-dt-idx="4" tabindex="0">...</a> is not clickable at point (703, 660). Other element would receive the click: <div class="loader-overlay"></div>
  (Session info: chrome=97.0.4692.99)
Build info: version: '3.141.59', revision: 'e82be7d358', time: '2018-11-14T08:25:53'
System info: host: 'intersoftadmin-desktop', ip: '127.0.1.1', os.name: 'Linux', os.arch: 'amd64', os.version: '5.4.0-99-generic', java.version: '1.8.0_312'
Driver info: com.kms.katalon.selenium.driver.CChromeDriver
Capabilities {acceptInsecureCerts: false, browserName: chrome, browserVersion: 97.0.4692.99, chrome: {chromedriverVersion: 97.0.4692.36 (747e0a0f19c13..., userDataDir: /tmp/.com.google.Chrome.i3alsz}, goog:chromeOptions: {debuggerAddress: localhost:44409}, javascriptEnabled: true, networkConnectionEnabled: false, pageLoadStrategy: normal, platform: LINUX, platformName: LINUX, proxy: Proxy(), setWindowRect: true, strictFileInteractability: false, timeouts: {implicit: 0, pageLoad: 300000, script: 30000}, unhandledPromptBehavior: dismiss and notify, webauthn:extension:credBlob: true, webauthn:extension:largeBlob: true, webauthn:virtualAuthenticators: true}
Session ID: a817830395755abe5d07cf5d2c230688
	at org.openqa.selenium.remote.http.W3CHttpResponseCodec.createException(W3CHttpResponseCodec.java:187)
	at org.openqa.selenium.remote.http.W3CHttpResponseCodec.decode(W3CHttpResponseCodec.java:122)
	at org.openqa.selenium.remote.http.W3CHttpResponseCodec.decode(W3CHttpResponseCodec.java:49)
	at org.openqa.selenium.remote.HttpCommandExecutor.execute(HttpCommandExecutor.java:158)
	at org.openqa.selenium.remote.service.DriverCommandExecutor.execute(DriverCommandExecutor.java:83)
	at org.openqa.selenium.remote.RemoteWebDriver.execute(RemoteWebDriver.java:552)
	at com.kms.katalon.selenium.driver.CChromeDriver.execute(CChromeDriver.java:19)
	at org.openqa.selenium.remote.RemoteWebElement.execute(RemoteWebElement.java:285)
	at org.openqa.selenium.remote.RemoteWebElement.click(RemoteWebElement.java:84)
	at org.openqa.selenium.support.events.EventFiringWebDriver$EventFiringWebElement.lambda$new$0(EventFiringWebDriver.java:404)
	at com.sun.proxy.$Proxy11.click(Unknown Source)
	at org.openqa.selenium.support.events.EventFiringWebDriver$EventFiringWebElement.click(EventFiringWebDriver.java:417)
	at org.openqa.selenium.WebElement$click.call(Unknown Source)
	at com.kms.katalon.core.webui.keyword.builtin.ClickKeyword.clickUntilSuccessWithTimeout(ClickKeyword.groovy:81)
	at com.kms.katalon.core.webui.keyword.builtin.ClickKeyword.clickUntilSuccessWithTimeout(ClickKeyword.groovy)
	at com.kms.katalon.core.webui.keyword.builtin.ClickKeyword$_click_closure1.doCall(ClickKeyword.groovy:67)
	at com.kms.katalon.core.webui.keyword.builtin.ClickKeyword$_click_closure1.call(ClickKeyword.groovy)
	at com.kms.katalon.core.webui.keyword.internal.WebUIKeywordMain.runKeyword(WebUIKeywordMain.groovy:20)
	at com.kms.katalon.core.webui.keyword.builtin.ClickKeyword.click(ClickKeyword.groovy:74)
	at com.kms.katalon.core.webui.keyword.builtin.ClickKeyword.execute(ClickKeyword.groovy:40)
	at com.kms.katalon.core.keyword.internal.KeywordExecutor.executeKeywordForPlatform(KeywordExecutor.groovy:74)
	at com.kms.katalon.core.webui.keyword.WebUiBuiltInKeywords.click(WebUiBuiltInKeywords.groovy:620)
	at com.kms.katalon.core.webui.keyword.WebUiBuiltInKeywords$click$2.call(Unknown Source)
	at Script1643628703989.run(Script1643628703989.groovy:86)
	... 16 more
)

2022-02-14 13:53:28 - [TEST_STEP][PASSED] - if (l <= 5): null

2022-02-14 13:53:28 - [TEST_STEP][PASSED] - paginationvalue = l: null

2022-02-14 13:53:28 - [TEST_STEP][PASSED] - if (l > 5): null

2022-02-14 13:53:28 - [TEST_STEP][PASSED] - logInfo(Size of Pagination: $paginationvalue): Size of Pagination: 1

2022-02-14 13:53:28 - [MESSAGE][INFO] - Size of Pagination: 1

2022-02-14 13:53:28 - [TEST_STEP][PASSED] - click(findTestObject("Object Repository/PaginationCOunt/ClickOnPagination", ["pagination":paginationvalue])): Object: 'Object Repository/PaginationCOunt/ClickOnPagination' is clicked on

2022-02-14 13:53:31 - [MESSAGE][PASSED] - Object: 'Object Repository/PaginationCOunt/ClickOnPagination' is clicked on

2022-02-14 13:53:31 - [TEST_STEP][PASSED] - delay(20): Delayed 20 second(s)

2022-02-14 13:53:51 - [MESSAGE][PASSED] - Delayed 20 second(s)

2022-02-14 13:53:51 - [TEST_STEP][PASSED] - takeScreenshot(): Taking screenshot successfully

2022-02-14 13:53:51 - [MESSAGE][PASSED] - Taking screenshot successfully
[[ATTACHMENT|/home/intersoft-admin/Rattan/Bash/Training/Rattan/Final_testing/New_ActivityOverview/Reports/20220214_115757/Pagination/20220214_115812/1644827031843.png]]

2022-02-14 13:53:51 - [TEST_STEP][PASSED] - orderListing = findWebElements(findTestObject("Object Repository/ListingArea/RecordsInListing"), 5).size(): null

2022-02-14 13:53:52 - [TEST_STEP][PASSED] - totalrecords = totalrecords + orderListing: null

2022-02-14 13:53:52 - [TEST_STEP][PASSED] - logInfo(Total Records: $totalrecords): Total Records: 100

2022-02-14 13:53:52 - [MESSAGE][INFO] - Total Records: 100

2022-02-14 13:53:52 - [TEST_STEP][PASSED] - if (l <= 5): null

2022-02-14 13:53:52 - [TEST_STEP][PASSED] - paginationvalue = l: null

2022-02-14 13:53:52 - [TEST_STEP][PASSED] - if (l > 5): null

2022-02-14 13:53:52 - [TEST_STEP][PASSED] - logInfo(Size of Pagination: $paginationvalue): Size of Pagination: 2

2022-02-14 13:53:52 - [MESSAGE][INFO] - Size of Pagination: 2

2022-02-14 13:53:52 - [TEST_STEP][PASSED] - click(findTestObject("Object Repository/PaginationCOunt/ClickOnPagination", ["pagination":paginationvalue])): Object: 'Object Repository/PaginationCOunt/ClickOnPagination' is clicked on

2022-02-14 13:53:55 - [MESSAGE][PASSED] - Object: 'Object Repository/PaginationCOunt/ClickOnPagination' is clicked on

2022-02-14 13:53:55 - [TEST_STEP][PASSED] - delay(20): Delayed 20 second(s)

2022-02-14 13:54:15 - [MESSAGE][PASSED] - Delayed 20 second(s)

2022-02-14 13:54:15 - [TEST_STEP][PASSED] - takeScreenshot(): Taking screenshot successfully

2022-02-14 13:54:15 - [MESSAGE][PASSED] - Taking screenshot successfully
[[ATTACHMENT|/home/intersoft-admin/Rattan/Bash/Training/Rattan/Final_testing/New_ActivityOverview/Reports/20220214_115757/Pagination/20220214_115812/1644827055194.png]]

2022-02-14 13:54:15 - [TEST_STEP][PASSED] - orderListing = findWebElements(findTestObject("Object Repository/ListingArea/RecordsInListing"), 5).size(): null

2022-02-14 13:54:15 - [TEST_STEP][PASSED] - totalrecords = totalrecords + orderListing: null

2022-02-14 13:54:15 - [TEST_STEP][PASSED] - logInfo(Total Records: $totalrecords): Total Records: 200

2022-02-14 13:54:15 - [MESSAGE][INFO] - Total Records: 200

2022-02-14 13:54:15 - [TEST_STEP][PASSED] - if (l <= 5): null

2022-02-14 13:54:15 - [TEST_STEP][PASSED] - paginationvalue = l: null

2022-02-14 13:54:15 - [TEST_STEP][PASSED] - if (l > 5): null

2022-02-14 13:54:15 - [TEST_STEP][PASSED] - logInfo(Size of Pagination: $paginationvalue): Size of Pagination: 3

2022-02-14 13:54:15 - [MESSAGE][INFO] - Size of Pagination: 3

2022-02-14 13:54:15 - [TEST_STEP][PASSED] - click(findTestObject("Object Repository/PaginationCOunt/ClickOnPagination", ["pagination":paginationvalue])): Object: 'Object Repository/PaginationCOunt/ClickOnPagination' is clicked on

2022-02-14 13:54:18 - [MESSAGE][PASSED] - Object: 'Object Repository/PaginationCOunt/ClickOnPagination' is clicked on

2022-02-14 13:54:18 - [TEST_STEP][PASSED] - delay(20): Delayed 20 second(s)

2022-02-14 13:54:38 - [MESSAGE][PASSED] - Delayed 20 second(s)

2022-02-14 13:54:38 - [TEST_STEP][PASSED] - takeScreenshot(): Taking screenshot successfully

2022-02-14 13:54:38 - [MESSAGE][PASSED] - Taking screenshot successfully
[[ATTACHMENT|/home/intersoft-admin/Rattan/Bash/Training/Rattan/Final_testing/New_ActivityOverview/Reports/20220214_115757/Pagination/20220214_115812/1644827078525.png]]

2022-02-14 13:54:38 - [TEST_STEP][PASSED] - orderListing = findWebElements(findTestObject("Object Repository/ListingArea/RecordsInListing"), 5).size(): null

2022-02-14 13:54:38 - [TEST_STEP][PASSED] - totalrecords = totalrecords + orderListing: null

2022-02-14 13:54:38 - [TEST_STEP][PASSED] - logInfo(Total Records: $totalrecords): Total Records: 300

2022-02-14 13:54:38 - [MESSAGE][INFO] - Total Records: 300

2022-02-14 13:54:38 - [TEST_STEP][PASSED] - if (l <= 5): null

2022-02-14 13:54:38 - [TEST_STEP][PASSED] - paginationvalue = l: null

2022-02-14 13:54:38 - [TEST_STEP][PASSED] - if (l > 5): null

2022-02-14 13:54:38 - [TEST_STEP][PASSED] - logInfo(Size of Pagination: $paginationvalue): Size of Pagination: 4

2022-02-14 13:54:38 - [MESSAGE][INFO] - Size of Pagination: 4

2022-02-14 13:54:38 - [TEST_STEP][PASSED] - click(findTestObject("Object Repository/PaginationCOunt/ClickOnPagination", ["pagination":paginationvalue])): Object: 'Object Repository/PaginationCOunt/ClickOnPagination' is clicked on

2022-02-14 13:54:41 - [MESSAGE][PASSED] - Object: 'Object Repository/PaginationCOunt/ClickOnPagination' is clicked on

2022-02-14 13:54:41 - [TEST_STEP][PASSED] - delay(20): Delayed 20 second(s)

2022-02-14 13:55:01 - [MESSAGE][PASSED] - Delayed 20 second(s)

2022-02-14 13:55:01 - [TEST_STEP][PASSED] - takeScreenshot(): Taking screenshot successfully

2022-02-14 13:55:01 - [MESSAGE][PASSED] - Taking screenshot successfully
[[ATTACHMENT|/home/intersoft-admin/Rattan/Bash/Training/Rattan/Final_testing/New_ActivityOverview/Reports/20220214_115757/Pagination/20220214_115812/1644827101853.png]]

2022-02-14 13:55:01 - [TEST_STEP][PASSED] - orderListing = findWebElements(findTestObject("Object Repository/ListingArea/RecordsInListing"), 5).size(): null

2022-02-14 13:55:02 - [TEST_STEP][PASSED] - totalrecords = totalrecords + orderListing: null

2022-02-14 13:55:02 - [TEST_STEP][PASSED] - logInfo(Total Records: $totalrecords): Total Records: 400

2022-02-14 13:55:02 - [MESSAGE][INFO] - Total Records: 400

2022-02-14 13:55:02 - [TEST_STEP][PASSED] - if (l <= 5): null

2022-02-14 13:55:02 - [TEST_STEP][PASSED] - paginationvalue = l: null

2022-02-14 13:55:02 - [TEST_STEP][PASSED] - if (l > 5): null

2022-02-14 13:55:02 - [TEST_STEP][PASSED] - logInfo(Size of Pagination: $paginationvalue): Size of Pagination: 5

2022-02-14 13:55:02 - [MESSAGE][INFO] - Size of Pagination: 5

2022-02-14 13:55:02 - [TEST_STEP][PASSED] - click(findTestObject("Object Repository/PaginationCOunt/ClickOnPagination", ["pagination":paginationvalue])): Object: 'Object Repository/PaginationCOunt/ClickOnPagination' is clicked on

2022-02-14 13:55:05 - [MESSAGE][PASSED] - Object: 'Object Repository/PaginationCOunt/ClickOnPagination' is clicked on

2022-02-14 13:55:05 - [TEST_STEP][PASSED] - delay(20): Delayed 20 second(s)

2022-02-14 13:55:25 - [MESSAGE][PASSED] - Delayed 20 second(s)

2022-02-14 13:55:25 - [TEST_STEP][PASSED] - takeScreenshot(): Taking screenshot successfully

2022-02-14 13:55:25 - [MESSAGE][PASSED] - Taking screenshot successfully
[[ATTACHMENT|/home/intersoft-admin/Rattan/Bash/Training/Rattan/Final_testing/New_ActivityOverview/Reports/20220214_115757/Pagination/20220214_115812/1644827125190.png]]

2022-02-14 13:55:25 - [TEST_STEP][PASSED] - orderListing = findWebElements(findTestObject("Object Repository/ListingArea/RecordsInListing"), 5).size(): null

2022-02-14 13:55:25 - [TEST_STEP][PASSED] - totalrecords = totalrecords + orderListing: null

2022-02-14 13:55:25 - [TEST_STEP][PASSED] - logInfo(Total Records: $totalrecords): Total Records: 500

2022-02-14 13:55:25 - [MESSAGE][INFO] - Total Records: 500

2022-02-14 13:55:25 - [TEST_STEP][PASSED] - if (l <= 5): null

2022-02-14 13:55:25 - [TEST_STEP][PASSED] - if (l > 5): null

2022-02-14 13:55:25 - [TEST_STEP][PASSED] - paginationvalue = "4": null

2022-02-14 13:55:25 - [TEST_STEP][PASSED] - logInfo(Size of Pagination: $paginationvalue): Size of Pagination: 4

2022-02-14 13:55:25 - [MESSAGE][INFO] - Size of Pagination: 4

2022-02-14 13:55:25 - [TEST_STEP][PASSED] - click(findTestObject("Object Repository/PaginationCOunt/ClickOnPagination", ["pagination":paginationvalue])): Object: 'Object Repository/PaginationCOunt/ClickOnPagination' is clicked on

2022-02-14 13:55:28 - [MESSAGE][PASSED] - Object: 'Object Repository/PaginationCOunt/ClickOnPagination' is clicked on

2022-02-14 13:55:28 - [TEST_STEP][PASSED] - delay(20): Delayed 20 second(s)

2022-02-14 13:55:48 - [MESSAGE][PASSED] - Delayed 20 second(s)

2022-02-14 13:55:48 - [TEST_STEP][PASSED] - takeScreenshot(): Taking screenshot successfully

2022-02-14 13:55:48 - [MESSAGE][PASSED] - Taking screenshot successfully
[[ATTACHMENT|/home/intersoft-admin/Rattan/Bash/Training/Rattan/Final_testing/New_ActivityOverview/Reports/20220214_115757/Pagination/20220214_115812/1644827148563.png]]

2022-02-14 13:55:48 - [TEST_STEP][PASSED] - orderListing = findWebElements(findTestObject("Object Repository/ListingArea/RecordsInListing"), 5).size(): null

2022-02-14 13:55:48 - [TEST_STEP][PASSED] - totalrecords = totalrecords + orderListing: null

2022-02-14 13:55:48 - [TEST_STEP][PASSED] - logInfo(Total Records: $totalrecords): Total Records: 600

2022-02-14 13:55:48 - [MESSAGE][INFO] - Total Records: 600

2022-02-14 13:55:48 - [TEST_STEP][PASSED] - if (l <= 5): null

2022-02-14 13:55:48 - [TEST_STEP][PASSED] - if (l > 5): null

2022-02-14 13:55:48 - [TEST_STEP][PASSED] - paginationvalue = "4": null

2022-02-14 13:55:48 - [TEST_STEP][PASSED] - logInfo(Size of Pagination: $paginationvalue): Size of Pagination: 4

2022-02-14 13:55:48 - [MESSAGE][INFO] - Size of Pagination: 4

2022-02-14 13:55:48 - [TEST_STEP][PASSED] - click(findTestObject("Object Repository/PaginationCOunt/ClickOnPagination", ["pagination":paginationvalue])): Object: 'Object Repository/PaginationCOunt/ClickOnPagination' is clicked on

2022-02-14 13:55:51 - [MESSAGE][PASSED] - Object: 'Object Repository/PaginationCOunt/ClickOnPagination' is clicked on

2022-02-14 13:55:51 - [TEST_STEP][PASSED] - delay(20): Delayed 20 second(s)

2022-02-14 13:56:11 - [MESSAGE][PASSED] - Delayed 20 second(s)

2022-02-14 13:56:11 - [TEST_STEP][PASSED] - takeScreenshot(): Taking screenshot successfully

2022-02-14 13:56:12 - [MESSAGE][PASSED] - Taking screenshot successfully
[[ATTACHMENT|/home/intersoft-admin/Rattan/Bash/Training/Rattan/Final_testing/New_ActivityOverview/Reports/20220214_115757/Pagination/20220214_115812/1644827171898.png]]

2022-02-14 13:56:12 - [TEST_STEP][PASSED] - orderListing = findWebElements(findTestObject("Object Repository/ListingArea/RecordsInListing"), 5).size(): null

2022-02-14 13:56:12 - [TEST_STEP][PASSED] - totalrecords = totalrecords + orderListing: null

2022-02-14 13:56:12 - [TEST_STEP][PASSED] - logInfo(Total Records: $totalrecords): Total Records: 700

2022-02-14 13:56:12 - [MESSAGE][INFO] - Total Records: 700

2022-02-14 13:56:12 - [TEST_STEP][PASSED] - if (l <= 5): null

2022-02-14 13:56:12 - [TEST_STEP][PASSED] - if (l > 5): null

2022-02-14 13:56:12 - [TEST_STEP][PASSED] - paginationvalue = "4": null

2022-02-14 13:56:12 - [TEST_STEP][PASSED] - logInfo(Size of Pagination: $paginationvalue): Size of Pagination: 4

2022-02-14 13:56:12 - [MESSAGE][INFO] - Size of Pagination: 4

2022-02-14 13:56:12 - [TEST_STEP][PASSED] - click(findTestObject("Object Repository/PaginationCOunt/ClickOnPagination", ["pagination":paginationvalue])): Object: 'Object Repository/PaginationCOunt/ClickOnPagination' is clicked on

2022-02-14 13:56:15 - [MESSAGE][PASSED] - Object: 'Object Repository/PaginationCOunt/ClickOnPagination' is clicked on

2022-02-14 13:56:15 - [TEST_STEP][PASSED] - delay(20): Delayed 20 second(s)

2022-02-14 13:56:35 - [MESSAGE][PASSED] - Delayed 20 second(s)

2022-02-14 13:56:35 - [TEST_STEP][PASSED] - takeScreenshot(): Taking screenshot successfully

2022-02-14 13:56:35 - [MESSAGE][PASSED] - Taking screenshot successfully
[[ATTACHMENT|/home/intersoft-admin/Rattan/Bash/Training/Rattan/Final_testing/New_ActivityOverview/Reports/20220214_115757/Pagination/20220214_115812/1644827195216.png]]

2022-02-14 13:56:35 - [TEST_STEP][PASSED] - orderListing = findWebElements(findTestObject("Object Repository/ListingArea/RecordsInListing"), 5).size(): null

2022-02-14 13:56:35 - [TEST_STEP][PASSED] - totalrecords = totalrecords + orderListing: null

2022-02-14 13:56:35 - [TEST_STEP][PASSED] - logInfo(Total Records: $totalrecords): Total Records: 800

2022-02-14 13:56:35 - [MESSAGE][INFO] - Total Records: 800

2022-02-14 13:56:35 - [TEST_STEP][PASSED] - if (l <= 5): null

2022-02-14 13:56:35 - [TEST_STEP][PASSED] - if (l > 5): null

2022-02-14 13:56:35 - [TEST_STEP][PASSED] - paginationvalue = "4": null

2022-02-14 13:56:35 - [TEST_STEP][PASSED] - logInfo(Size of Pagination: $paginationvalue): Size of Pagination: 4

2022-02-14 13:56:35 - [MESSAGE][INFO] - Size of Pagination: 4

2022-02-14 13:56:35 - [TEST_STEP][PASSED] - click(findTestObject("Object Repository/PaginationCOunt/ClickOnPagination", ["pagination":paginationvalue])): Object: 'Object Repository/PaginationCOunt/ClickOnPagination' is clicked on

2022-02-14 13:56:38 - [MESSAGE][PASSED] - Object: 'Object Repository/PaginationCOunt/ClickOnPagination' is clicked on

2022-02-14 13:56:38 - [TEST_STEP][PASSED] - delay(20): Delayed 20 second(s)

2022-02-14 13:56:58 - [MESSAGE][PASSED] - Delayed 20 second(s)

2022-02-14 13:56:58 - [TEST_STEP][PASSED] - takeScreenshot(): Taking screenshot successfully

2022-02-14 13:56:58 - [MESSAGE][PASSED] - Taking screenshot successfully
[[ATTACHMENT|/home/intersoft-admin/Rattan/Bash/Training/Rattan/Final_testing/New_ActivityOverview/Reports/20220214_115757/Pagination/20220214_115812/1644827218541.png]]

2022-02-14 13:56:58 - [TEST_STEP][PASSED] - orderListing = findWebElements(findTestObject("Object Repository/ListingArea/RecordsInListing"), 5).size(): null

2022-02-14 13:56:58 - [TEST_STEP][PASSED] - totalrecords = totalrecords + orderListing: null

2022-02-14 13:56:58 - [TEST_STEP][PASSED] - logInfo(Total Records: $totalrecords): Total Records: 900

2022-02-14 13:56:58 - [MESSAGE][INFO] - Total Records: 900

2022-02-14 13:56:58 - [TEST_STEP][PASSED] - if (l <= 5): null

2022-02-14 13:56:58 - [TEST_STEP][PASSED] - if (l > 5): null

2022-02-14 13:56:58 - [TEST_STEP][PASSED] - paginationvalue = "4": null

2022-02-14 13:56:58 - [TEST_STEP][PASSED] - logInfo(Size of Pagination: $paginationvalue): Size of Pagination: 4

2022-02-14 13:56:58 - [MESSAGE][INFO] - Size of Pagination: 4

2022-02-14 13:56:58 - [TEST_STEP][PASSED] - click(findTestObject("Object Repository/PaginationCOunt/ClickOnPagination", ["pagination":paginationvalue])): Object: 'Object Repository/PaginationCOunt/ClickOnPagination' is clicked on

2022-02-14 13:57:01 - [MESSAGE][PASSED] - Object: 'Object Repository/PaginationCOunt/ClickOnPagination' is clicked on

2022-02-14 13:57:01 - [TEST_STEP][PASSED] - delay(20): Delayed 20 second(s)

2022-02-14 13:57:21 - [MESSAGE][PASSED] - Delayed 20 second(s)

2022-02-14 13:57:21 - [TEST_STEP][PASSED] - takeScreenshot(): Taking screenshot successfully

2022-02-14 13:57:22 - [MESSAGE][PASSED] - Taking screenshot successfully
[[ATTACHMENT|/home/intersoft-admin/Rattan/Bash/Training/Rattan/Final_testing/New_ActivityOverview/Reports/20220214_115757/Pagination/20220214_115812/1644827241888.png]]

2022-02-14 13:57:22 - [TEST_STEP][PASSED] - orderListing = findWebElements(findTestObject("Object Repository/ListingArea/RecordsInListing"), 5).size(): null

2022-02-14 13:57:22 - [TEST_STEP][PASSED] - totalrecords = totalrecords + orderListing: null

2022-02-14 13:57:22 - [TEST_STEP][PASSED] - logInfo(Total Records: $totalrecords): Total Records: 1000

2022-02-14 13:57:22 - [MESSAGE][INFO] - Total Records: 1000

2022-02-14 13:57:22 - [TEST_STEP][PASSED] - if (l <= 5): null

2022-02-14 13:57:22 - [TEST_STEP][PASSED] - if (l > 5): null

2022-02-14 13:57:22 - [TEST_STEP][PASSED] - paginationvalue = "4": null

2022-02-14 13:57:22 - [TEST_STEP][PASSED] - logInfo(Size of Pagination: $paginationvalue): Size of Pagination: 4

2022-02-14 13:57:22 - [MESSAGE][INFO] - Size of Pagination: 4

2022-02-14 13:57:22 - [TEST_STEP][PASSED] - click(findTestObject("Object Repository/PaginationCOunt/ClickOnPagination", ["pagination":paginationvalue])): Object: 'Object Repository/PaginationCOunt/ClickOnPagination' is clicked on

2022-02-14 13:57:25 - [MESSAGE][PASSED] - Object: 'Object Repository/PaginationCOunt/ClickOnPagination' is clicked on

2022-02-14 13:57:25 - [TEST_STEP][PASSED] - delay(20): Delayed 20 second(s)

2022-02-14 13:57:45 - [MESSAGE][PASSED] - Delayed 20 second(s)

2022-02-14 13:57:45 - [TEST_STEP][PASSED] - takeScreenshot(): Taking screenshot successfully

2022-02-14 13:57:45 - [MESSAGE][PASSED] - Taking screenshot successfully
[[ATTACHMENT|/home/intersoft-admin/Rattan/Bash/Training/Rattan/Final_testing/New_ActivityOverview/Reports/20220214_115757/Pagination/20220214_115812/1644827265215.png]]

2022-02-14 13:57:45 - [TEST_STEP][PASSED] - orderListing = findWebElements(findTestObject("Object Repository/ListingArea/RecordsInListing"), 5).size(): null

2022-02-14 13:57:45 - [TEST_STEP][PASSED] - totalrecords = totalrecords + orderListing: null

2022-02-14 13:57:45 - [TEST_STEP][PASSED] - logInfo(Total Records: $totalrecords): Total Records: 1100

2022-02-14 13:57:45 - [MESSAGE][INFO] - Total Records: 1100

2022-02-14 13:57:45 - [TEST_STEP][PASSED] - if (l <= 5): null

2022-02-14 13:57:45 - [TEST_STEP][PASSED] - if (l > 5): null

2022-02-14 13:57:45 - [TEST_STEP][PASSED] - paginationvalue = "4": null

2022-02-14 13:57:45 - [TEST_STEP][PASSED] - logInfo(Size of Pagination: $paginationvalue): Size of Pagination: 4

2022-02-14 13:57:45 - [MESSAGE][INFO] - Size of Pagination: 4

2022-02-14 13:57:45 - [TEST_STEP][PASSED] - click(findTestObject("Object Repository/PaginationCOunt/ClickOnPagination", ["pagination":paginationvalue])): Object: 'Object Repository/PaginationCOunt/ClickOnPagination' is clicked on

2022-02-14 13:57:48 - [MESSAGE][PASSED] - Object: 'Object Repository/PaginationCOunt/ClickOnPagination' is clicked on

2022-02-14 13:57:48 - [TEST_STEP][PASSED] - delay(20): Delayed 20 second(s)

2022-02-14 13:58:08 - [MESSAGE][PASSED] - Delayed 20 second(s)

2022-02-14 13:58:08 - [TEST_STEP][PASSED] - takeScreenshot(): Taking screenshot successfully

2022-02-14 13:58:08 - [MESSAGE][PASSED] - Taking screenshot successfully
[[ATTACHMENT|/home/intersoft-admin/Rattan/Bash/Training/Rattan/Final_testing/New_ActivityOverview/Reports/20220214_115757/Pagination/20220214_115812/1644827288557.png]]

2022-02-14 13:58:08 - [TEST_STEP][PASSED] - orderListing = findWebElements(findTestObject("Object Repository/ListingArea/RecordsInListing"), 5).size(): null

2022-02-14 13:58:08 - [TEST_STEP][PASSED] - totalrecords = totalrecords + orderListing: null

2022-02-14 13:58:08 - [TEST_STEP][PASSED] - logInfo(Total Records: $totalrecords): Total Records: 1200

2022-02-14 13:58:08 - [MESSAGE][INFO] - Total Records: 1200

2022-02-14 13:58:08 - [TEST_STEP][PASSED] - if (l <= 5): null

2022-02-14 13:58:08 - [TEST_STEP][PASSED] - if (l > 5): null

2022-02-14 13:58:08 - [TEST_STEP][PASSED] - paginationvalue = "4": null

2022-02-14 13:58:08 - [TEST_STEP][PASSED] - logInfo(Size of Pagination: $paginationvalue): Size of Pagination: 4

2022-02-14 13:58:08 - [MESSAGE][INFO] - Size of Pagination: 4

2022-02-14 13:58:08 - [TEST_STEP][PASSED] - click(findTestObject("Object Repository/PaginationCOunt/ClickOnPagination", ["pagination":paginationvalue])): Object: 'Object Repository/PaginationCOunt/ClickOnPagination' is clicked on

2022-02-14 13:58:11 - [MESSAGE][PASSED] - Object: 'Object Repository/PaginationCOunt/ClickOnPagination' is clicked on

2022-02-14 13:58:11 - [TEST_STEP][PASSED] - delay(20): Delayed 20 second(s)

2022-02-14 13:58:31 - [MESSAGE][PASSED] - Delayed 20 second(s)

2022-02-14 13:58:31 - [TEST_STEP][PASSED] - takeScreenshot(): Taking screenshot successfully

2022-02-14 13:58:32 - [MESSAGE][PASSED] - Taking screenshot successfully
[[ATTACHMENT|/home/intersoft-admin/Rattan/Bash/Training/Rattan/Final_testing/New_ActivityOverview/Reports/20220214_115757/Pagination/20220214_115812/1644827311890.png]]

2022-02-14 13:58:32 - [TEST_STEP][PASSED] - orderListing = findWebElements(findTestObject("Object Repository/ListingArea/RecordsInListing"), 5).size(): null

2022-02-14 13:58:32 - [TEST_STEP][PASSED] - totalrecords = totalrecords + orderListing: null

2022-02-14 13:58:32 - [TEST_STEP][PASSED] - logInfo(Total Records: $totalrecords): Total Records: 1300

2022-02-14 13:58:32 - [MESSAGE][INFO] - Total Records: 1300

2022-02-14 13:58:32 - [TEST_STEP][PASSED] - if (l <= 5): null

2022-02-14 13:58:32 - [TEST_STEP][PASSED] - if (l > 5): null

2022-02-14 13:58:32 - [TEST_STEP][PASSED] - paginationvalue = "4": null

2022-02-14 13:58:32 - [TEST_STEP][PASSED] - logInfo(Size of Pagination: $paginationvalue): Size of Pagination: 4

2022-02-14 13:58:32 - [MESSAGE][INFO] - Size of Pagination: 4

2022-02-14 13:58:32 - [TEST_STEP][PASSED] - click(findTestObject("Object Repository/PaginationCOunt/ClickOnPagination", ["pagination":paginationvalue])): Object: 'Object Repository/PaginationCOunt/ClickOnPagination' is clicked on

2022-02-14 13:58:35 - [MESSAGE][PASSED] - Object: 'Object Repository/PaginationCOunt/ClickOnPagination' is clicked on

2022-02-14 13:58:35 - [TEST_STEP][PASSED] - delay(20): Delayed 20 second(s)

2022-02-14 13:58:55 - [MESSAGE][PASSED] - Delayed 20 second(s)

2022-02-14 13:58:55 - [TEST_STEP][PASSED] - takeScreenshot(): Taking screenshot successfully

2022-02-14 13:58:55 - [MESSAGE][PASSED] - Taking screenshot successfully
[[ATTACHMENT|/home/intersoft-admin/Rattan/Bash/Training/Rattan/Final_testing/New_ActivityOverview/Reports/20220214_115757/Pagination/20220214_115812/1644827335229.png]]

2022-02-14 13:58:55 - [TEST_STEP][PASSED] - orderListing = findWebElements(findTestObject("Object Repository/ListingArea/RecordsInListing"), 5).size(): null

2022-02-14 13:58:55 - [TEST_STEP][PASSED] - totalrecords = totalrecords + orderListing: null

2022-02-14 13:58:55 - [TEST_STEP][PASSED] - logInfo(Total Records: $totalrecords): Total Records: 1400

2022-02-14 13:58:55 - [MESSAGE][INFO] - Total Records: 1400

2022-02-14 13:58:55 - [TEST_STEP][PASSED] - if (l <= 5): null

2022-02-14 13:58:55 - [TEST_STEP][PASSED] - if (l > 5): null

2022-02-14 13:58:55 - [TEST_STEP][PASSED] - paginationvalue = "4": null

2022-02-14 13:58:55 - [TEST_STEP][PASSED] - logInfo(Size of Pagination: $paginationvalue): Size of Pagination: 4

2022-02-14 13:58:55 - [MESSAGE][INFO] - Size of Pagination: 4

2022-02-14 13:58:55 - [TEST_STEP][PASSED] - click(findTestObject("Object Repository/PaginationCOunt/ClickOnPagination", ["pagination":paginationvalue])): Object: 'Object Repository/PaginationCOunt/ClickOnPagination' is clicked on

2022-02-14 13:58:58 - [MESSAGE][PASSED] - Object: 'Object Repository/PaginationCOunt/ClickOnPagination' is clicked on

2022-02-14 13:58:58 - [TEST_STEP][PASSED] - delay(20): Delayed 20 second(s)

2022-02-14 13:59:18 - [MESSAGE][PASSED] - Delayed 20 second(s)

2022-02-14 13:59:18 - [TEST_STEP][PASSED] - takeScreenshot(): Taking screenshot successfully

2022-02-14 13:59:18 - [MESSAGE][PASSED] - Taking screenshot successfully
[[ATTACHMENT|/home/intersoft-admin/Rattan/Bash/Training/Rattan/Final_testing/New_ActivityOverview/Reports/20220214_115757/Pagination/20220214_115812/1644827358574.png]]

2022-02-14 13:59:18 - [TEST_STEP][PASSED] - orderListing = findWebElements(findTestObject("Object Repository/ListingArea/RecordsInListing"), 5).size(): null

2022-02-14 13:59:18 - [TEST_STEP][PASSED] - totalrecords = totalrecords + orderListing: null

2022-02-14 13:59:18 - [TEST_STEP][PASSED] - logInfo(Total Records: $totalrecords): Total Records: 1500

2022-02-14 13:59:18 - [MESSAGE][INFO] - Total Records: 1500

2022-02-14 13:59:18 - [TEST_STEP][PASSED] - if (l <= 5): null

2022-02-14 13:59:18 - [TEST_STEP][PASSED] - if (l > 5): null

2022-02-14 13:59:18 - [TEST_STEP][PASSED] - paginationvalue = "4": null

2022-02-14 13:59:18 - [TEST_STEP][PASSED] - logInfo(Size of Pagination: $paginationvalue): Size of Pagination: 4

2022-02-14 13:59:18 - [MESSAGE][INFO] - Size of Pagination: 4

2022-02-14 13:59:18 - [TEST_STEP][PASSED] - click(findTestObject("Object Repository/PaginationCOunt/ClickOnPagination", ["pagination":paginationvalue])): Object: 'Object Repository/PaginationCOunt/ClickOnPagination' is clicked on

2022-02-14 13:59:21 - [MESSAGE][PASSED] - Object: 'Object Repository/PaginationCOunt/ClickOnPagination' is clicked on

2022-02-14 13:59:21 - [TEST_STEP][PASSED] - delay(20): Delayed 20 second(s)

2022-02-14 13:59:41 - [MESSAGE][PASSED] - Delayed 20 second(s)

2022-02-14 13:59:41 - [TEST_STEP][PASSED] - takeScreenshot(): Taking screenshot successfully

2022-02-14 13:59:42 - [MESSAGE][PASSED] - Taking screenshot successfully
[[ATTACHMENT|/home/intersoft-admin/Rattan/Bash/Training/Rattan/Final_testing/New_ActivityOverview/Reports/20220214_115757/Pagination/20220214_115812/1644827381908.png]]

2022-02-14 13:59:42 - [TEST_STEP][PASSED] - orderListing = findWebElements(findTestObject("Object Repository/ListingArea/RecordsInListing"), 5).size(): null

2022-02-14 13:59:42 - [TEST_STEP][PASSED] - totalrecords = totalrecords + orderListing: null

2022-02-14 13:59:42 - [TEST_STEP][PASSED] - logInfo(Total Records: $totalrecords): Total Records: 1600

2022-02-14 13:59:42 - [MESSAGE][INFO] - Total Records: 1600

2022-02-14 13:59:42 - [TEST_STEP][PASSED] - if (l <= 5): null

2022-02-14 13:59:42 - [TEST_STEP][PASSED] - if (l > 5): null

2022-02-14 13:59:42 - [TEST_STEP][PASSED] - paginationvalue = "4": null

2022-02-14 13:59:42 - [TEST_STEP][PASSED] - logInfo(Size of Pagination: $paginationvalue): Size of Pagination: 4

2022-02-14 13:59:42 - [MESSAGE][INFO] - Size of Pagination: 4

2022-02-14 13:59:42 - [TEST_STEP][PASSED] - click(findTestObject("Object Repository/PaginationCOunt/ClickOnPagination", ["pagination":paginationvalue])): Object: 'Object Repository/PaginationCOunt/ClickOnPagination' is clicked on

2022-02-14 13:59:45 - [MESSAGE][PASSED] - Object: 'Object Repository/PaginationCOunt/ClickOnPagination' is clicked on

2022-02-14 13:59:45 - [TEST_STEP][PASSED] - delay(20): Delayed 20 second(s)

2022-02-14 14:00:05 - [MESSAGE][PASSED] - Delayed 20 second(s)

2022-02-14 14:00:05 - [TEST_STEP][PASSED] - takeScreenshot(): Taking screenshot successfully

2022-02-14 14:00:05 - [MESSAGE][PASSED] - Taking screenshot successfully
[[ATTACHMENT|/home/intersoft-admin/Rattan/Bash/Training/Rattan/Final_testing/New_ActivityOverview/Reports/20220214_115757/Pagination/20220214_115812/1644827405267.png]]

2022-02-14 14:00:05 - [TEST_STEP][PASSED] - orderListing = findWebElements(findTestObject("Object Repository/ListingArea/RecordsInListing"), 5).size(): null

2022-02-14 14:00:05 - [TEST_STEP][PASSED] - totalrecords = totalrecords + orderListing: null

2022-02-14 14:00:05 - [TEST_STEP][PASSED] - logInfo(Total Records: $totalrecords): Total Records: 1700

2022-02-14 14:00:05 - [MESSAGE][INFO] - Total Records: 1700

2022-02-14 14:00:05 - [TEST_STEP][PASSED] - if (l <= 5): null

2022-02-14 14:00:05 - [TEST_STEP][PASSED] - if (l > 5): null

2022-02-14 14:00:05 - [TEST_STEP][PASSED] - paginationvalue = "4": null

2022-02-14 14:00:05 - [TEST_STEP][PASSED] - logInfo(Size of Pagination: $paginationvalue): Size of Pagination: 4

2022-02-14 14:00:05 - [MESSAGE][INFO] - Size of Pagination: 4

2022-02-14 14:00:05 - [TEST_STEP][FAILED] - click(findTestObject("Object Repository/PaginationCOunt/ClickOnPagination", ["pagination":paginationvalue])): Unable to click on object 'Object Repository/PaginationCOunt/ClickOnPagination' (Root cause: com.kms.katalon.core.exception.StepFailedException: Unable to click on object 'Object Repository/PaginationCOunt/ClickOnPagination'
	at com.kms.katalon.core.webui.keyword.internal.WebUIKeywordMain.stepFailed(WebUIKeywordMain.groovy:64)
	at com.kms.katalon.core.webui.keyword.internal.WebUIKeywordMain.runKeyword(WebUIKeywordMain.groovy:26)
	at com.kms.katalon.core.webui.keyword.builtin.ClickKeyword.click(ClickKeyword.groovy:74)
	at com.kms.katalon.core.webui.keyword.builtin.ClickKeyword.execute(ClickKeyword.groovy:40)
	at com.kms.katalon.core.keyword.internal.KeywordExecutor.executeKeywordForPlatform(KeywordExecutor.groovy:74)
	at com.kms.katalon.core.webui.keyword.WebUiBuiltInKeywords.click(WebUiBuiltInKeywords.groovy:620)
	at com.kms.katalon.core.webui.keyword.WebUiBuiltInKeywords$click$2.call(Unknown Source)
	at ActivityOverview-Pagination.run(ActivityOverview-Pagination:86)
	at com.kms.katalon.core.main.ScriptEngine.run(ScriptEngine.java:194)
	at com.kms.katalon.core.main.ScriptEngine.runScriptAsRawText(ScriptEngine.java:119)
	at com.kms.katalon.core.main.TestCaseExecutor.runScript(TestCaseExecutor.java:442)
	at com.kms.katalon.core.main.TestCaseExecutor.doExecute(TestCaseExecutor.java:433)
	at com.kms.katalon.core.main.TestCaseExecutor.processExecutionPhase(TestCaseExecutor.java:412)
	at com.kms.katalon.core.main.TestCaseExecutor.accessMainPhase(TestCaseExecutor.java:404)
	at com.kms.katalon.core.main.TestCaseExecutor.execute(TestCaseExecutor.java:281)
	at com.kms.katalon.core.main.TestCaseExecutor.execute(TestCaseExecutor.java:363)
	at com.kms.katalon.core.main.TestCaseExecutor.execute(TestCaseExecutor.java:363)
	at com.kms.katalon.core.main.TestCaseExecutor.execute(TestCaseExecutor.java:363)
	at com.kms.katalon.core.main.TestSuiteExecutor.accessTestCaseMainPhase(TestSuiteExecutor.java:202)
	at com.kms.katalon.core.main.TestSuiteExecutor.accessTestSuiteMainPhase(TestSuiteExecutor.java:164)
	at com.kms.katalon.core.main.TestSuiteExecutor.execute(TestSuiteExecutor.java:105)
	at com.kms.katalon.core.main.TestCaseMain.startTestSuite(TestCaseMain.java:185)
	at com.kms.katalon.core.main.TestCaseMain$startTestSuite$0.call(Unknown Source)
	at TempTestSuite1644820092096.run(TempTestSuite1644820092096.groovy:36)
Caused by: org.openqa.selenium.ElementClickInterceptedException: element click intercepted: Element <a class="paginate_button " aria-controls="main-table" data-dt-idx="4" tabindex="0">...</a> is not clickable at point (703, 660). Other element would receive the click: <div class="loader-overlay"></div>
  (Session info: chrome=97.0.4692.99)
Build info: version: '3.141.59', revision: 'e82be7d358', time: '2018-11-14T08:25:53'
System info: host: 'intersoftadmin-desktop', ip: '127.0.1.1', os.name: 'Linux', os.arch: 'amd64', os.version: '5.4.0-99-generic', java.version: '1.8.0_312'
Driver info: com.kms.katalon.selenium.driver.CChromeDriver
Capabilities {acceptInsecureCerts: false, browserName: chrome, browserVersion: 97.0.4692.99, chrome: {chromedriverVersion: 97.0.4692.36 (747e0a0f19c13..., userDataDir: /tmp/.com.google.Chrome.i3alsz}, goog:chromeOptions: {debuggerAddress: localhost:44409}, javascriptEnabled: true, networkConnectionEnabled: false, pageLoadStrategy: normal, platform: LINUX, platformName: LINUX, proxy: Proxy(), setWindowRect: true, strictFileInteractability: false, timeouts: {implicit: 0, pageLoad: 300000, script: 30000}, unhandledPromptBehavior: dismiss and notify, webauthn:extension:credBlob: true, webauthn:extension:largeBlob: true, webauthn:virtualAuthenticators: true}
Session ID: a817830395755abe5d07cf5d2c230688
	at org.openqa.selenium.remote.http.W3CHttpResponseCodec.createException(W3CHttpResponseCodec.java:187)
	at org.openqa.selenium.remote.http.W3CHttpResponseCodec.decode(W3CHttpResponseCodec.java:122)
	at org.openqa.selenium.remote.http.W3CHttpResponseCodec.decode(W3CHttpResponseCodec.java:49)
	at org.openqa.selenium.remote.HttpCommandExecutor.execute(HttpCommandExecutor.java:158)
	at org.openqa.selenium.remote.service.DriverCommandExecutor.execute(DriverCommandExecutor.java:83)
	at org.openqa.selenium.remote.RemoteWebDriver.execute(RemoteWebDriver.java:552)
	at com.kms.katalon.selenium.driver.CChromeDriver.execute(CChromeDriver.java:19)
	at org.openqa.selenium.remote.RemoteWebElement.execute(RemoteWebElement.java:285)
	at org.openqa.selenium.remote.RemoteWebElement.click(RemoteWebElement.java:84)
	at org.openqa.selenium.support.events.EventFiringWebDriver$EventFiringWebElement.lambda$new$0(EventFiringWebDriver.java:404)
	at com.sun.proxy.$Proxy11.click(Unknown Source)
	at org.openqa.selenium.support.events.EventFiringWebDriver$EventFiringWebElement.click(EventFiringWebDriver.java:417)
	at org.openqa.selenium.WebElement$click.call(Unknown Source)
	at com.kms.katalon.core.webui.keyword.builtin.ClickKeyword.clickUntilSuccessWithTimeout(ClickKeyword.groovy:81)
	at com.kms.katalon.core.webui.keyword.builtin.ClickKeyword.clickUntilSuccessWithTimeout(ClickKeyword.groovy)
	at com.kms.katalon.core.webui.keyword.builtin.ClickKeyword$_click_closure1.doCall(ClickKeyword.groovy:67)
	at com.kms.katalon.core.webui.keyword.builtin.ClickKeyword$_click_closure1.call(ClickKeyword.groovy)
	at com.kms.katalon.core.webui.keyword.internal.WebUIKeywordMain.runKeyword(WebUIKeywordMain.groovy:20)
	at com.kms.katalon.core.webui.keyword.builtin.ClickKeyword.click(ClickKeyword.groovy:74)
	at com.kms.katalon.core.webui.keyword.builtin.ClickKeyword.execute(ClickKeyword.groovy:40)
	at com.kms.katalon.core.keyword.internal.KeywordExecutor.executeKeywordForPlatform(KeywordExecutor.groovy:74)
	at com.kms.katalon.core.webui.keyword.WebUiBuiltInKeywords.click(WebUiBuiltInKeywords.groovy:620)
	at com.kms.katalon.core.webui.keyword.WebUiBuiltInKeywords$click$2.call(Unknown Source)
	at Script1643628703989.run(Script1643628703989.groovy:86)
	... 16 more
)

2022-02-14 14:00:39 - [MESSAGE][FAILED] - Unable to click on object 'Object Repository/PaginationCOunt/ClickOnPagination' (Root cause: com.kms.katalon.core.exception.StepFailedException: Unable to click on object 'Object Repository/PaginationCOunt/ClickOnPagination'
	at com.kms.katalon.core.webui.keyword.internal.WebUIKeywordMain.stepFailed(WebUIKeywordMain.groovy:64)
	at com.kms.katalon.core.webui.keyword.internal.WebUIKeywordMain.runKeyword(WebUIKeywordMain.groovy:26)
	at com.kms.katalon.core.webui.keyword.builtin.ClickKeyword.click(ClickKeyword.groovy:74)
	at com.kms.katalon.core.webui.keyword.builtin.ClickKeyword.execute(ClickKeyword.groovy:40)
	at com.kms.katalon.core.keyword.internal.KeywordExecutor.executeKeywordForPlatform(KeywordExecutor.groovy:74)
	at com.kms.katalon.core.webui.keyword.WebUiBuiltInKeywords.click(WebUiBuiltInKeywords.groovy:620)
	at com.kms.katalon.core.webui.keyword.WebUiBuiltInKeywords$click$2.call(Unknown Source)
	at ActivityOverview-Pagination.run(ActivityOverview-Pagination:86)
	at com.kms.katalon.core.main.ScriptEngine.run(ScriptEngine.java:194)
	at com.kms.katalon.core.main.ScriptEngine.runScriptAsRawText(ScriptEngine.java:119)
	at com.kms.katalon.core.main.TestCaseExecutor.runScript(TestCaseExecutor.java:442)
	at com.kms.katalon.core.main.TestCaseExecutor.doExecute(TestCaseExecutor.java:433)
	at com.kms.katalon.core.main.TestCaseExecutor.processExecutionPhase(TestCaseExecutor.java:412)
	at com.kms.katalon.core.main.TestCaseExecutor.accessMainPhase(TestCaseExecutor.java:404)
	at com.kms.katalon.core.main.TestCaseExecutor.execute(TestCaseExecutor.java:281)
	at com.kms.katalon.core.main.TestCaseExecutor.execute(TestCaseExecutor.java:363)
	at com.kms.katalon.core.main.TestCaseExecutor.execute(TestCaseExecutor.java:363)
	at com.kms.katalon.core.main.TestCaseExecutor.execute(TestCaseExecutor.java:363)
	at com.kms.katalon.core.main.TestSuiteExecutor.accessTestCaseMainPhase(TestSuiteExecutor.java:202)
	at com.kms.katalon.core.main.TestSuiteExecutor.accessTestSuiteMainPhase(TestSuiteExecutor.java:164)
	at com.kms.katalon.core.main.TestSuiteExecutor.execute(TestSuiteExecutor.java:105)
	at com.kms.katalon.core.main.TestCaseMain.startTestSuite(TestCaseMain.java:185)
	at com.kms.katalon.core.main.TestCaseMain$startTestSuite$0.call(Unknown Source)
	at TempTestSuite1644820092096.run(TempTestSuite1644820092096.groovy:36)
Caused by: org.openqa.selenium.ElementClickInterceptedException: element click intercepted: Element <a class="paginate_button " aria-controls="main-table" data-dt-idx="4" tabindex="0">...</a> is not clickable at point (703, 660). Other element would receive the click: <div class="loader-overlay"></div>
  (Session info: chrome=97.0.4692.99)
Build info: version: '3.141.59', revision: 'e82be7d358', time: '2018-11-14T08:25:53'
System info: host: 'intersoftadmin-desktop', ip: '127.0.1.1', os.name: 'Linux', os.arch: 'amd64', os.version: '5.4.0-99-generic', java.version: '1.8.0_312'
Driver info: com.kms.katalon.selenium.driver.CChromeDriver
Capabilities {acceptInsecureCerts: false, browserName: chrome, browserVersion: 97.0.4692.99, chrome: {chromedriverVersion: 97.0.4692.36 (747e0a0f19c13..., userDataDir: /tmp/.com.google.Chrome.i3alsz}, goog:chromeOptions: {debuggerAddress: localhost:44409}, javascriptEnabled: true, networkConnectionEnabled: false, pageLoadStrategy: normal, platform: LINUX, platformName: LINUX, proxy: Proxy(), setWindowRect: true, strictFileInteractability: false, timeouts: {implicit: 0, pageLoad: 300000, script: 30000}, unhandledPromptBehavior: dismiss and notify, webauthn:extension:credBlob: true, webauthn:extension:largeBlob: true, webauthn:virtualAuthenticators: true}
Session ID: a817830395755abe5d07cf5d2c230688
	at org.openqa.selenium.remote.http.W3CHttpResponseCodec.createException(W3CHttpResponseCodec.java:187)
	at org.openqa.selenium.remote.http.W3CHttpResponseCodec.decode(W3CHttpResponseCodec.java:122)
	at org.openqa.selenium.remote.http.W3CHttpResponseCodec.decode(W3CHttpResponseCodec.java:49)
	at org.openqa.selenium.remote.HttpCommandExecutor.execute(HttpCommandExecutor.java:158)
	at org.openqa.selenium.remote.service.DriverCommandExecutor.execute(DriverCommandExecutor.java:83)
	at org.openqa.selenium.remote.RemoteWebDriver.execute(RemoteWebDriver.java:552)
	at com.kms.katalon.selenium.driver.CChromeDriver.execute(CChromeDriver.java:19)
	at org.openqa.selenium.remote.RemoteWebElement.execute(RemoteWebElement.java:285)
	at org.openqa.selenium.remote.RemoteWebElement.click(RemoteWebElement.java:84)
	at org.openqa.selenium.support.events.EventFiringWebDriver$EventFiringWebElement.lambda$new$0(EventFiringWebDriver.java:404)
	at com.sun.proxy.$Proxy11.click(Unknown Source)
	at org.openqa.selenium.support.events.EventFiringWebDriver$EventFiringWebElement.click(EventFiringWebDriver.java:417)
	at org.openqa.selenium.WebElement$click.call(Unknown Source)
	at com.kms.katalon.core.webui.keyword.builtin.ClickKeyword.clickUntilSuccessWithTimeout(ClickKeyword.groovy:81)
	at com.kms.katalon.core.webui.keyword.builtin.ClickKeyword.clickUntilSuccessWithTimeout(ClickKeyword.groovy)
	at com.kms.katalon.core.webui.keyword.builtin.ClickKeyword$_click_closure1.doCall(ClickKeyword.groovy:67)
	at com.kms.katalon.core.webui.keyword.builtin.ClickKeyword$_click_closure1.call(ClickKeyword.groovy)
	at com.kms.katalon.core.webui.keyword.internal.WebUIKeywordMain.runKeyword(WebUIKeywordMain.groovy:20)
	at com.kms.katalon.core.webui.keyword.builtin.ClickKeyword.click(ClickKeyword.groovy:74)
	at com.kms.katalon.core.webui.keyword.builtin.ClickKeyword.execute(ClickKeyword.groovy:40)
	at com.kms.katalon.core.keyword.internal.KeywordExecutor.executeKeywordForPlatform(KeywordExecutor.groovy:74)
	at com.kms.katalon.core.webui.keyword.WebUiBuiltInKeywords.click(WebUiBuiltInKeywords.groovy:620)
	at com.kms.katalon.core.webui.keyword.WebUiBuiltInKeywords$click$2.call(Unknown Source)
	at Script1643628703989.run(Script1643628703989.groovy:86)
	... 16 more
)
[[ATTACHMENT|/home/intersoft-admin/Rattan/Bash/Training/Rattan/Final_testing/New_ActivityOverview/Reports/20220214_115757/Pagination/20220214_115812/1644827439827.png]]]]></system-out>
         <system-err><![CDATA[2022-02-14 13:51:56 - [TEST_CASE][FAILED] - Test Cases/NewActivityOverview-LeftNavigation/ActivityOverview-Pagination: Test Cases/NewActivityOverview-LeftNavigation/ActivityOverview-Pagination FAILED.
Reason:
com.kms.katalon.core.exception.StepFailedException: Unable to click on object 'Object Repository/PaginationCOunt/ClickOnPagination'
	at com.kms.katalon.core.webui.keyword.internal.WebUIKeywordMain.stepFailed(WebUIKeywordMain.groovy:64)
	at com.kms.katalon.core.webui.keyword.internal.WebUIKeywordMain.runKeyword(WebUIKeywordMain.groovy:26)
	at com.kms.katalon.core.webui.keyword.builtin.ClickKeyword.click(ClickKeyword.groovy:74)
	at com.kms.katalon.core.webui.keyword.builtin.ClickKeyword.execute(ClickKeyword.groovy:40)
	at com.kms.katalon.core.keyword.internal.KeywordExecutor.executeKeywordForPlatform(KeywordExecutor.groovy:74)
	at com.kms.katalon.core.webui.keyword.WebUiBuiltInKeywords.click(WebUiBuiltInKeywords.groovy:620)
	at com.kms.katalon.core.webui.keyword.WebUiBuiltInKeywords$click$2.call(Unknown Source)
	at ActivityOverview-Pagination.run(ActivityOverview-Pagination:86)
	at com.kms.katalon.core.main.ScriptEngine.run(ScriptEngine.java:194)
	at com.kms.katalon.core.main.ScriptEngine.runScriptAsRawText(ScriptEngine.java:119)
	at com.kms.katalon.core.main.TestCaseExecutor.runScript(TestCaseExecutor.java:442)
	at com.kms.katalon.core.main.TestCaseExecutor.doExecute(TestCaseExecutor.java:433)
	at com.kms.katalon.core.main.TestCaseExecutor.processExecutionPhase(TestCaseExecutor.java:412)
	at com.kms.katalon.core.main.TestCaseExecutor.accessMainPhase(TestCaseExecutor.java:404)
	at com.kms.katalon.core.main.TestCaseExecutor.execute(TestCaseExecutor.java:281)
	at com.kms.katalon.core.main.TestCaseExecutor.execute(TestCaseExecutor.java:363)
	at com.kms.katalon.core.main.TestCaseExecutor.execute(TestCaseExecutor.java:363)
	at com.kms.katalon.core.main.TestCaseExecutor.execute(TestCaseExecutor.java:363)
	at com.kms.katalon.core.main.TestSuiteExecutor.accessTestCaseMainPhase(TestSuiteExecutor.java:202)
	at com.kms.katalon.core.main.TestSuiteExecutor.accessTestSuiteMainPhase(TestSuiteExecutor.java:164)
	at com.kms.katalon.core.main.TestSuiteExecutor.execute(TestSuiteExecutor.java:105)
	at com.kms.katalon.core.main.TestCaseMain.startTestSuite(TestCaseMain.java:185)
	at com.kms.katalon.core.main.TestCaseMain$startTestSuite$0.call(Unknown Source)
	at TempTestSuite1644820092096.run(TempTestSuite1644820092096.groovy:36)
Caused by: org.openqa.selenium.ElementClickInterceptedException: element click intercepted: Element <a class="paginate_button " aria-controls="main-table" data-dt-idx="4" tabindex="0">...</a> is not clickable at point (703, 660). Other element would receive the click: <div class="loader-overlay"></div>
  (Session info: chrome=97.0.4692.99)
Build info: version: '3.141.59', revision: 'e82be7d358', time: '2018-11-14T08:25:53'
System info: host: 'intersoftadmin-desktop', ip: '127.0.1.1', os.name: 'Linux', os.arch: 'amd64', os.version: '5.4.0-99-generic', java.version: '1.8.0_312'
Driver info: com.kms.katalon.selenium.driver.CChromeDriver
Capabilities {acceptInsecureCerts: false, browserName: chrome, browserVersion: 97.0.4692.99, chrome: {chromedriverVersion: 97.0.4692.36 (747e0a0f19c13..., userDataDir: /tmp/.com.google.Chrome.i3alsz}, goog:chromeOptions: {debuggerAddress: localhost:44409}, javascriptEnabled: true, networkConnectionEnabled: false, pageLoadStrategy: normal, platform: LINUX, platformName: LINUX, proxy: Proxy(), setWindowRect: true, strictFileInteractability: false, timeouts: {implicit: 0, pageLoad: 300000, script: 30000}, unhandledPromptBehavior: dismiss and notify, webauthn:extension:credBlob: true, webauthn:extension:largeBlob: true, webauthn:virtualAuthenticators: true}
Session ID: a817830395755abe5d07cf5d2c230688
	at org.openqa.selenium.remote.http.W3CHttpResponseCodec.createException(W3CHttpResponseCodec.java:187)
	at org.openqa.selenium.remote.http.W3CHttpResponseCodec.decode(W3CHttpResponseCodec.java:122)
	at org.openqa.selenium.remote.http.W3CHttpResponseCodec.decode(W3CHttpResponseCodec.java:49)
	at org.openqa.selenium.remote.HttpCommandExecutor.execute(HttpCommandExecutor.java:158)
	at org.openqa.selenium.remote.service.DriverCommandExecutor.execute(DriverCommandExecutor.java:83)
	at org.openqa.selenium.remote.RemoteWebDriver.execute(RemoteWebDriver.java:552)
	at com.kms.katalon.selenium.driver.CChromeDriver.execute(CChromeDriver.java:19)
	at org.openqa.selenium.remote.RemoteWebElement.execute(RemoteWebElement.java:285)
	at org.openqa.selenium.remote.RemoteWebElement.click(RemoteWebElement.java:84)
	at org.openqa.selenium.support.events.EventFiringWebDriver$EventFiringWebElement.lambda$new$0(EventFiringWebDriver.java:404)
	at com.sun.proxy.$Proxy11.click(Unknown Source)
	at org.openqa.selenium.support.events.EventFiringWebDriver$EventFiringWebElement.click(EventFiringWebDriver.java:417)
	at org.openqa.selenium.WebElement$click.call(Unknown Source)
	at com.kms.katalon.core.webui.keyword.builtin.ClickKeyword.clickUntilSuccessWithTimeout(ClickKeyword.groovy:81)
	at com.kms.katalon.core.webui.keyword.builtin.ClickKeyword.clickUntilSuccessWithTimeout(ClickKeyword.groovy)
	at com.kms.katalon.core.webui.keyword.builtin.ClickKeyword$_click_closure1.doCall(ClickKeyword.groovy:67)
	at com.kms.katalon.core.webui.keyword.builtin.ClickKeyword$_click_closure1.call(ClickKeyword.groovy)
	at com.kms.katalon.core.webui.keyword.internal.WebUIKeywordMain.runKeyword(WebUIKeywordMain.groovy:20)
	... 22 more]]></system-err>
      </testcase>
      <system-out><![CDATA[2022-02-14 13:25:43 - [TEST_SUITE][FAILED] - Pagination: Test Cases/NewActivityOverview-LeftNavigation/ActivityOverview-Pagination FAILED.
Reason:
com.kms.katalon.core.exception.StepFailedException: Unable to click on object 'Object Repository/PaginationCOunt/ClickOnPagination'
	at com.kms.katalon.core.webui.keyword.internal.WebUIKeywordMain.stepFailed(WebUIKeywordMain.groovy:64)
	at com.kms.katalon.core.webui.keyword.internal.WebUIKeywordMain.runKeyword(WebUIKeywordMain.groovy:26)
	at com.kms.katalon.core.webui.keyword.builtin.ClickKeyword.click(ClickKeyword.groovy:74)
	at com.kms.katalon.core.webui.keyword.builtin.ClickKeyword.execute(ClickKeyword.groovy:40)
	at com.kms.katalon.core.keyword.internal.KeywordExecutor.executeKeywordForPlatform(KeywordExecutor.groovy:74)
	at com.kms.katalon.core.webui.keyword.WebUiBuiltInKeywords.click(WebUiBuiltInKeywords.groovy:620)
	at com.kms.katalon.core.webui.keyword.WebUiBuiltInKeywords$click$2.call(Unknown Source)
	at ActivityOverview-Pagination.run(ActivityOverview-Pagination:86)
	at com.kms.katalon.core.main.ScriptEngine.run(ScriptEngine.java:194)
	at com.kms.katalon.core.main.ScriptEngine.runScriptAsRawText(ScriptEngine.java:119)
	at com.kms.katalon.core.main.TestCaseExecutor.runScript(TestCaseExecutor.java:442)
	at com.kms.katalon.core.main.TestCaseExecutor.doExecute(TestCaseExecutor.java:433)
	at com.kms.katalon.core.main.TestCaseExecutor.processExecutionPhase(TestCaseExecutor.java:412)
	at com.kms.katalon.core.main.TestCaseExecutor.accessMainPhase(TestCaseExecutor.java:404)
	at com.kms.katalon.core.main.TestCaseExecutor.execute(TestCaseExecutor.java:281)
	at com.kms.katalon.core.main.TestSuiteExecutor.accessTestCaseMainPhase(TestSuiteExecutor.java:202)
	at com.kms.katalon.core.main.TestSuiteExecutor.accessTestSuiteMainPhase(TestSuiteExecutor.java:164)
	at com.kms.katalon.core.main.TestSuiteExecutor.execute(TestSuiteExecutor.java:105)
	at com.kms.katalon.core.main.TestCaseMain.startTestSuite(TestCaseMain.java:185)
	at com.kms.katalon.core.main.TestCaseMain$startTestSuite$0.call(Unknown Source)
	at TempTestSuite1644820092096.run(TempTestSuite1644820092096.groovy:36)
Caused by: org.openqa.selenium.ElementClickInterceptedException: element click intercepted: Element <a class="paginate_button " aria-controls="main-table" data-dt-idx="4" tabindex="0">...</a> is not clickable at point (703, 660). Other element would receive the click: <div class="loader-overlay"></div>
  (Session info: chrome=97.0.4692.99)
Build info: version: '3.141.59', revision: 'e82be7d358', time: '2018-11-14T08:25:53'
System info: host: 'intersoftadmin-desktop', ip: '127.0.1.1', os.name: 'Linux', os.arch: 'amd64', os.version: '5.4.0-99-generic', java.version: '1.8.0_312'
Driver info: com.kms.katalon.selenium.driver.CChromeDriver
Capabilities {acceptInsecureCerts: false, browserName: chrome, browserVersion: 97.0.4692.99, chrome: {chromedriverVersion: 97.0.4692.36 (747e0a0f19c13..., userDataDir: /tmp/.com.google.Chrome.wkS7jT}, goog:chromeOptions: {debuggerAddress: localhost:46219}, javascriptEnabled: true, networkConnectionEnabled: false, pageLoadStrategy: normal, platform: LINUX, platformName: LINUX, proxy: Proxy(), setWindowRect: true, strictFileInteractability: false, timeouts: {implicit: 0, pageLoad: 300000, script: 30000}, unhandledPromptBehavior: dismiss and notify, webauthn:extension:credBlob: true, webauthn:extension:largeBlob: true, webauthn:virtualAuthenticators: true}
Session ID: f58b0b3b2b5b19721701e7488232ef6a
	at org.openqa.selenium.remote.http.W3CHttpResponseCodec.createException(W3CHttpResponseCodec.java:187)
	at org.openqa.selenium.remote.http.W3CHttpResponseCodec.decode(W3CHttpResponseCodec.java:122)
	at org.openqa.selenium.remote.http.W3CHttpResponseCodec.decode(W3CHttpResponseCodec.java:49)
	at org.openqa.selenium.remote.HttpCommandExecutor.execute(HttpCommandExecutor.java:158)
	at org.openqa.selenium.remote.service.DriverCommandExecutor.execute(DriverCommandExecutor.java:83)
	at org.openqa.selenium.remote.RemoteWebDriver.execute(RemoteWebDriver.java:552)
	at com.kms.katalon.selenium.driver.CChromeDriver.execute(CChromeDriver.java:19)
	at org.openqa.selenium.remote.RemoteWebElement.execute(RemoteWebElement.java:285)
	at org.openqa.selenium.remote.RemoteWebElement.click(RemoteWebElement.java:84)
	at org.openqa.selenium.support.events.EventFiringWebDriver$EventFiringWebElement.lambda$new$0(EventFiringWebDriver.java:404)
	at com.sun.proxy.$Proxy11.click(Unknown Source)
	at org.openqa.selenium.support.events.EventFiringWebDriver$EventFiringWebElement.click(EventFiringWebDriver.java:417)
	at org.openqa.selenium.WebElement$click.call(Unknown Source)
	at com.kms.katalon.core.webui.keyword.builtin.ClickKeyword.clickUntilSuccessWithTimeout(ClickKeyword.groovy:81)
	at com.kms.katalon.core.webui.keyword.builtin.ClickKeyword.clickUntilSuccessWithTimeout(ClickKeyword.groovy)
	at com.kms.katalon.core.webui.keyword.builtin.ClickKeyword$_click_closure1.doCall(ClickKeyword.groovy:67)
	at com.kms.katalon.core.webui.keyword.builtin.ClickKeyword$_click_closure1.call(ClickKeyword.groovy)
	at com.kms.katalon.core.webui.keyword.internal.WebUIKeywordMain.runKeyword(WebUIKeywordMain.groovy:20)
	... 19 more]]></system-out>
      <system-err><![CDATA[2022-02-14 13:25:43 - [TEST_SUITE][FAILED] - Pagination: Test Cases/NewActivityOverview-LeftNavigation/ActivityOverview-Pagination FAILED.
Reason:
com.kms.katalon.core.exception.StepFailedException: Unable to click on object 'Object Repository/PaginationCOunt/ClickOnPagination'
	at com.kms.katalon.core.webui.keyword.internal.WebUIKeywordMain.stepFailed(WebUIKeywordMain.groovy:64)
	at com.kms.katalon.core.webui.keyword.internal.WebUIKeywordMain.runKeyword(WebUIKeywordMain.groovy:26)
	at com.kms.katalon.core.webui.keyword.builtin.ClickKeyword.click(ClickKeyword.groovy:74)
	at com.kms.katalon.core.webui.keyword.builtin.ClickKeyword.execute(ClickKeyword.groovy:40)
	at com.kms.katalon.core.keyword.internal.KeywordExecutor.executeKeywordForPlatform(KeywordExecutor.groovy:74)
	at com.kms.katalon.core.webui.keyword.WebUiBuiltInKeywords.click(WebUiBuiltInKeywords.groovy:620)
	at com.kms.katalon.core.webui.keyword.WebUiBuiltInKeywords$click$2.call(Unknown Source)
	at ActivityOverview-Pagination.run(ActivityOverview-Pagination:86)
	at com.kms.katalon.core.main.ScriptEngine.run(ScriptEngine.java:194)
	at com.kms.katalon.core.main.ScriptEngine.runScriptAsRawText(ScriptEngine.java:119)
	at com.kms.katalon.core.main.TestCaseExecutor.runScript(TestCaseExecutor.java:442)
	at com.kms.katalon.core.main.TestCaseExecutor.doExecute(TestCaseExecutor.java:433)
	at com.kms.katalon.core.main.TestCaseExecutor.processExecutionPhase(TestCaseExecutor.java:412)
	at com.kms.katalon.core.main.TestCaseExecutor.accessMainPhase(TestCaseExecutor.java:404)
	at com.kms.katalon.core.main.TestCaseExecutor.execute(TestCaseExecutor.java:281)
	at com.kms.katalon.core.main.TestSuiteExecutor.accessTestCaseMainPhase(TestSuiteExecutor.java:202)
	at com.kms.katalon.core.main.TestSuiteExecutor.accessTestSuiteMainPhase(TestSuiteExecutor.java:164)
	at com.kms.katalon.core.main.TestSuiteExecutor.execute(TestSuiteExecutor.java:105)
	at com.kms.katalon.core.main.TestCaseMain.startTestSuite(TestCaseMain.java:185)
	at com.kms.katalon.core.main.TestCaseMain$startTestSuite$0.call(Unknown Source)
	at TempTestSuite1644820092096.run(TempTestSuite1644820092096.groovy:36)
Caused by: org.openqa.selenium.ElementClickInterceptedException: element click intercepted: Element <a class="paginate_button " aria-controls="main-table" data-dt-idx="4" tabindex="0">...</a> is not clickable at point (703, 660). Other element would receive the click: <div class="loader-overlay"></div>
  (Session info: chrome=97.0.4692.99)
Build info: version: '3.141.59', revision: 'e82be7d358', time: '2018-11-14T08:25:53'
System info: host: 'intersoftadmin-desktop', ip: '127.0.1.1', os.name: 'Linux', os.arch: 'amd64', os.version: '5.4.0-99-generic', java.version: '1.8.0_312'
Driver info: com.kms.katalon.selenium.driver.CChromeDriver
Capabilities {acceptInsecureCerts: false, browserName: chrome, browserVersion: 97.0.4692.99, chrome: {chromedriverVersion: 97.0.4692.36 (747e0a0f19c13..., userDataDir: /tmp/.com.google.Chrome.wkS7jT}, goog:chromeOptions: {debuggerAddress: localhost:46219}, javascriptEnabled: true, networkConnectionEnabled: false, pageLoadStrategy: normal, platform: LINUX, platformName: LINUX, proxy: Proxy(), setWindowRect: true, strictFileInteractability: false, timeouts: {implicit: 0, pageLoad: 300000, script: 30000}, unhandledPromptBehavior: dismiss and notify, webauthn:extension:credBlob: true, webauthn:extension:largeBlob: true, webauthn:virtualAuthenticators: true}
Session ID: f58b0b3b2b5b19721701e7488232ef6a
	at org.openqa.selenium.remote.http.W3CHttpResponseCodec.createException(W3CHttpResponseCodec.java:187)
	at org.openqa.selenium.remote.http.W3CHttpResponseCodec.decode(W3CHttpResponseCodec.java:122)
	at org.openqa.selenium.remote.http.W3CHttpResponseCodec.decode(W3CHttpResponseCodec.java:49)
	at org.openqa.selenium.remote.HttpCommandExecutor.execute(HttpCommandExecutor.java:158)
	at org.openqa.selenium.remote.service.DriverCommandExecutor.execute(DriverCommandExecutor.java:83)
	at org.openqa.selenium.remote.RemoteWebDriver.execute(RemoteWebDriver.java:552)
	at com.kms.katalon.selenium.driver.CChromeDriver.execute(CChromeDriver.java:19)
	at org.openqa.selenium.remote.RemoteWebElement.execute(RemoteWebElement.java:285)
	at org.openqa.selenium.remote.RemoteWebElement.click(RemoteWebElement.java:84)
	at org.openqa.selenium.support.events.EventFiringWebDriver$EventFiringWebElement.lambda$new$0(EventFiringWebDriver.java:404)
	at com.sun.proxy.$Proxy11.click(Unknown Source)
	at org.openqa.selenium.support.events.EventFiringWebDriver$EventFiringWebElement.click(EventFiringWebDriver.java:417)
	at org.openqa.selenium.WebElement$click.call(Unknown Source)
	at com.kms.katalon.core.webui.keyword.builtin.ClickKeyword.clickUntilSuccessWithTimeout(ClickKeyword.groovy:81)
	at com.kms.katalon.core.webui.keyword.builtin.ClickKeyword.clickUntilSuccessWithTimeout(ClickKeyword.groovy)
	at com.kms.katalon.core.webui.keyword.builtin.ClickKeyword$_click_closure1.doCall(ClickKeyword.groovy:67)
	at com.kms.katalon.core.webui.keyword.builtin.ClickKeyword$_click_closure1.call(ClickKeyword.groovy)
	at com.kms.katalon.core.webui.keyword.internal.WebUIKeywordMain.runKeyword(WebUIKeywordMain.groovy:20)
	... 19 more]]></system-err>
   </testsuite>
   <testsuite name="CancelAndRefundMultipleBookings-CopiedURL" tests="1" failures="0" errors="0" time="1058.057" skipped="0" timestamp="2022-02-14 14:00:57" hostname="intersoft-admin - intersoftadmin-desktop" id="Test Suites/CancelAndRefundMultipleBookings-CopiedURL">
      <properties>
         <property name="deviceName" value=""/>
         <property name="devicePlatform" value=""/>
         <property name="logFolder" value="/home/intersoft-admin/Rattan/Bash/Training/Rattan/Final_testing/New_ActivityOverview/Reports/20220214_115757/CancelAndRefundMultipleBookings-CopiedURL/20220214_115814"/>
         <property name="logFiles" value="/home/intersoft-admin/Rattan/Bash/Training/Rattan/Final_testing/New_ActivityOverview/Reports/20220214_115757/CancelAndRefundMultipleBookings-CopiedURL/20220214_115814/execution0.log"/>
         <property name="attachments" value="/home/intersoft-admin/Rattan/Bash/Training/Rattan/Final_testing/New_ActivityOverview/Reports/20220214_115757/CancelAndRefundMultipleBookings-CopiedURL/20220214_115814/1644827484968.png, /home/intersoft-admin/Rattan/Bash/Training/Rattan/Final_testing/New_ActivityOverview/Reports/20220214_115757/CancelAndRefundMultipleBookings-CopiedURL/20220214_115814/1644827500630.png, /home/intersoft-admin/Rattan/Bash/Training/Rattan/Final_testing/New_ActivityOverview/Reports/20220214_115757/CancelAndRefundMultipleBookings-CopiedURL/20220214_115814/1644827511047.png, /home/intersoft-admin/Rattan/Bash/Training/Rattan/Final_testing/New_ActivityOverview/Reports/20220214_115757/CancelAndRefundMultipleBookings-CopiedURL/20220214_115814/1644827542583.png, /home/intersoft-admin/Rattan/Bash/Training/Rattan/Final_testing/New_ActivityOverview/Reports/20220214_115757/CancelAndRefundMultipleBookings-CopiedURL/20220214_115814/1644827565966.png, /home/intersoft-admin/Rattan/Bash/Training/Rattan/Final_testing/New_ActivityOverview/Reports/20220214_115757/CancelAndRefundMultipleBookings-CopiedURL/20220214_115814/1644827566269.png, /home/intersoft-admin/Rattan/Bash/Training/Rattan/Final_testing/New_ActivityOverview/Reports/20220214_115757/CancelAndRefundMultipleBookings-CopiedURL/20220214_115814/1644827589676.png, /home/intersoft-admin/Rattan/Bash/Training/Rattan/Final_testing/New_ActivityOverview/Reports/20220214_115757/CancelAndRefundMultipleBookings-CopiedURL/20220214_115814/1644827596049.png, /home/intersoft-admin/Rattan/Bash/Training/Rattan/Final_testing/New_ActivityOverview/Reports/20220214_115757/CancelAndRefundMultipleBookings-CopiedURL/20220214_115814/1644827609768.png, /home/intersoft-admin/Rattan/Bash/Training/Rattan/Final_testing/New_ActivityOverview/Reports/20220214_115757/CancelAndRefundMultipleBookings-CopiedURL/20220214_115814/1644827623067.png, /home/intersoft-admin/Rattan/Bash/Training/Rattan/Final_testing/New_ActivityOverview/Reports/20220214_115757/CancelAndRefundMultipleBookings-CopiedURL/20220214_115814/1644827633029.png, /home/intersoft-admin/Rattan/Bash/Training/Rattan/Final_testing/New_ActivityOverview/Reports/20220214_115757/CancelAndRefundMultipleBookings-CopiedURL/20220214_115814/1644827639991.png, /home/intersoft-admin/Rattan/Bash/Training/Rattan/Final_testing/New_ActivityOverview/Reports/20220214_115757/CancelAndRefundMultipleBookings-CopiedURL/20220214_115814/1644827647845.png, /home/intersoft-admin/Rattan/Bash/Training/Rattan/Final_testing/New_ActivityOverview/Reports/20220214_115757/CancelAndRefundMultipleBookings-CopiedURL/20220214_115814/1644827654754.png, /home/intersoft-admin/Rattan/Bash/Training/Rattan/Final_testing/New_ActivityOverview/Reports/20220214_115757/CancelAndRefundMultipleBookings-CopiedURL/20220214_115814/1644827665142.png, /home/intersoft-admin/Rattan/Bash/Training/Rattan/Final_testing/New_ActivityOverview/Reports/20220214_115757/CancelAndRefundMultipleBookings-CopiedURL/20220214_115814/1644827678428.png, /home/intersoft-admin/Rattan/Bash/Training/Rattan/Final_testing/New_ActivityOverview/Reports/20220214_115757/CancelAndRefundMultipleBookings-CopiedURL/20220214_115814/1644827731353.png, /home/intersoft-admin/Rattan/Bash/Training/Rattan/Final_testing/New_ActivityOverview/Reports/20220214_115757/CancelAndRefundMultipleBookings-CopiedURL/20220214_115814/1644827731620.png, /home/intersoft-admin/Rattan/Bash/Training/Rattan/Final_testing/New_ActivityOverview/Reports/20220214_115757/CancelAndRefundMultipleBookings-CopiedURL/20220214_115814/1644827755015.png, /home/intersoft-admin/Rattan/Bash/Training/Rattan/Final_testing/New_ActivityOverview/Reports/20220214_115757/CancelAndRefundMultipleBookings-CopiedURL/20220214_115814/1644827761459.png, /home/intersoft-admin/Rattan/Bash/Training/Rattan/Final_testing/New_ActivityOverview/Reports/20220214_115757/CancelAndRefundMultipleBookings-CopiedURL/20220214_115814/1644827774841.png, /home/intersoft-admin/Rattan/Bash/Training/Rattan/Final_testing/New_ActivityOverview/Reports/20220214_115757/CancelAndRefundMultipleBookings-CopiedURL/20220214_115814/1644827788126.png, /home/intersoft-admin/Rattan/Bash/Training/Rattan/Final_testing/New_ActivityOverview/Reports/20220214_115757/CancelAndRefundMultipleBookings-CopiedURL/20220214_115814/1644827798349.png, /home/intersoft-admin/Rattan/Bash/Training/Rattan/Final_testing/New_ActivityOverview/Reports/20220214_115757/CancelAndRefundMultipleBookings-CopiedURL/20220214_115814/1644827805301.png, /home/intersoft-admin/Rattan/Bash/Training/Rattan/Final_testing/New_ActivityOverview/Reports/20220214_115757/CancelAndRefundMultipleBookings-CopiedURL/20220214_115814/1644827812872.png, /home/intersoft-admin/Rattan/Bash/Training/Rattan/Final_testing/New_ActivityOverview/Reports/20220214_115757/CancelAndRefundMultipleBookings-CopiedURL/20220214_115814/1644827819777.png, /home/intersoft-admin/Rattan/Bash/Training/Rattan/Final_testing/New_ActivityOverview/Reports/20220214_115757/CancelAndRefundMultipleBookings-CopiedURL/20220214_115814/1644827830213.png, /home/intersoft-admin/Rattan/Bash/Training/Rattan/Final_testing/New_ActivityOverview/Reports/20220214_115757/CancelAndRefundMultipleBookings-CopiedURL/20220214_115814/1644827843471.png, /home/intersoft-admin/Rattan/Bash/Training/Rattan/Final_testing/New_ActivityOverview/Reports/20220214_115757/CancelAndRefundMultipleBookings-CopiedURL/20220214_115814/1644827896436.png, /home/intersoft-admin/Rattan/Bash/Training/Rattan/Final_testing/New_ActivityOverview/Reports/20220214_115757/CancelAndRefundMultipleBookings-CopiedURL/20220214_115814/1644827896745.png, /home/intersoft-admin/Rattan/Bash/Training/Rattan/Final_testing/New_ActivityOverview/Reports/20220214_115757/CancelAndRefundMultipleBookings-CopiedURL/20220214_115814/1644827920113.png, /home/intersoft-admin/Rattan/Bash/Training/Rattan/Final_testing/New_ActivityOverview/Reports/20220214_115757/CancelAndRefundMultipleBookings-CopiedURL/20220214_115814/1644827926476.png, /home/intersoft-admin/Rattan/Bash/Training/Rattan/Final_testing/New_ActivityOverview/Reports/20220214_115757/CancelAndRefundMultipleBookings-CopiedURL/20220214_115814/1644827939843.png, /home/intersoft-admin/Rattan/Bash/Training/Rattan/Final_testing/New_ActivityOverview/Reports/20220214_115757/CancelAndRefundMultipleBookings-CopiedURL/20220214_115814/1644827953147.png, /home/intersoft-admin/Rattan/Bash/Training/Rattan/Final_testing/New_ActivityOverview/Reports/20220214_115757/CancelAndRefundMultipleBookings-CopiedURL/20220214_115814/1644827963059.png, /home/intersoft-admin/Rattan/Bash/Training/Rattan/Final_testing/New_ActivityOverview/Reports/20220214_115757/CancelAndRefundMultipleBookings-CopiedURL/20220214_115814/1644827970032.png, /home/intersoft-admin/Rattan/Bash/Training/Rattan/Final_testing/New_ActivityOverview/Reports/20220214_115757/CancelAndRefundMultipleBookings-CopiedURL/20220214_115814/1644827977592.png, /home/intersoft-admin/Rattan/Bash/Training/Rattan/Final_testing/New_ActivityOverview/Reports/20220214_115757/CancelAndRefundMultipleBookings-CopiedURL/20220214_115814/1644827984504.png, /home/intersoft-admin/Rattan/Bash/Training/Rattan/Final_testing/New_ActivityOverview/Reports/20220214_115757/CancelAndRefundMultipleBookings-CopiedURL/20220214_115814/1644827994855.png, /home/intersoft-admin/Rattan/Bash/Training/Rattan/Final_testing/New_ActivityOverview/Reports/20220214_115757/CancelAndRefundMultipleBookings-CopiedURL/20220214_115814/1644828008131.png, /home/intersoft-admin/Rattan/Bash/Training/Rattan/Final_testing/New_ActivityOverview/Reports/20220214_115757/CancelAndRefundMultipleBookings-CopiedURL/20220214_115814/1644828061088.png, /home/intersoft-admin/Rattan/Bash/Training/Rattan/Final_testing/New_ActivityOverview/Reports/20220214_115757/CancelAndRefundMultipleBookings-CopiedURL/20220214_115814/1644828061359.png, /home/intersoft-admin/Rattan/Bash/Training/Rattan/Final_testing/New_ActivityOverview/Reports/20220214_115757/CancelAndRefundMultipleBookings-CopiedURL/20220214_115814/1644828084727.png, /home/intersoft-admin/Rattan/Bash/Training/Rattan/Final_testing/New_ActivityOverview/Reports/20220214_115757/CancelAndRefundMultipleBookings-CopiedURL/20220214_115814/1644828091115.png, /home/intersoft-admin/Rattan/Bash/Training/Rattan/Final_testing/New_ActivityOverview/Reports/20220214_115757/CancelAndRefundMultipleBookings-CopiedURL/20220214_115814/1644828104466.png, /home/intersoft-admin/Rattan/Bash/Training/Rattan/Final_testing/New_ActivityOverview/Reports/20220214_115757/CancelAndRefundMultipleBookings-CopiedURL/20220214_115814/1644828117811.png, /home/intersoft-admin/Rattan/Bash/Training/Rattan/Final_testing/New_ActivityOverview/Reports/20220214_115757/CancelAndRefundMultipleBookings-CopiedURL/20220214_115814/1644828127869.png, /home/intersoft-admin/Rattan/Bash/Training/Rattan/Final_testing/New_ActivityOverview/Reports/20220214_115757/CancelAndRefundMultipleBookings-CopiedURL/20220214_115814/1644828134855.png, /home/intersoft-admin/Rattan/Bash/Training/Rattan/Final_testing/New_ActivityOverview/Reports/20220214_115757/CancelAndRefundMultipleBookings-CopiedURL/20220214_115814/1644828142412.png, /home/intersoft-admin/Rattan/Bash/Training/Rattan/Final_testing/New_ActivityOverview/Reports/20220214_115757/CancelAndRefundMultipleBookings-CopiedURL/20220214_115814/1644828149305.png, /home/intersoft-admin/Rattan/Bash/Training/Rattan/Final_testing/New_ActivityOverview/Reports/20220214_115757/CancelAndRefundMultipleBookings-CopiedURL/20220214_115814/1644828159638.png, /home/intersoft-admin/Rattan/Bash/Training/Rattan/Final_testing/New_ActivityOverview/Reports/20220214_115757/CancelAndRefundMultipleBookings-CopiedURL/20220214_115814/1644828172905.png, /home/intersoft-admin/Rattan/Bash/Training/Rattan/Final_testing/New_ActivityOverview/Reports/20220214_115757/CancelAndRefundMultipleBookings-CopiedURL/20220214_115814/1644828225820.png, /home/intersoft-admin/Rattan/Bash/Training/Rattan/Final_testing/New_ActivityOverview/Reports/20220214_115757/CancelAndRefundMultipleBookings-CopiedURL/20220214_115814/1644828226096.png, /home/intersoft-admin/Rattan/Bash/Training/Rattan/Final_testing/New_ActivityOverview/Reports/20220214_115757/CancelAndRefundMultipleBookings-CopiedURL/20220214_115814/1644828249472.png, /home/intersoft-admin/Rattan/Bash/Training/Rattan/Final_testing/New_ActivityOverview/Reports/20220214_115757/CancelAndRefundMultipleBookings-CopiedURL/20220214_115814/1644828255813.png, /home/intersoft-admin/Rattan/Bash/Training/Rattan/Final_testing/New_ActivityOverview/Reports/20220214_115757/CancelAndRefundMultipleBookings-CopiedURL/20220214_115814/1644828269159.png, /home/intersoft-admin/Rattan/Bash/Training/Rattan/Final_testing/New_ActivityOverview/Reports/20220214_115757/CancelAndRefundMultipleBookings-CopiedURL/20220214_115814/1644828282472.png, /home/intersoft-admin/Rattan/Bash/Training/Rattan/Final_testing/New_ActivityOverview/Reports/20220214_115757/CancelAndRefundMultipleBookings-CopiedURL/20220214_115814/1644828292718.png, /home/intersoft-admin/Rattan/Bash/Training/Rattan/Final_testing/New_ActivityOverview/Reports/20220214_115757/CancelAndRefundMultipleBookings-CopiedURL/20220214_115814/1644828299668.png, /home/intersoft-admin/Rattan/Bash/Training/Rattan/Final_testing/New_ActivityOverview/Reports/20220214_115757/CancelAndRefundMultipleBookings-CopiedURL/20220214_115814/1644828307467.png, /home/intersoft-admin/Rattan/Bash/Training/Rattan/Final_testing/New_ActivityOverview/Reports/20220214_115757/CancelAndRefundMultipleBookings-CopiedURL/20220214_115814/1644828314485.png, /home/intersoft-admin/Rattan/Bash/Training/Rattan/Final_testing/New_ActivityOverview/Reports/20220214_115757/CancelAndRefundMultipleBookings-CopiedURL/20220214_115814/1644828324924.png, /home/intersoft-admin/Rattan/Bash/Training/Rattan/Final_testing/New_ActivityOverview/Reports/20220214_115757/CancelAndRefundMultipleBookings-CopiedURL/20220214_115814/1644828331836.png, /home/intersoft-admin/Rattan/Bash/Training/Rattan/Final_testing/New_ActivityOverview/Reports/20220214_115757/CancelAndRefundMultipleBookings-CopiedURL/20220214_115814/1644828345160.png, /home/intersoft-admin/Rattan/Bash/Training/Rattan/Final_testing/New_ActivityOverview/Reports/20220214_115757/CancelAndRefundMultipleBookings-CopiedURL/20220214_115814/1644828352382.png, /home/intersoft-admin/Rattan/Bash/Training/Rattan/Final_testing/New_ActivityOverview/Reports/20220214_115757/CancelAndRefundMultipleBookings-CopiedURL/20220214_115814/1644828359284.png, /home/intersoft-admin/Rattan/Bash/Training/Rattan/Final_testing/New_ActivityOverview/Reports/20220214_115757/CancelAndRefundMultipleBookings-CopiedURL/20220214_115814/1644828369626.png, /home/intersoft-admin/Rattan/Bash/Training/Rattan/Final_testing/New_ActivityOverview/Reports/20220214_115757/CancelAndRefundMultipleBookings-CopiedURL/20220214_115814/1644828376535.png, /home/intersoft-admin/Rattan/Bash/Training/Rattan/Final_testing/New_ActivityOverview/Reports/20220214_115757/CancelAndRefundMultipleBookings-CopiedURL/20220214_115814/1644828389761.png, /home/intersoft-admin/Rattan/Bash/Training/Rattan/Final_testing/New_ActivityOverview/Reports/20220214_115757/CancelAndRefundMultipleBookings-CopiedURL/20220214_115814/1644828396461.png, /home/intersoft-admin/Rattan/Bash/Training/Rattan/Final_testing/New_ActivityOverview/Reports/20220214_115757/CancelAndRefundMultipleBookings-CopiedURL/20220214_115814/1644828403975.png, /home/intersoft-admin/Rattan/Bash/Training/Rattan/Final_testing/New_ActivityOverview/Reports/20220214_115757/CancelAndRefundMultipleBookings-CopiedURL/20220214_115814/1644828410882.png, /home/intersoft-admin/Rattan/Bash/Training/Rattan/Final_testing/New_ActivityOverview/Reports/20220214_115757/CancelAndRefundMultipleBookings-CopiedURL/20220214_115814/1644828421334.png, /home/intersoft-admin/Rattan/Bash/Training/Rattan/Final_testing/New_ActivityOverview/Reports/20220214_115757/CancelAndRefundMultipleBookings-CopiedURL/20220214_115814/1644828428225.png, /home/intersoft-admin/Rattan/Bash/Training/Rattan/Final_testing/New_ActivityOverview/Reports/20220214_115757/CancelAndRefundMultipleBookings-CopiedURL/20220214_115814/1644828441445.png, /home/intersoft-admin/Rattan/Bash/Training/Rattan/Final_testing/New_ActivityOverview/Reports/20220214_115757/CancelAndRefundMultipleBookings-CopiedURL/20220214_115814/1644828448658.png, /home/intersoft-admin/Rattan/Bash/Training/Rattan/Final_testing/New_ActivityOverview/Reports/20220214_115757/CancelAndRefundMultipleBookings-CopiedURL/20220214_115814/1644828455536.png, /home/intersoft-admin/Rattan/Bash/Training/Rattan/Final_testing/New_ActivityOverview/Reports/20220214_115757/CancelAndRefundMultipleBookings-CopiedURL/20220214_115814/1644828465946.png, /home/intersoft-admin/Rattan/Bash/Training/Rattan/Final_testing/New_ActivityOverview/Reports/20220214_115757/CancelAndRefundMultipleBookings-CopiedURL/20220214_115814/1644828472859.png, /home/intersoft-admin/Rattan/Bash/Training/Rattan/Final_testing/New_ActivityOverview/Reports/20220214_115757/CancelAndRefundMultipleBookings-CopiedURL/20220214_115814/1644828486110.png"/>
         <property name="hostName" value="intersoft-admin - intersoftadmin-desktop"/>
         <property name="os" value="Linux 64bit"/>
         <property name="katalonVersion" value="8.2.5.208"/>
         <property name="browser" value="Chrome 97.0.4692.99"/>
         <property name="hostAddress" value="127.0.1.1"/>
         <property name="sessionId" value="143e34a7738dad27c3535da7d6beb7f9"/>
         <property name="seleniumVersion" value="3.141.59"/>
         <property name="proxyInformation" value="ProxyInformation { proxyOption=NO_PROXY, proxyServerType=HTTP, username=, password=********, proxyServerAddress=, proxyServerPort=0, executionList=&quot;&quot;, isApplyToDesiredCapabilities=true }"/>
         <property name="platform" value="Linux"/>
      </properties>
      <testcase name="Test Cases/NewActivityOverview-LeftNavigation/ActivityOverview-CancelBooking-GetOrderIDAndRefund - CopiedURL" time="1057.812" classname="Test Cases/NewActivityOverview-LeftNavigation/ActivityOverview-CancelBooking-GetOrderIDAndRefund - CopiedURL" status="PASSED">
         <system-out><![CDATA[2022-02-14 14:00:58 - [TEST_CASE][PASSED] - Test Cases/NewActivityOverview-LeftNavigation/ActivityOverview-CancelBooking-GetOrderIDAndRefund - CopiedURL: Test Cases/NewActivityOverview-LeftNavigation/ActivityOverview-CancelBooking-GetOrderIDAndRefund - CopiedURL

2022-02-14 14:00:58 - [TEST_STEP][PASSED] - callTestCase(findTestCase("LoginWithSuperAdmin/SuperAdmin-Login"), [:], STOP_ON_FAILURE): Call Test Case 'Test Cases/LoginWithSuperAdmin/SuperAdmin-Login' successfully

2022-02-14 14:00:58 - [TEST_CASE][PASSED] - Test Cases/LoginWithSuperAdmin/SuperAdmin-Login: Test Cases/LoginWithSuperAdmin/SuperAdmin-Login

2022-02-14 14:00:58 - [TEST_STEP][PASSED] - openBrowser(""): Browser is opened with url: ''

2022-02-14 14:00:58 - [MESSAGE][INFO] - Starting 'Chrome' driver

2022-02-14 14:00:58 - [MESSAGE][INFO] - Action delay is set to 3,000 milliseconds

2022-02-14 14:00:59 - [MESSAGE][PASSED] - Browser is opened with url: ''

2022-02-14 14:00:59 - [TEST_STEP][PASSED] - setViewPortSize(1920, 1080): Viewport is set to new size with width = 1920 and height = 1080

2022-02-14 14:00:59 - [MESSAGE][PASSED] - Viewport is set to new size with width = 1920 and height = 1080

2022-02-14 14:00:59 - [TEST_STEP][PASSED] - navigateToUrl(URL): Navigate to 'https://marketplacev1.test-prio.com' successfully

2022-02-14 14:01:05 - [MESSAGE][PASSED] - Navigate to 'https://marketplacev1.test-prio.com' successfully

2022-02-14 14:01:05 - [TEST_STEP][PASSED] - delay(3): Delayed 3 second(s)

2022-02-14 14:01:08 - [MESSAGE][PASSED] - Delayed 3 second(s)

2022-02-14 14:01:08 - [TEST_STEP][PASSED] - click(findTestObject("SuperAdmin/Login/input_Email_contact_email")): Object: 'Object Repository/SuperAdmin/Login/input_Email_contact_email' is clicked on

2022-02-14 14:01:11 - [MESSAGE][PASSED] - Object: 'Object Repository/SuperAdmin/Login/input_Email_contact_email' is clicked on

2022-02-14 14:01:11 - [TEST_STEP][PASSED] - setText(findTestObject("SuperAdmin/Login/input_Email_contact_email"), uname): Text 'superadmin@tippoint.com' is set on object 'Object Repository/SuperAdmin/Login/input_Email_contact_email'

2022-02-14 14:01:18 - [MESSAGE][PASSED] - Text 'superadmin@tippoint.com' is set on object 'Object Repository/SuperAdmin/Login/input_Email_contact_email'

2022-02-14 14:01:18 - [TEST_STEP][PASSED] - setEncryptedText(findTestObject("SuperAdmin/Login/input_Password_password"), Password): Text ****** has been set on object 'Object Repository/SuperAdmin/Login/input_Password_password'

2022-02-14 14:01:24 - [MESSAGE][PASSED] - Text ****** has been set on object 'Object Repository/SuperAdmin/Login/input_Password_password'

2022-02-14 14:01:24 - [TEST_STEP][PASSED] - takeScreenshot(): Taking screenshot successfully

2022-02-14 14:01:25 - [MESSAGE][PASSED] - Taking screenshot successfully
[[ATTACHMENT|/home/intersoft-admin/Rattan/Bash/Training/Rattan/Final_testing/New_ActivityOverview/Reports/20220214_115757/CancelAndRefundMultipleBookings-CopiedURL/20220214_115814/1644827484968.png]]

2022-02-14 14:01:25 - [TEST_STEP][PASSED] - newpackage.clickUsingJS.clickUsingJS(findTestObject("SuperAdmin/Login/button_Sign in"), 5): newpackage.clickUsingJS.clickUsingJS is PASSED

2022-02-14 14:01:25 - [MESSAGE][PASSED] - newpackage.clickUsingJS.clickUsingJS is PASSED

2022-02-14 14:01:25 - [MESSAGE][PASSED] - Call Test Case 'Test Cases/LoginWithSuperAdmin/SuperAdmin-Login' successfully

2022-02-14 14:01:25 - [TEST_STEP][PASSED] - switchToDefaultContent(): null

2022-02-14 14:01:25 - [TEST_STEP][PASSED] - click(findTestObject("SuperAdminLeftNavigation/NewActivityOverview-LeftNavigation")): Object: 'Object Repository/SuperAdminLeftNavigation/NewActivityOverview-LeftNavigation' is clicked on

2022-02-14 14:01:39 - [MESSAGE][PASSED] - Object: 'Object Repository/SuperAdminLeftNavigation/NewActivityOverview-LeftNavigation' is clicked on

2022-02-14 14:01:39 - [TEST_STEP][PASSED] - takeScreenshot(): Taking screenshot successfully

2022-02-14 14:01:40 - [MESSAGE][PASSED] - Taking screenshot successfully
[[ATTACHMENT|/home/intersoft-admin/Rattan/Bash/Training/Rattan/Final_testing/New_ActivityOverview/Reports/20220214_115757/CancelAndRefundMultipleBookings-CopiedURL/20220214_115814/1644827500630.png]]

2022-02-14 14:01:40 - [TEST_STEP][PASSED] - switchToFrame(findTestObject("Object Repository/Iframe/NewActivityOverviewIframe"), 5): null

2022-02-14 14:01:41 - [TEST_STEP][PASSED] - delay(10): Delayed 10 second(s)

2022-02-14 14:01:51 - [MESSAGE][PASSED] - Delayed 10 second(s)

2022-02-14 14:01:51 - [TEST_STEP][PASSED] - takeScreenshot(): Taking screenshot successfully

2022-02-14 14:01:51 - [MESSAGE][PASSED] - Taking screenshot successfully
[[ATTACHMENT|/home/intersoft-admin/Rattan/Bash/Training/Rattan/Final_testing/New_ActivityOverview/Reports/20220214_115757/CancelAndRefundMultipleBookings-CopiedURL/20220214_115814/1644827511047.png]]

2022-02-14 14:01:51 - [TEST_STEP][PASSED] - sizeoflisting = findWebElements(findTestObject("ListingArea/ListingContainsData"), 5).size(): null

2022-02-14 14:01:51 - [TEST_STEP][PASSED] - println(sizeoflisting): null

2022-02-14 14:01:51 - [TEST_STEP][PASSED] - logInfo(Size of Order Listing: $sizeoflisting): Size of Order Listing: 11

2022-02-14 14:01:51 - [MESSAGE][INFO] - Size of Order Listing: 11

2022-02-14 14:01:51 - [TEST_STEP][PASSED] - if (sizeoflisting > 2): Delayed 13 second(s)

2022-02-14 14:01:51 - [TEST_STEP][PASSED] - logInfo("Orders Exist in Listing"): Orders Exist in Listing

2022-02-14 14:01:51 - [MESSAGE][INFO] - Orders Exist in Listing

2022-02-14 14:01:51 - [TEST_STEP][PASSED] - click(findTestObject("Object Repository/OrderPerPage/OrderPerPage_select")): Object: 'Object Repository/OrderPerPage/OrderPerPage_select' is clicked on

2022-02-14 14:01:54 - [MESSAGE][PASSED] - Object: 'Object Repository/OrderPerPage/OrderPerPage_select' is clicked on

2022-02-14 14:01:54 - [TEST_STEP][PASSED] - delay(5): Delayed 5 second(s)

2022-02-14 14:01:59 - [MESSAGE][PASSED] - Delayed 5 second(s)

2022-02-14 14:01:59 - [TEST_STEP][PASSED] - click(findTestObject("Object Repository/OrderPerPage/OrderPerPage-SelectOption")): Object: 'Object Repository/OrderPerPage/OrderPerPage-SelectOption' is clicked on

2022-02-14 14:02:02 - [MESSAGE][PASSED] - Object: 'Object Repository/OrderPerPage/OrderPerPage-SelectOption' is clicked on

2022-02-14 14:02:02 - [TEST_STEP][PASSED] - delay(20): Delayed 20 second(s)

2022-02-14 14:02:22 - [MESSAGE][PASSED] - Delayed 20 second(s)

2022-02-14 14:02:22 - [TEST_STEP][PASSED] - takeScreenshot(): Taking screenshot successfully

2022-02-14 14:02:22 - [MESSAGE][PASSED] - Taking screenshot successfully
[[ATTACHMENT|/home/intersoft-admin/Rattan/Bash/Training/Rattan/Final_testing/New_ActivityOverview/Reports/20220214_115757/CancelAndRefundMultipleBookings-CopiedURL/20220214_115814/1644827542583.png]]

2022-02-14 14:02:22 - [TEST_STEP][PASSED] - SizeofPagination = getText(findTestObject("Object Repository/PaginationCOunt/PaginationCount")): Text of object 'Object Repository/PaginationCOunt/PaginationCount' is: '100'

2022-02-14 14:02:22 - [MESSAGE][PASSED] - Text of object 'Object Repository/PaginationCOunt/PaginationCount' is: '100'

2022-02-14 14:02:22 - [TEST_STEP][PASSED] - println(SizeofPagination): null

2022-02-14 14:02:22 - [TEST_STEP][PASSED] - paginationmaxcount = Integer.parseInt(SizeofPagination): null

2022-02-14 14:02:22 - [TEST_STEP][PASSED] - paginationmaxcount = pagination: null

2022-02-14 14:02:22 - [TEST_STEP][PASSED] - logInfo(Size of Pagination: $paginationmaxcount): Size of Pagination: 5

2022-02-14 14:02:22 - [MESSAGE][INFO] - Size of Pagination: 5

2022-02-14 14:02:22 - [TEST_STEP][PASSED] - totalrecords = 0: null

2022-02-14 14:02:22 - [TEST_STEP][PASSED] - for ([l = 1, l <= paginationmaxcount, (l++)]): Delayed 13 second(s)

2022-02-14 14:02:22 - [TEST_STEP][PASSED] - if (l <= 5): null

2022-02-14 14:02:22 - [TEST_STEP][PASSED] - paginationvalue = l: null

2022-02-14 14:02:22 - [TEST_STEP][PASSED] - if (l > 5): null

2022-02-14 14:02:22 - [TEST_STEP][PASSED] - logInfo(Size of Pagination: $paginationvalue): Size of Pagination: 1

2022-02-14 14:02:22 - [MESSAGE][INFO] - Size of Pagination: 1

2022-02-14 14:02:22 - [TEST_STEP][PASSED] - click(findTestObject("Object Repository/PaginationCOunt/ClickOnPagination", ["pagination":paginationvalue])): Object: 'Object Repository/PaginationCOunt/ClickOnPagination' is clicked on

2022-02-14 14:02:25 - [MESSAGE][PASSED] - Object: 'Object Repository/PaginationCOunt/ClickOnPagination' is clicked on

2022-02-14 14:02:25 - [TEST_STEP][PASSED] - delay(20): Delayed 20 second(s)

2022-02-14 14:02:45 - [MESSAGE][PASSED] - Delayed 20 second(s)

2022-02-14 14:02:45 - [TEST_STEP][PASSED] - takeScreenshot(): Taking screenshot successfully

2022-02-14 14:02:46 - [MESSAGE][PASSED] - Taking screenshot successfully
[[ATTACHMENT|/home/intersoft-admin/Rattan/Bash/Training/Rattan/Final_testing/New_ActivityOverview/Reports/20220214_115757/CancelAndRefundMultipleBookings-CopiedURL/20220214_115814/1644827565966.png]]

2022-02-14 14:02:46 - [TEST_STEP][PASSED] - SizeofActiveBookings = findWebElements(findTestObject("Object Repository/CancelAndRefund/OrderListWithoutRefundedStatus"), 5).size(): null

2022-02-14 14:02:46 - [TEST_STEP][PASSED] - logInfo(Size of Active Bookings: $SizeofActiveBookings): Size of Active Bookings: 82

2022-02-14 14:02:46 - [MESSAGE][INFO] - Size of Active Bookings: 82

2022-02-14 14:02:46 - [TEST_STEP][PASSED] - for ([refund = 1, refund < SizeofActiveBookings, (refund++)]): Call Test Case 'Test Cases/StepToReUse/ActivityOverview-CancelBooking' successfully

2022-02-14 14:02:46 - [TEST_STEP][PASSED] - if (refund == 1): null

2022-02-14 14:02:46 - [TEST_STEP][PASSED] - refund = SizeofActiveBookings: null

2022-02-14 14:02:46 - [TEST_STEP][PASSED] - refundvalue = refund: null

2022-02-14 14:02:46 - [TEST_STEP][PASSED] - logInfo(Size of refund booking: $refund): Size of refund booking: 82

2022-02-14 14:02:46 - [MESSAGE][INFO] - Size of refund booking: 82

2022-02-14 14:02:46 - [TEST_STEP][PASSED] - scrollToElement(findTestObject("Object Repository/CancelAndRefund/OrderListWithoutRefundedStatus - Click", ["position":refund]), 15): Scroll to object 'Object Repository/CancelAndRefund/OrderListWithoutRefundedStatus - Click' successfully

2022-02-14 14:02:46 - [MESSAGE][PASSED] - Scroll to object 'Object Repository/CancelAndRefund/OrderListWithoutRefundedStatus - Click' successfully

2022-02-14 14:02:46 - [TEST_STEP][PASSED] - takeScreenshot(): Taking screenshot successfully

2022-02-14 14:02:46 - [MESSAGE][PASSED] - Taking screenshot successfully
[[ATTACHMENT|/home/intersoft-admin/Rattan/Bash/Training/Rattan/Final_testing/New_ActivityOverview/Reports/20220214_115757/CancelAndRefundMultipleBookings-CopiedURL/20220214_115814/1644827566269.png]]

2022-02-14 14:02:46 - [TEST_STEP][PASSED] - orderId = findWebElement(findTestObject("Object Repository/GetOrderID/GetOrderID", ["position":refund])).getAttribute("data-order_id"): null

2022-02-14 14:02:46 - [TEST_STEP][PASSED] - orderId = orderId: null

2022-02-14 14:02:46 - [TEST_STEP][PASSED] - logInfo(Order ID: $orderId): Order ID: 164464235565948

2022-02-14 14:02:46 - [MESSAGE][INFO] - Order ID: 164464235565948

2022-02-14 14:02:46 - [TEST_STEP][PASSED] - click(findTestObject("Object Repository/GetOrderID/GetOrderID", ["position":refund])): Object: 'Object Repository/GetOrderID/GetOrderID' is clicked on

2022-02-14 14:02:49 - [MESSAGE][PASSED] - Object: 'Object Repository/GetOrderID/GetOrderID' is clicked on

2022-02-14 14:02:49 - [TEST_STEP][PASSED] - delay(20): Delayed 20 second(s)

2022-02-14 14:03:09 - [MESSAGE][PASSED] - Delayed 20 second(s)

2022-02-14 14:03:09 - [TEST_STEP][PASSED] - takeScreenshot(): Taking screenshot successfully

2022-02-14 14:03:09 - [MESSAGE][PASSED] - Taking screenshot successfully
[[ATTACHMENT|/home/intersoft-admin/Rattan/Bash/Training/Rattan/Final_testing/New_ActivityOverview/Reports/20220214_115757/CancelAndRefundMultipleBookings-CopiedURL/20220214_115814/1644827589676.png]]

2022-02-14 14:03:09 - [TEST_STEP][PASSED] - if (waitForElementPresent(findTestObject("Object Repository/DetailPop-up/ExpanSection/ProductInformationExpandedSection-Exist"), 10)): Taking screenshot successfully

2022-02-14 14:03:09 - [MESSAGE][PASSED] - Object 'Object Repository/DetailPop-up/ExpanSection/ProductInformationExpandedSection-Exist' is present

2022-02-14 14:03:09 - [TEST_STEP][PASSED] - logInfo("Product Expanded Section Exist"): Product Expanded Section Exist

2022-02-14 14:03:09 - [MESSAGE][INFO] - Product Expanded Section Exist

2022-02-14 14:03:09 - [TEST_STEP][PASSED] - click(findTestObject("DetailPop-up/ExpanSection/ProductInformationExpandedSection -Exist- ClickOnExpandedView")): Object: 'Object Repository/DetailPop-up/ExpanSection/ProductInformationExpandedSection -Exist- ClickOnExpandedView' is clicked on

2022-02-14 14:03:13 - [MESSAGE][PASSED] - Object: 'Object Repository/DetailPop-up/ExpanSection/ProductInformationExpandedSection -Exist- ClickOnExpandedView' is clicked on

2022-02-14 14:03:13 - [TEST_STEP][PASSED] - delay(3): Delayed 3 second(s)

2022-02-14 14:03:16 - [MESSAGE][PASSED] - Delayed 3 second(s)

2022-02-14 14:03:16 - [TEST_STEP][PASSED] - takeScreenshot(): Taking screenshot successfully

2022-02-14 14:03:16 - [MESSAGE][PASSED] - Taking screenshot successfully
[[ATTACHMENT|/home/intersoft-admin/Rattan/Bash/Training/Rattan/Final_testing/New_ActivityOverview/Reports/20220214_115757/CancelAndRefundMultipleBookings-CopiedURL/20220214_115814/1644827596049.png]]

2022-02-14 14:03:16 - [TEST_STEP][PASSED] - callTestCase(findTestCase("Test Cases/StepToReUse/StepTOCopyURLAndAddAnotherTab"), [:], CONTINUE_ON_FAILURE): Call Test Case 'Test Cases/StepToReUse/StepTOCopyURLAndAddAnotherTab' successfully

2022-02-14 14:03:16 - [TEST_CASE][PASSED] - Test Cases/StepToReUse/StepTOCopyURLAndAddAnotherTab: Test Cases/StepToReUse/StepTOCopyURLAndAddAnotherTab

2022-02-14 14:03:16 - [TEST_STEP][PASSED] - click(findTestObject("Object Repository/Header/Preview/ClickOnPreviewIcon")): Object: 'Object Repository/Header/Preview/ClickOnPreviewIcon' is clicked on

2022-02-14 14:03:19 - [MESSAGE][PASSED] - Object: 'Object Repository/Header/Preview/ClickOnPreviewIcon' is clicked on

2022-02-14 14:03:19 - [TEST_STEP][PASSED] - delay(10): Delayed 10 second(s)

2022-02-14 14:03:29 - [MESSAGE][PASSED] - Delayed 10 second(s)

2022-02-14 14:03:29 - [TEST_STEP][PASSED] - takeScreenshot(): Taking screenshot successfully

2022-02-14 14:03:29 - [MESSAGE][PASSED] - Taking screenshot successfully
[[ATTACHMENT|/home/intersoft-admin/Rattan/Bash/Training/Rattan/Final_testing/New_ActivityOverview/Reports/20220214_115757/CancelAndRefundMultipleBookings-CopiedURL/20220214_115814/1644827609768.png]]

2022-02-14 14:03:29 - [TEST_STEP][PASSED] - click(findTestObject("Object Repository/Header/Preview/PrintVoucher")): Object: 'Object Repository/Header/Preview/PrintVoucher' is clicked on

2022-02-14 14:03:33 - [MESSAGE][PASSED] - Object: 'Object Repository/Header/Preview/PrintVoucher' is clicked on

2022-02-14 14:03:33 - [TEST_STEP][PASSED] - delay(10): Delayed 10 second(s)

2022-02-14 14:03:43 - [MESSAGE][PASSED] - Delayed 10 second(s)

2022-02-14 14:03:43 - [TEST_STEP][PASSED] - takeScreenshot(): Taking screenshot successfully

2022-02-14 14:03:43 - [MESSAGE][PASSED] - Taking screenshot successfully
[[ATTACHMENT|/home/intersoft-admin/Rattan/Bash/Training/Rattan/Final_testing/New_ActivityOverview/Reports/20220214_115757/CancelAndRefundMultipleBookings-CopiedURL/20220214_115814/1644827623067.png]]

2022-02-14 14:03:43 - [TEST_STEP][PASSED] - UrlToClick = findWebElement(findTestObject("Object Repository/Header/CopyUrl/CopyUrl")).getAttribute("data-href_url"): null

2022-02-14 14:03:43 - [TEST_STEP][PASSED] - println(UrlToClick): null

2022-02-14 14:03:43 - [TEST_STEP][PASSED] - ActivityUrl = UrlToClick: null

2022-02-14 14:03:43 - [TEST_STEP][PASSED] - switchToWindowIndex(1): Switched to window with index: '1'

2022-02-14 14:03:43 - [MESSAGE][PASSED] - Switched to window with index: '1'

2022-02-14 14:03:43 - [TEST_STEP][PASSED] - delay(5): Delayed 5 second(s)

2022-02-14 14:03:48 - [MESSAGE][PASSED] - Delayed 5 second(s)

2022-02-14 14:03:48 - [TEST_STEP][PASSED] - navigateToUrl(ActivityUrl): Navigate to 'https://activity.test-prio.com/orders/164464235565948' successfully

2022-02-14 14:03:52 - [MESSAGE][PASSED] - Navigate to 'https://activity.test-prio.com/orders/164464235565948' successfully

2022-02-14 14:03:52 - [TEST_STEP][PASSED] - takeScreenshot(): Taking screenshot successfully

2022-02-14 14:03:53 - [MESSAGE][PASSED] - Taking screenshot successfully
[[ATTACHMENT|/home/intersoft-admin/Rattan/Bash/Training/Rattan/Final_testing/New_ActivityOverview/Reports/20220214_115757/CancelAndRefundMultipleBookings-CopiedURL/20220214_115814/1644827633029.png]]

2022-02-14 14:03:53 - [TEST_STEP][PASSED] - switchToDefaultContent(): null

2022-02-14 14:03:53 - [MESSAGE][PASSED] - Call Test Case 'Test Cases/StepToReUse/StepTOCopyURLAndAddAnotherTab' successfully

2022-02-14 14:03:53 - [TEST_STEP][PASSED] - bookingsize = findWebElements(findTestObject("Object Repository/DetailPop-up/ExpanSection/ProductSectionLength"), 5).size(): null

2022-02-14 14:03:53 - [TEST_STEP][PASSED] - logInfo(Size of Bookings on Product detail Pop-up: $bookingsize): Size of Bookings on Product detail Pop-up: 1

2022-02-14 14:03:53 - [MESSAGE][INFO] - Size of Bookings on Product detail Pop-up: 1

2022-02-14 14:03:53 - [TEST_STEP][PASSED] - for ([looping = 1, looping <= bookingsize, (looping++)]): Call Test Case 'Test Cases/StepToReUse/ActivityOverview-CancelBooking' successfully

2022-02-14 14:03:53 - [TEST_STEP][PASSED] - click(findTestObject("Object Repository/DetailPop-up/ExpanSection/ExpandProductSection", ["position":looping])): Object: 'Object Repository/DetailPop-up/ExpanSection/ExpandProductSection' is clicked on

2022-02-14 14:03:56 - [MESSAGE][PASSED] - Object: 'Object Repository/DetailPop-up/ExpanSection/ExpandProductSection' is clicked on

2022-02-14 14:03:56 - [TEST_STEP][PASSED] - delay(3): Delayed 3 second(s)

2022-02-14 14:03:59 - [MESSAGE][PASSED] - Delayed 3 second(s)

2022-02-14 14:03:59 - [TEST_STEP][PASSED] - takeScreenshot(): Taking screenshot successfully

2022-02-14 14:04:00 - [MESSAGE][PASSED] - Taking screenshot successfully
[[ATTACHMENT|/home/intersoft-admin/Rattan/Bash/Training/Rattan/Final_testing/New_ActivityOverview/Reports/20220214_115757/CancelAndRefundMultipleBookings-CopiedURL/20220214_115814/1644827639991.png]]

2022-02-14 14:04:00 - [TEST_STEP][PASSED] - callTestCase(findTestCase("Test Cases/StepToReUse/ActivityOverview-CancelBooking"), [:], CONTINUE_ON_FAILURE): Call Test Case 'Test Cases/StepToReUse/ActivityOverview-CancelBooking' successfully

2022-02-14 14:04:00 - [TEST_CASE][PASSED] - Test Cases/StepToReUse/ActivityOverview-CancelBooking: Test Cases/StepToReUse/ActivityOverview-CancelBooking

2022-02-14 14:04:00 - [TEST_STEP][PASSED] - logInfo(Refund Value: $GlobalVariable.refundvalue): Refund Value: 82

2022-02-14 14:04:00 - [MESSAGE][INFO] - Refund Value: 82

2022-02-14 14:04:00 - [TEST_STEP][PASSED] - cancelButtonSize = findWebElements(findTestObject("Object Repository/CancelAndRefund/CancelBookingButton"), 5).size(): null

2022-02-14 14:04:00 - [TEST_STEP][PASSED] - logInfo(Cancel Button Size: $cancelButtonSize): Cancel Button Size: 1

2022-02-14 14:04:00 - [MESSAGE][INFO] - Cancel Button Size: 1

2022-02-14 14:04:00 - [TEST_STEP][PASSED] - if (cancelButtonSize == 1): Taking screenshot successfully

2022-02-14 14:04:00 - [TEST_STEP][PASSED] - if (waitForElementClickable(findTestObject("Object Repository/CancelAndRefund/CancelBookingButton"), 15) == true): Taking screenshot successfully

2022-02-14 14:04:01 - [MESSAGE][PASSED] - Object 'Object Repository/CancelAndRefund/CancelBookingButton' is clickable

2022-02-14 14:04:01 - [TEST_STEP][PASSED] - scrollToElement(findTestObject("Object Repository/CancelAndRefund/CancelBookingButton"), 15): Scroll to object 'Object Repository/CancelAndRefund/CancelBookingButton' successfully

2022-02-14 14:04:01 - [MESSAGE][PASSED] - Scroll to object 'Object Repository/CancelAndRefund/CancelBookingButton' successfully

2022-02-14 14:04:01 - [TEST_STEP][PASSED] - click(findTestObject("Object Repository/CancelAndRefund/CancelBookingButton")): Object: 'Object Repository/CancelAndRefund/CancelBookingButton' is clicked on

2022-02-14 14:04:04 - [MESSAGE][PASSED] - Object: 'Object Repository/CancelAndRefund/CancelBookingButton' is clicked on

2022-02-14 14:04:04 - [TEST_STEP][PASSED] - delay(3): Delayed 3 second(s)

2022-02-14 14:04:07 - [MESSAGE][PASSED] - Delayed 3 second(s)

2022-02-14 14:04:07 - [TEST_STEP][PASSED] - takeScreenshot(): Taking screenshot successfully

2022-02-14 14:04:07 - [MESSAGE][PASSED] - Taking screenshot successfully
[[ATTACHMENT|/home/intersoft-admin/Rattan/Bash/Training/Rattan/Final_testing/New_ActivityOverview/Reports/20220214_115757/CancelAndRefundMultipleBookings-CopiedURL/20220214_115814/1644827647845.png]]

2022-02-14 14:04:07 - [TEST_STEP][PASSED] - if (waitForElementClickable(findTestObject("Object Repository/CancelAndRefund/CancelButton - OnRefundPop-up"), 15) == true): Taking screenshot successfully

2022-02-14 14:04:08 - [MESSAGE][PASSED] - Object 'Object Repository/CancelAndRefund/CancelButton - OnRefundPop-up' is clickable

2022-02-14 14:04:08 - [TEST_STEP][PASSED] - click(findTestObject("Object Repository/CancelAndRefund/CancelButton - OnRefundPop-up")): Object: 'Object Repository/CancelAndRefund/CancelButton - OnRefundPop-up' is clicked on

2022-02-14 14:04:11 - [MESSAGE][PASSED] - Object: 'Object Repository/CancelAndRefund/CancelButton - OnRefundPop-up' is clicked on

2022-02-14 14:04:11 - [TEST_STEP][PASSED] - delay(3): Delayed 3 second(s)

2022-02-14 14:04:14 - [MESSAGE][PASSED] - Delayed 3 second(s)

2022-02-14 14:04:14 - [TEST_STEP][PASSED] - takeScreenshot(): Taking screenshot successfully

2022-02-14 14:04:14 - [MESSAGE][PASSED] - Taking screenshot successfully
[[ATTACHMENT|/home/intersoft-admin/Rattan/Bash/Training/Rattan/Final_testing/New_ActivityOverview/Reports/20220214_115757/CancelAndRefundMultipleBookings-CopiedURL/20220214_115814/1644827654754.png]]

2022-02-14 14:04:14 - [TEST_STEP][PASSED] - click(findTestObject("Object Repository/CancelAndRefund/CancelBookingButton")): Object: 'Object Repository/CancelAndRefund/CancelBookingButton' is clicked on

2022-02-14 14:04:18 - [MESSAGE][PASSED] - Object: 'Object Repository/CancelAndRefund/CancelBookingButton' is clicked on

2022-02-14 14:04:18 - [TEST_STEP][PASSED] - if (refundvalue < 4): null

2022-02-14 14:04:18 - [TEST_STEP][PASSED] - if (refundvalue <= 6 && refundvalue >= 4): null

2022-02-14 14:04:18 - [TEST_STEP][PASSED] - if (refundvalue > 6): Taking screenshot successfully

2022-02-14 14:04:18 - [TEST_STEP][PASSED] - if (waitForElementVisible(findTestObject("Object Repository/CancelAndRefund/RefundOptionRadio"), 15) == true): Taking screenshot successfully

2022-02-14 14:04:18 - [MESSAGE][PASSED] - Object 'Object Repository/CancelAndRefund/RefundOptionRadio' is visible

2022-02-14 14:04:18 - [TEST_STEP][PASSED] - click(findTestObject("Object Repository/CancelAndRefund/RefundOptionRadio")): Object: 'Object Repository/CancelAndRefund/RefundOptionRadio' is clicked on

2022-02-14 14:04:21 - [MESSAGE][PASSED] - Object: 'Object Repository/CancelAndRefund/RefundOptionRadio' is clicked on

2022-02-14 14:04:21 - [TEST_STEP][PASSED] - delay(3): Delayed 3 second(s)

2022-02-14 14:04:24 - [MESSAGE][PASSED] - Delayed 3 second(s)

2022-02-14 14:04:24 - [TEST_STEP][PASSED] - takeScreenshot(): Taking screenshot successfully

2022-02-14 14:04:25 - [MESSAGE][PASSED] - Taking screenshot successfully
[[ATTACHMENT|/home/intersoft-admin/Rattan/Bash/Training/Rattan/Final_testing/New_ActivityOverview/Reports/20220214_115757/CancelAndRefundMultipleBookings-CopiedURL/20220214_115814/1644827665142.png]]

2022-02-14 14:04:25 - [TEST_STEP][PASSED] - setText(findTestObject("Object Repository/CancelAndRefund/ReasonForCancellation"), CancellationReason): Text 'Order Refunded to Test Automation Testing Under Katalon' is set on object 'Object Repository/CancelAndRefund/ReasonForCancellation'

2022-02-14 14:04:31 - [MESSAGE][PASSED] - Text 'Order Refunded to Test Automation Testing Under Katalon' is set on object 'Object Repository/CancelAndRefund/ReasonForCancellation'

2022-02-14 14:04:31 - [TEST_STEP][PASSED] - click(findTestObject("Object Repository/CancelAndRefund/ConfirmCancellationButton")): Object: 'Object Repository/CancelAndRefund/ConfirmCancellationButton' is clicked on

2022-02-14 14:04:35 - [MESSAGE][PASSED] - Object: 'Object Repository/CancelAndRefund/ConfirmCancellationButton' is clicked on

2022-02-14 14:04:35 - [TEST_STEP][PASSED] - delay(3): Delayed 3 second(s)

2022-02-14 14:04:38 - [MESSAGE][PASSED] - Delayed 3 second(s)

2022-02-14 14:04:38 - [TEST_STEP][PASSED] - takeScreenshot(): Taking screenshot successfully

2022-02-14 14:04:38 - [MESSAGE][PASSED] - Taking screenshot successfully
[[ATTACHMENT|/home/intersoft-admin/Rattan/Bash/Training/Rattan/Final_testing/New_ActivityOverview/Reports/20220214_115757/CancelAndRefundMultipleBookings-CopiedURL/20220214_115814/1644827678428.png]]

2022-02-14 14:04:38 - [TEST_STEP][PASSED] - if (cancelButtonSize > 1): null

2022-02-14 14:04:38 - [MESSAGE][PASSED] - Call Test Case 'Test Cases/StepToReUse/ActivityOverview-CancelBooking' successfully

2022-02-14 14:04:38 - [TEST_STEP][PASSED] - switchToWindowIndex(0): Switched to window with index: '0'

2022-02-14 14:04:38 - [MESSAGE][PASSED] - Switched to window with index: '0'

2022-02-14 14:04:38 - [TEST_STEP][PASSED] - delay(13): Delayed 13 second(s)

2022-02-14 14:04:51 - [MESSAGE][PASSED] - Delayed 13 second(s)

2022-02-14 14:04:51 - [TEST_STEP][PASSED] - switchToFrame(findTestObject("Object Repository/Iframe/NewActivityOverviewIframe"), 5): null

2022-02-14 14:04:51 - [TEST_STEP][PASSED] - click(findTestObject("Object Repository/DetailPop-up/Backbutton/BackButtonToListing")): Object: 'Object Repository/DetailPop-up/Backbutton/BackButtonToListing' is clicked on

2022-02-14 14:04:55 - [MESSAGE][PASSED] - Object: 'Object Repository/DetailPop-up/Backbutton/BackButtonToListing' is clicked on

2022-02-14 14:04:55 - [TEST_STEP][PASSED] - delay(13): Delayed 13 second(s)

2022-02-14 14:05:08 - [MESSAGE][PASSED] - Delayed 13 second(s)

2022-02-14 14:05:08 - [TEST_STEP][PASSED] - if (l <= 5): null

2022-02-14 14:05:08 - [TEST_STEP][PASSED] - paginationvalue = l: null

2022-02-14 14:05:08 - [TEST_STEP][PASSED] - if (l > 5): null

2022-02-14 14:05:08 - [TEST_STEP][PASSED] - logInfo(Size of Pagination: $paginationvalue): Size of Pagination: 2

2022-02-14 14:05:08 - [MESSAGE][INFO] - Size of Pagination: 2

2022-02-14 14:05:08 - [TEST_STEP][PASSED] - click(findTestObject("Object Repository/PaginationCOunt/ClickOnPagination", ["pagination":paginationvalue])): Object: 'Object Repository/PaginationCOunt/ClickOnPagination' is clicked on

2022-02-14 14:05:11 - [MESSAGE][PASSED] - Object: 'Object Repository/PaginationCOunt/ClickOnPagination' is clicked on

2022-02-14 14:05:11 - [TEST_STEP][PASSED] - delay(20): Delayed 20 second(s)

2022-02-14 14:05:31 - [MESSAGE][PASSED] - Delayed 20 second(s)

2022-02-14 14:05:31 - [TEST_STEP][PASSED] - takeScreenshot(): Taking screenshot successfully

2022-02-14 14:05:31 - [MESSAGE][PASSED] - Taking screenshot successfully
[[ATTACHMENT|/home/intersoft-admin/Rattan/Bash/Training/Rattan/Final_testing/New_ActivityOverview/Reports/20220214_115757/CancelAndRefundMultipleBookings-CopiedURL/20220214_115814/1644827731353.png]]

2022-02-14 14:05:31 - [TEST_STEP][PASSED] - SizeofActiveBookings = findWebElements(findTestObject("Object Repository/CancelAndRefund/OrderListWithoutRefundedStatus"), 5).size(): null

2022-02-14 14:05:31 - [TEST_STEP][PASSED] - logInfo(Size of Active Bookings: $SizeofActiveBookings): Size of Active Bookings: 74

2022-02-14 14:05:31 - [MESSAGE][INFO] - Size of Active Bookings: 74

2022-02-14 14:05:31 - [TEST_STEP][PASSED] - for ([refund = 1, refund < SizeofActiveBookings, (refund++)]): Call Test Case 'Test Cases/StepToReUse/ActivityOverview-CancelBooking' successfully

2022-02-14 14:05:31 - [TEST_STEP][PASSED] - if (refund == 1): null

2022-02-14 14:05:31 - [TEST_STEP][PASSED] - refund = SizeofActiveBookings: null

2022-02-14 14:05:31 - [TEST_STEP][PASSED] - refundvalue = refund: null

2022-02-14 14:05:31 - [TEST_STEP][PASSED] - logInfo(Size of refund booking: $refund): Size of refund booking: 74

2022-02-14 14:05:31 - [MESSAGE][INFO] - Size of refund booking: 74

2022-02-14 14:05:31 - [TEST_STEP][PASSED] - scrollToElement(findTestObject("Object Repository/CancelAndRefund/OrderListWithoutRefundedStatus - Click", ["position":refund]), 15): Scroll to object 'Object Repository/CancelAndRefund/OrderListWithoutRefundedStatus - Click' successfully

2022-02-14 14:05:31 - [MESSAGE][PASSED] - Scroll to object 'Object Repository/CancelAndRefund/OrderListWithoutRefundedStatus - Click' successfully

2022-02-14 14:05:31 - [TEST_STEP][PASSED] - takeScreenshot(): Taking screenshot successfully

2022-02-14 14:05:31 - [MESSAGE][PASSED] - Taking screenshot successfully
[[ATTACHMENT|/home/intersoft-admin/Rattan/Bash/Training/Rattan/Final_testing/New_ActivityOverview/Reports/20220214_115757/CancelAndRefundMultipleBookings-CopiedURL/20220214_115814/1644827731620.png]]

2022-02-14 14:05:31 - [TEST_STEP][PASSED] - orderId = findWebElement(findTestObject("Object Repository/GetOrderID/GetOrderID", ["position":refund])).getAttribute("data-order_id"): null

2022-02-14 14:05:31 - [TEST_STEP][PASSED] - orderId = orderId: null

2022-02-14 14:05:31 - [TEST_STEP][PASSED] - logInfo(Order ID: $orderId): Order ID: 164456044129743

2022-02-14 14:05:31 - [MESSAGE][INFO] - Order ID: 164456044129743

2022-02-14 14:05:31 - [TEST_STEP][PASSED] - click(findTestObject("Object Repository/GetOrderID/GetOrderID", ["position":refund])): Object: 'Object Repository/GetOrderID/GetOrderID' is clicked on

2022-02-14 14:05:35 - [MESSAGE][PASSED] - Object: 'Object Repository/GetOrderID/GetOrderID' is clicked on

2022-02-14 14:05:35 - [TEST_STEP][PASSED] - delay(20): Delayed 20 second(s)

2022-02-14 14:05:55 - [MESSAGE][PASSED] - Delayed 20 second(s)

2022-02-14 14:05:55 - [TEST_STEP][PASSED] - takeScreenshot(): Taking screenshot successfully

2022-02-14 14:05:55 - [MESSAGE][PASSED] - Taking screenshot successfully
[[ATTACHMENT|/home/intersoft-admin/Rattan/Bash/Training/Rattan/Final_testing/New_ActivityOverview/Reports/20220214_115757/CancelAndRefundMultipleBookings-CopiedURL/20220214_115814/1644827755015.png]]

2022-02-14 14:05:55 - [TEST_STEP][PASSED] - if (waitForElementPresent(findTestObject("Object Repository/DetailPop-up/ExpanSection/ProductInformationExpandedSection-Exist"), 10)): Taking screenshot successfully

2022-02-14 14:05:55 - [MESSAGE][PASSED] - Object 'Object Repository/DetailPop-up/ExpanSection/ProductInformationExpandedSection-Exist' is present

2022-02-14 14:05:55 - [TEST_STEP][PASSED] - logInfo("Product Expanded Section Exist"): Product Expanded Section Exist

2022-02-14 14:05:55 - [MESSAGE][INFO] - Product Expanded Section Exist

2022-02-14 14:05:55 - [TEST_STEP][PASSED] - click(findTestObject("DetailPop-up/ExpanSection/ProductInformationExpandedSection -Exist- ClickOnExpandedView")): Object: 'Object Repository/DetailPop-up/ExpanSection/ProductInformationExpandedSection -Exist- ClickOnExpandedView' is clicked on

2022-02-14 14:05:58 - [MESSAGE][PASSED] - Object: 'Object Repository/DetailPop-up/ExpanSection/ProductInformationExpandedSection -Exist- ClickOnExpandedView' is clicked on

2022-02-14 14:05:58 - [TEST_STEP][PASSED] - delay(3): Delayed 3 second(s)

2022-02-14 14:06:01 - [MESSAGE][PASSED] - Delayed 3 second(s)

2022-02-14 14:06:01 - [TEST_STEP][PASSED] - takeScreenshot(): Taking screenshot successfully

2022-02-14 14:06:01 - [MESSAGE][PASSED] - Taking screenshot successfully
[[ATTACHMENT|/home/intersoft-admin/Rattan/Bash/Training/Rattan/Final_testing/New_ActivityOverview/Reports/20220214_115757/CancelAndRefundMultipleBookings-CopiedURL/20220214_115814/1644827761459.png]]

2022-02-14 14:06:01 - [TEST_STEP][PASSED] - callTestCase(findTestCase("Test Cases/StepToReUse/StepTOCopyURLAndAddAnotherTab"), [:], CONTINUE_ON_FAILURE): Call Test Case 'Test Cases/StepToReUse/StepTOCopyURLAndAddAnotherTab' successfully

2022-02-14 14:06:01 - [TEST_CASE][PASSED] - Test Cases/StepToReUse/StepTOCopyURLAndAddAnotherTab: Test Cases/StepToReUse/StepTOCopyURLAndAddAnotherTab

2022-02-14 14:06:01 - [TEST_STEP][PASSED] - click(findTestObject("Object Repository/Header/Preview/ClickOnPreviewIcon")): Object: 'Object Repository/Header/Preview/ClickOnPreviewIcon' is clicked on

2022-02-14 14:06:04 - [MESSAGE][PASSED] - Object: 'Object Repository/Header/Preview/ClickOnPreviewIcon' is clicked on

2022-02-14 14:06:04 - [TEST_STEP][PASSED] - delay(10): Delayed 10 second(s)

2022-02-14 14:06:14 - [MESSAGE][PASSED] - Delayed 10 second(s)

2022-02-14 14:06:14 - [TEST_STEP][PASSED] - takeScreenshot(): Taking screenshot successfully

2022-02-14 14:06:14 - [MESSAGE][PASSED] - Taking screenshot successfully
[[ATTACHMENT|/home/intersoft-admin/Rattan/Bash/Training/Rattan/Final_testing/New_ActivityOverview/Reports/20220214_115757/CancelAndRefundMultipleBookings-CopiedURL/20220214_115814/1644827774841.png]]

2022-02-14 14:06:14 - [TEST_STEP][PASSED] - click(findTestObject("Object Repository/Header/Preview/PrintVoucher")): Object: 'Object Repository/Header/Preview/PrintVoucher' is clicked on

2022-02-14 14:06:18 - [MESSAGE][PASSED] - Object: 'Object Repository/Header/Preview/PrintVoucher' is clicked on

2022-02-14 14:06:18 - [TEST_STEP][PASSED] - delay(10): Delayed 10 second(s)

2022-02-14 14:06:28 - [MESSAGE][PASSED] - Delayed 10 second(s)

2022-02-14 14:06:28 - [TEST_STEP][PASSED] - takeScreenshot(): Taking screenshot successfully

2022-02-14 14:06:28 - [MESSAGE][PASSED] - Taking screenshot successfully
[[ATTACHMENT|/home/intersoft-admin/Rattan/Bash/Training/Rattan/Final_testing/New_ActivityOverview/Reports/20220214_115757/CancelAndRefundMultipleBookings-CopiedURL/20220214_115814/1644827788126.png]]

2022-02-14 14:06:28 - [TEST_STEP][PASSED] - UrlToClick = findWebElement(findTestObject("Object Repository/Header/CopyUrl/CopyUrl")).getAttribute("data-href_url"): null

2022-02-14 14:06:28 - [TEST_STEP][PASSED] - println(UrlToClick): null

2022-02-14 14:06:28 - [TEST_STEP][PASSED] - ActivityUrl = UrlToClick: null

2022-02-14 14:06:28 - [TEST_STEP][PASSED] - switchToWindowIndex(1): Switched to window with index: '1'

2022-02-14 14:06:28 - [MESSAGE][PASSED] - Switched to window with index: '1'

2022-02-14 14:06:28 - [TEST_STEP][PASSED] - delay(5): Delayed 5 second(s)

2022-02-14 14:06:33 - [MESSAGE][PASSED] - Delayed 5 second(s)

2022-02-14 14:06:33 - [TEST_STEP][PASSED] - navigateToUrl(ActivityUrl): Navigate to 'https://activity.test-prio.com/orders/164456044129743' successfully

2022-02-14 14:06:37 - [MESSAGE][PASSED] - Navigate to 'https://activity.test-prio.com/orders/164456044129743' successfully

2022-02-14 14:06:37 - [TEST_STEP][PASSED] - takeScreenshot(): Taking screenshot successfully

2022-02-14 14:06:38 - [MESSAGE][PASSED] - Taking screenshot successfully
[[ATTACHMENT|/home/intersoft-admin/Rattan/Bash/Training/Rattan/Final_testing/New_ActivityOverview/Reports/20220214_115757/CancelAndRefundMultipleBookings-CopiedURL/20220214_115814/1644827798349.png]]

2022-02-14 14:06:38 - [TEST_STEP][PASSED] - switchToDefaultContent(): null

2022-02-14 14:06:38 - [MESSAGE][PASSED] - Call Test Case 'Test Cases/StepToReUse/StepTOCopyURLAndAddAnotherTab' successfully

2022-02-14 14:06:38 - [TEST_STEP][PASSED] - bookingsize = findWebElements(findTestObject("Object Repository/DetailPop-up/ExpanSection/ProductSectionLength"), 5).size(): null

2022-02-14 14:06:38 - [TEST_STEP][PASSED] - logInfo(Size of Bookings on Product detail Pop-up: $bookingsize): Size of Bookings on Product detail Pop-up: 1

2022-02-14 14:06:38 - [MESSAGE][INFO] - Size of Bookings on Product detail Pop-up: 1

2022-02-14 14:06:38 - [TEST_STEP][PASSED] - for ([looping = 1, looping <= bookingsize, (looping++)]): Call Test Case 'Test Cases/StepToReUse/ActivityOverview-CancelBooking' successfully

2022-02-14 14:06:38 - [TEST_STEP][PASSED] - click(findTestObject("Object Repository/DetailPop-up/ExpanSection/ExpandProductSection", ["position":looping])): Object: 'Object Repository/DetailPop-up/ExpanSection/ExpandProductSection' is clicked on

2022-02-14 14:06:42 - [MESSAGE][PASSED] - Object: 'Object Repository/DetailPop-up/ExpanSection/ExpandProductSection' is clicked on

2022-02-14 14:06:42 - [TEST_STEP][PASSED] - delay(3): Delayed 3 second(s)

2022-02-14 14:06:45 - [MESSAGE][PASSED] - Delayed 3 second(s)

2022-02-14 14:06:45 - [TEST_STEP][PASSED] - takeScreenshot(): Taking screenshot successfully

2022-02-14 14:06:45 - [MESSAGE][PASSED] - Taking screenshot successfully
[[ATTACHMENT|/home/intersoft-admin/Rattan/Bash/Training/Rattan/Final_testing/New_ActivityOverview/Reports/20220214_115757/CancelAndRefundMultipleBookings-CopiedURL/20220214_115814/1644827805301.png]]

2022-02-14 14:06:45 - [TEST_STEP][PASSED] - callTestCase(findTestCase("Test Cases/StepToReUse/ActivityOverview-CancelBooking"), [:], CONTINUE_ON_FAILURE): Call Test Case 'Test Cases/StepToReUse/ActivityOverview-CancelBooking' successfully

2022-02-14 14:06:45 - [TEST_CASE][PASSED] - Test Cases/StepToReUse/ActivityOverview-CancelBooking: Test Cases/StepToReUse/ActivityOverview-CancelBooking

2022-02-14 14:06:45 - [TEST_STEP][PASSED] - logInfo(Refund Value: $GlobalVariable.refundvalue): Refund Value: 74

2022-02-14 14:06:45 - [MESSAGE][INFO] - Refund Value: 74

2022-02-14 14:06:45 - [TEST_STEP][PASSED] - cancelButtonSize = findWebElements(findTestObject("Object Repository/CancelAndRefund/CancelBookingButton"), 5).size(): null

2022-02-14 14:06:45 - [TEST_STEP][PASSED] - logInfo(Cancel Button Size: $cancelButtonSize): Cancel Button Size: 1

2022-02-14 14:06:45 - [MESSAGE][INFO] - Cancel Button Size: 1

2022-02-14 14:06:45 - [TEST_STEP][PASSED] - if (cancelButtonSize == 1): Taking screenshot successfully

2022-02-14 14:06:45 - [TEST_STEP][PASSED] - if (waitForElementClickable(findTestObject("Object Repository/CancelAndRefund/CancelBookingButton"), 15) == true): Taking screenshot successfully

2022-02-14 14:06:46 - [MESSAGE][PASSED] - Object 'Object Repository/CancelAndRefund/CancelBookingButton' is clickable

2022-02-14 14:06:46 - [TEST_STEP][PASSED] - scrollToElement(findTestObject("Object Repository/CancelAndRefund/CancelBookingButton"), 15): Scroll to object 'Object Repository/CancelAndRefund/CancelBookingButton' successfully

2022-02-14 14:06:46 - [MESSAGE][PASSED] - Scroll to object 'Object Repository/CancelAndRefund/CancelBookingButton' successfully

2022-02-14 14:06:46 - [TEST_STEP][PASSED] - click(findTestObject("Object Repository/CancelAndRefund/CancelBookingButton")): Object: 'Object Repository/CancelAndRefund/CancelBookingButton' is clicked on

2022-02-14 14:06:49 - [MESSAGE][PASSED] - Object: 'Object Repository/CancelAndRefund/CancelBookingButton' is clicked on

2022-02-14 14:06:49 - [TEST_STEP][PASSED] - delay(3): Delayed 3 second(s)

2022-02-14 14:06:52 - [MESSAGE][PASSED] - Delayed 3 second(s)

2022-02-14 14:06:52 - [TEST_STEP][PASSED] - takeScreenshot(): Taking screenshot successfully

2022-02-14 14:06:53 - [MESSAGE][PASSED] - Taking screenshot successfully
[[ATTACHMENT|/home/intersoft-admin/Rattan/Bash/Training/Rattan/Final_testing/New_ActivityOverview/Reports/20220214_115757/CancelAndRefundMultipleBookings-CopiedURL/20220214_115814/1644827812872.png]]

2022-02-14 14:06:53 - [TEST_STEP][PASSED] - if (waitForElementClickable(findTestObject("Object Repository/CancelAndRefund/CancelButton - OnRefundPop-up"), 15) == true): Taking screenshot successfully

2022-02-14 14:06:53 - [MESSAGE][PASSED] - Object 'Object Repository/CancelAndRefund/CancelButton - OnRefundPop-up' is clickable

2022-02-14 14:06:53 - [TEST_STEP][PASSED] - click(findTestObject("Object Repository/CancelAndRefund/CancelButton - OnRefundPop-up")): Object: 'Object Repository/CancelAndRefund/CancelButton - OnRefundPop-up' is clicked on

2022-02-14 14:06:56 - [MESSAGE][PASSED] - Object: 'Object Repository/CancelAndRefund/CancelButton - OnRefundPop-up' is clicked on

2022-02-14 14:06:56 - [TEST_STEP][PASSED] - delay(3): Delayed 3 second(s)

2022-02-14 14:06:59 - [MESSAGE][PASSED] - Delayed 3 second(s)

2022-02-14 14:06:59 - [TEST_STEP][PASSED] - takeScreenshot(): Taking screenshot successfully

2022-02-14 14:06:59 - [MESSAGE][PASSED] - Taking screenshot successfully
[[ATTACHMENT|/home/intersoft-admin/Rattan/Bash/Training/Rattan/Final_testing/New_ActivityOverview/Reports/20220214_115757/CancelAndRefundMultipleBookings-CopiedURL/20220214_115814/1644827819777.png]]

2022-02-14 14:06:59 - [TEST_STEP][PASSED] - click(findTestObject("Object Repository/CancelAndRefund/CancelBookingButton")): Object: 'Object Repository/CancelAndRefund/CancelBookingButton' is clicked on

2022-02-14 14:07:03 - [MESSAGE][PASSED] - Object: 'Object Repository/CancelAndRefund/CancelBookingButton' is clicked on

2022-02-14 14:07:03 - [TEST_STEP][PASSED] - if (refundvalue < 4): null

2022-02-14 14:07:03 - [TEST_STEP][PASSED] - if (refundvalue <= 6 && refundvalue >= 4): null

2022-02-14 14:07:03 - [TEST_STEP][PASSED] - if (refundvalue > 6): Taking screenshot successfully

2022-02-14 14:07:03 - [TEST_STEP][PASSED] - if (waitForElementVisible(findTestObject("Object Repository/CancelAndRefund/RefundOptionRadio"), 15) == true): Taking screenshot successfully

2022-02-14 14:07:03 - [MESSAGE][PASSED] - Object 'Object Repository/CancelAndRefund/RefundOptionRadio' is visible

2022-02-14 14:07:03 - [TEST_STEP][PASSED] - click(findTestObject("Object Repository/CancelAndRefund/RefundOptionRadio")): Object: 'Object Repository/CancelAndRefund/RefundOptionRadio' is clicked on

2022-02-14 14:07:06 - [MESSAGE][PASSED] - Object: 'Object Repository/CancelAndRefund/RefundOptionRadio' is clicked on

2022-02-14 14:07:06 - [TEST_STEP][PASSED] - delay(3): Delayed 3 second(s)

2022-02-14 14:07:09 - [MESSAGE][PASSED] - Delayed 3 second(s)

2022-02-14 14:07:09 - [TEST_STEP][PASSED] - takeScreenshot(): Taking screenshot successfully

2022-02-14 14:07:10 - [MESSAGE][PASSED] - Taking screenshot successfully
[[ATTACHMENT|/home/intersoft-admin/Rattan/Bash/Training/Rattan/Final_testing/New_ActivityOverview/Reports/20220214_115757/CancelAndRefundMultipleBookings-CopiedURL/20220214_115814/1644827830213.png]]

2022-02-14 14:07:10 - [TEST_STEP][PASSED] - setText(findTestObject("Object Repository/CancelAndRefund/ReasonForCancellation"), CancellationReason): Text 'Order Refunded to Test Automation Testing Under Katalon' is set on object 'Object Repository/CancelAndRefund/ReasonForCancellation'

2022-02-14 14:07:16 - [MESSAGE][PASSED] - Text 'Order Refunded to Test Automation Testing Under Katalon' is set on object 'Object Repository/CancelAndRefund/ReasonForCancellation'

2022-02-14 14:07:16 - [TEST_STEP][PASSED] - click(findTestObject("Object Repository/CancelAndRefund/ConfirmCancellationButton")): Object: 'Object Repository/CancelAndRefund/ConfirmCancellationButton' is clicked on

2022-02-14 14:07:20 - [MESSAGE][PASSED] - Object: 'Object Repository/CancelAndRefund/ConfirmCancellationButton' is clicked on

2022-02-14 14:07:20 - [TEST_STEP][PASSED] - delay(3): Delayed 3 second(s)

2022-02-14 14:07:23 - [MESSAGE][PASSED] - Delayed 3 second(s)

2022-02-14 14:07:23 - [TEST_STEP][PASSED] - takeScreenshot(): Taking screenshot successfully

2022-02-14 14:07:23 - [MESSAGE][PASSED] - Taking screenshot successfully
[[ATTACHMENT|/home/intersoft-admin/Rattan/Bash/Training/Rattan/Final_testing/New_ActivityOverview/Reports/20220214_115757/CancelAndRefundMultipleBookings-CopiedURL/20220214_115814/1644827843471.png]]

2022-02-14 14:07:23 - [TEST_STEP][PASSED] - if (cancelButtonSize > 1): null

2022-02-14 14:07:23 - [MESSAGE][PASSED] - Call Test Case 'Test Cases/StepToReUse/ActivityOverview-CancelBooking' successfully

2022-02-14 14:07:23 - [TEST_STEP][PASSED] - switchToWindowIndex(0): Switched to window with index: '0'

2022-02-14 14:07:23 - [MESSAGE][PASSED] - Switched to window with index: '0'

2022-02-14 14:07:23 - [TEST_STEP][PASSED] - delay(13): Delayed 13 second(s)

2022-02-14 14:07:36 - [MESSAGE][PASSED] - Delayed 13 second(s)

2022-02-14 14:07:36 - [TEST_STEP][PASSED] - switchToFrame(findTestObject("Object Repository/Iframe/NewActivityOverviewIframe"), 5): null

2022-02-14 14:07:36 - [TEST_STEP][PASSED] - click(findTestObject("Object Repository/DetailPop-up/Backbutton/BackButtonToListing")): Object: 'Object Repository/DetailPop-up/Backbutton/BackButtonToListing' is clicked on

2022-02-14 14:07:40 - [MESSAGE][PASSED] - Object: 'Object Repository/DetailPop-up/Backbutton/BackButtonToListing' is clicked on

2022-02-14 14:07:40 - [TEST_STEP][PASSED] - delay(13): Delayed 13 second(s)

2022-02-14 14:07:53 - [MESSAGE][PASSED] - Delayed 13 second(s)

2022-02-14 14:07:53 - [TEST_STEP][PASSED] - if (l <= 5): null

2022-02-14 14:07:53 - [TEST_STEP][PASSED] - paginationvalue = l: null

2022-02-14 14:07:53 - [TEST_STEP][PASSED] - if (l > 5): null

2022-02-14 14:07:53 - [TEST_STEP][PASSED] - logInfo(Size of Pagination: $paginationvalue): Size of Pagination: 3

2022-02-14 14:07:53 - [MESSAGE][INFO] - Size of Pagination: 3

2022-02-14 14:07:53 - [TEST_STEP][PASSED] - click(findTestObject("Object Repository/PaginationCOunt/ClickOnPagination", ["pagination":paginationvalue])): Object: 'Object Repository/PaginationCOunt/ClickOnPagination' is clicked on

2022-02-14 14:07:56 - [MESSAGE][PASSED] - Object: 'Object Repository/PaginationCOunt/ClickOnPagination' is clicked on

2022-02-14 14:07:56 - [TEST_STEP][PASSED] - delay(20): Delayed 20 second(s)

2022-02-14 14:08:16 - [MESSAGE][PASSED] - Delayed 20 second(s)

2022-02-14 14:08:16 - [TEST_STEP][PASSED] - takeScreenshot(): Taking screenshot successfully

2022-02-14 14:08:16 - [MESSAGE][PASSED] - Taking screenshot successfully
[[ATTACHMENT|/home/intersoft-admin/Rattan/Bash/Training/Rattan/Final_testing/New_ActivityOverview/Reports/20220214_115757/CancelAndRefundMultipleBookings-CopiedURL/20220214_115814/1644827896436.png]]

2022-02-14 14:08:16 - [TEST_STEP][PASSED] - SizeofActiveBookings = findWebElements(findTestObject("Object Repository/CancelAndRefund/OrderListWithoutRefundedStatus"), 5).size(): null

2022-02-14 14:08:16 - [TEST_STEP][PASSED] - logInfo(Size of Active Bookings: $SizeofActiveBookings): Size of Active Bookings: 79

2022-02-14 14:08:16 - [MESSAGE][INFO] - Size of Active Bookings: 79

2022-02-14 14:08:16 - [TEST_STEP][PASSED] - for ([refund = 1, refund < SizeofActiveBookings, (refund++)]): Call Test Case 'Test Cases/StepToReUse/ActivityOverview-CancelBooking' successfully

2022-02-14 14:08:16 - [TEST_STEP][PASSED] - if (refund == 1): null

2022-02-14 14:08:16 - [TEST_STEP][PASSED] - refund = SizeofActiveBookings: null

2022-02-14 14:08:16 - [TEST_STEP][PASSED] - refundvalue = refund: null

2022-02-14 14:08:16 - [TEST_STEP][PASSED] - logInfo(Size of refund booking: $refund): Size of refund booking: 79

2022-02-14 14:08:16 - [MESSAGE][INFO] - Size of refund booking: 79

2022-02-14 14:08:16 - [TEST_STEP][PASSED] - scrollToElement(findTestObject("Object Repository/CancelAndRefund/OrderListWithoutRefundedStatus - Click", ["position":refund]), 15): Scroll to object 'Object Repository/CancelAndRefund/OrderListWithoutRefundedStatus - Click' successfully

2022-02-14 14:08:16 - [MESSAGE][PASSED] - Scroll to object 'Object Repository/CancelAndRefund/OrderListWithoutRefundedStatus - Click' successfully

2022-02-14 14:08:16 - [TEST_STEP][PASSED] - takeScreenshot(): Taking screenshot successfully

2022-02-14 14:08:16 - [MESSAGE][PASSED] - Taking screenshot successfully
[[ATTACHMENT|/home/intersoft-admin/Rattan/Bash/Training/Rattan/Final_testing/New_ActivityOverview/Reports/20220214_115757/CancelAndRefundMultipleBookings-CopiedURL/20220214_115814/1644827896745.png]]

2022-02-14 14:08:16 - [TEST_STEP][PASSED] - orderId = findWebElement(findTestObject("Object Repository/GetOrderID/GetOrderID", ["position":refund])).getAttribute("data-order_id"): null

2022-02-14 14:08:16 - [TEST_STEP][PASSED] - orderId = orderId: null

2022-02-14 14:08:16 - [TEST_STEP][PASSED] - logInfo(Order ID: $orderId): Order ID: 164440709642748

2022-02-14 14:08:16 - [MESSAGE][INFO] - Order ID: 164440709642748

2022-02-14 14:08:16 - [TEST_STEP][PASSED] - click(findTestObject("Object Repository/GetOrderID/GetOrderID", ["position":refund])): Object: 'Object Repository/GetOrderID/GetOrderID' is clicked on

2022-02-14 14:08:20 - [MESSAGE][PASSED] - Object: 'Object Repository/GetOrderID/GetOrderID' is clicked on

2022-02-14 14:08:20 - [TEST_STEP][PASSED] - delay(20): Delayed 20 second(s)

2022-02-14 14:08:40 - [MESSAGE][PASSED] - Delayed 20 second(s)

2022-02-14 14:08:40 - [TEST_STEP][PASSED] - takeScreenshot(): Taking screenshot successfully

2022-02-14 14:08:40 - [MESSAGE][PASSED] - Taking screenshot successfully
[[ATTACHMENT|/home/intersoft-admin/Rattan/Bash/Training/Rattan/Final_testing/New_ActivityOverview/Reports/20220214_115757/CancelAndRefundMultipleBookings-CopiedURL/20220214_115814/1644827920113.png]]

2022-02-14 14:08:40 - [TEST_STEP][PASSED] - if (waitForElementPresent(findTestObject("Object Repository/DetailPop-up/ExpanSection/ProductInformationExpandedSection-Exist"), 10)): Taking screenshot successfully

2022-02-14 14:08:40 - [MESSAGE][PASSED] - Object 'Object Repository/DetailPop-up/ExpanSection/ProductInformationExpandedSection-Exist' is present

2022-02-14 14:08:40 - [TEST_STEP][PASSED] - logInfo("Product Expanded Section Exist"): Product Expanded Section Exist

2022-02-14 14:08:40 - [MESSAGE][INFO] - Product Expanded Section Exist

2022-02-14 14:08:40 - [TEST_STEP][PASSED] - click(findTestObject("DetailPop-up/ExpanSection/ProductInformationExpandedSection -Exist- ClickOnExpandedView")): Object: 'Object Repository/DetailPop-up/ExpanSection/ProductInformationExpandedSection -Exist- ClickOnExpandedView' is clicked on

2022-02-14 14:08:43 - [MESSAGE][PASSED] - Object: 'Object Repository/DetailPop-up/ExpanSection/ProductInformationExpandedSection -Exist- ClickOnExpandedView' is clicked on

2022-02-14 14:08:43 - [TEST_STEP][PASSED] - delay(3): Delayed 3 second(s)

2022-02-14 14:08:46 - [MESSAGE][PASSED] - Delayed 3 second(s)

2022-02-14 14:08:46 - [TEST_STEP][PASSED] - takeScreenshot(): Taking screenshot successfully

2022-02-14 14:08:46 - [MESSAGE][PASSED] - Taking screenshot successfully
[[ATTACHMENT|/home/intersoft-admin/Rattan/Bash/Training/Rattan/Final_testing/New_ActivityOverview/Reports/20220214_115757/CancelAndRefundMultipleBookings-CopiedURL/20220214_115814/1644827926476.png]]

2022-02-14 14:08:46 - [TEST_STEP][PASSED] - callTestCase(findTestCase("Test Cases/StepToReUse/StepTOCopyURLAndAddAnotherTab"), [:], CONTINUE_ON_FAILURE): Call Test Case 'Test Cases/StepToReUse/StepTOCopyURLAndAddAnotherTab' successfully

2022-02-14 14:08:46 - [TEST_CASE][PASSED] - Test Cases/StepToReUse/StepTOCopyURLAndAddAnotherTab: Test Cases/StepToReUse/StepTOCopyURLAndAddAnotherTab

2022-02-14 14:08:46 - [TEST_STEP][PASSED] - click(findTestObject("Object Repository/Header/Preview/ClickOnPreviewIcon")): Object: 'Object Repository/Header/Preview/ClickOnPreviewIcon' is clicked on

2022-02-14 14:08:49 - [MESSAGE][PASSED] - Object: 'Object Repository/Header/Preview/ClickOnPreviewIcon' is clicked on

2022-02-14 14:08:49 - [TEST_STEP][PASSED] - delay(10): Delayed 10 second(s)

2022-02-14 14:08:59 - [MESSAGE][PASSED] - Delayed 10 second(s)

2022-02-14 14:08:59 - [TEST_STEP][PASSED] - takeScreenshot(): Taking screenshot successfully

2022-02-14 14:08:59 - [MESSAGE][PASSED] - Taking screenshot successfully
[[ATTACHMENT|/home/intersoft-admin/Rattan/Bash/Training/Rattan/Final_testing/New_ActivityOverview/Reports/20220214_115757/CancelAndRefundMultipleBookings-CopiedURL/20220214_115814/1644827939843.png]]

2022-02-14 14:08:59 - [TEST_STEP][PASSED] - click(findTestObject("Object Repository/Header/Preview/PrintVoucher")): Object: 'Object Repository/Header/Preview/PrintVoucher' is clicked on

2022-02-14 14:09:03 - [MESSAGE][PASSED] - Object: 'Object Repository/Header/Preview/PrintVoucher' is clicked on

2022-02-14 14:09:03 - [TEST_STEP][PASSED] - delay(10): Delayed 10 second(s)

2022-02-14 14:09:13 - [MESSAGE][PASSED] - Delayed 10 second(s)

2022-02-14 14:09:13 - [TEST_STEP][PASSED] - takeScreenshot(): Taking screenshot successfully

2022-02-14 14:09:13 - [MESSAGE][PASSED] - Taking screenshot successfully
[[ATTACHMENT|/home/intersoft-admin/Rattan/Bash/Training/Rattan/Final_testing/New_ActivityOverview/Reports/20220214_115757/CancelAndRefundMultipleBookings-CopiedURL/20220214_115814/1644827953147.png]]

2022-02-14 14:09:13 - [TEST_STEP][PASSED] - UrlToClick = findWebElement(findTestObject("Object Repository/Header/CopyUrl/CopyUrl")).getAttribute("data-href_url"): null

2022-02-14 14:09:13 - [TEST_STEP][PASSED] - println(UrlToClick): null

2022-02-14 14:09:13 - [TEST_STEP][PASSED] - ActivityUrl = UrlToClick: null

2022-02-14 14:09:13 - [TEST_STEP][PASSED] - switchToWindowIndex(1): Switched to window with index: '1'

2022-02-14 14:09:13 - [MESSAGE][PASSED] - Switched to window with index: '1'

2022-02-14 14:09:13 - [TEST_STEP][PASSED] - delay(5): Delayed 5 second(s)

2022-02-14 14:09:18 - [MESSAGE][PASSED] - Delayed 5 second(s)

2022-02-14 14:09:18 - [TEST_STEP][PASSED] - navigateToUrl(ActivityUrl): Navigate to 'https://activity.test-prio.com/orders/164440709642748' successfully

2022-02-14 14:09:22 - [MESSAGE][PASSED] - Navigate to 'https://activity.test-prio.com/orders/164440709642748' successfully

2022-02-14 14:09:22 - [TEST_STEP][PASSED] - takeScreenshot(): Taking screenshot successfully

2022-02-14 14:09:23 - [MESSAGE][PASSED] - Taking screenshot successfully
[[ATTACHMENT|/home/intersoft-admin/Rattan/Bash/Training/Rattan/Final_testing/New_ActivityOverview/Reports/20220214_115757/CancelAndRefundMultipleBookings-CopiedURL/20220214_115814/1644827963059.png]]

2022-02-14 14:09:23 - [TEST_STEP][PASSED] - switchToDefaultContent(): null

2022-02-14 14:09:23 - [MESSAGE][PASSED] - Call Test Case 'Test Cases/StepToReUse/StepTOCopyURLAndAddAnotherTab' successfully

2022-02-14 14:09:23 - [TEST_STEP][PASSED] - bookingsize = findWebElements(findTestObject("Object Repository/DetailPop-up/ExpanSection/ProductSectionLength"), 5).size(): null

2022-02-14 14:09:23 - [TEST_STEP][PASSED] - logInfo(Size of Bookings on Product detail Pop-up: $bookingsize): Size of Bookings on Product detail Pop-up: 1

2022-02-14 14:09:23 - [MESSAGE][INFO] - Size of Bookings on Product detail Pop-up: 1

2022-02-14 14:09:23 - [TEST_STEP][PASSED] - for ([looping = 1, looping <= bookingsize, (looping++)]): Call Test Case 'Test Cases/StepToReUse/ActivityOverview-CancelBooking' successfully

2022-02-14 14:09:23 - [TEST_STEP][PASSED] - click(findTestObject("Object Repository/DetailPop-up/ExpanSection/ExpandProductSection", ["position":looping])): Object: 'Object Repository/DetailPop-up/ExpanSection/ExpandProductSection' is clicked on

2022-02-14 14:09:26 - [MESSAGE][PASSED] - Object: 'Object Repository/DetailPop-up/ExpanSection/ExpandProductSection' is clicked on

2022-02-14 14:09:26 - [TEST_STEP][PASSED] - delay(3): Delayed 3 second(s)

2022-02-14 14:09:29 - [MESSAGE][PASSED] - Delayed 3 second(s)

2022-02-14 14:09:29 - [TEST_STEP][PASSED] - takeScreenshot(): Taking screenshot successfully

2022-02-14 14:09:30 - [MESSAGE][PASSED] - Taking screenshot successfully
[[ATTACHMENT|/home/intersoft-admin/Rattan/Bash/Training/Rattan/Final_testing/New_ActivityOverview/Reports/20220214_115757/CancelAndRefundMultipleBookings-CopiedURL/20220214_115814/1644827970032.png]]

2022-02-14 14:09:30 - [TEST_STEP][PASSED] - callTestCase(findTestCase("Test Cases/StepToReUse/ActivityOverview-CancelBooking"), [:], CONTINUE_ON_FAILURE): Call Test Case 'Test Cases/StepToReUse/ActivityOverview-CancelBooking' successfully

2022-02-14 14:09:30 - [TEST_CASE][PASSED] - Test Cases/StepToReUse/ActivityOverview-CancelBooking: Test Cases/StepToReUse/ActivityOverview-CancelBooking

2022-02-14 14:09:30 - [TEST_STEP][PASSED] - logInfo(Refund Value: $GlobalVariable.refundvalue): Refund Value: 79

2022-02-14 14:09:30 - [MESSAGE][INFO] - Refund Value: 79

2022-02-14 14:09:30 - [TEST_STEP][PASSED] - cancelButtonSize = findWebElements(findTestObject("Object Repository/CancelAndRefund/CancelBookingButton"), 5).size(): null

2022-02-14 14:09:30 - [TEST_STEP][PASSED] - logInfo(Cancel Button Size: $cancelButtonSize): Cancel Button Size: 1

2022-02-14 14:09:30 - [MESSAGE][INFO] - Cancel Button Size: 1

2022-02-14 14:09:30 - [TEST_STEP][PASSED] - if (cancelButtonSize == 1): Taking screenshot successfully

2022-02-14 14:09:30 - [TEST_STEP][PASSED] - if (waitForElementClickable(findTestObject("Object Repository/CancelAndRefund/CancelBookingButton"), 15) == true): Taking screenshot successfully

2022-02-14 14:09:30 - [MESSAGE][PASSED] - Object 'Object Repository/CancelAndRefund/CancelBookingButton' is clickable

2022-02-14 14:09:30 - [TEST_STEP][PASSED] - scrollToElement(findTestObject("Object Repository/CancelAndRefund/CancelBookingButton"), 15): Scroll to object 'Object Repository/CancelAndRefund/CancelBookingButton' successfully

2022-02-14 14:09:31 - [MESSAGE][PASSED] - Scroll to object 'Object Repository/CancelAndRefund/CancelBookingButton' successfully

2022-02-14 14:09:31 - [TEST_STEP][PASSED] - click(findTestObject("Object Repository/CancelAndRefund/CancelBookingButton")): Object: 'Object Repository/CancelAndRefund/CancelBookingButton' is clicked on

2022-02-14 14:09:34 - [MESSAGE][PASSED] - Object: 'Object Repository/CancelAndRefund/CancelBookingButton' is clicked on

2022-02-14 14:09:34 - [TEST_STEP][PASSED] - delay(3): Delayed 3 second(s)

2022-02-14 14:09:37 - [MESSAGE][PASSED] - Delayed 3 second(s)

2022-02-14 14:09:37 - [TEST_STEP][PASSED] - takeScreenshot(): Taking screenshot successfully

2022-02-14 14:09:37 - [MESSAGE][PASSED] - Taking screenshot successfully
[[ATTACHMENT|/home/intersoft-admin/Rattan/Bash/Training/Rattan/Final_testing/New_ActivityOverview/Reports/20220214_115757/CancelAndRefundMultipleBookings-CopiedURL/20220214_115814/1644827977592.png]]

2022-02-14 14:09:37 - [TEST_STEP][PASSED] - if (waitForElementClickable(findTestObject("Object Repository/CancelAndRefund/CancelButton - OnRefundPop-up"), 15) == true): Taking screenshot successfully

2022-02-14 14:09:37 - [MESSAGE][PASSED] - Object 'Object Repository/CancelAndRefund/CancelButton - OnRefundPop-up' is clickable

2022-02-14 14:09:37 - [TEST_STEP][PASSED] - click(findTestObject("Object Repository/CancelAndRefund/CancelButton - OnRefundPop-up")): Object: 'Object Repository/CancelAndRefund/CancelButton - OnRefundPop-up' is clicked on

2022-02-14 14:09:41 - [MESSAGE][PASSED] - Object: 'Object Repository/CancelAndRefund/CancelButton - OnRefundPop-up' is clicked on

2022-02-14 14:09:41 - [TEST_STEP][PASSED] - delay(3): Delayed 3 second(s)

2022-02-14 14:09:44 - [MESSAGE][PASSED] - Delayed 3 second(s)

2022-02-14 14:09:44 - [TEST_STEP][PASSED] - takeScreenshot(): Taking screenshot successfully

2022-02-14 14:09:44 - [MESSAGE][PASSED] - Taking screenshot successfully
[[ATTACHMENT|/home/intersoft-admin/Rattan/Bash/Training/Rattan/Final_testing/New_ActivityOverview/Reports/20220214_115757/CancelAndRefundMultipleBookings-CopiedURL/20220214_115814/1644827984504.png]]

2022-02-14 14:09:44 - [TEST_STEP][PASSED] - click(findTestObject("Object Repository/CancelAndRefund/CancelBookingButton")): Object: 'Object Repository/CancelAndRefund/CancelBookingButton' is clicked on

2022-02-14 14:09:47 - [MESSAGE][PASSED] - Object: 'Object Repository/CancelAndRefund/CancelBookingButton' is clicked on

2022-02-14 14:09:47 - [TEST_STEP][PASSED] - if (refundvalue < 4): null

2022-02-14 14:09:47 - [TEST_STEP][PASSED] - if (refundvalue <= 6 && refundvalue >= 4): null

2022-02-14 14:09:47 - [TEST_STEP][PASSED] - if (refundvalue > 6): Taking screenshot successfully

2022-02-14 14:09:47 - [TEST_STEP][PASSED] - if (waitForElementVisible(findTestObject("Object Repository/CancelAndRefund/RefundOptionRadio"), 15) == true): Taking screenshot successfully

2022-02-14 14:09:48 - [MESSAGE][PASSED] - Object 'Object Repository/CancelAndRefund/RefundOptionRadio' is visible

2022-02-14 14:09:48 - [TEST_STEP][PASSED] - click(findTestObject("Object Repository/CancelAndRefund/RefundOptionRadio")): Object: 'Object Repository/CancelAndRefund/RefundOptionRadio' is clicked on

2022-02-14 14:09:51 - [MESSAGE][PASSED] - Object: 'Object Repository/CancelAndRefund/RefundOptionRadio' is clicked on

2022-02-14 14:09:51 - [TEST_STEP][PASSED] - delay(3): Delayed 3 second(s)

2022-02-14 14:09:54 - [MESSAGE][PASSED] - Delayed 3 second(s)

2022-02-14 14:09:54 - [TEST_STEP][PASSED] - takeScreenshot(): Taking screenshot successfully

2022-02-14 14:09:54 - [MESSAGE][PASSED] - Taking screenshot successfully
[[ATTACHMENT|/home/intersoft-admin/Rattan/Bash/Training/Rattan/Final_testing/New_ActivityOverview/Reports/20220214_115757/CancelAndRefundMultipleBookings-CopiedURL/20220214_115814/1644827994855.png]]

2022-02-14 14:09:54 - [TEST_STEP][PASSED] - setText(findTestObject("Object Repository/CancelAndRefund/ReasonForCancellation"), CancellationReason): Text 'Order Refunded to Test Automation Testing Under Katalon' is set on object 'Object Repository/CancelAndRefund/ReasonForCancellation'

2022-02-14 14:10:01 - [MESSAGE][PASSED] - Text 'Order Refunded to Test Automation Testing Under Katalon' is set on object 'Object Repository/CancelAndRefund/ReasonForCancellation'

2022-02-14 14:10:01 - [TEST_STEP][PASSED] - click(findTestObject("Object Repository/CancelAndRefund/ConfirmCancellationButton")): Object: 'Object Repository/CancelAndRefund/ConfirmCancellationButton' is clicked on

2022-02-14 14:10:04 - [MESSAGE][PASSED] - Object: 'Object Repository/CancelAndRefund/ConfirmCancellationButton' is clicked on

2022-02-14 14:10:04 - [TEST_STEP][PASSED] - delay(3): Delayed 3 second(s)

2022-02-14 14:10:07 - [MESSAGE][PASSED] - Delayed 3 second(s)

2022-02-14 14:10:07 - [TEST_STEP][PASSED] - takeScreenshot(): Taking screenshot successfully

2022-02-14 14:10:08 - [MESSAGE][PASSED] - Taking screenshot successfully
[[ATTACHMENT|/home/intersoft-admin/Rattan/Bash/Training/Rattan/Final_testing/New_ActivityOverview/Reports/20220214_115757/CancelAndRefundMultipleBookings-CopiedURL/20220214_115814/1644828008131.png]]

2022-02-14 14:10:08 - [TEST_STEP][PASSED] - if (cancelButtonSize > 1): null

2022-02-14 14:10:08 - [MESSAGE][PASSED] - Call Test Case 'Test Cases/StepToReUse/ActivityOverview-CancelBooking' successfully

2022-02-14 14:10:08 - [TEST_STEP][PASSED] - switchToWindowIndex(0): Switched to window with index: '0'

2022-02-14 14:10:08 - [MESSAGE][PASSED] - Switched to window with index: '0'

2022-02-14 14:10:08 - [TEST_STEP][PASSED] - delay(13): Delayed 13 second(s)

2022-02-14 14:10:21 - [MESSAGE][PASSED] - Delayed 13 second(s)

2022-02-14 14:10:21 - [TEST_STEP][PASSED] - switchToFrame(findTestObject("Object Repository/Iframe/NewActivityOverviewIframe"), 5): null

2022-02-14 14:10:21 - [TEST_STEP][PASSED] - click(findTestObject("Object Repository/DetailPop-up/Backbutton/BackButtonToListing")): Object: 'Object Repository/DetailPop-up/Backbutton/BackButtonToListing' is clicked on

2022-02-14 14:10:24 - [MESSAGE][PASSED] - Object: 'Object Repository/DetailPop-up/Backbutton/BackButtonToListing' is clicked on

2022-02-14 14:10:24 - [TEST_STEP][PASSED] - delay(13): Delayed 13 second(s)

2022-02-14 14:10:37 - [MESSAGE][PASSED] - Delayed 13 second(s)

2022-02-14 14:10:37 - [TEST_STEP][PASSED] - if (l <= 5): null

2022-02-14 14:10:37 - [TEST_STEP][PASSED] - paginationvalue = l: null

2022-02-14 14:10:37 - [TEST_STEP][PASSED] - if (l > 5): null

2022-02-14 14:10:37 - [TEST_STEP][PASSED] - logInfo(Size of Pagination: $paginationvalue): Size of Pagination: 4

2022-02-14 14:10:37 - [MESSAGE][INFO] - Size of Pagination: 4

2022-02-14 14:10:37 - [TEST_STEP][PASSED] - click(findTestObject("Object Repository/PaginationCOunt/ClickOnPagination", ["pagination":paginationvalue])): Object: 'Object Repository/PaginationCOunt/ClickOnPagination' is clicked on

2022-02-14 14:10:41 - [MESSAGE][PASSED] - Object: 'Object Repository/PaginationCOunt/ClickOnPagination' is clicked on

2022-02-14 14:10:41 - [TEST_STEP][PASSED] - delay(20): Delayed 20 second(s)

2022-02-14 14:11:01 - [MESSAGE][PASSED] - Delayed 20 second(s)

2022-02-14 14:11:01 - [TEST_STEP][PASSED] - takeScreenshot(): Taking screenshot successfully

2022-02-14 14:11:01 - [MESSAGE][PASSED] - Taking screenshot successfully
[[ATTACHMENT|/home/intersoft-admin/Rattan/Bash/Training/Rattan/Final_testing/New_ActivityOverview/Reports/20220214_115757/CancelAndRefundMultipleBookings-CopiedURL/20220214_115814/1644828061088.png]]

2022-02-14 14:11:01 - [TEST_STEP][PASSED] - SizeofActiveBookings = findWebElements(findTestObject("Object Repository/CancelAndRefund/OrderListWithoutRefundedStatus"), 5).size(): null

2022-02-14 14:11:01 - [TEST_STEP][PASSED] - logInfo(Size of Active Bookings: $SizeofActiveBookings): Size of Active Bookings: 78

2022-02-14 14:11:01 - [MESSAGE][INFO] - Size of Active Bookings: 78

2022-02-14 14:11:01 - [TEST_STEP][PASSED] - for ([refund = 1, refund < SizeofActiveBookings, (refund++)]): Call Test Case 'Test Cases/StepToReUse/ActivityOverview-CancelBooking' successfully

2022-02-14 14:11:01 - [TEST_STEP][PASSED] - if (refund == 1): null

2022-02-14 14:11:01 - [TEST_STEP][PASSED] - refund = SizeofActiveBookings: null

2022-02-14 14:11:01 - [TEST_STEP][PASSED] - refundvalue = refund: null

2022-02-14 14:11:01 - [TEST_STEP][PASSED] - logInfo(Size of refund booking: $refund): Size of refund booking: 78

2022-02-14 14:11:01 - [MESSAGE][INFO] - Size of refund booking: 78

2022-02-14 14:11:01 - [TEST_STEP][PASSED] - scrollToElement(findTestObject("Object Repository/CancelAndRefund/OrderListWithoutRefundedStatus - Click", ["position":refund]), 15): Scroll to object 'Object Repository/CancelAndRefund/OrderListWithoutRefundedStatus - Click' successfully

2022-02-14 14:11:01 - [MESSAGE][PASSED] - Scroll to object 'Object Repository/CancelAndRefund/OrderListWithoutRefundedStatus - Click' successfully

2022-02-14 14:11:01 - [TEST_STEP][PASSED] - takeScreenshot(): Taking screenshot successfully

2022-02-14 14:11:01 - [MESSAGE][PASSED] - Taking screenshot successfully
[[ATTACHMENT|/home/intersoft-admin/Rattan/Bash/Training/Rattan/Final_testing/New_ActivityOverview/Reports/20220214_115757/CancelAndRefundMultipleBookings-CopiedURL/20220214_115814/1644828061359.png]]

2022-02-14 14:11:01 - [TEST_STEP][PASSED] - orderId = findWebElement(findTestObject("Object Repository/GetOrderID/GetOrderID", ["position":refund])).getAttribute("data-order_id"): null

2022-02-14 14:11:01 - [TEST_STEP][PASSED] - orderId = orderId: null

2022-02-14 14:11:01 - [TEST_STEP][PASSED] - logInfo(Order ID: $orderId): Order ID: 164431857487598

2022-02-14 14:11:01 - [MESSAGE][INFO] - Order ID: 164431857487598

2022-02-14 14:11:01 - [TEST_STEP][PASSED] - click(findTestObject("Object Repository/GetOrderID/GetOrderID", ["position":refund])): Object: 'Object Repository/GetOrderID/GetOrderID' is clicked on

2022-02-14 14:11:04 - [MESSAGE][PASSED] - Object: 'Object Repository/GetOrderID/GetOrderID' is clicked on

2022-02-14 14:11:04 - [TEST_STEP][PASSED] - delay(20): Delayed 20 second(s)

2022-02-14 14:11:24 - [MESSAGE][PASSED] - Delayed 20 second(s)

2022-02-14 14:11:24 - [TEST_STEP][PASSED] - takeScreenshot(): Taking screenshot successfully

2022-02-14 14:11:24 - [MESSAGE][PASSED] - Taking screenshot successfully
[[ATTACHMENT|/home/intersoft-admin/Rattan/Bash/Training/Rattan/Final_testing/New_ActivityOverview/Reports/20220214_115757/CancelAndRefundMultipleBookings-CopiedURL/20220214_115814/1644828084727.png]]

2022-02-14 14:11:24 - [TEST_STEP][PASSED] - if (waitForElementPresent(findTestObject("Object Repository/DetailPop-up/ExpanSection/ProductInformationExpandedSection-Exist"), 10)): Taking screenshot successfully

2022-02-14 14:11:24 - [MESSAGE][PASSED] - Object 'Object Repository/DetailPop-up/ExpanSection/ProductInformationExpandedSection-Exist' is present

2022-02-14 14:11:24 - [TEST_STEP][PASSED] - logInfo("Product Expanded Section Exist"): Product Expanded Section Exist

2022-02-14 14:11:24 - [MESSAGE][INFO] - Product Expanded Section Exist

2022-02-14 14:11:24 - [TEST_STEP][PASSED] - click(findTestObject("DetailPop-up/ExpanSection/ProductInformationExpandedSection -Exist- ClickOnExpandedView")): Object: 'Object Repository/DetailPop-up/ExpanSection/ProductInformationExpandedSection -Exist- ClickOnExpandedView' is clicked on

2022-02-14 14:11:28 - [MESSAGE][PASSED] - Object: 'Object Repository/DetailPop-up/ExpanSection/ProductInformationExpandedSection -Exist- ClickOnExpandedView' is clicked on

2022-02-14 14:11:28 - [TEST_STEP][PASSED] - delay(3): Delayed 3 second(s)

2022-02-14 14:11:31 - [MESSAGE][PASSED] - Delayed 3 second(s)

2022-02-14 14:11:31 - [TEST_STEP][PASSED] - takeScreenshot(): Taking screenshot successfully

2022-02-14 14:11:31 - [MESSAGE][PASSED] - Taking screenshot successfully
[[ATTACHMENT|/home/intersoft-admin/Rattan/Bash/Training/Rattan/Final_testing/New_ActivityOverview/Reports/20220214_115757/CancelAndRefundMultipleBookings-CopiedURL/20220214_115814/1644828091115.png]]

2022-02-14 14:11:31 - [TEST_STEP][PASSED] - callTestCase(findTestCase("Test Cases/StepToReUse/StepTOCopyURLAndAddAnotherTab"), [:], CONTINUE_ON_FAILURE): Call Test Case 'Test Cases/StepToReUse/StepTOCopyURLAndAddAnotherTab' successfully

2022-02-14 14:11:31 - [TEST_CASE][PASSED] - Test Cases/StepToReUse/StepTOCopyURLAndAddAnotherTab: Test Cases/StepToReUse/StepTOCopyURLAndAddAnotherTab

2022-02-14 14:11:31 - [TEST_STEP][PASSED] - click(findTestObject("Object Repository/Header/Preview/ClickOnPreviewIcon")): Object: 'Object Repository/Header/Preview/ClickOnPreviewIcon' is clicked on

2022-02-14 14:11:34 - [MESSAGE][PASSED] - Object: 'Object Repository/Header/Preview/ClickOnPreviewIcon' is clicked on

2022-02-14 14:11:34 - [TEST_STEP][PASSED] - delay(10): Delayed 10 second(s)

2022-02-14 14:11:44 - [MESSAGE][PASSED] - Delayed 10 second(s)

2022-02-14 14:11:44 - [TEST_STEP][PASSED] - takeScreenshot(): Taking screenshot successfully

2022-02-14 14:11:44 - [MESSAGE][PASSED] - Taking screenshot successfully
[[ATTACHMENT|/home/intersoft-admin/Rattan/Bash/Training/Rattan/Final_testing/New_ActivityOverview/Reports/20220214_115757/CancelAndRefundMultipleBookings-CopiedURL/20220214_115814/1644828104466.png]]

2022-02-14 14:11:44 - [TEST_STEP][PASSED] - click(findTestObject("Object Repository/Header/Preview/PrintVoucher")): Object: 'Object Repository/Header/Preview/PrintVoucher' is clicked on

2022-02-14 14:11:47 - [MESSAGE][PASSED] - Object: 'Object Repository/Header/Preview/PrintVoucher' is clicked on

2022-02-14 14:11:47 - [TEST_STEP][PASSED] - delay(10): Delayed 10 second(s)

2022-02-14 14:11:57 - [MESSAGE][PASSED] - Delayed 10 second(s)

2022-02-14 14:11:57 - [TEST_STEP][PASSED] - takeScreenshot(): Taking screenshot successfully

2022-02-14 14:11:57 - [MESSAGE][PASSED] - Taking screenshot successfully
[[ATTACHMENT|/home/intersoft-admin/Rattan/Bash/Training/Rattan/Final_testing/New_ActivityOverview/Reports/20220214_115757/CancelAndRefundMultipleBookings-CopiedURL/20220214_115814/1644828117811.png]]

2022-02-14 14:11:57 - [TEST_STEP][PASSED] - UrlToClick = findWebElement(findTestObject("Object Repository/Header/CopyUrl/CopyUrl")).getAttribute("data-href_url"): null

2022-02-14 14:11:58 - [TEST_STEP][PASSED] - println(UrlToClick): null

2022-02-14 14:11:58 - [TEST_STEP][PASSED] - ActivityUrl = UrlToClick: null

2022-02-14 14:11:58 - [TEST_STEP][PASSED] - switchToWindowIndex(1): Switched to window with index: '1'

2022-02-14 14:11:58 - [MESSAGE][PASSED] - Switched to window with index: '1'

2022-02-14 14:11:58 - [TEST_STEP][PASSED] - delay(5): Delayed 5 second(s)

2022-02-14 14:12:03 - [MESSAGE][PASSED] - Delayed 5 second(s)

2022-02-14 14:12:03 - [TEST_STEP][PASSED] - navigateToUrl(ActivityUrl): Navigate to 'https://activity.test-prio.com/orders/164431857487598' successfully

2022-02-14 14:12:07 - [MESSAGE][PASSED] - Navigate to 'https://activity.test-prio.com/orders/164431857487598' successfully

2022-02-14 14:12:07 - [TEST_STEP][PASSED] - takeScreenshot(): Taking screenshot successfully

2022-02-14 14:12:08 - [MESSAGE][PASSED] - Taking screenshot successfully
[[ATTACHMENT|/home/intersoft-admin/Rattan/Bash/Training/Rattan/Final_testing/New_ActivityOverview/Reports/20220214_115757/CancelAndRefundMultipleBookings-CopiedURL/20220214_115814/1644828127869.png]]

2022-02-14 14:12:08 - [TEST_STEP][PASSED] - switchToDefaultContent(): null

2022-02-14 14:12:08 - [MESSAGE][PASSED] - Call Test Case 'Test Cases/StepToReUse/StepTOCopyURLAndAddAnotherTab' successfully

2022-02-14 14:12:08 - [TEST_STEP][PASSED] - bookingsize = findWebElements(findTestObject("Object Repository/DetailPop-up/ExpanSection/ProductSectionLength"), 5).size(): null

2022-02-14 14:12:08 - [TEST_STEP][PASSED] - logInfo(Size of Bookings on Product detail Pop-up: $bookingsize): Size of Bookings on Product detail Pop-up: 1

2022-02-14 14:12:08 - [MESSAGE][INFO] - Size of Bookings on Product detail Pop-up: 1

2022-02-14 14:12:08 - [TEST_STEP][PASSED] - for ([looping = 1, looping <= bookingsize, (looping++)]): Call Test Case 'Test Cases/StepToReUse/ActivityOverview-CancelBooking' successfully

2022-02-14 14:12:08 - [TEST_STEP][PASSED] - click(findTestObject("Object Repository/DetailPop-up/ExpanSection/ExpandProductSection", ["position":looping])): Object: 'Object Repository/DetailPop-up/ExpanSection/ExpandProductSection' is clicked on

2022-02-14 14:12:11 - [MESSAGE][PASSED] - Object: 'Object Repository/DetailPop-up/ExpanSection/ExpandProductSection' is clicked on

2022-02-14 14:12:11 - [TEST_STEP][PASSED] - delay(3): Delayed 3 second(s)

2022-02-14 14:12:14 - [MESSAGE][PASSED] - Delayed 3 second(s)

2022-02-14 14:12:14 - [TEST_STEP][PASSED] - takeScreenshot(): Taking screenshot successfully

2022-02-14 14:12:14 - [MESSAGE][PASSED] - Taking screenshot successfully
[[ATTACHMENT|/home/intersoft-admin/Rattan/Bash/Training/Rattan/Final_testing/New_ActivityOverview/Reports/20220214_115757/CancelAndRefundMultipleBookings-CopiedURL/20220214_115814/1644828134855.png]]

2022-02-14 14:12:14 - [TEST_STEP][PASSED] - callTestCase(findTestCase("Test Cases/StepToReUse/ActivityOverview-CancelBooking"), [:], CONTINUE_ON_FAILURE): Call Test Case 'Test Cases/StepToReUse/ActivityOverview-CancelBooking' successfully

2022-02-14 14:12:15 - [TEST_CASE][PASSED] - Test Cases/StepToReUse/ActivityOverview-CancelBooking: Test Cases/StepToReUse/ActivityOverview-CancelBooking

2022-02-14 14:12:15 - [TEST_STEP][PASSED] - logInfo(Refund Value: $GlobalVariable.refundvalue): Refund Value: 78

2022-02-14 14:12:15 - [MESSAGE][INFO] - Refund Value: 78

2022-02-14 14:12:15 - [TEST_STEP][PASSED] - cancelButtonSize = findWebElements(findTestObject("Object Repository/CancelAndRefund/CancelBookingButton"), 5).size(): null

2022-02-14 14:12:15 - [TEST_STEP][PASSED] - logInfo(Cancel Button Size: $cancelButtonSize): Cancel Button Size: 1

2022-02-14 14:12:15 - [MESSAGE][INFO] - Cancel Button Size: 1

2022-02-14 14:12:15 - [TEST_STEP][PASSED] - if (cancelButtonSize == 1): Taking screenshot successfully

2022-02-14 14:12:15 - [TEST_STEP][PASSED] - if (waitForElementClickable(findTestObject("Object Repository/CancelAndRefund/CancelBookingButton"), 15) == true): Taking screenshot successfully

2022-02-14 14:12:15 - [MESSAGE][PASSED] - Object 'Object Repository/CancelAndRefund/CancelBookingButton' is clickable

2022-02-14 14:12:15 - [TEST_STEP][PASSED] - scrollToElement(findTestObject("Object Repository/CancelAndRefund/CancelBookingButton"), 15): Scroll to object 'Object Repository/CancelAndRefund/CancelBookingButton' successfully

2022-02-14 14:12:15 - [MESSAGE][PASSED] - Scroll to object 'Object Repository/CancelAndRefund/CancelBookingButton' successfully

2022-02-14 14:12:15 - [TEST_STEP][PASSED] - click(findTestObject("Object Repository/CancelAndRefund/CancelBookingButton")): Object: 'Object Repository/CancelAndRefund/CancelBookingButton' is clicked on

2022-02-14 14:12:19 - [MESSAGE][PASSED] - Object: 'Object Repository/CancelAndRefund/CancelBookingButton' is clicked on

2022-02-14 14:12:19 - [TEST_STEP][PASSED] - delay(3): Delayed 3 second(s)

2022-02-14 14:12:22 - [MESSAGE][PASSED] - Delayed 3 second(s)

2022-02-14 14:12:22 - [TEST_STEP][PASSED] - takeScreenshot(): Taking screenshot successfully

2022-02-14 14:12:22 - [MESSAGE][PASSED] - Taking screenshot successfully
[[ATTACHMENT|/home/intersoft-admin/Rattan/Bash/Training/Rattan/Final_testing/New_ActivityOverview/Reports/20220214_115757/CancelAndRefundMultipleBookings-CopiedURL/20220214_115814/1644828142412.png]]

2022-02-14 14:12:22 - [TEST_STEP][PASSED] - if (waitForElementClickable(findTestObject("Object Repository/CancelAndRefund/CancelButton - OnRefundPop-up"), 15) == true): Taking screenshot successfully

2022-02-14 14:12:22 - [MESSAGE][PASSED] - Object 'Object Repository/CancelAndRefund/CancelButton - OnRefundPop-up' is clickable

2022-02-14 14:12:22 - [TEST_STEP][PASSED] - click(findTestObject("Object Repository/CancelAndRefund/CancelButton - OnRefundPop-up")): Object: 'Object Repository/CancelAndRefund/CancelButton - OnRefundPop-up' is clicked on

2022-02-14 14:12:26 - [MESSAGE][PASSED] - Object: 'Object Repository/CancelAndRefund/CancelButton - OnRefundPop-up' is clicked on

2022-02-14 14:12:26 - [TEST_STEP][PASSED] - delay(3): Delayed 3 second(s)

2022-02-14 14:12:29 - [MESSAGE][PASSED] - Delayed 3 second(s)

2022-02-14 14:12:29 - [TEST_STEP][PASSED] - takeScreenshot(): Taking screenshot successfully

2022-02-14 14:12:29 - [MESSAGE][PASSED] - Taking screenshot successfully
[[ATTACHMENT|/home/intersoft-admin/Rattan/Bash/Training/Rattan/Final_testing/New_ActivityOverview/Reports/20220214_115757/CancelAndRefundMultipleBookings-CopiedURL/20220214_115814/1644828149305.png]]

2022-02-14 14:12:29 - [TEST_STEP][PASSED] - click(findTestObject("Object Repository/CancelAndRefund/CancelBookingButton")): Object: 'Object Repository/CancelAndRefund/CancelBookingButton' is clicked on

2022-02-14 14:12:32 - [MESSAGE][PASSED] - Object: 'Object Repository/CancelAndRefund/CancelBookingButton' is clicked on

2022-02-14 14:12:32 - [TEST_STEP][PASSED] - if (refundvalue < 4): null

2022-02-14 14:12:32 - [TEST_STEP][PASSED] - if (refundvalue <= 6 && refundvalue >= 4): null

2022-02-14 14:12:32 - [TEST_STEP][PASSED] - if (refundvalue > 6): Taking screenshot successfully

2022-02-14 14:12:32 - [TEST_STEP][PASSED] - if (waitForElementVisible(findTestObject("Object Repository/CancelAndRefund/RefundOptionRadio"), 15) == true): Taking screenshot successfully

2022-02-14 14:12:33 - [MESSAGE][PASSED] - Object 'Object Repository/CancelAndRefund/RefundOptionRadio' is visible

2022-02-14 14:12:33 - [TEST_STEP][PASSED] - click(findTestObject("Object Repository/CancelAndRefund/RefundOptionRadio")): Object: 'Object Repository/CancelAndRefund/RefundOptionRadio' is clicked on

2022-02-14 14:12:36 - [MESSAGE][PASSED] - Object: 'Object Repository/CancelAndRefund/RefundOptionRadio' is clicked on

2022-02-14 14:12:36 - [TEST_STEP][PASSED] - delay(3): Delayed 3 second(s)

2022-02-14 14:12:39 - [MESSAGE][PASSED] - Delayed 3 second(s)

2022-02-14 14:12:39 - [TEST_STEP][PASSED] - takeScreenshot(): Taking screenshot successfully

2022-02-14 14:12:39 - [MESSAGE][PASSED] - Taking screenshot successfully
[[ATTACHMENT|/home/intersoft-admin/Rattan/Bash/Training/Rattan/Final_testing/New_ActivityOverview/Reports/20220214_115757/CancelAndRefundMultipleBookings-CopiedURL/20220214_115814/1644828159638.png]]

2022-02-14 14:12:39 - [TEST_STEP][PASSED] - setText(findTestObject("Object Repository/CancelAndRefund/ReasonForCancellation"), CancellationReason): Text 'Order Refunded to Test Automation Testing Under Katalon' is set on object 'Object Repository/CancelAndRefund/ReasonForCancellation'

2022-02-14 14:12:46 - [MESSAGE][PASSED] - Text 'Order Refunded to Test Automation Testing Under Katalon' is set on object 'Object Repository/CancelAndRefund/ReasonForCancellation'

2022-02-14 14:12:46 - [TEST_STEP][PASSED] - click(findTestObject("Object Repository/CancelAndRefund/ConfirmCancellationButton")): Object: 'Object Repository/CancelAndRefund/ConfirmCancellationButton' is clicked on

2022-02-14 14:12:49 - [MESSAGE][PASSED] - Object: 'Object Repository/CancelAndRefund/ConfirmCancellationButton' is clicked on

2022-02-14 14:12:49 - [TEST_STEP][PASSED] - delay(3): Delayed 3 second(s)

2022-02-14 14:12:52 - [MESSAGE][PASSED] - Delayed 3 second(s)

2022-02-14 14:12:52 - [TEST_STEP][PASSED] - takeScreenshot(): Taking screenshot successfully

2022-02-14 14:12:53 - [MESSAGE][PASSED] - Taking screenshot successfully
[[ATTACHMENT|/home/intersoft-admin/Rattan/Bash/Training/Rattan/Final_testing/New_ActivityOverview/Reports/20220214_115757/CancelAndRefundMultipleBookings-CopiedURL/20220214_115814/1644828172905.png]]

2022-02-14 14:12:53 - [TEST_STEP][PASSED] - if (cancelButtonSize > 1): null

2022-02-14 14:12:53 - [MESSAGE][PASSED] - Call Test Case 'Test Cases/StepToReUse/ActivityOverview-CancelBooking' successfully

2022-02-14 14:12:53 - [TEST_STEP][PASSED] - switchToWindowIndex(0): Switched to window with index: '0'

2022-02-14 14:12:53 - [MESSAGE][PASSED] - Switched to window with index: '0'

2022-02-14 14:12:53 - [TEST_STEP][PASSED] - delay(13): Delayed 13 second(s)

2022-02-14 14:13:06 - [MESSAGE][PASSED] - Delayed 13 second(s)

2022-02-14 14:13:06 - [TEST_STEP][PASSED] - switchToFrame(findTestObject("Object Repository/Iframe/NewActivityOverviewIframe"), 5): null

2022-02-14 14:13:06 - [TEST_STEP][PASSED] - click(findTestObject("Object Repository/DetailPop-up/Backbutton/BackButtonToListing")): Object: 'Object Repository/DetailPop-up/Backbutton/BackButtonToListing' is clicked on

2022-02-14 14:13:09 - [MESSAGE][PASSED] - Object: 'Object Repository/DetailPop-up/Backbutton/BackButtonToListing' is clicked on

2022-02-14 14:13:09 - [TEST_STEP][PASSED] - delay(13): Delayed 13 second(s)

2022-02-14 14:13:22 - [MESSAGE][PASSED] - Delayed 13 second(s)

2022-02-14 14:13:22 - [TEST_STEP][PASSED] - if (l <= 5): null

2022-02-14 14:13:22 - [TEST_STEP][PASSED] - paginationvalue = l: null

2022-02-14 14:13:22 - [TEST_STEP][PASSED] - if (l > 5): null

2022-02-14 14:13:22 - [TEST_STEP][PASSED] - logInfo(Size of Pagination: $paginationvalue): Size of Pagination: 5

2022-02-14 14:13:22 - [MESSAGE][INFO] - Size of Pagination: 5

2022-02-14 14:13:22 - [TEST_STEP][PASSED] - click(findTestObject("Object Repository/PaginationCOunt/ClickOnPagination", ["pagination":paginationvalue])): Object: 'Object Repository/PaginationCOunt/ClickOnPagination' is clicked on

2022-02-14 14:13:25 - [MESSAGE][PASSED] - Object: 'Object Repository/PaginationCOunt/ClickOnPagination' is clicked on

2022-02-14 14:13:25 - [TEST_STEP][PASSED] - delay(20): Delayed 20 second(s)

2022-02-14 14:13:45 - [MESSAGE][PASSED] - Delayed 20 second(s)

2022-02-14 14:13:45 - [TEST_STEP][PASSED] - takeScreenshot(): Taking screenshot successfully

2022-02-14 14:13:45 - [MESSAGE][PASSED] - Taking screenshot successfully
[[ATTACHMENT|/home/intersoft-admin/Rattan/Bash/Training/Rattan/Final_testing/New_ActivityOverview/Reports/20220214_115757/CancelAndRefundMultipleBookings-CopiedURL/20220214_115814/1644828225820.png]]

2022-02-14 14:13:45 - [TEST_STEP][PASSED] - SizeofActiveBookings = findWebElements(findTestObject("Object Repository/CancelAndRefund/OrderListWithoutRefundedStatus"), 5).size(): null

2022-02-14 14:13:45 - [TEST_STEP][PASSED] - logInfo(Size of Active Bookings: $SizeofActiveBookings): Size of Active Bookings: 93

2022-02-14 14:13:45 - [MESSAGE][INFO] - Size of Active Bookings: 93

2022-02-14 14:13:45 - [TEST_STEP][PASSED] - for ([refund = 1, refund < SizeofActiveBookings, (refund++)]): Call Test Case 'Test Cases/StepToReUse/ActivityOverview-CancelBooking' successfully

2022-02-14 14:13:45 - [TEST_STEP][PASSED] - if (refund == 1): null

2022-02-14 14:13:45 - [TEST_STEP][PASSED] - refund = SizeofActiveBookings: null

2022-02-14 14:13:45 - [TEST_STEP][PASSED] - refundvalue = refund: null

2022-02-14 14:13:45 - [TEST_STEP][PASSED] - logInfo(Size of refund booking: $refund): Size of refund booking: 93

2022-02-14 14:13:45 - [MESSAGE][INFO] - Size of refund booking: 93

2022-02-14 14:13:45 - [TEST_STEP][PASSED] - scrollToElement(findTestObject("Object Repository/CancelAndRefund/OrderListWithoutRefundedStatus - Click", ["position":refund]), 15): Scroll to object 'Object Repository/CancelAndRefund/OrderListWithoutRefundedStatus - Click' successfully

2022-02-14 14:13:46 - [MESSAGE][PASSED] - Scroll to object 'Object Repository/CancelAndRefund/OrderListWithoutRefundedStatus - Click' successfully

2022-02-14 14:13:46 - [TEST_STEP][PASSED] - takeScreenshot(): Taking screenshot successfully

2022-02-14 14:13:46 - [MESSAGE][PASSED] - Taking screenshot successfully
[[ATTACHMENT|/home/intersoft-admin/Rattan/Bash/Training/Rattan/Final_testing/New_ActivityOverview/Reports/20220214_115757/CancelAndRefundMultipleBookings-CopiedURL/20220214_115814/1644828226096.png]]

2022-02-14 14:13:46 - [TEST_STEP][PASSED] - orderId = findWebElement(findTestObject("Object Repository/GetOrderID/GetOrderID", ["position":refund])).getAttribute("data-order_id"): null

2022-02-14 14:13:46 - [TEST_STEP][PASSED] - orderId = orderId: null

2022-02-14 14:13:46 - [TEST_STEP][PASSED] - logInfo(Order ID: $orderId): Order ID: 164422658775867

2022-02-14 14:13:46 - [MESSAGE][INFO] - Order ID: 164422658775867

2022-02-14 14:13:46 - [TEST_STEP][PASSED] - click(findTestObject("Object Repository/GetOrderID/GetOrderID", ["position":refund])): Object: 'Object Repository/GetOrderID/GetOrderID' is clicked on

2022-02-14 14:13:49 - [MESSAGE][PASSED] - Object: 'Object Repository/GetOrderID/GetOrderID' is clicked on

2022-02-14 14:13:49 - [TEST_STEP][PASSED] - delay(20): Delayed 20 second(s)

2022-02-14 14:14:09 - [MESSAGE][PASSED] - Delayed 20 second(s)

2022-02-14 14:14:09 - [TEST_STEP][PASSED] - takeScreenshot(): Taking screenshot successfully

2022-02-14 14:14:09 - [MESSAGE][PASSED] - Taking screenshot successfully
[[ATTACHMENT|/home/intersoft-admin/Rattan/Bash/Training/Rattan/Final_testing/New_ActivityOverview/Reports/20220214_115757/CancelAndRefundMultipleBookings-CopiedURL/20220214_115814/1644828249472.png]]

2022-02-14 14:14:09 - [TEST_STEP][PASSED] - if (waitForElementPresent(findTestObject("Object Repository/DetailPop-up/ExpanSection/ProductInformationExpandedSection-Exist"), 10)): Taking screenshot successfully

2022-02-14 14:14:09 - [MESSAGE][PASSED] - Object 'Object Repository/DetailPop-up/ExpanSection/ProductInformationExpandedSection-Exist' is present

2022-02-14 14:14:09 - [TEST_STEP][PASSED] - logInfo("Product Expanded Section Exist"): Product Expanded Section Exist

2022-02-14 14:14:09 - [MESSAGE][INFO] - Product Expanded Section Exist

2022-02-14 14:14:09 - [TEST_STEP][PASSED] - click(findTestObject("DetailPop-up/ExpanSection/ProductInformationExpandedSection -Exist- ClickOnExpandedView")): Object: 'Object Repository/DetailPop-up/ExpanSection/ProductInformationExpandedSection -Exist- ClickOnExpandedView' is clicked on

2022-02-14 14:14:12 - [MESSAGE][PASSED] - Object: 'Object Repository/DetailPop-up/ExpanSection/ProductInformationExpandedSection -Exist- ClickOnExpandedView' is clicked on

2022-02-14 14:14:12 - [TEST_STEP][PASSED] - delay(3): Delayed 3 second(s)

2022-02-14 14:14:15 - [MESSAGE][PASSED] - Delayed 3 second(s)

2022-02-14 14:14:15 - [TEST_STEP][PASSED] - takeScreenshot(): Taking screenshot successfully

2022-02-14 14:14:15 - [MESSAGE][PASSED] - Taking screenshot successfully
[[ATTACHMENT|/home/intersoft-admin/Rattan/Bash/Training/Rattan/Final_testing/New_ActivityOverview/Reports/20220214_115757/CancelAndRefundMultipleBookings-CopiedURL/20220214_115814/1644828255813.png]]

2022-02-14 14:14:15 - [TEST_STEP][PASSED] - callTestCase(findTestCase("Test Cases/StepToReUse/StepTOCopyURLAndAddAnotherTab"), [:], CONTINUE_ON_FAILURE): Call Test Case 'Test Cases/StepToReUse/StepTOCopyURLAndAddAnotherTab' successfully

2022-02-14 14:14:15 - [TEST_CASE][PASSED] - Test Cases/StepToReUse/StepTOCopyURLAndAddAnotherTab: Test Cases/StepToReUse/StepTOCopyURLAndAddAnotherTab

2022-02-14 14:14:16 - [TEST_STEP][PASSED] - click(findTestObject("Object Repository/Header/Preview/ClickOnPreviewIcon")): Object: 'Object Repository/Header/Preview/ClickOnPreviewIcon' is clicked on

2022-02-14 14:14:19 - [MESSAGE][PASSED] - Object: 'Object Repository/Header/Preview/ClickOnPreviewIcon' is clicked on

2022-02-14 14:14:19 - [TEST_STEP][PASSED] - delay(10): Delayed 10 second(s)

2022-02-14 14:14:29 - [MESSAGE][PASSED] - Delayed 10 second(s)

2022-02-14 14:14:29 - [TEST_STEP][PASSED] - takeScreenshot(): Taking screenshot successfully

2022-02-14 14:14:29 - [MESSAGE][PASSED] - Taking screenshot successfully
[[ATTACHMENT|/home/intersoft-admin/Rattan/Bash/Training/Rattan/Final_testing/New_ActivityOverview/Reports/20220214_115757/CancelAndRefundMultipleBookings-CopiedURL/20220214_115814/1644828269159.png]]

2022-02-14 14:14:29 - [TEST_STEP][PASSED] - click(findTestObject("Object Repository/Header/Preview/PrintVoucher")): Object: 'Object Repository/Header/Preview/PrintVoucher' is clicked on

2022-02-14 14:14:32 - [MESSAGE][PASSED] - Object: 'Object Repository/Header/Preview/PrintVoucher' is clicked on

2022-02-14 14:14:32 - [TEST_STEP][PASSED] - delay(10): Delayed 10 second(s)

2022-02-14 14:14:42 - [MESSAGE][PASSED] - Delayed 10 second(s)

2022-02-14 14:14:42 - [TEST_STEP][PASSED] - takeScreenshot(): Taking screenshot successfully

2022-02-14 14:14:42 - [MESSAGE][PASSED] - Taking screenshot successfully
[[ATTACHMENT|/home/intersoft-admin/Rattan/Bash/Training/Rattan/Final_testing/New_ActivityOverview/Reports/20220214_115757/CancelAndRefundMultipleBookings-CopiedURL/20220214_115814/1644828282472.png]]

2022-02-14 14:14:42 - [TEST_STEP][PASSED] - UrlToClick = findWebElement(findTestObject("Object Repository/Header/CopyUrl/CopyUrl")).getAttribute("data-href_url"): null

2022-02-14 14:14:42 - [TEST_STEP][PASSED] - println(UrlToClick): null

2022-02-14 14:14:42 - [TEST_STEP][PASSED] - ActivityUrl = UrlToClick: null

2022-02-14 14:14:42 - [TEST_STEP][PASSED] - switchToWindowIndex(1): Switched to window with index: '1'

2022-02-14 14:14:42 - [MESSAGE][PASSED] - Switched to window with index: '1'

2022-02-14 14:14:42 - [TEST_STEP][PASSED] - delay(5): Delayed 5 second(s)

2022-02-14 14:14:47 - [MESSAGE][PASSED] - Delayed 5 second(s)

2022-02-14 14:14:47 - [TEST_STEP][PASSED] - navigateToUrl(ActivityUrl): Navigate to 'https://activity.test-prio.com/orders/164422658775867' successfully

2022-02-14 14:14:51 - [MESSAGE][PASSED] - Navigate to 'https://activity.test-prio.com/orders/164422658775867' successfully

2022-02-14 14:14:51 - [TEST_STEP][PASSED] - takeScreenshot(): Taking screenshot successfully

2022-02-14 14:14:52 - [MESSAGE][PASSED] - Taking screenshot successfully
[[ATTACHMENT|/home/intersoft-admin/Rattan/Bash/Training/Rattan/Final_testing/New_ActivityOverview/Reports/20220214_115757/CancelAndRefundMultipleBookings-CopiedURL/20220214_115814/1644828292718.png]]

2022-02-14 14:14:52 - [TEST_STEP][PASSED] - switchToDefaultContent(): null

2022-02-14 14:14:52 - [MESSAGE][PASSED] - Call Test Case 'Test Cases/StepToReUse/StepTOCopyURLAndAddAnotherTab' successfully

2022-02-14 14:14:52 - [TEST_STEP][PASSED] - bookingsize = findWebElements(findTestObject("Object Repository/DetailPop-up/ExpanSection/ProductSectionLength"), 5).size(): null

2022-02-14 14:14:53 - [TEST_STEP][PASSED] - logInfo(Size of Bookings on Product detail Pop-up: $bookingsize): Size of Bookings on Product detail Pop-up: 2

2022-02-14 14:14:53 - [MESSAGE][INFO] - Size of Bookings on Product detail Pop-up: 2

2022-02-14 14:14:53 - [TEST_STEP][PASSED] - for ([looping = 1, looping <= bookingsize, (looping++)]): Call Test Case 'Test Cases/StepToReUse/ActivityOverview-CancelBooking' successfully

2022-02-14 14:14:53 - [TEST_STEP][PASSED] - click(findTestObject("Object Repository/DetailPop-up/ExpanSection/ExpandProductSection", ["position":looping])): Object: 'Object Repository/DetailPop-up/ExpanSection/ExpandProductSection' is clicked on

2022-02-14 14:14:56 - [MESSAGE][PASSED] - Object: 'Object Repository/DetailPop-up/ExpanSection/ExpandProductSection' is clicked on

2022-02-14 14:14:56 - [TEST_STEP][PASSED] - delay(3): Delayed 3 second(s)

2022-02-14 14:14:59 - [MESSAGE][PASSED] - Delayed 3 second(s)

2022-02-14 14:14:59 - [TEST_STEP][PASSED] - takeScreenshot(): Taking screenshot successfully

2022-02-14 14:14:59 - [MESSAGE][PASSED] - Taking screenshot successfully
[[ATTACHMENT|/home/intersoft-admin/Rattan/Bash/Training/Rattan/Final_testing/New_ActivityOverview/Reports/20220214_115757/CancelAndRefundMultipleBookings-CopiedURL/20220214_115814/1644828299668.png]]

2022-02-14 14:14:59 - [TEST_STEP][PASSED] - callTestCase(findTestCase("Test Cases/StepToReUse/ActivityOverview-CancelBooking"), [:], CONTINUE_ON_FAILURE): Call Test Case 'Test Cases/StepToReUse/ActivityOverview-CancelBooking' successfully

2022-02-14 14:14:59 - [TEST_CASE][PASSED] - Test Cases/StepToReUse/ActivityOverview-CancelBooking: Test Cases/StepToReUse/ActivityOverview-CancelBooking

2022-02-14 14:14:59 - [TEST_STEP][PASSED] - logInfo(Refund Value: $GlobalVariable.refundvalue): Refund Value: 93

2022-02-14 14:14:59 - [MESSAGE][INFO] - Refund Value: 93

2022-02-14 14:14:59 - [TEST_STEP][PASSED] - cancelButtonSize = findWebElements(findTestObject("Object Repository/CancelAndRefund/CancelBookingButton"), 5).size(): null

2022-02-14 14:15:00 - [TEST_STEP][PASSED] - logInfo(Cancel Button Size: $cancelButtonSize): Cancel Button Size: 2

2022-02-14 14:15:00 - [MESSAGE][INFO] - Cancel Button Size: 2

2022-02-14 14:15:00 - [TEST_STEP][PASSED] - if (cancelButtonSize == 1): null

2022-02-14 14:15:00 - [TEST_STEP][PASSED] - if (cancelButtonSize > 1): Taking screenshot successfully

2022-02-14 14:15:00 - [TEST_STEP][PASSED] - if (waitForElementClickable(findTestObject("Object Repository/CancelAndRefund/CancelBookingButton - Multiple", ["position":cancelbutton]), 15) == true): Taking screenshot successfully

2022-02-14 14:15:00 - [MESSAGE][PASSED] - Object 'Object Repository/CancelAndRefund/CancelBookingButton - Multiple' is clickable

2022-02-14 14:15:00 - [TEST_STEP][PASSED] - scrollToElement(findTestObject("Object Repository/CancelAndRefund/CancelBookingButton - Multiple", ["position":cancelbutton]), 15): Scroll to object 'Object Repository/CancelAndRefund/CancelBookingButton - Multiple' successfully

2022-02-14 14:15:00 - [MESSAGE][PASSED] - Scroll to object 'Object Repository/CancelAndRefund/CancelBookingButton - Multiple' successfully

2022-02-14 14:15:00 - [TEST_STEP][PASSED] - click(findTestObject("Object Repository/CancelAndRefund/CancelBookingButton - Multiple", ["position":cancelbutton])): Object: 'Object Repository/CancelAndRefund/CancelBookingButton - Multiple' is clicked on

2022-02-14 14:15:04 - [MESSAGE][PASSED] - Object: 'Object Repository/CancelAndRefund/CancelBookingButton - Multiple' is clicked on

2022-02-14 14:15:04 - [TEST_STEP][PASSED] - delay(3): Delayed 3 second(s)

2022-02-14 14:15:07 - [MESSAGE][PASSED] - Delayed 3 second(s)

2022-02-14 14:15:07 - [TEST_STEP][PASSED] - takeScreenshot(): Taking screenshot successfully

2022-02-14 14:15:07 - [MESSAGE][PASSED] - Taking screenshot successfully
[[ATTACHMENT|/home/intersoft-admin/Rattan/Bash/Training/Rattan/Final_testing/New_ActivityOverview/Reports/20220214_115757/CancelAndRefundMultipleBookings-CopiedURL/20220214_115814/1644828307467.png]]

2022-02-14 14:15:07 - [TEST_STEP][PASSED] - if (waitForElementClickable(findTestObject("Object Repository/CancelAndRefund/CancelButton - OnRefundPop-up"), 15) == true): Taking screenshot successfully

2022-02-14 14:15:07 - [MESSAGE][PASSED] - Object 'Object Repository/CancelAndRefund/CancelButton - OnRefundPop-up' is clickable

2022-02-14 14:15:07 - [TEST_STEP][PASSED] - click(findTestObject("Object Repository/CancelAndRefund/CancelButton - OnRefundPop-up")): Object: 'Object Repository/CancelAndRefund/CancelButton - OnRefundPop-up' is clicked on

2022-02-14 14:15:11 - [MESSAGE][PASSED] - Object: 'Object Repository/CancelAndRefund/CancelButton - OnRefundPop-up' is clicked on

2022-02-14 14:15:11 - [TEST_STEP][PASSED] - delay(3): Delayed 3 second(s)

2022-02-14 14:15:14 - [MESSAGE][PASSED] - Delayed 3 second(s)

2022-02-14 14:15:14 - [TEST_STEP][PASSED] - takeScreenshot(): Taking screenshot successfully

2022-02-14 14:15:14 - [MESSAGE][PASSED] - Taking screenshot successfully
[[ATTACHMENT|/home/intersoft-admin/Rattan/Bash/Training/Rattan/Final_testing/New_ActivityOverview/Reports/20220214_115757/CancelAndRefundMultipleBookings-CopiedURL/20220214_115814/1644828314485.png]]

2022-02-14 14:15:14 - [TEST_STEP][PASSED] - click(findTestObject("Object Repository/CancelAndRefund/CancelBookingButton - Multiple", ["position":cancelbutton])): Object: 'Object Repository/CancelAndRefund/CancelBookingButton - Multiple' is clicked on

2022-02-14 14:15:17 - [MESSAGE][PASSED] - Object: 'Object Repository/CancelAndRefund/CancelBookingButton - Multiple' is clicked on

2022-02-14 14:15:17 - [TEST_STEP][PASSED] - if (refundvalue <= 10): null

2022-02-14 14:15:17 - [TEST_STEP][PASSED] - if (refundvalue > 10 && refundvalue > 11): Taking screenshot successfully

2022-02-14 14:15:17 - [TEST_STEP][PASSED] - if (waitForElementVisible(findTestObject("Object Repository/CancelAndRefund/OptionToCancelRefund", ["option":"Cancel"]), 15) == true): Taking screenshot successfully

2022-02-14 14:15:18 - [MESSAGE][PASSED] - Object 'Object Repository/CancelAndRefund/OptionToCancelRefund' is visible

2022-02-14 14:15:18 - [TEST_STEP][PASSED] - click(findTestObject("Object Repository/CancelAndRefund/OptionToCancelRefund", ["option":"Cancel and Refund"])): Object: 'Object Repository/CancelAndRefund/OptionToCancelRefund' is clicked on

2022-02-14 14:15:21 - [MESSAGE][PASSED] - Object: 'Object Repository/CancelAndRefund/OptionToCancelRefund' is clicked on

2022-02-14 14:15:21 - [TEST_STEP][PASSED] - delay(3): Delayed 3 second(s)

2022-02-14 14:15:24 - [MESSAGE][PASSED] - Delayed 3 second(s)

2022-02-14 14:15:24 - [TEST_STEP][PASSED] - takeScreenshot(): Taking screenshot successfully

2022-02-14 14:15:25 - [MESSAGE][PASSED] - Taking screenshot successfully
[[ATTACHMENT|/home/intersoft-admin/Rattan/Bash/Training/Rattan/Final_testing/New_ActivityOverview/Reports/20220214_115757/CancelAndRefundMultipleBookings-CopiedURL/20220214_115814/1644828324924.png]]

2022-02-14 14:15:25 - [TEST_STEP][PASSED] - if (refundvalue > 12): Taking screenshot successfully

2022-02-14 14:15:25 - [TEST_STEP][PASSED] - if (waitForElementVisible(findTestObject("Object Repository/CancelAndRefund/RefundOptionRadio"), 15) == true): Taking screenshot successfully

2022-02-14 14:15:25 - [MESSAGE][PASSED] - Object 'Object Repository/CancelAndRefund/RefundOptionRadio' is visible

2022-02-14 14:15:25 - [TEST_STEP][PASSED] - click(findTestObject("Object Repository/CancelAndRefund/RefundOptionRadio")): Object: 'Object Repository/CancelAndRefund/RefundOptionRadio' is clicked on

2022-02-14 14:15:28 - [MESSAGE][PASSED] - Object: 'Object Repository/CancelAndRefund/RefundOptionRadio' is clicked on

2022-02-14 14:15:28 - [TEST_STEP][PASSED] - delay(3): Delayed 3 second(s)

2022-02-14 14:15:31 - [MESSAGE][PASSED] - Delayed 3 second(s)

2022-02-14 14:15:31 - [TEST_STEP][PASSED] - takeScreenshot(): Taking screenshot successfully

2022-02-14 14:15:31 - [MESSAGE][PASSED] - Taking screenshot successfully
[[ATTACHMENT|/home/intersoft-admin/Rattan/Bash/Training/Rattan/Final_testing/New_ActivityOverview/Reports/20220214_115757/CancelAndRefundMultipleBookings-CopiedURL/20220214_115814/1644828331836.png]]

2022-02-14 14:15:31 - [TEST_STEP][PASSED] - setText(findTestObject("Object Repository/CancelAndRefund/ReasonForCancellation"), CancellationReason): Text 'Order Refunded to Test Automation Testing Under Katalon' is set on object 'Object Repository/CancelAndRefund/ReasonForCancellation'

2022-02-14 14:15:38 - [MESSAGE][PASSED] - Text 'Order Refunded to Test Automation Testing Under Katalon' is set on object 'Object Repository/CancelAndRefund/ReasonForCancellation'

2022-02-14 14:15:38 - [TEST_STEP][PASSED] - click(findTestObject("Object Repository/CancelAndRefund/ConfirmCancellationButton")): Object: 'Object Repository/CancelAndRefund/ConfirmCancellationButton' is clicked on

2022-02-14 14:15:41 - [MESSAGE][PASSED] - Object: 'Object Repository/CancelAndRefund/ConfirmCancellationButton' is clicked on

2022-02-14 14:15:41 - [TEST_STEP][PASSED] - delay(3): Delayed 3 second(s)

2022-02-14 14:15:44 - [MESSAGE][PASSED] - Delayed 3 second(s)

2022-02-14 14:15:44 - [TEST_STEP][PASSED] - takeScreenshot(): Taking screenshot successfully

2022-02-14 14:15:45 - [MESSAGE][PASSED] - Taking screenshot successfully
[[ATTACHMENT|/home/intersoft-admin/Rattan/Bash/Training/Rattan/Final_testing/New_ActivityOverview/Reports/20220214_115757/CancelAndRefundMultipleBookings-CopiedURL/20220214_115814/1644828345160.png]]

2022-02-14 14:15:45 - [TEST_STEP][PASSED] - if (waitForElementClickable(findTestObject("Object Repository/CancelAndRefund/CancelBookingButton - Multiple", ["position":cancelbutton]), 15) == true): Taking screenshot successfully

2022-02-14 14:15:45 - [MESSAGE][PASSED] - Object 'Object Repository/CancelAndRefund/CancelBookingButton - Multiple' is clickable

2022-02-14 14:15:45 - [TEST_STEP][PASSED] - scrollToElement(findTestObject("Object Repository/CancelAndRefund/CancelBookingButton - Multiple", ["position":cancelbutton]), 15): Scroll to object 'Object Repository/CancelAndRefund/CancelBookingButton - Multiple' successfully

2022-02-14 14:15:45 - [MESSAGE][PASSED] - Scroll to object 'Object Repository/CancelAndRefund/CancelBookingButton - Multiple' successfully

2022-02-14 14:15:45 - [TEST_STEP][PASSED] - click(findTestObject("Object Repository/CancelAndRefund/CancelBookingButton - Multiple", ["position":cancelbutton])): Object: 'Object Repository/CancelAndRefund/CancelBookingButton - Multiple' is clicked on

2022-02-14 14:15:49 - [MESSAGE][PASSED] - Object: 'Object Repository/CancelAndRefund/CancelBookingButton - Multiple' is clicked on

2022-02-14 14:15:49 - [TEST_STEP][PASSED] - delay(3): Delayed 3 second(s)

2022-02-14 14:15:52 - [MESSAGE][PASSED] - Delayed 3 second(s)

2022-02-14 14:15:52 - [TEST_STEP][PASSED] - takeScreenshot(): Taking screenshot successfully

2022-02-14 14:15:52 - [MESSAGE][PASSED] - Taking screenshot successfully
[[ATTACHMENT|/home/intersoft-admin/Rattan/Bash/Training/Rattan/Final_testing/New_ActivityOverview/Reports/20220214_115757/CancelAndRefundMultipleBookings-CopiedURL/20220214_115814/1644828352382.png]]

2022-02-14 14:15:52 - [TEST_STEP][PASSED] - if (waitForElementClickable(findTestObject("Object Repository/CancelAndRefund/CancelButton - OnRefundPop-up"), 15) == true): Taking screenshot successfully

2022-02-14 14:15:52 - [MESSAGE][PASSED] - Object 'Object Repository/CancelAndRefund/CancelButton - OnRefundPop-up' is clickable

2022-02-14 14:15:52 - [TEST_STEP][PASSED] - click(findTestObject("Object Repository/CancelAndRefund/CancelButton - OnRefundPop-up")): Object: 'Object Repository/CancelAndRefund/CancelButton - OnRefundPop-up' is clicked on

2022-02-14 14:15:56 - [MESSAGE][PASSED] - Object: 'Object Repository/CancelAndRefund/CancelButton - OnRefundPop-up' is clicked on

2022-02-14 14:15:56 - [TEST_STEP][PASSED] - delay(3): Delayed 3 second(s)

2022-02-14 14:15:59 - [MESSAGE][PASSED] - Delayed 3 second(s)

2022-02-14 14:15:59 - [TEST_STEP][PASSED] - takeScreenshot(): Taking screenshot successfully

2022-02-14 14:15:59 - [MESSAGE][PASSED] - Taking screenshot successfully
[[ATTACHMENT|/home/intersoft-admin/Rattan/Bash/Training/Rattan/Final_testing/New_ActivityOverview/Reports/20220214_115757/CancelAndRefundMultipleBookings-CopiedURL/20220214_115814/1644828359284.png]]

2022-02-14 14:15:59 - [TEST_STEP][PASSED] - click(findTestObject("Object Repository/CancelAndRefund/CancelBookingButton - Multiple", ["position":cancelbutton])): Object: 'Object Repository/CancelAndRefund/CancelBookingButton - Multiple' is clicked on

2022-02-14 14:16:02 - [MESSAGE][PASSED] - Object: 'Object Repository/CancelAndRefund/CancelBookingButton - Multiple' is clicked on

2022-02-14 14:16:02 - [TEST_STEP][PASSED] - if (refundvalue <= 10): null

2022-02-14 14:16:02 - [TEST_STEP][PASSED] - if (refundvalue > 10 && refundvalue > 11): Taking screenshot successfully

2022-02-14 14:16:02 - [TEST_STEP][PASSED] - if (waitForElementVisible(findTestObject("Object Repository/CancelAndRefund/OptionToCancelRefund", ["option":"Cancel"]), 15) == true): Taking screenshot successfully

2022-02-14 14:16:03 - [MESSAGE][PASSED] - Object 'Object Repository/CancelAndRefund/OptionToCancelRefund' is visible

2022-02-14 14:16:03 - [TEST_STEP][PASSED] - click(findTestObject("Object Repository/CancelAndRefund/OptionToCancelRefund", ["option":"Cancel and Refund"])): Object: 'Object Repository/CancelAndRefund/OptionToCancelRefund' is clicked on

2022-02-14 14:16:06 - [MESSAGE][PASSED] - Object: 'Object Repository/CancelAndRefund/OptionToCancelRefund' is clicked on

2022-02-14 14:16:06 - [TEST_STEP][PASSED] - delay(3): Delayed 3 second(s)

2022-02-14 14:16:09 - [MESSAGE][PASSED] - Delayed 3 second(s)

2022-02-14 14:16:09 - [TEST_STEP][PASSED] - takeScreenshot(): Taking screenshot successfully

2022-02-14 14:16:09 - [MESSAGE][PASSED] - Taking screenshot successfully
[[ATTACHMENT|/home/intersoft-admin/Rattan/Bash/Training/Rattan/Final_testing/New_ActivityOverview/Reports/20220214_115757/CancelAndRefundMultipleBookings-CopiedURL/20220214_115814/1644828369626.png]]

2022-02-14 14:16:09 - [TEST_STEP][PASSED] - if (refundvalue > 12): Taking screenshot successfully

2022-02-14 14:16:09 - [TEST_STEP][PASSED] - if (waitForElementVisible(findTestObject("Object Repository/CancelAndRefund/RefundOptionRadio"), 15) == true): Taking screenshot successfully

2022-02-14 14:16:10 - [MESSAGE][PASSED] - Object 'Object Repository/CancelAndRefund/RefundOptionRadio' is visible

2022-02-14 14:16:10 - [TEST_STEP][PASSED] - click(findTestObject("Object Repository/CancelAndRefund/RefundOptionRadio")): Object: 'Object Repository/CancelAndRefund/RefundOptionRadio' is clicked on

2022-02-14 14:16:13 - [MESSAGE][PASSED] - Object: 'Object Repository/CancelAndRefund/RefundOptionRadio' is clicked on

2022-02-14 14:16:13 - [TEST_STEP][PASSED] - delay(3): Delayed 3 second(s)

2022-02-14 14:16:16 - [MESSAGE][PASSED] - Delayed 3 second(s)

2022-02-14 14:16:16 - [TEST_STEP][PASSED] - takeScreenshot(): Taking screenshot successfully

2022-02-14 14:16:16 - [MESSAGE][PASSED] - Taking screenshot successfully
[[ATTACHMENT|/home/intersoft-admin/Rattan/Bash/Training/Rattan/Final_testing/New_ActivityOverview/Reports/20220214_115757/CancelAndRefundMultipleBookings-CopiedURL/20220214_115814/1644828376535.png]]

2022-02-14 14:16:16 - [TEST_STEP][PASSED] - setText(findTestObject("Object Repository/CancelAndRefund/ReasonForCancellation"), CancellationReason): Text 'Order Refunded to Test Automation Testing Under Katalon' is set on object 'Object Repository/CancelAndRefund/ReasonForCancellation'

2022-02-14 14:16:23 - [MESSAGE][PASSED] - Text 'Order Refunded to Test Automation Testing Under Katalon' is set on object 'Object Repository/CancelAndRefund/ReasonForCancellation'

2022-02-14 14:16:23 - [TEST_STEP][PASSED] - click(findTestObject("Object Repository/CancelAndRefund/ConfirmCancellationButton")): Object: 'Object Repository/CancelAndRefund/ConfirmCancellationButton' is clicked on

2022-02-14 14:16:26 - [MESSAGE][PASSED] - Object: 'Object Repository/CancelAndRefund/ConfirmCancellationButton' is clicked on

2022-02-14 14:16:26 - [TEST_STEP][PASSED] - delay(3): Delayed 3 second(s)

2022-02-14 14:16:29 - [MESSAGE][PASSED] - Delayed 3 second(s)

2022-02-14 14:16:29 - [TEST_STEP][PASSED] - takeScreenshot(): Taking screenshot successfully

2022-02-14 14:16:29 - [MESSAGE][PASSED] - Taking screenshot successfully
[[ATTACHMENT|/home/intersoft-admin/Rattan/Bash/Training/Rattan/Final_testing/New_ActivityOverview/Reports/20220214_115757/CancelAndRefundMultipleBookings-CopiedURL/20220214_115814/1644828389761.png]]

2022-02-14 14:16:29 - [MESSAGE][PASSED] - Call Test Case 'Test Cases/StepToReUse/ActivityOverview-CancelBooking' successfully

2022-02-14 14:16:29 - [TEST_STEP][PASSED] - click(findTestObject("Object Repository/DetailPop-up/ExpanSection/ExpandProductSection", ["position":looping])): Object: 'Object Repository/DetailPop-up/ExpanSection/ExpandProductSection' is clicked on

2022-02-14 14:16:33 - [MESSAGE][PASSED] - Object: 'Object Repository/DetailPop-up/ExpanSection/ExpandProductSection' is clicked on

2022-02-14 14:16:33 - [TEST_STEP][PASSED] - delay(3): Delayed 3 second(s)

2022-02-14 14:16:36 - [MESSAGE][PASSED] - Delayed 3 second(s)

2022-02-14 14:16:36 - [TEST_STEP][PASSED] - takeScreenshot(): Taking screenshot successfully

2022-02-14 14:16:36 - [MESSAGE][PASSED] - Taking screenshot successfully
[[ATTACHMENT|/home/intersoft-admin/Rattan/Bash/Training/Rattan/Final_testing/New_ActivityOverview/Reports/20220214_115757/CancelAndRefundMultipleBookings-CopiedURL/20220214_115814/1644828396461.png]]

2022-02-14 14:16:36 - [TEST_STEP][PASSED] - callTestCase(findTestCase("Test Cases/StepToReUse/ActivityOverview-CancelBooking"), [:], CONTINUE_ON_FAILURE): Call Test Case 'Test Cases/StepToReUse/ActivityOverview-CancelBooking' successfully

2022-02-14 14:16:36 - [TEST_CASE][PASSED] - Test Cases/StepToReUse/ActivityOverview-CancelBooking: Test Cases/StepToReUse/ActivityOverview-CancelBooking

2022-02-14 14:16:36 - [TEST_STEP][PASSED] - logInfo(Refund Value: $GlobalVariable.refundvalue): Refund Value: 93

2022-02-14 14:16:36 - [MESSAGE][INFO] - Refund Value: 93

2022-02-14 14:16:36 - [TEST_STEP][PASSED] - cancelButtonSize = findWebElements(findTestObject("Object Repository/CancelAndRefund/CancelBookingButton"), 5).size(): null

2022-02-14 14:16:36 - [TEST_STEP][PASSED] - logInfo(Cancel Button Size: $cancelButtonSize): Cancel Button Size: 2

2022-02-14 14:16:36 - [MESSAGE][INFO] - Cancel Button Size: 2

2022-02-14 14:16:36 - [TEST_STEP][PASSED] - if (cancelButtonSize == 1): null

2022-02-14 14:16:36 - [TEST_STEP][PASSED] - if (cancelButtonSize > 1): Taking screenshot successfully

2022-02-14 14:16:36 - [TEST_STEP][PASSED] - if (waitForElementClickable(findTestObject("Object Repository/CancelAndRefund/CancelBookingButton - Multiple", ["position":cancelbutton]), 15) == true): Taking screenshot successfully

2022-02-14 14:16:37 - [MESSAGE][PASSED] - Object 'Object Repository/CancelAndRefund/CancelBookingButton - Multiple' is clickable

2022-02-14 14:16:37 - [TEST_STEP][PASSED] - scrollToElement(findTestObject("Object Repository/CancelAndRefund/CancelBookingButton - Multiple", ["position":cancelbutton]), 15): Scroll to object 'Object Repository/CancelAndRefund/CancelBookingButton - Multiple' successfully

2022-02-14 14:16:37 - [MESSAGE][PASSED] - Scroll to object 'Object Repository/CancelAndRefund/CancelBookingButton - Multiple' successfully

2022-02-14 14:16:37 - [TEST_STEP][PASSED] - click(findTestObject("Object Repository/CancelAndRefund/CancelBookingButton - Multiple", ["position":cancelbutton])): Object: 'Object Repository/CancelAndRefund/CancelBookingButton - Multiple' is clicked on

2022-02-14 14:16:40 - [MESSAGE][PASSED] - Object: 'Object Repository/CancelAndRefund/CancelBookingButton - Multiple' is clicked on

2022-02-14 14:16:40 - [TEST_STEP][PASSED] - delay(3): Delayed 3 second(s)

2022-02-14 14:16:43 - [MESSAGE][PASSED] - Delayed 3 second(s)

2022-02-14 14:16:43 - [TEST_STEP][PASSED] - takeScreenshot(): Taking screenshot successfully

2022-02-14 14:16:44 - [MESSAGE][PASSED] - Taking screenshot successfully
[[ATTACHMENT|/home/intersoft-admin/Rattan/Bash/Training/Rattan/Final_testing/New_ActivityOverview/Reports/20220214_115757/CancelAndRefundMultipleBookings-CopiedURL/20220214_115814/1644828403975.png]]

2022-02-14 14:16:44 - [TEST_STEP][PASSED] - if (waitForElementClickable(findTestObject("Object Repository/CancelAndRefund/CancelButton - OnRefundPop-up"), 15) == true): Taking screenshot successfully

2022-02-14 14:16:44 - [MESSAGE][PASSED] - Object 'Object Repository/CancelAndRefund/CancelButton - OnRefundPop-up' is clickable

2022-02-14 14:16:44 - [TEST_STEP][PASSED] - click(findTestObject("Object Repository/CancelAndRefund/CancelButton - OnRefundPop-up")): Object: 'Object Repository/CancelAndRefund/CancelButton - OnRefundPop-up' is clicked on

2022-02-14 14:16:47 - [MESSAGE][PASSED] - Object: 'Object Repository/CancelAndRefund/CancelButton - OnRefundPop-up' is clicked on

2022-02-14 14:16:47 - [TEST_STEP][PASSED] - delay(3): Delayed 3 second(s)

2022-02-14 14:16:50 - [MESSAGE][PASSED] - Delayed 3 second(s)

2022-02-14 14:16:50 - [TEST_STEP][PASSED] - takeScreenshot(): Taking screenshot successfully

2022-02-14 14:16:51 - [MESSAGE][PASSED] - Taking screenshot successfully
[[ATTACHMENT|/home/intersoft-admin/Rattan/Bash/Training/Rattan/Final_testing/New_ActivityOverview/Reports/20220214_115757/CancelAndRefundMultipleBookings-CopiedURL/20220214_115814/1644828410882.png]]

2022-02-14 14:16:51 - [TEST_STEP][PASSED] - click(findTestObject("Object Repository/CancelAndRefund/CancelBookingButton - Multiple", ["position":cancelbutton])): Object: 'Object Repository/CancelAndRefund/CancelBookingButton - Multiple' is clicked on

2022-02-14 14:16:54 - [MESSAGE][PASSED] - Object: 'Object Repository/CancelAndRefund/CancelBookingButton - Multiple' is clicked on

2022-02-14 14:16:54 - [TEST_STEP][PASSED] - if (refundvalue <= 10): null

2022-02-14 14:16:54 - [TEST_STEP][PASSED] - if (refundvalue > 10 && refundvalue > 11): Taking screenshot successfully

2022-02-14 14:16:54 - [TEST_STEP][PASSED] - if (waitForElementVisible(findTestObject("Object Repository/CancelAndRefund/OptionToCancelRefund", ["option":"Cancel"]), 15) == true): Taking screenshot successfully

2022-02-14 14:16:54 - [MESSAGE][PASSED] - Object 'Object Repository/CancelAndRefund/OptionToCancelRefund' is visible

2022-02-14 14:16:54 - [TEST_STEP][PASSED] - click(findTestObject("Object Repository/CancelAndRefund/OptionToCancelRefund", ["option":"Cancel and Refund"])): Object: 'Object Repository/CancelAndRefund/OptionToCancelRefund' is clicked on

2022-02-14 14:16:58 - [MESSAGE][PASSED] - Object: 'Object Repository/CancelAndRefund/OptionToCancelRefund' is clicked on

2022-02-14 14:16:58 - [TEST_STEP][PASSED] - delay(3): Delayed 3 second(s)

2022-02-14 14:17:01 - [MESSAGE][PASSED] - Delayed 3 second(s)

2022-02-14 14:17:01 - [TEST_STEP][PASSED] - takeScreenshot(): Taking screenshot successfully

2022-02-14 14:17:01 - [MESSAGE][PASSED] - Taking screenshot successfully
[[ATTACHMENT|/home/intersoft-admin/Rattan/Bash/Training/Rattan/Final_testing/New_ActivityOverview/Reports/20220214_115757/CancelAndRefundMultipleBookings-CopiedURL/20220214_115814/1644828421334.png]]

2022-02-14 14:17:01 - [TEST_STEP][PASSED] - if (refundvalue > 12): Taking screenshot successfully

2022-02-14 14:17:01 - [TEST_STEP][PASSED] - if (waitForElementVisible(findTestObject("Object Repository/CancelAndRefund/RefundOptionRadio"), 15) == true): Taking screenshot successfully

2022-02-14 14:17:01 - [MESSAGE][PASSED] - Object 'Object Repository/CancelAndRefund/RefundOptionRadio' is visible

2022-02-14 14:17:01 - [TEST_STEP][PASSED] - click(findTestObject("Object Repository/CancelAndRefund/RefundOptionRadio")): Object: 'Object Repository/CancelAndRefund/RefundOptionRadio' is clicked on

2022-02-14 14:17:05 - [MESSAGE][PASSED] - Object: 'Object Repository/CancelAndRefund/RefundOptionRadio' is clicked on

2022-02-14 14:17:05 - [TEST_STEP][PASSED] - delay(3): Delayed 3 second(s)

2022-02-14 14:17:08 - [MESSAGE][PASSED] - Delayed 3 second(s)

2022-02-14 14:17:08 - [TEST_STEP][PASSED] - takeScreenshot(): Taking screenshot successfully

2022-02-14 14:17:08 - [MESSAGE][PASSED] - Taking screenshot successfully
[[ATTACHMENT|/home/intersoft-admin/Rattan/Bash/Training/Rattan/Final_testing/New_ActivityOverview/Reports/20220214_115757/CancelAndRefundMultipleBookings-CopiedURL/20220214_115814/1644828428225.png]]

2022-02-14 14:17:08 - [TEST_STEP][PASSED] - setText(findTestObject("Object Repository/CancelAndRefund/ReasonForCancellation"), CancellationReason): Text 'Order Refunded to Test Automation Testing Under Katalon' is set on object 'Object Repository/CancelAndRefund/ReasonForCancellation'

2022-02-14 14:17:14 - [MESSAGE][PASSED] - Text 'Order Refunded to Test Automation Testing Under Katalon' is set on object 'Object Repository/CancelAndRefund/ReasonForCancellation'

2022-02-14 14:17:14 - [TEST_STEP][PASSED] - click(findTestObject("Object Repository/CancelAndRefund/ConfirmCancellationButton")): Object: 'Object Repository/CancelAndRefund/ConfirmCancellationButton' is clicked on

2022-02-14 14:17:18 - [MESSAGE][PASSED] - Object: 'Object Repository/CancelAndRefund/ConfirmCancellationButton' is clicked on

2022-02-14 14:17:18 - [TEST_STEP][PASSED] - delay(3): Delayed 3 second(s)

2022-02-14 14:17:21 - [MESSAGE][PASSED] - Delayed 3 second(s)

2022-02-14 14:17:21 - [TEST_STEP][PASSED] - takeScreenshot(): Taking screenshot successfully

2022-02-14 14:17:21 - [MESSAGE][PASSED] - Taking screenshot successfully
[[ATTACHMENT|/home/intersoft-admin/Rattan/Bash/Training/Rattan/Final_testing/New_ActivityOverview/Reports/20220214_115757/CancelAndRefundMultipleBookings-CopiedURL/20220214_115814/1644828441445.png]]

2022-02-14 14:17:21 - [TEST_STEP][PASSED] - if (waitForElementClickable(findTestObject("Object Repository/CancelAndRefund/CancelBookingButton - Multiple", ["position":cancelbutton]), 15) == true): Taking screenshot successfully

2022-02-14 14:17:21 - [MESSAGE][PASSED] - Object 'Object Repository/CancelAndRefund/CancelBookingButton - Multiple' is clickable

2022-02-14 14:17:21 - [TEST_STEP][PASSED] - scrollToElement(findTestObject("Object Repository/CancelAndRefund/CancelBookingButton - Multiple", ["position":cancelbutton]), 15): Scroll to object 'Object Repository/CancelAndRefund/CancelBookingButton - Multiple' successfully

2022-02-14 14:17:22 - [MESSAGE][PASSED] - Scroll to object 'Object Repository/CancelAndRefund/CancelBookingButton - Multiple' successfully

2022-02-14 14:17:22 - [TEST_STEP][PASSED] - click(findTestObject("Object Repository/CancelAndRefund/CancelBookingButton - Multiple", ["position":cancelbutton])): Object: 'Object Repository/CancelAndRefund/CancelBookingButton - Multiple' is clicked on

2022-02-14 14:17:25 - [MESSAGE][PASSED] - Object: 'Object Repository/CancelAndRefund/CancelBookingButton - Multiple' is clicked on

2022-02-14 14:17:25 - [TEST_STEP][PASSED] - delay(3): Delayed 3 second(s)

2022-02-14 14:17:28 - [MESSAGE][PASSED] - Delayed 3 second(s)

2022-02-14 14:17:28 - [TEST_STEP][PASSED] - takeScreenshot(): Taking screenshot successfully

2022-02-14 14:17:28 - [MESSAGE][PASSED] - Taking screenshot successfully
[[ATTACHMENT|/home/intersoft-admin/Rattan/Bash/Training/Rattan/Final_testing/New_ActivityOverview/Reports/20220214_115757/CancelAndRefundMultipleBookings-CopiedURL/20220214_115814/1644828448658.png]]

2022-02-14 14:17:28 - [TEST_STEP][PASSED] - if (waitForElementClickable(findTestObject("Object Repository/CancelAndRefund/CancelButton - OnRefundPop-up"), 15) == true): Taking screenshot successfully

2022-02-14 14:17:29 - [MESSAGE][PASSED] - Object 'Object Repository/CancelAndRefund/CancelButton - OnRefundPop-up' is clickable

2022-02-14 14:17:29 - [TEST_STEP][PASSED] - click(findTestObject("Object Repository/CancelAndRefund/CancelButton - OnRefundPop-up")): Object: 'Object Repository/CancelAndRefund/CancelButton - OnRefundPop-up' is clicked on

2022-02-14 14:17:32 - [MESSAGE][PASSED] - Object: 'Object Repository/CancelAndRefund/CancelButton - OnRefundPop-up' is clicked on

2022-02-14 14:17:32 - [TEST_STEP][PASSED] - delay(3): Delayed 3 second(s)

2022-02-14 14:17:35 - [MESSAGE][PASSED] - Delayed 3 second(s)

2022-02-14 14:17:35 - [TEST_STEP][PASSED] - takeScreenshot(): Taking screenshot successfully

2022-02-14 14:17:35 - [MESSAGE][PASSED] - Taking screenshot successfully
[[ATTACHMENT|/home/intersoft-admin/Rattan/Bash/Training/Rattan/Final_testing/New_ActivityOverview/Reports/20220214_115757/CancelAndRefundMultipleBookings-CopiedURL/20220214_115814/1644828455536.png]]

2022-02-14 14:17:35 - [TEST_STEP][PASSED] - click(findTestObject("Object Repository/CancelAndRefund/CancelBookingButton - Multiple", ["position":cancelbutton])): Object: 'Object Repository/CancelAndRefund/CancelBookingButton - Multiple' is clicked on

2022-02-14 14:17:38 - [MESSAGE][PASSED] - Object: 'Object Repository/CancelAndRefund/CancelBookingButton - Multiple' is clicked on

2022-02-14 14:17:38 - [TEST_STEP][PASSED] - if (refundvalue <= 10): null

2022-02-14 14:17:38 - [TEST_STEP][PASSED] - if (refundvalue > 10 && refundvalue > 11): Taking screenshot successfully

2022-02-14 14:17:38 - [TEST_STEP][PASSED] - if (waitForElementVisible(findTestObject("Object Repository/CancelAndRefund/OptionToCancelRefund", ["option":"Cancel"]), 15) == true): Taking screenshot successfully

2022-02-14 14:17:39 - [MESSAGE][PASSED] - Object 'Object Repository/CancelAndRefund/OptionToCancelRefund' is visible

2022-02-14 14:17:39 - [TEST_STEP][PASSED] - click(findTestObject("Object Repository/CancelAndRefund/OptionToCancelRefund", ["option":"Cancel and Refund"])): Object: 'Object Repository/CancelAndRefund/OptionToCancelRefund' is clicked on

2022-02-14 14:17:42 - [MESSAGE][PASSED] - Object: 'Object Repository/CancelAndRefund/OptionToCancelRefund' is clicked on

2022-02-14 14:17:42 - [TEST_STEP][PASSED] - delay(3): Delayed 3 second(s)

2022-02-14 14:17:45 - [MESSAGE][PASSED] - Delayed 3 second(s)

2022-02-14 14:17:45 - [TEST_STEP][PASSED] - takeScreenshot(): Taking screenshot successfully

2022-02-14 14:17:46 - [MESSAGE][PASSED] - Taking screenshot successfully
[[ATTACHMENT|/home/intersoft-admin/Rattan/Bash/Training/Rattan/Final_testing/New_ActivityOverview/Reports/20220214_115757/CancelAndRefundMultipleBookings-CopiedURL/20220214_115814/1644828465946.png]]

2022-02-14 14:17:46 - [TEST_STEP][PASSED] - if (refundvalue > 12): Taking screenshot successfully

2022-02-14 14:17:46 - [TEST_STEP][PASSED] - if (waitForElementVisible(findTestObject("Object Repository/CancelAndRefund/RefundOptionRadio"), 15) == true): Taking screenshot successfully

2022-02-14 14:17:46 - [MESSAGE][PASSED] - Object 'Object Repository/CancelAndRefund/RefundOptionRadio' is visible

2022-02-14 14:17:46 - [TEST_STEP][PASSED] - click(findTestObject("Object Repository/CancelAndRefund/RefundOptionRadio")): Object: 'Object Repository/CancelAndRefund/RefundOptionRadio' is clicked on

2022-02-14 14:17:49 - [MESSAGE][PASSED] - Object: 'Object Repository/CancelAndRefund/RefundOptionRadio' is clicked on

2022-02-14 14:17:49 - [TEST_STEP][PASSED] - delay(3): Delayed 3 second(s)

2022-02-14 14:17:52 - [MESSAGE][PASSED] - Delayed 3 second(s)

2022-02-14 14:17:52 - [TEST_STEP][PASSED] - takeScreenshot(): Taking screenshot successfully

2022-02-14 14:17:52 - [MESSAGE][PASSED] - Taking screenshot successfully
[[ATTACHMENT|/home/intersoft-admin/Rattan/Bash/Training/Rattan/Final_testing/New_ActivityOverview/Reports/20220214_115757/CancelAndRefundMultipleBookings-CopiedURL/20220214_115814/1644828472859.png]]

2022-02-14 14:17:52 - [TEST_STEP][PASSED] - setText(findTestObject("Object Repository/CancelAndRefund/ReasonForCancellation"), CancellationReason): Text 'Order Refunded to Test Automation Testing Under Katalon' is set on object 'Object Repository/CancelAndRefund/ReasonForCancellation'

2022-02-14 14:17:59 - [MESSAGE][PASSED] - Text 'Order Refunded to Test Automation Testing Under Katalon' is set on object 'Object Repository/CancelAndRefund/ReasonForCancellation'

2022-02-14 14:17:59 - [TEST_STEP][PASSED] - click(findTestObject("Object Repository/CancelAndRefund/ConfirmCancellationButton")): Object: 'Object Repository/CancelAndRefund/ConfirmCancellationButton' is clicked on

2022-02-14 14:18:02 - [MESSAGE][PASSED] - Object: 'Object Repository/CancelAndRefund/ConfirmCancellationButton' is clicked on

2022-02-14 14:18:02 - [TEST_STEP][PASSED] - delay(3): Delayed 3 second(s)

2022-02-14 14:18:05 - [MESSAGE][PASSED] - Delayed 3 second(s)

2022-02-14 14:18:05 - [TEST_STEP][PASSED] - takeScreenshot(): Taking screenshot successfully

2022-02-14 14:18:06 - [MESSAGE][PASSED] - Taking screenshot successfully
[[ATTACHMENT|/home/intersoft-admin/Rattan/Bash/Training/Rattan/Final_testing/New_ActivityOverview/Reports/20220214_115757/CancelAndRefundMultipleBookings-CopiedURL/20220214_115814/1644828486110.png]]

2022-02-14 14:18:06 - [MESSAGE][PASSED] - Call Test Case 'Test Cases/StepToReUse/ActivityOverview-CancelBooking' successfully

2022-02-14 14:18:06 - [TEST_STEP][PASSED] - switchToWindowIndex(0): Switched to window with index: '0'

2022-02-14 14:18:06 - [MESSAGE][PASSED] - Switched to window with index: '0'

2022-02-14 14:18:06 - [TEST_STEP][PASSED] - delay(13): Delayed 13 second(s)

2022-02-14 14:18:19 - [MESSAGE][PASSED] - Delayed 13 second(s)

2022-02-14 14:18:19 - [TEST_STEP][PASSED] - switchToFrame(findTestObject("Object Repository/Iframe/NewActivityOverviewIframe"), 5): null

2022-02-14 14:18:19 - [TEST_STEP][PASSED] - click(findTestObject("Object Repository/DetailPop-up/Backbutton/BackButtonToListing")): Object: 'Object Repository/DetailPop-up/Backbutton/BackButtonToListing' is clicked on

2022-02-14 14:18:22 - [MESSAGE][PASSED] - Object: 'Object Repository/DetailPop-up/Backbutton/BackButtonToListing' is clicked on

2022-02-14 14:18:22 - [TEST_STEP][PASSED] - delay(13): Delayed 13 second(s)

2022-02-14 14:18:35 - [MESSAGE][PASSED] - Delayed 13 second(s)]]></system-out>
         <system-err><![CDATA[]]></system-err>
      </testcase>
      <system-out><![CDATA[2022-02-14 14:00:57 - [TEST_SUITE][PASSED] - CancelAndRefundMultipleBookings-CopiedURL: Test Cases/NewActivityOverview-LeftNavigation/ActivityOverview-CancelBooking-GetOrderIDAndRefund - CopiedURL]]></system-out>
      <system-err><![CDATA[]]></system-err>
   </testsuite>
   <testsuite name="ActivityOverview-FiltersAndColumns" tests="1" failures="1" errors="0" time="244.462" skipped="0" timestamp="2022-02-14 14:19:00" hostname="intersoft-admin - intersoftadmin-desktop" id="Test Suites/ActivityOverview-FiltersAndColumns">
      <properties>
         <property name="deviceName" value=""/>
         <property name="devicePlatform" value=""/>
         <property name="logFolder" value="/home/intersoft-admin/Rattan/Bash/Training/Rattan/Final_testing/New_ActivityOverview/Reports/20220214_115757/ActivityOverview-FiltersAndColumns/20220214_115816"/>
         <property name="logFiles" value="/home/intersoft-admin/Rattan/Bash/Training/Rattan/Final_testing/New_ActivityOverview/Reports/20220214_115757/ActivityOverview-FiltersAndColumns/20220214_115816/execution0.log"/>
         <property name="attachments" value="/home/intersoft-admin/Rattan/Bash/Training/Rattan/Final_testing/New_ActivityOverview/Reports/20220214_115757/ActivityOverview-FiltersAndColumns/20220214_115816/1644828567334.png, /home/intersoft-admin/Rattan/Bash/Training/Rattan/Final_testing/New_ActivityOverview/Reports/20220214_115757/ActivityOverview-FiltersAndColumns/20220214_115816/1644828582303.png, /home/intersoft-admin/Rattan/Bash/Training/Rattan/Final_testing/New_ActivityOverview/Reports/20220214_115757/ActivityOverview-FiltersAndColumns/20220214_115816/1644828592733.png, /home/intersoft-admin/Rattan/Bash/Training/Rattan/Final_testing/New_ActivityOverview/Reports/20220214_115757/ActivityOverview-FiltersAndColumns/20220214_115816/1644828599090.png, /home/intersoft-admin/Rattan/Bash/Training/Rattan/Final_testing/New_ActivityOverview/Reports/20220214_115757/ActivityOverview-FiltersAndColumns/20220214_115816/1644828602311.png, /home/intersoft-admin/Rattan/Bash/Training/Rattan/Final_testing/New_ActivityOverview/Reports/20220214_115757/ActivityOverview-FiltersAndColumns/20220214_115816/1644828626771.png, /home/intersoft-admin/Rattan/Bash/Training/Rattan/Final_testing/New_ActivityOverview/Reports/20220214_115757/ActivityOverview-FiltersAndColumns/20220214_115816/1644828640756.png, /home/intersoft-admin/Rattan/Bash/Training/Rattan/Final_testing/New_ActivityOverview/Reports/20220214_115757/ActivityOverview-FiltersAndColumns/20220214_115816/1644828651183.png, /home/intersoft-admin/Rattan/Bash/Training/Rattan/Final_testing/New_ActivityOverview/Reports/20220214_115757/ActivityOverview-FiltersAndColumns/20220214_115816/1644828657482.png, /home/intersoft-admin/Rattan/Bash/Training/Rattan/Final_testing/New_ActivityOverview/Reports/20220214_115757/ActivityOverview-FiltersAndColumns/20220214_115816/1644828660690.png, /home/intersoft-admin/Rattan/Bash/Training/Rattan/Final_testing/New_ActivityOverview/Reports/20220214_115757/ActivityOverview-FiltersAndColumns/20220214_115816/1644828687682.png, /home/intersoft-admin/Rattan/Bash/Training/Rattan/Final_testing/New_ActivityOverview/Reports/20220214_115757/ActivityOverview-FiltersAndColumns/20220214_115816/1644828703965.png, /home/intersoft-admin/Rattan/Bash/Training/Rattan/Final_testing/New_ActivityOverview/Reports/20220214_115757/ActivityOverview-FiltersAndColumns/20220214_115816/1644828714396.png, /home/intersoft-admin/Rattan/Bash/Training/Rattan/Final_testing/New_ActivityOverview/Reports/20220214_115757/ActivityOverview-FiltersAndColumns/20220214_115816/1644828720700.png, /home/intersoft-admin/Rattan/Bash/Training/Rattan/Final_testing/New_ActivityOverview/Reports/20220214_115757/ActivityOverview-FiltersAndColumns/20220214_115816/1644828723915.png, /home/intersoft-admin/Rattan/Bash/Training/Rattan/Final_testing/New_ActivityOverview/Reports/20220214_115757/ActivityOverview-FiltersAndColumns/20220214_115816/1644828749252.png, /home/intersoft-admin/Rattan/Bash/Training/Rattan/Final_testing/New_ActivityOverview/Reports/20220214_115757/ActivityOverview-FiltersAndColumns/20220214_115816/1644828764416.png, /home/intersoft-admin/Rattan/Bash/Training/Rattan/Final_testing/New_ActivityOverview/Reports/20220214_115757/ActivityOverview-FiltersAndColumns/20220214_115816/1644828774838.png, /home/intersoft-admin/Rattan/Bash/Training/Rattan/Final_testing/New_ActivityOverview/Reports/20220214_115757/ActivityOverview-FiltersAndColumns/20220214_115816/1644828781140.png, /home/intersoft-admin/Rattan/Bash/Training/Rattan/Final_testing/New_ActivityOverview/Reports/20220214_115757/ActivityOverview-FiltersAndColumns/20220214_115816/1644828784351.png"/>
         <property name="hostName" value="intersoft-admin - intersoftadmin-desktop"/>
         <property name="os" value="Linux 64bit"/>
         <property name="katalonVersion" value="8.2.5.208"/>
         <property name="browser" value="Chrome 97.0.4692.99"/>
         <property name="hostAddress" value="127.0.1.1"/>
         <property name="sessionId" value="1f68efb535103ea83f6d044f52993188"/>
         <property name="seleniumVersion" value="3.141.59"/>
         <property name="proxyInformation" value="ProxyInformation { proxyOption=NO_PROXY, proxyServerType=HTTP, username=, password=********, proxyServerAddress=, proxyServerPort=0, executionList=&quot;&quot;, isApplyToDesiredCapabilities=true }"/>
         <property name="platform" value="Linux"/>
      </properties>
      <testcase name="Test Cases/NewActivityOverview-LeftNavigation/ActivityOverview-ViewFilterAndColumn" time="60.448" classname="Test Cases/NewActivityOverview-LeftNavigation/ActivityOverview-ViewFilterAndColumn" status="FAILED">
         <failure type="FAILED" message="Test Cases/NewActivityOverview-LeftNavigation/ActivityOverview-ViewFilterAndColumn FAILED.
Reason:
com.kms.katalon.core.exception.StepFailedException: Unable to click on object 'Object Repository/ListViewIcon/ExtraColumns/AddExtraColumns'
	at com.kms.katalon.core.webui.keyword.internal.WebUIKeywordMain.stepFailed(WebUIKeywordMain.groovy:64)
	at com.kms.katalon.core.webui.keyword.internal.WebUIKeywordMain.runKeyword(WebUIKeywordMain.groovy:26)
	at com.kms.katalon.core.webui.keyword.builtin.ClickKeyword.click(ClickKeyword.groovy:74)
	at com.kms.katalon.core.webui.keyword.builtin.ClickKeyword.execute(ClickKeyword.groovy:40)
	at com.kms.katalon.core.keyword.internal.KeywordExecutor.executeKeywordForPlatform(KeywordExecutor.groovy:74)
	at com.kms.katalon.core.webui.keyword.WebUiBuiltInKeywords.click(WebUiBuiltInKeywords.groovy:620)
	at com.kms.katalon.core.webui.keyword.WebUiBuiltInKeywords$click$2.call(Unknown Source)
	at ActivityOverview-ViewFilterAndColumn.run(ActivityOverview-ViewFilterAndColumn:57)
	at com.kms.katalon.core.main.ScriptEngine.run(ScriptEngine.java:194)
	at com.kms.katalon.core.main.ScriptEngine.runScriptAsRawText(ScriptEngine.java:119)
	at com.kms.katalon.core.main.TestCaseExecutor.runScript(TestCaseExecutor.java:442)
	at com.kms.katalon.core.main.TestCaseExecutor.doExecute(TestCaseExecutor.java:433)
	at com.kms.katalon.core.main.TestCaseExecutor.processExecutionPhase(TestCaseExecutor.java:412)
	at com.kms.katalon.core.main.TestCaseExecutor.accessMainPhase(TestCaseExecutor.java:404)
	at com.kms.katalon.core.main.TestCaseExecutor.execute(TestCaseExecutor.java:281)
	at com.kms.katalon.core.main.TestCaseExecutor.execute(TestCaseExecutor.java:363)
	at com.kms.katalon.core.main.TestCaseExecutor.execute(TestCaseExecutor.java:363)
	at com.kms.katalon.core.main.TestCaseExecutor.execute(TestCaseExecutor.java:363)
	at com.kms.katalon.core.main.TestSuiteExecutor.accessTestCaseMainPhase(TestSuiteExecutor.java:202)
	at com.kms.katalon.core.main.TestSuiteExecutor.accessTestSuiteMainPhase(TestSuiteExecutor.java:164)
	at com.kms.katalon.core.main.TestSuiteExecutor.execute(TestSuiteExecutor.java:105)
	at com.kms.katalon.core.main.TestCaseMain.startTestSuite(TestCaseMain.java:185)
	at com.kms.katalon.core.main.TestCaseMain$startTestSuite$0.call(Unknown Source)
	at TempTestSuite1644820096785.run(TempTestSuite1644820096785.groovy:36)
Caused by: org.openqa.selenium.ElementNotInteractableException: element not interactable
  (Session info: chrome=97.0.4692.99)
Build info: version: '3.141.59', revision: 'e82be7d358', time: '2018-11-14T08:25:53'
System info: host: 'intersoftadmin-desktop', ip: '127.0.1.1', os.name: 'Linux', os.arch: 'amd64', os.version: '5.4.0-99-generic', java.version: '1.8.0_312'
Driver info: com.kms.katalon.selenium.driver.CChromeDriver
Capabilities {acceptInsecureCerts: false, browserName: chrome, browserVersion: 97.0.4692.99, chrome: {chromedriverVersion: 97.0.4692.36 (747e0a0f19c13..., userDataDir: /tmp/.com.google.Chrome.ozGIlG}, goog:chromeOptions: {debuggerAddress: localhost:42433}, javascriptEnabled: true, networkConnectionEnabled: false, pageLoadStrategy: normal, platform: LINUX, platformName: LINUX, proxy: Proxy(), setWindowRect: true, strictFileInteractability: false, timeouts: {implicit: 0, pageLoad: 300000, script: 30000}, unhandledPromptBehavior: dismiss and notify, webauthn:extension:credBlob: true, webauthn:extension:largeBlob: true, webauthn:virtualAuthenticators: true}
Session ID: 1f68efb535103ea83f6d044f52993188
	at org.openqa.selenium.remote.http.W3CHttpResponseCodec.createException(W3CHttpResponseCodec.java:187)
	at org.openqa.selenium.remote.http.W3CHttpResponseCodec.decode(W3CHttpResponseCodec.java:122)
	at org.openqa.selenium.remote.http.W3CHttpResponseCodec.decode(W3CHttpResponseCodec.java:49)
	at org.openqa.selenium.remote.HttpCommandExecutor.execute(HttpCommandExecutor.java:158)
	at org.openqa.selenium.remote.service.DriverCommandExecutor.execute(DriverCommandExecutor.java:83)
	at org.openqa.selenium.remote.RemoteWebDriver.execute(RemoteWebDriver.java:552)
	at com.kms.katalon.selenium.driver.CChromeDriver.execute(CChromeDriver.java:19)
	at org.openqa.selenium.remote.RemoteWebElement.execute(RemoteWebElement.java:285)
	at org.openqa.selenium.remote.RemoteWebElement.click(RemoteWebElement.java:84)
	at org.openqa.selenium.support.events.EventFiringWebDriver$EventFiringWebElement.lambda$new$0(EventFiringWebDriver.java:404)
	at com.sun.proxy.$Proxy11.click(Unknown Source)
	at org.openqa.selenium.support.events.EventFiringWebDriver$EventFiringWebElement.click(EventFiringWebDriver.java:417)
	at org.openqa.selenium.WebElement$click.call(Unknown Source)
	at com.kms.katalon.core.webui.keyword.builtin.ClickKeyword.clickUntilSuccessWithTimeout(ClickKeyword.groovy:81)
	at com.kms.katalon.core.webui.keyword.builtin.ClickKeyword.clickUntilSuccessWithTimeout(ClickKeyword.groovy)
	at com.kms.katalon.core.webui.keyword.builtin.ClickKeyword$_click_closure1.doCall(ClickKeyword.groovy:67)
	at com.kms.katalon.core.webui.keyword.builtin.ClickKeyword$_click_closure1.call(ClickKeyword.groovy)
	at com.kms.katalon.core.webui.keyword.internal.WebUIKeywordMain.runKeyword(WebUIKeywordMain.groovy:20)
	... 22 more
"/>
         <system-out><![CDATA[2022-02-14 14:22:04 - [TEST_CASE][FAILED] - Test Cases/NewActivityOverview-LeftNavigation/ActivityOverview-ViewFilterAndColumn: Test Cases/NewActivityOverview-LeftNavigation/ActivityOverview-ViewFilterAndColumn FAILED.
Reason:
com.kms.katalon.core.exception.StepFailedException: Unable to click on object 'Object Repository/ListViewIcon/ExtraColumns/AddExtraColumns'
	at com.kms.katalon.core.webui.keyword.internal.WebUIKeywordMain.stepFailed(WebUIKeywordMain.groovy:64)
	at com.kms.katalon.core.webui.keyword.internal.WebUIKeywordMain.runKeyword(WebUIKeywordMain.groovy:26)
	at com.kms.katalon.core.webui.keyword.builtin.ClickKeyword.click(ClickKeyword.groovy:74)
	at com.kms.katalon.core.webui.keyword.builtin.ClickKeyword.execute(ClickKeyword.groovy:40)
	at com.kms.katalon.core.keyword.internal.KeywordExecutor.executeKeywordForPlatform(KeywordExecutor.groovy:74)
	at com.kms.katalon.core.webui.keyword.WebUiBuiltInKeywords.click(WebUiBuiltInKeywords.groovy:620)
	at com.kms.katalon.core.webui.keyword.WebUiBuiltInKeywords$click$2.call(Unknown Source)
	at ActivityOverview-ViewFilterAndColumn.run(ActivityOverview-ViewFilterAndColumn:57)
	at com.kms.katalon.core.main.ScriptEngine.run(ScriptEngine.java:194)
	at com.kms.katalon.core.main.ScriptEngine.runScriptAsRawText(ScriptEngine.java:119)
	at com.kms.katalon.core.main.TestCaseExecutor.runScript(TestCaseExecutor.java:442)
	at com.kms.katalon.core.main.TestCaseExecutor.doExecute(TestCaseExecutor.java:433)
	at com.kms.katalon.core.main.TestCaseExecutor.processExecutionPhase(TestCaseExecutor.java:412)
	at com.kms.katalon.core.main.TestCaseExecutor.accessMainPhase(TestCaseExecutor.java:404)
	at com.kms.katalon.core.main.TestCaseExecutor.execute(TestCaseExecutor.java:281)
	at com.kms.katalon.core.main.TestCaseExecutor.execute(TestCaseExecutor.java:363)
	at com.kms.katalon.core.main.TestCaseExecutor.execute(TestCaseExecutor.java:363)
	at com.kms.katalon.core.main.TestCaseExecutor.execute(TestCaseExecutor.java:363)
	at com.kms.katalon.core.main.TestSuiteExecutor.accessTestCaseMainPhase(TestSuiteExecutor.java:202)
	at com.kms.katalon.core.main.TestSuiteExecutor.accessTestSuiteMainPhase(TestSuiteExecutor.java:164)
	at com.kms.katalon.core.main.TestSuiteExecutor.execute(TestSuiteExecutor.java:105)
	at com.kms.katalon.core.main.TestCaseMain.startTestSuite(TestCaseMain.java:185)
	at com.kms.katalon.core.main.TestCaseMain$startTestSuite$0.call(Unknown Source)
	at TempTestSuite1644820096785.run(TempTestSuite1644820096785.groovy:36)
Caused by: org.openqa.selenium.ElementNotInteractableException: element not interactable
  (Session info: chrome=97.0.4692.99)
Build info: version: '3.141.59', revision: 'e82be7d358', time: '2018-11-14T08:25:53'
System info: host: 'intersoftadmin-desktop', ip: '127.0.1.1', os.name: 'Linux', os.arch: 'amd64', os.version: '5.4.0-99-generic', java.version: '1.8.0_312'
Driver info: com.kms.katalon.selenium.driver.CChromeDriver
Capabilities {acceptInsecureCerts: false, browserName: chrome, browserVersion: 97.0.4692.99, chrome: {chromedriverVersion: 97.0.4692.36 (747e0a0f19c13..., userDataDir: /tmp/.com.google.Chrome.ozGIlG}, goog:chromeOptions: {debuggerAddress: localhost:42433}, javascriptEnabled: true, networkConnectionEnabled: false, pageLoadStrategy: normal, platform: LINUX, platformName: LINUX, proxy: Proxy(), setWindowRect: true, strictFileInteractability: false, timeouts: {implicit: 0, pageLoad: 300000, script: 30000}, unhandledPromptBehavior: dismiss and notify, webauthn:extension:credBlob: true, webauthn:extension:largeBlob: true, webauthn:virtualAuthenticators: true}
Session ID: 1f68efb535103ea83f6d044f52993188
	at org.openqa.selenium.remote.http.W3CHttpResponseCodec.createException(W3CHttpResponseCodec.java:187)
	at org.openqa.selenium.remote.http.W3CHttpResponseCodec.decode(W3CHttpResponseCodec.java:122)
	at org.openqa.selenium.remote.http.W3CHttpResponseCodec.decode(W3CHttpResponseCodec.java:49)
	at org.openqa.selenium.remote.HttpCommandExecutor.execute(HttpCommandExecutor.java:158)
	at org.openqa.selenium.remote.service.DriverCommandExecutor.execute(DriverCommandExecutor.java:83)
	at org.openqa.selenium.remote.RemoteWebDriver.execute(RemoteWebDriver.java:552)
	at com.kms.katalon.selenium.driver.CChromeDriver.execute(CChromeDriver.java:19)
	at org.openqa.selenium.remote.RemoteWebElement.execute(RemoteWebElement.java:285)
	at org.openqa.selenium.remote.RemoteWebElement.click(RemoteWebElement.java:84)
	at org.openqa.selenium.support.events.EventFiringWebDriver$EventFiringWebElement.lambda$new$0(EventFiringWebDriver.java:404)
	at com.sun.proxy.$Proxy11.click(Unknown Source)
	at org.openqa.selenium.support.events.EventFiringWebDriver$EventFiringWebElement.click(EventFiringWebDriver.java:417)
	at org.openqa.selenium.WebElement$click.call(Unknown Source)
	at com.kms.katalon.core.webui.keyword.builtin.ClickKeyword.clickUntilSuccessWithTimeout(ClickKeyword.groovy:81)
	at com.kms.katalon.core.webui.keyword.builtin.ClickKeyword.clickUntilSuccessWithTimeout(ClickKeyword.groovy)
	at com.kms.katalon.core.webui.keyword.builtin.ClickKeyword$_click_closure1.doCall(ClickKeyword.groovy:67)
	at com.kms.katalon.core.webui.keyword.builtin.ClickKeyword$_click_closure1.call(ClickKeyword.groovy)
	at com.kms.katalon.core.webui.keyword.internal.WebUIKeywordMain.runKeyword(WebUIKeywordMain.groovy:20)
	... 22 more


2022-02-14 14:22:04 - [TEST_STEP][PASSED] - callTestCase(findTestCase("LoginWithSuperAdmin/SuperAdmin-Login"), [:], STOP_ON_FAILURE): Call Test Case 'Test Cases/LoginWithSuperAdmin/SuperAdmin-Login' successfully

2022-02-14 14:22:04 - [TEST_CASE][PASSED] - Test Cases/LoginWithSuperAdmin/SuperAdmin-Login: Test Cases/LoginWithSuperAdmin/SuperAdmin-Login

2022-02-14 14:22:04 - [TEST_STEP][PASSED] - openBrowser(""): Browser is opened with url: ''

2022-02-14 14:22:04 - [MESSAGE][WARNING] - A browser is already opened. Closing browser and opening a new one

2022-02-14 14:22:04 - [MESSAGE][INFO] - Starting 'Chrome' driver

2022-02-14 14:22:04 - [MESSAGE][INFO] - Action delay is set to 3,000 milliseconds

2022-02-14 14:22:04 - [MESSAGE][PASSED] - Browser is opened with url: ''

2022-02-14 14:22:04 - [TEST_STEP][PASSED] - setViewPortSize(1920, 1080): Viewport is set to new size with width = 1920 and height = 1080

2022-02-14 14:22:04 - [MESSAGE][PASSED] - Viewport is set to new size with width = 1920 and height = 1080

2022-02-14 14:22:04 - [TEST_STEP][PASSED] - navigateToUrl(URL): Navigate to 'https://marketplacev1.test-prio.com' successfully

2022-02-14 14:22:09 - [MESSAGE][PASSED] - Navigate to 'https://marketplacev1.test-prio.com' successfully

2022-02-14 14:22:09 - [TEST_STEP][PASSED] - delay(3): Delayed 3 second(s)

2022-02-14 14:22:12 - [MESSAGE][PASSED] - Delayed 3 second(s)

2022-02-14 14:22:12 - [TEST_STEP][PASSED] - click(findTestObject("SuperAdmin/Login/input_Email_contact_email")): Object: 'Object Repository/SuperAdmin/Login/input_Email_contact_email' is clicked on

2022-02-14 14:22:16 - [MESSAGE][PASSED] - Object: 'Object Repository/SuperAdmin/Login/input_Email_contact_email' is clicked on

2022-02-14 14:22:16 - [TEST_STEP][PASSED] - setText(findTestObject("SuperAdmin/Login/input_Email_contact_email"), uname): Text 'superadmin@tippoint.com' is set on object 'Object Repository/SuperAdmin/Login/input_Email_contact_email'

2022-02-14 14:22:22 - [MESSAGE][PASSED] - Text 'superadmin@tippoint.com' is set on object 'Object Repository/SuperAdmin/Login/input_Email_contact_email'

2022-02-14 14:22:22 - [TEST_STEP][PASSED] - setEncryptedText(findTestObject("SuperAdmin/Login/input_Password_password"), Password): Text ****** has been set on object 'Object Repository/SuperAdmin/Login/input_Password_password'

2022-02-14 14:22:29 - [MESSAGE][PASSED] - Text ****** has been set on object 'Object Repository/SuperAdmin/Login/input_Password_password'

2022-02-14 14:22:29 - [TEST_STEP][PASSED] - takeScreenshot(): Taking screenshot successfully

2022-02-14 14:22:29 - [MESSAGE][PASSED] - Taking screenshot successfully
[[ATTACHMENT|/home/intersoft-admin/Rattan/Bash/Training/Rattan/Final_testing/New_ActivityOverview/Reports/20220214_115757/ActivityOverview-FiltersAndColumns/20220214_115816/1644828749252.png]]

2022-02-14 14:22:29 - [TEST_STEP][PASSED] - newpackage.clickUsingJS.clickUsingJS(findTestObject("SuperAdmin/Login/button_Sign in"), 5): newpackage.clickUsingJS.clickUsingJS is PASSED

2022-02-14 14:22:29 - [MESSAGE][PASSED] - newpackage.clickUsingJS.clickUsingJS is PASSED

2022-02-14 14:22:29 - [MESSAGE][PASSED] - Call Test Case 'Test Cases/LoginWithSuperAdmin/SuperAdmin-Login' successfully

2022-02-14 14:22:29 - [TEST_STEP][PASSED] - switchToDefaultContent(): null

2022-02-14 14:22:29 - [TEST_STEP][PASSED] - click(findTestObject("SuperAdminLeftNavigation/NewActivityOverview-LeftNavigation")): Object: 'Object Repository/SuperAdminLeftNavigation/NewActivityOverview-LeftNavigation' is clicked on

2022-02-14 14:22:43 - [MESSAGE][PASSED] - Object: 'Object Repository/SuperAdminLeftNavigation/NewActivityOverview-LeftNavigation' is clicked on

2022-02-14 14:22:43 - [TEST_STEP][PASSED] - takeScreenshot(): Taking screenshot successfully

2022-02-14 14:22:44 - [MESSAGE][PASSED] - Taking screenshot successfully
[[ATTACHMENT|/home/intersoft-admin/Rattan/Bash/Training/Rattan/Final_testing/New_ActivityOverview/Reports/20220214_115757/ActivityOverview-FiltersAndColumns/20220214_115816/1644828764416.png]]

2022-02-14 14:22:44 - [TEST_STEP][PASSED] - switchToFrame(findTestObject("Object Repository/Iframe/NewActivityOverviewIframe"), 5): null

2022-02-14 14:22:44 - [TEST_STEP][PASSED] - delay(10): Delayed 10 second(s)

2022-02-14 14:22:54 - [MESSAGE][PASSED] - Delayed 10 second(s)

2022-02-14 14:22:54 - [TEST_STEP][PASSED] - takeScreenshot(): Taking screenshot successfully

2022-02-14 14:22:54 - [MESSAGE][PASSED] - Taking screenshot successfully
[[ATTACHMENT|/home/intersoft-admin/Rattan/Bash/Training/Rattan/Final_testing/New_ActivityOverview/Reports/20220214_115757/ActivityOverview-FiltersAndColumns/20220214_115816/1644828774838.png]]

2022-02-14 14:22:54 - [TEST_STEP][PASSED] - sizeoflisting = findWebElements(findTestObject("ListingArea/ListingContainsData"), 5).size(): null

2022-02-14 14:22:55 - [TEST_STEP][PASSED] - println(sizeoflisting): null

2022-02-14 14:22:55 - [TEST_STEP][PASSED] - logInfo(Size of Order Listing: $sizeoflisting): Size of Order Listing: 11

2022-02-14 14:22:55 - [MESSAGE][INFO] - Size of Order Listing: 11

2022-02-14 14:22:55 - [TEST_STEP][FAILED] - if (sizeoflisting > 2): Unable to click on object 'Object Repository/ListViewIcon/ExtraColumns/AddExtraColumns' (Root cause: com.kms.katalon.core.exception.StepFailedException: Unable to click on object 'Object Repository/ListViewIcon/ExtraColumns/AddExtraColumns'
	at com.kms.katalon.core.webui.keyword.internal.WebUIKeywordMain.stepFailed(WebUIKeywordMain.groovy:64)
	at com.kms.katalon.core.webui.keyword.internal.WebUIKeywordMain.runKeyword(WebUIKeywordMain.groovy:26)
	at com.kms.katalon.core.webui.keyword.builtin.ClickKeyword.click(ClickKeyword.groovy:74)
	at com.kms.katalon.core.webui.keyword.builtin.ClickKeyword.execute(ClickKeyword.groovy:40)
	at com.kms.katalon.core.keyword.internal.KeywordExecutor.executeKeywordForPlatform(KeywordExecutor.groovy:74)
	at com.kms.katalon.core.webui.keyword.WebUiBuiltInKeywords.click(WebUiBuiltInKeywords.groovy:620)
	at com.kms.katalon.core.webui.keyword.WebUiBuiltInKeywords$click$2.call(Unknown Source)
	at ActivityOverview-ViewFilterAndColumn.run(ActivityOverview-ViewFilterAndColumn:57)
	at com.kms.katalon.core.main.ScriptEngine.run(ScriptEngine.java:194)
	at com.kms.katalon.core.main.ScriptEngine.runScriptAsRawText(ScriptEngine.java:119)
	at com.kms.katalon.core.main.TestCaseExecutor.runScript(TestCaseExecutor.java:442)
	at com.kms.katalon.core.main.TestCaseExecutor.doExecute(TestCaseExecutor.java:433)
	at com.kms.katalon.core.main.TestCaseExecutor.processExecutionPhase(TestCaseExecutor.java:412)
	at com.kms.katalon.core.main.TestCaseExecutor.accessMainPhase(TestCaseExecutor.java:404)
	at com.kms.katalon.core.main.TestCaseExecutor.execute(TestCaseExecutor.java:281)
	at com.kms.katalon.core.main.TestCaseExecutor.execute(TestCaseExecutor.java:363)
	at com.kms.katalon.core.main.TestCaseExecutor.execute(TestCaseExecutor.java:363)
	at com.kms.katalon.core.main.TestCaseExecutor.execute(TestCaseExecutor.java:363)
	at com.kms.katalon.core.main.TestSuiteExecutor.accessTestCaseMainPhase(TestSuiteExecutor.java:202)
	at com.kms.katalon.core.main.TestSuiteExecutor.accessTestSuiteMainPhase(TestSuiteExecutor.java:164)
	at com.kms.katalon.core.main.TestSuiteExecutor.execute(TestSuiteExecutor.java:105)
	at com.kms.katalon.core.main.TestCaseMain.startTestSuite(TestCaseMain.java:185)
	at com.kms.katalon.core.main.TestCaseMain$startTestSuite$0.call(Unknown Source)
	at TempTestSuite1644820096785.run(TempTestSuite1644820096785.groovy:36)
Caused by: org.openqa.selenium.ElementNotInteractableException: element not interactable
  (Session info: chrome=97.0.4692.99)
Build info: version: '3.141.59', revision: 'e82be7d358', time: '2018-11-14T08:25:53'
System info: host: 'intersoftadmin-desktop', ip: '127.0.1.1', os.name: 'Linux', os.arch: 'amd64', os.version: '5.4.0-99-generic', java.version: '1.8.0_312'
Driver info: com.kms.katalon.selenium.driver.CChromeDriver
Capabilities {acceptInsecureCerts: false, browserName: chrome, browserVersion: 97.0.4692.99, chrome: {chromedriverVersion: 97.0.4692.36 (747e0a0f19c13..., userDataDir: /tmp/.com.google.Chrome.ozGIlG}, goog:chromeOptions: {debuggerAddress: localhost:42433}, javascriptEnabled: true, networkConnectionEnabled: false, pageLoadStrategy: normal, platform: LINUX, platformName: LINUX, proxy: Proxy(), setWindowRect: true, strictFileInteractability: false, timeouts: {implicit: 0, pageLoad: 300000, script: 30000}, unhandledPromptBehavior: dismiss and notify, webauthn:extension:credBlob: true, webauthn:extension:largeBlob: true, webauthn:virtualAuthenticators: true}
Session ID: 1f68efb535103ea83f6d044f52993188
	at org.openqa.selenium.remote.http.W3CHttpResponseCodec.createException(W3CHttpResponseCodec.java:187)
	at org.openqa.selenium.remote.http.W3CHttpResponseCodec.decode(W3CHttpResponseCodec.java:122)
	at org.openqa.selenium.remote.http.W3CHttpResponseCodec.decode(W3CHttpResponseCodec.java:49)
	at org.openqa.selenium.remote.HttpCommandExecutor.execute(HttpCommandExecutor.java:158)
	at org.openqa.selenium.remote.service.DriverCommandExecutor.execute(DriverCommandExecutor.java:83)
	at org.openqa.selenium.remote.RemoteWebDriver.execute(RemoteWebDriver.java:552)
	at com.kms.katalon.selenium.driver.CChromeDriver.execute(CChromeDriver.java:19)
	at org.openqa.selenium.remote.RemoteWebElement.execute(RemoteWebElement.java:285)
	at org.openqa.selenium.remote.RemoteWebElement.click(RemoteWebElement.java:84)
	at org.openqa.selenium.support.events.EventFiringWebDriver$EventFiringWebElement.lambda$new$0(EventFiringWebDriver.java:404)
	at com.sun.proxy.$Proxy11.click(Unknown Source)
	at org.openqa.selenium.support.events.EventFiringWebDriver$EventFiringWebElement.click(EventFiringWebDriver.java:417)
	at org.openqa.selenium.WebElement$click.call(Unknown Source)
	at com.kms.katalon.core.webui.keyword.builtin.ClickKeyword.clickUntilSuccessWithTimeout(ClickKeyword.groovy:81)
	at com.kms.katalon.core.webui.keyword.builtin.ClickKeyword.clickUntilSuccessWithTimeout(ClickKeyword.groovy)
	at com.kms.katalon.core.webui.keyword.builtin.ClickKeyword$_click_closure1.doCall(ClickKeyword.groovy:67)
	at com.kms.katalon.core.webui.keyword.builtin.ClickKeyword$_click_closure1.call(ClickKeyword.groovy)
	at com.kms.katalon.core.webui.keyword.internal.WebUIKeywordMain.runKeyword(WebUIKeywordMain.groovy:20)
	at com.kms.katalon.core.webui.keyword.builtin.ClickKeyword.click(ClickKeyword.groovy:74)
	at com.kms.katalon.core.webui.keyword.builtin.ClickKeyword.execute(ClickKeyword.groovy:40)
	at com.kms.katalon.core.keyword.internal.KeywordExecutor.executeKeywordForPlatform(KeywordExecutor.groovy:74)
	at com.kms.katalon.core.webui.keyword.WebUiBuiltInKeywords.click(WebUiBuiltInKeywords.groovy:620)
	at com.kms.katalon.core.webui.keyword.WebUiBuiltInKeywords$click$2.call(Unknown Source)
	at Script1643699226975.run(Script1643699226975.groovy:57)
	... 16 more
)

2022-02-14 14:22:55 - [TEST_STEP][PASSED] - logInfo("Orders Exist in Listing"): Orders Exist in Listing

2022-02-14 14:22:55 - [MESSAGE][INFO] - Orders Exist in Listing

2022-02-14 14:22:55 - [TEST_STEP][PASSED] - click(findTestObject("Object Repository/ListViewIcon/ClickonEyeView")): Object: 'Object Repository/ListViewIcon/ClickonEyeView' is clicked on

2022-02-14 14:22:58 - [MESSAGE][PASSED] - Object: 'Object Repository/ListViewIcon/ClickonEyeView' is clicked on

2022-02-14 14:22:58 - [TEST_STEP][PASSED] - delay(3): Delayed 3 second(s)

2022-02-14 14:23:01 - [MESSAGE][PASSED] - Delayed 3 second(s)

2022-02-14 14:23:01 - [TEST_STEP][PASSED] - takeScreenshot(): Taking screenshot successfully

2022-02-14 14:23:01 - [MESSAGE][PASSED] - Taking screenshot successfully
[[ATTACHMENT|/home/intersoft-admin/Rattan/Bash/Training/Rattan/Final_testing/New_ActivityOverview/Reports/20220214_115757/ActivityOverview-FiltersAndColumns/20220214_115816/1644828781140.png]]

2022-02-14 14:23:01 - [TEST_STEP][FAILED] - click(findTestObject("Object Repository/ListViewIcon/ExtraColumns/AddExtraColumns", ["position":"1"])): Unable to click on object 'Object Repository/ListViewIcon/ExtraColumns/AddExtraColumns' (Root cause: com.kms.katalon.core.exception.StepFailedException: Unable to click on object 'Object Repository/ListViewIcon/ExtraColumns/AddExtraColumns'
	at com.kms.katalon.core.webui.keyword.internal.WebUIKeywordMain.stepFailed(WebUIKeywordMain.groovy:64)
	at com.kms.katalon.core.webui.keyword.internal.WebUIKeywordMain.runKeyword(WebUIKeywordMain.groovy:26)
	at com.kms.katalon.core.webui.keyword.builtin.ClickKeyword.click(ClickKeyword.groovy:74)
	at com.kms.katalon.core.webui.keyword.builtin.ClickKeyword.execute(ClickKeyword.groovy:40)
	at com.kms.katalon.core.keyword.internal.KeywordExecutor.executeKeywordForPlatform(KeywordExecutor.groovy:74)
	at com.kms.katalon.core.webui.keyword.WebUiBuiltInKeywords.click(WebUiBuiltInKeywords.groovy:620)
	at com.kms.katalon.core.webui.keyword.WebUiBuiltInKeywords$click$2.call(Unknown Source)
	at ActivityOverview-ViewFilterAndColumn.run(ActivityOverview-ViewFilterAndColumn:57)
	at com.kms.katalon.core.main.ScriptEngine.run(ScriptEngine.java:194)
	at com.kms.katalon.core.main.ScriptEngine.runScriptAsRawText(ScriptEngine.java:119)
	at com.kms.katalon.core.main.TestCaseExecutor.runScript(TestCaseExecutor.java:442)
	at com.kms.katalon.core.main.TestCaseExecutor.doExecute(TestCaseExecutor.java:433)
	at com.kms.katalon.core.main.TestCaseExecutor.processExecutionPhase(TestCaseExecutor.java:412)
	at com.kms.katalon.core.main.TestCaseExecutor.accessMainPhase(TestCaseExecutor.java:404)
	at com.kms.katalon.core.main.TestCaseExecutor.execute(TestCaseExecutor.java:281)
	at com.kms.katalon.core.main.TestCaseExecutor.execute(TestCaseExecutor.java:363)
	at com.kms.katalon.core.main.TestCaseExecutor.execute(TestCaseExecutor.java:363)
	at com.kms.katalon.core.main.TestCaseExecutor.execute(TestCaseExecutor.java:363)
	at com.kms.katalon.core.main.TestSuiteExecutor.accessTestCaseMainPhase(TestSuiteExecutor.java:202)
	at com.kms.katalon.core.main.TestSuiteExecutor.accessTestSuiteMainPhase(TestSuiteExecutor.java:164)
	at com.kms.katalon.core.main.TestSuiteExecutor.execute(TestSuiteExecutor.java:105)
	at com.kms.katalon.core.main.TestCaseMain.startTestSuite(TestCaseMain.java:185)
	at com.kms.katalon.core.main.TestCaseMain$startTestSuite$0.call(Unknown Source)
	at TempTestSuite1644820096785.run(TempTestSuite1644820096785.groovy:36)
Caused by: org.openqa.selenium.ElementNotInteractableException: element not interactable
  (Session info: chrome=97.0.4692.99)
Build info: version: '3.141.59', revision: 'e82be7d358', time: '2018-11-14T08:25:53'
System info: host: 'intersoftadmin-desktop', ip: '127.0.1.1', os.name: 'Linux', os.arch: 'amd64', os.version: '5.4.0-99-generic', java.version: '1.8.0_312'
Driver info: com.kms.katalon.selenium.driver.CChromeDriver
Capabilities {acceptInsecureCerts: false, browserName: chrome, browserVersion: 97.0.4692.99, chrome: {chromedriverVersion: 97.0.4692.36 (747e0a0f19c13..., userDataDir: /tmp/.com.google.Chrome.ozGIlG}, goog:chromeOptions: {debuggerAddress: localhost:42433}, javascriptEnabled: true, networkConnectionEnabled: false, pageLoadStrategy: normal, platform: LINUX, platformName: LINUX, proxy: Proxy(), setWindowRect: true, strictFileInteractability: false, timeouts: {implicit: 0, pageLoad: 300000, script: 30000}, unhandledPromptBehavior: dismiss and notify, webauthn:extension:credBlob: true, webauthn:extension:largeBlob: true, webauthn:virtualAuthenticators: true}
Session ID: 1f68efb535103ea83f6d044f52993188
	at org.openqa.selenium.remote.http.W3CHttpResponseCodec.createException(W3CHttpResponseCodec.java:187)
	at org.openqa.selenium.remote.http.W3CHttpResponseCodec.decode(W3CHttpResponseCodec.java:122)
	at org.openqa.selenium.remote.http.W3CHttpResponseCodec.decode(W3CHttpResponseCodec.java:49)
	at org.openqa.selenium.remote.HttpCommandExecutor.execute(HttpCommandExecutor.java:158)
	at org.openqa.selenium.remote.service.DriverCommandExecutor.execute(DriverCommandExecutor.java:83)
	at org.openqa.selenium.remote.RemoteWebDriver.execute(RemoteWebDriver.java:552)
	at com.kms.katalon.selenium.driver.CChromeDriver.execute(CChromeDriver.java:19)
	at org.openqa.selenium.remote.RemoteWebElement.execute(RemoteWebElement.java:285)
	at org.openqa.selenium.remote.RemoteWebElement.click(RemoteWebElement.java:84)
	at org.openqa.selenium.support.events.EventFiringWebDriver$EventFiringWebElement.lambda$new$0(EventFiringWebDriver.java:404)
	at com.sun.proxy.$Proxy11.click(Unknown Source)
	at org.openqa.selenium.support.events.EventFiringWebDriver$EventFiringWebElement.click(EventFiringWebDriver.java:417)
	at org.openqa.selenium.WebElement$click.call(Unknown Source)
	at com.kms.katalon.core.webui.keyword.builtin.ClickKeyword.clickUntilSuccessWithTimeout(ClickKeyword.groovy:81)
	at com.kms.katalon.core.webui.keyword.builtin.ClickKeyword.clickUntilSuccessWithTimeout(ClickKeyword.groovy)
	at com.kms.katalon.core.webui.keyword.builtin.ClickKeyword$_click_closure1.doCall(ClickKeyword.groovy:67)
	at com.kms.katalon.core.webui.keyword.builtin.ClickKeyword$_click_closure1.call(ClickKeyword.groovy)
	at com.kms.katalon.core.webui.keyword.internal.WebUIKeywordMain.runKeyword(WebUIKeywordMain.groovy:20)
	at com.kms.katalon.core.webui.keyword.builtin.ClickKeyword.click(ClickKeyword.groovy:74)
	at com.kms.katalon.core.webui.keyword.builtin.ClickKeyword.execute(ClickKeyword.groovy:40)
	at com.kms.katalon.core.keyword.internal.KeywordExecutor.executeKeywordForPlatform(KeywordExecutor.groovy:74)
	at com.kms.katalon.core.webui.keyword.WebUiBuiltInKeywords.click(WebUiBuiltInKeywords.groovy:620)
	at com.kms.katalon.core.webui.keyword.WebUiBuiltInKeywords$click$2.call(Unknown Source)
	at Script1643699226975.run(Script1643699226975.groovy:57)
	... 16 more
)

2022-02-14 14:23:04 - [MESSAGE][FAILED] - Unable to click on object 'Object Repository/ListViewIcon/ExtraColumns/AddExtraColumns' (Root cause: com.kms.katalon.core.exception.StepFailedException: Unable to click on object 'Object Repository/ListViewIcon/ExtraColumns/AddExtraColumns'
	at com.kms.katalon.core.webui.keyword.internal.WebUIKeywordMain.stepFailed(WebUIKeywordMain.groovy:64)
	at com.kms.katalon.core.webui.keyword.internal.WebUIKeywordMain.runKeyword(WebUIKeywordMain.groovy:26)
	at com.kms.katalon.core.webui.keyword.builtin.ClickKeyword.click(ClickKeyword.groovy:74)
	at com.kms.katalon.core.webui.keyword.builtin.ClickKeyword.execute(ClickKeyword.groovy:40)
	at com.kms.katalon.core.keyword.internal.KeywordExecutor.executeKeywordForPlatform(KeywordExecutor.groovy:74)
	at com.kms.katalon.core.webui.keyword.WebUiBuiltInKeywords.click(WebUiBuiltInKeywords.groovy:620)
	at com.kms.katalon.core.webui.keyword.WebUiBuiltInKeywords$click$2.call(Unknown Source)
	at ActivityOverview-ViewFilterAndColumn.run(ActivityOverview-ViewFilterAndColumn:57)
	at com.kms.katalon.core.main.ScriptEngine.run(ScriptEngine.java:194)
	at com.kms.katalon.core.main.ScriptEngine.runScriptAsRawText(ScriptEngine.java:119)
	at com.kms.katalon.core.main.TestCaseExecutor.runScript(TestCaseExecutor.java:442)
	at com.kms.katalon.core.main.TestCaseExecutor.doExecute(TestCaseExecutor.java:433)
	at com.kms.katalon.core.main.TestCaseExecutor.processExecutionPhase(TestCaseExecutor.java:412)
	at com.kms.katalon.core.main.TestCaseExecutor.accessMainPhase(TestCaseExecutor.java:404)
	at com.kms.katalon.core.main.TestCaseExecutor.execute(TestCaseExecutor.java:281)
	at com.kms.katalon.core.main.TestCaseExecutor.execute(TestCaseExecutor.java:363)
	at com.kms.katalon.core.main.TestCaseExecutor.execute(TestCaseExecutor.java:363)
	at com.kms.katalon.core.main.TestCaseExecutor.execute(TestCaseExecutor.java:363)
	at com.kms.katalon.core.main.TestSuiteExecutor.accessTestCaseMainPhase(TestSuiteExecutor.java:202)
	at com.kms.katalon.core.main.TestSuiteExecutor.accessTestSuiteMainPhase(TestSuiteExecutor.java:164)
	at com.kms.katalon.core.main.TestSuiteExecutor.execute(TestSuiteExecutor.java:105)
	at com.kms.katalon.core.main.TestCaseMain.startTestSuite(TestCaseMain.java:185)
	at com.kms.katalon.core.main.TestCaseMain$startTestSuite$0.call(Unknown Source)
	at TempTestSuite1644820096785.run(TempTestSuite1644820096785.groovy:36)
Caused by: org.openqa.selenium.ElementNotInteractableException: element not interactable
  (Session info: chrome=97.0.4692.99)
Build info: version: '3.141.59', revision: 'e82be7d358', time: '2018-11-14T08:25:53'
System info: host: 'intersoftadmin-desktop', ip: '127.0.1.1', os.name: 'Linux', os.arch: 'amd64', os.version: '5.4.0-99-generic', java.version: '1.8.0_312'
Driver info: com.kms.katalon.selenium.driver.CChromeDriver
Capabilities {acceptInsecureCerts: false, browserName: chrome, browserVersion: 97.0.4692.99, chrome: {chromedriverVersion: 97.0.4692.36 (747e0a0f19c13..., userDataDir: /tmp/.com.google.Chrome.ozGIlG}, goog:chromeOptions: {debuggerAddress: localhost:42433}, javascriptEnabled: true, networkConnectionEnabled: false, pageLoadStrategy: normal, platform: LINUX, platformName: LINUX, proxy: Proxy(), setWindowRect: true, strictFileInteractability: false, timeouts: {implicit: 0, pageLoad: 300000, script: 30000}, unhandledPromptBehavior: dismiss and notify, webauthn:extension:credBlob: true, webauthn:extension:largeBlob: true, webauthn:virtualAuthenticators: true}
Session ID: 1f68efb535103ea83f6d044f52993188
	at org.openqa.selenium.remote.http.W3CHttpResponseCodec.createException(W3CHttpResponseCodec.java:187)
	at org.openqa.selenium.remote.http.W3CHttpResponseCodec.decode(W3CHttpResponseCodec.java:122)
	at org.openqa.selenium.remote.http.W3CHttpResponseCodec.decode(W3CHttpResponseCodec.java:49)
	at org.openqa.selenium.remote.HttpCommandExecutor.execute(HttpCommandExecutor.java:158)
	at org.openqa.selenium.remote.service.DriverCommandExecutor.execute(DriverCommandExecutor.java:83)
	at org.openqa.selenium.remote.RemoteWebDriver.execute(RemoteWebDriver.java:552)
	at com.kms.katalon.selenium.driver.CChromeDriver.execute(CChromeDriver.java:19)
	at org.openqa.selenium.remote.RemoteWebElement.execute(RemoteWebElement.java:285)
	at org.openqa.selenium.remote.RemoteWebElement.click(RemoteWebElement.java:84)
	at org.openqa.selenium.support.events.EventFiringWebDriver$EventFiringWebElement.lambda$new$0(EventFiringWebDriver.java:404)
	at com.sun.proxy.$Proxy11.click(Unknown Source)
	at org.openqa.selenium.support.events.EventFiringWebDriver$EventFiringWebElement.click(EventFiringWebDriver.java:417)
	at org.openqa.selenium.WebElement$click.call(Unknown Source)
	at com.kms.katalon.core.webui.keyword.builtin.ClickKeyword.clickUntilSuccessWithTimeout(ClickKeyword.groovy:81)
	at com.kms.katalon.core.webui.keyword.builtin.ClickKeyword.clickUntilSuccessWithTimeout(ClickKeyword.groovy)
	at com.kms.katalon.core.webui.keyword.builtin.ClickKeyword$_click_closure1.doCall(ClickKeyword.groovy:67)
	at com.kms.katalon.core.webui.keyword.builtin.ClickKeyword$_click_closure1.call(ClickKeyword.groovy)
	at com.kms.katalon.core.webui.keyword.internal.WebUIKeywordMain.runKeyword(WebUIKeywordMain.groovy:20)
	at com.kms.katalon.core.webui.keyword.builtin.ClickKeyword.click(ClickKeyword.groovy:74)
	at com.kms.katalon.core.webui.keyword.builtin.ClickKeyword.execute(ClickKeyword.groovy:40)
	at com.kms.katalon.core.keyword.internal.KeywordExecutor.executeKeywordForPlatform(KeywordExecutor.groovy:74)
	at com.kms.katalon.core.webui.keyword.WebUiBuiltInKeywords.click(WebUiBuiltInKeywords.groovy:620)
	at com.kms.katalon.core.webui.keyword.WebUiBuiltInKeywords$click$2.call(Unknown Source)
	at Script1643699226975.run(Script1643699226975.groovy:57)
	... 16 more
)
[[ATTACHMENT|/home/intersoft-admin/Rattan/Bash/Training/Rattan/Final_testing/New_ActivityOverview/Reports/20220214_115757/ActivityOverview-FiltersAndColumns/20220214_115816/1644828784351.png]]]]></system-out>
         <system-err><![CDATA[2022-02-14 14:22:04 - [TEST_CASE][FAILED] - Test Cases/NewActivityOverview-LeftNavigation/ActivityOverview-ViewFilterAndColumn: Test Cases/NewActivityOverview-LeftNavigation/ActivityOverview-ViewFilterAndColumn FAILED.
Reason:
com.kms.katalon.core.exception.StepFailedException: Unable to click on object 'Object Repository/ListViewIcon/ExtraColumns/AddExtraColumns'
	at com.kms.katalon.core.webui.keyword.internal.WebUIKeywordMain.stepFailed(WebUIKeywordMain.groovy:64)
	at com.kms.katalon.core.webui.keyword.internal.WebUIKeywordMain.runKeyword(WebUIKeywordMain.groovy:26)
	at com.kms.katalon.core.webui.keyword.builtin.ClickKeyword.click(ClickKeyword.groovy:74)
	at com.kms.katalon.core.webui.keyword.builtin.ClickKeyword.execute(ClickKeyword.groovy:40)
	at com.kms.katalon.core.keyword.internal.KeywordExecutor.executeKeywordForPlatform(KeywordExecutor.groovy:74)
	at com.kms.katalon.core.webui.keyword.WebUiBuiltInKeywords.click(WebUiBuiltInKeywords.groovy:620)
	at com.kms.katalon.core.webui.keyword.WebUiBuiltInKeywords$click$2.call(Unknown Source)
	at ActivityOverview-ViewFilterAndColumn.run(ActivityOverview-ViewFilterAndColumn:57)
	at com.kms.katalon.core.main.ScriptEngine.run(ScriptEngine.java:194)
	at com.kms.katalon.core.main.ScriptEngine.runScriptAsRawText(ScriptEngine.java:119)
	at com.kms.katalon.core.main.TestCaseExecutor.runScript(TestCaseExecutor.java:442)
	at com.kms.katalon.core.main.TestCaseExecutor.doExecute(TestCaseExecutor.java:433)
	at com.kms.katalon.core.main.TestCaseExecutor.processExecutionPhase(TestCaseExecutor.java:412)
	at com.kms.katalon.core.main.TestCaseExecutor.accessMainPhase(TestCaseExecutor.java:404)
	at com.kms.katalon.core.main.TestCaseExecutor.execute(TestCaseExecutor.java:281)
	at com.kms.katalon.core.main.TestCaseExecutor.execute(TestCaseExecutor.java:363)
	at com.kms.katalon.core.main.TestCaseExecutor.execute(TestCaseExecutor.java:363)
	at com.kms.katalon.core.main.TestCaseExecutor.execute(TestCaseExecutor.java:363)
	at com.kms.katalon.core.main.TestSuiteExecutor.accessTestCaseMainPhase(TestSuiteExecutor.java:202)
	at com.kms.katalon.core.main.TestSuiteExecutor.accessTestSuiteMainPhase(TestSuiteExecutor.java:164)
	at com.kms.katalon.core.main.TestSuiteExecutor.execute(TestSuiteExecutor.java:105)
	at com.kms.katalon.core.main.TestCaseMain.startTestSuite(TestCaseMain.java:185)
	at com.kms.katalon.core.main.TestCaseMain$startTestSuite$0.call(Unknown Source)
	at TempTestSuite1644820096785.run(TempTestSuite1644820096785.groovy:36)
Caused by: org.openqa.selenium.ElementNotInteractableException: element not interactable
  (Session info: chrome=97.0.4692.99)
Build info: version: '3.141.59', revision: 'e82be7d358', time: '2018-11-14T08:25:53'
System info: host: 'intersoftadmin-desktop', ip: '127.0.1.1', os.name: 'Linux', os.arch: 'amd64', os.version: '5.4.0-99-generic', java.version: '1.8.0_312'
Driver info: com.kms.katalon.selenium.driver.CChromeDriver
Capabilities {acceptInsecureCerts: false, browserName: chrome, browserVersion: 97.0.4692.99, chrome: {chromedriverVersion: 97.0.4692.36 (747e0a0f19c13..., userDataDir: /tmp/.com.google.Chrome.ozGIlG}, goog:chromeOptions: {debuggerAddress: localhost:42433}, javascriptEnabled: true, networkConnectionEnabled: false, pageLoadStrategy: normal, platform: LINUX, platformName: LINUX, proxy: Proxy(), setWindowRect: true, strictFileInteractability: false, timeouts: {implicit: 0, pageLoad: 300000, script: 30000}, unhandledPromptBehavior: dismiss and notify, webauthn:extension:credBlob: true, webauthn:extension:largeBlob: true, webauthn:virtualAuthenticators: true}
Session ID: 1f68efb535103ea83f6d044f52993188
	at org.openqa.selenium.remote.http.W3CHttpResponseCodec.createException(W3CHttpResponseCodec.java:187)
	at org.openqa.selenium.remote.http.W3CHttpResponseCodec.decode(W3CHttpResponseCodec.java:122)
	at org.openqa.selenium.remote.http.W3CHttpResponseCodec.decode(W3CHttpResponseCodec.java:49)
	at org.openqa.selenium.remote.HttpCommandExecutor.execute(HttpCommandExecutor.java:158)
	at org.openqa.selenium.remote.service.DriverCommandExecutor.execute(DriverCommandExecutor.java:83)
	at org.openqa.selenium.remote.RemoteWebDriver.execute(RemoteWebDriver.java:552)
	at com.kms.katalon.selenium.driver.CChromeDriver.execute(CChromeDriver.java:19)
	at org.openqa.selenium.remote.RemoteWebElement.execute(RemoteWebElement.java:285)
	at org.openqa.selenium.remote.RemoteWebElement.click(RemoteWebElement.java:84)
	at org.openqa.selenium.support.events.EventFiringWebDriver$EventFiringWebElement.lambda$new$0(EventFiringWebDriver.java:404)
	at com.sun.proxy.$Proxy11.click(Unknown Source)
	at org.openqa.selenium.support.events.EventFiringWebDriver$EventFiringWebElement.click(EventFiringWebDriver.java:417)
	at org.openqa.selenium.WebElement$click.call(Unknown Source)
	at com.kms.katalon.core.webui.keyword.builtin.ClickKeyword.clickUntilSuccessWithTimeout(ClickKeyword.groovy:81)
	at com.kms.katalon.core.webui.keyword.builtin.ClickKeyword.clickUntilSuccessWithTimeout(ClickKeyword.groovy)
	at com.kms.katalon.core.webui.keyword.builtin.ClickKeyword$_click_closure1.doCall(ClickKeyword.groovy:67)
	at com.kms.katalon.core.webui.keyword.builtin.ClickKeyword$_click_closure1.call(ClickKeyword.groovy)
	at com.kms.katalon.core.webui.keyword.internal.WebUIKeywordMain.runKeyword(WebUIKeywordMain.groovy:20)
	... 22 more]]></system-err>
      </testcase>
      <system-out><![CDATA[2022-02-14 14:19:00 - [TEST_SUITE][FAILED] - ActivityOverview-FiltersAndColumns: Test Cases/NewActivityOverview-LeftNavigation/ActivityOverview-ViewFilterAndColumn FAILED.
Reason:
com.kms.katalon.core.exception.StepFailedException: Unable to click on object 'Object Repository/ListViewIcon/ExtraColumns/AddExtraColumns'
	at com.kms.katalon.core.webui.keyword.internal.WebUIKeywordMain.stepFailed(WebUIKeywordMain.groovy:64)
	at com.kms.katalon.core.webui.keyword.internal.WebUIKeywordMain.runKeyword(WebUIKeywordMain.groovy:26)
	at com.kms.katalon.core.webui.keyword.builtin.ClickKeyword.click(ClickKeyword.groovy:74)
	at com.kms.katalon.core.webui.keyword.builtin.ClickKeyword.execute(ClickKeyword.groovy:40)
	at com.kms.katalon.core.keyword.internal.KeywordExecutor.executeKeywordForPlatform(KeywordExecutor.groovy:74)
	at com.kms.katalon.core.webui.keyword.WebUiBuiltInKeywords.click(WebUiBuiltInKeywords.groovy:620)
	at com.kms.katalon.core.webui.keyword.WebUiBuiltInKeywords$click$2.call(Unknown Source)
	at ActivityOverview-ViewFilterAndColumn.run(ActivityOverview-ViewFilterAndColumn:57)
	at com.kms.katalon.core.main.ScriptEngine.run(ScriptEngine.java:194)
	at com.kms.katalon.core.main.ScriptEngine.runScriptAsRawText(ScriptEngine.java:119)
	at com.kms.katalon.core.main.TestCaseExecutor.runScript(TestCaseExecutor.java:442)
	at com.kms.katalon.core.main.TestCaseExecutor.doExecute(TestCaseExecutor.java:433)
	at com.kms.katalon.core.main.TestCaseExecutor.processExecutionPhase(TestCaseExecutor.java:412)
	at com.kms.katalon.core.main.TestCaseExecutor.accessMainPhase(TestCaseExecutor.java:404)
	at com.kms.katalon.core.main.TestCaseExecutor.execute(TestCaseExecutor.java:281)
	at com.kms.katalon.core.main.TestSuiteExecutor.accessTestCaseMainPhase(TestSuiteExecutor.java:202)
	at com.kms.katalon.core.main.TestSuiteExecutor.accessTestSuiteMainPhase(TestSuiteExecutor.java:164)
	at com.kms.katalon.core.main.TestSuiteExecutor.execute(TestSuiteExecutor.java:105)
	at com.kms.katalon.core.main.TestCaseMain.startTestSuite(TestCaseMain.java:185)
	at com.kms.katalon.core.main.TestCaseMain$startTestSuite$0.call(Unknown Source)
	at TempTestSuite1644820096785.run(TempTestSuite1644820096785.groovy:36)
Caused by: org.openqa.selenium.ElementNotInteractableException: element not interactable
  (Session info: chrome=97.0.4692.99)
Build info: version: '3.141.59', revision: 'e82be7d358', time: '2018-11-14T08:25:53'
System info: host: 'intersoftadmin-desktop', ip: '127.0.1.1', os.name: 'Linux', os.arch: 'amd64', os.version: '5.4.0-99-generic', java.version: '1.8.0_312'
Driver info: com.kms.katalon.selenium.driver.CChromeDriver
Capabilities {acceptInsecureCerts: false, browserName: chrome, browserVersion: 97.0.4692.99, chrome: {chromedriverVersion: 97.0.4692.36 (747e0a0f19c13..., userDataDir: /tmp/.com.google.Chrome.hCu6U9}, goog:chromeOptions: {debuggerAddress: localhost:38535}, javascriptEnabled: true, networkConnectionEnabled: false, pageLoadStrategy: normal, platform: LINUX, platformName: LINUX, proxy: Proxy(), setWindowRect: true, strictFileInteractability: false, timeouts: {implicit: 0, pageLoad: 300000, script: 30000}, unhandledPromptBehavior: dismiss and notify, webauthn:extension:credBlob: true, webauthn:extension:largeBlob: true, webauthn:virtualAuthenticators: true}
Session ID: 10ecc9b0afe7e37a5e16660ea08c85e3
	at org.openqa.selenium.remote.http.W3CHttpResponseCodec.createException(W3CHttpResponseCodec.java:187)
	at org.openqa.selenium.remote.http.W3CHttpResponseCodec.decode(W3CHttpResponseCodec.java:122)
	at org.openqa.selenium.remote.http.W3CHttpResponseCodec.decode(W3CHttpResponseCodec.java:49)
	at org.openqa.selenium.remote.HttpCommandExecutor.execute(HttpCommandExecutor.java:158)
	at org.openqa.selenium.remote.service.DriverCommandExecutor.execute(DriverCommandExecutor.java:83)
	at org.openqa.selenium.remote.RemoteWebDriver.execute(RemoteWebDriver.java:552)
	at com.kms.katalon.selenium.driver.CChromeDriver.execute(CChromeDriver.java:19)
	at org.openqa.selenium.remote.RemoteWebElement.execute(RemoteWebElement.java:285)
	at org.openqa.selenium.remote.RemoteWebElement.click(RemoteWebElement.java:84)
	at org.openqa.selenium.support.events.EventFiringWebDriver$EventFiringWebElement.lambda$new$0(EventFiringWebDriver.java:404)
	at com.sun.proxy.$Proxy11.click(Unknown Source)
	at org.openqa.selenium.support.events.EventFiringWebDriver$EventFiringWebElement.click(EventFiringWebDriver.java:417)
	at org.openqa.selenium.WebElement$click.call(Unknown Source)
	at com.kms.katalon.core.webui.keyword.builtin.ClickKeyword.clickUntilSuccessWithTimeout(ClickKeyword.groovy:81)
	at com.kms.katalon.core.webui.keyword.builtin.ClickKeyword.clickUntilSuccessWithTimeout(ClickKeyword.groovy)
	at com.kms.katalon.core.webui.keyword.builtin.ClickKeyword$_click_closure1.doCall(ClickKeyword.groovy:67)
	at com.kms.katalon.core.webui.keyword.builtin.ClickKeyword$_click_closure1.call(ClickKeyword.groovy)
	at com.kms.katalon.core.webui.keyword.internal.WebUIKeywordMain.runKeyword(WebUIKeywordMain.groovy:20)
	... 19 more]]></system-out>
      <system-err><![CDATA[2022-02-14 14:19:00 - [TEST_SUITE][FAILED] - ActivityOverview-FiltersAndColumns: Test Cases/NewActivityOverview-LeftNavigation/ActivityOverview-ViewFilterAndColumn FAILED.
Reason:
com.kms.katalon.core.exception.StepFailedException: Unable to click on object 'Object Repository/ListViewIcon/ExtraColumns/AddExtraColumns'
	at com.kms.katalon.core.webui.keyword.internal.WebUIKeywordMain.stepFailed(WebUIKeywordMain.groovy:64)
	at com.kms.katalon.core.webui.keyword.internal.WebUIKeywordMain.runKeyword(WebUIKeywordMain.groovy:26)
	at com.kms.katalon.core.webui.keyword.builtin.ClickKeyword.click(ClickKeyword.groovy:74)
	at com.kms.katalon.core.webui.keyword.builtin.ClickKeyword.execute(ClickKeyword.groovy:40)
	at com.kms.katalon.core.keyword.internal.KeywordExecutor.executeKeywordForPlatform(KeywordExecutor.groovy:74)
	at com.kms.katalon.core.webui.keyword.WebUiBuiltInKeywords.click(WebUiBuiltInKeywords.groovy:620)
	at com.kms.katalon.core.webui.keyword.WebUiBuiltInKeywords$click$2.call(Unknown Source)
	at ActivityOverview-ViewFilterAndColumn.run(ActivityOverview-ViewFilterAndColumn:57)
	at com.kms.katalon.core.main.ScriptEngine.run(ScriptEngine.java:194)
	at com.kms.katalon.core.main.ScriptEngine.runScriptAsRawText(ScriptEngine.java:119)
	at com.kms.katalon.core.main.TestCaseExecutor.runScript(TestCaseExecutor.java:442)
	at com.kms.katalon.core.main.TestCaseExecutor.doExecute(TestCaseExecutor.java:433)
	at com.kms.katalon.core.main.TestCaseExecutor.processExecutionPhase(TestCaseExecutor.java:412)
	at com.kms.katalon.core.main.TestCaseExecutor.accessMainPhase(TestCaseExecutor.java:404)
	at com.kms.katalon.core.main.TestCaseExecutor.execute(TestCaseExecutor.java:281)
	at com.kms.katalon.core.main.TestSuiteExecutor.accessTestCaseMainPhase(TestSuiteExecutor.java:202)
	at com.kms.katalon.core.main.TestSuiteExecutor.accessTestSuiteMainPhase(TestSuiteExecutor.java:164)
	at com.kms.katalon.core.main.TestSuiteExecutor.execute(TestSuiteExecutor.java:105)
	at com.kms.katalon.core.main.TestCaseMain.startTestSuite(TestCaseMain.java:185)
	at com.kms.katalon.core.main.TestCaseMain$startTestSuite$0.call(Unknown Source)
	at TempTestSuite1644820096785.run(TempTestSuite1644820096785.groovy:36)
Caused by: org.openqa.selenium.ElementNotInteractableException: element not interactable
  (Session info: chrome=97.0.4692.99)
Build info: version: '3.141.59', revision: 'e82be7d358', time: '2018-11-14T08:25:53'
System info: host: 'intersoftadmin-desktop', ip: '127.0.1.1', os.name: 'Linux', os.arch: 'amd64', os.version: '5.4.0-99-generic', java.version: '1.8.0_312'
Driver info: com.kms.katalon.selenium.driver.CChromeDriver
Capabilities {acceptInsecureCerts: false, browserName: chrome, browserVersion: 97.0.4692.99, chrome: {chromedriverVersion: 97.0.4692.36 (747e0a0f19c13..., userDataDir: /tmp/.com.google.Chrome.hCu6U9}, goog:chromeOptions: {debuggerAddress: localhost:38535}, javascriptEnabled: true, networkConnectionEnabled: false, pageLoadStrategy: normal, platform: LINUX, platformName: LINUX, proxy: Proxy(), setWindowRect: true, strictFileInteractability: false, timeouts: {implicit: 0, pageLoad: 300000, script: 30000}, unhandledPromptBehavior: dismiss and notify, webauthn:extension:credBlob: true, webauthn:extension:largeBlob: true, webauthn:virtualAuthenticators: true}
Session ID: 10ecc9b0afe7e37a5e16660ea08c85e3
	at org.openqa.selenium.remote.http.W3CHttpResponseCodec.createException(W3CHttpResponseCodec.java:187)
	at org.openqa.selenium.remote.http.W3CHttpResponseCodec.decode(W3CHttpResponseCodec.java:122)
	at org.openqa.selenium.remote.http.W3CHttpResponseCodec.decode(W3CHttpResponseCodec.java:49)
	at org.openqa.selenium.remote.HttpCommandExecutor.execute(HttpCommandExecutor.java:158)
	at org.openqa.selenium.remote.service.DriverCommandExecutor.execute(DriverCommandExecutor.java:83)
	at org.openqa.selenium.remote.RemoteWebDriver.execute(RemoteWebDriver.java:552)
	at com.kms.katalon.selenium.driver.CChromeDriver.execute(CChromeDriver.java:19)
	at org.openqa.selenium.remote.RemoteWebElement.execute(RemoteWebElement.java:285)
	at org.openqa.selenium.remote.RemoteWebElement.click(RemoteWebElement.java:84)
	at org.openqa.selenium.support.events.EventFiringWebDriver$EventFiringWebElement.lambda$new$0(EventFiringWebDriver.java:404)
	at com.sun.proxy.$Proxy11.click(Unknown Source)
	at org.openqa.selenium.support.events.EventFiringWebDriver$EventFiringWebElement.click(EventFiringWebDriver.java:417)
	at org.openqa.selenium.WebElement$click.call(Unknown Source)
	at com.kms.katalon.core.webui.keyword.builtin.ClickKeyword.clickUntilSuccessWithTimeout(ClickKeyword.groovy:81)
	at com.kms.katalon.core.webui.keyword.builtin.ClickKeyword.clickUntilSuccessWithTimeout(ClickKeyword.groovy)
	at com.kms.katalon.core.webui.keyword.builtin.ClickKeyword$_click_closure1.doCall(ClickKeyword.groovy:67)
	at com.kms.katalon.core.webui.keyword.builtin.ClickKeyword$_click_closure1.call(ClickKeyword.groovy)
	at com.kms.katalon.core.webui.keyword.internal.WebUIKeywordMain.runKeyword(WebUIKeywordMain.groovy:20)
	... 19 more]]></system-err>
   </testsuite>
   <testsuite name="CancelOrder-OnIframeView" tests="1" failures="0" errors="0" time="683.806" skipped="0" timestamp="2022-02-14 14:23:19" hostname="intersoft-admin - intersoftadmin-desktop" id="Test Suites/CancelOrder-OnIframeView">
      <properties>
         <property name="deviceName" value=""/>
         <property name="devicePlatform" value=""/>
         <property name="logFolder" value="/home/intersoft-admin/Rattan/Bash/Training/Rattan/Final_testing/New_ActivityOverview/Reports/20220214_115757/CancelOrder-OnIframeView/20220214_115818"/>
         <property name="logFiles" value="/home/intersoft-admin/Rattan/Bash/Training/Rattan/Final_testing/New_ActivityOverview/Reports/20220214_115757/CancelOrder-OnIframeView/20220214_115818/execution0.log"/>
         <property name="attachments" value="/home/intersoft-admin/Rattan/Bash/Training/Rattan/Final_testing/New_ActivityOverview/Reports/20220214_115757/CancelOrder-OnIframeView/20220214_115818/1644828825621.png, /home/intersoft-admin/Rattan/Bash/Training/Rattan/Final_testing/New_ActivityOverview/Reports/20220214_115757/CancelOrder-OnIframeView/20220214_115818/1644828840032.png, /home/intersoft-admin/Rattan/Bash/Training/Rattan/Final_testing/New_ActivityOverview/Reports/20220214_115757/CancelOrder-OnIframeView/20220214_115818/1644828850460.png, /home/intersoft-admin/Rattan/Bash/Training/Rattan/Final_testing/New_ActivityOverview/Reports/20220214_115757/CancelOrder-OnIframeView/20220214_115818/1644828881986.png, /home/intersoft-admin/Rattan/Bash/Training/Rattan/Final_testing/New_ActivityOverview/Reports/20220214_115757/CancelOrder-OnIframeView/20220214_115818/1644828905358.png, /home/intersoft-admin/Rattan/Bash/Training/Rattan/Final_testing/New_ActivityOverview/Reports/20220214_115757/CancelOrder-OnIframeView/20220214_115818/1644828905669.png, /home/intersoft-admin/Rattan/Bash/Training/Rattan/Final_testing/New_ActivityOverview/Reports/20220214_115757/CancelOrder-OnIframeView/20220214_115818/1644828929070.png, /home/intersoft-admin/Rattan/Bash/Training/Rattan/Final_testing/New_ActivityOverview/Reports/20220214_115757/CancelOrder-OnIframeView/20220214_115818/1644828935862.png, /home/intersoft-admin/Rattan/Bash/Training/Rattan/Final_testing/New_ActivityOverview/Reports/20220214_115757/CancelOrder-OnIframeView/20220214_115818/1644828942174.png, /home/intersoft-admin/Rattan/Bash/Training/Rattan/Final_testing/New_ActivityOverview/Reports/20220214_115757/CancelOrder-OnIframeView/20220214_115818/1644828973214.png, /home/intersoft-admin/Rattan/Bash/Training/Rattan/Final_testing/New_ActivityOverview/Reports/20220214_115757/CancelOrder-OnIframeView/20220214_115818/1644829025884.png, /home/intersoft-admin/Rattan/Bash/Training/Rattan/Final_testing/New_ActivityOverview/Reports/20220214_115757/CancelOrder-OnIframeView/20220214_115818/1644829026173.png, /home/intersoft-admin/Rattan/Bash/Training/Rattan/Final_testing/New_ActivityOverview/Reports/20220214_115757/CancelOrder-OnIframeView/20220214_115818/1644829049534.png, /home/intersoft-admin/Rattan/Bash/Training/Rattan/Final_testing/New_ActivityOverview/Reports/20220214_115757/CancelOrder-OnIframeView/20220214_115818/1644829056023.png, /home/intersoft-admin/Rattan/Bash/Training/Rattan/Final_testing/New_ActivityOverview/Reports/20220214_115757/CancelOrder-OnIframeView/20220214_115818/1644829062358.png, /home/intersoft-admin/Rattan/Bash/Training/Rattan/Final_testing/New_ActivityOverview/Reports/20220214_115757/CancelOrder-OnIframeView/20220214_115818/1644829093335.png, /home/intersoft-admin/Rattan/Bash/Training/Rattan/Final_testing/New_ActivityOverview/Reports/20220214_115757/CancelOrder-OnIframeView/20220214_115818/1644829145948.png, /home/intersoft-admin/Rattan/Bash/Training/Rattan/Final_testing/New_ActivityOverview/Reports/20220214_115757/CancelOrder-OnIframeView/20220214_115818/1644829146308.png, /home/intersoft-admin/Rattan/Bash/Training/Rattan/Final_testing/New_ActivityOverview/Reports/20220214_115757/CancelOrder-OnIframeView/20220214_115818/1644829169709.png, /home/intersoft-admin/Rattan/Bash/Training/Rattan/Final_testing/New_ActivityOverview/Reports/20220214_115757/CancelOrder-OnIframeView/20220214_115818/1644829176221.png, /home/intersoft-admin/Rattan/Bash/Training/Rattan/Final_testing/New_ActivityOverview/Reports/20220214_115757/CancelOrder-OnIframeView/20220214_115818/1644829182559.png, /home/intersoft-admin/Rattan/Bash/Training/Rattan/Final_testing/New_ActivityOverview/Reports/20220214_115757/CancelOrder-OnIframeView/20220214_115818/1644829213505.png, /home/intersoft-admin/Rattan/Bash/Training/Rattan/Final_testing/New_ActivityOverview/Reports/20220214_115757/CancelOrder-OnIframeView/20220214_115818/1644829266142.png, /home/intersoft-admin/Rattan/Bash/Training/Rattan/Final_testing/New_ActivityOverview/Reports/20220214_115757/CancelOrder-OnIframeView/20220214_115818/1644829266447.png, /home/intersoft-admin/Rattan/Bash/Training/Rattan/Final_testing/New_ActivityOverview/Reports/20220214_115757/CancelOrder-OnIframeView/20220214_115818/1644829289802.png, /home/intersoft-admin/Rattan/Bash/Training/Rattan/Final_testing/New_ActivityOverview/Reports/20220214_115757/CancelOrder-OnIframeView/20220214_115818/1644829296304.png, /home/intersoft-admin/Rattan/Bash/Training/Rattan/Final_testing/New_ActivityOverview/Reports/20220214_115757/CancelOrder-OnIframeView/20220214_115818/1644829302616.png, /home/intersoft-admin/Rattan/Bash/Training/Rattan/Final_testing/New_ActivityOverview/Reports/20220214_115757/CancelOrder-OnIframeView/20220214_115818/1644829333551.png, /home/intersoft-admin/Rattan/Bash/Training/Rattan/Final_testing/New_ActivityOverview/Reports/20220214_115757/CancelOrder-OnIframeView/20220214_115818/1644829386200.png, /home/intersoft-admin/Rattan/Bash/Training/Rattan/Final_testing/New_ActivityOverview/Reports/20220214_115757/CancelOrder-OnIframeView/20220214_115818/1644829386481.png, /home/intersoft-admin/Rattan/Bash/Training/Rattan/Final_testing/New_ActivityOverview/Reports/20220214_115757/CancelOrder-OnIframeView/20220214_115818/1644829409853.png, /home/intersoft-admin/Rattan/Bash/Training/Rattan/Final_testing/New_ActivityOverview/Reports/20220214_115757/CancelOrder-OnIframeView/20220214_115818/1644829416322.png, /home/intersoft-admin/Rattan/Bash/Training/Rattan/Final_testing/New_ActivityOverview/Reports/20220214_115757/CancelOrder-OnIframeView/20220214_115818/1644829422626.png, /home/intersoft-admin/Rattan/Bash/Training/Rattan/Final_testing/New_ActivityOverview/Reports/20220214_115757/CancelOrder-OnIframeView/20220214_115818/1644829453663.png"/>
         <property name="hostName" value="intersoft-admin - intersoftadmin-desktop"/>
         <property name="os" value="Linux 64bit"/>
         <property name="katalonVersion" value="8.2.5.208"/>
         <property name="browser" value="Chrome 97.0.4692.99"/>
         <property name="hostAddress" value="127.0.1.1"/>
         <property name="sessionId" value="7b1d05c7271c08430c7c13ca7d386628"/>
         <property name="seleniumVersion" value="3.141.59"/>
         <property name="proxyInformation" value="ProxyInformation { proxyOption=NO_PROXY, proxyServerType=HTTP, username=, password=********, proxyServerAddress=, proxyServerPort=0, executionList=&quot;&quot;, isApplyToDesiredCapabilities=true }"/>
         <property name="platform" value="Linux"/>
      </properties>
      <testcase name="Test Cases/NewActivityOverview-LeftNavigation/ActivityOverview-CancelOrder-GetOrderIDAndRefund" time="683.565" classname="Test Cases/NewActivityOverview-LeftNavigation/ActivityOverview-CancelOrder-GetOrderIDAndRefund" status="PASSED">
         <system-out><![CDATA[2022-02-14 14:23:19 - [TEST_CASE][PASSED] - Test Cases/NewActivityOverview-LeftNavigation/ActivityOverview-CancelOrder-GetOrderIDAndRefund: Test Cases/NewActivityOverview-LeftNavigation/ActivityOverview-CancelOrder-GetOrderIDAndRefund

2022-02-14 14:23:19 - [TEST_STEP][PASSED] - callTestCase(findTestCase("LoginWithSuperAdmin/SuperAdmin-Login"), [:], STOP_ON_FAILURE): Call Test Case 'Test Cases/LoginWithSuperAdmin/SuperAdmin-Login' successfully

2022-02-14 14:23:20 - [TEST_CASE][PASSED] - Test Cases/LoginWithSuperAdmin/SuperAdmin-Login: Test Cases/LoginWithSuperAdmin/SuperAdmin-Login

2022-02-14 14:23:20 - [TEST_STEP][PASSED] - openBrowser(""): Browser is opened with url: ''

2022-02-14 14:23:20 - [MESSAGE][INFO] - Starting 'Chrome' driver

2022-02-14 14:23:20 - [MESSAGE][INFO] - Action delay is set to 3,000 milliseconds

2022-02-14 14:23:21 - [MESSAGE][PASSED] - Browser is opened with url: ''

2022-02-14 14:23:21 - [TEST_STEP][PASSED] - setViewPortSize(1920, 1080): Viewport is set to new size with width = 1920 and height = 1080

2022-02-14 14:23:21 - [MESSAGE][PASSED] - Viewport is set to new size with width = 1920 and height = 1080

2022-02-14 14:23:21 - [TEST_STEP][PASSED] - navigateToUrl(URL): Navigate to 'https://marketplacev1.test-prio.com' successfully

2022-02-14 14:23:26 - [MESSAGE][PASSED] - Navigate to 'https://marketplacev1.test-prio.com' successfully

2022-02-14 14:23:26 - [TEST_STEP][PASSED] - delay(3): Delayed 3 second(s)

2022-02-14 14:23:29 - [MESSAGE][PASSED] - Delayed 3 second(s)

2022-02-14 14:23:29 - [TEST_STEP][PASSED] - click(findTestObject("SuperAdmin/Login/input_Email_contact_email")): Object: 'Object Repository/SuperAdmin/Login/input_Email_contact_email' is clicked on

2022-02-14 14:23:32 - [MESSAGE][PASSED] - Object: 'Object Repository/SuperAdmin/Login/input_Email_contact_email' is clicked on

2022-02-14 14:23:32 - [TEST_STEP][PASSED] - setText(findTestObject("SuperAdmin/Login/input_Email_contact_email"), uname): Text 'superadmin@tippoint.com' is set on object 'Object Repository/SuperAdmin/Login/input_Email_contact_email'

2022-02-14 14:23:39 - [MESSAGE][PASSED] - Text 'superadmin@tippoint.com' is set on object 'Object Repository/SuperAdmin/Login/input_Email_contact_email'

2022-02-14 14:23:39 - [TEST_STEP][PASSED] - setEncryptedText(findTestObject("SuperAdmin/Login/input_Password_password"), Password): Text ****** has been set on object 'Object Repository/SuperAdmin/Login/input_Password_password'

2022-02-14 14:23:45 - [MESSAGE][PASSED] - Text ****** has been set on object 'Object Repository/SuperAdmin/Login/input_Password_password'

2022-02-14 14:23:45 - [TEST_STEP][PASSED] - takeScreenshot(): Taking screenshot successfully

2022-02-14 14:23:45 - [MESSAGE][PASSED] - Taking screenshot successfully
[[ATTACHMENT|/home/intersoft-admin/Rattan/Bash/Training/Rattan/Final_testing/New_ActivityOverview/Reports/20220214_115757/CancelOrder-OnIframeView/20220214_115818/1644828825621.png]]

2022-02-14 14:23:45 - [TEST_STEP][PASSED] - newpackage.clickUsingJS.clickUsingJS(findTestObject("SuperAdmin/Login/button_Sign in"), 5): newpackage.clickUsingJS.clickUsingJS is PASSED

2022-02-14 14:23:46 - [MESSAGE][PASSED] - newpackage.clickUsingJS.clickUsingJS is PASSED

2022-02-14 14:23:46 - [MESSAGE][PASSED] - Call Test Case 'Test Cases/LoginWithSuperAdmin/SuperAdmin-Login' successfully

2022-02-14 14:23:46 - [TEST_STEP][PASSED] - switchToDefaultContent(): null

2022-02-14 14:23:46 - [TEST_STEP][PASSED] - click(findTestObject("SuperAdminLeftNavigation/NewActivityOverview-LeftNavigation")): Object: 'Object Repository/SuperAdminLeftNavigation/NewActivityOverview-LeftNavigation' is clicked on

2022-02-14 14:23:59 - [MESSAGE][PASSED] - Object: 'Object Repository/SuperAdminLeftNavigation/NewActivityOverview-LeftNavigation' is clicked on

2022-02-14 14:23:59 - [TEST_STEP][PASSED] - takeScreenshot(): Taking screenshot successfully

2022-02-14 14:24:00 - [MESSAGE][PASSED] - Taking screenshot successfully
[[ATTACHMENT|/home/intersoft-admin/Rattan/Bash/Training/Rattan/Final_testing/New_ActivityOverview/Reports/20220214_115757/CancelOrder-OnIframeView/20220214_115818/1644828840032.png]]

2022-02-14 14:24:00 - [TEST_STEP][PASSED] - switchToFrame(findTestObject("Object Repository/Iframe/NewActivityOverviewIframe"), 5): null

2022-02-14 14:24:00 - [TEST_STEP][PASSED] - delay(10): Delayed 10 second(s)

2022-02-14 14:24:10 - [MESSAGE][PASSED] - Delayed 10 second(s)

2022-02-14 14:24:10 - [TEST_STEP][PASSED] - takeScreenshot(): Taking screenshot successfully

2022-02-14 14:24:10 - [MESSAGE][PASSED] - Taking screenshot successfully
[[ATTACHMENT|/home/intersoft-admin/Rattan/Bash/Training/Rattan/Final_testing/New_ActivityOverview/Reports/20220214_115757/CancelOrder-OnIframeView/20220214_115818/1644828850460.png]]

2022-02-14 14:24:10 - [TEST_STEP][PASSED] - sizeoflisting = findWebElements(findTestObject("ListingArea/ListingContainsData"), 5).size(): null

2022-02-14 14:24:10 - [TEST_STEP][PASSED] - println(sizeoflisting): null

2022-02-14 14:24:10 - [TEST_STEP][PASSED] - logInfo(Size of Order Listing: $sizeoflisting): Size of Order Listing: 11

2022-02-14 14:24:10 - [MESSAGE][INFO] - Size of Order Listing: 11

2022-02-14 14:24:10 - [TEST_STEP][PASSED] - if (sizeoflisting > 2): Delayed 13 second(s)

2022-02-14 14:24:10 - [TEST_STEP][PASSED] - logInfo("Orders Exist in Listing"): Orders Exist in Listing

2022-02-14 14:24:10 - [MESSAGE][INFO] - Orders Exist in Listing

2022-02-14 14:24:10 - [TEST_STEP][PASSED] - click(findTestObject("Object Repository/OrderPerPage/OrderPerPage_select")): Object: 'Object Repository/OrderPerPage/OrderPerPage_select' is clicked on

2022-02-14 14:24:13 - [MESSAGE][PASSED] - Object: 'Object Repository/OrderPerPage/OrderPerPage_select' is clicked on

2022-02-14 14:24:13 - [TEST_STEP][PASSED] - delay(5): Delayed 5 second(s)

2022-02-14 14:24:18 - [MESSAGE][PASSED] - Delayed 5 second(s)

2022-02-14 14:24:18 - [TEST_STEP][PASSED] - click(findTestObject("Object Repository/OrderPerPage/OrderPerPage-SelectOption")): Object: 'Object Repository/OrderPerPage/OrderPerPage-SelectOption' is clicked on

2022-02-14 14:24:21 - [MESSAGE][PASSED] - Object: 'Object Repository/OrderPerPage/OrderPerPage-SelectOption' is clicked on

2022-02-14 14:24:21 - [TEST_STEP][PASSED] - delay(20): Delayed 20 second(s)

2022-02-14 14:24:41 - [MESSAGE][PASSED] - Delayed 20 second(s)

2022-02-14 14:24:41 - [TEST_STEP][PASSED] - takeScreenshot(): Taking screenshot successfully

2022-02-14 14:24:42 - [MESSAGE][PASSED] - Taking screenshot successfully
[[ATTACHMENT|/home/intersoft-admin/Rattan/Bash/Training/Rattan/Final_testing/New_ActivityOverview/Reports/20220214_115757/CancelOrder-OnIframeView/20220214_115818/1644828881986.png]]

2022-02-14 14:24:42 - [TEST_STEP][PASSED] - SizeofPagination = getText(findTestObject("Object Repository/PaginationCOunt/PaginationCount")): Text of object 'Object Repository/PaginationCOunt/PaginationCount' is: '100'

2022-02-14 14:24:42 - [MESSAGE][PASSED] - Text of object 'Object Repository/PaginationCOunt/PaginationCount' is: '100'

2022-02-14 14:24:42 - [TEST_STEP][PASSED] - println(SizeofPagination): null

2022-02-14 14:24:42 - [TEST_STEP][PASSED] - paginationmaxcount = Integer.parseInt(SizeofPagination): null

2022-02-14 14:24:42 - [TEST_STEP][PASSED] - paginationmaxcount = pagination: null

2022-02-14 14:24:42 - [TEST_STEP][PASSED] - logInfo(Size of Pagination: $paginationmaxcount): Size of Pagination: 5

2022-02-14 14:24:42 - [MESSAGE][INFO] - Size of Pagination: 5

2022-02-14 14:24:42 - [TEST_STEP][PASSED] - totalrecords = 0: null

2022-02-14 14:24:42 - [TEST_STEP][PASSED] - for ([l = 1, l <= paginationmaxcount, (l++)]): Delayed 13 second(s)

2022-02-14 14:24:42 - [TEST_STEP][PASSED] - if (l <= 5): null

2022-02-14 14:24:42 - [TEST_STEP][PASSED] - paginationvalue = l: null

2022-02-14 14:24:42 - [TEST_STEP][PASSED] - if (l > 5): null

2022-02-14 14:24:42 - [TEST_STEP][PASSED] - logInfo(Size of Pagination: $paginationvalue): Size of Pagination: 1

2022-02-14 14:24:42 - [MESSAGE][INFO] - Size of Pagination: 1

2022-02-14 14:24:42 - [TEST_STEP][PASSED] - click(findTestObject("Object Repository/PaginationCOunt/ClickOnPagination", ["pagination":paginationvalue])): Object: 'Object Repository/PaginationCOunt/ClickOnPagination' is clicked on

2022-02-14 14:24:45 - [MESSAGE][PASSED] - Object: 'Object Repository/PaginationCOunt/ClickOnPagination' is clicked on

2022-02-14 14:24:45 - [TEST_STEP][PASSED] - delay(20): Delayed 20 second(s)

2022-02-14 14:25:05 - [MESSAGE][PASSED] - Delayed 20 second(s)

2022-02-14 14:25:05 - [TEST_STEP][PASSED] - takeScreenshot(): Taking screenshot successfully

2022-02-14 14:25:05 - [MESSAGE][PASSED] - Taking screenshot successfully
[[ATTACHMENT|/home/intersoft-admin/Rattan/Bash/Training/Rattan/Final_testing/New_ActivityOverview/Reports/20220214_115757/CancelOrder-OnIframeView/20220214_115818/1644828905358.png]]

2022-02-14 14:25:05 - [TEST_STEP][PASSED] - SizeofActiveBookings = findWebElements(findTestObject("Object Repository/CancelAndRefund/OrderListWithoutRefundedStatus"), 5).size(): null

2022-02-14 14:25:05 - [TEST_STEP][PASSED] - logInfo(Size of Active Bookings: $SizeofActiveBookings): Size of Active Bookings: 81

2022-02-14 14:25:05 - [MESSAGE][INFO] - Size of Active Bookings: 81

2022-02-14 14:25:05 - [TEST_STEP][PASSED] - for ([refund = 1, refund < SizeofActiveBookings, (refund++)]): Call Test Case 'Test Cases/StepToReUse/ActivityOverview-CancelOrder' successfully

2022-02-14 14:25:05 - [TEST_STEP][PASSED] - if (refund == 1): null

2022-02-14 14:25:05 - [TEST_STEP][PASSED] - refund = SizeofActiveBookings: null

2022-02-14 14:25:05 - [TEST_STEP][PASSED] - refundvalue = refund: null

2022-02-14 14:25:05 - [TEST_STEP][PASSED] - logInfo(Size of refund booking: $refund): Size of refund booking: 81

2022-02-14 14:25:05 - [MESSAGE][INFO] - Size of refund booking: 81

2022-02-14 14:25:05 - [TEST_STEP][PASSED] - scrollToElement(findTestObject("Object Repository/CancelAndRefund/OrderListWithoutRefundedStatus - Click", ["position":refund]), 15): Scroll to object 'Object Repository/CancelAndRefund/OrderListWithoutRefundedStatus - Click' successfully

2022-02-14 14:25:05 - [MESSAGE][PASSED] - Scroll to object 'Object Repository/CancelAndRefund/OrderListWithoutRefundedStatus - Click' successfully

2022-02-14 14:25:05 - [TEST_STEP][PASSED] - takeScreenshot(): Taking screenshot successfully

2022-02-14 14:25:05 - [MESSAGE][PASSED] - Taking screenshot successfully
[[ATTACHMENT|/home/intersoft-admin/Rattan/Bash/Training/Rattan/Final_testing/New_ActivityOverview/Reports/20220214_115757/CancelOrder-OnIframeView/20220214_115818/1644828905669.png]]

2022-02-14 14:25:05 - [TEST_STEP][PASSED] - orderId = findWebElement(findTestObject("Object Repository/GetOrderID/GetOrderID", ["position":refund])).getAttribute("data-order_id"): null

2022-02-14 14:25:05 - [TEST_STEP][PASSED] - orderId = orderId: null

2022-02-14 14:25:05 - [TEST_STEP][PASSED] - logInfo(Order ID: $orderId): Order ID: 164464235764657

2022-02-14 14:25:05 - [MESSAGE][INFO] - Order ID: 164464235764657

2022-02-14 14:25:05 - [TEST_STEP][PASSED] - click(findTestObject("Object Repository/GetOrderID/GetOrderID", ["position":refund])): Object: 'Object Repository/GetOrderID/GetOrderID' is clicked on

2022-02-14 14:25:09 - [MESSAGE][PASSED] - Object: 'Object Repository/GetOrderID/GetOrderID' is clicked on

2022-02-14 14:25:09 - [TEST_STEP][PASSED] - delay(20): Delayed 20 second(s)

2022-02-14 14:25:29 - [MESSAGE][PASSED] - Delayed 20 second(s)

2022-02-14 14:25:29 - [TEST_STEP][PASSED] - takeScreenshot(): Taking screenshot successfully

2022-02-14 14:25:29 - [MESSAGE][PASSED] - Taking screenshot successfully
[[ATTACHMENT|/home/intersoft-admin/Rattan/Bash/Training/Rattan/Final_testing/New_ActivityOverview/Reports/20220214_115757/CancelOrder-OnIframeView/20220214_115818/1644828929070.png]]

2022-02-14 14:25:29 - [TEST_STEP][PASSED] - callTestCase(findTestCase("Test Cases/StepToReUse/ActivityOverview-CancelOrder"), [:], CONTINUE_ON_FAILURE): Call Test Case 'Test Cases/StepToReUse/ActivityOverview-CancelOrder' successfully

2022-02-14 14:25:29 - [TEST_CASE][PASSED] - Test Cases/StepToReUse/ActivityOverview-CancelOrder: Test Cases/StepToReUse/ActivityOverview-CancelOrder

2022-02-14 14:25:29 - [TEST_STEP][PASSED] - logInfo(Refund Value: $GlobalVariable.refundvalue): Refund Value: 81

2022-02-14 14:25:29 - [MESSAGE][INFO] - Refund Value: 81

2022-02-14 14:25:29 - [TEST_STEP][PASSED] - if (waitForElementClickable(findTestObject("Object Repository/CancelAndRefund/CancelOrderButton"), 15) == true): Taking screenshot successfully

2022-02-14 14:25:29 - [MESSAGE][PASSED] - Object 'Object Repository/CancelAndRefund/CancelOrderButton' is clickable

2022-02-14 14:25:29 - [TEST_STEP][PASSED] - scrollToElement(findTestObject("Object Repository/CancelAndRefund/CancelOrderButton"), 15): Scroll to object 'Object Repository/CancelAndRefund/CancelOrderButton' successfully

2022-02-14 14:25:29 - [MESSAGE][PASSED] - Scroll to object 'Object Repository/CancelAndRefund/CancelOrderButton' successfully

2022-02-14 14:25:29 - [TEST_STEP][PASSED] - click(findTestObject("Object Repository/CancelAndRefund/CancelOrderButton")): Object: 'Object Repository/CancelAndRefund/CancelOrderButton' is clicked on

2022-02-14 14:25:32 - [MESSAGE][PASSED] - Object: 'Object Repository/CancelAndRefund/CancelOrderButton' is clicked on

2022-02-14 14:25:32 - [TEST_STEP][PASSED] - delay(3): Delayed 3 second(s)

2022-02-14 14:25:35 - [MESSAGE][PASSED] - Delayed 3 second(s)

2022-02-14 14:25:35 - [TEST_STEP][PASSED] - takeScreenshot(): Taking screenshot successfully

2022-02-14 14:25:35 - [MESSAGE][PASSED] - Taking screenshot successfully
[[ATTACHMENT|/home/intersoft-admin/Rattan/Bash/Training/Rattan/Final_testing/New_ActivityOverview/Reports/20220214_115757/CancelOrder-OnIframeView/20220214_115818/1644828935862.png]]

2022-02-14 14:25:35 - [TEST_STEP][PASSED] - if (waitForElementClickable(findTestObject("Object Repository/CancelAndRefund/CancelButton - OnRefundPop-up"), 15) == true): Taking screenshot successfully

2022-02-14 14:25:36 - [MESSAGE][PASSED] - Object 'Object Repository/CancelAndRefund/CancelButton - OnRefundPop-up' is clickable

2022-02-14 14:25:36 - [TEST_STEP][PASSED] - click(findTestObject("Object Repository/CancelAndRefund/CancelButton - OnRefundPop-up")): Object: 'Object Repository/CancelAndRefund/CancelButton - OnRefundPop-up' is clicked on

2022-02-14 14:25:39 - [MESSAGE][PASSED] - Object: 'Object Repository/CancelAndRefund/CancelButton - OnRefundPop-up' is clicked on

2022-02-14 14:25:39 - [TEST_STEP][PASSED] - delay(3): Delayed 3 second(s)

2022-02-14 14:25:42 - [MESSAGE][PASSED] - Delayed 3 second(s)

2022-02-14 14:25:42 - [TEST_STEP][PASSED] - takeScreenshot(): Taking screenshot successfully

2022-02-14 14:25:42 - [MESSAGE][PASSED] - Taking screenshot successfully
[[ATTACHMENT|/home/intersoft-admin/Rattan/Bash/Training/Rattan/Final_testing/New_ActivityOverview/Reports/20220214_115757/CancelOrder-OnIframeView/20220214_115818/1644828942174.png]]

2022-02-14 14:25:42 - [TEST_STEP][PASSED] - click(findTestObject("Object Repository/CancelAndRefund/CancelOrderButton")): Object: 'Object Repository/CancelAndRefund/CancelOrderButton' is clicked on

2022-02-14 14:25:45 - [MESSAGE][PASSED] - Object: 'Object Repository/CancelAndRefund/CancelOrderButton' is clicked on

2022-02-14 14:25:45 - [TEST_STEP][PASSED] - if (refundvalue < 4): null

2022-02-14 14:25:45 - [TEST_STEP][PASSED] - if (refundvalue <= 6 && refundvalue >= 4): null

2022-02-14 14:25:45 - [TEST_STEP][PASSED] - if (refundvalue > 6): Object 'Object Repository/CancelAndRefund/RefundOptionRadio' is not visible after 15 second(s)

2022-02-14 14:25:45 - [TEST_STEP][PASSED] - if (waitForElementVisible(findTestObject("Object Repository/CancelAndRefund/RefundOptionRadio"), 15) == true): Object 'Object Repository/CancelAndRefund/RefundOptionRadio' is not visible after 15 second(s)

2022-02-14 14:26:00 - [MESSAGE][WARNING] - Object 'Object Repository/CancelAndRefund/RefundOptionRadio' is not visible after 15 second(s)

2022-02-14 14:26:00 - [TEST_STEP][PASSED] - setText(findTestObject("Object Repository/CancelAndRefund/ReasonForCancellation"), CancellationReason): Text 'Order Refunded to Test Automation Testing Under Katalon' is set on object 'Object Repository/CancelAndRefund/ReasonForCancellation'

2022-02-14 14:26:07 - [MESSAGE][PASSED] - Text 'Order Refunded to Test Automation Testing Under Katalon' is set on object 'Object Repository/CancelAndRefund/ReasonForCancellation'

2022-02-14 14:26:07 - [TEST_STEP][PASSED] - click(findTestObject("Object Repository/CancelAndRefund/ConfirmCancellationButton")): Object: 'Object Repository/CancelAndRefund/ConfirmCancellationButton' is clicked on

2022-02-14 14:26:10 - [MESSAGE][PASSED] - Object: 'Object Repository/CancelAndRefund/ConfirmCancellationButton' is clicked on

2022-02-14 14:26:10 - [TEST_STEP][PASSED] - delay(3): Delayed 3 second(s)

2022-02-14 14:26:13 - [MESSAGE][PASSED] - Delayed 3 second(s)

2022-02-14 14:26:13 - [TEST_STEP][PASSED] - takeScreenshot(): Taking screenshot successfully

2022-02-14 14:26:13 - [MESSAGE][PASSED] - Taking screenshot successfully
[[ATTACHMENT|/home/intersoft-admin/Rattan/Bash/Training/Rattan/Final_testing/New_ActivityOverview/Reports/20220214_115757/CancelOrder-OnIframeView/20220214_115818/1644828973214.png]]

2022-02-14 14:26:13 - [MESSAGE][PASSED] - Call Test Case 'Test Cases/StepToReUse/ActivityOverview-CancelOrder' successfully

2022-02-14 14:26:13 - [TEST_STEP][PASSED] - delay(13): Delayed 13 second(s)

2022-02-14 14:26:26 - [MESSAGE][PASSED] - Delayed 13 second(s)

2022-02-14 14:26:26 - [TEST_STEP][PASSED] - click(findTestObject("Object Repository/DetailPop-up/Backbutton/BackButtonToListing")): Object: 'Object Repository/DetailPop-up/Backbutton/BackButtonToListing' is clicked on

2022-02-14 14:26:29 - [MESSAGE][PASSED] - Object: 'Object Repository/DetailPop-up/Backbutton/BackButtonToListing' is clicked on

2022-02-14 14:26:29 - [TEST_STEP][PASSED] - delay(13): Delayed 13 second(s)

2022-02-14 14:26:42 - [MESSAGE][PASSED] - Delayed 13 second(s)

2022-02-14 14:26:42 - [TEST_STEP][PASSED] - if (l <= 5): null

2022-02-14 14:26:42 - [TEST_STEP][PASSED] - paginationvalue = l: null

2022-02-14 14:26:42 - [TEST_STEP][PASSED] - if (l > 5): null

2022-02-14 14:26:42 - [TEST_STEP][PASSED] - logInfo(Size of Pagination: $paginationvalue): Size of Pagination: 2

2022-02-14 14:26:42 - [MESSAGE][INFO] - Size of Pagination: 2

2022-02-14 14:26:42 - [TEST_STEP][PASSED] - click(findTestObject("Object Repository/PaginationCOunt/ClickOnPagination", ["pagination":paginationvalue])): Object: 'Object Repository/PaginationCOunt/ClickOnPagination' is clicked on

2022-02-14 14:26:45 - [MESSAGE][PASSED] - Object: 'Object Repository/PaginationCOunt/ClickOnPagination' is clicked on

2022-02-14 14:26:45 - [TEST_STEP][PASSED] - delay(20): Delayed 20 second(s)

2022-02-14 14:27:05 - [MESSAGE][PASSED] - Delayed 20 second(s)

2022-02-14 14:27:05 - [TEST_STEP][PASSED] - takeScreenshot(): Taking screenshot successfully

2022-02-14 14:27:06 - [MESSAGE][PASSED] - Taking screenshot successfully
[[ATTACHMENT|/home/intersoft-admin/Rattan/Bash/Training/Rattan/Final_testing/New_ActivityOverview/Reports/20220214_115757/CancelOrder-OnIframeView/20220214_115818/1644829025884.png]]

2022-02-14 14:27:06 - [TEST_STEP][PASSED] - SizeofActiveBookings = findWebElements(findTestObject("Object Repository/CancelAndRefund/OrderListWithoutRefundedStatus"), 5).size(): null

2022-02-14 14:27:06 - [TEST_STEP][PASSED] - logInfo(Size of Active Bookings: $SizeofActiveBookings): Size of Active Bookings: 74

2022-02-14 14:27:06 - [MESSAGE][INFO] - Size of Active Bookings: 74

2022-02-14 14:27:06 - [TEST_STEP][PASSED] - for ([refund = 1, refund < SizeofActiveBookings, (refund++)]): Call Test Case 'Test Cases/StepToReUse/ActivityOverview-CancelOrder' successfully

2022-02-14 14:27:06 - [TEST_STEP][PASSED] - if (refund == 1): null

2022-02-14 14:27:06 - [TEST_STEP][PASSED] - refund = SizeofActiveBookings: null

2022-02-14 14:27:06 - [TEST_STEP][PASSED] - refundvalue = refund: null

2022-02-14 14:27:06 - [TEST_STEP][PASSED] - logInfo(Size of refund booking: $refund): Size of refund booking: 74

2022-02-14 14:27:06 - [MESSAGE][INFO] - Size of refund booking: 74

2022-02-14 14:27:06 - [TEST_STEP][PASSED] - scrollToElement(findTestObject("Object Repository/CancelAndRefund/OrderListWithoutRefundedStatus - Click", ["position":refund]), 15): Scroll to object 'Object Repository/CancelAndRefund/OrderListWithoutRefundedStatus - Click' successfully

2022-02-14 14:27:06 - [MESSAGE][PASSED] - Scroll to object 'Object Repository/CancelAndRefund/OrderListWithoutRefundedStatus - Click' successfully

2022-02-14 14:27:06 - [TEST_STEP][PASSED] - takeScreenshot(): Taking screenshot successfully

2022-02-14 14:27:06 - [MESSAGE][PASSED] - Taking screenshot successfully
[[ATTACHMENT|/home/intersoft-admin/Rattan/Bash/Training/Rattan/Final_testing/New_ActivityOverview/Reports/20220214_115757/CancelOrder-OnIframeView/20220214_115818/1644829026173.png]]

2022-02-14 14:27:06 - [TEST_STEP][PASSED] - orderId = findWebElement(findTestObject("Object Repository/GetOrderID/GetOrderID", ["position":refund])).getAttribute("data-order_id"): null

2022-02-14 14:27:06 - [TEST_STEP][PASSED] - orderId = orderId: null

2022-02-14 14:27:06 - [TEST_STEP][PASSED] - logInfo(Order ID: $orderId): Order ID: 164456044129743

2022-02-14 14:27:06 - [MESSAGE][INFO] - Order ID: 164456044129743

2022-02-14 14:27:06 - [TEST_STEP][PASSED] - click(findTestObject("Object Repository/GetOrderID/GetOrderID", ["position":refund])): Object: 'Object Repository/GetOrderID/GetOrderID' is clicked on

2022-02-14 14:27:09 - [MESSAGE][PASSED] - Object: 'Object Repository/GetOrderID/GetOrderID' is clicked on

2022-02-14 14:27:09 - [TEST_STEP][PASSED] - delay(20): Delayed 20 second(s)

2022-02-14 14:27:29 - [MESSAGE][PASSED] - Delayed 20 second(s)

2022-02-14 14:27:29 - [TEST_STEP][PASSED] - takeScreenshot(): Taking screenshot successfully

2022-02-14 14:27:29 - [MESSAGE][PASSED] - Taking screenshot successfully
[[ATTACHMENT|/home/intersoft-admin/Rattan/Bash/Training/Rattan/Final_testing/New_ActivityOverview/Reports/20220214_115757/CancelOrder-OnIframeView/20220214_115818/1644829049534.png]]

2022-02-14 14:27:29 - [TEST_STEP][PASSED] - callTestCase(findTestCase("Test Cases/StepToReUse/ActivityOverview-CancelOrder"), [:], CONTINUE_ON_FAILURE): Call Test Case 'Test Cases/StepToReUse/ActivityOverview-CancelOrder' successfully

2022-02-14 14:27:29 - [TEST_CASE][PASSED] - Test Cases/StepToReUse/ActivityOverview-CancelOrder: Test Cases/StepToReUse/ActivityOverview-CancelOrder

2022-02-14 14:27:29 - [TEST_STEP][PASSED] - logInfo(Refund Value: $GlobalVariable.refundvalue): Refund Value: 74

2022-02-14 14:27:29 - [MESSAGE][INFO] - Refund Value: 74

2022-02-14 14:27:29 - [TEST_STEP][PASSED] - if (waitForElementClickable(findTestObject("Object Repository/CancelAndRefund/CancelOrderButton"), 15) == true): Taking screenshot successfully

2022-02-14 14:27:29 - [MESSAGE][PASSED] - Object 'Object Repository/CancelAndRefund/CancelOrderButton' is clickable

2022-02-14 14:27:29 - [TEST_STEP][PASSED] - scrollToElement(findTestObject("Object Repository/CancelAndRefund/CancelOrderButton"), 15): Scroll to object 'Object Repository/CancelAndRefund/CancelOrderButton' successfully

2022-02-14 14:27:29 - [MESSAGE][PASSED] - Scroll to object 'Object Repository/CancelAndRefund/CancelOrderButton' successfully

2022-02-14 14:27:29 - [TEST_STEP][PASSED] - click(findTestObject("Object Repository/CancelAndRefund/CancelOrderButton")): Object: 'Object Repository/CancelAndRefund/CancelOrderButton' is clicked on

2022-02-14 14:27:33 - [MESSAGE][PASSED] - Object: 'Object Repository/CancelAndRefund/CancelOrderButton' is clicked on

2022-02-14 14:27:33 - [TEST_STEP][PASSED] - delay(3): Delayed 3 second(s)

2022-02-14 14:27:36 - [MESSAGE][PASSED] - Delayed 3 second(s)

2022-02-14 14:27:36 - [TEST_STEP][PASSED] - takeScreenshot(): Taking screenshot successfully

2022-02-14 14:27:36 - [MESSAGE][PASSED] - Taking screenshot successfully
[[ATTACHMENT|/home/intersoft-admin/Rattan/Bash/Training/Rattan/Final_testing/New_ActivityOverview/Reports/20220214_115757/CancelOrder-OnIframeView/20220214_115818/1644829056023.png]]

2022-02-14 14:27:36 - [TEST_STEP][PASSED] - if (waitForElementClickable(findTestObject("Object Repository/CancelAndRefund/CancelButton - OnRefundPop-up"), 15) == true): Taking screenshot successfully

2022-02-14 14:27:36 - [MESSAGE][PASSED] - Object 'Object Repository/CancelAndRefund/CancelButton - OnRefundPop-up' is clickable

2022-02-14 14:27:36 - [TEST_STEP][PASSED] - click(findTestObject("Object Repository/CancelAndRefund/CancelButton - OnRefundPop-up")): Object: 'Object Repository/CancelAndRefund/CancelButton - OnRefundPop-up' is clicked on

2022-02-14 14:27:39 - [MESSAGE][PASSED] - Object: 'Object Repository/CancelAndRefund/CancelButton - OnRefundPop-up' is clicked on

2022-02-14 14:27:39 - [TEST_STEP][PASSED] - delay(3): Delayed 3 second(s)

2022-02-14 14:27:42 - [MESSAGE][PASSED] - Delayed 3 second(s)

2022-02-14 14:27:42 - [TEST_STEP][PASSED] - takeScreenshot(): Taking screenshot successfully

2022-02-14 14:27:42 - [MESSAGE][PASSED] - Taking screenshot successfully
[[ATTACHMENT|/home/intersoft-admin/Rattan/Bash/Training/Rattan/Final_testing/New_ActivityOverview/Reports/20220214_115757/CancelOrder-OnIframeView/20220214_115818/1644829062358.png]]

2022-02-14 14:27:42 - [TEST_STEP][PASSED] - click(findTestObject("Object Repository/CancelAndRefund/CancelOrderButton")): Object: 'Object Repository/CancelAndRefund/CancelOrderButton' is clicked on

2022-02-14 14:27:45 - [MESSAGE][PASSED] - Object: 'Object Repository/CancelAndRefund/CancelOrderButton' is clicked on

2022-02-14 14:27:45 - [TEST_STEP][PASSED] - if (refundvalue < 4): null

2022-02-14 14:27:45 - [TEST_STEP][PASSED] - if (refundvalue <= 6 && refundvalue >= 4): null

2022-02-14 14:27:45 - [TEST_STEP][PASSED] - if (refundvalue > 6): Object 'Object Repository/CancelAndRefund/RefundOptionRadio' is not visible after 15 second(s)

2022-02-14 14:27:45 - [TEST_STEP][PASSED] - if (waitForElementVisible(findTestObject("Object Repository/CancelAndRefund/RefundOptionRadio"), 15) == true): Object 'Object Repository/CancelAndRefund/RefundOptionRadio' is not visible after 15 second(s)

2022-02-14 14:28:00 - [MESSAGE][WARNING] - Object 'Object Repository/CancelAndRefund/RefundOptionRadio' is not visible after 15 second(s)

2022-02-14 14:28:00 - [TEST_STEP][PASSED] - setText(findTestObject("Object Repository/CancelAndRefund/ReasonForCancellation"), CancellationReason): Text 'Order Refunded to Test Automation Testing Under Katalon' is set on object 'Object Repository/CancelAndRefund/ReasonForCancellation'

2022-02-14 14:28:07 - [MESSAGE][PASSED] - Text 'Order Refunded to Test Automation Testing Under Katalon' is set on object 'Object Repository/CancelAndRefund/ReasonForCancellation'

2022-02-14 14:28:07 - [TEST_STEP][PASSED] - click(findTestObject("Object Repository/CancelAndRefund/ConfirmCancellationButton")): Object: 'Object Repository/CancelAndRefund/ConfirmCancellationButton' is clicked on

2022-02-14 14:28:10 - [MESSAGE][PASSED] - Object: 'Object Repository/CancelAndRefund/ConfirmCancellationButton' is clicked on

2022-02-14 14:28:10 - [TEST_STEP][PASSED] - delay(3): Delayed 3 second(s)

2022-02-14 14:28:13 - [MESSAGE][PASSED] - Delayed 3 second(s)

2022-02-14 14:28:13 - [TEST_STEP][PASSED] - takeScreenshot(): Taking screenshot successfully

2022-02-14 14:28:13 - [MESSAGE][PASSED] - Taking screenshot successfully
[[ATTACHMENT|/home/intersoft-admin/Rattan/Bash/Training/Rattan/Final_testing/New_ActivityOverview/Reports/20220214_115757/CancelOrder-OnIframeView/20220214_115818/1644829093335.png]]

2022-02-14 14:28:13 - [MESSAGE][PASSED] - Call Test Case 'Test Cases/StepToReUse/ActivityOverview-CancelOrder' successfully

2022-02-14 14:28:13 - [TEST_STEP][PASSED] - delay(13): Delayed 13 second(s)

2022-02-14 14:28:26 - [MESSAGE][PASSED] - Delayed 13 second(s)

2022-02-14 14:28:26 - [TEST_STEP][PASSED] - click(findTestObject("Object Repository/DetailPop-up/Backbutton/BackButtonToListing")): Object: 'Object Repository/DetailPop-up/Backbutton/BackButtonToListing' is clicked on

2022-02-14 14:28:29 - [MESSAGE][PASSED] - Object: 'Object Repository/DetailPop-up/Backbutton/BackButtonToListing' is clicked on

2022-02-14 14:28:29 - [TEST_STEP][PASSED] - delay(13): Delayed 13 second(s)

2022-02-14 14:28:42 - [MESSAGE][PASSED] - Delayed 13 second(s)

2022-02-14 14:28:42 - [TEST_STEP][PASSED] - if (l <= 5): null

2022-02-14 14:28:42 - [TEST_STEP][PASSED] - paginationvalue = l: null

2022-02-14 14:28:42 - [TEST_STEP][PASSED] - if (l > 5): null

2022-02-14 14:28:42 - [TEST_STEP][PASSED] - logInfo(Size of Pagination: $paginationvalue): Size of Pagination: 3

2022-02-14 14:28:42 - [MESSAGE][INFO] - Size of Pagination: 3

2022-02-14 14:28:42 - [TEST_STEP][PASSED] - click(findTestObject("Object Repository/PaginationCOunt/ClickOnPagination", ["pagination":paginationvalue])): Object: 'Object Repository/PaginationCOunt/ClickOnPagination' is clicked on

2022-02-14 14:28:45 - [MESSAGE][PASSED] - Object: 'Object Repository/PaginationCOunt/ClickOnPagination' is clicked on

2022-02-14 14:28:45 - [TEST_STEP][PASSED] - delay(20): Delayed 20 second(s)

2022-02-14 14:29:05 - [MESSAGE][PASSED] - Delayed 20 second(s)

2022-02-14 14:29:05 - [TEST_STEP][PASSED] - takeScreenshot(): Taking screenshot successfully

2022-02-14 14:29:06 - [MESSAGE][PASSED] - Taking screenshot successfully
[[ATTACHMENT|/home/intersoft-admin/Rattan/Bash/Training/Rattan/Final_testing/New_ActivityOverview/Reports/20220214_115757/CancelOrder-OnIframeView/20220214_115818/1644829145948.png]]

2022-02-14 14:29:06 - [TEST_STEP][PASSED] - SizeofActiveBookings = findWebElements(findTestObject("Object Repository/CancelAndRefund/OrderListWithoutRefundedStatus"), 5).size(): null

2022-02-14 14:29:06 - [TEST_STEP][PASSED] - logInfo(Size of Active Bookings: $SizeofActiveBookings): Size of Active Bookings: 79

2022-02-14 14:29:06 - [MESSAGE][INFO] - Size of Active Bookings: 79

2022-02-14 14:29:06 - [TEST_STEP][PASSED] - for ([refund = 1, refund < SizeofActiveBookings, (refund++)]): Call Test Case 'Test Cases/StepToReUse/ActivityOverview-CancelOrder' successfully

2022-02-14 14:29:06 - [TEST_STEP][PASSED] - if (refund == 1): null

2022-02-14 14:29:06 - [TEST_STEP][PASSED] - refund = SizeofActiveBookings: null

2022-02-14 14:29:06 - [TEST_STEP][PASSED] - refundvalue = refund: null

2022-02-14 14:29:06 - [TEST_STEP][PASSED] - logInfo(Size of refund booking: $refund): Size of refund booking: 79

2022-02-14 14:29:06 - [MESSAGE][INFO] - Size of refund booking: 79

2022-02-14 14:29:06 - [TEST_STEP][PASSED] - scrollToElement(findTestObject("Object Repository/CancelAndRefund/OrderListWithoutRefundedStatus - Click", ["position":refund]), 15): Scroll to object 'Object Repository/CancelAndRefund/OrderListWithoutRefundedStatus - Click' successfully

2022-02-14 14:29:06 - [MESSAGE][PASSED] - Scroll to object 'Object Repository/CancelAndRefund/OrderListWithoutRefundedStatus - Click' successfully

2022-02-14 14:29:06 - [TEST_STEP][PASSED] - takeScreenshot(): Taking screenshot successfully

2022-02-14 14:29:06 - [MESSAGE][PASSED] - Taking screenshot successfully
[[ATTACHMENT|/home/intersoft-admin/Rattan/Bash/Training/Rattan/Final_testing/New_ActivityOverview/Reports/20220214_115757/CancelOrder-OnIframeView/20220214_115818/1644829146308.png]]

2022-02-14 14:29:06 - [TEST_STEP][PASSED] - orderId = findWebElement(findTestObject("Object Repository/GetOrderID/GetOrderID", ["position":refund])).getAttribute("data-order_id"): null

2022-02-14 14:29:06 - [TEST_STEP][PASSED] - orderId = orderId: null

2022-02-14 14:29:06 - [TEST_STEP][PASSED] - logInfo(Order ID: $orderId): Order ID: 164440709642748

2022-02-14 14:29:06 - [MESSAGE][INFO] - Order ID: 164440709642748

2022-02-14 14:29:06 - [TEST_STEP][PASSED] - click(findTestObject("Object Repository/GetOrderID/GetOrderID", ["position":refund])): Object: 'Object Repository/GetOrderID/GetOrderID' is clicked on

2022-02-14 14:29:09 - [MESSAGE][PASSED] - Object: 'Object Repository/GetOrderID/GetOrderID' is clicked on

2022-02-14 14:29:09 - [TEST_STEP][PASSED] - delay(20): Delayed 20 second(s)

2022-02-14 14:29:29 - [MESSAGE][PASSED] - Delayed 20 second(s)

2022-02-14 14:29:29 - [TEST_STEP][PASSED] - takeScreenshot(): Taking screenshot successfully

2022-02-14 14:29:29 - [MESSAGE][PASSED] - Taking screenshot successfully
[[ATTACHMENT|/home/intersoft-admin/Rattan/Bash/Training/Rattan/Final_testing/New_ActivityOverview/Reports/20220214_115757/CancelOrder-OnIframeView/20220214_115818/1644829169709.png]]

2022-02-14 14:29:29 - [TEST_STEP][PASSED] - callTestCase(findTestCase("Test Cases/StepToReUse/ActivityOverview-CancelOrder"), [:], CONTINUE_ON_FAILURE): Call Test Case 'Test Cases/StepToReUse/ActivityOverview-CancelOrder' successfully

2022-02-14 14:29:29 - [TEST_CASE][PASSED] - Test Cases/StepToReUse/ActivityOverview-CancelOrder: Test Cases/StepToReUse/ActivityOverview-CancelOrder

2022-02-14 14:29:29 - [TEST_STEP][PASSED] - logInfo(Refund Value: $GlobalVariable.refundvalue): Refund Value: 79

2022-02-14 14:29:29 - [MESSAGE][INFO] - Refund Value: 79

2022-02-14 14:29:29 - [TEST_STEP][PASSED] - if (waitForElementClickable(findTestObject("Object Repository/CancelAndRefund/CancelOrderButton"), 15) == true): Taking screenshot successfully

2022-02-14 14:29:29 - [MESSAGE][PASSED] - Object 'Object Repository/CancelAndRefund/CancelOrderButton' is clickable

2022-02-14 14:29:29 - [TEST_STEP][PASSED] - scrollToElement(findTestObject("Object Repository/CancelAndRefund/CancelOrderButton"), 15): Scroll to object 'Object Repository/CancelAndRefund/CancelOrderButton' successfully

2022-02-14 14:29:30 - [MESSAGE][PASSED] - Scroll to object 'Object Repository/CancelAndRefund/CancelOrderButton' successfully

2022-02-14 14:29:30 - [TEST_STEP][PASSED] - click(findTestObject("Object Repository/CancelAndRefund/CancelOrderButton")): Object: 'Object Repository/CancelAndRefund/CancelOrderButton' is clicked on

2022-02-14 14:29:33 - [MESSAGE][PASSED] - Object: 'Object Repository/CancelAndRefund/CancelOrderButton' is clicked on

2022-02-14 14:29:33 - [TEST_STEP][PASSED] - delay(3): Delayed 3 second(s)

2022-02-14 14:29:36 - [MESSAGE][PASSED] - Delayed 3 second(s)

2022-02-14 14:29:36 - [TEST_STEP][PASSED] - takeScreenshot(): Taking screenshot successfully

2022-02-14 14:29:36 - [MESSAGE][PASSED] - Taking screenshot successfully
[[ATTACHMENT|/home/intersoft-admin/Rattan/Bash/Training/Rattan/Final_testing/New_ActivityOverview/Reports/20220214_115757/CancelOrder-OnIframeView/20220214_115818/1644829176221.png]]

2022-02-14 14:29:36 - [TEST_STEP][PASSED] - if (waitForElementClickable(findTestObject("Object Repository/CancelAndRefund/CancelButton - OnRefundPop-up"), 15) == true): Taking screenshot successfully

2022-02-14 14:29:36 - [MESSAGE][PASSED] - Object 'Object Repository/CancelAndRefund/CancelButton - OnRefundPop-up' is clickable

2022-02-14 14:29:36 - [TEST_STEP][PASSED] - click(findTestObject("Object Repository/CancelAndRefund/CancelButton - OnRefundPop-up")): Object: 'Object Repository/CancelAndRefund/CancelButton - OnRefundPop-up' is clicked on

2022-02-14 14:29:39 - [MESSAGE][PASSED] - Object: 'Object Repository/CancelAndRefund/CancelButton - OnRefundPop-up' is clicked on

2022-02-14 14:29:39 - [TEST_STEP][PASSED] - delay(3): Delayed 3 second(s)

2022-02-14 14:29:42 - [MESSAGE][PASSED] - Delayed 3 second(s)

2022-02-14 14:29:42 - [TEST_STEP][PASSED] - takeScreenshot(): Taking screenshot successfully

2022-02-14 14:29:42 - [MESSAGE][PASSED] - Taking screenshot successfully
[[ATTACHMENT|/home/intersoft-admin/Rattan/Bash/Training/Rattan/Final_testing/New_ActivityOverview/Reports/20220214_115757/CancelOrder-OnIframeView/20220214_115818/1644829182559.png]]

2022-02-14 14:29:42 - [TEST_STEP][PASSED] - click(findTestObject("Object Repository/CancelAndRefund/CancelOrderButton")): Object: 'Object Repository/CancelAndRefund/CancelOrderButton' is clicked on

2022-02-14 14:29:45 - [MESSAGE][PASSED] - Object: 'Object Repository/CancelAndRefund/CancelOrderButton' is clicked on

2022-02-14 14:29:45 - [TEST_STEP][PASSED] - if (refundvalue < 4): null

2022-02-14 14:29:45 - [TEST_STEP][PASSED] - if (refundvalue <= 6 && refundvalue >= 4): null

2022-02-14 14:29:45 - [TEST_STEP][PASSED] - if (refundvalue > 6): Object 'Object Repository/CancelAndRefund/RefundOptionRadio' is not visible after 15 second(s)

2022-02-14 14:29:45 - [TEST_STEP][PASSED] - if (waitForElementVisible(findTestObject("Object Repository/CancelAndRefund/RefundOptionRadio"), 15) == true): Object 'Object Repository/CancelAndRefund/RefundOptionRadio' is not visible after 15 second(s)

2022-02-14 14:30:01 - [MESSAGE][WARNING] - Object 'Object Repository/CancelAndRefund/RefundOptionRadio' is not visible after 15 second(s)

2022-02-14 14:30:01 - [TEST_STEP][PASSED] - setText(findTestObject("Object Repository/CancelAndRefund/ReasonForCancellation"), CancellationReason): Text 'Order Refunded to Test Automation Testing Under Katalon' is set on object 'Object Repository/CancelAndRefund/ReasonForCancellation'

2022-02-14 14:30:07 - [MESSAGE][PASSED] - Text 'Order Refunded to Test Automation Testing Under Katalon' is set on object 'Object Repository/CancelAndRefund/ReasonForCancellation'

2022-02-14 14:30:07 - [TEST_STEP][PASSED] - click(findTestObject("Object Repository/CancelAndRefund/ConfirmCancellationButton")): Object: 'Object Repository/CancelAndRefund/ConfirmCancellationButton' is clicked on

2022-02-14 14:30:10 - [MESSAGE][PASSED] - Object: 'Object Repository/CancelAndRefund/ConfirmCancellationButton' is clicked on

2022-02-14 14:30:10 - [TEST_STEP][PASSED] - delay(3): Delayed 3 second(s)

2022-02-14 14:30:13 - [MESSAGE][PASSED] - Delayed 3 second(s)

2022-02-14 14:30:13 - [TEST_STEP][PASSED] - takeScreenshot(): Taking screenshot successfully

2022-02-14 14:30:13 - [MESSAGE][PASSED] - Taking screenshot successfully
[[ATTACHMENT|/home/intersoft-admin/Rattan/Bash/Training/Rattan/Final_testing/New_ActivityOverview/Reports/20220214_115757/CancelOrder-OnIframeView/20220214_115818/1644829213505.png]]

2022-02-14 14:30:13 - [MESSAGE][PASSED] - Call Test Case 'Test Cases/StepToReUse/ActivityOverview-CancelOrder' successfully

2022-02-14 14:30:13 - [TEST_STEP][PASSED] - delay(13): Delayed 13 second(s)

2022-02-14 14:30:26 - [MESSAGE][PASSED] - Delayed 13 second(s)

2022-02-14 14:30:26 - [TEST_STEP][PASSED] - click(findTestObject("Object Repository/DetailPop-up/Backbutton/BackButtonToListing")): Object: 'Object Repository/DetailPop-up/Backbutton/BackButtonToListing' is clicked on

2022-02-14 14:30:29 - [MESSAGE][PASSED] - Object: 'Object Repository/DetailPop-up/Backbutton/BackButtonToListing' is clicked on

2022-02-14 14:30:29 - [TEST_STEP][PASSED] - delay(13): Delayed 13 second(s)

2022-02-14 14:30:42 - [MESSAGE][PASSED] - Delayed 13 second(s)

2022-02-14 14:30:42 - [TEST_STEP][PASSED] - if (l <= 5): null

2022-02-14 14:30:42 - [TEST_STEP][PASSED] - paginationvalue = l: null

2022-02-14 14:30:42 - [TEST_STEP][PASSED] - if (l > 5): null

2022-02-14 14:30:42 - [TEST_STEP][PASSED] - logInfo(Size of Pagination: $paginationvalue): Size of Pagination: 4

2022-02-14 14:30:42 - [MESSAGE][INFO] - Size of Pagination: 4

2022-02-14 14:30:42 - [TEST_STEP][PASSED] - click(findTestObject("Object Repository/PaginationCOunt/ClickOnPagination", ["pagination":paginationvalue])): Object: 'Object Repository/PaginationCOunt/ClickOnPagination' is clicked on

2022-02-14 14:30:46 - [MESSAGE][PASSED] - Object: 'Object Repository/PaginationCOunt/ClickOnPagination' is clicked on

2022-02-14 14:30:46 - [TEST_STEP][PASSED] - delay(20): Delayed 20 second(s)

2022-02-14 14:31:06 - [MESSAGE][PASSED] - Delayed 20 second(s)

2022-02-14 14:31:06 - [TEST_STEP][PASSED] - takeScreenshot(): Taking screenshot successfully

2022-02-14 14:31:06 - [MESSAGE][PASSED] - Taking screenshot successfully
[[ATTACHMENT|/home/intersoft-admin/Rattan/Bash/Training/Rattan/Final_testing/New_ActivityOverview/Reports/20220214_115757/CancelOrder-OnIframeView/20220214_115818/1644829266142.png]]

2022-02-14 14:31:06 - [TEST_STEP][PASSED] - SizeofActiveBookings = findWebElements(findTestObject("Object Repository/CancelAndRefund/OrderListWithoutRefundedStatus"), 5).size(): null

2022-02-14 14:31:06 - [TEST_STEP][PASSED] - logInfo(Size of Active Bookings: $SizeofActiveBookings): Size of Active Bookings: 78

2022-02-14 14:31:06 - [MESSAGE][INFO] - Size of Active Bookings: 78

2022-02-14 14:31:06 - [TEST_STEP][PASSED] - for ([refund = 1, refund < SizeofActiveBookings, (refund++)]): Call Test Case 'Test Cases/StepToReUse/ActivityOverview-CancelOrder' successfully

2022-02-14 14:31:06 - [TEST_STEP][PASSED] - if (refund == 1): null

2022-02-14 14:31:06 - [TEST_STEP][PASSED] - refund = SizeofActiveBookings: null

2022-02-14 14:31:06 - [TEST_STEP][PASSED] - refundvalue = refund: null

2022-02-14 14:31:06 - [TEST_STEP][PASSED] - logInfo(Size of refund booking: $refund): Size of refund booking: 78

2022-02-14 14:31:06 - [MESSAGE][INFO] - Size of refund booking: 78

2022-02-14 14:31:06 - [TEST_STEP][PASSED] - scrollToElement(findTestObject("Object Repository/CancelAndRefund/OrderListWithoutRefundedStatus - Click", ["position":refund]), 15): Scroll to object 'Object Repository/CancelAndRefund/OrderListWithoutRefundedStatus - Click' successfully

2022-02-14 14:31:06 - [MESSAGE][PASSED] - Scroll to object 'Object Repository/CancelAndRefund/OrderListWithoutRefundedStatus - Click' successfully

2022-02-14 14:31:06 - [TEST_STEP][PASSED] - takeScreenshot(): Taking screenshot successfully

2022-02-14 14:31:06 - [MESSAGE][PASSED] - Taking screenshot successfully
[[ATTACHMENT|/home/intersoft-admin/Rattan/Bash/Training/Rattan/Final_testing/New_ActivityOverview/Reports/20220214_115757/CancelOrder-OnIframeView/20220214_115818/1644829266447.png]]

2022-02-14 14:31:06 - [TEST_STEP][PASSED] - orderId = findWebElement(findTestObject("Object Repository/GetOrderID/GetOrderID", ["position":refund])).getAttribute("data-order_id"): null

2022-02-14 14:31:06 - [TEST_STEP][PASSED] - orderId = orderId: null

2022-02-14 14:31:06 - [TEST_STEP][PASSED] - logInfo(Order ID: $orderId): Order ID: 164431857487598

2022-02-14 14:31:06 - [MESSAGE][INFO] - Order ID: 164431857487598

2022-02-14 14:31:06 - [TEST_STEP][PASSED] - click(findTestObject("Object Repository/GetOrderID/GetOrderID", ["position":refund])): Object: 'Object Repository/GetOrderID/GetOrderID' is clicked on

2022-02-14 14:31:09 - [MESSAGE][PASSED] - Object: 'Object Repository/GetOrderID/GetOrderID' is clicked on

2022-02-14 14:31:09 - [TEST_STEP][PASSED] - delay(20): Delayed 20 second(s)

2022-02-14 14:31:29 - [MESSAGE][PASSED] - Delayed 20 second(s)

2022-02-14 14:31:29 - [TEST_STEP][PASSED] - takeScreenshot(): Taking screenshot successfully

2022-02-14 14:31:29 - [MESSAGE][PASSED] - Taking screenshot successfully
[[ATTACHMENT|/home/intersoft-admin/Rattan/Bash/Training/Rattan/Final_testing/New_ActivityOverview/Reports/20220214_115757/CancelOrder-OnIframeView/20220214_115818/1644829289802.png]]

2022-02-14 14:31:29 - [TEST_STEP][PASSED] - callTestCase(findTestCase("Test Cases/StepToReUse/ActivityOverview-CancelOrder"), [:], CONTINUE_ON_FAILURE): Call Test Case 'Test Cases/StepToReUse/ActivityOverview-CancelOrder' successfully

2022-02-14 14:31:29 - [TEST_CASE][PASSED] - Test Cases/StepToReUse/ActivityOverview-CancelOrder: Test Cases/StepToReUse/ActivityOverview-CancelOrder

2022-02-14 14:31:30 - [TEST_STEP][PASSED] - logInfo(Refund Value: $GlobalVariable.refundvalue): Refund Value: 78

2022-02-14 14:31:30 - [MESSAGE][INFO] - Refund Value: 78

2022-02-14 14:31:30 - [TEST_STEP][PASSED] - if (waitForElementClickable(findTestObject("Object Repository/CancelAndRefund/CancelOrderButton"), 15) == true): Taking screenshot successfully

2022-02-14 14:31:30 - [MESSAGE][PASSED] - Object 'Object Repository/CancelAndRefund/CancelOrderButton' is clickable

2022-02-14 14:31:30 - [TEST_STEP][PASSED] - scrollToElement(findTestObject("Object Repository/CancelAndRefund/CancelOrderButton"), 15): Scroll to object 'Object Repository/CancelAndRefund/CancelOrderButton' successfully

2022-02-14 14:31:30 - [MESSAGE][PASSED] - Scroll to object 'Object Repository/CancelAndRefund/CancelOrderButton' successfully

2022-02-14 14:31:30 - [TEST_STEP][PASSED] - click(findTestObject("Object Repository/CancelAndRefund/CancelOrderButton")): Object: 'Object Repository/CancelAndRefund/CancelOrderButton' is clicked on

2022-02-14 14:31:33 - [MESSAGE][PASSED] - Object: 'Object Repository/CancelAndRefund/CancelOrderButton' is clicked on

2022-02-14 14:31:33 - [TEST_STEP][PASSED] - delay(3): Delayed 3 second(s)

2022-02-14 14:31:36 - [MESSAGE][PASSED] - Delayed 3 second(s)

2022-02-14 14:31:36 - [TEST_STEP][PASSED] - takeScreenshot(): Taking screenshot successfully

2022-02-14 14:31:36 - [MESSAGE][PASSED] - Taking screenshot successfully
[[ATTACHMENT|/home/intersoft-admin/Rattan/Bash/Training/Rattan/Final_testing/New_ActivityOverview/Reports/20220214_115757/CancelOrder-OnIframeView/20220214_115818/1644829296304.png]]

2022-02-14 14:31:36 - [TEST_STEP][PASSED] - if (waitForElementClickable(findTestObject("Object Repository/CancelAndRefund/CancelButton - OnRefundPop-up"), 15) == true): Taking screenshot successfully

2022-02-14 14:31:36 - [MESSAGE][PASSED] - Object 'Object Repository/CancelAndRefund/CancelButton - OnRefundPop-up' is clickable

2022-02-14 14:31:36 - [TEST_STEP][PASSED] - click(findTestObject("Object Repository/CancelAndRefund/CancelButton - OnRefundPop-up")): Object: 'Object Repository/CancelAndRefund/CancelButton - OnRefundPop-up' is clicked on

2022-02-14 14:31:39 - [MESSAGE][PASSED] - Object: 'Object Repository/CancelAndRefund/CancelButton - OnRefundPop-up' is clicked on

2022-02-14 14:31:39 - [TEST_STEP][PASSED] - delay(3): Delayed 3 second(s)

2022-02-14 14:31:42 - [MESSAGE][PASSED] - Delayed 3 second(s)

2022-02-14 14:31:42 - [TEST_STEP][PASSED] - takeScreenshot(): Taking screenshot successfully

2022-02-14 14:31:42 - [MESSAGE][PASSED] - Taking screenshot successfully
[[ATTACHMENT|/home/intersoft-admin/Rattan/Bash/Training/Rattan/Final_testing/New_ActivityOverview/Reports/20220214_115757/CancelOrder-OnIframeView/20220214_115818/1644829302616.png]]

2022-02-14 14:31:42 - [TEST_STEP][PASSED] - click(findTestObject("Object Repository/CancelAndRefund/CancelOrderButton")): Object: 'Object Repository/CancelAndRefund/CancelOrderButton' is clicked on

2022-02-14 14:31:45 - [MESSAGE][PASSED] - Object: 'Object Repository/CancelAndRefund/CancelOrderButton' is clicked on

2022-02-14 14:31:45 - [TEST_STEP][PASSED] - if (refundvalue < 4): null

2022-02-14 14:31:45 - [TEST_STEP][PASSED] - if (refundvalue <= 6 && refundvalue >= 4): null

2022-02-14 14:31:45 - [TEST_STEP][PASSED] - if (refundvalue > 6): Object 'Object Repository/CancelAndRefund/RefundOptionRadio' is not visible after 15 second(s)

2022-02-14 14:31:45 - [TEST_STEP][PASSED] - if (waitForElementVisible(findTestObject("Object Repository/CancelAndRefund/RefundOptionRadio"), 15) == true): Object 'Object Repository/CancelAndRefund/RefundOptionRadio' is not visible after 15 second(s)

2022-02-14 14:32:01 - [MESSAGE][WARNING] - Object 'Object Repository/CancelAndRefund/RefundOptionRadio' is not visible after 15 second(s)

2022-02-14 14:32:01 - [TEST_STEP][PASSED] - setText(findTestObject("Object Repository/CancelAndRefund/ReasonForCancellation"), CancellationReason): Text 'Order Refunded to Test Automation Testing Under Katalon' is set on object 'Object Repository/CancelAndRefund/ReasonForCancellation'

2022-02-14 14:32:07 - [MESSAGE][PASSED] - Text 'Order Refunded to Test Automation Testing Under Katalon' is set on object 'Object Repository/CancelAndRefund/ReasonForCancellation'

2022-02-14 14:32:07 - [TEST_STEP][PASSED] - click(findTestObject("Object Repository/CancelAndRefund/ConfirmCancellationButton")): Object: 'Object Repository/CancelAndRefund/ConfirmCancellationButton' is clicked on

2022-02-14 14:32:10 - [MESSAGE][PASSED] - Object: 'Object Repository/CancelAndRefund/ConfirmCancellationButton' is clicked on

2022-02-14 14:32:10 - [TEST_STEP][PASSED] - delay(3): Delayed 3 second(s)

2022-02-14 14:32:13 - [MESSAGE][PASSED] - Delayed 3 second(s)

2022-02-14 14:32:13 - [TEST_STEP][PASSED] - takeScreenshot(): Taking screenshot successfully

2022-02-14 14:32:13 - [MESSAGE][PASSED] - Taking screenshot successfully
[[ATTACHMENT|/home/intersoft-admin/Rattan/Bash/Training/Rattan/Final_testing/New_ActivityOverview/Reports/20220214_115757/CancelOrder-OnIframeView/20220214_115818/1644829333551.png]]

2022-02-14 14:32:13 - [MESSAGE][PASSED] - Call Test Case 'Test Cases/StepToReUse/ActivityOverview-CancelOrder' successfully

2022-02-14 14:32:13 - [TEST_STEP][PASSED] - delay(13): Delayed 13 second(s)

2022-02-14 14:32:26 - [MESSAGE][PASSED] - Delayed 13 second(s)

2022-02-14 14:32:26 - [TEST_STEP][PASSED] - click(findTestObject("Object Repository/DetailPop-up/Backbutton/BackButtonToListing")): Object: 'Object Repository/DetailPop-up/Backbutton/BackButtonToListing' is clicked on

2022-02-14 14:32:30 - [MESSAGE][PASSED] - Object: 'Object Repository/DetailPop-up/Backbutton/BackButtonToListing' is clicked on

2022-02-14 14:32:30 - [TEST_STEP][PASSED] - delay(13): Delayed 13 second(s)

2022-02-14 14:32:43 - [MESSAGE][PASSED] - Delayed 13 second(s)

2022-02-14 14:32:43 - [TEST_STEP][PASSED] - if (l <= 5): null

2022-02-14 14:32:43 - [TEST_STEP][PASSED] - paginationvalue = l: null

2022-02-14 14:32:43 - [TEST_STEP][PASSED] - if (l > 5): null

2022-02-14 14:32:43 - [TEST_STEP][PASSED] - logInfo(Size of Pagination: $paginationvalue): Size of Pagination: 5

2022-02-14 14:32:43 - [MESSAGE][INFO] - Size of Pagination: 5

2022-02-14 14:32:43 - [TEST_STEP][PASSED] - click(findTestObject("Object Repository/PaginationCOunt/ClickOnPagination", ["pagination":paginationvalue])): Object: 'Object Repository/PaginationCOunt/ClickOnPagination' is clicked on

2022-02-14 14:32:46 - [MESSAGE][PASSED] - Object: 'Object Repository/PaginationCOunt/ClickOnPagination' is clicked on

2022-02-14 14:32:46 - [TEST_STEP][PASSED] - delay(20): Delayed 20 second(s)

2022-02-14 14:33:06 - [MESSAGE][PASSED] - Delayed 20 second(s)

2022-02-14 14:33:06 - [TEST_STEP][PASSED] - takeScreenshot(): Taking screenshot successfully

2022-02-14 14:33:06 - [MESSAGE][PASSED] - Taking screenshot successfully
[[ATTACHMENT|/home/intersoft-admin/Rattan/Bash/Training/Rattan/Final_testing/New_ActivityOverview/Reports/20220214_115757/CancelOrder-OnIframeView/20220214_115818/1644829386200.png]]

2022-02-14 14:33:06 - [TEST_STEP][PASSED] - SizeofActiveBookings = findWebElements(findTestObject("Object Repository/CancelAndRefund/OrderListWithoutRefundedStatus"), 5).size(): null

2022-02-14 14:33:06 - [TEST_STEP][PASSED] - logInfo(Size of Active Bookings: $SizeofActiveBookings): Size of Active Bookings: 93

2022-02-14 14:33:06 - [MESSAGE][INFO] - Size of Active Bookings: 93

2022-02-14 14:33:06 - [TEST_STEP][PASSED] - for ([refund = 1, refund < SizeofActiveBookings, (refund++)]): Call Test Case 'Test Cases/StepToReUse/ActivityOverview-CancelOrder' successfully

2022-02-14 14:33:06 - [TEST_STEP][PASSED] - if (refund == 1): null

2022-02-14 14:33:06 - [TEST_STEP][PASSED] - refund = SizeofActiveBookings: null

2022-02-14 14:33:06 - [TEST_STEP][PASSED] - refundvalue = refund: null

2022-02-14 14:33:06 - [TEST_STEP][PASSED] - logInfo(Size of refund booking: $refund): Size of refund booking: 93

2022-02-14 14:33:06 - [MESSAGE][INFO] - Size of refund booking: 93

2022-02-14 14:33:06 - [TEST_STEP][PASSED] - scrollToElement(findTestObject("Object Repository/CancelAndRefund/OrderListWithoutRefundedStatus - Click", ["position":refund]), 15): Scroll to object 'Object Repository/CancelAndRefund/OrderListWithoutRefundedStatus - Click' successfully

2022-02-14 14:33:06 - [MESSAGE][PASSED] - Scroll to object 'Object Repository/CancelAndRefund/OrderListWithoutRefundedStatus - Click' successfully

2022-02-14 14:33:06 - [TEST_STEP][PASSED] - takeScreenshot(): Taking screenshot successfully

2022-02-14 14:33:06 - [MESSAGE][PASSED] - Taking screenshot successfully
[[ATTACHMENT|/home/intersoft-admin/Rattan/Bash/Training/Rattan/Final_testing/New_ActivityOverview/Reports/20220214_115757/CancelOrder-OnIframeView/20220214_115818/1644829386481.png]]

2022-02-14 14:33:06 - [TEST_STEP][PASSED] - orderId = findWebElement(findTestObject("Object Repository/GetOrderID/GetOrderID", ["position":refund])).getAttribute("data-order_id"): null

2022-02-14 14:33:06 - [TEST_STEP][PASSED] - orderId = orderId: null

2022-02-14 14:33:06 - [TEST_STEP][PASSED] - logInfo(Order ID: $orderId): Order ID: 164422658775867

2022-02-14 14:33:06 - [MESSAGE][INFO] - Order ID: 164422658775867

2022-02-14 14:33:06 - [TEST_STEP][PASSED] - click(findTestObject("Object Repository/GetOrderID/GetOrderID", ["position":refund])): Object: 'Object Repository/GetOrderID/GetOrderID' is clicked on

2022-02-14 14:33:09 - [MESSAGE][PASSED] - Object: 'Object Repository/GetOrderID/GetOrderID' is clicked on

2022-02-14 14:33:09 - [TEST_STEP][PASSED] - delay(20): Delayed 20 second(s)

2022-02-14 14:33:29 - [MESSAGE][PASSED] - Delayed 20 second(s)

2022-02-14 14:33:29 - [TEST_STEP][PASSED] - takeScreenshot(): Taking screenshot successfully

2022-02-14 14:33:29 - [MESSAGE][PASSED] - Taking screenshot successfully
[[ATTACHMENT|/home/intersoft-admin/Rattan/Bash/Training/Rattan/Final_testing/New_ActivityOverview/Reports/20220214_115757/CancelOrder-OnIframeView/20220214_115818/1644829409853.png]]

2022-02-14 14:33:29 - [TEST_STEP][PASSED] - callTestCase(findTestCase("Test Cases/StepToReUse/ActivityOverview-CancelOrder"), [:], CONTINUE_ON_FAILURE): Call Test Case 'Test Cases/StepToReUse/ActivityOverview-CancelOrder' successfully

2022-02-14 14:33:30 - [TEST_CASE][PASSED] - Test Cases/StepToReUse/ActivityOverview-CancelOrder: Test Cases/StepToReUse/ActivityOverview-CancelOrder

2022-02-14 14:33:30 - [TEST_STEP][PASSED] - logInfo(Refund Value: $GlobalVariable.refundvalue): Refund Value: 93

2022-02-14 14:33:30 - [MESSAGE][INFO] - Refund Value: 93

2022-02-14 14:33:30 - [TEST_STEP][PASSED] - if (waitForElementClickable(findTestObject("Object Repository/CancelAndRefund/CancelOrderButton"), 15) == true): Taking screenshot successfully

2022-02-14 14:33:30 - [MESSAGE][PASSED] - Object 'Object Repository/CancelAndRefund/CancelOrderButton' is clickable

2022-02-14 14:33:30 - [TEST_STEP][PASSED] - scrollToElement(findTestObject("Object Repository/CancelAndRefund/CancelOrderButton"), 15): Scroll to object 'Object Repository/CancelAndRefund/CancelOrderButton' successfully

2022-02-14 14:33:30 - [MESSAGE][PASSED] - Scroll to object 'Object Repository/CancelAndRefund/CancelOrderButton' successfully

2022-02-14 14:33:30 - [TEST_STEP][PASSED] - click(findTestObject("Object Repository/CancelAndRefund/CancelOrderButton")): Object: 'Object Repository/CancelAndRefund/CancelOrderButton' is clicked on

2022-02-14 14:33:33 - [MESSAGE][PASSED] - Object: 'Object Repository/CancelAndRefund/CancelOrderButton' is clicked on

2022-02-14 14:33:33 - [TEST_STEP][PASSED] - delay(3): Delayed 3 second(s)

2022-02-14 14:33:36 - [MESSAGE][PASSED] - Delayed 3 second(s)

2022-02-14 14:33:36 - [TEST_STEP][PASSED] - takeScreenshot(): Taking screenshot successfully

2022-02-14 14:33:36 - [MESSAGE][PASSED] - Taking screenshot successfully
[[ATTACHMENT|/home/intersoft-admin/Rattan/Bash/Training/Rattan/Final_testing/New_ActivityOverview/Reports/20220214_115757/CancelOrder-OnIframeView/20220214_115818/1644829416322.png]]

2022-02-14 14:33:36 - [TEST_STEP][PASSED] - if (waitForElementClickable(findTestObject("Object Repository/CancelAndRefund/CancelButton - OnRefundPop-up"), 15) == true): Taking screenshot successfully

2022-02-14 14:33:36 - [MESSAGE][PASSED] - Object 'Object Repository/CancelAndRefund/CancelButton - OnRefundPop-up' is clickable

2022-02-14 14:33:36 - [TEST_STEP][PASSED] - click(findTestObject("Object Repository/CancelAndRefund/CancelButton - OnRefundPop-up")): Object: 'Object Repository/CancelAndRefund/CancelButton - OnRefundPop-up' is clicked on

2022-02-14 14:33:39 - [MESSAGE][PASSED] - Object: 'Object Repository/CancelAndRefund/CancelButton - OnRefundPop-up' is clicked on

2022-02-14 14:33:39 - [TEST_STEP][PASSED] - delay(3): Delayed 3 second(s)

2022-02-14 14:33:42 - [MESSAGE][PASSED] - Delayed 3 second(s)

2022-02-14 14:33:42 - [TEST_STEP][PASSED] - takeScreenshot(): Taking screenshot successfully

2022-02-14 14:33:42 - [MESSAGE][PASSED] - Taking screenshot successfully
[[ATTACHMENT|/home/intersoft-admin/Rattan/Bash/Training/Rattan/Final_testing/New_ActivityOverview/Reports/20220214_115757/CancelOrder-OnIframeView/20220214_115818/1644829422626.png]]

2022-02-14 14:33:42 - [TEST_STEP][PASSED] - click(findTestObject("Object Repository/CancelAndRefund/CancelOrderButton")): Object: 'Object Repository/CancelAndRefund/CancelOrderButton' is clicked on

2022-02-14 14:33:45 - [MESSAGE][PASSED] - Object: 'Object Repository/CancelAndRefund/CancelOrderButton' is clicked on

2022-02-14 14:33:45 - [TEST_STEP][PASSED] - if (refundvalue < 4): null

2022-02-14 14:33:45 - [TEST_STEP][PASSED] - if (refundvalue <= 6 && refundvalue >= 4): null

2022-02-14 14:33:45 - [TEST_STEP][PASSED] - if (refundvalue > 6): Object 'Object Repository/CancelAndRefund/RefundOptionRadio' is not visible after 15 second(s)

2022-02-14 14:33:45 - [TEST_STEP][PASSED] - if (waitForElementVisible(findTestObject("Object Repository/CancelAndRefund/RefundOptionRadio"), 15) == true): Object 'Object Repository/CancelAndRefund/RefundOptionRadio' is not visible after 15 second(s)

2022-02-14 14:34:01 - [MESSAGE][WARNING] - Object 'Object Repository/CancelAndRefund/RefundOptionRadio' is not visible after 15 second(s)

2022-02-14 14:34:01 - [TEST_STEP][PASSED] - setText(findTestObject("Object Repository/CancelAndRefund/ReasonForCancellation"), CancellationReason): Text 'Order Refunded to Test Automation Testing Under Katalon' is set on object 'Object Repository/CancelAndRefund/ReasonForCancellation'

2022-02-14 14:34:07 - [MESSAGE][PASSED] - Text 'Order Refunded to Test Automation Testing Under Katalon' is set on object 'Object Repository/CancelAndRefund/ReasonForCancellation'

2022-02-14 14:34:07 - [TEST_STEP][PASSED] - click(findTestObject("Object Repository/CancelAndRefund/ConfirmCancellationButton")): Object: 'Object Repository/CancelAndRefund/ConfirmCancellationButton' is clicked on

2022-02-14 14:34:10 - [MESSAGE][PASSED] - Object: 'Object Repository/CancelAndRefund/ConfirmCancellationButton' is clicked on

2022-02-14 14:34:10 - [TEST_STEP][PASSED] - delay(3): Delayed 3 second(s)

2022-02-14 14:34:13 - [MESSAGE][PASSED] - Delayed 3 second(s)

2022-02-14 14:34:13 - [TEST_STEP][PASSED] - takeScreenshot(): Taking screenshot successfully

2022-02-14 14:34:13 - [MESSAGE][PASSED] - Taking screenshot successfully
[[ATTACHMENT|/home/intersoft-admin/Rattan/Bash/Training/Rattan/Final_testing/New_ActivityOverview/Reports/20220214_115757/CancelOrder-OnIframeView/20220214_115818/1644829453663.png]]

2022-02-14 14:34:13 - [MESSAGE][PASSED] - Call Test Case 'Test Cases/StepToReUse/ActivityOverview-CancelOrder' successfully

2022-02-14 14:34:13 - [TEST_STEP][PASSED] - delay(13): Delayed 13 second(s)

2022-02-14 14:34:26 - [MESSAGE][PASSED] - Delayed 13 second(s)

2022-02-14 14:34:26 - [TEST_STEP][PASSED] - click(findTestObject("Object Repository/DetailPop-up/Backbutton/BackButtonToListing")): Object: 'Object Repository/DetailPop-up/Backbutton/BackButtonToListing' is clicked on

2022-02-14 14:34:30 - [MESSAGE][PASSED] - Object: 'Object Repository/DetailPop-up/Backbutton/BackButtonToListing' is clicked on

2022-02-14 14:34:30 - [TEST_STEP][PASSED] - delay(13): Delayed 13 second(s)

2022-02-14 14:34:43 - [MESSAGE][PASSED] - Delayed 13 second(s)]]></system-out>
         <system-err><![CDATA[]]></system-err>
      </testcase>
      <system-out><![CDATA[2022-02-14 14:23:19 - [TEST_SUITE][PASSED] - CancelOrder-OnIframeView: Test Cases/NewActivityOverview-LeftNavigation/ActivityOverview-CancelOrder-GetOrderIDAndRefund]]></system-out>
      <system-err><![CDATA[]]></system-err>
   </testsuite>
   <testsuite name="AmendOrder-Main" tests="1" failures="1" errors="0" time="2484.876" skipped="0" timestamp="2022-02-14 14:35:01" hostname="intersoft-admin - intersoftadmin-desktop" id="Test Suites/AmendOrder-Main">
      <properties>
         <property name="deviceName" value=""/>
         <property name="devicePlatform" value=""/>
         <property name="logFolder" value="/home/intersoft-admin/Rattan/Bash/Training/Rattan/Final_testing/New_ActivityOverview/Reports/20220214_115757/AmendOrder-Main/20220214_115820"/>
         <property name="logFiles" value="/home/intersoft-admin/Rattan/Bash/Training/Rattan/Final_testing/New_ActivityOverview/Reports/20220214_115757/AmendOrder-Main/20220214_115820/execution0.log"/>
         <property name="attachments" value="/home/intersoft-admin/Rattan/Bash/Training/Rattan/Final_testing/New_ActivityOverview/Reports/20220214_115757/AmendOrder-Main/20220214_115820/1644829530436.png, /home/intersoft-admin/Rattan/Bash/Training/Rattan/Final_testing/New_ActivityOverview/Reports/20220214_115757/AmendOrder-Main/20220214_115820/1644829543379.png, /home/intersoft-admin/Rattan/Bash/Training/Rattan/Final_testing/New_ActivityOverview/Reports/20220214_115757/AmendOrder-Main/20220214_115820/1644829553833.png, /home/intersoft-admin/Rattan/Bash/Training/Rattan/Final_testing/New_ActivityOverview/Reports/20220214_115757/AmendOrder-Main/20220214_115820/1644829585337.png, /home/intersoft-admin/Rattan/Bash/Training/Rattan/Final_testing/New_ActivityOverview/Reports/20220214_115757/AmendOrder-Main/20220214_115820/1644829608740.png, /home/intersoft-admin/Rattan/Bash/Training/Rattan/Final_testing/New_ActivityOverview/Reports/20220214_115757/AmendOrder-Main/20220214_115820/1644829609061.png, /home/intersoft-admin/Rattan/Bash/Training/Rattan/Final_testing/New_ActivityOverview/Reports/20220214_115757/AmendOrder-Main/20220214_115820/1644829632444.png, /home/intersoft-admin/Rattan/Bash/Training/Rattan/Final_testing/New_ActivityOverview/Reports/20220214_115757/AmendOrder-Main/20220214_115820/1644829636873.png, /home/intersoft-admin/Rattan/Bash/Training/Rattan/Final_testing/New_ActivityOverview/Reports/20220214_115757/AmendOrder-Main/20220214_115820/1644829641290.png, /home/intersoft-admin/Rattan/Bash/Training/Rattan/Final_testing/New_ActivityOverview/Reports/20220214_115757/AmendOrder-Main/20220214_115820/1644829645592.png, /home/intersoft-admin/Rattan/Bash/Training/Rattan/Final_testing/New_ActivityOverview/Reports/20220214_115757/AmendOrder-Main/20220214_115820/1644829649870.png, /home/intersoft-admin/Rattan/Bash/Training/Rattan/Final_testing/New_ActivityOverview/Reports/20220214_115757/AmendOrder-Main/20220214_115820/1644829654180.png, /home/intersoft-admin/Rattan/Bash/Training/Rattan/Final_testing/New_ActivityOverview/Reports/20220214_115757/AmendOrder-Main/20220214_115820/1644829676523.png, /home/intersoft-admin/Rattan/Bash/Training/Rattan/Final_testing/New_ActivityOverview/Reports/20220214_115757/AmendOrder-Main/20220214_115820/1644829698861.png, /home/intersoft-admin/Rattan/Bash/Training/Rattan/Final_testing/New_ActivityOverview/Reports/20220214_115757/AmendOrder-Main/20220214_115820/1644829724238.png, /home/intersoft-admin/Rattan/Bash/Training/Rattan/Final_testing/New_ActivityOverview/Reports/20220214_115757/AmendOrder-Main/20220214_115820/1644829731552.png, /home/intersoft-admin/Rattan/Bash/Training/Rattan/Final_testing/New_ActivityOverview/Reports/20220214_115757/AmendOrder-Main/20220214_115820/1644829751024.png, /home/intersoft-admin/Rattan/Bash/Training/Rattan/Final_testing/New_ActivityOverview/Reports/20220214_115757/AmendOrder-Main/20220214_115820/1644829768447.png, /home/intersoft-admin/Rattan/Bash/Training/Rattan/Final_testing/New_ActivityOverview/Reports/20220214_115757/AmendOrder-Main/20220214_115820/1644829804771.png, /home/intersoft-admin/Rattan/Bash/Training/Rattan/Final_testing/New_ActivityOverview/Reports/20220214_115757/AmendOrder-Main/20220214_115820/1644829805065.png, /home/intersoft-admin/Rattan/Bash/Training/Rattan/Final_testing/New_ActivityOverview/Reports/20220214_115757/AmendOrder-Main/20220214_115820/1644829828436.png, /home/intersoft-admin/Rattan/Bash/Training/Rattan/Final_testing/New_ActivityOverview/Reports/20220214_115757/AmendOrder-Main/20220214_115820/1644829832759.png, /home/intersoft-admin/Rattan/Bash/Training/Rattan/Final_testing/New_ActivityOverview/Reports/20220214_115757/AmendOrder-Main/20220214_115820/1644829868251.png, /home/intersoft-admin/Rattan/Bash/Training/Rattan/Final_testing/New_ActivityOverview/Reports/20220214_115757/AmendOrder-Main/20220214_115820/1644829904571.png, /home/intersoft-admin/Rattan/Bash/Training/Rattan/Final_testing/New_ActivityOverview/Reports/20220214_115757/AmendOrder-Main/20220214_115820/1644829904833.png, /home/intersoft-admin/Rattan/Bash/Training/Rattan/Final_testing/New_ActivityOverview/Reports/20220214_115757/AmendOrder-Main/20220214_115820/1644829928212.png, /home/intersoft-admin/Rattan/Bash/Training/Rattan/Final_testing/New_ActivityOverview/Reports/20220214_115757/AmendOrder-Main/20220214_115820/1644829932532.png, /home/intersoft-admin/Rattan/Bash/Training/Rattan/Final_testing/New_ActivityOverview/Reports/20220214_115757/AmendOrder-Main/20220214_115820/1644829968050.png, /home/intersoft-admin/Rattan/Bash/Training/Rattan/Final_testing/New_ActivityOverview/Reports/20220214_115757/AmendOrder-Main/20220214_115820/1644830004388.png, /home/intersoft-admin/Rattan/Bash/Training/Rattan/Final_testing/New_ActivityOverview/Reports/20220214_115757/AmendOrder-Main/20220214_115820/1644830004670.png, /home/intersoft-admin/Rattan/Bash/Training/Rattan/Final_testing/New_ActivityOverview/Reports/20220214_115757/AmendOrder-Main/20220214_115820/1644830028049.png, /home/intersoft-admin/Rattan/Bash/Training/Rattan/Final_testing/New_ActivityOverview/Reports/20220214_115757/AmendOrder-Main/20220214_115820/1644830032370.png, /home/intersoft-admin/Rattan/Bash/Training/Rattan/Final_testing/New_ActivityOverview/Reports/20220214_115757/AmendOrder-Main/20220214_115820/1644830036731.png, /home/intersoft-admin/Rattan/Bash/Training/Rattan/Final_testing/New_ActivityOverview/Reports/20220214_115757/AmendOrder-Main/20220214_115820/1644830041049.png, /home/intersoft-admin/Rattan/Bash/Training/Rattan/Final_testing/New_ActivityOverview/Reports/20220214_115757/AmendOrder-Main/20220214_115820/1644830045372.png, /home/intersoft-admin/Rattan/Bash/Training/Rattan/Final_testing/New_ActivityOverview/Reports/20220214_115757/AmendOrder-Main/20220214_115820/1644830049644.png, /home/intersoft-admin/Rattan/Bash/Training/Rattan/Final_testing/New_ActivityOverview/Reports/20220214_115757/AmendOrder-Main/20220214_115820/1644830071969.png, /home/intersoft-admin/Rattan/Bash/Training/Rattan/Final_testing/New_ActivityOverview/Reports/20220214_115757/AmendOrder-Main/20220214_115820/1644830124711.png, /home/intersoft-admin/Rattan/Bash/Training/Rattan/Final_testing/New_ActivityOverview/Reports/20220214_115757/AmendOrder-Main/20220214_115820/1644830150138.png, /home/intersoft-admin/Rattan/Bash/Training/Rattan/Final_testing/New_ActivityOverview/Reports/20220214_115757/AmendOrder-Main/20220214_115820/1644830165196.png, /home/intersoft-admin/Rattan/Bash/Training/Rattan/Final_testing/New_ActivityOverview/Reports/20220214_115757/AmendOrder-Main/20220214_115820/1644830175602.png, /home/intersoft-admin/Rattan/Bash/Training/Rattan/Final_testing/New_ActivityOverview/Reports/20220214_115757/AmendOrder-Main/20220214_115820/1644830207059.png, /home/intersoft-admin/Rattan/Bash/Training/Rattan/Final_testing/New_ActivityOverview/Reports/20220214_115757/AmendOrder-Main/20220214_115820/1644830230364.png, /home/intersoft-admin/Rattan/Bash/Training/Rattan/Final_testing/New_ActivityOverview/Reports/20220214_115757/AmendOrder-Main/20220214_115820/1644830230624.png, /home/intersoft-admin/Rattan/Bash/Training/Rattan/Final_testing/New_ActivityOverview/Reports/20220214_115757/AmendOrder-Main/20220214_115820/1644830253988.png, /home/intersoft-admin/Rattan/Bash/Training/Rattan/Final_testing/New_ActivityOverview/Reports/20220214_115757/AmendOrder-Main/20220214_115820/1644830258336.png, /home/intersoft-admin/Rattan/Bash/Training/Rattan/Final_testing/New_ActivityOverview/Reports/20220214_115757/AmendOrder-Main/20220214_115820/1644830262709.png, /home/intersoft-admin/Rattan/Bash/Training/Rattan/Final_testing/New_ActivityOverview/Reports/20220214_115757/AmendOrder-Main/20220214_115820/1644830267024.png, /home/intersoft-admin/Rattan/Bash/Training/Rattan/Final_testing/New_ActivityOverview/Reports/20220214_115757/AmendOrder-Main/20220214_115820/1644830271308.png, /home/intersoft-admin/Rattan/Bash/Training/Rattan/Final_testing/New_ActivityOverview/Reports/20220214_115757/AmendOrder-Main/20220214_115820/1644830275588.png, /home/intersoft-admin/Rattan/Bash/Training/Rattan/Final_testing/New_ActivityOverview/Reports/20220214_115757/AmendOrder-Main/20220214_115820/1644830297982.png, /home/intersoft-admin/Rattan/Bash/Training/Rattan/Final_testing/New_ActivityOverview/Reports/20220214_115757/AmendOrder-Main/20220214_115820/1644830320295.png, /home/intersoft-admin/Rattan/Bash/Training/Rattan/Final_testing/New_ActivityOverview/Reports/20220214_115757/AmendOrder-Main/20220214_115820/1644830345662.png, /home/intersoft-admin/Rattan/Bash/Training/Rattan/Final_testing/New_ActivityOverview/Reports/20220214_115757/AmendOrder-Main/20220214_115820/1644830352977.png, /home/intersoft-admin/Rattan/Bash/Training/Rattan/Final_testing/New_ActivityOverview/Reports/20220214_115757/AmendOrder-Main/20220214_115820/1644830372407.png, /home/intersoft-admin/Rattan/Bash/Training/Rattan/Final_testing/New_ActivityOverview/Reports/20220214_115757/AmendOrder-Main/20220214_115820/1644830389836.png, /home/intersoft-admin/Rattan/Bash/Training/Rattan/Final_testing/New_ActivityOverview/Reports/20220214_115757/AmendOrder-Main/20220214_115820/1644830426128.png, /home/intersoft-admin/Rattan/Bash/Training/Rattan/Final_testing/New_ActivityOverview/Reports/20220214_115757/AmendOrder-Main/20220214_115820/1644830426413.png, /home/intersoft-admin/Rattan/Bash/Training/Rattan/Final_testing/New_ActivityOverview/Reports/20220214_115757/AmendOrder-Main/20220214_115820/1644830449814.png, /home/intersoft-admin/Rattan/Bash/Training/Rattan/Final_testing/New_ActivityOverview/Reports/20220214_115757/AmendOrder-Main/20220214_115820/1644830454128.png, /home/intersoft-admin/Rattan/Bash/Training/Rattan/Final_testing/New_ActivityOverview/Reports/20220214_115757/AmendOrder-Main/20220214_115820/1644830489640.png, /home/intersoft-admin/Rattan/Bash/Training/Rattan/Final_testing/New_ActivityOverview/Reports/20220214_115757/AmendOrder-Main/20220214_115820/1644830525976.png, /home/intersoft-admin/Rattan/Bash/Training/Rattan/Final_testing/New_ActivityOverview/Reports/20220214_115757/AmendOrder-Main/20220214_115820/1644830526254.png, /home/intersoft-admin/Rattan/Bash/Training/Rattan/Final_testing/New_ActivityOverview/Reports/20220214_115757/AmendOrder-Main/20220214_115820/1644830549623.png, /home/intersoft-admin/Rattan/Bash/Training/Rattan/Final_testing/New_ActivityOverview/Reports/20220214_115757/AmendOrder-Main/20220214_115820/1644830553958.png, /home/intersoft-admin/Rattan/Bash/Training/Rattan/Final_testing/New_ActivityOverview/Reports/20220214_115757/AmendOrder-Main/20220214_115820/1644830589495.png, /home/intersoft-admin/Rattan/Bash/Training/Rattan/Final_testing/New_ActivityOverview/Reports/20220214_115757/AmendOrder-Main/20220214_115820/1644830625804.png, /home/intersoft-admin/Rattan/Bash/Training/Rattan/Final_testing/New_ActivityOverview/Reports/20220214_115757/AmendOrder-Main/20220214_115820/1644830626072.png, /home/intersoft-admin/Rattan/Bash/Training/Rattan/Final_testing/New_ActivityOverview/Reports/20220214_115757/AmendOrder-Main/20220214_115820/1644830649443.png, /home/intersoft-admin/Rattan/Bash/Training/Rattan/Final_testing/New_ActivityOverview/Reports/20220214_115757/AmendOrder-Main/20220214_115820/1644830653756.png, /home/intersoft-admin/Rattan/Bash/Training/Rattan/Final_testing/New_ActivityOverview/Reports/20220214_115757/AmendOrder-Main/20220214_115820/1644830658111.png, /home/intersoft-admin/Rattan/Bash/Training/Rattan/Final_testing/New_ActivityOverview/Reports/20220214_115757/AmendOrder-Main/20220214_115820/1644830662425.png, /home/intersoft-admin/Rattan/Bash/Training/Rattan/Final_testing/New_ActivityOverview/Reports/20220214_115757/AmendOrder-Main/20220214_115820/1644830666737.png, /home/intersoft-admin/Rattan/Bash/Training/Rattan/Final_testing/New_ActivityOverview/Reports/20220214_115757/AmendOrder-Main/20220214_115820/1644830671031.png, /home/intersoft-admin/Rattan/Bash/Training/Rattan/Final_testing/New_ActivityOverview/Reports/20220214_115757/AmendOrder-Main/20220214_115820/1644830693378.png, /home/intersoft-admin/Rattan/Bash/Training/Rattan/Final_testing/New_ActivityOverview/Reports/20220214_115757/AmendOrder-Main/20220214_115820/1644830746162.png, /home/intersoft-admin/Rattan/Bash/Training/Rattan/Final_testing/New_ActivityOverview/Reports/20220214_115757/AmendOrder-Main/20220214_115820/1644830771702.png, /home/intersoft-admin/Rattan/Bash/Training/Rattan/Final_testing/New_ActivityOverview/Reports/20220214_115757/AmendOrder-Main/20220214_115820/1644830787224.png, /home/intersoft-admin/Rattan/Bash/Training/Rattan/Final_testing/New_ActivityOverview/Reports/20220214_115757/AmendOrder-Main/20220214_115820/1644830797629.png, /home/intersoft-admin/Rattan/Bash/Training/Rattan/Final_testing/New_ActivityOverview/Reports/20220214_115757/AmendOrder-Main/20220214_115820/1644830829076.png, /home/intersoft-admin/Rattan/Bash/Training/Rattan/Final_testing/New_ActivityOverview/Reports/20220214_115757/AmendOrder-Main/20220214_115820/1644830852383.png, /home/intersoft-admin/Rattan/Bash/Training/Rattan/Final_testing/New_ActivityOverview/Reports/20220214_115757/AmendOrder-Main/20220214_115820/1644830852664.png, /home/intersoft-admin/Rattan/Bash/Training/Rattan/Final_testing/New_ActivityOverview/Reports/20220214_115757/AmendOrder-Main/20220214_115820/1644830875996.png, /home/intersoft-admin/Rattan/Bash/Training/Rattan/Final_testing/New_ActivityOverview/Reports/20220214_115757/AmendOrder-Main/20220214_115820/1644830880318.png, /home/intersoft-admin/Rattan/Bash/Training/Rattan/Final_testing/New_ActivityOverview/Reports/20220214_115757/AmendOrder-Main/20220214_115820/1644830884678.png, /home/intersoft-admin/Rattan/Bash/Training/Rattan/Final_testing/New_ActivityOverview/Reports/20220214_115757/AmendOrder-Main/20220214_115820/1644830888985.png, /home/intersoft-admin/Rattan/Bash/Training/Rattan/Final_testing/New_ActivityOverview/Reports/20220214_115757/AmendOrder-Main/20220214_115820/1644830893253.png, /home/intersoft-admin/Rattan/Bash/Training/Rattan/Final_testing/New_ActivityOverview/Reports/20220214_115757/AmendOrder-Main/20220214_115820/1644830897505.png, /home/intersoft-admin/Rattan/Bash/Training/Rattan/Final_testing/New_ActivityOverview/Reports/20220214_115757/AmendOrder-Main/20220214_115820/1644830919814.png, /home/intersoft-admin/Rattan/Bash/Training/Rattan/Final_testing/New_ActivityOverview/Reports/20220214_115757/AmendOrder-Main/20220214_115820/1644830942146.png, /home/intersoft-admin/Rattan/Bash/Training/Rattan/Final_testing/New_ActivityOverview/Reports/20220214_115757/AmendOrder-Main/20220214_115820/1644830967491.png, /home/intersoft-admin/Rattan/Bash/Training/Rattan/Final_testing/New_ActivityOverview/Reports/20220214_115757/AmendOrder-Main/20220214_115820/1644830974787.png, /home/intersoft-admin/Rattan/Bash/Training/Rattan/Final_testing/New_ActivityOverview/Reports/20220214_115757/AmendOrder-Main/20220214_115820/1644830994207.png, /home/intersoft-admin/Rattan/Bash/Training/Rattan/Final_testing/New_ActivityOverview/Reports/20220214_115757/AmendOrder-Main/20220214_115820/1644831011633.png, /home/intersoft-admin/Rattan/Bash/Training/Rattan/Final_testing/New_ActivityOverview/Reports/20220214_115757/AmendOrder-Main/20220214_115820/1644831047943.png, /home/intersoft-admin/Rattan/Bash/Training/Rattan/Final_testing/New_ActivityOverview/Reports/20220214_115757/AmendOrder-Main/20220214_115820/1644831048206.png, /home/intersoft-admin/Rattan/Bash/Training/Rattan/Final_testing/New_ActivityOverview/Reports/20220214_115757/AmendOrder-Main/20220214_115820/1644831071564.png, /home/intersoft-admin/Rattan/Bash/Training/Rattan/Final_testing/New_ActivityOverview/Reports/20220214_115757/AmendOrder-Main/20220214_115820/1644831075932.png, /home/intersoft-admin/Rattan/Bash/Training/Rattan/Final_testing/New_ActivityOverview/Reports/20220214_115757/AmendOrder-Main/20220214_115820/1644831111417.png, /home/intersoft-admin/Rattan/Bash/Training/Rattan/Final_testing/New_ActivityOverview/Reports/20220214_115757/AmendOrder-Main/20220214_115820/1644831147785.png, /home/intersoft-admin/Rattan/Bash/Training/Rattan/Final_testing/New_ActivityOverview/Reports/20220214_115757/AmendOrder-Main/20220214_115820/1644831148078.png, /home/intersoft-admin/Rattan/Bash/Training/Rattan/Final_testing/New_ActivityOverview/Reports/20220214_115757/AmendOrder-Main/20220214_115820/1644831171424.png, /home/intersoft-admin/Rattan/Bash/Training/Rattan/Final_testing/New_ActivityOverview/Reports/20220214_115757/AmendOrder-Main/20220214_115820/1644831175824.png, /home/intersoft-admin/Rattan/Bash/Training/Rattan/Final_testing/New_ActivityOverview/Reports/20220214_115757/AmendOrder-Main/20220214_115820/1644831211431.png, /home/intersoft-admin/Rattan/Bash/Training/Rattan/Final_testing/New_ActivityOverview/Reports/20220214_115757/AmendOrder-Main/20220214_115820/1644831247952.png, /home/intersoft-admin/Rattan/Bash/Training/Rattan/Final_testing/New_ActivityOverview/Reports/20220214_115757/AmendOrder-Main/20220214_115820/1644831248264.png, /home/intersoft-admin/Rattan/Bash/Training/Rattan/Final_testing/New_ActivityOverview/Reports/20220214_115757/AmendOrder-Main/20220214_115820/1644831271656.png, /home/intersoft-admin/Rattan/Bash/Training/Rattan/Final_testing/New_ActivityOverview/Reports/20220214_115757/AmendOrder-Main/20220214_115820/1644831275964.png, /home/intersoft-admin/Rattan/Bash/Training/Rattan/Final_testing/New_ActivityOverview/Reports/20220214_115757/AmendOrder-Main/20220214_115820/1644831280349.png, /home/intersoft-admin/Rattan/Bash/Training/Rattan/Final_testing/New_ActivityOverview/Reports/20220214_115757/AmendOrder-Main/20220214_115820/1644831284680.png, /home/intersoft-admin/Rattan/Bash/Training/Rattan/Final_testing/New_ActivityOverview/Reports/20220214_115757/AmendOrder-Main/20220214_115820/1644831288995.png, /home/intersoft-admin/Rattan/Bash/Training/Rattan/Final_testing/New_ActivityOverview/Reports/20220214_115757/AmendOrder-Main/20220214_115820/1644831293329.png, /home/intersoft-admin/Rattan/Bash/Training/Rattan/Final_testing/New_ActivityOverview/Reports/20220214_115757/AmendOrder-Main/20220214_115820/1644831315712.png, /home/intersoft-admin/Rattan/Bash/Training/Rattan/Final_testing/New_ActivityOverview/Reports/20220214_115757/AmendOrder-Main/20220214_115820/1644831368340.png, /home/intersoft-admin/Rattan/Bash/Training/Rattan/Final_testing/New_ActivityOverview/Reports/20220214_115757/AmendOrder-Main/20220214_115820/1644831393689.png, /home/intersoft-admin/Rattan/Bash/Training/Rattan/Final_testing/New_ActivityOverview/Reports/20220214_115757/AmendOrder-Main/20220214_115820/1644831408437.png, /home/intersoft-admin/Rattan/Bash/Training/Rattan/Final_testing/New_ActivityOverview/Reports/20220214_115757/AmendOrder-Main/20220214_115820/1644831418870.png, /home/intersoft-admin/Rattan/Bash/Training/Rattan/Final_testing/New_ActivityOverview/Reports/20220214_115757/AmendOrder-Main/20220214_115820/1644831450418.png, /home/intersoft-admin/Rattan/Bash/Training/Rattan/Final_testing/New_ActivityOverview/Reports/20220214_115757/AmendOrder-Main/20220214_115820/1644831473717.png, /home/intersoft-admin/Rattan/Bash/Training/Rattan/Final_testing/New_ActivityOverview/Reports/20220214_115757/AmendOrder-Main/20220214_115820/1644831473997.png, /home/intersoft-admin/Rattan/Bash/Training/Rattan/Final_testing/New_ActivityOverview/Reports/20220214_115757/AmendOrder-Main/20220214_115820/1644831497334.png, /home/intersoft-admin/Rattan/Bash/Training/Rattan/Final_testing/New_ActivityOverview/Reports/20220214_115757/AmendOrder-Main/20220214_115820/1644831501645.png, /home/intersoft-admin/Rattan/Bash/Training/Rattan/Final_testing/New_ActivityOverview/Reports/20220214_115757/AmendOrder-Main/20220214_115820/1644831506023.png, /home/intersoft-admin/Rattan/Bash/Training/Rattan/Final_testing/New_ActivityOverview/Reports/20220214_115757/AmendOrder-Main/20220214_115820/1644831510323.png, /home/intersoft-admin/Rattan/Bash/Training/Rattan/Final_testing/New_ActivityOverview/Reports/20220214_115757/AmendOrder-Main/20220214_115820/1644831514599.png, /home/intersoft-admin/Rattan/Bash/Training/Rattan/Final_testing/New_ActivityOverview/Reports/20220214_115757/AmendOrder-Main/20220214_115820/1644831518852.png, /home/intersoft-admin/Rattan/Bash/Training/Rattan/Final_testing/New_ActivityOverview/Reports/20220214_115757/AmendOrder-Main/20220214_115820/1644831541204.png, /home/intersoft-admin/Rattan/Bash/Training/Rattan/Final_testing/New_ActivityOverview/Reports/20220214_115757/AmendOrder-Main/20220214_115820/1644831563509.png, /home/intersoft-admin/Rattan/Bash/Training/Rattan/Final_testing/New_ActivityOverview/Reports/20220214_115757/AmendOrder-Main/20220214_115820/1644831588918.png, /home/intersoft-admin/Rattan/Bash/Training/Rattan/Final_testing/New_ActivityOverview/Reports/20220214_115757/AmendOrder-Main/20220214_115820/1644831596244.png, /home/intersoft-admin/Rattan/Bash/Training/Rattan/Final_testing/New_ActivityOverview/Reports/20220214_115757/AmendOrder-Main/20220214_115820/1644831615806.png, /home/intersoft-admin/Rattan/Bash/Training/Rattan/Final_testing/New_ActivityOverview/Reports/20220214_115757/AmendOrder-Main/20220214_115820/1644831633237.png, /home/intersoft-admin/Rattan/Bash/Training/Rattan/Final_testing/New_ActivityOverview/Reports/20220214_115757/AmendOrder-Main/20220214_115820/1644831669587.png, /home/intersoft-admin/Rattan/Bash/Training/Rattan/Final_testing/New_ActivityOverview/Reports/20220214_115757/AmendOrder-Main/20220214_115820/1644831669860.png, /home/intersoft-admin/Rattan/Bash/Training/Rattan/Final_testing/New_ActivityOverview/Reports/20220214_115757/AmendOrder-Main/20220214_115820/1644831693243.png, /home/intersoft-admin/Rattan/Bash/Training/Rattan/Final_testing/New_ActivityOverview/Reports/20220214_115757/AmendOrder-Main/20220214_115820/1644831697605.png, /home/intersoft-admin/Rattan/Bash/Training/Rattan/Final_testing/New_ActivityOverview/Reports/20220214_115757/AmendOrder-Main/20220214_115820/1644831701998.png, /home/intersoft-admin/Rattan/Bash/Training/Rattan/Final_testing/New_ActivityOverview/Reports/20220214_115757/AmendOrder-Main/20220214_115820/1644831706316.png, /home/intersoft-admin/Rattan/Bash/Training/Rattan/Final_testing/New_ActivityOverview/Reports/20220214_115757/AmendOrder-Main/20220214_115820/1644831710660.png, /home/intersoft-admin/Rattan/Bash/Training/Rattan/Final_testing/New_ActivityOverview/Reports/20220214_115757/AmendOrder-Main/20220214_115820/1644831714932.png, /home/intersoft-admin/Rattan/Bash/Training/Rattan/Final_testing/New_ActivityOverview/Reports/20220214_115757/AmendOrder-Main/20220214_115820/1644831737275.png, /home/intersoft-admin/Rattan/Bash/Training/Rattan/Final_testing/New_ActivityOverview/Reports/20220214_115757/AmendOrder-Main/20220214_115820/1644831759609.png, /home/intersoft-admin/Rattan/Bash/Training/Rattan/Final_testing/New_ActivityOverview/Reports/20220214_115757/AmendOrder-Main/20220214_115820/1644831785002.png, /home/intersoft-admin/Rattan/Bash/Training/Rattan/Final_testing/New_ActivityOverview/Reports/20220214_115757/AmendOrder-Main/20220214_115820/1644831792352.png, /home/intersoft-admin/Rattan/Bash/Training/Rattan/Final_testing/New_ActivityOverview/Reports/20220214_115757/AmendOrder-Main/20220214_115820/1644831811822.png, /home/intersoft-admin/Rattan/Bash/Training/Rattan/Final_testing/New_ActivityOverview/Reports/20220214_115757/AmendOrder-Main/20220214_115820/1644831829390.png, /home/intersoft-admin/Rattan/Bash/Training/Rattan/Final_testing/New_ActivityOverview/Reports/20220214_115757/AmendOrder-Main/20220214_115820/1644831865749.png, /home/intersoft-admin/Rattan/Bash/Training/Rattan/Final_testing/New_ActivityOverview/Reports/20220214_115757/AmendOrder-Main/20220214_115820/1644831866029.png, /home/intersoft-admin/Rattan/Bash/Training/Rattan/Final_testing/New_ActivityOverview/Reports/20220214_115757/AmendOrder-Main/20220214_115820/1644831889424.png, /home/intersoft-admin/Rattan/Bash/Training/Rattan/Final_testing/New_ActivityOverview/Reports/20220214_115757/AmendOrder-Main/20220214_115820/1644831893745.png, /home/intersoft-admin/Rattan/Bash/Training/Rattan/Final_testing/New_ActivityOverview/Reports/20220214_115757/AmendOrder-Main/20220214_115820/1644831898144.png, /home/intersoft-admin/Rattan/Bash/Training/Rattan/Final_testing/New_ActivityOverview/Reports/20220214_115757/AmendOrder-Main/20220214_115820/1644831902472.png, /home/intersoft-admin/Rattan/Bash/Training/Rattan/Final_testing/New_ActivityOverview/Reports/20220214_115757/AmendOrder-Main/20220214_115820/1644831906827.png, /home/intersoft-admin/Rattan/Bash/Training/Rattan/Final_testing/New_ActivityOverview/Reports/20220214_115757/AmendOrder-Main/20220214_115820/1644831911099.png, /home/intersoft-admin/Rattan/Bash/Training/Rattan/Final_testing/New_ActivityOverview/Reports/20220214_115757/AmendOrder-Main/20220214_115820/1644831933449.png, /home/intersoft-admin/Rattan/Bash/Training/Rattan/Final_testing/New_ActivityOverview/Reports/20220214_115757/AmendOrder-Main/20220214_115820/1644831986150.png"/>
         <property name="hostName" value="intersoft-admin - intersoftadmin-desktop"/>
         <property name="os" value="Linux 64bit"/>
         <property name="katalonVersion" value="8.2.5.208"/>
         <property name="browser" value="Chrome 97.0.4692.99"/>
         <property name="hostAddress" value="127.0.1.1"/>
         <property name="sessionId" value="7ed18ceabfed22c8e26d0526e2e414a6"/>
         <property name="seleniumVersion" value="3.141.59"/>
         <property name="proxyInformation" value="ProxyInformation { proxyOption=NO_PROXY, proxyServerType=HTTP, username=, password=********, proxyServerAddress=, proxyServerPort=0, executionList=&quot;&quot;, isApplyToDesiredCapabilities=true }"/>
         <property name="platform" value="Linux"/>
      </properties>
      <testcase name="Test Cases/NewActivityOverview-LeftNavigation/ActivityOverview-AmendOrder-GetOrderIDAndAmend" time="617.843" classname="Test Cases/NewActivityOverview-LeftNavigation/ActivityOverview-AmendOrder-GetOrderIDAndAmend" status="FAILED">
         <failure type="FAILED" message="Test Cases/NewActivityOverview-LeftNavigation/ActivityOverview-AmendOrder-GetOrderIDAndAmend FAILED.
Reason:
com.kms.katalon.core.exception.StepFailedException: Unable to click on object 'Object Repository/AmendOrder/OtherDropdownInAmend-Select'
	at com.kms.katalon.core.webui.keyword.internal.WebUIKeywordMain.stepFailed(WebUIKeywordMain.groovy:64)
	at com.kms.katalon.core.webui.keyword.internal.WebUIKeywordMain.runKeyword(WebUIKeywordMain.groovy:26)
	at com.kms.katalon.core.webui.keyword.builtin.ClickKeyword.click(ClickKeyword.groovy:74)
	at com.kms.katalon.core.webui.keyword.builtin.ClickKeyword.execute(ClickKeyword.groovy:40)
	at com.kms.katalon.core.keyword.internal.KeywordExecutor.executeKeywordForPlatform(KeywordExecutor.groovy:74)
	at com.kms.katalon.core.webui.keyword.WebUiBuiltInKeywords.click(WebUiBuiltInKeywords.groovy:620)
	at com.kms.katalon.core.webui.keyword.WebUiBuiltInKeywords$click$2.call(Unknown Source)
	at ActivityOverview-AmendOrder-GetOrderIDAndAmend.run(ActivityOverview-AmendOrder-GetOrderIDAndAmend:197)
	at com.kms.katalon.core.main.ScriptEngine.run(ScriptEngine.java:194)
	at com.kms.katalon.core.main.ScriptEngine.runScriptAsRawText(ScriptEngine.java:119)
	at com.kms.katalon.core.main.TestCaseExecutor.runScript(TestCaseExecutor.java:442)
	at com.kms.katalon.core.main.TestCaseExecutor.doExecute(TestCaseExecutor.java:433)
	at com.kms.katalon.core.main.TestCaseExecutor.processExecutionPhase(TestCaseExecutor.java:412)
	at com.kms.katalon.core.main.TestCaseExecutor.accessMainPhase(TestCaseExecutor.java:404)
	at com.kms.katalon.core.main.TestCaseExecutor.execute(TestCaseExecutor.java:281)
	at com.kms.katalon.core.main.TestCaseExecutor.execute(TestCaseExecutor.java:363)
	at com.kms.katalon.core.main.TestCaseExecutor.execute(TestCaseExecutor.java:363)
	at com.kms.katalon.core.main.TestCaseExecutor.execute(TestCaseExecutor.java:363)
	at com.kms.katalon.core.main.TestSuiteExecutor.accessTestCaseMainPhase(TestSuiteExecutor.java:202)
	at com.kms.katalon.core.main.TestSuiteExecutor.accessTestSuiteMainPhase(TestSuiteExecutor.java:164)
	at com.kms.katalon.core.main.TestSuiteExecutor.execute(TestSuiteExecutor.java:105)
	at com.kms.katalon.core.main.TestCaseMain.startTestSuite(TestCaseMain.java:185)
	at com.kms.katalon.core.main.TestCaseMain$startTestSuite$0.call(Unknown Source)
	at TempTestSuite1644820100543.run(TempTestSuite1644820100543.groovy:36)
Caused by: org.openqa.selenium.ElementClickInterceptedException: element click intercepted: Element &lt;input class=&quot;select-dropdown dropdown-trigger&quot; type=&quot;text&quot; readonly=&quot;true&quot; data-target=&quot;select-options-d514ac6a-03e2-7921-ee3f-ecf3cf1bf37f&quot;> is not clickable at point (681, 414). Other element would receive the click: &lt;li id=&quot;select-options-f2850af9-633b-0f38-5194-7926e1d1e7062&quot; tabindex=&quot;0&quot; class=&quot;selected&quot;>...&lt;/li>
  (Session info: chrome=97.0.4692.99)
Build info: version: '3.141.59', revision: 'e82be7d358', time: '2018-11-14T08:25:53'
System info: host: 'intersoftadmin-desktop', ip: '127.0.1.1', os.name: 'Linux', os.arch: 'amd64', os.version: '5.4.0-99-generic', java.version: '1.8.0_312'
Driver info: com.kms.katalon.selenium.driver.CChromeDriver
Capabilities {acceptInsecureCerts: false, browserName: chrome, browserVersion: 97.0.4692.99, chrome: {chromedriverVersion: 97.0.4692.36 (747e0a0f19c13..., userDataDir: /tmp/.com.google.Chrome.PdatX6}, goog:chromeOptions: {debuggerAddress: localhost:32879}, javascriptEnabled: true, networkConnectionEnabled: false, pageLoadStrategy: normal, platform: LINUX, platformName: LINUX, proxy: Proxy(), setWindowRect: true, strictFileInteractability: false, timeouts: {implicit: 0, pageLoad: 300000, script: 30000}, unhandledPromptBehavior: dismiss and notify, webauthn:extension:credBlob: true, webauthn:extension:largeBlob: true, webauthn:virtualAuthenticators: true}
Session ID: 7ed18ceabfed22c8e26d0526e2e414a6
	at org.openqa.selenium.remote.http.W3CHttpResponseCodec.createException(W3CHttpResponseCodec.java:187)
	at org.openqa.selenium.remote.http.W3CHttpResponseCodec.decode(W3CHttpResponseCodec.java:122)
	at org.openqa.selenium.remote.http.W3CHttpResponseCodec.decode(W3CHttpResponseCodec.java:49)
	at org.openqa.selenium.remote.HttpCommandExecutor.execute(HttpCommandExecutor.java:158)
	at org.openqa.selenium.remote.service.DriverCommandExecutor.execute(DriverCommandExecutor.java:83)
	at org.openqa.selenium.remote.RemoteWebDriver.execute(RemoteWebDriver.java:552)
	at com.kms.katalon.selenium.driver.CChromeDriver.execute(CChromeDriver.java:19)
	at org.openqa.selenium.remote.RemoteWebElement.execute(RemoteWebElement.java:285)
	at org.openqa.selenium.remote.RemoteWebElement.click(RemoteWebElement.java:84)
	at org.openqa.selenium.support.events.EventFiringWebDriver$EventFiringWebElement.lambda$new$0(EventFiringWebDriver.java:404)
	at com.sun.proxy.$Proxy11.click(Unknown Source)
	at org.openqa.selenium.support.events.EventFiringWebDriver$EventFiringWebElement.click(EventFiringWebDriver.java:417)
	at org.openqa.selenium.WebElement$click.call(Unknown Source)
	at com.kms.katalon.core.webui.keyword.builtin.ClickKeyword.clickUntilSuccessWithTimeout(ClickKeyword.groovy:81)
	at com.kms.katalon.core.webui.keyword.builtin.ClickKeyword.clickUntilSuccessWithTimeout(ClickKeyword.groovy)
	at com.kms.katalon.core.webui.keyword.builtin.ClickKeyword$_click_closure1.doCall(ClickKeyword.groovy:67)
	at com.kms.katalon.core.webui.keyword.builtin.ClickKeyword$_click_closure1.call(ClickKeyword.groovy)
	at com.kms.katalon.core.webui.keyword.internal.WebUIKeywordMain.runKeyword(WebUIKeywordMain.groovy:20)
	... 22 more
"/>
         <system-out><![CDATA[2022-02-14 15:06:08 - [TEST_CASE][FAILED] - Test Cases/NewActivityOverview-LeftNavigation/ActivityOverview-AmendOrder-GetOrderIDAndAmend: Test Cases/NewActivityOverview-LeftNavigation/ActivityOverview-AmendOrder-GetOrderIDAndAmend FAILED.
Reason:
com.kms.katalon.core.exception.StepFailedException: Unable to click on object 'Object Repository/AmendOrder/OtherDropdownInAmend-Select'
	at com.kms.katalon.core.webui.keyword.internal.WebUIKeywordMain.stepFailed(WebUIKeywordMain.groovy:64)
	at com.kms.katalon.core.webui.keyword.internal.WebUIKeywordMain.runKeyword(WebUIKeywordMain.groovy:26)
	at com.kms.katalon.core.webui.keyword.builtin.ClickKeyword.click(ClickKeyword.groovy:74)
	at com.kms.katalon.core.webui.keyword.builtin.ClickKeyword.execute(ClickKeyword.groovy:40)
	at com.kms.katalon.core.keyword.internal.KeywordExecutor.executeKeywordForPlatform(KeywordExecutor.groovy:74)
	at com.kms.katalon.core.webui.keyword.WebUiBuiltInKeywords.click(WebUiBuiltInKeywords.groovy:620)
	at com.kms.katalon.core.webui.keyword.WebUiBuiltInKeywords$click$2.call(Unknown Source)
	at ActivityOverview-AmendOrder-GetOrderIDAndAmend.run(ActivityOverview-AmendOrder-GetOrderIDAndAmend:197)
	at com.kms.katalon.core.main.ScriptEngine.run(ScriptEngine.java:194)
	at com.kms.katalon.core.main.ScriptEngine.runScriptAsRawText(ScriptEngine.java:119)
	at com.kms.katalon.core.main.TestCaseExecutor.runScript(TestCaseExecutor.java:442)
	at com.kms.katalon.core.main.TestCaseExecutor.doExecute(TestCaseExecutor.java:433)
	at com.kms.katalon.core.main.TestCaseExecutor.processExecutionPhase(TestCaseExecutor.java:412)
	at com.kms.katalon.core.main.TestCaseExecutor.accessMainPhase(TestCaseExecutor.java:404)
	at com.kms.katalon.core.main.TestCaseExecutor.execute(TestCaseExecutor.java:281)
	at com.kms.katalon.core.main.TestCaseExecutor.execute(TestCaseExecutor.java:363)
	at com.kms.katalon.core.main.TestCaseExecutor.execute(TestCaseExecutor.java:363)
	at com.kms.katalon.core.main.TestCaseExecutor.execute(TestCaseExecutor.java:363)
	at com.kms.katalon.core.main.TestSuiteExecutor.accessTestCaseMainPhase(TestSuiteExecutor.java:202)
	at com.kms.katalon.core.main.TestSuiteExecutor.accessTestSuiteMainPhase(TestSuiteExecutor.java:164)
	at com.kms.katalon.core.main.TestSuiteExecutor.execute(TestSuiteExecutor.java:105)
	at com.kms.katalon.core.main.TestCaseMain.startTestSuite(TestCaseMain.java:185)
	at com.kms.katalon.core.main.TestCaseMain$startTestSuite$0.call(Unknown Source)
	at TempTestSuite1644820100543.run(TempTestSuite1644820100543.groovy:36)
Caused by: org.openqa.selenium.ElementClickInterceptedException: element click intercepted: Element <input class="select-dropdown dropdown-trigger" type="text" readonly="true" data-target="select-options-d514ac6a-03e2-7921-ee3f-ecf3cf1bf37f"> is not clickable at point (681, 414). Other element would receive the click: <li id="select-options-f2850af9-633b-0f38-5194-7926e1d1e7062" tabindex="0" class="selected">...</li>
  (Session info: chrome=97.0.4692.99)
Build info: version: '3.141.59', revision: 'e82be7d358', time: '2018-11-14T08:25:53'
System info: host: 'intersoftadmin-desktop', ip: '127.0.1.1', os.name: 'Linux', os.arch: 'amd64', os.version: '5.4.0-99-generic', java.version: '1.8.0_312'
Driver info: com.kms.katalon.selenium.driver.CChromeDriver
Capabilities {acceptInsecureCerts: false, browserName: chrome, browserVersion: 97.0.4692.99, chrome: {chromedriverVersion: 97.0.4692.36 (747e0a0f19c13..., userDataDir: /tmp/.com.google.Chrome.PdatX6}, goog:chromeOptions: {debuggerAddress: localhost:32879}, javascriptEnabled: true, networkConnectionEnabled: false, pageLoadStrategy: normal, platform: LINUX, platformName: LINUX, proxy: Proxy(), setWindowRect: true, strictFileInteractability: false, timeouts: {implicit: 0, pageLoad: 300000, script: 30000}, unhandledPromptBehavior: dismiss and notify, webauthn:extension:credBlob: true, webauthn:extension:largeBlob: true, webauthn:virtualAuthenticators: true}
Session ID: 7ed18ceabfed22c8e26d0526e2e414a6
	at org.openqa.selenium.remote.http.W3CHttpResponseCodec.createException(W3CHttpResponseCodec.java:187)
	at org.openqa.selenium.remote.http.W3CHttpResponseCodec.decode(W3CHttpResponseCodec.java:122)
	at org.openqa.selenium.remote.http.W3CHttpResponseCodec.decode(W3CHttpResponseCodec.java:49)
	at org.openqa.selenium.remote.HttpCommandExecutor.execute(HttpCommandExecutor.java:158)
	at org.openqa.selenium.remote.service.DriverCommandExecutor.execute(DriverCommandExecutor.java:83)
	at org.openqa.selenium.remote.RemoteWebDriver.execute(RemoteWebDriver.java:552)
	at com.kms.katalon.selenium.driver.CChromeDriver.execute(CChromeDriver.java:19)
	at org.openqa.selenium.remote.RemoteWebElement.execute(RemoteWebElement.java:285)
	at org.openqa.selenium.remote.RemoteWebElement.click(RemoteWebElement.java:84)
	at org.openqa.selenium.support.events.EventFiringWebDriver$EventFiringWebElement.lambda$new$0(EventFiringWebDriver.java:404)
	at com.sun.proxy.$Proxy11.click(Unknown Source)
	at org.openqa.selenium.support.events.EventFiringWebDriver$EventFiringWebElement.click(EventFiringWebDriver.java:417)
	at org.openqa.selenium.WebElement$click.call(Unknown Source)
	at com.kms.katalon.core.webui.keyword.builtin.ClickKeyword.clickUntilSuccessWithTimeout(ClickKeyword.groovy:81)
	at com.kms.katalon.core.webui.keyword.builtin.ClickKeyword.clickUntilSuccessWithTimeout(ClickKeyword.groovy)
	at com.kms.katalon.core.webui.keyword.builtin.ClickKeyword$_click_closure1.doCall(ClickKeyword.groovy:67)
	at com.kms.katalon.core.webui.keyword.builtin.ClickKeyword$_click_closure1.call(ClickKeyword.groovy)
	at com.kms.katalon.core.webui.keyword.internal.WebUIKeywordMain.runKeyword(WebUIKeywordMain.groovy:20)
	... 22 more


2022-02-14 15:06:08 - [TEST_STEP][PASSED] - callTestCase(findTestCase("LoginWithSuperAdmin/SuperAdmin-Login"), [:], STOP_ON_FAILURE): Call Test Case 'Test Cases/LoginWithSuperAdmin/SuperAdmin-Login' successfully

2022-02-14 15:06:08 - [TEST_CASE][PASSED] - Test Cases/LoginWithSuperAdmin/SuperAdmin-Login: Test Cases/LoginWithSuperAdmin/SuperAdmin-Login

2022-02-14 15:06:08 - [TEST_STEP][PASSED] - openBrowser(""): Browser is opened with url: ''

2022-02-14 15:06:08 - [MESSAGE][WARNING] - A browser is already opened. Closing browser and opening a new one

2022-02-14 15:06:08 - [MESSAGE][INFO] - Starting 'Chrome' driver

2022-02-14 15:06:08 - [MESSAGE][INFO] - Action delay is set to 3,000 milliseconds

2022-02-14 15:06:09 - [MESSAGE][PASSED] - Browser is opened with url: ''

2022-02-14 15:06:09 - [TEST_STEP][PASSED] - setViewPortSize(1920, 1080): Viewport is set to new size with width = 1920 and height = 1080

2022-02-14 15:06:09 - [MESSAGE][PASSED] - Viewport is set to new size with width = 1920 and height = 1080

2022-02-14 15:06:09 - [TEST_STEP][PASSED] - navigateToUrl(URL): Navigate to 'https://marketplacev1.test-prio.com' successfully

2022-02-14 15:06:14 - [MESSAGE][PASSED] - Navigate to 'https://marketplacev1.test-prio.com' successfully

2022-02-14 15:06:14 - [TEST_STEP][PASSED] - delay(3): Delayed 3 second(s)

2022-02-14 15:06:17 - [MESSAGE][PASSED] - Delayed 3 second(s)

2022-02-14 15:06:17 - [TEST_STEP][PASSED] - click(findTestObject("SuperAdmin/Login/input_Email_contact_email")): Object: 'Object Repository/SuperAdmin/Login/input_Email_contact_email' is clicked on

2022-02-14 15:06:20 - [MESSAGE][PASSED] - Object: 'Object Repository/SuperAdmin/Login/input_Email_contact_email' is clicked on

2022-02-14 15:06:20 - [TEST_STEP][PASSED] - setText(findTestObject("SuperAdmin/Login/input_Email_contact_email"), uname): Text 'superadmin@tippoint.com' is set on object 'Object Repository/SuperAdmin/Login/input_Email_contact_email'

2022-02-14 15:06:27 - [MESSAGE][PASSED] - Text 'superadmin@tippoint.com' is set on object 'Object Repository/SuperAdmin/Login/input_Email_contact_email'

2022-02-14 15:06:27 - [TEST_STEP][PASSED] - setEncryptedText(findTestObject("SuperAdmin/Login/input_Password_password"), Password): Text ****** has been set on object 'Object Repository/SuperAdmin/Login/input_Password_password'

2022-02-14 15:06:33 - [MESSAGE][PASSED] - Text ****** has been set on object 'Object Repository/SuperAdmin/Login/input_Password_password'

2022-02-14 15:06:33 - [TEST_STEP][PASSED] - takeScreenshot(): Taking screenshot successfully

2022-02-14 15:06:33 - [MESSAGE][PASSED] - Taking screenshot successfully
[[ATTACHMENT|/home/intersoft-admin/Rattan/Bash/Training/Rattan/Final_testing/New_ActivityOverview/Reports/20220214_115757/AmendOrder-Main/20220214_115820/1644831393689.png]]

2022-02-14 15:06:33 - [TEST_STEP][PASSED] - newpackage.clickUsingJS.clickUsingJS(findTestObject("SuperAdmin/Login/button_Sign in"), 5): newpackage.clickUsingJS.clickUsingJS is PASSED

2022-02-14 15:06:34 - [MESSAGE][PASSED] - newpackage.clickUsingJS.clickUsingJS is PASSED

2022-02-14 15:06:34 - [MESSAGE][PASSED] - Call Test Case 'Test Cases/LoginWithSuperAdmin/SuperAdmin-Login' successfully

2022-02-14 15:06:34 - [TEST_STEP][PASSED] - switchToDefaultContent(): null

2022-02-14 15:06:34 - [TEST_STEP][PASSED] - click(findTestObject("SuperAdminLeftNavigation/NewActivityOverview-LeftNavigation")): Object: 'Object Repository/SuperAdminLeftNavigation/NewActivityOverview-LeftNavigation' is clicked on

2022-02-14 15:06:47 - [MESSAGE][PASSED] - Object: 'Object Repository/SuperAdminLeftNavigation/NewActivityOverview-LeftNavigation' is clicked on

2022-02-14 15:06:47 - [TEST_STEP][PASSED] - takeScreenshot(): Taking screenshot successfully

2022-02-14 15:06:48 - [MESSAGE][PASSED] - Taking screenshot successfully
[[ATTACHMENT|/home/intersoft-admin/Rattan/Bash/Training/Rattan/Final_testing/New_ActivityOverview/Reports/20220214_115757/AmendOrder-Main/20220214_115820/1644831408437.png]]

2022-02-14 15:06:48 - [TEST_STEP][PASSED] - switchToFrame(findTestObject("Object Repository/Iframe/NewActivityOverviewIframe"), 5): null

2022-02-14 15:06:48 - [TEST_STEP][PASSED] - delay(10): Delayed 10 second(s)

2022-02-14 15:06:58 - [MESSAGE][PASSED] - Delayed 10 second(s)

2022-02-14 15:06:58 - [TEST_STEP][PASSED] - takeScreenshot(): Taking screenshot successfully

2022-02-14 15:06:59 - [MESSAGE][PASSED] - Taking screenshot successfully
[[ATTACHMENT|/home/intersoft-admin/Rattan/Bash/Training/Rattan/Final_testing/New_ActivityOverview/Reports/20220214_115757/AmendOrder-Main/20220214_115820/1644831418870.png]]

2022-02-14 15:06:59 - [TEST_STEP][PASSED] - sizeoflisting = findWebElements(findTestObject("ListingArea/ListingContainsData"), 5).size(): null

2022-02-14 15:06:59 - [TEST_STEP][PASSED] - println(sizeoflisting): null

2022-02-14 15:06:59 - [TEST_STEP][PASSED] - logInfo(Size of Order Listing: $sizeoflisting): Size of Order Listing: 11

2022-02-14 15:06:59 - [MESSAGE][INFO] - Size of Order Listing: 11

2022-02-14 15:06:59 - [TEST_STEP][PASSED] - if (sizeoflisting > 2): null

2022-02-14 15:06:59 - [TEST_STEP][PASSED] - logInfo("Orders Exist in Listing"): Orders Exist in Listing

2022-02-14 15:06:59 - [MESSAGE][INFO] - Orders Exist in Listing

2022-02-14 15:06:59 - [TEST_STEP][PASSED] - click(findTestObject("Object Repository/OrderPerPage/OrderPerPage_select")): Object: 'Object Repository/OrderPerPage/OrderPerPage_select' is clicked on

2022-02-14 15:07:02 - [MESSAGE][PASSED] - Object: 'Object Repository/OrderPerPage/OrderPerPage_select' is clicked on

2022-02-14 15:07:02 - [TEST_STEP][PASSED] - delay(5): Delayed 5 second(s)

2022-02-14 15:07:07 - [MESSAGE][PASSED] - Delayed 5 second(s)

2022-02-14 15:07:07 - [TEST_STEP][PASSED] - click(findTestObject("Object Repository/OrderPerPage/OrderPerPage-SelectOption")): Object: 'Object Repository/OrderPerPage/OrderPerPage-SelectOption' is clicked on

2022-02-14 15:07:10 - [MESSAGE][PASSED] - Object: 'Object Repository/OrderPerPage/OrderPerPage-SelectOption' is clicked on

2022-02-14 15:07:10 - [TEST_STEP][PASSED] - delay(20): Delayed 20 second(s)

2022-02-14 15:07:30 - [MESSAGE][PASSED] - Delayed 20 second(s)

2022-02-14 15:07:30 - [TEST_STEP][PASSED] - takeScreenshot(): Taking screenshot successfully

2022-02-14 15:07:30 - [MESSAGE][PASSED] - Taking screenshot successfully
[[ATTACHMENT|/home/intersoft-admin/Rattan/Bash/Training/Rattan/Final_testing/New_ActivityOverview/Reports/20220214_115757/AmendOrder-Main/20220214_115820/1644831450418.png]]

2022-02-14 15:07:30 - [TEST_STEP][PASSED] - SizeofPagination = getText(findTestObject("Object Repository/PaginationCOunt/PaginationCount")): Text of object 'Object Repository/PaginationCOunt/PaginationCount' is: '100'

2022-02-14 15:07:30 - [MESSAGE][PASSED] - Text of object 'Object Repository/PaginationCOunt/PaginationCount' is: '100'

2022-02-14 15:07:30 - [TEST_STEP][PASSED] - println(SizeofPagination): null

2022-02-14 15:07:30 - [TEST_STEP][PASSED] - paginationmaxcount = Integer.parseInt(SizeofPagination): null

2022-02-14 15:07:30 - [TEST_STEP][PASSED] - paginationmaxcount = pagination: null

2022-02-14 15:07:30 - [TEST_STEP][PASSED] - logInfo(Size of Pagination: $paginationmaxcount): Size of Pagination: 5

2022-02-14 15:07:30 - [MESSAGE][INFO] - Size of Pagination: 5

2022-02-14 15:07:30 - [TEST_STEP][PASSED] - totalrecords = 0: null

2022-02-14 15:07:30 - [TEST_STEP][PASSED] - for ([l = 1, l <= paginationmaxcount, (l++)]): null

2022-02-14 15:07:30 - [TEST_STEP][PASSED] - if (l <= 5): null

2022-02-14 15:07:30 - [TEST_STEP][PASSED] - paginationvalue = l: null

2022-02-14 15:07:30 - [TEST_STEP][PASSED] - if (l > 5): null

2022-02-14 15:07:30 - [TEST_STEP][PASSED] - logInfo(Size of Pagination: $paginationvalue): Size of Pagination: 1

2022-02-14 15:07:30 - [MESSAGE][INFO] - Size of Pagination: 1

2022-02-14 15:07:30 - [TEST_STEP][PASSED] - click(findTestObject("Object Repository/PaginationCOunt/ClickOnPagination", ["pagination":paginationvalue])): Object: 'Object Repository/PaginationCOunt/ClickOnPagination' is clicked on

2022-02-14 15:07:33 - [MESSAGE][PASSED] - Object: 'Object Repository/PaginationCOunt/ClickOnPagination' is clicked on

2022-02-14 15:07:33 - [TEST_STEP][PASSED] - delay(20): Delayed 20 second(s)

2022-02-14 15:07:53 - [MESSAGE][PASSED] - Delayed 20 second(s)

2022-02-14 15:07:53 - [TEST_STEP][PASSED] - takeScreenshot(): Taking screenshot successfully

2022-02-14 15:07:53 - [MESSAGE][PASSED] - Taking screenshot successfully
[[ATTACHMENT|/home/intersoft-admin/Rattan/Bash/Training/Rattan/Final_testing/New_ActivityOverview/Reports/20220214_115757/AmendOrder-Main/20220214_115820/1644831473717.png]]

2022-02-14 15:07:53 - [TEST_STEP][PASSED] - SizeofActiveBookings = findWebElements(findTestObject("Object Repository/CancelAndRefund/OrderListWithoutRefundedStatus"), 5).size(): null

2022-02-14 15:07:53 - [TEST_STEP][PASSED] - logInfo(Size of Active Bookings: $SizeofActiveBookings): Size of Active Bookings: 81

2022-02-14 15:07:53 - [MESSAGE][INFO] - Size of Active Bookings: 81

2022-02-14 15:07:53 - [TEST_STEP][PASSED] - for ([refund = 1, refund < SizeofActiveBookings, (refund++)]): null

2022-02-14 15:07:53 - [TEST_STEP][PASSED] - if (refund == 1): null

2022-02-14 15:07:53 - [TEST_STEP][PASSED] - refund = SizeofActiveBookings: null

2022-02-14 15:07:53 - [TEST_STEP][PASSED] - refundvalue = refund: null

2022-02-14 15:07:53 - [TEST_STEP][PASSED] - logInfo(Size of refund booking: $refund): Size of refund booking: 81

2022-02-14 15:07:53 - [MESSAGE][INFO] - Size of refund booking: 81

2022-02-14 15:07:53 - [TEST_STEP][PASSED] - scrollToElement(findTestObject("Object Repository/CancelAndRefund/OrderListWithoutRefundedStatus - Click", ["position":refund]), 15): Scroll to object 'Object Repository/CancelAndRefund/OrderListWithoutRefundedStatus - Click' successfully

2022-02-14 15:07:53 - [MESSAGE][PASSED] - Scroll to object 'Object Repository/CancelAndRefund/OrderListWithoutRefundedStatus - Click' successfully

2022-02-14 15:07:53 - [TEST_STEP][PASSED] - takeScreenshot(): Taking screenshot successfully

2022-02-14 15:07:54 - [MESSAGE][PASSED] - Taking screenshot successfully
[[ATTACHMENT|/home/intersoft-admin/Rattan/Bash/Training/Rattan/Final_testing/New_ActivityOverview/Reports/20220214_115757/AmendOrder-Main/20220214_115820/1644831473997.png]]

2022-02-14 15:07:54 - [TEST_STEP][PASSED] - orderId = findWebElement(findTestObject("Object Repository/GetOrderID/GetOrderID", ["position":refund])).getAttribute("data-order_id"): null

2022-02-14 15:07:54 - [TEST_STEP][PASSED] - orderId = orderId: null

2022-02-14 15:07:54 - [TEST_STEP][PASSED] - logInfo(Order ID: $orderId): Order ID: 164464235764657

2022-02-14 15:07:54 - [MESSAGE][INFO] - Order ID: 164464235764657

2022-02-14 15:07:54 - [TEST_STEP][PASSED] - click(findTestObject("Object Repository/GetOrderID/GetOrderID", ["position":refund])): Object: 'Object Repository/GetOrderID/GetOrderID' is clicked on

2022-02-14 15:07:57 - [MESSAGE][PASSED] - Object: 'Object Repository/GetOrderID/GetOrderID' is clicked on

2022-02-14 15:07:57 - [TEST_STEP][PASSED] - delay(20): Delayed 20 second(s)

2022-02-14 15:08:17 - [MESSAGE][PASSED] - Delayed 20 second(s)

2022-02-14 15:08:17 - [TEST_STEP][PASSED] - takeScreenshot(): Taking screenshot successfully

2022-02-14 15:08:17 - [MESSAGE][PASSED] - Taking screenshot successfully
[[ATTACHMENT|/home/intersoft-admin/Rattan/Bash/Training/Rattan/Final_testing/New_ActivityOverview/Reports/20220214_115757/AmendOrder-Main/20220214_115820/1644831497334.png]]

2022-02-14 15:08:17 - [TEST_STEP][PASSED] - if (waitForElementVisible(findTestObject("Object Repository/DetailPop-up/MoreActions/MoreOptionSelect"), 15) == true): null

2022-02-14 15:08:17 - [MESSAGE][PASSED] - Object 'Object Repository/DetailPop-up/MoreActions/MoreOptionSelect' is visible

2022-02-14 15:08:17 - [TEST_STEP][PASSED] - click(findTestObject("Object Repository/DetailPop-up/MoreActions/MoreOptionSelect")): Object: 'Object Repository/DetailPop-up/MoreActions/MoreOptionSelect' is clicked on

2022-02-14 15:08:20 - [MESSAGE][PASSED] - Object: 'Object Repository/DetailPop-up/MoreActions/MoreOptionSelect' is clicked on

2022-02-14 15:08:20 - [TEST_STEP][PASSED] - delay(1): Delayed 1 second(s)

2022-02-14 15:08:21 - [MESSAGE][PASSED] - Delayed 1 second(s)

2022-02-14 15:08:21 - [TEST_STEP][PASSED] - takeScreenshot(): Taking screenshot successfully

2022-02-14 15:08:21 - [MESSAGE][PASSED] - Taking screenshot successfully
[[ATTACHMENT|/home/intersoft-admin/Rattan/Bash/Training/Rattan/Final_testing/New_ActivityOverview/Reports/20220214_115757/AmendOrder-Main/20220214_115820/1644831501645.png]]

2022-02-14 15:08:21 - [TEST_STEP][PASSED] - if (waitForElementClickable(findTestObject("Object Repository/DetailPop-up/MoreActions/MoreAction-SelectOptions", ["action":"Amend order"]), 15) == true): null

2022-02-14 15:08:21 - [MESSAGE][PASSED] - Object 'Object Repository/DetailPop-up/MoreActions/MoreAction-SelectOptions' is clickable

2022-02-14 15:08:21 - [TEST_STEP][PASSED] - click(findTestObject("Object Repository/DetailPop-up/MoreActions/MoreAction-SelectOptions", ["action":"Amend order"])): Object: 'Object Repository/DetailPop-up/MoreActions/MoreAction-SelectOptions' is clicked on

2022-02-14 15:08:25 - [MESSAGE][PASSED] - Object: 'Object Repository/DetailPop-up/MoreActions/MoreAction-SelectOptions' is clicked on

2022-02-14 15:08:25 - [TEST_STEP][PASSED] - delay(1): Delayed 1 second(s)

2022-02-14 15:08:26 - [MESSAGE][PASSED] - Delayed 1 second(s)

2022-02-14 15:08:26 - [TEST_STEP][PASSED] - takeScreenshot(): Taking screenshot successfully

2022-02-14 15:08:26 - [MESSAGE][PASSED] - Taking screenshot successfully
[[ATTACHMENT|/home/intersoft-admin/Rattan/Bash/Training/Rattan/Final_testing/New_ActivityOverview/Reports/20220214_115757/AmendOrder-Main/20220214_115820/1644831506023.png]]

2022-02-14 15:08:26 - [TEST_STEP][PASSED] - click(findTestObject("Object Repository/AmendOrder/AccountSelect")): Object: 'Object Repository/AmendOrder/AccountSelect' is clicked on

2022-02-14 15:08:29 - [MESSAGE][PASSED] - Object: 'Object Repository/AmendOrder/AccountSelect' is clicked on

2022-02-14 15:08:29 - [TEST_STEP][PASSED] - delay(1): Delayed 1 second(s)

2022-02-14 15:08:30 - [MESSAGE][PASSED] - Delayed 1 second(s)

2022-02-14 15:08:30 - [TEST_STEP][PASSED] - takeScreenshot(): Taking screenshot successfully

2022-02-14 15:08:30 - [MESSAGE][PASSED] - Taking screenshot successfully
[[ATTACHMENT|/home/intersoft-admin/Rattan/Bash/Training/Rattan/Final_testing/New_ActivityOverview/Reports/20220214_115757/AmendOrder-Main/20220214_115820/1644831510323.png]]

2022-02-14 15:08:30 - [TEST_STEP][PASSED] - click(findTestObject("Object Repository/AmendOrder/AccountSelect-Options")): Object: 'Object Repository/AmendOrder/AccountSelect-Options' is clicked on

2022-02-14 15:08:33 - [MESSAGE][PASSED] - Object: 'Object Repository/AmendOrder/AccountSelect-Options' is clicked on

2022-02-14 15:08:33 - [TEST_STEP][PASSED] - delay(1): Delayed 1 second(s)

2022-02-14 15:08:34 - [MESSAGE][PASSED] - Delayed 1 second(s)

2022-02-14 15:08:34 - [TEST_STEP][PASSED] - takeScreenshot(): Taking screenshot successfully

2022-02-14 15:08:34 - [MESSAGE][PASSED] - Taking screenshot successfully
[[ATTACHMENT|/home/intersoft-admin/Rattan/Bash/Training/Rattan/Final_testing/New_ActivityOverview/Reports/20220214_115757/AmendOrder-Main/20220214_115820/1644831514599.png]]

2022-02-14 15:08:34 - [TEST_STEP][PASSED] - click(findTestObject("Object Repository/AmendOrder/OtherDropdownInAmend-Select", ["Position":"1"])): Object: 'Object Repository/AmendOrder/OtherDropdownInAmend-Select' is clicked on

2022-02-14 15:08:37 - [MESSAGE][PASSED] - Object: 'Object Repository/AmendOrder/OtherDropdownInAmend-Select' is clicked on

2022-02-14 15:08:37 - [TEST_STEP][PASSED] - delay(1): Delayed 1 second(s)

2022-02-14 15:08:38 - [MESSAGE][PASSED] - Delayed 1 second(s)

2022-02-14 15:08:38 - [TEST_STEP][PASSED] - takeScreenshot(): Taking screenshot successfully

2022-02-14 15:08:38 - [MESSAGE][PASSED] - Taking screenshot successfully
[[ATTACHMENT|/home/intersoft-admin/Rattan/Bash/Training/Rattan/Final_testing/New_ActivityOverview/Reports/20220214_115757/AmendOrder-Main/20220214_115820/1644831518852.png]]

2022-02-14 15:08:38 - [TEST_STEP][PASSED] - if (waitForElementClickable(findTestObject("Object Repository/AmendOrder/OtherDropdownInAmend-SelectOption", ["Position":"1"]), 15) == true): Web element with id: 'Object Repository/AmendOrder/OtherDropdownInAmend-SelectOption' located by '((//label[contains(text(),'Partner')]//following::div//input[@class='select-dropdown dropdown-trigger'])[${position}]//following-sibling::ul//li)[last()]' not found

2022-02-14 15:08:55 - [MESSAGE][INFO] - Unable to find the element located by 'By.xpath: ((//label[contains(text(),'Partner')]//following::div//input[@class='select-dropdown dropdown-trigger'])[${position}]//following-sibling::ul//li)[last()]'. Please recheck the objects properties to make sure the desired element is located. 

2022-02-14 15:08:55 - [MESSAGE][WARNING] - [SELF-HEALING] Failed to find element with id 'Object Repository/AmendOrder/OtherDropdownInAmend-SelectOption'. Try using Self-healing.

2022-02-14 15:08:56 - [MESSAGE][INFO] - [SELF-HEALING] No working XPath is found.

2022-02-14 15:08:57 - [MESSAGE][INFO] - Unable to find the element located by 'By.xpath: '. Please recheck the objects properties to make sure the desired element is located. 

2022-02-14 15:08:57 - [MESSAGE][WARNING] - [SELF-HEALING] Cannot find elements when the selector is null

2022-02-14 15:08:57 - [MESSAGE][WARNING] - Web element with id: 'Object Repository/AmendOrder/OtherDropdownInAmend-SelectOption' located by '((//label[contains(text(),'Partner')]//following::div//input[@class='select-dropdown dropdown-trigger'])[${position}]//following-sibling::ul//li)[last()]' not found

2022-02-14 15:08:57 - [TEST_STEP][PASSED] - click(findTestObject("Object Repository/AmendOrder/OtherDropdownInAmend-Select", ["Position":"2"])): Object: 'Object Repository/AmendOrder/OtherDropdownInAmend-Select' is clicked on

2022-02-14 15:09:00 - [MESSAGE][PASSED] - Object: 'Object Repository/AmendOrder/OtherDropdownInAmend-Select' is clicked on

2022-02-14 15:09:00 - [TEST_STEP][PASSED] - delay(1): Delayed 1 second(s)

2022-02-14 15:09:01 - [MESSAGE][PASSED] - Delayed 1 second(s)

2022-02-14 15:09:01 - [TEST_STEP][PASSED] - takeScreenshot(): Taking screenshot successfully

2022-02-14 15:09:01 - [MESSAGE][PASSED] - Taking screenshot successfully
[[ATTACHMENT|/home/intersoft-admin/Rattan/Bash/Training/Rattan/Final_testing/New_ActivityOverview/Reports/20220214_115757/AmendOrder-Main/20220214_115820/1644831541204.png]]

2022-02-14 15:09:01 - [TEST_STEP][PASSED] - if (waitForElementClickable(findTestObject("Object Repository/AmendOrder/OtherDropdownInAmend-SelectOption", ["Position":"2"]), 15) == true): Web element with id: 'Object Repository/AmendOrder/OtherDropdownInAmend-SelectOption' located by '((//label[contains(text(),'Partner')]//following::div//input[@class='select-dropdown dropdown-trigger'])[${position}]//following-sibling::ul//li)[last()]' not found

2022-02-14 15:09:17 - [MESSAGE][INFO] - Unable to find the element located by 'By.xpath: ((//label[contains(text(),'Partner')]//following::div//input[@class='select-dropdown dropdown-trigger'])[${position}]//following-sibling::ul//li)[last()]'. Please recheck the objects properties to make sure the desired element is located. 

2022-02-14 15:09:17 - [MESSAGE][WARNING] - [SELF-HEALING] Failed to find element with id 'Object Repository/AmendOrder/OtherDropdownInAmend-SelectOption'. Try using Self-healing.

2022-02-14 15:09:18 - [MESSAGE][INFO] - [SELF-HEALING] No working XPath is found.

2022-02-14 15:09:19 - [MESSAGE][INFO] - Unable to find the element located by 'By.xpath: '. Please recheck the objects properties to make sure the desired element is located. 

2022-02-14 15:09:19 - [MESSAGE][WARNING] - [SELF-HEALING] Cannot find elements when the selector is null

2022-02-14 15:09:19 - [MESSAGE][WARNING] - Web element with id: 'Object Repository/AmendOrder/OtherDropdownInAmend-SelectOption' located by '((//label[contains(text(),'Partner')]//following::div//input[@class='select-dropdown dropdown-trigger'])[${position}]//following-sibling::ul//li)[last()]' not found

2022-02-14 15:09:19 - [TEST_STEP][PASSED] - click(findTestObject("Object Repository/AmendOrder/OtherDropdownInAmend-Select", ["Position":"3"])): Object: 'Object Repository/AmendOrder/OtherDropdownInAmend-Select' is clicked on

2022-02-14 15:09:22 - [MESSAGE][PASSED] - Object: 'Object Repository/AmendOrder/OtherDropdownInAmend-Select' is clicked on

2022-02-14 15:09:22 - [TEST_STEP][PASSED] - delay(1): Delayed 1 second(s)

2022-02-14 15:09:23 - [MESSAGE][PASSED] - Delayed 1 second(s)

2022-02-14 15:09:23 - [TEST_STEP][PASSED] - takeScreenshot(): Taking screenshot successfully

2022-02-14 15:09:23 - [MESSAGE][PASSED] - Taking screenshot successfully
[[ATTACHMENT|/home/intersoft-admin/Rattan/Bash/Training/Rattan/Final_testing/New_ActivityOverview/Reports/20220214_115757/AmendOrder-Main/20220214_115820/1644831563509.png]]

2022-02-14 15:09:23 - [TEST_STEP][PASSED] - if (waitForElementClickable(findTestObject("Object Repository/AmendOrder/OtherDropdownInAmend-SelectOption", ["Position":"3"]), 15) == true): Web element with id: 'Object Repository/AmendOrder/OtherDropdownInAmend-SelectOption' located by '((//label[contains(text(),'Partner')]//following::div//input[@class='select-dropdown dropdown-trigger'])[${position}]//following-sibling::ul//li)[last()]' not found

2022-02-14 15:09:39 - [MESSAGE][INFO] - Unable to find the element located by 'By.xpath: ((//label[contains(text(),'Partner')]//following::div//input[@class='select-dropdown dropdown-trigger'])[${position}]//following-sibling::ul//li)[last()]'. Please recheck the objects properties to make sure the desired element is located. 

2022-02-14 15:09:39 - [MESSAGE][WARNING] - [SELF-HEALING] Failed to find element with id 'Object Repository/AmendOrder/OtherDropdownInAmend-SelectOption'. Try using Self-healing.

2022-02-14 15:09:40 - [MESSAGE][INFO] - [SELF-HEALING] No working XPath is found.

2022-02-14 15:09:41 - [MESSAGE][INFO] - Unable to find the element located by 'By.xpath: '. Please recheck the objects properties to make sure the desired element is located. 

2022-02-14 15:09:41 - [MESSAGE][WARNING] - [SELF-HEALING] Cannot find elements when the selector is null

2022-02-14 15:09:41 - [MESSAGE][WARNING] - Web element with id: 'Object Repository/AmendOrder/OtherDropdownInAmend-SelectOption' located by '((//label[contains(text(),'Partner')]//following::div//input[@class='select-dropdown dropdown-trigger'])[${position}]//following-sibling::ul//li)[last()]' not found

2022-02-14 15:09:41 - [TEST_STEP][PASSED] - setText(findTestObject("Object Repository/AmendOrder/TextArea"), CancellationReason): Text 'Order Refunded to Test Automation Testing Under Katalon' is set on object 'Object Repository/AmendOrder/TextArea'

2022-02-14 15:09:47 - [MESSAGE][PASSED] - Text 'Order Refunded to Test Automation Testing Under Katalon' is set on object 'Object Repository/AmendOrder/TextArea'

2022-02-14 15:09:47 - [TEST_STEP][PASSED] - delay(1): Delayed 1 second(s)

2022-02-14 15:09:48 - [MESSAGE][PASSED] - Delayed 1 second(s)

2022-02-14 15:09:48 - [TEST_STEP][PASSED] - takeScreenshot(): Taking screenshot successfully

2022-02-14 15:09:49 - [MESSAGE][PASSED] - Taking screenshot successfully
[[ATTACHMENT|/home/intersoft-admin/Rattan/Bash/Training/Rattan/Final_testing/New_ActivityOverview/Reports/20220214_115757/AmendOrder-Main/20220214_115820/1644831588918.png]]

2022-02-14 15:09:49 - [TEST_STEP][PASSED] - setText(findTestObject("Object Repository/AmendOrder/CartDiscount"), cartdisc): Text '3.00' is set on object 'Object Repository/AmendOrder/CartDiscount'

2022-02-14 15:09:55 - [MESSAGE][PASSED] - Text '3.00' is set on object 'Object Repository/AmendOrder/CartDiscount'

2022-02-14 15:09:55 - [TEST_STEP][PASSED] - delay(1): Delayed 1 second(s)

2022-02-14 15:09:56 - [MESSAGE][PASSED] - Delayed 1 second(s)

2022-02-14 15:09:56 - [TEST_STEP][PASSED] - takeScreenshot(): Taking screenshot successfully

2022-02-14 15:09:56 - [MESSAGE][PASSED] - Taking screenshot successfully
[[ATTACHMENT|/home/intersoft-admin/Rattan/Bash/Training/Rattan/Final_testing/New_ActivityOverview/Reports/20220214_115757/AmendOrder-Main/20220214_115820/1644831596244.png]]

2022-02-14 15:09:56 - [TEST_STEP][PASSED] - click(findTestObject("Object Repository/AmendOrder/ConfirmAmendment")): Object: 'Object Repository/AmendOrder/ConfirmAmendment' is clicked on

2022-02-14 15:09:59 - [MESSAGE][PASSED] - Object: 'Object Repository/AmendOrder/ConfirmAmendment' is clicked on

2022-02-14 15:09:59 - [TEST_STEP][PASSED] - delay(12): Delayed 12 second(s)

2022-02-14 15:10:11 - [MESSAGE][PASSED] - Delayed 12 second(s)

2022-02-14 15:10:11 - [TEST_STEP][PASSED] - if (waitForElementVisible(findTestObject("Object Repository/AmendOrder/CancelButton"), 15) == true): Taking screenshot successfully

2022-02-14 15:10:11 - [MESSAGE][PASSED] - Object 'Object Repository/AmendOrder/CancelButton' is visible

2022-02-14 15:10:11 - [TEST_STEP][PASSED] - click(findTestObject("Object Repository/AmendOrder/CancelButton")): Object: 'Object Repository/AmendOrder/CancelButton' is clicked on

2022-02-14 15:10:14 - [MESSAGE][PASSED] - Object: 'Object Repository/AmendOrder/CancelButton' is clicked on

2022-02-14 15:10:14 - [TEST_STEP][PASSED] - delay(1): Delayed 1 second(s)

2022-02-14 15:10:15 - [MESSAGE][PASSED] - Delayed 1 second(s)

2022-02-14 15:10:15 - [TEST_STEP][PASSED] - takeScreenshot(): Taking screenshot successfully

2022-02-14 15:10:15 - [MESSAGE][PASSED] - Taking screenshot successfully
[[ATTACHMENT|/home/intersoft-admin/Rattan/Bash/Training/Rattan/Final_testing/New_ActivityOverview/Reports/20220214_115757/AmendOrder-Main/20220214_115820/1644831615806.png]]

2022-02-14 15:10:15 - [TEST_STEP][PASSED] - delay(13): Delayed 13 second(s)

2022-02-14 15:10:28 - [MESSAGE][PASSED] - Delayed 13 second(s)

2022-02-14 15:10:28 - [TEST_STEP][PASSED] - click(findTestObject("Object Repository/DetailPop-up/Backbutton/BackButtonToListing")): Object: 'Object Repository/DetailPop-up/Backbutton/BackButtonToListing' is clicked on

2022-02-14 15:10:32 - [MESSAGE][PASSED] - Object: 'Object Repository/DetailPop-up/Backbutton/BackButtonToListing' is clicked on

2022-02-14 15:10:32 - [TEST_STEP][PASSED] - delay(1): Delayed 1 second(s)

2022-02-14 15:10:33 - [MESSAGE][PASSED] - Delayed 1 second(s)

2022-02-14 15:10:33 - [TEST_STEP][PASSED] - takeScreenshot(): Taking screenshot successfully

2022-02-14 15:10:33 - [MESSAGE][PASSED] - Taking screenshot successfully
[[ATTACHMENT|/home/intersoft-admin/Rattan/Bash/Training/Rattan/Final_testing/New_ActivityOverview/Reports/20220214_115757/AmendOrder-Main/20220214_115820/1644831633237.png]]

2022-02-14 15:10:33 - [TEST_STEP][PASSED] - delay(13): Delayed 13 second(s)

2022-02-14 15:10:46 - [MESSAGE][PASSED] - Delayed 13 second(s)

2022-02-14 15:10:46 - [TEST_STEP][PASSED] - if (l <= 5): null

2022-02-14 15:10:46 - [TEST_STEP][PASSED] - paginationvalue = l: null

2022-02-14 15:10:46 - [TEST_STEP][PASSED] - if (l > 5): null

2022-02-14 15:10:46 - [TEST_STEP][PASSED] - logInfo(Size of Pagination: $paginationvalue): Size of Pagination: 2

2022-02-14 15:10:46 - [MESSAGE][INFO] - Size of Pagination: 2

2022-02-14 15:10:46 - [TEST_STEP][PASSED] - click(findTestObject("Object Repository/PaginationCOunt/ClickOnPagination", ["pagination":paginationvalue])): Object: 'Object Repository/PaginationCOunt/ClickOnPagination' is clicked on

2022-02-14 15:10:49 - [MESSAGE][PASSED] - Object: 'Object Repository/PaginationCOunt/ClickOnPagination' is clicked on

2022-02-14 15:10:49 - [TEST_STEP][PASSED] - delay(20): Delayed 20 second(s)

2022-02-14 15:11:09 - [MESSAGE][PASSED] - Delayed 20 second(s)

2022-02-14 15:11:09 - [TEST_STEP][PASSED] - takeScreenshot(): Taking screenshot successfully

2022-02-14 15:11:09 - [MESSAGE][PASSED] - Taking screenshot successfully
[[ATTACHMENT|/home/intersoft-admin/Rattan/Bash/Training/Rattan/Final_testing/New_ActivityOverview/Reports/20220214_115757/AmendOrder-Main/20220214_115820/1644831669587.png]]

2022-02-14 15:11:09 - [TEST_STEP][PASSED] - SizeofActiveBookings = findWebElements(findTestObject("Object Repository/CancelAndRefund/OrderListWithoutRefundedStatus"), 5).size(): null

2022-02-14 15:11:09 - [TEST_STEP][PASSED] - logInfo(Size of Active Bookings: $SizeofActiveBookings): Size of Active Bookings: 74

2022-02-14 15:11:09 - [MESSAGE][INFO] - Size of Active Bookings: 74

2022-02-14 15:11:09 - [TEST_STEP][PASSED] - for ([refund = 1, refund < SizeofActiveBookings, (refund++)]): null

2022-02-14 15:11:09 - [TEST_STEP][PASSED] - if (refund == 1): null

2022-02-14 15:11:09 - [TEST_STEP][PASSED] - refund = SizeofActiveBookings: null

2022-02-14 15:11:09 - [TEST_STEP][PASSED] - refundvalue = refund: null

2022-02-14 15:11:09 - [TEST_STEP][PASSED] - logInfo(Size of refund booking: $refund): Size of refund booking: 74

2022-02-14 15:11:09 - [MESSAGE][INFO] - Size of refund booking: 74

2022-02-14 15:11:09 - [TEST_STEP][PASSED] - scrollToElement(findTestObject("Object Repository/CancelAndRefund/OrderListWithoutRefundedStatus - Click", ["position":refund]), 15): Scroll to object 'Object Repository/CancelAndRefund/OrderListWithoutRefundedStatus - Click' successfully

2022-02-14 15:11:09 - [MESSAGE][PASSED] - Scroll to object 'Object Repository/CancelAndRefund/OrderListWithoutRefundedStatus - Click' successfully

2022-02-14 15:11:09 - [TEST_STEP][PASSED] - takeScreenshot(): Taking screenshot successfully

2022-02-14 15:11:09 - [MESSAGE][PASSED] - Taking screenshot successfully
[[ATTACHMENT|/home/intersoft-admin/Rattan/Bash/Training/Rattan/Final_testing/New_ActivityOverview/Reports/20220214_115757/AmendOrder-Main/20220214_115820/1644831669860.png]]

2022-02-14 15:11:09 - [TEST_STEP][PASSED] - orderId = findWebElement(findTestObject("Object Repository/GetOrderID/GetOrderID", ["position":refund])).getAttribute("data-order_id"): null

2022-02-14 15:11:10 - [TEST_STEP][PASSED] - orderId = orderId: null

2022-02-14 15:11:10 - [TEST_STEP][PASSED] - logInfo(Order ID: $orderId): Order ID: 164456069869543

2022-02-14 15:11:10 - [MESSAGE][INFO] - Order ID: 164456069869543

2022-02-14 15:11:10 - [TEST_STEP][PASSED] - click(findTestObject("Object Repository/GetOrderID/GetOrderID", ["position":refund])): Object: 'Object Repository/GetOrderID/GetOrderID' is clicked on

2022-02-14 15:11:13 - [MESSAGE][PASSED] - Object: 'Object Repository/GetOrderID/GetOrderID' is clicked on

2022-02-14 15:11:13 - [TEST_STEP][PASSED] - delay(20): Delayed 20 second(s)

2022-02-14 15:11:33 - [MESSAGE][PASSED] - Delayed 20 second(s)

2022-02-14 15:11:33 - [TEST_STEP][PASSED] - takeScreenshot(): Taking screenshot successfully

2022-02-14 15:11:33 - [MESSAGE][PASSED] - Taking screenshot successfully
[[ATTACHMENT|/home/intersoft-admin/Rattan/Bash/Training/Rattan/Final_testing/New_ActivityOverview/Reports/20220214_115757/AmendOrder-Main/20220214_115820/1644831693243.png]]

2022-02-14 15:11:33 - [TEST_STEP][PASSED] - if (waitForElementVisible(findTestObject("Object Repository/DetailPop-up/MoreActions/MoreOptionSelect"), 15) == true): null

2022-02-14 15:11:33 - [MESSAGE][PASSED] - Object 'Object Repository/DetailPop-up/MoreActions/MoreOptionSelect' is visible

2022-02-14 15:11:33 - [TEST_STEP][PASSED] - click(findTestObject("Object Repository/DetailPop-up/MoreActions/MoreOptionSelect")): Object: 'Object Repository/DetailPop-up/MoreActions/MoreOptionSelect' is clicked on

2022-02-14 15:11:36 - [MESSAGE][PASSED] - Object: 'Object Repository/DetailPop-up/MoreActions/MoreOptionSelect' is clicked on

2022-02-14 15:11:36 - [TEST_STEP][PASSED] - delay(1): Delayed 1 second(s)

2022-02-14 15:11:37 - [MESSAGE][PASSED] - Delayed 1 second(s)

2022-02-14 15:11:37 - [TEST_STEP][PASSED] - takeScreenshot(): Taking screenshot successfully

2022-02-14 15:11:37 - [MESSAGE][PASSED] - Taking screenshot successfully
[[ATTACHMENT|/home/intersoft-admin/Rattan/Bash/Training/Rattan/Final_testing/New_ActivityOverview/Reports/20220214_115757/AmendOrder-Main/20220214_115820/1644831697605.png]]

2022-02-14 15:11:37 - [TEST_STEP][PASSED] - if (waitForElementClickable(findTestObject("Object Repository/DetailPop-up/MoreActions/MoreAction-SelectOptions", ["action":"Amend order"]), 15) == true): null

2022-02-14 15:11:37 - [MESSAGE][PASSED] - Object 'Object Repository/DetailPop-up/MoreActions/MoreAction-SelectOptions' is clickable

2022-02-14 15:11:37 - [TEST_STEP][PASSED] - click(findTestObject("Object Repository/DetailPop-up/MoreActions/MoreAction-SelectOptions", ["action":"Amend order"])): Object: 'Object Repository/DetailPop-up/MoreActions/MoreAction-SelectOptions' is clicked on

2022-02-14 15:11:40 - [MESSAGE][PASSED] - Object: 'Object Repository/DetailPop-up/MoreActions/MoreAction-SelectOptions' is clicked on

2022-02-14 15:11:40 - [TEST_STEP][PASSED] - delay(1): Delayed 1 second(s)

2022-02-14 15:11:41 - [MESSAGE][PASSED] - Delayed 1 second(s)

2022-02-14 15:11:41 - [TEST_STEP][PASSED] - takeScreenshot(): Taking screenshot successfully

2022-02-14 15:11:42 - [MESSAGE][PASSED] - Taking screenshot successfully
[[ATTACHMENT|/home/intersoft-admin/Rattan/Bash/Training/Rattan/Final_testing/New_ActivityOverview/Reports/20220214_115757/AmendOrder-Main/20220214_115820/1644831701998.png]]

2022-02-14 15:11:42 - [TEST_STEP][PASSED] - click(findTestObject("Object Repository/AmendOrder/AccountSelect")): Object: 'Object Repository/AmendOrder/AccountSelect' is clicked on

2022-02-14 15:11:45 - [MESSAGE][PASSED] - Object: 'Object Repository/AmendOrder/AccountSelect' is clicked on

2022-02-14 15:11:45 - [TEST_STEP][PASSED] - delay(1): Delayed 1 second(s)

2022-02-14 15:11:46 - [MESSAGE][PASSED] - Delayed 1 second(s)

2022-02-14 15:11:46 - [TEST_STEP][PASSED] - takeScreenshot(): Taking screenshot successfully

2022-02-14 15:11:46 - [MESSAGE][PASSED] - Taking screenshot successfully
[[ATTACHMENT|/home/intersoft-admin/Rattan/Bash/Training/Rattan/Final_testing/New_ActivityOverview/Reports/20220214_115757/AmendOrder-Main/20220214_115820/1644831706316.png]]

2022-02-14 15:11:46 - [TEST_STEP][PASSED] - click(findTestObject("Object Repository/AmendOrder/AccountSelect-Options")): Object: 'Object Repository/AmendOrder/AccountSelect-Options' is clicked on

2022-02-14 15:11:49 - [MESSAGE][PASSED] - Object: 'Object Repository/AmendOrder/AccountSelect-Options' is clicked on

2022-02-14 15:11:49 - [TEST_STEP][PASSED] - delay(1): Delayed 1 second(s)

2022-02-14 15:11:50 - [MESSAGE][PASSED] - Delayed 1 second(s)

2022-02-14 15:11:50 - [TEST_STEP][PASSED] - takeScreenshot(): Taking screenshot successfully

2022-02-14 15:11:50 - [MESSAGE][PASSED] - Taking screenshot successfully
[[ATTACHMENT|/home/intersoft-admin/Rattan/Bash/Training/Rattan/Final_testing/New_ActivityOverview/Reports/20220214_115757/AmendOrder-Main/20220214_115820/1644831710660.png]]

2022-02-14 15:11:50 - [TEST_STEP][PASSED] - click(findTestObject("Object Repository/AmendOrder/OtherDropdownInAmend-Select", ["Position":"1"])): Object: 'Object Repository/AmendOrder/OtherDropdownInAmend-Select' is clicked on

2022-02-14 15:11:53 - [MESSAGE][PASSED] - Object: 'Object Repository/AmendOrder/OtherDropdownInAmend-Select' is clicked on

2022-02-14 15:11:53 - [TEST_STEP][PASSED] - delay(1): Delayed 1 second(s)

2022-02-14 15:11:54 - [MESSAGE][PASSED] - Delayed 1 second(s)

2022-02-14 15:11:54 - [TEST_STEP][PASSED] - takeScreenshot(): Taking screenshot successfully

2022-02-14 15:11:55 - [MESSAGE][PASSED] - Taking screenshot successfully
[[ATTACHMENT|/home/intersoft-admin/Rattan/Bash/Training/Rattan/Final_testing/New_ActivityOverview/Reports/20220214_115757/AmendOrder-Main/20220214_115820/1644831714932.png]]

2022-02-14 15:11:55 - [TEST_STEP][PASSED] - if (waitForElementClickable(findTestObject("Object Repository/AmendOrder/OtherDropdownInAmend-SelectOption", ["Position":"1"]), 15) == true): Web element with id: 'Object Repository/AmendOrder/OtherDropdownInAmend-SelectOption' located by '((//label[contains(text(),'Partner')]//following::div//input[@class='select-dropdown dropdown-trigger'])[${position}]//following-sibling::ul//li)[last()]' not found

2022-02-14 15:12:11 - [MESSAGE][INFO] - Unable to find the element located by 'By.xpath: ((//label[contains(text(),'Partner')]//following::div//input[@class='select-dropdown dropdown-trigger'])[${position}]//following-sibling::ul//li)[last()]'. Please recheck the objects properties to make sure the desired element is located. 

2022-02-14 15:12:11 - [MESSAGE][WARNING] - [SELF-HEALING] Failed to find element with id 'Object Repository/AmendOrder/OtherDropdownInAmend-SelectOption'. Try using Self-healing.

2022-02-14 15:12:12 - [MESSAGE][INFO] - [SELF-HEALING] No working XPath is found.

2022-02-14 15:12:13 - [MESSAGE][INFO] - Unable to find the element located by 'By.xpath: '. Please recheck the objects properties to make sure the desired element is located. 

2022-02-14 15:12:13 - [MESSAGE][WARNING] - [SELF-HEALING] Cannot find elements when the selector is null

2022-02-14 15:12:13 - [MESSAGE][WARNING] - Web element with id: 'Object Repository/AmendOrder/OtherDropdownInAmend-SelectOption' located by '((//label[contains(text(),'Partner')]//following::div//input[@class='select-dropdown dropdown-trigger'])[${position}]//following-sibling::ul//li)[last()]' not found

2022-02-14 15:12:13 - [TEST_STEP][PASSED] - click(findTestObject("Object Repository/AmendOrder/OtherDropdownInAmend-Select", ["Position":"2"])): Object: 'Object Repository/AmendOrder/OtherDropdownInAmend-Select' is clicked on

2022-02-14 15:12:16 - [MESSAGE][PASSED] - Object: 'Object Repository/AmendOrder/OtherDropdownInAmend-Select' is clicked on

2022-02-14 15:12:16 - [TEST_STEP][PASSED] - delay(1): Delayed 1 second(s)

2022-02-14 15:12:17 - [MESSAGE][PASSED] - Delayed 1 second(s)

2022-02-14 15:12:17 - [TEST_STEP][PASSED] - takeScreenshot(): Taking screenshot successfully

2022-02-14 15:12:17 - [MESSAGE][PASSED] - Taking screenshot successfully
[[ATTACHMENT|/home/intersoft-admin/Rattan/Bash/Training/Rattan/Final_testing/New_ActivityOverview/Reports/20220214_115757/AmendOrder-Main/20220214_115820/1644831737275.png]]

2022-02-14 15:12:17 - [TEST_STEP][PASSED] - if (waitForElementClickable(findTestObject("Object Repository/AmendOrder/OtherDropdownInAmend-SelectOption", ["Position":"2"]), 15) == true): Web element with id: 'Object Repository/AmendOrder/OtherDropdownInAmend-SelectOption' located by '((//label[contains(text(),'Partner')]//following::div//input[@class='select-dropdown dropdown-trigger'])[${position}]//following-sibling::ul//li)[last()]' not found

2022-02-14 15:12:33 - [MESSAGE][INFO] - Unable to find the element located by 'By.xpath: ((//label[contains(text(),'Partner')]//following::div//input[@class='select-dropdown dropdown-trigger'])[${position}]//following-sibling::ul//li)[last()]'. Please recheck the objects properties to make sure the desired element is located. 

2022-02-14 15:12:33 - [MESSAGE][WARNING] - [SELF-HEALING] Failed to find element with id 'Object Repository/AmendOrder/OtherDropdownInAmend-SelectOption'. Try using Self-healing.

2022-02-14 15:12:34 - [MESSAGE][INFO] - [SELF-HEALING] No working XPath is found.

2022-02-14 15:12:35 - [MESSAGE][INFO] - Unable to find the element located by 'By.xpath: '. Please recheck the objects properties to make sure the desired element is located. 

2022-02-14 15:12:35 - [MESSAGE][WARNING] - [SELF-HEALING] Cannot find elements when the selector is null

2022-02-14 15:12:35 - [MESSAGE][WARNING] - Web element with id: 'Object Repository/AmendOrder/OtherDropdownInAmend-SelectOption' located by '((//label[contains(text(),'Partner')]//following::div//input[@class='select-dropdown dropdown-trigger'])[${position}]//following-sibling::ul//li)[last()]' not found

2022-02-14 15:12:35 - [TEST_STEP][PASSED] - click(findTestObject("Object Repository/AmendOrder/OtherDropdownInAmend-Select", ["Position":"3"])): Object: 'Object Repository/AmendOrder/OtherDropdownInAmend-Select' is clicked on

2022-02-14 15:12:38 - [MESSAGE][PASSED] - Object: 'Object Repository/AmendOrder/OtherDropdownInAmend-Select' is clicked on

2022-02-14 15:12:38 - [TEST_STEP][PASSED] - delay(1): Delayed 1 second(s)

2022-02-14 15:12:39 - [MESSAGE][PASSED] - Delayed 1 second(s)

2022-02-14 15:12:39 - [TEST_STEP][PASSED] - takeScreenshot(): Taking screenshot successfully

2022-02-14 15:12:39 - [MESSAGE][PASSED] - Taking screenshot successfully
[[ATTACHMENT|/home/intersoft-admin/Rattan/Bash/Training/Rattan/Final_testing/New_ActivityOverview/Reports/20220214_115757/AmendOrder-Main/20220214_115820/1644831759609.png]]

2022-02-14 15:12:39 - [TEST_STEP][PASSED] - if (waitForElementClickable(findTestObject("Object Repository/AmendOrder/OtherDropdownInAmend-SelectOption", ["Position":"3"]), 15) == true): Web element with id: 'Object Repository/AmendOrder/OtherDropdownInAmend-SelectOption' located by '((//label[contains(text(),'Partner')]//following::div//input[@class='select-dropdown dropdown-trigger'])[${position}]//following-sibling::ul//li)[last()]' not found

2022-02-14 15:12:55 - [MESSAGE][INFO] - Unable to find the element located by 'By.xpath: ((//label[contains(text(),'Partner')]//following::div//input[@class='select-dropdown dropdown-trigger'])[${position}]//following-sibling::ul//li)[last()]'. Please recheck the objects properties to make sure the desired element is located. 

2022-02-14 15:12:55 - [MESSAGE][WARNING] - [SELF-HEALING] Failed to find element with id 'Object Repository/AmendOrder/OtherDropdownInAmend-SelectOption'. Try using Self-healing.

2022-02-14 15:12:56 - [MESSAGE][INFO] - [SELF-HEALING] No working XPath is found.

2022-02-14 15:12:57 - [MESSAGE][INFO] - Unable to find the element located by 'By.xpath: '. Please recheck the objects properties to make sure the desired element is located. 

2022-02-14 15:12:57 - [MESSAGE][WARNING] - [SELF-HEALING] Cannot find elements when the selector is null

2022-02-14 15:12:57 - [MESSAGE][WARNING] - Web element with id: 'Object Repository/AmendOrder/OtherDropdownInAmend-SelectOption' located by '((//label[contains(text(),'Partner')]//following::div//input[@class='select-dropdown dropdown-trigger'])[${position}]//following-sibling::ul//li)[last()]' not found

2022-02-14 15:12:57 - [TEST_STEP][PASSED] - setText(findTestObject("Object Repository/AmendOrder/TextArea"), CancellationReason): Text 'Order Refunded to Test Automation Testing Under Katalon' is set on object 'Object Repository/AmendOrder/TextArea'

2022-02-14 15:13:03 - [MESSAGE][PASSED] - Text 'Order Refunded to Test Automation Testing Under Katalon' is set on object 'Object Repository/AmendOrder/TextArea'

2022-02-14 15:13:03 - [TEST_STEP][PASSED] - delay(1): Delayed 1 second(s)

2022-02-14 15:13:04 - [MESSAGE][PASSED] - Delayed 1 second(s)

2022-02-14 15:13:04 - [TEST_STEP][PASSED] - takeScreenshot(): Taking screenshot successfully

2022-02-14 15:13:05 - [MESSAGE][PASSED] - Taking screenshot successfully
[[ATTACHMENT|/home/intersoft-admin/Rattan/Bash/Training/Rattan/Final_testing/New_ActivityOverview/Reports/20220214_115757/AmendOrder-Main/20220214_115820/1644831785002.png]]

2022-02-14 15:13:05 - [TEST_STEP][PASSED] - setText(findTestObject("Object Repository/AmendOrder/CartDiscount"), cartdisc): Text '3.00' is set on object 'Object Repository/AmendOrder/CartDiscount'

2022-02-14 15:13:11 - [MESSAGE][PASSED] - Text '3.00' is set on object 'Object Repository/AmendOrder/CartDiscount'

2022-02-14 15:13:11 - [TEST_STEP][PASSED] - delay(1): Delayed 1 second(s)

2022-02-14 15:13:12 - [MESSAGE][PASSED] - Delayed 1 second(s)

2022-02-14 15:13:12 - [TEST_STEP][PASSED] - takeScreenshot(): Taking screenshot successfully

2022-02-14 15:13:12 - [MESSAGE][PASSED] - Taking screenshot successfully
[[ATTACHMENT|/home/intersoft-admin/Rattan/Bash/Training/Rattan/Final_testing/New_ActivityOverview/Reports/20220214_115757/AmendOrder-Main/20220214_115820/1644831792352.png]]

2022-02-14 15:13:12 - [TEST_STEP][PASSED] - click(findTestObject("Object Repository/AmendOrder/ConfirmAmendment")): Object: 'Object Repository/AmendOrder/ConfirmAmendment' is clicked on

2022-02-14 15:13:15 - [MESSAGE][PASSED] - Object: 'Object Repository/AmendOrder/ConfirmAmendment' is clicked on

2022-02-14 15:13:15 - [TEST_STEP][PASSED] - delay(12): Delayed 12 second(s)

2022-02-14 15:13:27 - [MESSAGE][PASSED] - Delayed 12 second(s)

2022-02-14 15:13:27 - [TEST_STEP][PASSED] - if (waitForElementVisible(findTestObject("Object Repository/AmendOrder/CancelButton"), 15) == true): Taking screenshot successfully

2022-02-14 15:13:27 - [MESSAGE][PASSED] - Object 'Object Repository/AmendOrder/CancelButton' is visible

2022-02-14 15:13:27 - [TEST_STEP][PASSED] - click(findTestObject("Object Repository/AmendOrder/CancelButton")): Object: 'Object Repository/AmendOrder/CancelButton' is clicked on

2022-02-14 15:13:30 - [MESSAGE][PASSED] - Object: 'Object Repository/AmendOrder/CancelButton' is clicked on

2022-02-14 15:13:30 - [TEST_STEP][PASSED] - delay(1): Delayed 1 second(s)

2022-02-14 15:13:31 - [MESSAGE][PASSED] - Delayed 1 second(s)

2022-02-14 15:13:31 - [TEST_STEP][PASSED] - takeScreenshot(): Taking screenshot successfully

2022-02-14 15:13:31 - [MESSAGE][PASSED] - Taking screenshot successfully
[[ATTACHMENT|/home/intersoft-admin/Rattan/Bash/Training/Rattan/Final_testing/New_ActivityOverview/Reports/20220214_115757/AmendOrder-Main/20220214_115820/1644831811822.png]]

2022-02-14 15:13:31 - [TEST_STEP][PASSED] - delay(13): Delayed 13 second(s)

2022-02-14 15:13:44 - [MESSAGE][PASSED] - Delayed 13 second(s)

2022-02-14 15:13:44 - [TEST_STEP][PASSED] - click(findTestObject("Object Repository/DetailPop-up/Backbutton/BackButtonToListing")): Object: 'Object Repository/DetailPop-up/Backbutton/BackButtonToListing' is clicked on

2022-02-14 15:13:48 - [MESSAGE][PASSED] - Object: 'Object Repository/DetailPop-up/Backbutton/BackButtonToListing' is clicked on

2022-02-14 15:13:48 - [TEST_STEP][PASSED] - delay(1): Delayed 1 second(s)

2022-02-14 15:13:49 - [MESSAGE][PASSED] - Delayed 1 second(s)

2022-02-14 15:13:49 - [TEST_STEP][PASSED] - takeScreenshot(): Taking screenshot successfully

2022-02-14 15:13:49 - [MESSAGE][PASSED] - Taking screenshot successfully
[[ATTACHMENT|/home/intersoft-admin/Rattan/Bash/Training/Rattan/Final_testing/New_ActivityOverview/Reports/20220214_115757/AmendOrder-Main/20220214_115820/1644831829390.png]]

2022-02-14 15:13:49 - [TEST_STEP][PASSED] - delay(13): Delayed 13 second(s)

2022-02-14 15:14:02 - [MESSAGE][PASSED] - Delayed 13 second(s)

2022-02-14 15:14:02 - [TEST_STEP][PASSED] - if (l <= 5): null

2022-02-14 15:14:02 - [TEST_STEP][PASSED] - paginationvalue = l: null

2022-02-14 15:14:02 - [TEST_STEP][PASSED] - if (l > 5): null

2022-02-14 15:14:02 - [TEST_STEP][PASSED] - logInfo(Size of Pagination: $paginationvalue): Size of Pagination: 3

2022-02-14 15:14:02 - [MESSAGE][INFO] - Size of Pagination: 3

2022-02-14 15:14:02 - [TEST_STEP][PASSED] - click(findTestObject("Object Repository/PaginationCOunt/ClickOnPagination", ["pagination":paginationvalue])): Object: 'Object Repository/PaginationCOunt/ClickOnPagination' is clicked on

2022-02-14 15:14:05 - [MESSAGE][PASSED] - Object: 'Object Repository/PaginationCOunt/ClickOnPagination' is clicked on

2022-02-14 15:14:05 - [TEST_STEP][PASSED] - delay(20): Delayed 20 second(s)

2022-02-14 15:14:25 - [MESSAGE][PASSED] - Delayed 20 second(s)

2022-02-14 15:14:25 - [TEST_STEP][PASSED] - takeScreenshot(): Taking screenshot successfully

2022-02-14 15:14:25 - [MESSAGE][PASSED] - Taking screenshot successfully
[[ATTACHMENT|/home/intersoft-admin/Rattan/Bash/Training/Rattan/Final_testing/New_ActivityOverview/Reports/20220214_115757/AmendOrder-Main/20220214_115820/1644831865749.png]]

2022-02-14 15:14:25 - [TEST_STEP][PASSED] - SizeofActiveBookings = findWebElements(findTestObject("Object Repository/CancelAndRefund/OrderListWithoutRefundedStatus"), 5).size(): null

2022-02-14 15:14:25 - [TEST_STEP][PASSED] - logInfo(Size of Active Bookings: $SizeofActiveBookings): Size of Active Bookings: 78

2022-02-14 15:14:25 - [MESSAGE][INFO] - Size of Active Bookings: 78

2022-02-14 15:14:25 - [TEST_STEP][PASSED] - for ([refund = 1, refund < SizeofActiveBookings, (refund++)]): null

2022-02-14 15:14:25 - [TEST_STEP][PASSED] - if (refund == 1): null

2022-02-14 15:14:25 - [TEST_STEP][PASSED] - refund = SizeofActiveBookings: null

2022-02-14 15:14:25 - [TEST_STEP][PASSED] - refundvalue = refund: null

2022-02-14 15:14:25 - [TEST_STEP][PASSED] - logInfo(Size of refund booking: $refund): Size of refund booking: 78

2022-02-14 15:14:25 - [MESSAGE][INFO] - Size of refund booking: 78

2022-02-14 15:14:25 - [TEST_STEP][PASSED] - scrollToElement(findTestObject("Object Repository/CancelAndRefund/OrderListWithoutRefundedStatus - Click", ["position":refund]), 15): Scroll to object 'Object Repository/CancelAndRefund/OrderListWithoutRefundedStatus - Click' successfully

2022-02-14 15:14:26 - [MESSAGE][PASSED] - Scroll to object 'Object Repository/CancelAndRefund/OrderListWithoutRefundedStatus - Click' successfully

2022-02-14 15:14:26 - [TEST_STEP][PASSED] - takeScreenshot(): Taking screenshot successfully

2022-02-14 15:14:26 - [MESSAGE][PASSED] - Taking screenshot successfully
[[ATTACHMENT|/home/intersoft-admin/Rattan/Bash/Training/Rattan/Final_testing/New_ActivityOverview/Reports/20220214_115757/AmendOrder-Main/20220214_115820/1644831866029.png]]

2022-02-14 15:14:26 - [TEST_STEP][PASSED] - orderId = findWebElement(findTestObject("Object Repository/GetOrderID/GetOrderID", ["position":refund])).getAttribute("data-order_id"): null

2022-02-14 15:14:26 - [TEST_STEP][PASSED] - orderId = orderId: null

2022-02-14 15:14:26 - [TEST_STEP][PASSED] - logInfo(Order ID: $orderId): Order ID: 164440756092398

2022-02-14 15:14:26 - [MESSAGE][INFO] - Order ID: 164440756092398

2022-02-14 15:14:26 - [TEST_STEP][PASSED] - click(findTestObject("Object Repository/GetOrderID/GetOrderID", ["position":refund])): Object: 'Object Repository/GetOrderID/GetOrderID' is clicked on

2022-02-14 15:14:29 - [MESSAGE][PASSED] - Object: 'Object Repository/GetOrderID/GetOrderID' is clicked on

2022-02-14 15:14:29 - [TEST_STEP][PASSED] - delay(20): Delayed 20 second(s)

2022-02-14 15:14:49 - [MESSAGE][PASSED] - Delayed 20 second(s)

2022-02-14 15:14:49 - [TEST_STEP][PASSED] - takeScreenshot(): Taking screenshot successfully

2022-02-14 15:14:49 - [MESSAGE][PASSED] - Taking screenshot successfully
[[ATTACHMENT|/home/intersoft-admin/Rattan/Bash/Training/Rattan/Final_testing/New_ActivityOverview/Reports/20220214_115757/AmendOrder-Main/20220214_115820/1644831889424.png]]

2022-02-14 15:14:49 - [TEST_STEP][PASSED] - if (waitForElementVisible(findTestObject("Object Repository/DetailPop-up/MoreActions/MoreOptionSelect"), 15) == true): null

2022-02-14 15:14:49 - [MESSAGE][PASSED] - Object 'Object Repository/DetailPop-up/MoreActions/MoreOptionSelect' is visible

2022-02-14 15:14:49 - [TEST_STEP][PASSED] - click(findTestObject("Object Repository/DetailPop-up/MoreActions/MoreOptionSelect")): Object: 'Object Repository/DetailPop-up/MoreActions/MoreOptionSelect' is clicked on

2022-02-14 15:14:52 - [MESSAGE][PASSED] - Object: 'Object Repository/DetailPop-up/MoreActions/MoreOptionSelect' is clicked on

2022-02-14 15:14:52 - [TEST_STEP][PASSED] - delay(1): Delayed 1 second(s)

2022-02-14 15:14:53 - [MESSAGE][PASSED] - Delayed 1 second(s)

2022-02-14 15:14:53 - [TEST_STEP][PASSED] - takeScreenshot(): Taking screenshot successfully

2022-02-14 15:14:53 - [MESSAGE][PASSED] - Taking screenshot successfully
[[ATTACHMENT|/home/intersoft-admin/Rattan/Bash/Training/Rattan/Final_testing/New_ActivityOverview/Reports/20220214_115757/AmendOrder-Main/20220214_115820/1644831893745.png]]

2022-02-14 15:14:53 - [TEST_STEP][PASSED] - if (waitForElementClickable(findTestObject("Object Repository/DetailPop-up/MoreActions/MoreAction-SelectOptions", ["action":"Amend order"]), 15) == true): Unable to click on object 'Object Repository/AmendOrder/OtherDropdownInAmend-Select' (Root cause: com.kms.katalon.core.exception.StepFailedException: Unable to click on object 'Object Repository/AmendOrder/OtherDropdownInAmend-Select'
	at com.kms.katalon.core.webui.keyword.internal.WebUIKeywordMain.stepFailed(WebUIKeywordMain.groovy:64)
	at com.kms.katalon.core.webui.keyword.internal.WebUIKeywordMain.runKeyword(WebUIKeywordMain.groovy:26)
	at com.kms.katalon.core.webui.keyword.builtin.ClickKeyword.click(ClickKeyword.groovy:74)
	at com.kms.katalon.core.webui.keyword.builtin.ClickKeyword.execute(ClickKeyword.groovy:40)
	at com.kms.katalon.core.keyword.internal.KeywordExecutor.executeKeywordForPlatform(KeywordExecutor.groovy:74)
	at com.kms.katalon.core.webui.keyword.WebUiBuiltInKeywords.click(WebUiBuiltInKeywords.groovy:620)
	at com.kms.katalon.core.webui.keyword.WebUiBuiltInKeywords$click$2.call(Unknown Source)
	at ActivityOverview-AmendOrder-GetOrderIDAndAmend.run(ActivityOverview-AmendOrder-GetOrderIDAndAmend:197)
	at com.kms.katalon.core.main.ScriptEngine.run(ScriptEngine.java:194)
	at com.kms.katalon.core.main.ScriptEngine.runScriptAsRawText(ScriptEngine.java:119)
	at com.kms.katalon.core.main.TestCaseExecutor.runScript(TestCaseExecutor.java:442)
	at com.kms.katalon.core.main.TestCaseExecutor.doExecute(TestCaseExecutor.java:433)
	at com.kms.katalon.core.main.TestCaseExecutor.processExecutionPhase(TestCaseExecutor.java:412)
	at com.kms.katalon.core.main.TestCaseExecutor.accessMainPhase(TestCaseExecutor.java:404)
	at com.kms.katalon.core.main.TestCaseExecutor.execute(TestCaseExecutor.java:281)
	at com.kms.katalon.core.main.TestCaseExecutor.execute(TestCaseExecutor.java:363)
	at com.kms.katalon.core.main.TestCaseExecutor.execute(TestCaseExecutor.java:363)
	at com.kms.katalon.core.main.TestCaseExecutor.execute(TestCaseExecutor.java:363)
	at com.kms.katalon.core.main.TestSuiteExecutor.accessTestCaseMainPhase(TestSuiteExecutor.java:202)
	at com.kms.katalon.core.main.TestSuiteExecutor.accessTestSuiteMainPhase(TestSuiteExecutor.java:164)
	at com.kms.katalon.core.main.TestSuiteExecutor.execute(TestSuiteExecutor.java:105)
	at com.kms.katalon.core.main.TestCaseMain.startTestSuite(TestCaseMain.java:185)
	at com.kms.katalon.core.main.TestCaseMain$startTestSuite$0.call(Unknown Source)
	at TempTestSuite1644820100543.run(TempTestSuite1644820100543.groovy:36)
Caused by: org.openqa.selenium.ElementClickInterceptedException: element click intercepted: Element <input class="select-dropdown dropdown-trigger" type="text" readonly="true" data-target="select-options-d514ac6a-03e2-7921-ee3f-ecf3cf1bf37f"> is not clickable at point (681, 414). Other element would receive the click: <li id="select-options-f2850af9-633b-0f38-5194-7926e1d1e7062" tabindex="0" class="selected">...</li>
  (Session info: chrome=97.0.4692.99)
Build info: version: '3.141.59', revision: 'e82be7d358', time: '2018-11-14T08:25:53'
System info: host: 'intersoftadmin-desktop', ip: '127.0.1.1', os.name: 'Linux', os.arch: 'amd64', os.version: '5.4.0-99-generic', java.version: '1.8.0_312'
Driver info: com.kms.katalon.selenium.driver.CChromeDriver
Capabilities {acceptInsecureCerts: false, browserName: chrome, browserVersion: 97.0.4692.99, chrome: {chromedriverVersion: 97.0.4692.36 (747e0a0f19c13..., userDataDir: /tmp/.com.google.Chrome.PdatX6}, goog:chromeOptions: {debuggerAddress: localhost:32879}, javascriptEnabled: true, networkConnectionEnabled: false, pageLoadStrategy: normal, platform: LINUX, platformName: LINUX, proxy: Proxy(), setWindowRect: true, strictFileInteractability: false, timeouts: {implicit: 0, pageLoad: 300000, script: 30000}, unhandledPromptBehavior: dismiss and notify, webauthn:extension:credBlob: true, webauthn:extension:largeBlob: true, webauthn:virtualAuthenticators: true}
Session ID: 7ed18ceabfed22c8e26d0526e2e414a6
	at org.openqa.selenium.remote.http.W3CHttpResponseCodec.createException(W3CHttpResponseCodec.java:187)
	at org.openqa.selenium.remote.http.W3CHttpResponseCodec.decode(W3CHttpResponseCodec.java:122)
	at org.openqa.selenium.remote.http.W3CHttpResponseCodec.decode(W3CHttpResponseCodec.java:49)
	at org.openqa.selenium.remote.HttpCommandExecutor.execute(HttpCommandExecutor.java:158)
	at org.openqa.selenium.remote.service.DriverCommandExecutor.execute(DriverCommandExecutor.java:83)
	at org.openqa.selenium.remote.RemoteWebDriver.execute(RemoteWebDriver.java:552)
	at com.kms.katalon.selenium.driver.CChromeDriver.execute(CChromeDriver.java:19)
	at org.openqa.selenium.remote.RemoteWebElement.execute(RemoteWebElement.java:285)
	at org.openqa.selenium.remote.RemoteWebElement.click(RemoteWebElement.java:84)
	at org.openqa.selenium.support.events.EventFiringWebDriver$EventFiringWebElement.lambda$new$0(EventFiringWebDriver.java:404)
	at com.sun.proxy.$Proxy11.click(Unknown Source)
	at org.openqa.selenium.support.events.EventFiringWebDriver$EventFiringWebElement.click(EventFiringWebDriver.java:417)
	at org.openqa.selenium.WebElement$click.call(Unknown Source)
	at com.kms.katalon.core.webui.keyword.builtin.ClickKeyword.clickUntilSuccessWithTimeout(ClickKeyword.groovy:81)
	at com.kms.katalon.core.webui.keyword.builtin.ClickKeyword.clickUntilSuccessWithTimeout(ClickKeyword.groovy)
	at com.kms.katalon.core.webui.keyword.builtin.ClickKeyword$_click_closure1.doCall(ClickKeyword.groovy:67)
	at com.kms.katalon.core.webui.keyword.builtin.ClickKeyword$_click_closure1.call(ClickKeyword.groovy)
	at com.kms.katalon.core.webui.keyword.internal.WebUIKeywordMain.runKeyword(WebUIKeywordMain.groovy:20)
	at com.kms.katalon.core.webui.keyword.builtin.ClickKeyword.click(ClickKeyword.groovy:74)
	at com.kms.katalon.core.webui.keyword.builtin.ClickKeyword.execute(ClickKeyword.groovy:40)
	at com.kms.katalon.core.keyword.internal.KeywordExecutor.executeKeywordForPlatform(KeywordExecutor.groovy:74)
	at com.kms.katalon.core.webui.keyword.WebUiBuiltInKeywords.click(WebUiBuiltInKeywords.groovy:620)
	at com.kms.katalon.core.webui.keyword.WebUiBuiltInKeywords$click$2.call(Unknown Source)
	at Script1644683205666.run(Script1644683205666.groovy:197)
	... 16 more
)

2022-02-14 15:14:53 - [MESSAGE][PASSED] - Object 'Object Repository/DetailPop-up/MoreActions/MoreAction-SelectOptions' is clickable

2022-02-14 15:14:53 - [TEST_STEP][PASSED] - click(findTestObject("Object Repository/DetailPop-up/MoreActions/MoreAction-SelectOptions", ["action":"Amend order"])): Object: 'Object Repository/DetailPop-up/MoreActions/MoreAction-SelectOptions' is clicked on

2022-02-14 15:14:57 - [MESSAGE][PASSED] - Object: 'Object Repository/DetailPop-up/MoreActions/MoreAction-SelectOptions' is clicked on

2022-02-14 15:14:57 - [TEST_STEP][PASSED] - delay(1): Delayed 1 second(s)

2022-02-14 15:14:58 - [MESSAGE][PASSED] - Delayed 1 second(s)

2022-02-14 15:14:58 - [TEST_STEP][PASSED] - takeScreenshot(): Taking screenshot successfully

2022-02-14 15:14:58 - [MESSAGE][PASSED] - Taking screenshot successfully
[[ATTACHMENT|/home/intersoft-admin/Rattan/Bash/Training/Rattan/Final_testing/New_ActivityOverview/Reports/20220214_115757/AmendOrder-Main/20220214_115820/1644831898144.png]]

2022-02-14 15:14:58 - [TEST_STEP][PASSED] - click(findTestObject("Object Repository/AmendOrder/AccountSelect")): Object: 'Object Repository/AmendOrder/AccountSelect' is clicked on

2022-02-14 15:15:01 - [MESSAGE][PASSED] - Object: 'Object Repository/AmendOrder/AccountSelect' is clicked on

2022-02-14 15:15:01 - [TEST_STEP][PASSED] - delay(1): Delayed 1 second(s)

2022-02-14 15:15:02 - [MESSAGE][PASSED] - Delayed 1 second(s)

2022-02-14 15:15:02 - [TEST_STEP][PASSED] - takeScreenshot(): Taking screenshot successfully

2022-02-14 15:15:02 - [MESSAGE][PASSED] - Taking screenshot successfully
[[ATTACHMENT|/home/intersoft-admin/Rattan/Bash/Training/Rattan/Final_testing/New_ActivityOverview/Reports/20220214_115757/AmendOrder-Main/20220214_115820/1644831902472.png]]

2022-02-14 15:15:02 - [TEST_STEP][PASSED] - click(findTestObject("Object Repository/AmendOrder/AccountSelect-Options")): Object: 'Object Repository/AmendOrder/AccountSelect-Options' is clicked on

2022-02-14 15:15:05 - [MESSAGE][PASSED] - Object: 'Object Repository/AmendOrder/AccountSelect-Options' is clicked on

2022-02-14 15:15:05 - [TEST_STEP][PASSED] - delay(1): Delayed 1 second(s)

2022-02-14 15:15:06 - [MESSAGE][PASSED] - Delayed 1 second(s)

2022-02-14 15:15:06 - [TEST_STEP][PASSED] - takeScreenshot(): Taking screenshot successfully

2022-02-14 15:15:06 - [MESSAGE][PASSED] - Taking screenshot successfully
[[ATTACHMENT|/home/intersoft-admin/Rattan/Bash/Training/Rattan/Final_testing/New_ActivityOverview/Reports/20220214_115757/AmendOrder-Main/20220214_115820/1644831906827.png]]

2022-02-14 15:15:06 - [TEST_STEP][PASSED] - click(findTestObject("Object Repository/AmendOrder/OtherDropdownInAmend-Select", ["Position":"1"])): Object: 'Object Repository/AmendOrder/OtherDropdownInAmend-Select' is clicked on

2022-02-14 15:15:10 - [MESSAGE][PASSED] - Object: 'Object Repository/AmendOrder/OtherDropdownInAmend-Select' is clicked on

2022-02-14 15:15:10 - [TEST_STEP][PASSED] - delay(1): Delayed 1 second(s)

2022-02-14 15:15:11 - [MESSAGE][PASSED] - Delayed 1 second(s)

2022-02-14 15:15:11 - [TEST_STEP][PASSED] - takeScreenshot(): Taking screenshot successfully

2022-02-14 15:15:11 - [MESSAGE][PASSED] - Taking screenshot successfully
[[ATTACHMENT|/home/intersoft-admin/Rattan/Bash/Training/Rattan/Final_testing/New_ActivityOverview/Reports/20220214_115757/AmendOrder-Main/20220214_115820/1644831911099.png]]

2022-02-14 15:15:11 - [TEST_STEP][PASSED] - if (waitForElementClickable(findTestObject("Object Repository/AmendOrder/OtherDropdownInAmend-SelectOption", ["Position":"1"]), 15) == true): Web element with id: 'Object Repository/AmendOrder/OtherDropdownInAmend-SelectOption' located by '((//label[contains(text(),'Partner')]//following::div//input[@class='select-dropdown dropdown-trigger'])[${position}]//following-sibling::ul//li)[last()]' not found

2022-02-14 15:15:27 - [MESSAGE][INFO] - Unable to find the element located by 'By.xpath: ((//label[contains(text(),'Partner')]//following::div//input[@class='select-dropdown dropdown-trigger'])[${position}]//following-sibling::ul//li)[last()]'. Please recheck the objects properties to make sure the desired element is located. 

2022-02-14 15:15:27 - [MESSAGE][WARNING] - [SELF-HEALING] Failed to find element with id 'Object Repository/AmendOrder/OtherDropdownInAmend-SelectOption'. Try using Self-healing.

2022-02-14 15:15:28 - [MESSAGE][INFO] - [SELF-HEALING] No working XPath is found.

2022-02-14 15:15:29 - [MESSAGE][INFO] - Unable to find the element located by 'By.xpath: '. Please recheck the objects properties to make sure the desired element is located. 

2022-02-14 15:15:29 - [MESSAGE][WARNING] - [SELF-HEALING] Cannot find elements when the selector is null

2022-02-14 15:15:29 - [MESSAGE][WARNING] - Web element with id: 'Object Repository/AmendOrder/OtherDropdownInAmend-SelectOption' located by '((//label[contains(text(),'Partner')]//following::div//input[@class='select-dropdown dropdown-trigger'])[${position}]//following-sibling::ul//li)[last()]' not found

2022-02-14 15:15:29 - [TEST_STEP][PASSED] - click(findTestObject("Object Repository/AmendOrder/OtherDropdownInAmend-Select", ["Position":"2"])): Object: 'Object Repository/AmendOrder/OtherDropdownInAmend-Select' is clicked on

2022-02-14 15:15:32 - [MESSAGE][PASSED] - Object: 'Object Repository/AmendOrder/OtherDropdownInAmend-Select' is clicked on

2022-02-14 15:15:32 - [TEST_STEP][PASSED] - delay(1): Delayed 1 second(s)

2022-02-14 15:15:33 - [MESSAGE][PASSED] - Delayed 1 second(s)

2022-02-14 15:15:33 - [TEST_STEP][PASSED] - takeScreenshot(): Taking screenshot successfully

2022-02-14 15:15:33 - [MESSAGE][PASSED] - Taking screenshot successfully
[[ATTACHMENT|/home/intersoft-admin/Rattan/Bash/Training/Rattan/Final_testing/New_ActivityOverview/Reports/20220214_115757/AmendOrder-Main/20220214_115820/1644831933449.png]]

2022-02-14 15:15:33 - [TEST_STEP][PASSED] - if (waitForElementClickable(findTestObject("Object Repository/AmendOrder/OtherDropdownInAmend-SelectOption", ["Position":"2"]), 15) == true): Web element with id: 'Object Repository/AmendOrder/OtherDropdownInAmend-SelectOption' located by '((//label[contains(text(),'Partner')]//following::div//input[@class='select-dropdown dropdown-trigger'])[${position}]//following-sibling::ul//li)[last()]' not found

2022-02-14 15:15:49 - [MESSAGE][INFO] - Unable to find the element located by 'By.xpath: ((//label[contains(text(),'Partner')]//following::div//input[@class='select-dropdown dropdown-trigger'])[${position}]//following-sibling::ul//li)[last()]'. Please recheck the objects properties to make sure the desired element is located. 

2022-02-14 15:15:49 - [MESSAGE][WARNING] - [SELF-HEALING] Failed to find element with id 'Object Repository/AmendOrder/OtherDropdownInAmend-SelectOption'. Try using Self-healing.

2022-02-14 15:15:50 - [MESSAGE][INFO] - [SELF-HEALING] No working XPath is found.

2022-02-14 15:15:51 - [MESSAGE][INFO] - Unable to find the element located by 'By.xpath: '. Please recheck the objects properties to make sure the desired element is located. 

2022-02-14 15:15:51 - [MESSAGE][WARNING] - [SELF-HEALING] Cannot find elements when the selector is null

2022-02-14 15:15:51 - [MESSAGE][WARNING] - Web element with id: 'Object Repository/AmendOrder/OtherDropdownInAmend-SelectOption' located by '((//label[contains(text(),'Partner')]//following::div//input[@class='select-dropdown dropdown-trigger'])[${position}]//following-sibling::ul//li)[last()]' not found

2022-02-14 15:15:51 - [TEST_STEP][FAILED] - click(findTestObject("Object Repository/AmendOrder/OtherDropdownInAmend-Select", ["Position":"3"])): Unable to click on object 'Object Repository/AmendOrder/OtherDropdownInAmend-Select' (Root cause: com.kms.katalon.core.exception.StepFailedException: Unable to click on object 'Object Repository/AmendOrder/OtherDropdownInAmend-Select'
	at com.kms.katalon.core.webui.keyword.internal.WebUIKeywordMain.stepFailed(WebUIKeywordMain.groovy:64)
	at com.kms.katalon.core.webui.keyword.internal.WebUIKeywordMain.runKeyword(WebUIKeywordMain.groovy:26)
	at com.kms.katalon.core.webui.keyword.builtin.ClickKeyword.click(ClickKeyword.groovy:74)
	at com.kms.katalon.core.webui.keyword.builtin.ClickKeyword.execute(ClickKeyword.groovy:40)
	at com.kms.katalon.core.keyword.internal.KeywordExecutor.executeKeywordForPlatform(KeywordExecutor.groovy:74)
	at com.kms.katalon.core.webui.keyword.WebUiBuiltInKeywords.click(WebUiBuiltInKeywords.groovy:620)
	at com.kms.katalon.core.webui.keyword.WebUiBuiltInKeywords$click$2.call(Unknown Source)
	at ActivityOverview-AmendOrder-GetOrderIDAndAmend.run(ActivityOverview-AmendOrder-GetOrderIDAndAmend:197)
	at com.kms.katalon.core.main.ScriptEngine.run(ScriptEngine.java:194)
	at com.kms.katalon.core.main.ScriptEngine.runScriptAsRawText(ScriptEngine.java:119)
	at com.kms.katalon.core.main.TestCaseExecutor.runScript(TestCaseExecutor.java:442)
	at com.kms.katalon.core.main.TestCaseExecutor.doExecute(TestCaseExecutor.java:433)
	at com.kms.katalon.core.main.TestCaseExecutor.processExecutionPhase(TestCaseExecutor.java:412)
	at com.kms.katalon.core.main.TestCaseExecutor.accessMainPhase(TestCaseExecutor.java:404)
	at com.kms.katalon.core.main.TestCaseExecutor.execute(TestCaseExecutor.java:281)
	at com.kms.katalon.core.main.TestCaseExecutor.execute(TestCaseExecutor.java:363)
	at com.kms.katalon.core.main.TestCaseExecutor.execute(TestCaseExecutor.java:363)
	at com.kms.katalon.core.main.TestCaseExecutor.execute(TestCaseExecutor.java:363)
	at com.kms.katalon.core.main.TestSuiteExecutor.accessTestCaseMainPhase(TestSuiteExecutor.java:202)
	at com.kms.katalon.core.main.TestSuiteExecutor.accessTestSuiteMainPhase(TestSuiteExecutor.java:164)
	at com.kms.katalon.core.main.TestSuiteExecutor.execute(TestSuiteExecutor.java:105)
	at com.kms.katalon.core.main.TestCaseMain.startTestSuite(TestCaseMain.java:185)
	at com.kms.katalon.core.main.TestCaseMain$startTestSuite$0.call(Unknown Source)
	at TempTestSuite1644820100543.run(TempTestSuite1644820100543.groovy:36)
Caused by: org.openqa.selenium.ElementClickInterceptedException: element click intercepted: Element <input class="select-dropdown dropdown-trigger" type="text" readonly="true" data-target="select-options-d514ac6a-03e2-7921-ee3f-ecf3cf1bf37f"> is not clickable at point (681, 414). Other element would receive the click: <li id="select-options-f2850af9-633b-0f38-5194-7926e1d1e7062" tabindex="0" class="selected">...</li>
  (Session info: chrome=97.0.4692.99)
Build info: version: '3.141.59', revision: 'e82be7d358', time: '2018-11-14T08:25:53'
System info: host: 'intersoftadmin-desktop', ip: '127.0.1.1', os.name: 'Linux', os.arch: 'amd64', os.version: '5.4.0-99-generic', java.version: '1.8.0_312'
Driver info: com.kms.katalon.selenium.driver.CChromeDriver
Capabilities {acceptInsecureCerts: false, browserName: chrome, browserVersion: 97.0.4692.99, chrome: {chromedriverVersion: 97.0.4692.36 (747e0a0f19c13..., userDataDir: /tmp/.com.google.Chrome.PdatX6}, goog:chromeOptions: {debuggerAddress: localhost:32879}, javascriptEnabled: true, networkConnectionEnabled: false, pageLoadStrategy: normal, platform: LINUX, platformName: LINUX, proxy: Proxy(), setWindowRect: true, strictFileInteractability: false, timeouts: {implicit: 0, pageLoad: 300000, script: 30000}, unhandledPromptBehavior: dismiss and notify, webauthn:extension:credBlob: true, webauthn:extension:largeBlob: true, webauthn:virtualAuthenticators: true}
Session ID: 7ed18ceabfed22c8e26d0526e2e414a6
	at org.openqa.selenium.remote.http.W3CHttpResponseCodec.createException(W3CHttpResponseCodec.java:187)
	at org.openqa.selenium.remote.http.W3CHttpResponseCodec.decode(W3CHttpResponseCodec.java:122)
	at org.openqa.selenium.remote.http.W3CHttpResponseCodec.decode(W3CHttpResponseCodec.java:49)
	at org.openqa.selenium.remote.HttpCommandExecutor.execute(HttpCommandExecutor.java:158)
	at org.openqa.selenium.remote.service.DriverCommandExecutor.execute(DriverCommandExecutor.java:83)
	at org.openqa.selenium.remote.RemoteWebDriver.execute(RemoteWebDriver.java:552)
	at com.kms.katalon.selenium.driver.CChromeDriver.execute(CChromeDriver.java:19)
	at org.openqa.selenium.remote.RemoteWebElement.execute(RemoteWebElement.java:285)
	at org.openqa.selenium.remote.RemoteWebElement.click(RemoteWebElement.java:84)
	at org.openqa.selenium.support.events.EventFiringWebDriver$EventFiringWebElement.lambda$new$0(EventFiringWebDriver.java:404)
	at com.sun.proxy.$Proxy11.click(Unknown Source)
	at org.openqa.selenium.support.events.EventFiringWebDriver$EventFiringWebElement.click(EventFiringWebDriver.java:417)
	at org.openqa.selenium.WebElement$click.call(Unknown Source)
	at com.kms.katalon.core.webui.keyword.builtin.ClickKeyword.clickUntilSuccessWithTimeout(ClickKeyword.groovy:81)
	at com.kms.katalon.core.webui.keyword.builtin.ClickKeyword.clickUntilSuccessWithTimeout(ClickKeyword.groovy)
	at com.kms.katalon.core.webui.keyword.builtin.ClickKeyword$_click_closure1.doCall(ClickKeyword.groovy:67)
	at com.kms.katalon.core.webui.keyword.builtin.ClickKeyword$_click_closure1.call(ClickKeyword.groovy)
	at com.kms.katalon.core.webui.keyword.internal.WebUIKeywordMain.runKeyword(WebUIKeywordMain.groovy:20)
	at com.kms.katalon.core.webui.keyword.builtin.ClickKeyword.click(ClickKeyword.groovy:74)
	at com.kms.katalon.core.webui.keyword.builtin.ClickKeyword.execute(ClickKeyword.groovy:40)
	at com.kms.katalon.core.keyword.internal.KeywordExecutor.executeKeywordForPlatform(KeywordExecutor.groovy:74)
	at com.kms.katalon.core.webui.keyword.WebUiBuiltInKeywords.click(WebUiBuiltInKeywords.groovy:620)
	at com.kms.katalon.core.webui.keyword.WebUiBuiltInKeywords$click$2.call(Unknown Source)
	at Script1644683205666.run(Script1644683205666.groovy:197)
	... 16 more
)

2022-02-14 15:16:26 - [MESSAGE][FAILED] - Unable to click on object 'Object Repository/AmendOrder/OtherDropdownInAmend-Select' (Root cause: com.kms.katalon.core.exception.StepFailedException: Unable to click on object 'Object Repository/AmendOrder/OtherDropdownInAmend-Select'
	at com.kms.katalon.core.webui.keyword.internal.WebUIKeywordMain.stepFailed(WebUIKeywordMain.groovy:64)
	at com.kms.katalon.core.webui.keyword.internal.WebUIKeywordMain.runKeyword(WebUIKeywordMain.groovy:26)
	at com.kms.katalon.core.webui.keyword.builtin.ClickKeyword.click(ClickKeyword.groovy:74)
	at com.kms.katalon.core.webui.keyword.builtin.ClickKeyword.execute(ClickKeyword.groovy:40)
	at com.kms.katalon.core.keyword.internal.KeywordExecutor.executeKeywordForPlatform(KeywordExecutor.groovy:74)
	at com.kms.katalon.core.webui.keyword.WebUiBuiltInKeywords.click(WebUiBuiltInKeywords.groovy:620)
	at com.kms.katalon.core.webui.keyword.WebUiBuiltInKeywords$click$2.call(Unknown Source)
	at ActivityOverview-AmendOrder-GetOrderIDAndAmend.run(ActivityOverview-AmendOrder-GetOrderIDAndAmend:197)
	at com.kms.katalon.core.main.ScriptEngine.run(ScriptEngine.java:194)
	at com.kms.katalon.core.main.ScriptEngine.runScriptAsRawText(ScriptEngine.java:119)
	at com.kms.katalon.core.main.TestCaseExecutor.runScript(TestCaseExecutor.java:442)
	at com.kms.katalon.core.main.TestCaseExecutor.doExecute(TestCaseExecutor.java:433)
	at com.kms.katalon.core.main.TestCaseExecutor.processExecutionPhase(TestCaseExecutor.java:412)
	at com.kms.katalon.core.main.TestCaseExecutor.accessMainPhase(TestCaseExecutor.java:404)
	at com.kms.katalon.core.main.TestCaseExecutor.execute(TestCaseExecutor.java:281)
	at com.kms.katalon.core.main.TestCaseExecutor.execute(TestCaseExecutor.java:363)
	at com.kms.katalon.core.main.TestCaseExecutor.execute(TestCaseExecutor.java:363)
	at com.kms.katalon.core.main.TestCaseExecutor.execute(TestCaseExecutor.java:363)
	at com.kms.katalon.core.main.TestSuiteExecutor.accessTestCaseMainPhase(TestSuiteExecutor.java:202)
	at com.kms.katalon.core.main.TestSuiteExecutor.accessTestSuiteMainPhase(TestSuiteExecutor.java:164)
	at com.kms.katalon.core.main.TestSuiteExecutor.execute(TestSuiteExecutor.java:105)
	at com.kms.katalon.core.main.TestCaseMain.startTestSuite(TestCaseMain.java:185)
	at com.kms.katalon.core.main.TestCaseMain$startTestSuite$0.call(Unknown Source)
	at TempTestSuite1644820100543.run(TempTestSuite1644820100543.groovy:36)
Caused by: org.openqa.selenium.ElementClickInterceptedException: element click intercepted: Element <input class="select-dropdown dropdown-trigger" type="text" readonly="true" data-target="select-options-d514ac6a-03e2-7921-ee3f-ecf3cf1bf37f"> is not clickable at point (681, 414). Other element would receive the click: <li id="select-options-f2850af9-633b-0f38-5194-7926e1d1e7062" tabindex="0" class="selected">...</li>
  (Session info: chrome=97.0.4692.99)
Build info: version: '3.141.59', revision: 'e82be7d358', time: '2018-11-14T08:25:53'
System info: host: 'intersoftadmin-desktop', ip: '127.0.1.1', os.name: 'Linux', os.arch: 'amd64', os.version: '5.4.0-99-generic', java.version: '1.8.0_312'
Driver info: com.kms.katalon.selenium.driver.CChromeDriver
Capabilities {acceptInsecureCerts: false, browserName: chrome, browserVersion: 97.0.4692.99, chrome: {chromedriverVersion: 97.0.4692.36 (747e0a0f19c13..., userDataDir: /tmp/.com.google.Chrome.PdatX6}, goog:chromeOptions: {debuggerAddress: localhost:32879}, javascriptEnabled: true, networkConnectionEnabled: false, pageLoadStrategy: normal, platform: LINUX, platformName: LINUX, proxy: Proxy(), setWindowRect: true, strictFileInteractability: false, timeouts: {implicit: 0, pageLoad: 300000, script: 30000}, unhandledPromptBehavior: dismiss and notify, webauthn:extension:credBlob: true, webauthn:extension:largeBlob: true, webauthn:virtualAuthenticators: true}
Session ID: 7ed18ceabfed22c8e26d0526e2e414a6
	at org.openqa.selenium.remote.http.W3CHttpResponseCodec.createException(W3CHttpResponseCodec.java:187)
	at org.openqa.selenium.remote.http.W3CHttpResponseCodec.decode(W3CHttpResponseCodec.java:122)
	at org.openqa.selenium.remote.http.W3CHttpResponseCodec.decode(W3CHttpResponseCodec.java:49)
	at org.openqa.selenium.remote.HttpCommandExecutor.execute(HttpCommandExecutor.java:158)
	at org.openqa.selenium.remote.service.DriverCommandExecutor.execute(DriverCommandExecutor.java:83)
	at org.openqa.selenium.remote.RemoteWebDriver.execute(RemoteWebDriver.java:552)
	at com.kms.katalon.selenium.driver.CChromeDriver.execute(CChromeDriver.java:19)
	at org.openqa.selenium.remote.RemoteWebElement.execute(RemoteWebElement.java:285)
	at org.openqa.selenium.remote.RemoteWebElement.click(RemoteWebElement.java:84)
	at org.openqa.selenium.support.events.EventFiringWebDriver$EventFiringWebElement.lambda$new$0(EventFiringWebDriver.java:404)
	at com.sun.proxy.$Proxy11.click(Unknown Source)
	at org.openqa.selenium.support.events.EventFiringWebDriver$EventFiringWebElement.click(EventFiringWebDriver.java:417)
	at org.openqa.selenium.WebElement$click.call(Unknown Source)
	at com.kms.katalon.core.webui.keyword.builtin.ClickKeyword.clickUntilSuccessWithTimeout(ClickKeyword.groovy:81)
	at com.kms.katalon.core.webui.keyword.builtin.ClickKeyword.clickUntilSuccessWithTimeout(ClickKeyword.groovy)
	at com.kms.katalon.core.webui.keyword.builtin.ClickKeyword$_click_closure1.doCall(ClickKeyword.groovy:67)
	at com.kms.katalon.core.webui.keyword.builtin.ClickKeyword$_click_closure1.call(ClickKeyword.groovy)
	at com.kms.katalon.core.webui.keyword.internal.WebUIKeywordMain.runKeyword(WebUIKeywordMain.groovy:20)
	at com.kms.katalon.core.webui.keyword.builtin.ClickKeyword.click(ClickKeyword.groovy:74)
	at com.kms.katalon.core.webui.keyword.builtin.ClickKeyword.execute(ClickKeyword.groovy:40)
	at com.kms.katalon.core.keyword.internal.KeywordExecutor.executeKeywordForPlatform(KeywordExecutor.groovy:74)
	at com.kms.katalon.core.webui.keyword.WebUiBuiltInKeywords.click(WebUiBuiltInKeywords.groovy:620)
	at com.kms.katalon.core.webui.keyword.WebUiBuiltInKeywords$click$2.call(Unknown Source)
	at Script1644683205666.run(Script1644683205666.groovy:197)
	... 16 more
)
[[ATTACHMENT|/home/intersoft-admin/Rattan/Bash/Training/Rattan/Final_testing/New_ActivityOverview/Reports/20220214_115757/AmendOrder-Main/20220214_115820/1644831986150.png]]]]></system-out>
         <system-err><![CDATA[2022-02-14 15:06:08 - [TEST_CASE][FAILED] - Test Cases/NewActivityOverview-LeftNavigation/ActivityOverview-AmendOrder-GetOrderIDAndAmend: Test Cases/NewActivityOverview-LeftNavigation/ActivityOverview-AmendOrder-GetOrderIDAndAmend FAILED.
Reason:
com.kms.katalon.core.exception.StepFailedException: Unable to click on object 'Object Repository/AmendOrder/OtherDropdownInAmend-Select'
	at com.kms.katalon.core.webui.keyword.internal.WebUIKeywordMain.stepFailed(WebUIKeywordMain.groovy:64)
	at com.kms.katalon.core.webui.keyword.internal.WebUIKeywordMain.runKeyword(WebUIKeywordMain.groovy:26)
	at com.kms.katalon.core.webui.keyword.builtin.ClickKeyword.click(ClickKeyword.groovy:74)
	at com.kms.katalon.core.webui.keyword.builtin.ClickKeyword.execute(ClickKeyword.groovy:40)
	at com.kms.katalon.core.keyword.internal.KeywordExecutor.executeKeywordForPlatform(KeywordExecutor.groovy:74)
	at com.kms.katalon.core.webui.keyword.WebUiBuiltInKeywords.click(WebUiBuiltInKeywords.groovy:620)
	at com.kms.katalon.core.webui.keyword.WebUiBuiltInKeywords$click$2.call(Unknown Source)
	at ActivityOverview-AmendOrder-GetOrderIDAndAmend.run(ActivityOverview-AmendOrder-GetOrderIDAndAmend:197)
	at com.kms.katalon.core.main.ScriptEngine.run(ScriptEngine.java:194)
	at com.kms.katalon.core.main.ScriptEngine.runScriptAsRawText(ScriptEngine.java:119)
	at com.kms.katalon.core.main.TestCaseExecutor.runScript(TestCaseExecutor.java:442)
	at com.kms.katalon.core.main.TestCaseExecutor.doExecute(TestCaseExecutor.java:433)
	at com.kms.katalon.core.main.TestCaseExecutor.processExecutionPhase(TestCaseExecutor.java:412)
	at com.kms.katalon.core.main.TestCaseExecutor.accessMainPhase(TestCaseExecutor.java:404)
	at com.kms.katalon.core.main.TestCaseExecutor.execute(TestCaseExecutor.java:281)
	at com.kms.katalon.core.main.TestCaseExecutor.execute(TestCaseExecutor.java:363)
	at com.kms.katalon.core.main.TestCaseExecutor.execute(TestCaseExecutor.java:363)
	at com.kms.katalon.core.main.TestCaseExecutor.execute(TestCaseExecutor.java:363)
	at com.kms.katalon.core.main.TestSuiteExecutor.accessTestCaseMainPhase(TestSuiteExecutor.java:202)
	at com.kms.katalon.core.main.TestSuiteExecutor.accessTestSuiteMainPhase(TestSuiteExecutor.java:164)
	at com.kms.katalon.core.main.TestSuiteExecutor.execute(TestSuiteExecutor.java:105)
	at com.kms.katalon.core.main.TestCaseMain.startTestSuite(TestCaseMain.java:185)
	at com.kms.katalon.core.main.TestCaseMain$startTestSuite$0.call(Unknown Source)
	at TempTestSuite1644820100543.run(TempTestSuite1644820100543.groovy:36)
Caused by: org.openqa.selenium.ElementClickInterceptedException: element click intercepted: Element <input class="select-dropdown dropdown-trigger" type="text" readonly="true" data-target="select-options-d514ac6a-03e2-7921-ee3f-ecf3cf1bf37f"> is not clickable at point (681, 414). Other element would receive the click: <li id="select-options-f2850af9-633b-0f38-5194-7926e1d1e7062" tabindex="0" class="selected">...</li>
  (Session info: chrome=97.0.4692.99)
Build info: version: '3.141.59', revision: 'e82be7d358', time: '2018-11-14T08:25:53'
System info: host: 'intersoftadmin-desktop', ip: '127.0.1.1', os.name: 'Linux', os.arch: 'amd64', os.version: '5.4.0-99-generic', java.version: '1.8.0_312'
Driver info: com.kms.katalon.selenium.driver.CChromeDriver
Capabilities {acceptInsecureCerts: false, browserName: chrome, browserVersion: 97.0.4692.99, chrome: {chromedriverVersion: 97.0.4692.36 (747e0a0f19c13..., userDataDir: /tmp/.com.google.Chrome.PdatX6}, goog:chromeOptions: {debuggerAddress: localhost:32879}, javascriptEnabled: true, networkConnectionEnabled: false, pageLoadStrategy: normal, platform: LINUX, platformName: LINUX, proxy: Proxy(), setWindowRect: true, strictFileInteractability: false, timeouts: {implicit: 0, pageLoad: 300000, script: 30000}, unhandledPromptBehavior: dismiss and notify, webauthn:extension:credBlob: true, webauthn:extension:largeBlob: true, webauthn:virtualAuthenticators: true}
Session ID: 7ed18ceabfed22c8e26d0526e2e414a6
	at org.openqa.selenium.remote.http.W3CHttpResponseCodec.createException(W3CHttpResponseCodec.java:187)
	at org.openqa.selenium.remote.http.W3CHttpResponseCodec.decode(W3CHttpResponseCodec.java:122)
	at org.openqa.selenium.remote.http.W3CHttpResponseCodec.decode(W3CHttpResponseCodec.java:49)
	at org.openqa.selenium.remote.HttpCommandExecutor.execute(HttpCommandExecutor.java:158)
	at org.openqa.selenium.remote.service.DriverCommandExecutor.execute(DriverCommandExecutor.java:83)
	at org.openqa.selenium.remote.RemoteWebDriver.execute(RemoteWebDriver.java:552)
	at com.kms.katalon.selenium.driver.CChromeDriver.execute(CChromeDriver.java:19)
	at org.openqa.selenium.remote.RemoteWebElement.execute(RemoteWebElement.java:285)
	at org.openqa.selenium.remote.RemoteWebElement.click(RemoteWebElement.java:84)
	at org.openqa.selenium.support.events.EventFiringWebDriver$EventFiringWebElement.lambda$new$0(EventFiringWebDriver.java:404)
	at com.sun.proxy.$Proxy11.click(Unknown Source)
	at org.openqa.selenium.support.events.EventFiringWebDriver$EventFiringWebElement.click(EventFiringWebDriver.java:417)
	at org.openqa.selenium.WebElement$click.call(Unknown Source)
	at com.kms.katalon.core.webui.keyword.builtin.ClickKeyword.clickUntilSuccessWithTimeout(ClickKeyword.groovy:81)
	at com.kms.katalon.core.webui.keyword.builtin.ClickKeyword.clickUntilSuccessWithTimeout(ClickKeyword.groovy)
	at com.kms.katalon.core.webui.keyword.builtin.ClickKeyword$_click_closure1.doCall(ClickKeyword.groovy:67)
	at com.kms.katalon.core.webui.keyword.builtin.ClickKeyword$_click_closure1.call(ClickKeyword.groovy)
	at com.kms.katalon.core.webui.keyword.internal.WebUIKeywordMain.runKeyword(WebUIKeywordMain.groovy:20)
	... 22 more]]></system-err>
      </testcase>
      <system-out><![CDATA[2022-02-14 14:35:01 - [TEST_SUITE][FAILED] - AmendOrder-Main: Test Cases/NewActivityOverview-LeftNavigation/ActivityOverview-AmendOrder-GetOrderIDAndAmend FAILED.
Reason:
com.kms.katalon.core.exception.StepFailedException: Unable to click on object 'Object Repository/AmendOrder/OtherDropdownInAmend-Select'
	at com.kms.katalon.core.webui.keyword.internal.WebUIKeywordMain.stepFailed(WebUIKeywordMain.groovy:64)
	at com.kms.katalon.core.webui.keyword.internal.WebUIKeywordMain.runKeyword(WebUIKeywordMain.groovy:26)
	at com.kms.katalon.core.webui.keyword.builtin.ClickKeyword.click(ClickKeyword.groovy:74)
	at com.kms.katalon.core.webui.keyword.builtin.ClickKeyword.execute(ClickKeyword.groovy:40)
	at com.kms.katalon.core.keyword.internal.KeywordExecutor.executeKeywordForPlatform(KeywordExecutor.groovy:74)
	at com.kms.katalon.core.webui.keyword.WebUiBuiltInKeywords.click(WebUiBuiltInKeywords.groovy:620)
	at com.kms.katalon.core.webui.keyword.WebUiBuiltInKeywords$click$2.call(Unknown Source)
	at ActivityOverview-AmendOrder-GetOrderIDAndAmend.run(ActivityOverview-AmendOrder-GetOrderIDAndAmend:197)
	at com.kms.katalon.core.main.ScriptEngine.run(ScriptEngine.java:194)
	at com.kms.katalon.core.main.ScriptEngine.runScriptAsRawText(ScriptEngine.java:119)
	at com.kms.katalon.core.main.TestCaseExecutor.runScript(TestCaseExecutor.java:442)
	at com.kms.katalon.core.main.TestCaseExecutor.doExecute(TestCaseExecutor.java:433)
	at com.kms.katalon.core.main.TestCaseExecutor.processExecutionPhase(TestCaseExecutor.java:412)
	at com.kms.katalon.core.main.TestCaseExecutor.accessMainPhase(TestCaseExecutor.java:404)
	at com.kms.katalon.core.main.TestCaseExecutor.execute(TestCaseExecutor.java:281)
	at com.kms.katalon.core.main.TestSuiteExecutor.accessTestCaseMainPhase(TestSuiteExecutor.java:202)
	at com.kms.katalon.core.main.TestSuiteExecutor.accessTestSuiteMainPhase(TestSuiteExecutor.java:164)
	at com.kms.katalon.core.main.TestSuiteExecutor.execute(TestSuiteExecutor.java:105)
	at com.kms.katalon.core.main.TestCaseMain.startTestSuite(TestCaseMain.java:185)
	at com.kms.katalon.core.main.TestCaseMain$startTestSuite$0.call(Unknown Source)
	at TempTestSuite1644820100543.run(TempTestSuite1644820100543.groovy:36)
Caused by: org.openqa.selenium.ElementClickInterceptedException: element click intercepted: Element <input class="select-dropdown dropdown-trigger" type="text" readonly="true" data-target="select-options-e37eb41c-ae8b-2e41-5192-e315f8942cb0"> is not clickable at point (681, 414). Other element would receive the click: <li id="select-options-67adc300-e4ce-4002-cb65-9d7578c6c02b147" tabindex="0" class="selected">...</li>
  (Session info: chrome=97.0.4692.99)
Build info: version: '3.141.59', revision: 'e82be7d358', time: '2018-11-14T08:25:53'
System info: host: 'intersoftadmin-desktop', ip: '127.0.1.1', os.name: 'Linux', os.arch: 'amd64', os.version: '5.4.0-99-generic', java.version: '1.8.0_312'
Driver info: com.kms.katalon.selenium.driver.CChromeDriver
Capabilities {acceptInsecureCerts: false, browserName: chrome, browserVersion: 97.0.4692.99, chrome: {chromedriverVersion: 97.0.4692.36 (747e0a0f19c13..., userDataDir: /tmp/.com.google.Chrome.oBZuzZ}, goog:chromeOptions: {debuggerAddress: localhost:35977}, javascriptEnabled: true, networkConnectionEnabled: false, pageLoadStrategy: normal, platform: LINUX, platformName: LINUX, proxy: Proxy(), setWindowRect: true, strictFileInteractability: false, timeouts: {implicit: 0, pageLoad: 300000, script: 30000}, unhandledPromptBehavior: dismiss and notify, webauthn:extension:credBlob: true, webauthn:extension:largeBlob: true, webauthn:virtualAuthenticators: true}
Session ID: 346218e3ac359deb0a276b565a599afe
	at org.openqa.selenium.remote.http.W3CHttpResponseCodec.createException(W3CHttpResponseCodec.java:187)
	at org.openqa.selenium.remote.http.W3CHttpResponseCodec.decode(W3CHttpResponseCodec.java:122)
	at org.openqa.selenium.remote.http.W3CHttpResponseCodec.decode(W3CHttpResponseCodec.java:49)
	at org.openqa.selenium.remote.HttpCommandExecutor.execute(HttpCommandExecutor.java:158)
	at org.openqa.selenium.remote.service.DriverCommandExecutor.execute(DriverCommandExecutor.java:83)
	at org.openqa.selenium.remote.RemoteWebDriver.execute(RemoteWebDriver.java:552)
	at com.kms.katalon.selenium.driver.CChromeDriver.execute(CChromeDriver.java:19)
	at org.openqa.selenium.remote.RemoteWebElement.execute(RemoteWebElement.java:285)
	at org.openqa.selenium.remote.RemoteWebElement.click(RemoteWebElement.java:84)
	at org.openqa.selenium.support.events.EventFiringWebDriver$EventFiringWebElement.lambda$new$0(EventFiringWebDriver.java:404)
	at com.sun.proxy.$Proxy11.click(Unknown Source)
	at org.openqa.selenium.support.events.EventFiringWebDriver$EventFiringWebElement.click(EventFiringWebDriver.java:417)
	at org.openqa.selenium.WebElement$click.call(Unknown Source)
	at com.kms.katalon.core.webui.keyword.builtin.ClickKeyword.clickUntilSuccessWithTimeout(ClickKeyword.groovy:81)
	at com.kms.katalon.core.webui.keyword.builtin.ClickKeyword.clickUntilSuccessWithTimeout(ClickKeyword.groovy)
	at com.kms.katalon.core.webui.keyword.builtin.ClickKeyword$_click_closure1.doCall(ClickKeyword.groovy:67)
	at com.kms.katalon.core.webui.keyword.builtin.ClickKeyword$_click_closure1.call(ClickKeyword.groovy)
	at com.kms.katalon.core.webui.keyword.internal.WebUIKeywordMain.runKeyword(WebUIKeywordMain.groovy:20)
	... 19 more]]></system-out>
      <system-err><![CDATA[2022-02-14 14:35:01 - [TEST_SUITE][FAILED] - AmendOrder-Main: Test Cases/NewActivityOverview-LeftNavigation/ActivityOverview-AmendOrder-GetOrderIDAndAmend FAILED.
Reason:
com.kms.katalon.core.exception.StepFailedException: Unable to click on object 'Object Repository/AmendOrder/OtherDropdownInAmend-Select'
	at com.kms.katalon.core.webui.keyword.internal.WebUIKeywordMain.stepFailed(WebUIKeywordMain.groovy:64)
	at com.kms.katalon.core.webui.keyword.internal.WebUIKeywordMain.runKeyword(WebUIKeywordMain.groovy:26)
	at com.kms.katalon.core.webui.keyword.builtin.ClickKeyword.click(ClickKeyword.groovy:74)
	at com.kms.katalon.core.webui.keyword.builtin.ClickKeyword.execute(ClickKeyword.groovy:40)
	at com.kms.katalon.core.keyword.internal.KeywordExecutor.executeKeywordForPlatform(KeywordExecutor.groovy:74)
	at com.kms.katalon.core.webui.keyword.WebUiBuiltInKeywords.click(WebUiBuiltInKeywords.groovy:620)
	at com.kms.katalon.core.webui.keyword.WebUiBuiltInKeywords$click$2.call(Unknown Source)
	at ActivityOverview-AmendOrder-GetOrderIDAndAmend.run(ActivityOverview-AmendOrder-GetOrderIDAndAmend:197)
	at com.kms.katalon.core.main.ScriptEngine.run(ScriptEngine.java:194)
	at com.kms.katalon.core.main.ScriptEngine.runScriptAsRawText(ScriptEngine.java:119)
	at com.kms.katalon.core.main.TestCaseExecutor.runScript(TestCaseExecutor.java:442)
	at com.kms.katalon.core.main.TestCaseExecutor.doExecute(TestCaseExecutor.java:433)
	at com.kms.katalon.core.main.TestCaseExecutor.processExecutionPhase(TestCaseExecutor.java:412)
	at com.kms.katalon.core.main.TestCaseExecutor.accessMainPhase(TestCaseExecutor.java:404)
	at com.kms.katalon.core.main.TestCaseExecutor.execute(TestCaseExecutor.java:281)
	at com.kms.katalon.core.main.TestSuiteExecutor.accessTestCaseMainPhase(TestSuiteExecutor.java:202)
	at com.kms.katalon.core.main.TestSuiteExecutor.accessTestSuiteMainPhase(TestSuiteExecutor.java:164)
	at com.kms.katalon.core.main.TestSuiteExecutor.execute(TestSuiteExecutor.java:105)
	at com.kms.katalon.core.main.TestCaseMain.startTestSuite(TestCaseMain.java:185)
	at com.kms.katalon.core.main.TestCaseMain$startTestSuite$0.call(Unknown Source)
	at TempTestSuite1644820100543.run(TempTestSuite1644820100543.groovy:36)
Caused by: org.openqa.selenium.ElementClickInterceptedException: element click intercepted: Element <input class="select-dropdown dropdown-trigger" type="text" readonly="true" data-target="select-options-e37eb41c-ae8b-2e41-5192-e315f8942cb0"> is not clickable at point (681, 414). Other element would receive the click: <li id="select-options-67adc300-e4ce-4002-cb65-9d7578c6c02b147" tabindex="0" class="selected">...</li>
  (Session info: chrome=97.0.4692.99)
Build info: version: '3.141.59', revision: 'e82be7d358', time: '2018-11-14T08:25:53'
System info: host: 'intersoftadmin-desktop', ip: '127.0.1.1', os.name: 'Linux', os.arch: 'amd64', os.version: '5.4.0-99-generic', java.version: '1.8.0_312'
Driver info: com.kms.katalon.selenium.driver.CChromeDriver
Capabilities {acceptInsecureCerts: false, browserName: chrome, browserVersion: 97.0.4692.99, chrome: {chromedriverVersion: 97.0.4692.36 (747e0a0f19c13..., userDataDir: /tmp/.com.google.Chrome.oBZuzZ}, goog:chromeOptions: {debuggerAddress: localhost:35977}, javascriptEnabled: true, networkConnectionEnabled: false, pageLoadStrategy: normal, platform: LINUX, platformName: LINUX, proxy: Proxy(), setWindowRect: true, strictFileInteractability: false, timeouts: {implicit: 0, pageLoad: 300000, script: 30000}, unhandledPromptBehavior: dismiss and notify, webauthn:extension:credBlob: true, webauthn:extension:largeBlob: true, webauthn:virtualAuthenticators: true}
Session ID: 346218e3ac359deb0a276b565a599afe
	at org.openqa.selenium.remote.http.W3CHttpResponseCodec.createException(W3CHttpResponseCodec.java:187)
	at org.openqa.selenium.remote.http.W3CHttpResponseCodec.decode(W3CHttpResponseCodec.java:122)
	at org.openqa.selenium.remote.http.W3CHttpResponseCodec.decode(W3CHttpResponseCodec.java:49)
	at org.openqa.selenium.remote.HttpCommandExecutor.execute(HttpCommandExecutor.java:158)
	at org.openqa.selenium.remote.service.DriverCommandExecutor.execute(DriverCommandExecutor.java:83)
	at org.openqa.selenium.remote.RemoteWebDriver.execute(RemoteWebDriver.java:552)
	at com.kms.katalon.selenium.driver.CChromeDriver.execute(CChromeDriver.java:19)
	at org.openqa.selenium.remote.RemoteWebElement.execute(RemoteWebElement.java:285)
	at org.openqa.selenium.remote.RemoteWebElement.click(RemoteWebElement.java:84)
	at org.openqa.selenium.support.events.EventFiringWebDriver$EventFiringWebElement.lambda$new$0(EventFiringWebDriver.java:404)
	at com.sun.proxy.$Proxy11.click(Unknown Source)
	at org.openqa.selenium.support.events.EventFiringWebDriver$EventFiringWebElement.click(EventFiringWebDriver.java:417)
	at org.openqa.selenium.WebElement$click.call(Unknown Source)
	at com.kms.katalon.core.webui.keyword.builtin.ClickKeyword.clickUntilSuccessWithTimeout(ClickKeyword.groovy:81)
	at com.kms.katalon.core.webui.keyword.builtin.ClickKeyword.clickUntilSuccessWithTimeout(ClickKeyword.groovy)
	at com.kms.katalon.core.webui.keyword.builtin.ClickKeyword$_click_closure1.doCall(ClickKeyword.groovy:67)
	at com.kms.katalon.core.webui.keyword.builtin.ClickKeyword$_click_closure1.call(ClickKeyword.groovy)
	at com.kms.katalon.core.webui.keyword.internal.WebUIKeywordMain.runKeyword(WebUIKeywordMain.groovy:20)
	... 19 more]]></system-err>
   </testsuite>
   <testsuite name="EmailDownloadPreview" tests="2" failures="2" errors="0" time="315.119" skipped="0" timestamp="2022-02-14 15:16:47" hostname="intersoft-admin - intersoftadmin-desktop" id="Test Suites/EmailDownloadPreview">
      <properties>
         <property name="deviceName" value=""/>
         <property name="devicePlatform" value=""/>
         <property name="logFolder" value="/home/intersoft-admin/Rattan/Bash/Training/Rattan/Final_testing/New_ActivityOverview/Reports/20220214_115757/EmailDownloadPreview/20220214_115822"/>
         <property name="logFiles" value="/home/intersoft-admin/Rattan/Bash/Training/Rattan/Final_testing/New_ActivityOverview/Reports/20220214_115757/EmailDownloadPreview/20220214_115822/execution0.log"/>
         <property name="attachments" value="/home/intersoft-admin/Rattan/Bash/Training/Rattan/Final_testing/New_ActivityOverview/Reports/20220214_115757/EmailDownloadPreview/20220214_115822/1644832036712.png, /home/intersoft-admin/Rattan/Bash/Training/Rattan/Final_testing/New_ActivityOverview/Reports/20220214_115757/EmailDownloadPreview/20220214_115822/1644832050465.png, /home/intersoft-admin/Rattan/Bash/Training/Rattan/Final_testing/New_ActivityOverview/Reports/20220214_115757/EmailDownloadPreview/20220214_115822/1644832060907.png, /home/intersoft-admin/Rattan/Bash/Training/Rattan/Final_testing/New_ActivityOverview/Reports/20220214_115757/EmailDownloadPreview/20220214_115822/1644832092539.png, /home/intersoft-admin/Rattan/Bash/Training/Rattan/Final_testing/New_ActivityOverview/Reports/20220214_115757/EmailDownloadPreview/20220214_115822/1644832116001.png, /home/intersoft-admin/Rattan/Bash/Training/Rattan/Final_testing/New_ActivityOverview/Reports/20220214_115757/EmailDownloadPreview/20220214_115822/1644832116341.png, /home/intersoft-admin/Rattan/Bash/Training/Rattan/Final_testing/New_ActivityOverview/Reports/20220214_115757/EmailDownloadPreview/20220214_115822/1644832139749.png, /home/intersoft-admin/Rattan/Bash/Training/Rattan/Final_testing/New_ActivityOverview/Reports/20220214_115757/EmailDownloadPreview/20220214_115822/1644832153264.png, /home/intersoft-admin/Rattan/Bash/Training/Rattan/Final_testing/New_ActivityOverview/Reports/20220214_115757/EmailDownloadPreview/20220214_115822/1644832166547.png, /home/intersoft-admin/Rattan/Bash/Training/Rattan/Final_testing/New_ActivityOverview/Reports/20220214_115757/EmailDownloadPreview/20220214_115822/1644832179839.png, /home/intersoft-admin/Rattan/Bash/Training/Rattan/Final_testing/New_ActivityOverview/Reports/20220214_115757/EmailDownloadPreview/20220214_115822/1644832193133.png, /home/intersoft-admin/Rattan/Bash/Training/Rattan/Final_testing/New_ActivityOverview/Reports/20220214_115757/EmailDownloadPreview/20220214_115822/1644832206424.png, /home/intersoft-admin/Rattan/Bash/Training/Rattan/Final_testing/New_ActivityOverview/Reports/20220214_115757/EmailDownloadPreview/20220214_115822/1644832211722.png, /home/intersoft-admin/Rattan/Bash/Training/Rattan/Final_testing/New_ActivityOverview/Reports/20220214_115757/EmailDownloadPreview/20220214_115822/1644832220037.png, /home/intersoft-admin/Rattan/Bash/Training/Rattan/Final_testing/New_ActivityOverview/Reports/20220214_115757/EmailDownloadPreview/20220214_115822/1644832246426.png, /home/intersoft-admin/Rattan/Bash/Training/Rattan/Final_testing/New_ActivityOverview/Reports/20220214_115757/EmailDownloadPreview/20220214_115822/1644832251714.png, /home/intersoft-admin/Rattan/Bash/Training/Rattan/Final_testing/New_ActivityOverview/Reports/20220214_115757/EmailDownloadPreview/20220214_115822/1644832260025.png, /home/intersoft-admin/Rattan/Bash/Training/Rattan/Final_testing/New_ActivityOverview/Reports/20220214_115757/EmailDownloadPreview/20220214_115822/1644832278494.png, /home/intersoft-admin/Rattan/Bash/Training/Rattan/Final_testing/New_ActivityOverview/Reports/20220214_115757/EmailDownloadPreview/20220214_115822/1644832283795.png, /home/intersoft-admin/Rattan/Bash/Training/Rattan/Final_testing/New_ActivityOverview/Reports/20220214_115757/EmailDownloadPreview/20220214_115822/1644832317034.png, /home/intersoft-admin/Rattan/Bash/Training/Rattan/Final_testing/New_ActivityOverview/Reports/20220214_115757/EmailDownloadPreview/20220214_115822/1644832322408.png"/>
         <property name="hostName" value="intersoft-admin - intersoftadmin-desktop"/>
         <property name="os" value="Linux 64bit"/>
         <property name="katalonVersion" value="8.2.5.208"/>
         <property name="browser" value="Chrome 97.0.4692.99"/>
         <property name="hostAddress" value="127.0.1.1"/>
         <property name="sessionId" value="5cb82647246fe980b29d6eddbae06d33"/>
         <property name="seleniumVersion" value="3.141.59"/>
         <property name="proxyInformation" value="ProxyInformation { proxyOption=NO_PROXY, proxyServerType=HTTP, username=, password=********, proxyServerAddress=, proxyServerPort=0, executionList=&quot;&quot;, isApplyToDesiredCapabilities=true }"/>
         <property name="platform" value="Linux"/>
      </properties>
      <testcase name="Test Cases/NewActivityOverview-LeftNavigation/ActivityOverview-EmailDownloadPreview" time="309.315" classname="Test Cases/NewActivityOverview-LeftNavigation/ActivityOverview-EmailDownloadPreview" status="FAILED">
         <failure type="FAILED" message="Test Cases/NewActivityOverview-LeftNavigation/ActivityOverview-EmailDownloadPreview FAILED.
Reason:
com.kms.katalon.core.exception.StepFailedException: Unable to click on object 'Object Repository/Header/Download/ClickOnDownloadIcon'
	at com.kms.katalon.core.webui.keyword.internal.WebUIKeywordMain.stepFailed(WebUIKeywordMain.groovy:64)
	at com.kms.katalon.core.webui.keyword.internal.WebUIKeywordMain.runKeyword(WebUIKeywordMain.groovy:26)
	at com.kms.katalon.core.webui.keyword.builtin.ClickKeyword.click(ClickKeyword.groovy:74)
	at com.kms.katalon.core.webui.keyword.builtin.ClickKeyword.execute(ClickKeyword.groovy:40)
	at com.kms.katalon.core.keyword.internal.KeywordExecutor.executeKeywordForPlatform(KeywordExecutor.groovy:74)
	at com.kms.katalon.core.webui.keyword.WebUiBuiltInKeywords.click(WebUiBuiltInKeywords.groovy:620)
	at com.kms.katalon.core.webui.keyword.WebUiBuiltInKeywords$click$2.call(Unknown Source)
	at ActivityOverview-EmailDownloadPreview.run(ActivityOverview-EmailDownloadPreview:217)
	at com.kms.katalon.core.main.ScriptEngine.run(ScriptEngine.java:194)
	at com.kms.katalon.core.main.ScriptEngine.runScriptAsRawText(ScriptEngine.java:119)
	at com.kms.katalon.core.main.TestCaseExecutor.runScript(TestCaseExecutor.java:442)
	at com.kms.katalon.core.main.TestCaseExecutor.doExecute(TestCaseExecutor.java:433)
	at com.kms.katalon.core.main.TestCaseExecutor.processExecutionPhase(TestCaseExecutor.java:412)
	at com.kms.katalon.core.main.TestCaseExecutor.accessMainPhase(TestCaseExecutor.java:404)
	at com.kms.katalon.core.main.TestCaseExecutor.execute(TestCaseExecutor.java:281)
	at com.kms.katalon.core.main.TestSuiteExecutor.accessTestCaseMainPhase(TestSuiteExecutor.java:202)
	at com.kms.katalon.core.main.TestSuiteExecutor.accessTestSuiteMainPhase(TestSuiteExecutor.java:164)
	at com.kms.katalon.core.main.TestSuiteExecutor.execute(TestSuiteExecutor.java:105)
	at com.kms.katalon.core.main.TestCaseMain.startTestSuite(TestCaseMain.java:185)
	at com.kms.katalon.core.main.TestCaseMain$startTestSuite$0.call(Unknown Source)
	at TempTestSuite1644820102951.run(TempTestSuite1644820102951.groovy:36)
Caused by: com.kms.katalon.core.webui.exception.WebElementNotFoundException: Web element with id: 'Object Repository/Header/Download/ClickOnDownloadIcon' located by '//span[contains(text(),'Download')]//parent::a' not found
	at com.kms.katalon.core.webui.common.WebUiCommonHelper.findWebElement(WebUiCommonHelper.java:1370)
	at com.kms.katalon.core.webui.keyword.internal.WebUIAbstractKeyword.findWebElement(WebUIAbstractKeyword.groovy:27)
	at com.kms.katalon.core.webui.keyword.builtin.ClickKeyword$_click_closure1.doCall(ClickKeyword.groovy:65)
	at com.kms.katalon.core.webui.keyword.builtin.ClickKeyword$_click_closure1.call(ClickKeyword.groovy)
	at com.kms.katalon.core.webui.keyword.internal.WebUIKeywordMain.runKeyword(WebUIKeywordMain.groovy:20)
	... 19 more
"/>
         <system-out><![CDATA[2022-02-14 15:16:47 - [TEST_CASE][FAILED] - Test Cases/NewActivityOverview-LeftNavigation/ActivityOverview-EmailDownloadPreview: Test Cases/NewActivityOverview-LeftNavigation/ActivityOverview-EmailDownloadPreview FAILED.
Reason:
com.kms.katalon.core.exception.StepFailedException: Unable to click on object 'Object Repository/Header/Download/ClickOnDownloadIcon'
	at com.kms.katalon.core.webui.keyword.internal.WebUIKeywordMain.stepFailed(WebUIKeywordMain.groovy:64)
	at com.kms.katalon.core.webui.keyword.internal.WebUIKeywordMain.runKeyword(WebUIKeywordMain.groovy:26)
	at com.kms.katalon.core.webui.keyword.builtin.ClickKeyword.click(ClickKeyword.groovy:74)
	at com.kms.katalon.core.webui.keyword.builtin.ClickKeyword.execute(ClickKeyword.groovy:40)
	at com.kms.katalon.core.keyword.internal.KeywordExecutor.executeKeywordForPlatform(KeywordExecutor.groovy:74)
	at com.kms.katalon.core.webui.keyword.WebUiBuiltInKeywords.click(WebUiBuiltInKeywords.groovy:620)
	at com.kms.katalon.core.webui.keyword.WebUiBuiltInKeywords$click$2.call(Unknown Source)
	at ActivityOverview-EmailDownloadPreview.run(ActivityOverview-EmailDownloadPreview:217)
	at com.kms.katalon.core.main.ScriptEngine.run(ScriptEngine.java:194)
	at com.kms.katalon.core.main.ScriptEngine.runScriptAsRawText(ScriptEngine.java:119)
	at com.kms.katalon.core.main.TestCaseExecutor.runScript(TestCaseExecutor.java:442)
	at com.kms.katalon.core.main.TestCaseExecutor.doExecute(TestCaseExecutor.java:433)
	at com.kms.katalon.core.main.TestCaseExecutor.processExecutionPhase(TestCaseExecutor.java:412)
	at com.kms.katalon.core.main.TestCaseExecutor.accessMainPhase(TestCaseExecutor.java:404)
	at com.kms.katalon.core.main.TestCaseExecutor.execute(TestCaseExecutor.java:281)
	at com.kms.katalon.core.main.TestSuiteExecutor.accessTestCaseMainPhase(TestSuiteExecutor.java:202)
	at com.kms.katalon.core.main.TestSuiteExecutor.accessTestSuiteMainPhase(TestSuiteExecutor.java:164)
	at com.kms.katalon.core.main.TestSuiteExecutor.execute(TestSuiteExecutor.java:105)
	at com.kms.katalon.core.main.TestCaseMain.startTestSuite(TestCaseMain.java:185)
	at com.kms.katalon.core.main.TestCaseMain$startTestSuite$0.call(Unknown Source)
	at TempTestSuite1644820102951.run(TempTestSuite1644820102951.groovy:36)
Caused by: com.kms.katalon.core.webui.exception.WebElementNotFoundException: Web element with id: 'Object Repository/Header/Download/ClickOnDownloadIcon' located by '//span[contains(text(),'Download')]//parent::a' not found
	at com.kms.katalon.core.webui.common.WebUiCommonHelper.findWebElement(WebUiCommonHelper.java:1370)
	at com.kms.katalon.core.webui.keyword.internal.WebUIAbstractKeyword.findWebElement(WebUIAbstractKeyword.groovy:27)
	at com.kms.katalon.core.webui.keyword.builtin.ClickKeyword$_click_closure1.doCall(ClickKeyword.groovy:65)
	at com.kms.katalon.core.webui.keyword.builtin.ClickKeyword$_click_closure1.call(ClickKeyword.groovy)
	at com.kms.katalon.core.webui.keyword.internal.WebUIKeywordMain.runKeyword(WebUIKeywordMain.groovy:20)
	... 19 more


2022-02-14 15:16:48 - [TEST_STEP][PASSED] - callTestCase(findTestCase("LoginWithSuperAdmin/SuperAdmin-Login"), [:], STOP_ON_FAILURE): Call Test Case 'Test Cases/LoginWithSuperAdmin/SuperAdmin-Login' successfully

2022-02-14 15:16:48 - [TEST_CASE][PASSED] - Test Cases/LoginWithSuperAdmin/SuperAdmin-Login: Test Cases/LoginWithSuperAdmin/SuperAdmin-Login

2022-02-14 15:16:49 - [TEST_STEP][PASSED] - openBrowser(""): Browser is opened with url: ''

2022-02-14 15:16:49 - [MESSAGE][INFO] - Starting 'Chrome' driver

2022-02-14 15:16:49 - [MESSAGE][INFO] - Action delay is set to 3,000 milliseconds

2022-02-14 15:16:51 - [MESSAGE][PASSED] - Browser is opened with url: ''

2022-02-14 15:16:51 - [TEST_STEP][PASSED] - setViewPortSize(1920, 1080): Viewport is set to new size with width = 1920 and height = 1080

2022-02-14 15:16:51 - [MESSAGE][PASSED] - Viewport is set to new size with width = 1920 and height = 1080

2022-02-14 15:16:51 - [TEST_STEP][PASSED] - navigateToUrl(URL): Navigate to 'https://marketplacev1.test-prio.com' successfully

2022-02-14 15:16:56 - [MESSAGE][PASSED] - Navigate to 'https://marketplacev1.test-prio.com' successfully

2022-02-14 15:16:56 - [TEST_STEP][PASSED] - delay(3): Delayed 3 second(s)

2022-02-14 15:16:59 - [MESSAGE][PASSED] - Delayed 3 second(s)

2022-02-14 15:16:59 - [TEST_STEP][PASSED] - click(findTestObject("SuperAdmin/Login/input_Email_contact_email")): Object: 'Object Repository/SuperAdmin/Login/input_Email_contact_email' is clicked on

2022-02-14 15:17:03 - [MESSAGE][PASSED] - Object: 'Object Repository/SuperAdmin/Login/input_Email_contact_email' is clicked on

2022-02-14 15:17:03 - [TEST_STEP][PASSED] - setText(findTestObject("SuperAdmin/Login/input_Email_contact_email"), uname): Text 'superadmin@tippoint.com' is set on object 'Object Repository/SuperAdmin/Login/input_Email_contact_email'

2022-02-14 15:17:10 - [MESSAGE][PASSED] - Text 'superadmin@tippoint.com' is set on object 'Object Repository/SuperAdmin/Login/input_Email_contact_email'

2022-02-14 15:17:10 - [TEST_STEP][PASSED] - setEncryptedText(findTestObject("SuperAdmin/Login/input_Password_password"), Password): Text ****** has been set on object 'Object Repository/SuperAdmin/Login/input_Password_password'

2022-02-14 15:17:16 - [MESSAGE][PASSED] - Text ****** has been set on object 'Object Repository/SuperAdmin/Login/input_Password_password'

2022-02-14 15:17:16 - [TEST_STEP][PASSED] - takeScreenshot(): Taking screenshot successfully

2022-02-14 15:17:16 - [MESSAGE][PASSED] - Taking screenshot successfully
[[ATTACHMENT|/home/intersoft-admin/Rattan/Bash/Training/Rattan/Final_testing/New_ActivityOverview/Reports/20220214_115757/EmailDownloadPreview/20220214_115822/1644832036712.png]]

2022-02-14 15:17:16 - [TEST_STEP][PASSED] - newpackage.clickUsingJS.clickUsingJS(findTestObject("SuperAdmin/Login/button_Sign in"), 5): newpackage.clickUsingJS.clickUsingJS is PASSED

2022-02-14 15:17:17 - [MESSAGE][PASSED] - newpackage.clickUsingJS.clickUsingJS is PASSED

2022-02-14 15:17:17 - [MESSAGE][PASSED] - Call Test Case 'Test Cases/LoginWithSuperAdmin/SuperAdmin-Login' successfully

2022-02-14 15:17:17 - [TEST_STEP][PASSED] - switchToDefaultContent(): null

2022-02-14 15:17:17 - [TEST_STEP][PASSED] - click(findTestObject("SuperAdminLeftNavigation/NewActivityOverview-LeftNavigation")): Object: 'Object Repository/SuperAdminLeftNavigation/NewActivityOverview-LeftNavigation' is clicked on

2022-02-14 15:17:29 - [MESSAGE][PASSED] - Object: 'Object Repository/SuperAdminLeftNavigation/NewActivityOverview-LeftNavigation' is clicked on

2022-02-14 15:17:29 - [TEST_STEP][PASSED] - takeScreenshot(): Taking screenshot successfully

2022-02-14 15:17:30 - [MESSAGE][PASSED] - Taking screenshot successfully
[[ATTACHMENT|/home/intersoft-admin/Rattan/Bash/Training/Rattan/Final_testing/New_ActivityOverview/Reports/20220214_115757/EmailDownloadPreview/20220214_115822/1644832050465.png]]

2022-02-14 15:17:30 - [TEST_STEP][PASSED] - switchToFrame(findTestObject("Object Repository/Iframe/NewActivityOverviewIframe"), 5): null

2022-02-14 15:17:30 - [TEST_STEP][PASSED] - delay(10): Delayed 10 second(s)

2022-02-14 15:17:40 - [MESSAGE][PASSED] - Delayed 10 second(s)

2022-02-14 15:17:40 - [TEST_STEP][PASSED] - takeScreenshot(): Taking screenshot successfully

2022-02-14 15:17:41 - [MESSAGE][PASSED] - Taking screenshot successfully
[[ATTACHMENT|/home/intersoft-admin/Rattan/Bash/Training/Rattan/Final_testing/New_ActivityOverview/Reports/20220214_115757/EmailDownloadPreview/20220214_115822/1644832060907.png]]

2022-02-14 15:17:41 - [TEST_STEP][PASSED] - sizeoflisting = findWebElements(findTestObject("ListingArea/ListingContainsData"), 5).size(): null

2022-02-14 15:17:41 - [TEST_STEP][PASSED] - println(sizeoflisting): null

2022-02-14 15:17:41 - [TEST_STEP][PASSED] - logInfo(Size of Order Listing: $sizeoflisting): Size of Order Listing: 11

2022-02-14 15:17:41 - [MESSAGE][INFO] - Size of Order Listing: 11

2022-02-14 15:17:41 - [TEST_STEP][PASSED] - if (sizeoflisting > 2): Unable to click on object 'Object Repository/Header/Download/ClickOnDownloadIcon' (Root cause: com.kms.katalon.core.exception.StepFailedException: Unable to click on object 'Object Repository/Header/Download/ClickOnDownloadIcon'
	at com.kms.katalon.core.webui.keyword.internal.WebUIKeywordMain.stepFailed(WebUIKeywordMain.groovy:64)
	at com.kms.katalon.core.webui.keyword.internal.WebUIKeywordMain.runKeyword(WebUIKeywordMain.groovy:26)
	at com.kms.katalon.core.webui.keyword.builtin.ClickKeyword.click(ClickKeyword.groovy:74)
	at com.kms.katalon.core.webui.keyword.builtin.ClickKeyword.execute(ClickKeyword.groovy:40)
	at com.kms.katalon.core.keyword.internal.KeywordExecutor.executeKeywordForPlatform(KeywordExecutor.groovy:74)
	at com.kms.katalon.core.webui.keyword.WebUiBuiltInKeywords.click(WebUiBuiltInKeywords.groovy:620)
	at com.kms.katalon.core.webui.keyword.WebUiBuiltInKeywords$click$2.call(Unknown Source)
	at ActivityOverview-EmailDownloadPreview.run(ActivityOverview-EmailDownloadPreview:217)
	at com.kms.katalon.core.main.ScriptEngine.run(ScriptEngine.java:194)
	at com.kms.katalon.core.main.ScriptEngine.runScriptAsRawText(ScriptEngine.java:119)
	at com.kms.katalon.core.main.TestCaseExecutor.runScript(TestCaseExecutor.java:442)
	at com.kms.katalon.core.main.TestCaseExecutor.doExecute(TestCaseExecutor.java:433)
	at com.kms.katalon.core.main.TestCaseExecutor.processExecutionPhase(TestCaseExecutor.java:412)
	at com.kms.katalon.core.main.TestCaseExecutor.accessMainPhase(TestCaseExecutor.java:404)
	at com.kms.katalon.core.main.TestCaseExecutor.execute(TestCaseExecutor.java:281)
	at com.kms.katalon.core.main.TestSuiteExecutor.accessTestCaseMainPhase(TestSuiteExecutor.java:202)
	at com.kms.katalon.core.main.TestSuiteExecutor.accessTestSuiteMainPhase(TestSuiteExecutor.java:164)
	at com.kms.katalon.core.main.TestSuiteExecutor.execute(TestSuiteExecutor.java:105)
	at com.kms.katalon.core.main.TestCaseMain.startTestSuite(TestCaseMain.java:185)
	at com.kms.katalon.core.main.TestCaseMain$startTestSuite$0.call(Unknown Source)
	at TempTestSuite1644820102951.run(TempTestSuite1644820102951.groovy:36)
Caused by: com.kms.katalon.core.webui.exception.WebElementNotFoundException: Web element with id: 'Object Repository/Header/Download/ClickOnDownloadIcon' located by '//span[contains(text(),'Download')]//parent::a' not found
	at com.kms.katalon.core.webui.common.WebUiCommonHelper.findWebElement(WebUiCommonHelper.java:1370)
	at com.kms.katalon.core.webui.keyword.internal.WebUIAbstractKeyword.findWebElement(WebUIAbstractKeyword.groovy:27)
	at com.kms.katalon.core.webui.keyword.builtin.ClickKeyword$_click_closure1.doCall(ClickKeyword.groovy:65)
	at com.kms.katalon.core.webui.keyword.builtin.ClickKeyword$_click_closure1.call(ClickKeyword.groovy)
	at com.kms.katalon.core.webui.keyword.internal.WebUIKeywordMain.runKeyword(WebUIKeywordMain.groovy:20)
	at com.kms.katalon.core.webui.keyword.builtin.ClickKeyword.click(ClickKeyword.groovy:74)
	at com.kms.katalon.core.webui.keyword.builtin.ClickKeyword.execute(ClickKeyword.groovy:40)
	at com.kms.katalon.core.keyword.internal.KeywordExecutor.executeKeywordForPlatform(KeywordExecutor.groovy:74)
	at com.kms.katalon.core.webui.keyword.WebUiBuiltInKeywords.click(WebUiBuiltInKeywords.groovy:620)
	at com.kms.katalon.core.webui.keyword.WebUiBuiltInKeywords$click$2.call(Unknown Source)
	at Script1643733927957.run(Script1643733927957.groovy:217)
	... 13 more
)

2022-02-14 15:17:41 - [TEST_STEP][PASSED] - logInfo("Orders Exist in Listing"): Orders Exist in Listing

2022-02-14 15:17:41 - [MESSAGE][INFO] - Orders Exist in Listing

2022-02-14 15:17:41 - [TEST_STEP][PASSED] - logInfo("Orders Exist in Listing"): Orders Exist in Listing

2022-02-14 15:17:41 - [MESSAGE][INFO] - Orders Exist in Listing

2022-02-14 15:17:41 - [TEST_STEP][PASSED] - click(findTestObject("Object Repository/OrderPerPage/OrderPerPage_select")): Object: 'Object Repository/OrderPerPage/OrderPerPage_select' is clicked on

2022-02-14 15:17:44 - [MESSAGE][PASSED] - Object: 'Object Repository/OrderPerPage/OrderPerPage_select' is clicked on

2022-02-14 15:17:44 - [TEST_STEP][PASSED] - delay(5): Delayed 5 second(s)

2022-02-14 15:17:49 - [MESSAGE][PASSED] - Delayed 5 second(s)

2022-02-14 15:17:49 - [TEST_STEP][PASSED] - click(findTestObject("Object Repository/OrderPerPage/OrderPerPage-SelectOption")): Object: 'Object Repository/OrderPerPage/OrderPerPage-SelectOption' is clicked on

2022-02-14 15:17:52 - [MESSAGE][PASSED] - Object: 'Object Repository/OrderPerPage/OrderPerPage-SelectOption' is clicked on

2022-02-14 15:17:52 - [TEST_STEP][PASSED] - delay(20): Delayed 20 second(s)

2022-02-14 15:18:12 - [MESSAGE][PASSED] - Delayed 20 second(s)

2022-02-14 15:18:12 - [TEST_STEP][PASSED] - takeScreenshot(): Taking screenshot successfully

2022-02-14 15:18:12 - [MESSAGE][PASSED] - Taking screenshot successfully
[[ATTACHMENT|/home/intersoft-admin/Rattan/Bash/Training/Rattan/Final_testing/New_ActivityOverview/Reports/20220214_115757/EmailDownloadPreview/20220214_115822/1644832092539.png]]

2022-02-14 15:18:12 - [TEST_STEP][PASSED] - SizeofPagination = getText(findTestObject("Object Repository/PaginationCOunt/PaginationCount")): Text of object 'Object Repository/PaginationCOunt/PaginationCount' is: '100'

2022-02-14 15:18:12 - [MESSAGE][PASSED] - Text of object 'Object Repository/PaginationCOunt/PaginationCount' is: '100'

2022-02-14 15:18:12 - [TEST_STEP][PASSED] - println(SizeofPagination): null

2022-02-14 15:18:12 - [TEST_STEP][PASSED] - paginationmaxcount = Integer.parseInt(SizeofPagination): null

2022-02-14 15:18:12 - [TEST_STEP][PASSED] - paginationmaxcount = pagination: null

2022-02-14 15:18:12 - [TEST_STEP][PASSED] - logInfo(Size of Pagination: $paginationmaxcount): Size of Pagination: 5

2022-02-14 15:18:12 - [MESSAGE][INFO] - Size of Pagination: 5

2022-02-14 15:18:12 - [TEST_STEP][PASSED] - totalrecords = 0: null

2022-02-14 15:18:12 - [TEST_STEP][PASSED] - for ([l = 1, l <= paginationmaxcount, (l++)]): Unable to click on object 'Object Repository/Header/Download/ClickOnDownloadIcon' (Root cause: com.kms.katalon.core.exception.StepFailedException: Unable to click on object 'Object Repository/Header/Download/ClickOnDownloadIcon'
	at com.kms.katalon.core.webui.keyword.internal.WebUIKeywordMain.stepFailed(WebUIKeywordMain.groovy:64)
	at com.kms.katalon.core.webui.keyword.internal.WebUIKeywordMain.runKeyword(WebUIKeywordMain.groovy:26)
	at com.kms.katalon.core.webui.keyword.builtin.ClickKeyword.click(ClickKeyword.groovy:74)
	at com.kms.katalon.core.webui.keyword.builtin.ClickKeyword.execute(ClickKeyword.groovy:40)
	at com.kms.katalon.core.keyword.internal.KeywordExecutor.executeKeywordForPlatform(KeywordExecutor.groovy:74)
	at com.kms.katalon.core.webui.keyword.WebUiBuiltInKeywords.click(WebUiBuiltInKeywords.groovy:620)
	at com.kms.katalon.core.webui.keyword.WebUiBuiltInKeywords$click$2.call(Unknown Source)
	at ActivityOverview-EmailDownloadPreview.run(ActivityOverview-EmailDownloadPreview:217)
	at com.kms.katalon.core.main.ScriptEngine.run(ScriptEngine.java:194)
	at com.kms.katalon.core.main.ScriptEngine.runScriptAsRawText(ScriptEngine.java:119)
	at com.kms.katalon.core.main.TestCaseExecutor.runScript(TestCaseExecutor.java:442)
	at com.kms.katalon.core.main.TestCaseExecutor.doExecute(TestCaseExecutor.java:433)
	at com.kms.katalon.core.main.TestCaseExecutor.processExecutionPhase(TestCaseExecutor.java:412)
	at com.kms.katalon.core.main.TestCaseExecutor.accessMainPhase(TestCaseExecutor.java:404)
	at com.kms.katalon.core.main.TestCaseExecutor.execute(TestCaseExecutor.java:281)
	at com.kms.katalon.core.main.TestSuiteExecutor.accessTestCaseMainPhase(TestSuiteExecutor.java:202)
	at com.kms.katalon.core.main.TestSuiteExecutor.accessTestSuiteMainPhase(TestSuiteExecutor.java:164)
	at com.kms.katalon.core.main.TestSuiteExecutor.execute(TestSuiteExecutor.java:105)
	at com.kms.katalon.core.main.TestCaseMain.startTestSuite(TestCaseMain.java:185)
	at com.kms.katalon.core.main.TestCaseMain$startTestSuite$0.call(Unknown Source)
	at TempTestSuite1644820102951.run(TempTestSuite1644820102951.groovy:36)
Caused by: com.kms.katalon.core.webui.exception.WebElementNotFoundException: Web element with id: 'Object Repository/Header/Download/ClickOnDownloadIcon' located by '//span[contains(text(),'Download')]//parent::a' not found
	at com.kms.katalon.core.webui.common.WebUiCommonHelper.findWebElement(WebUiCommonHelper.java:1370)
	at com.kms.katalon.core.webui.keyword.internal.WebUIAbstractKeyword.findWebElement(WebUIAbstractKeyword.groovy:27)
	at com.kms.katalon.core.webui.keyword.builtin.ClickKeyword$_click_closure1.doCall(ClickKeyword.groovy:65)
	at com.kms.katalon.core.webui.keyword.builtin.ClickKeyword$_click_closure1.call(ClickKeyword.groovy)
	at com.kms.katalon.core.webui.keyword.internal.WebUIKeywordMain.runKeyword(WebUIKeywordMain.groovy:20)
	at com.kms.katalon.core.webui.keyword.builtin.ClickKeyword.click(ClickKeyword.groovy:74)
	at com.kms.katalon.core.webui.keyword.builtin.ClickKeyword.execute(ClickKeyword.groovy:40)
	at com.kms.katalon.core.keyword.internal.KeywordExecutor.executeKeywordForPlatform(KeywordExecutor.groovy:74)
	at com.kms.katalon.core.webui.keyword.WebUiBuiltInKeywords.click(WebUiBuiltInKeywords.groovy:620)
	at com.kms.katalon.core.webui.keyword.WebUiBuiltInKeywords$click$2.call(Unknown Source)
	at Script1643733927957.run(Script1643733927957.groovy:217)
	... 13 more
)

2022-02-14 15:18:12 - [TEST_STEP][PASSED] - if (l <= 5): null

2022-02-14 15:18:12 - [TEST_STEP][PASSED] - paginationvalue = l: null

2022-02-14 15:18:12 - [TEST_STEP][PASSED] - if (l > 5): null

2022-02-14 15:18:12 - [TEST_STEP][PASSED] - logInfo(Size of Pagination: $paginationvalue): Size of Pagination: 1

2022-02-14 15:18:12 - [MESSAGE][INFO] - Size of Pagination: 1

2022-02-14 15:18:12 - [TEST_STEP][PASSED] - click(findTestObject("Object Repository/PaginationCOunt/ClickOnPagination", ["pagination":paginationvalue])): Object: 'Object Repository/PaginationCOunt/ClickOnPagination' is clicked on

2022-02-14 15:18:15 - [MESSAGE][PASSED] - Object: 'Object Repository/PaginationCOunt/ClickOnPagination' is clicked on

2022-02-14 15:18:15 - [TEST_STEP][PASSED] - delay(20): Delayed 20 second(s)

2022-02-14 15:18:35 - [MESSAGE][PASSED] - Delayed 20 second(s)

2022-02-14 15:18:35 - [TEST_STEP][PASSED] - takeScreenshot(): Taking screenshot successfully

2022-02-14 15:18:36 - [MESSAGE][PASSED] - Taking screenshot successfully
[[ATTACHMENT|/home/intersoft-admin/Rattan/Bash/Training/Rattan/Final_testing/New_ActivityOverview/Reports/20220214_115757/EmailDownloadPreview/20220214_115822/1644832116001.png]]

2022-02-14 15:18:36 - [TEST_STEP][PASSED] - RecordsinListing = findWebElements(findTestObject("Object Repository/ListingArea/RecordsInListing"), 5).size(): null

2022-02-14 15:18:36 - [TEST_STEP][PASSED] - logInfo(Size of Active Bookings: $RecordsinListing): Size of Active Bookings: 100

2022-02-14 15:18:36 - [MESSAGE][INFO] - Size of Active Bookings: 100

2022-02-14 15:18:36 - [TEST_STEP][PASSED] - for ([refund = 1, refund < RecordsinListing, (refund++)]): Unable to click on object 'Object Repository/Header/Download/ClickOnDownloadIcon' (Root cause: com.kms.katalon.core.exception.StepFailedException: Unable to click on object 'Object Repository/Header/Download/ClickOnDownloadIcon'
	at com.kms.katalon.core.webui.keyword.internal.WebUIKeywordMain.stepFailed(WebUIKeywordMain.groovy:64)
	at com.kms.katalon.core.webui.keyword.internal.WebUIKeywordMain.runKeyword(WebUIKeywordMain.groovy:26)
	at com.kms.katalon.core.webui.keyword.builtin.ClickKeyword.click(ClickKeyword.groovy:74)
	at com.kms.katalon.core.webui.keyword.builtin.ClickKeyword.execute(ClickKeyword.groovy:40)
	at com.kms.katalon.core.keyword.internal.KeywordExecutor.executeKeywordForPlatform(KeywordExecutor.groovy:74)
	at com.kms.katalon.core.webui.keyword.WebUiBuiltInKeywords.click(WebUiBuiltInKeywords.groovy:620)
	at com.kms.katalon.core.webui.keyword.WebUiBuiltInKeywords$click$2.call(Unknown Source)
	at ActivityOverview-EmailDownloadPreview.run(ActivityOverview-EmailDownloadPreview:217)
	at com.kms.katalon.core.main.ScriptEngine.run(ScriptEngine.java:194)
	at com.kms.katalon.core.main.ScriptEngine.runScriptAsRawText(ScriptEngine.java:119)
	at com.kms.katalon.core.main.TestCaseExecutor.runScript(TestCaseExecutor.java:442)
	at com.kms.katalon.core.main.TestCaseExecutor.doExecute(TestCaseExecutor.java:433)
	at com.kms.katalon.core.main.TestCaseExecutor.processExecutionPhase(TestCaseExecutor.java:412)
	at com.kms.katalon.core.main.TestCaseExecutor.accessMainPhase(TestCaseExecutor.java:404)
	at com.kms.katalon.core.main.TestCaseExecutor.execute(TestCaseExecutor.java:281)
	at com.kms.katalon.core.main.TestSuiteExecutor.accessTestCaseMainPhase(TestSuiteExecutor.java:202)
	at com.kms.katalon.core.main.TestSuiteExecutor.accessTestSuiteMainPhase(TestSuiteExecutor.java:164)
	at com.kms.katalon.core.main.TestSuiteExecutor.execute(TestSuiteExecutor.java:105)
	at com.kms.katalon.core.main.TestCaseMain.startTestSuite(TestCaseMain.java:185)
	at com.kms.katalon.core.main.TestCaseMain$startTestSuite$0.call(Unknown Source)
	at TempTestSuite1644820102951.run(TempTestSuite1644820102951.groovy:36)
Caused by: com.kms.katalon.core.webui.exception.WebElementNotFoundException: Web element with id: 'Object Repository/Header/Download/ClickOnDownloadIcon' located by '//span[contains(text(),'Download')]//parent::a' not found
	at com.kms.katalon.core.webui.common.WebUiCommonHelper.findWebElement(WebUiCommonHelper.java:1370)
	at com.kms.katalon.core.webui.keyword.internal.WebUIAbstractKeyword.findWebElement(WebUIAbstractKeyword.groovy:27)
	at com.kms.katalon.core.webui.keyword.builtin.ClickKeyword$_click_closure1.doCall(ClickKeyword.groovy:65)
	at com.kms.katalon.core.webui.keyword.builtin.ClickKeyword$_click_closure1.call(ClickKeyword.groovy)
	at com.kms.katalon.core.webui.keyword.internal.WebUIKeywordMain.runKeyword(WebUIKeywordMain.groovy:20)
	at com.kms.katalon.core.webui.keyword.builtin.ClickKeyword.click(ClickKeyword.groovy:74)
	at com.kms.katalon.core.webui.keyword.builtin.ClickKeyword.execute(ClickKeyword.groovy:40)
	at com.kms.katalon.core.keyword.internal.KeywordExecutor.executeKeywordForPlatform(KeywordExecutor.groovy:74)
	at com.kms.katalon.core.webui.keyword.WebUiBuiltInKeywords.click(WebUiBuiltInKeywords.groovy:620)
	at com.kms.katalon.core.webui.keyword.WebUiBuiltInKeywords$click$2.call(Unknown Source)
	at Script1643733927957.run(Script1643733927957.groovy:217)
	... 13 more
)

2022-02-14 15:18:36 - [TEST_STEP][PASSED] - if (refund == 1): null

2022-02-14 15:18:36 - [TEST_STEP][PASSED] - refund = RecordsinListing: null

2022-02-14 15:18:36 - [TEST_STEP][PASSED] - refundvalue = refund: null

2022-02-14 15:18:36 - [TEST_STEP][PASSED] - logInfo(Size of refund booking: $refund): Size of refund booking: 100

2022-02-14 15:18:36 - [MESSAGE][INFO] - Size of refund booking: 100

2022-02-14 15:18:36 - [TEST_STEP][PASSED] - scrollToElement(findTestObject("Object Repository/ListingArea/ClickondetailPOp-up", ["position":refund]), 15): Scroll to object 'Object Repository/ListingArea/ClickondetailPOp-up' successfully

2022-02-14 15:18:36 - [MESSAGE][PASSED] - Scroll to object 'Object Repository/ListingArea/ClickondetailPOp-up' successfully

2022-02-14 15:18:36 - [TEST_STEP][PASSED] - takeScreenshot(): Taking screenshot successfully

2022-02-14 15:18:36 - [MESSAGE][PASSED] - Taking screenshot successfully
[[ATTACHMENT|/home/intersoft-admin/Rattan/Bash/Training/Rattan/Final_testing/New_ActivityOverview/Reports/20220214_115757/EmailDownloadPreview/20220214_115822/1644832116341.png]]

2022-02-14 15:18:36 - [TEST_STEP][PASSED] - orderId = findWebElement(findTestObject("Object Repository/GetOrderID/GetOrderID", ["position":refund])).getAttribute("data-order_id"): null

2022-02-14 15:18:36 - [TEST_STEP][PASSED] - orderId = orderId: null

2022-02-14 15:18:36 - [TEST_STEP][PASSED] - logInfo(Order ID: $orderId): Order ID: 164464182737652

2022-02-14 15:18:36 - [MESSAGE][INFO] - Order ID: 164464182737652

2022-02-14 15:18:36 - [TEST_STEP][PASSED] - click(findTestObject("Object Repository/GetOrderID/GetOrderID", ["position":refund])): Object: 'Object Repository/GetOrderID/GetOrderID' is clicked on

2022-02-14 15:18:39 - [MESSAGE][PASSED] - Object: 'Object Repository/GetOrderID/GetOrderID' is clicked on

2022-02-14 15:18:39 - [TEST_STEP][PASSED] - delay(20): Delayed 20 second(s)

2022-02-14 15:18:59 - [MESSAGE][PASSED] - Delayed 20 second(s)

2022-02-14 15:18:59 - [TEST_STEP][PASSED] - takeScreenshot(): Taking screenshot successfully

2022-02-14 15:18:59 - [MESSAGE][PASSED] - Taking screenshot successfully
[[ATTACHMENT|/home/intersoft-admin/Rattan/Bash/Training/Rattan/Final_testing/New_ActivityOverview/Reports/20220214_115757/EmailDownloadPreview/20220214_115822/1644832139749.png]]

2022-02-14 15:18:59 - [TEST_STEP][PASSED] - if (waitForElementClickable(findTestObject("Object Repository/Header/Preview/ClickOnPreviewIcon"), 15) == true): Unable to click on object 'Object Repository/Header/Download/ClickOnDownloadIcon' (Root cause: com.kms.katalon.core.exception.StepFailedException: Unable to click on object 'Object Repository/Header/Download/ClickOnDownloadIcon'
	at com.kms.katalon.core.webui.keyword.internal.WebUIKeywordMain.stepFailed(WebUIKeywordMain.groovy:64)
	at com.kms.katalon.core.webui.keyword.internal.WebUIKeywordMain.runKeyword(WebUIKeywordMain.groovy:26)
	at com.kms.katalon.core.webui.keyword.builtin.ClickKeyword.click(ClickKeyword.groovy:74)
	at com.kms.katalon.core.webui.keyword.builtin.ClickKeyword.execute(ClickKeyword.groovy:40)
	at com.kms.katalon.core.keyword.internal.KeywordExecutor.executeKeywordForPlatform(KeywordExecutor.groovy:74)
	at com.kms.katalon.core.webui.keyword.WebUiBuiltInKeywords.click(WebUiBuiltInKeywords.groovy:620)
	at com.kms.katalon.core.webui.keyword.WebUiBuiltInKeywords$click$2.call(Unknown Source)
	at ActivityOverview-EmailDownloadPreview.run(ActivityOverview-EmailDownloadPreview:217)
	at com.kms.katalon.core.main.ScriptEngine.run(ScriptEngine.java:194)
	at com.kms.katalon.core.main.ScriptEngine.runScriptAsRawText(ScriptEngine.java:119)
	at com.kms.katalon.core.main.TestCaseExecutor.runScript(TestCaseExecutor.java:442)
	at com.kms.katalon.core.main.TestCaseExecutor.doExecute(TestCaseExecutor.java:433)
	at com.kms.katalon.core.main.TestCaseExecutor.processExecutionPhase(TestCaseExecutor.java:412)
	at com.kms.katalon.core.main.TestCaseExecutor.accessMainPhase(TestCaseExecutor.java:404)
	at com.kms.katalon.core.main.TestCaseExecutor.execute(TestCaseExecutor.java:281)
	at com.kms.katalon.core.main.TestSuiteExecutor.accessTestCaseMainPhase(TestSuiteExecutor.java:202)
	at com.kms.katalon.core.main.TestSuiteExecutor.accessTestSuiteMainPhase(TestSuiteExecutor.java:164)
	at com.kms.katalon.core.main.TestSuiteExecutor.execute(TestSuiteExecutor.java:105)
	at com.kms.katalon.core.main.TestCaseMain.startTestSuite(TestCaseMain.java:185)
	at com.kms.katalon.core.main.TestCaseMain$startTestSuite$0.call(Unknown Source)
	at TempTestSuite1644820102951.run(TempTestSuite1644820102951.groovy:36)
Caused by: com.kms.katalon.core.webui.exception.WebElementNotFoundException: Web element with id: 'Object Repository/Header/Download/ClickOnDownloadIcon' located by '//span[contains(text(),'Download')]//parent::a' not found
	at com.kms.katalon.core.webui.common.WebUiCommonHelper.findWebElement(WebUiCommonHelper.java:1370)
	at com.kms.katalon.core.webui.keyword.internal.WebUIAbstractKeyword.findWebElement(WebUIAbstractKeyword.groovy:27)
	at com.kms.katalon.core.webui.keyword.builtin.ClickKeyword$_click_closure1.doCall(ClickKeyword.groovy:65)
	at com.kms.katalon.core.webui.keyword.builtin.ClickKeyword$_click_closure1.call(ClickKeyword.groovy)
	at com.kms.katalon.core.webui.keyword.internal.WebUIKeywordMain.runKeyword(WebUIKeywordMain.groovy:20)
	at com.kms.katalon.core.webui.keyword.builtin.ClickKeyword.click(ClickKeyword.groovy:74)
	at com.kms.katalon.core.webui.keyword.builtin.ClickKeyword.execute(ClickKeyword.groovy:40)
	at com.kms.katalon.core.keyword.internal.KeywordExecutor.executeKeywordForPlatform(KeywordExecutor.groovy:74)
	at com.kms.katalon.core.webui.keyword.WebUiBuiltInKeywords.click(WebUiBuiltInKeywords.groovy:620)
	at com.kms.katalon.core.webui.keyword.WebUiBuiltInKeywords$click$2.call(Unknown Source)
	at Script1643733927957.run(Script1643733927957.groovy:217)
	... 13 more
)

2022-02-14 15:19:00 - [MESSAGE][PASSED] - Object 'Object Repository/Header/Preview/ClickOnPreviewIcon' is clickable

2022-02-14 15:19:00 - [TEST_STEP][PASSED] - click(findTestObject("Object Repository/Header/Preview/ClickOnPreviewIcon")): Object: 'Object Repository/Header/Preview/ClickOnPreviewIcon' is clicked on

2022-02-14 15:19:03 - [MESSAGE][PASSED] - Object: 'Object Repository/Header/Preview/ClickOnPreviewIcon' is clicked on

2022-02-14 15:19:03 - [TEST_STEP][PASSED] - delay(10): Delayed 10 second(s)

2022-02-14 15:19:13 - [MESSAGE][PASSED] - Delayed 10 second(s)

2022-02-14 15:19:13 - [TEST_STEP][PASSED] - takeScreenshot(): Taking screenshot successfully

2022-02-14 15:19:13 - [MESSAGE][PASSED] - Taking screenshot successfully
[[ATTACHMENT|/home/intersoft-admin/Rattan/Bash/Training/Rattan/Final_testing/New_ActivityOverview/Reports/20220214_115757/EmailDownloadPreview/20220214_115822/1644832153264.png]]

2022-02-14 15:19:13 - [TEST_STEP][PASSED] - click(findTestObject("Object Repository/Header/Preview/PrintVoucher")): Object: 'Object Repository/Header/Preview/PrintVoucher' is clicked on

2022-02-14 15:19:16 - [MESSAGE][PASSED] - Object: 'Object Repository/Header/Preview/PrintVoucher' is clicked on

2022-02-14 15:19:16 - [TEST_STEP][PASSED] - delay(10): Delayed 10 second(s)

2022-02-14 15:19:26 - [MESSAGE][PASSED] - Delayed 10 second(s)

2022-02-14 15:19:26 - [TEST_STEP][PASSED] - takeScreenshot(): Taking screenshot successfully

2022-02-14 15:19:26 - [MESSAGE][PASSED] - Taking screenshot successfully
[[ATTACHMENT|/home/intersoft-admin/Rattan/Bash/Training/Rattan/Final_testing/New_ActivityOverview/Reports/20220214_115757/EmailDownloadPreview/20220214_115822/1644832166547.png]]

2022-02-14 15:19:26 - [TEST_STEP][PASSED] - click(findTestObject("Object Repository/Header/Preview/ClickOnPreviewIcon")): Object: 'Object Repository/Header/Preview/ClickOnPreviewIcon' is clicked on

2022-02-14 15:19:29 - [MESSAGE][PASSED] - Object: 'Object Repository/Header/Preview/ClickOnPreviewIcon' is clicked on

2022-02-14 15:19:29 - [TEST_STEP][PASSED] - delay(10): Delayed 10 second(s)

2022-02-14 15:19:39 - [MESSAGE][PASSED] - Delayed 10 second(s)

2022-02-14 15:19:39 - [TEST_STEP][PASSED] - takeScreenshot(): Taking screenshot successfully

2022-02-14 15:19:39 - [MESSAGE][PASSED] - Taking screenshot successfully
[[ATTACHMENT|/home/intersoft-admin/Rattan/Bash/Training/Rattan/Final_testing/New_ActivityOverview/Reports/20220214_115757/EmailDownloadPreview/20220214_115822/1644832179839.png]]

2022-02-14 15:19:39 - [TEST_STEP][PASSED] - click(findTestObject("Object Repository/Header/Preview/PrintReceipt")): Object: 'Object Repository/Header/Preview/PrintReceipt' is clicked on

2022-02-14 15:19:43 - [MESSAGE][PASSED] - Object: 'Object Repository/Header/Preview/PrintReceipt' is clicked on

2022-02-14 15:19:43 - [TEST_STEP][PASSED] - delay(10): Delayed 10 second(s)

2022-02-14 15:19:53 - [MESSAGE][PASSED] - Delayed 10 second(s)

2022-02-14 15:19:53 - [TEST_STEP][PASSED] - takeScreenshot(): Taking screenshot successfully

2022-02-14 15:19:53 - [MESSAGE][PASSED] - Taking screenshot successfully
[[ATTACHMENT|/home/intersoft-admin/Rattan/Bash/Training/Rattan/Final_testing/New_ActivityOverview/Reports/20220214_115757/EmailDownloadPreview/20220214_115822/1644832193133.png]]

2022-02-14 15:19:53 - [TEST_STEP][PASSED] - click(findTestObject("Object Repository/Header/Email/ClickOnSecndEmailButton")): Object: 'Object Repository/Header/Email/ClickOnSecndEmailButton' is clicked on

2022-02-14 15:19:56 - [MESSAGE][PASSED] - Object: 'Object Repository/Header/Email/ClickOnSecndEmailButton' is clicked on

2022-02-14 15:19:56 - [TEST_STEP][PASSED] - delay(10): Delayed 10 second(s)

2022-02-14 15:20:06 - [MESSAGE][PASSED] - Delayed 10 second(s)

2022-02-14 15:20:06 - [TEST_STEP][PASSED] - takeScreenshot(): Taking screenshot successfully

2022-02-14 15:20:06 - [MESSAGE][PASSED] - Taking screenshot successfully
[[ATTACHMENT|/home/intersoft-admin/Rattan/Bash/Training/Rattan/Final_testing/New_ActivityOverview/Reports/20220214_115757/EmailDownloadPreview/20220214_115822/1644832206424.png]]

2022-02-14 15:20:06 - [TEST_STEP][PASSED] - click(findTestObject("Object Repository/Header/Email/EmailVoucher")): Object: 'Object Repository/Header/Email/EmailVoucher' is clicked on

2022-02-14 15:20:09 - [MESSAGE][PASSED] - Object: 'Object Repository/Header/Email/EmailVoucher' is clicked on

2022-02-14 15:20:09 - [TEST_STEP][PASSED] - delay(2): Delayed 2 second(s)

2022-02-14 15:20:11 - [MESSAGE][PASSED] - Delayed 2 second(s)

2022-02-14 15:20:11 - [TEST_STEP][PASSED] - takeScreenshot(): Taking screenshot successfully

2022-02-14 15:20:11 - [MESSAGE][PASSED] - Taking screenshot successfully
[[ATTACHMENT|/home/intersoft-admin/Rattan/Bash/Training/Rattan/Final_testing/New_ActivityOverview/Reports/20220214_115757/EmailDownloadPreview/20220214_115822/1644832211722.png]]

2022-02-14 15:20:11 - [TEST_STEP][PASSED] - setText(findTestObject("Object Repository/Header/Email/InputEmails"), "rattan.intersoft@gmail.com"): Text 'rattan.intersoft@gmail.com' is set on object 'Object Repository/Header/Email/InputEmails'

2022-02-14 15:20:18 - [MESSAGE][PASSED] - Text 'rattan.intersoft@gmail.com' is set on object 'Object Repository/Header/Email/InputEmails'

2022-02-14 15:20:18 - [TEST_STEP][PASSED] - delay(2): Delayed 2 second(s)

2022-02-14 15:20:20 - [MESSAGE][PASSED] - Delayed 2 second(s)

2022-02-14 15:20:20 - [TEST_STEP][PASSED] - takeScreenshot(): Taking screenshot successfully

2022-02-14 15:20:20 - [MESSAGE][PASSED] - Taking screenshot successfully
[[ATTACHMENT|/home/intersoft-admin/Rattan/Bash/Training/Rattan/Final_testing/New_ActivityOverview/Reports/20220214_115757/EmailDownloadPreview/20220214_115822/1644832220037.png]]

2022-02-14 15:20:20 - [TEST_STEP][PASSED] - click(findTestObject("Object Repository/Header/Email/SendButton")): Object: 'Object Repository/Header/Email/SendButton' is clicked on

2022-02-14 15:20:23 - [MESSAGE][PASSED] - Object: 'Object Repository/Header/Email/SendButton' is clicked on

2022-02-14 15:20:23 - [TEST_STEP][PASSED] - delay(10): Delayed 10 second(s)

2022-02-14 15:20:33 - [MESSAGE][PASSED] - Delayed 10 second(s)

2022-02-14 15:20:33 - [TEST_STEP][PASSED] - click(findTestObject("Object Repository/Header/Email/ClickOnSecndEmailButton")): Object: 'Object Repository/Header/Email/ClickOnSecndEmailButton' is clicked on

2022-02-14 15:20:36 - [MESSAGE][PASSED] - Object: 'Object Repository/Header/Email/ClickOnSecndEmailButton' is clicked on

2022-02-14 15:20:36 - [TEST_STEP][PASSED] - delay(10): Delayed 10 second(s)

2022-02-14 15:20:46 - [MESSAGE][PASSED] - Delayed 10 second(s)

2022-02-14 15:20:46 - [TEST_STEP][PASSED] - takeScreenshot(): Taking screenshot successfully

2022-02-14 15:20:46 - [MESSAGE][PASSED] - Taking screenshot successfully
[[ATTACHMENT|/home/intersoft-admin/Rattan/Bash/Training/Rattan/Final_testing/New_ActivityOverview/Reports/20220214_115757/EmailDownloadPreview/20220214_115822/1644832246426.png]]

2022-02-14 15:20:46 - [TEST_STEP][PASSED] - click(findTestObject("Object Repository/Header/Email/EmailReceipt")): Object: 'Object Repository/Header/Email/EmailReceipt' is clicked on

2022-02-14 15:20:49 - [MESSAGE][PASSED] - Object: 'Object Repository/Header/Email/EmailReceipt' is clicked on

2022-02-14 15:20:49 - [TEST_STEP][PASSED] - delay(2): Delayed 2 second(s)

2022-02-14 15:20:51 - [MESSAGE][PASSED] - Delayed 2 second(s)

2022-02-14 15:20:51 - [TEST_STEP][PASSED] - takeScreenshot(): Taking screenshot successfully

2022-02-14 15:20:51 - [MESSAGE][PASSED] - Taking screenshot successfully
[[ATTACHMENT|/home/intersoft-admin/Rattan/Bash/Training/Rattan/Final_testing/New_ActivityOverview/Reports/20220214_115757/EmailDownloadPreview/20220214_115822/1644832251714.png]]

2022-02-14 15:20:51 - [TEST_STEP][PASSED] - setText(findTestObject("Object Repository/Header/Email/InputEmails"), "rattan.intersoft@gmail.com"): Text 'rattan.intersoft@gmail.com' is set on object 'Object Repository/Header/Email/InputEmails'

2022-02-14 15:20:58 - [MESSAGE][PASSED] - Text 'rattan.intersoft@gmail.com' is set on object 'Object Repository/Header/Email/InputEmails'

2022-02-14 15:20:58 - [TEST_STEP][PASSED] - delay(2): Delayed 2 second(s)

2022-02-14 15:21:00 - [MESSAGE][PASSED] - Delayed 2 second(s)

2022-02-14 15:21:00 - [TEST_STEP][PASSED] - takeScreenshot(): Taking screenshot successfully

2022-02-14 15:21:00 - [MESSAGE][PASSED] - Taking screenshot successfully
[[ATTACHMENT|/home/intersoft-admin/Rattan/Bash/Training/Rattan/Final_testing/New_ActivityOverview/Reports/20220214_115757/EmailDownloadPreview/20220214_115822/1644832260025.png]]

2022-02-14 15:21:00 - [TEST_STEP][PASSED] - click(findTestObject("Object Repository/Header/Email/SendButton")): Object: 'Object Repository/Header/Email/SendButton' is clicked on

2022-02-14 15:21:03 - [MESSAGE][PASSED] - Object: 'Object Repository/Header/Email/SendButton' is clicked on

2022-02-14 15:21:03 - [TEST_STEP][PASSED] - delay(10): Delayed 10 second(s)

2022-02-14 15:21:13 - [MESSAGE][PASSED] - Delayed 10 second(s)

2022-02-14 15:21:13 - [TEST_STEP][PASSED] - click(findTestObject("Object Repository/Header/Download/ClickOnDownloadIcon")): Object: 'Object Repository/Header/Download/ClickOnDownloadIcon' is clicked on

2022-02-14 15:21:16 - [MESSAGE][PASSED] - Object: 'Object Repository/Header/Download/ClickOnDownloadIcon' is clicked on

2022-02-14 15:21:16 - [TEST_STEP][PASSED] - delay(2): Delayed 2 second(s)

2022-02-14 15:21:18 - [MESSAGE][PASSED] - Delayed 2 second(s)

2022-02-14 15:21:18 - [TEST_STEP][PASSED] - takeScreenshot(): Taking screenshot successfully

2022-02-14 15:21:18 - [MESSAGE][PASSED] - Taking screenshot successfully
[[ATTACHMENT|/home/intersoft-admin/Rattan/Bash/Training/Rattan/Final_testing/New_ActivityOverview/Reports/20220214_115757/EmailDownloadPreview/20220214_115822/1644832278494.png]]

2022-02-14 15:21:18 - [TEST_STEP][PASSED] - click(findTestObject("Object Repository/Header/Download/DownloadVoucher")): Object: 'Object Repository/Header/Download/DownloadVoucher' is clicked on

2022-02-14 15:21:21 - [MESSAGE][PASSED] - Object: 'Object Repository/Header/Download/DownloadVoucher' is clicked on

2022-02-14 15:21:21 - [TEST_STEP][PASSED] - delay(2): Delayed 2 second(s)

2022-02-14 15:21:23 - [MESSAGE][PASSED] - Delayed 2 second(s)

2022-02-14 15:21:23 - [TEST_STEP][PASSED] - takeScreenshot(): Taking screenshot successfully

2022-02-14 15:21:23 - [MESSAGE][PASSED] - Taking screenshot successfully
[[ATTACHMENT|/home/intersoft-admin/Rattan/Bash/Training/Rattan/Final_testing/New_ActivityOverview/Reports/20220214_115757/EmailDownloadPreview/20220214_115822/1644832283795.png]]

2022-02-14 15:21:23 - [TEST_STEP][FAILED] - click(findTestObject("Object Repository/Header/Download/ClickOnDownloadIcon")): Unable to click on object 'Object Repository/Header/Download/ClickOnDownloadIcon' (Root cause: com.kms.katalon.core.exception.StepFailedException: Unable to click on object 'Object Repository/Header/Download/ClickOnDownloadIcon'
	at com.kms.katalon.core.webui.keyword.internal.WebUIKeywordMain.stepFailed(WebUIKeywordMain.groovy:64)
	at com.kms.katalon.core.webui.keyword.internal.WebUIKeywordMain.runKeyword(WebUIKeywordMain.groovy:26)
	at com.kms.katalon.core.webui.keyword.builtin.ClickKeyword.click(ClickKeyword.groovy:74)
	at com.kms.katalon.core.webui.keyword.builtin.ClickKeyword.execute(ClickKeyword.groovy:40)
	at com.kms.katalon.core.keyword.internal.KeywordExecutor.executeKeywordForPlatform(KeywordExecutor.groovy:74)
	at com.kms.katalon.core.webui.keyword.WebUiBuiltInKeywords.click(WebUiBuiltInKeywords.groovy:620)
	at com.kms.katalon.core.webui.keyword.WebUiBuiltInKeywords$click$2.call(Unknown Source)
	at ActivityOverview-EmailDownloadPreview.run(ActivityOverview-EmailDownloadPreview:217)
	at com.kms.katalon.core.main.ScriptEngine.run(ScriptEngine.java:194)
	at com.kms.katalon.core.main.ScriptEngine.runScriptAsRawText(ScriptEngine.java:119)
	at com.kms.katalon.core.main.TestCaseExecutor.runScript(TestCaseExecutor.java:442)
	at com.kms.katalon.core.main.TestCaseExecutor.doExecute(TestCaseExecutor.java:433)
	at com.kms.katalon.core.main.TestCaseExecutor.processExecutionPhase(TestCaseExecutor.java:412)
	at com.kms.katalon.core.main.TestCaseExecutor.accessMainPhase(TestCaseExecutor.java:404)
	at com.kms.katalon.core.main.TestCaseExecutor.execute(TestCaseExecutor.java:281)
	at com.kms.katalon.core.main.TestSuiteExecutor.accessTestCaseMainPhase(TestSuiteExecutor.java:202)
	at com.kms.katalon.core.main.TestSuiteExecutor.accessTestSuiteMainPhase(TestSuiteExecutor.java:164)
	at com.kms.katalon.core.main.TestSuiteExecutor.execute(TestSuiteExecutor.java:105)
	at com.kms.katalon.core.main.TestCaseMain.startTestSuite(TestCaseMain.java:185)
	at com.kms.katalon.core.main.TestCaseMain$startTestSuite$0.call(Unknown Source)
	at TempTestSuite1644820102951.run(TempTestSuite1644820102951.groovy:36)
Caused by: com.kms.katalon.core.webui.exception.WebElementNotFoundException: Web element with id: 'Object Repository/Header/Download/ClickOnDownloadIcon' located by '//span[contains(text(),'Download')]//parent::a' not found
	at com.kms.katalon.core.webui.common.WebUiCommonHelper.findWebElement(WebUiCommonHelper.java:1370)
	at com.kms.katalon.core.webui.keyword.internal.WebUIAbstractKeyword.findWebElement(WebUIAbstractKeyword.groovy:27)
	at com.kms.katalon.core.webui.keyword.builtin.ClickKeyword$_click_closure1.doCall(ClickKeyword.groovy:65)
	at com.kms.katalon.core.webui.keyword.builtin.ClickKeyword$_click_closure1.call(ClickKeyword.groovy)
	at com.kms.katalon.core.webui.keyword.internal.WebUIKeywordMain.runKeyword(WebUIKeywordMain.groovy:20)
	at com.kms.katalon.core.webui.keyword.builtin.ClickKeyword.click(ClickKeyword.groovy:74)
	at com.kms.katalon.core.webui.keyword.builtin.ClickKeyword.execute(ClickKeyword.groovy:40)
	at com.kms.katalon.core.keyword.internal.KeywordExecutor.executeKeywordForPlatform(KeywordExecutor.groovy:74)
	at com.kms.katalon.core.webui.keyword.WebUiBuiltInKeywords.click(WebUiBuiltInKeywords.groovy:620)
	at com.kms.katalon.core.webui.keyword.WebUiBuiltInKeywords$click$2.call(Unknown Source)
	at Script1643733927957.run(Script1643733927957.groovy:217)
	... 13 more
)

2022-02-14 15:21:54 - [MESSAGE][INFO] - Unable to find the element located by 'By.xpath: //span[contains(text(),'Download')]//parent::a'. Please recheck the objects properties to make sure the desired element is located. 

2022-02-14 15:21:54 - [MESSAGE][WARNING] - [SELF-HEALING] Failed to find element with id 'Object Repository/Header/Download/ClickOnDownloadIcon'. Try using Self-healing.

2022-02-14 15:21:56 - [MESSAGE][INFO] - [SELF-HEALING] No working XPath is found.

2022-02-14 15:21:57 - [MESSAGE][INFO] - Unable to find the element located by 'By.xpath: '. Please recheck the objects properties to make sure the desired element is located. 

2022-02-14 15:21:57 - [MESSAGE][WARNING] - [SELF-HEALING] Cannot find elements when the selector is null

2022-02-14 15:21:57 - [MESSAGE][FAILED] - Unable to click on object 'Object Repository/Header/Download/ClickOnDownloadIcon' (Root cause: com.kms.katalon.core.exception.StepFailedException: Unable to click on object 'Object Repository/Header/Download/ClickOnDownloadIcon'
	at com.kms.katalon.core.webui.keyword.internal.WebUIKeywordMain.stepFailed(WebUIKeywordMain.groovy:64)
	at com.kms.katalon.core.webui.keyword.internal.WebUIKeywordMain.runKeyword(WebUIKeywordMain.groovy:26)
	at com.kms.katalon.core.webui.keyword.builtin.ClickKeyword.click(ClickKeyword.groovy:74)
	at com.kms.katalon.core.webui.keyword.builtin.ClickKeyword.execute(ClickKeyword.groovy:40)
	at com.kms.katalon.core.keyword.internal.KeywordExecutor.executeKeywordForPlatform(KeywordExecutor.groovy:74)
	at com.kms.katalon.core.webui.keyword.WebUiBuiltInKeywords.click(WebUiBuiltInKeywords.groovy:620)
	at com.kms.katalon.core.webui.keyword.WebUiBuiltInKeywords$click$2.call(Unknown Source)
	at ActivityOverview-EmailDownloadPreview.run(ActivityOverview-EmailDownloadPreview:217)
	at com.kms.katalon.core.main.ScriptEngine.run(ScriptEngine.java:194)
	at com.kms.katalon.core.main.ScriptEngine.runScriptAsRawText(ScriptEngine.java:119)
	at com.kms.katalon.core.main.TestCaseExecutor.runScript(TestCaseExecutor.java:442)
	at com.kms.katalon.core.main.TestCaseExecutor.doExecute(TestCaseExecutor.java:433)
	at com.kms.katalon.core.main.TestCaseExecutor.processExecutionPhase(TestCaseExecutor.java:412)
	at com.kms.katalon.core.main.TestCaseExecutor.accessMainPhase(TestCaseExecutor.java:404)
	at com.kms.katalon.core.main.TestCaseExecutor.execute(TestCaseExecutor.java:281)
	at com.kms.katalon.core.main.TestSuiteExecutor.accessTestCaseMainPhase(TestSuiteExecutor.java:202)
	at com.kms.katalon.core.main.TestSuiteExecutor.accessTestSuiteMainPhase(TestSuiteExecutor.java:164)
	at com.kms.katalon.core.main.TestSuiteExecutor.execute(TestSuiteExecutor.java:105)
	at com.kms.katalon.core.main.TestCaseMain.startTestSuite(TestCaseMain.java:185)
	at com.kms.katalon.core.main.TestCaseMain$startTestSuite$0.call(Unknown Source)
	at TempTestSuite1644820102951.run(TempTestSuite1644820102951.groovy:36)
Caused by: com.kms.katalon.core.webui.exception.WebElementNotFoundException: Web element with id: 'Object Repository/Header/Download/ClickOnDownloadIcon' located by '//span[contains(text(),'Download')]//parent::a' not found
	at com.kms.katalon.core.webui.common.WebUiCommonHelper.findWebElement(WebUiCommonHelper.java:1370)
	at com.kms.katalon.core.webui.keyword.internal.WebUIAbstractKeyword.findWebElement(WebUIAbstractKeyword.groovy:27)
	at com.kms.katalon.core.webui.keyword.builtin.ClickKeyword$_click_closure1.doCall(ClickKeyword.groovy:65)
	at com.kms.katalon.core.webui.keyword.builtin.ClickKeyword$_click_closure1.call(ClickKeyword.groovy)
	at com.kms.katalon.core.webui.keyword.internal.WebUIKeywordMain.runKeyword(WebUIKeywordMain.groovy:20)
	at com.kms.katalon.core.webui.keyword.builtin.ClickKeyword.click(ClickKeyword.groovy:74)
	at com.kms.katalon.core.webui.keyword.builtin.ClickKeyword.execute(ClickKeyword.groovy:40)
	at com.kms.katalon.core.keyword.internal.KeywordExecutor.executeKeywordForPlatform(KeywordExecutor.groovy:74)
	at com.kms.katalon.core.webui.keyword.WebUiBuiltInKeywords.click(WebUiBuiltInKeywords.groovy:620)
	at com.kms.katalon.core.webui.keyword.WebUiBuiltInKeywords$click$2.call(Unknown Source)
	at Script1643733927957.run(Script1643733927957.groovy:217)
	... 13 more
)
[[ATTACHMENT|/home/intersoft-admin/Rattan/Bash/Training/Rattan/Final_testing/New_ActivityOverview/Reports/20220214_115757/EmailDownloadPreview/20220214_115822/1644832317034.png]]]]></system-out>
         <system-err><![CDATA[2022-02-14 15:16:47 - [TEST_CASE][FAILED] - Test Cases/NewActivityOverview-LeftNavigation/ActivityOverview-EmailDownloadPreview: Test Cases/NewActivityOverview-LeftNavigation/ActivityOverview-EmailDownloadPreview FAILED.
Reason:
com.kms.katalon.core.exception.StepFailedException: Unable to click on object 'Object Repository/Header/Download/ClickOnDownloadIcon'
	at com.kms.katalon.core.webui.keyword.internal.WebUIKeywordMain.stepFailed(WebUIKeywordMain.groovy:64)
	at com.kms.katalon.core.webui.keyword.internal.WebUIKeywordMain.runKeyword(WebUIKeywordMain.groovy:26)
	at com.kms.katalon.core.webui.keyword.builtin.ClickKeyword.click(ClickKeyword.groovy:74)
	at com.kms.katalon.core.webui.keyword.builtin.ClickKeyword.execute(ClickKeyword.groovy:40)
	at com.kms.katalon.core.keyword.internal.KeywordExecutor.executeKeywordForPlatform(KeywordExecutor.groovy:74)
	at com.kms.katalon.core.webui.keyword.WebUiBuiltInKeywords.click(WebUiBuiltInKeywords.groovy:620)
	at com.kms.katalon.core.webui.keyword.WebUiBuiltInKeywords$click$2.call(Unknown Source)
	at ActivityOverview-EmailDownloadPreview.run(ActivityOverview-EmailDownloadPreview:217)
	at com.kms.katalon.core.main.ScriptEngine.run(ScriptEngine.java:194)
	at com.kms.katalon.core.main.ScriptEngine.runScriptAsRawText(ScriptEngine.java:119)
	at com.kms.katalon.core.main.TestCaseExecutor.runScript(TestCaseExecutor.java:442)
	at com.kms.katalon.core.main.TestCaseExecutor.doExecute(TestCaseExecutor.java:433)
	at com.kms.katalon.core.main.TestCaseExecutor.processExecutionPhase(TestCaseExecutor.java:412)
	at com.kms.katalon.core.main.TestCaseExecutor.accessMainPhase(TestCaseExecutor.java:404)
	at com.kms.katalon.core.main.TestCaseExecutor.execute(TestCaseExecutor.java:281)
	at com.kms.katalon.core.main.TestSuiteExecutor.accessTestCaseMainPhase(TestSuiteExecutor.java:202)
	at com.kms.katalon.core.main.TestSuiteExecutor.accessTestSuiteMainPhase(TestSuiteExecutor.java:164)
	at com.kms.katalon.core.main.TestSuiteExecutor.execute(TestSuiteExecutor.java:105)
	at com.kms.katalon.core.main.TestCaseMain.startTestSuite(TestCaseMain.java:185)
	at com.kms.katalon.core.main.TestCaseMain$startTestSuite$0.call(Unknown Source)
	at TempTestSuite1644820102951.run(TempTestSuite1644820102951.groovy:36)
Caused by: com.kms.katalon.core.webui.exception.WebElementNotFoundException: Web element with id: 'Object Repository/Header/Download/ClickOnDownloadIcon' located by '//span[contains(text(),'Download')]//parent::a' not found
	at com.kms.katalon.core.webui.common.WebUiCommonHelper.findWebElement(WebUiCommonHelper.java:1370)
	at com.kms.katalon.core.webui.keyword.internal.WebUIAbstractKeyword.findWebElement(WebUIAbstractKeyword.groovy:27)
	at com.kms.katalon.core.webui.keyword.builtin.ClickKeyword$_click_closure1.doCall(ClickKeyword.groovy:65)
	at com.kms.katalon.core.webui.keyword.builtin.ClickKeyword$_click_closure1.call(ClickKeyword.groovy)
	at com.kms.katalon.core.webui.keyword.internal.WebUIKeywordMain.runKeyword(WebUIKeywordMain.groovy:20)
	... 19 more]]></system-err>
      </testcase>
      <testcase name="Test Cases/NewActivityOverview-LeftNavigation/ActivityOverview-EmailDownloadPreview-CopiedURL" time="5.381" classname="Test Cases/NewActivityOverview-LeftNavigation/ActivityOverview-EmailDownloadPreview-CopiedURL" status="FAILED">
         <failure type="FAILED" message="Test Cases/NewActivityOverview-LeftNavigation/ActivityOverview-EmailDownloadPreview-CopiedURL FAILED.
Reason:
com.kms.katalon.core.exception.StepFailedException: Unable to navigate to ''
	at com.kms.katalon.core.webui.keyword.internal.WebUIKeywordMain.stepFailed(WebUIKeywordMain.groovy:64)
	at com.kms.katalon.core.webui.keyword.internal.WebUIKeywordMain.runKeyword(WebUIKeywordMain.groovy:26)
	at com.kms.katalon.core.webui.keyword.builtin.NavigateToUrlKeyword.navigateToUrl(NavigateToUrlKeyword.groovy:83)
	at com.kms.katalon.core.webui.keyword.builtin.NavigateToUrlKeyword.execute(NavigateToUrlKeyword.groovy:67)
	at com.kms.katalon.core.keyword.internal.KeywordExecutor.executeKeywordForPlatform(KeywordExecutor.groovy:74)
	at com.kms.katalon.core.webui.keyword.WebUiBuiltInKeywords.navigateToUrl(WebUiBuiltInKeywords.groovy:187)
	at com.kms.katalon.core.webui.keyword.WebUiBuiltInKeywords$navigateToUrl$1.call(Unknown Source)
	at ActivityOverview-EmailDownloadPreview-CopiedURL.run(ActivityOverview-EmailDownloadPreview-CopiedURL:30)
	at com.kms.katalon.core.main.ScriptEngine.run(ScriptEngine.java:194)
	at com.kms.katalon.core.main.ScriptEngine.runScriptAsRawText(ScriptEngine.java:119)
	at com.kms.katalon.core.main.TestCaseExecutor.runScript(TestCaseExecutor.java:442)
	at com.kms.katalon.core.main.TestCaseExecutor.doExecute(TestCaseExecutor.java:433)
	at com.kms.katalon.core.main.TestCaseExecutor.processExecutionPhase(TestCaseExecutor.java:412)
	at com.kms.katalon.core.main.TestCaseExecutor.accessMainPhase(TestCaseExecutor.java:404)
	at com.kms.katalon.core.main.TestCaseExecutor.execute(TestCaseExecutor.java:281)
	at com.kms.katalon.core.main.TestSuiteExecutor.accessTestCaseMainPhase(TestSuiteExecutor.java:202)
	at com.kms.katalon.core.main.TestSuiteExecutor.accessTestSuiteMainPhase(TestSuiteExecutor.java:164)
	at com.kms.katalon.core.main.TestSuiteExecutor.execute(TestSuiteExecutor.java:105)
	at com.kms.katalon.core.main.TestCaseMain.startTestSuite(TestCaseMain.java:185)
	at com.kms.katalon.core.main.TestCaseMain$startTestSuite$0.call(Unknown Source)
	at TempTestSuite1644820102951.run(TempTestSuite1644820102951.groovy:36)
Caused by: java.lang.IllegalArgumentException: Url cannot be null or empty
	at com.kms.katalon.core.webui.keyword.builtin.NavigateToUrlKeyword$_navigateToUrl_closure1.doCall(NavigateToUrlKeyword.groovy:75)
	at com.kms.katalon.core.webui.keyword.builtin.NavigateToUrlKeyword$_navigateToUrl_closure1.call(NavigateToUrlKeyword.groovy)
	at com.kms.katalon.core.webui.keyword.internal.WebUIKeywordMain.runKeyword(WebUIKeywordMain.groovy:20)
	... 19 more
"/>
         <system-out><![CDATA[2022-02-14 15:21:57 - [TEST_CASE][FAILED] - Test Cases/NewActivityOverview-LeftNavigation/ActivityOverview-EmailDownloadPreview-CopiedURL: Test Cases/NewActivityOverview-LeftNavigation/ActivityOverview-EmailDownloadPreview-CopiedURL FAILED.
Reason:
com.kms.katalon.core.exception.StepFailedException: Unable to navigate to ''
	at com.kms.katalon.core.webui.keyword.internal.WebUIKeywordMain.stepFailed(WebUIKeywordMain.groovy:64)
	at com.kms.katalon.core.webui.keyword.internal.WebUIKeywordMain.runKeyword(WebUIKeywordMain.groovy:26)
	at com.kms.katalon.core.webui.keyword.builtin.NavigateToUrlKeyword.navigateToUrl(NavigateToUrlKeyword.groovy:83)
	at com.kms.katalon.core.webui.keyword.builtin.NavigateToUrlKeyword.execute(NavigateToUrlKeyword.groovy:67)
	at com.kms.katalon.core.keyword.internal.KeywordExecutor.executeKeywordForPlatform(KeywordExecutor.groovy:74)
	at com.kms.katalon.core.webui.keyword.WebUiBuiltInKeywords.navigateToUrl(WebUiBuiltInKeywords.groovy:187)
	at com.kms.katalon.core.webui.keyword.WebUiBuiltInKeywords$navigateToUrl$1.call(Unknown Source)
	at ActivityOverview-EmailDownloadPreview-CopiedURL.run(ActivityOverview-EmailDownloadPreview-CopiedURL:30)
	at com.kms.katalon.core.main.ScriptEngine.run(ScriptEngine.java:194)
	at com.kms.katalon.core.main.ScriptEngine.runScriptAsRawText(ScriptEngine.java:119)
	at com.kms.katalon.core.main.TestCaseExecutor.runScript(TestCaseExecutor.java:442)
	at com.kms.katalon.core.main.TestCaseExecutor.doExecute(TestCaseExecutor.java:433)
	at com.kms.katalon.core.main.TestCaseExecutor.processExecutionPhase(TestCaseExecutor.java:412)
	at com.kms.katalon.core.main.TestCaseExecutor.accessMainPhase(TestCaseExecutor.java:404)
	at com.kms.katalon.core.main.TestCaseExecutor.execute(TestCaseExecutor.java:281)
	at com.kms.katalon.core.main.TestSuiteExecutor.accessTestCaseMainPhase(TestSuiteExecutor.java:202)
	at com.kms.katalon.core.main.TestSuiteExecutor.accessTestSuiteMainPhase(TestSuiteExecutor.java:164)
	at com.kms.katalon.core.main.TestSuiteExecutor.execute(TestSuiteExecutor.java:105)
	at com.kms.katalon.core.main.TestCaseMain.startTestSuite(TestCaseMain.java:185)
	at com.kms.katalon.core.main.TestCaseMain$startTestSuite$0.call(Unknown Source)
	at TempTestSuite1644820102951.run(TempTestSuite1644820102951.groovy:36)
Caused by: java.lang.IllegalArgumentException: Url cannot be null or empty
	at com.kms.katalon.core.webui.keyword.builtin.NavigateToUrlKeyword$_navigateToUrl_closure1.doCall(NavigateToUrlKeyword.groovy:75)
	at com.kms.katalon.core.webui.keyword.builtin.NavigateToUrlKeyword$_navigateToUrl_closure1.call(NavigateToUrlKeyword.groovy)
	at com.kms.katalon.core.webui.keyword.internal.WebUIKeywordMain.runKeyword(WebUIKeywordMain.groovy:20)
	... 19 more


2022-02-14 15:21:57 - [TEST_STEP][PASSED] - switchToWindowIndex(1): Switched to window with index: '1'

2022-02-14 15:21:57 - [MESSAGE][PASSED] - Switched to window with index: '1'

2022-02-14 15:21:57 - [TEST_STEP][PASSED] - delay(5): Delayed 5 second(s)

2022-02-14 15:22:02 - [MESSAGE][PASSED] - Delayed 5 second(s)

2022-02-14 15:22:02 - [TEST_STEP][FAILED] - navigateToUrl(ActivityUrl): Unable to navigate to '' (Root cause: com.kms.katalon.core.exception.StepFailedException: Unable to navigate to ''
	at com.kms.katalon.core.webui.keyword.internal.WebUIKeywordMain.stepFailed(WebUIKeywordMain.groovy:64)
	at com.kms.katalon.core.webui.keyword.internal.WebUIKeywordMain.runKeyword(WebUIKeywordMain.groovy:26)
	at com.kms.katalon.core.webui.keyword.builtin.NavigateToUrlKeyword.navigateToUrl(NavigateToUrlKeyword.groovy:83)
	at com.kms.katalon.core.webui.keyword.builtin.NavigateToUrlKeyword.execute(NavigateToUrlKeyword.groovy:67)
	at com.kms.katalon.core.keyword.internal.KeywordExecutor.executeKeywordForPlatform(KeywordExecutor.groovy:74)
	at com.kms.katalon.core.webui.keyword.WebUiBuiltInKeywords.navigateToUrl(WebUiBuiltInKeywords.groovy:187)
	at com.kms.katalon.core.webui.keyword.WebUiBuiltInKeywords$navigateToUrl$1.call(Unknown Source)
	at ActivityOverview-EmailDownloadPreview-CopiedURL.run(ActivityOverview-EmailDownloadPreview-CopiedURL:30)
	at com.kms.katalon.core.main.ScriptEngine.run(ScriptEngine.java:194)
	at com.kms.katalon.core.main.ScriptEngine.runScriptAsRawText(ScriptEngine.java:119)
	at com.kms.katalon.core.main.TestCaseExecutor.runScript(TestCaseExecutor.java:442)
	at com.kms.katalon.core.main.TestCaseExecutor.doExecute(TestCaseExecutor.java:433)
	at com.kms.katalon.core.main.TestCaseExecutor.processExecutionPhase(TestCaseExecutor.java:412)
	at com.kms.katalon.core.main.TestCaseExecutor.accessMainPhase(TestCaseExecutor.java:404)
	at com.kms.katalon.core.main.TestCaseExecutor.execute(TestCaseExecutor.java:281)
	at com.kms.katalon.core.main.TestSuiteExecutor.accessTestCaseMainPhase(TestSuiteExecutor.java:202)
	at com.kms.katalon.core.main.TestSuiteExecutor.accessTestSuiteMainPhase(TestSuiteExecutor.java:164)
	at com.kms.katalon.core.main.TestSuiteExecutor.execute(TestSuiteExecutor.java:105)
	at com.kms.katalon.core.main.TestCaseMain.startTestSuite(TestCaseMain.java:185)
	at com.kms.katalon.core.main.TestCaseMain$startTestSuite$0.call(Unknown Source)
	at TempTestSuite1644820102951.run(TempTestSuite1644820102951.groovy:36)
Caused by: java.lang.IllegalArgumentException: Url cannot be null or empty
	at com.kms.katalon.core.webui.keyword.builtin.NavigateToUrlKeyword$_navigateToUrl_closure1.doCall(NavigateToUrlKeyword.groovy:75)
	at com.kms.katalon.core.webui.keyword.builtin.NavigateToUrlKeyword$_navigateToUrl_closure1.call(NavigateToUrlKeyword.groovy)
	at com.kms.katalon.core.webui.keyword.internal.WebUIKeywordMain.runKeyword(WebUIKeywordMain.groovy:20)
	at com.kms.katalon.core.webui.keyword.builtin.NavigateToUrlKeyword.navigateToUrl(NavigateToUrlKeyword.groovy:83)
	at com.kms.katalon.core.webui.keyword.builtin.NavigateToUrlKeyword.execute(NavigateToUrlKeyword.groovy:67)
	at com.kms.katalon.core.keyword.internal.KeywordExecutor.executeKeywordForPlatform(KeywordExecutor.groovy:74)
	at com.kms.katalon.core.webui.keyword.WebUiBuiltInKeywords.navigateToUrl(WebUiBuiltInKeywords.groovy:187)
	at com.kms.katalon.core.webui.keyword.WebUiBuiltInKeywords$navigateToUrl$1.call(Unknown Source)
	at Script1643787465621.run(Script1643787465621.groovy:30)
	... 13 more
)

2022-02-14 15:22:02 - [MESSAGE][FAILED] - Unable to navigate to '' (Root cause: com.kms.katalon.core.exception.StepFailedException: Unable to navigate to ''
	at com.kms.katalon.core.webui.keyword.internal.WebUIKeywordMain.stepFailed(WebUIKeywordMain.groovy:64)
	at com.kms.katalon.core.webui.keyword.internal.WebUIKeywordMain.runKeyword(WebUIKeywordMain.groovy:26)
	at com.kms.katalon.core.webui.keyword.builtin.NavigateToUrlKeyword.navigateToUrl(NavigateToUrlKeyword.groovy:83)
	at com.kms.katalon.core.webui.keyword.builtin.NavigateToUrlKeyword.execute(NavigateToUrlKeyword.groovy:67)
	at com.kms.katalon.core.keyword.internal.KeywordExecutor.executeKeywordForPlatform(KeywordExecutor.groovy:74)
	at com.kms.katalon.core.webui.keyword.WebUiBuiltInKeywords.navigateToUrl(WebUiBuiltInKeywords.groovy:187)
	at com.kms.katalon.core.webui.keyword.WebUiBuiltInKeywords$navigateToUrl$1.call(Unknown Source)
	at ActivityOverview-EmailDownloadPreview-CopiedURL.run(ActivityOverview-EmailDownloadPreview-CopiedURL:30)
	at com.kms.katalon.core.main.ScriptEngine.run(ScriptEngine.java:194)
	at com.kms.katalon.core.main.ScriptEngine.runScriptAsRawText(ScriptEngine.java:119)
	at com.kms.katalon.core.main.TestCaseExecutor.runScript(TestCaseExecutor.java:442)
	at com.kms.katalon.core.main.TestCaseExecutor.doExecute(TestCaseExecutor.java:433)
	at com.kms.katalon.core.main.TestCaseExecutor.processExecutionPhase(TestCaseExecutor.java:412)
	at com.kms.katalon.core.main.TestCaseExecutor.accessMainPhase(TestCaseExecutor.java:404)
	at com.kms.katalon.core.main.TestCaseExecutor.execute(TestCaseExecutor.java:281)
	at com.kms.katalon.core.main.TestSuiteExecutor.accessTestCaseMainPhase(TestSuiteExecutor.java:202)
	at com.kms.katalon.core.main.TestSuiteExecutor.accessTestSuiteMainPhase(TestSuiteExecutor.java:164)
	at com.kms.katalon.core.main.TestSuiteExecutor.execute(TestSuiteExecutor.java:105)
	at com.kms.katalon.core.main.TestCaseMain.startTestSuite(TestCaseMain.java:185)
	at com.kms.katalon.core.main.TestCaseMain$startTestSuite$0.call(Unknown Source)
	at TempTestSuite1644820102951.run(TempTestSuite1644820102951.groovy:36)
Caused by: java.lang.IllegalArgumentException: Url cannot be null or empty
	at com.kms.katalon.core.webui.keyword.builtin.NavigateToUrlKeyword$_navigateToUrl_closure1.doCall(NavigateToUrlKeyword.groovy:75)
	at com.kms.katalon.core.webui.keyword.builtin.NavigateToUrlKeyword$_navigateToUrl_closure1.call(NavigateToUrlKeyword.groovy)
	at com.kms.katalon.core.webui.keyword.internal.WebUIKeywordMain.runKeyword(WebUIKeywordMain.groovy:20)
	at com.kms.katalon.core.webui.keyword.builtin.NavigateToUrlKeyword.navigateToUrl(NavigateToUrlKeyword.groovy:83)
	at com.kms.katalon.core.webui.keyword.builtin.NavigateToUrlKeyword.execute(NavigateToUrlKeyword.groovy:67)
	at com.kms.katalon.core.keyword.internal.KeywordExecutor.executeKeywordForPlatform(KeywordExecutor.groovy:74)
	at com.kms.katalon.core.webui.keyword.WebUiBuiltInKeywords.navigateToUrl(WebUiBuiltInKeywords.groovy:187)
	at com.kms.katalon.core.webui.keyword.WebUiBuiltInKeywords$navigateToUrl$1.call(Unknown Source)
	at Script1643787465621.run(Script1643787465621.groovy:30)
	... 13 more
)
[[ATTACHMENT|/home/intersoft-admin/Rattan/Bash/Training/Rattan/Final_testing/New_ActivityOverview/Reports/20220214_115757/EmailDownloadPreview/20220214_115822/1644832322408.png]]]]></system-out>
         <system-err><![CDATA[2022-02-14 15:21:57 - [TEST_CASE][FAILED] - Test Cases/NewActivityOverview-LeftNavigation/ActivityOverview-EmailDownloadPreview-CopiedURL: Test Cases/NewActivityOverview-LeftNavigation/ActivityOverview-EmailDownloadPreview-CopiedURL FAILED.
Reason:
com.kms.katalon.core.exception.StepFailedException: Unable to navigate to ''
	at com.kms.katalon.core.webui.keyword.internal.WebUIKeywordMain.stepFailed(WebUIKeywordMain.groovy:64)
	at com.kms.katalon.core.webui.keyword.internal.WebUIKeywordMain.runKeyword(WebUIKeywordMain.groovy:26)
	at com.kms.katalon.core.webui.keyword.builtin.NavigateToUrlKeyword.navigateToUrl(NavigateToUrlKeyword.groovy:83)
	at com.kms.katalon.core.webui.keyword.builtin.NavigateToUrlKeyword.execute(NavigateToUrlKeyword.groovy:67)
	at com.kms.katalon.core.keyword.internal.KeywordExecutor.executeKeywordForPlatform(KeywordExecutor.groovy:74)
	at com.kms.katalon.core.webui.keyword.WebUiBuiltInKeywords.navigateToUrl(WebUiBuiltInKeywords.groovy:187)
	at com.kms.katalon.core.webui.keyword.WebUiBuiltInKeywords$navigateToUrl$1.call(Unknown Source)
	at ActivityOverview-EmailDownloadPreview-CopiedURL.run(ActivityOverview-EmailDownloadPreview-CopiedURL:30)
	at com.kms.katalon.core.main.ScriptEngine.run(ScriptEngine.java:194)
	at com.kms.katalon.core.main.ScriptEngine.runScriptAsRawText(ScriptEngine.java:119)
	at com.kms.katalon.core.main.TestCaseExecutor.runScript(TestCaseExecutor.java:442)
	at com.kms.katalon.core.main.TestCaseExecutor.doExecute(TestCaseExecutor.java:433)
	at com.kms.katalon.core.main.TestCaseExecutor.processExecutionPhase(TestCaseExecutor.java:412)
	at com.kms.katalon.core.main.TestCaseExecutor.accessMainPhase(TestCaseExecutor.java:404)
	at com.kms.katalon.core.main.TestCaseExecutor.execute(TestCaseExecutor.java:281)
	at com.kms.katalon.core.main.TestSuiteExecutor.accessTestCaseMainPhase(TestSuiteExecutor.java:202)
	at com.kms.katalon.core.main.TestSuiteExecutor.accessTestSuiteMainPhase(TestSuiteExecutor.java:164)
	at com.kms.katalon.core.main.TestSuiteExecutor.execute(TestSuiteExecutor.java:105)
	at com.kms.katalon.core.main.TestCaseMain.startTestSuite(TestCaseMain.java:185)
	at com.kms.katalon.core.main.TestCaseMain$startTestSuite$0.call(Unknown Source)
	at TempTestSuite1644820102951.run(TempTestSuite1644820102951.groovy:36)
Caused by: java.lang.IllegalArgumentException: Url cannot be null or empty
	at com.kms.katalon.core.webui.keyword.builtin.NavigateToUrlKeyword$_navigateToUrl_closure1.doCall(NavigateToUrlKeyword.groovy:75)
	at com.kms.katalon.core.webui.keyword.builtin.NavigateToUrlKeyword$_navigateToUrl_closure1.call(NavigateToUrlKeyword.groovy)
	at com.kms.katalon.core.webui.keyword.internal.WebUIKeywordMain.runKeyword(WebUIKeywordMain.groovy:20)
	... 19 more]]></system-err>
      </testcase>
      <system-out><![CDATA[2022-02-14 15:16:47 - [TEST_SUITE][FAILED] - EmailDownloadPreview: Test Cases/NewActivityOverview-LeftNavigation/ActivityOverview-EmailDownloadPreview FAILED.
Reason:
com.kms.katalon.core.exception.StepFailedException: Unable to click on object 'Object Repository/Header/Download/ClickOnDownloadIcon'
	at com.kms.katalon.core.webui.keyword.internal.WebUIKeywordMain.stepFailed(WebUIKeywordMain.groovy:64)
	at com.kms.katalon.core.webui.keyword.internal.WebUIKeywordMain.runKeyword(WebUIKeywordMain.groovy:26)
	at com.kms.katalon.core.webui.keyword.builtin.ClickKeyword.click(ClickKeyword.groovy:74)
	at com.kms.katalon.core.webui.keyword.builtin.ClickKeyword.execute(ClickKeyword.groovy:40)
	at com.kms.katalon.core.keyword.internal.KeywordExecutor.executeKeywordForPlatform(KeywordExecutor.groovy:74)
	at com.kms.katalon.core.webui.keyword.WebUiBuiltInKeywords.click(WebUiBuiltInKeywords.groovy:620)
	at com.kms.katalon.core.webui.keyword.WebUiBuiltInKeywords$click$2.call(Unknown Source)
	at ActivityOverview-EmailDownloadPreview.run(ActivityOverview-EmailDownloadPreview:217)
	at com.kms.katalon.core.main.ScriptEngine.run(ScriptEngine.java:194)
	at com.kms.katalon.core.main.ScriptEngine.runScriptAsRawText(ScriptEngine.java:119)
	at com.kms.katalon.core.main.TestCaseExecutor.runScript(TestCaseExecutor.java:442)
	at com.kms.katalon.core.main.TestCaseExecutor.doExecute(TestCaseExecutor.java:433)
	at com.kms.katalon.core.main.TestCaseExecutor.processExecutionPhase(TestCaseExecutor.java:412)
	at com.kms.katalon.core.main.TestCaseExecutor.accessMainPhase(TestCaseExecutor.java:404)
	at com.kms.katalon.core.main.TestCaseExecutor.execute(TestCaseExecutor.java:281)
	at com.kms.katalon.core.main.TestSuiteExecutor.accessTestCaseMainPhase(TestSuiteExecutor.java:202)
	at com.kms.katalon.core.main.TestSuiteExecutor.accessTestSuiteMainPhase(TestSuiteExecutor.java:164)
	at com.kms.katalon.core.main.TestSuiteExecutor.execute(TestSuiteExecutor.java:105)
	at com.kms.katalon.core.main.TestCaseMain.startTestSuite(TestCaseMain.java:185)
	at com.kms.katalon.core.main.TestCaseMain$startTestSuite$0.call(Unknown Source)
	at TempTestSuite1644820102951.run(TempTestSuite1644820102951.groovy:36)
Caused by: com.kms.katalon.core.webui.exception.WebElementNotFoundException: Web element with id: 'Object Repository/Header/Download/ClickOnDownloadIcon' located by '//span[contains(text(),'Download')]//parent::a' not found
	at com.kms.katalon.core.webui.common.WebUiCommonHelper.findWebElement(WebUiCommonHelper.java:1370)
	at com.kms.katalon.core.webui.keyword.internal.WebUIAbstractKeyword.findWebElement(WebUIAbstractKeyword.groovy:27)
	at com.kms.katalon.core.webui.keyword.builtin.ClickKeyword$_click_closure1.doCall(ClickKeyword.groovy:65)
	at com.kms.katalon.core.webui.keyword.builtin.ClickKeyword$_click_closure1.call(ClickKeyword.groovy)
	at com.kms.katalon.core.webui.keyword.internal.WebUIKeywordMain.runKeyword(WebUIKeywordMain.groovy:20)
	... 19 more]]></system-out>
      <system-err><![CDATA[2022-02-14 15:16:47 - [TEST_SUITE][FAILED] - EmailDownloadPreview: Test Cases/NewActivityOverview-LeftNavigation/ActivityOverview-EmailDownloadPreview FAILED.
Reason:
com.kms.katalon.core.exception.StepFailedException: Unable to click on object 'Object Repository/Header/Download/ClickOnDownloadIcon'
	at com.kms.katalon.core.webui.keyword.internal.WebUIKeywordMain.stepFailed(WebUIKeywordMain.groovy:64)
	at com.kms.katalon.core.webui.keyword.internal.WebUIKeywordMain.runKeyword(WebUIKeywordMain.groovy:26)
	at com.kms.katalon.core.webui.keyword.builtin.ClickKeyword.click(ClickKeyword.groovy:74)
	at com.kms.katalon.core.webui.keyword.builtin.ClickKeyword.execute(ClickKeyword.groovy:40)
	at com.kms.katalon.core.keyword.internal.KeywordExecutor.executeKeywordForPlatform(KeywordExecutor.groovy:74)
	at com.kms.katalon.core.webui.keyword.WebUiBuiltInKeywords.click(WebUiBuiltInKeywords.groovy:620)
	at com.kms.katalon.core.webui.keyword.WebUiBuiltInKeywords$click$2.call(Unknown Source)
	at ActivityOverview-EmailDownloadPreview.run(ActivityOverview-EmailDownloadPreview:217)
	at com.kms.katalon.core.main.ScriptEngine.run(ScriptEngine.java:194)
	at com.kms.katalon.core.main.ScriptEngine.runScriptAsRawText(ScriptEngine.java:119)
	at com.kms.katalon.core.main.TestCaseExecutor.runScript(TestCaseExecutor.java:442)
	at com.kms.katalon.core.main.TestCaseExecutor.doExecute(TestCaseExecutor.java:433)
	at com.kms.katalon.core.main.TestCaseExecutor.processExecutionPhase(TestCaseExecutor.java:412)
	at com.kms.katalon.core.main.TestCaseExecutor.accessMainPhase(TestCaseExecutor.java:404)
	at com.kms.katalon.core.main.TestCaseExecutor.execute(TestCaseExecutor.java:281)
	at com.kms.katalon.core.main.TestSuiteExecutor.accessTestCaseMainPhase(TestSuiteExecutor.java:202)
	at com.kms.katalon.core.main.TestSuiteExecutor.accessTestSuiteMainPhase(TestSuiteExecutor.java:164)
	at com.kms.katalon.core.main.TestSuiteExecutor.execute(TestSuiteExecutor.java:105)
	at com.kms.katalon.core.main.TestCaseMain.startTestSuite(TestCaseMain.java:185)
	at com.kms.katalon.core.main.TestCaseMain$startTestSuite$0.call(Unknown Source)
	at TempTestSuite1644820102951.run(TempTestSuite1644820102951.groovy:36)
Caused by: com.kms.katalon.core.webui.exception.WebElementNotFoundException: Web element with id: 'Object Repository/Header/Download/ClickOnDownloadIcon' located by '//span[contains(text(),'Download')]//parent::a' not found
	at com.kms.katalon.core.webui.common.WebUiCommonHelper.findWebElement(WebUiCommonHelper.java:1370)
	at com.kms.katalon.core.webui.keyword.internal.WebUIAbstractKeyword.findWebElement(WebUIAbstractKeyword.groovy:27)
	at com.kms.katalon.core.webui.keyword.builtin.ClickKeyword$_click_closure1.doCall(ClickKeyword.groovy:65)
	at com.kms.katalon.core.webui.keyword.builtin.ClickKeyword$_click_closure1.call(ClickKeyword.groovy)
	at com.kms.katalon.core.webui.keyword.internal.WebUIKeywordMain.runKeyword(WebUIKeywordMain.groovy:20)
	... 19 more]]></system-err>
   </testsuite>
   <testsuite name="CancelSingleBookingNotHavingStatusRefunded" tests="1" failures="1" errors="0" time="341.239" skipped="0" timestamp="2022-02-14 15:22:19" hostname="intersoft-admin - intersoftadmin-desktop" id="Test Suites/CancelSingleBookingNotHavingStatusRefunded">
      <properties>
         <property name="deviceName" value=""/>
         <property name="devicePlatform" value=""/>
         <property name="logFolder" value="/home/intersoft-admin/Rattan/Bash/Training/Rattan/Final_testing/New_ActivityOverview/Reports/20220214_115757/CancelSingleBookingNotHavingStatusRefunded/20220214_115824"/>
         <property name="logFiles" value="/home/intersoft-admin/Rattan/Bash/Training/Rattan/Final_testing/New_ActivityOverview/Reports/20220214_115757/CancelSingleBookingNotHavingStatusRefunded/20220214_115824/execution0.log"/>
         <property name="attachments" value="/home/intersoft-admin/Rattan/Bash/Training/Rattan/Final_testing/New_ActivityOverview/Reports/20220214_115757/CancelSingleBookingNotHavingStatusRefunded/20220214_115824/1644832366724.png, /home/intersoft-admin/Rattan/Bash/Training/Rattan/Final_testing/New_ActivityOverview/Reports/20220214_115757/CancelSingleBookingNotHavingStatusRefunded/20220214_115824/1644832382591.png, /home/intersoft-admin/Rattan/Bash/Training/Rattan/Final_testing/New_ActivityOverview/Reports/20220214_115757/CancelSingleBookingNotHavingStatusRefunded/20220214_115824/1644832403042.png, /home/intersoft-admin/Rattan/Bash/Training/Rattan/Final_testing/New_ActivityOverview/Reports/20220214_115757/CancelSingleBookingNotHavingStatusRefunded/20220214_115824/1644832403437.png, /home/intersoft-admin/Rattan/Bash/Training/Rattan/Final_testing/New_ActivityOverview/Reports/20220214_115757/CancelSingleBookingNotHavingStatusRefunded/20220214_115824/1644832406774.png, /home/intersoft-admin/Rattan/Bash/Training/Rattan/Final_testing/New_ActivityOverview/Reports/20220214_115757/CancelSingleBookingNotHavingStatusRefunded/20220214_115824/1644832414578.png, /home/intersoft-admin/Rattan/Bash/Training/Rattan/Final_testing/New_ActivityOverview/Reports/20220214_115757/CancelSingleBookingNotHavingStatusRefunded/20220214_115824/1644832420901.png, /home/intersoft-admin/Rattan/Bash/Training/Rattan/Final_testing/New_ActivityOverview/Reports/20220214_115757/CancelSingleBookingNotHavingStatusRefunded/20220214_115824/1644832427367.png, /home/intersoft-admin/Rattan/Bash/Training/Rattan/Final_testing/New_ActivityOverview/Reports/20220214_115757/CancelSingleBookingNotHavingStatusRefunded/20220214_115824/1644832452962.png, /home/intersoft-admin/Rattan/Bash/Training/Rattan/Final_testing/New_ActivityOverview/Reports/20220214_115757/CancelSingleBookingNotHavingStatusRefunded/20220214_115824/1644832467395.png, /home/intersoft-admin/Rattan/Bash/Training/Rattan/Final_testing/New_ActivityOverview/Reports/20220214_115757/CancelSingleBookingNotHavingStatusRefunded/20220214_115824/1644832487830.png, /home/intersoft-admin/Rattan/Bash/Training/Rattan/Final_testing/New_ActivityOverview/Reports/20220214_115757/CancelSingleBookingNotHavingStatusRefunded/20220214_115824/1644832488135.png, /home/intersoft-admin/Rattan/Bash/Training/Rattan/Final_testing/New_ActivityOverview/Reports/20220214_115757/CancelSingleBookingNotHavingStatusRefunded/20220214_115824/1644832491464.png, /home/intersoft-admin/Rattan/Bash/Training/Rattan/Final_testing/New_ActivityOverview/Reports/20220214_115757/CancelSingleBookingNotHavingStatusRefunded/20220214_115824/1644832499137.png, /home/intersoft-admin/Rattan/Bash/Training/Rattan/Final_testing/New_ActivityOverview/Reports/20220214_115757/CancelSingleBookingNotHavingStatusRefunded/20220214_115824/1644832505470.png, /home/intersoft-admin/Rattan/Bash/Training/Rattan/Final_testing/New_ActivityOverview/Reports/20220214_115757/CancelSingleBookingNotHavingStatusRefunded/20220214_115824/1644832511902.png, /home/intersoft-admin/Rattan/Bash/Training/Rattan/Final_testing/New_ActivityOverview/Reports/20220214_115757/CancelSingleBookingNotHavingStatusRefunded/20220214_115824/1644832536875.png, /home/intersoft-admin/Rattan/Bash/Training/Rattan/Final_testing/New_ActivityOverview/Reports/20220214_115757/CancelSingleBookingNotHavingStatusRefunded/20220214_115824/1644832551634.png, /home/intersoft-admin/Rattan/Bash/Training/Rattan/Final_testing/New_ActivityOverview/Reports/20220214_115757/CancelSingleBookingNotHavingStatusRefunded/20220214_115824/1644832572060.png, /home/intersoft-admin/Rattan/Bash/Training/Rattan/Final_testing/New_ActivityOverview/Reports/20220214_115757/CancelSingleBookingNotHavingStatusRefunded/20220214_115824/1644832572376.png, /home/intersoft-admin/Rattan/Bash/Training/Rattan/Final_testing/New_ActivityOverview/Reports/20220214_115757/CancelSingleBookingNotHavingStatusRefunded/20220214_115824/1644832575675.png, /home/intersoft-admin/Rattan/Bash/Training/Rattan/Final_testing/New_ActivityOverview/Reports/20220214_115757/CancelSingleBookingNotHavingStatusRefunded/20220214_115824/1644832583475.png, /home/intersoft-admin/Rattan/Bash/Training/Rattan/Final_testing/New_ActivityOverview/Reports/20220214_115757/CancelSingleBookingNotHavingStatusRefunded/20220214_115824/1644832589793.png, /home/intersoft-admin/Rattan/Bash/Training/Rattan/Final_testing/New_ActivityOverview/Reports/20220214_115757/CancelSingleBookingNotHavingStatusRefunded/20220214_115824/1644832596294.png, /home/intersoft-admin/Rattan/Bash/Training/Rattan/Final_testing/New_ActivityOverview/Reports/20220214_115757/CancelSingleBookingNotHavingStatusRefunded/20220214_115824/1644832621253.png, /home/intersoft-admin/Rattan/Bash/Training/Rattan/Final_testing/New_ActivityOverview/Reports/20220214_115757/CancelSingleBookingNotHavingStatusRefunded/20220214_115824/1644832635718.png, /home/intersoft-admin/Rattan/Bash/Training/Rattan/Final_testing/New_ActivityOverview/Reports/20220214_115757/CancelSingleBookingNotHavingStatusRefunded/20220214_115824/1644832656173.png, /home/intersoft-admin/Rattan/Bash/Training/Rattan/Final_testing/New_ActivityOverview/Reports/20220214_115757/CancelSingleBookingNotHavingStatusRefunded/20220214_115824/1644832656478.png, /home/intersoft-admin/Rattan/Bash/Training/Rattan/Final_testing/New_ActivityOverview/Reports/20220214_115757/CancelSingleBookingNotHavingStatusRefunded/20220214_115824/1644832659786.png, /home/intersoft-admin/Rattan/Bash/Training/Rattan/Final_testing/New_ActivityOverview/Reports/20220214_115757/CancelSingleBookingNotHavingStatusRefunded/20220214_115824/1644832667406.png, /home/intersoft-admin/Rattan/Bash/Training/Rattan/Final_testing/New_ActivityOverview/Reports/20220214_115757/CancelSingleBookingNotHavingStatusRefunded/20220214_115824/1644832673747.png, /home/intersoft-admin/Rattan/Bash/Training/Rattan/Final_testing/New_ActivityOverview/Reports/20220214_115757/CancelSingleBookingNotHavingStatusRefunded/20220214_115824/1644832680329.png"/>
         <property name="hostName" value="intersoft-admin - intersoftadmin-desktop"/>
         <property name="os" value="Linux 64bit"/>
         <property name="katalonVersion" value="8.2.5.208"/>
         <property name="browser" value="Chrome 97.0.4692.99"/>
         <property name="hostAddress" value="127.0.1.1"/>
         <property name="sessionId" value="4602ffca5fdddfbc3dcd6cab6712d775"/>
         <property name="seleniumVersion" value="3.141.59"/>
         <property name="proxyInformation" value="ProxyInformation { proxyOption=NO_PROXY, proxyServerType=HTTP, username=, password=********, proxyServerAddress=, proxyServerPort=0, executionList=&quot;&quot;, isApplyToDesiredCapabilities=true }"/>
         <property name="platform" value="Linux"/>
      </properties>
      <testcase name="Test Cases/NewActivityOverview-LeftNavigation/ActivityOverview-CancelBooking" time="84.045" classname="Test Cases/NewActivityOverview-LeftNavigation/ActivityOverview-CancelBooking" status="FAILED">
         <failure type="FAILED" message="Test Cases/NewActivityOverview-LeftNavigation/ActivityOverview-CancelBooking FAILED.
Reason:
com.kms.katalon.core.exception.StepFailedException: Unable to click on object 'Object Repository/CancelAndRefund/OptionToCancelRefund'
	at com.kms.katalon.core.webui.keyword.internal.WebUIKeywordMain.stepFailed(WebUIKeywordMain.groovy:64)
	at com.kms.katalon.core.webui.keyword.internal.WebUIKeywordMain.runKeyword(WebUIKeywordMain.groovy:26)
	at com.kms.katalon.core.webui.keyword.builtin.ClickKeyword.click(ClickKeyword.groovy:74)
	at com.kms.katalon.core.webui.keyword.builtin.ClickKeyword.execute(ClickKeyword.groovy:40)
	at com.kms.katalon.core.keyword.internal.KeywordExecutor.executeKeywordForPlatform(KeywordExecutor.groovy:74)
	at com.kms.katalon.core.webui.keyword.WebUiBuiltInKeywords.click(WebUiBuiltInKeywords.groovy:620)
	at com.kms.katalon.core.webui.keyword.WebUiBuiltInKeywords$click$2.call(Unknown Source)
	at ActivityOverview-CancelBooking.run(ActivityOverview-CancelBooking:104)
	at com.kms.katalon.core.main.ScriptEngine.run(ScriptEngine.java:194)
	at com.kms.katalon.core.main.ScriptEngine.runScriptAsRawText(ScriptEngine.java:119)
	at com.kms.katalon.core.main.TestCaseExecutor.runScript(TestCaseExecutor.java:442)
	at com.kms.katalon.core.main.TestCaseExecutor.doExecute(TestCaseExecutor.java:433)
	at com.kms.katalon.core.main.TestCaseExecutor.processExecutionPhase(TestCaseExecutor.java:412)
	at com.kms.katalon.core.main.TestCaseExecutor.accessMainPhase(TestCaseExecutor.java:404)
	at com.kms.katalon.core.main.TestCaseExecutor.execute(TestCaseExecutor.java:281)
	at com.kms.katalon.core.main.TestCaseExecutor.execute(TestCaseExecutor.java:363)
	at com.kms.katalon.core.main.TestCaseExecutor.execute(TestCaseExecutor.java:363)
	at com.kms.katalon.core.main.TestCaseExecutor.execute(TestCaseExecutor.java:363)
	at com.kms.katalon.core.main.TestSuiteExecutor.accessTestCaseMainPhase(TestSuiteExecutor.java:202)
	at com.kms.katalon.core.main.TestSuiteExecutor.accessTestSuiteMainPhase(TestSuiteExecutor.java:164)
	at com.kms.katalon.core.main.TestSuiteExecutor.execute(TestSuiteExecutor.java:105)
	at com.kms.katalon.core.main.TestCaseMain.startTestSuite(TestCaseMain.java:185)
	at com.kms.katalon.core.main.TestCaseMain$startTestSuite$0.call(Unknown Source)
	at TempTestSuite1644820104296.run(TempTestSuite1644820104296.groovy:36)
Caused by: org.openqa.selenium.ElementNotInteractableException: element not interactable
  (Session info: chrome=97.0.4692.99)
Build info: version: '3.141.59', revision: 'e82be7d358', time: '2018-11-14T08:25:53'
System info: host: 'intersoftadmin-desktop', ip: '127.0.1.1', os.name: 'Linux', os.arch: 'amd64', os.version: '5.4.0-99-generic', java.version: '1.8.0_312'
Driver info: com.kms.katalon.selenium.driver.CChromeDriver
Capabilities {acceptInsecureCerts: false, browserName: chrome, browserVersion: 97.0.4692.99, chrome: {chromedriverVersion: 97.0.4692.36 (747e0a0f19c13..., userDataDir: /tmp/.com.google.Chrome.o6EpIW}, goog:chromeOptions: {debuggerAddress: localhost:34267}, javascriptEnabled: true, networkConnectionEnabled: false, pageLoadStrategy: normal, platform: LINUX, platformName: LINUX, proxy: Proxy(), setWindowRect: true, strictFileInteractability: false, timeouts: {implicit: 0, pageLoad: 300000, script: 30000}, unhandledPromptBehavior: dismiss and notify, webauthn:extension:credBlob: true, webauthn:extension:largeBlob: true, webauthn:virtualAuthenticators: true}
Session ID: 4602ffca5fdddfbc3dcd6cab6712d775
	at org.openqa.selenium.remote.http.W3CHttpResponseCodec.createException(W3CHttpResponseCodec.java:187)
	at org.openqa.selenium.remote.http.W3CHttpResponseCodec.decode(W3CHttpResponseCodec.java:122)
	at org.openqa.selenium.remote.http.W3CHttpResponseCodec.decode(W3CHttpResponseCodec.java:49)
	at org.openqa.selenium.remote.HttpCommandExecutor.execute(HttpCommandExecutor.java:158)
	at org.openqa.selenium.remote.service.DriverCommandExecutor.execute(DriverCommandExecutor.java:83)
	at org.openqa.selenium.remote.RemoteWebDriver.execute(RemoteWebDriver.java:552)
	at com.kms.katalon.selenium.driver.CChromeDriver.execute(CChromeDriver.java:19)
	at org.openqa.selenium.remote.RemoteWebElement.execute(RemoteWebElement.java:285)
	at org.openqa.selenium.remote.RemoteWebElement.click(RemoteWebElement.java:84)
	at org.openqa.selenium.support.events.EventFiringWebDriver$EventFiringWebElement.lambda$new$0(EventFiringWebDriver.java:404)
	at com.sun.proxy.$Proxy11.click(Unknown Source)
	at org.openqa.selenium.support.events.EventFiringWebDriver$EventFiringWebElement.click(EventFiringWebDriver.java:417)
	at org.openqa.selenium.WebElement$click.call(Unknown Source)
	at com.kms.katalon.core.webui.keyword.builtin.ClickKeyword.clickUntilSuccessWithTimeout(ClickKeyword.groovy:81)
	at com.kms.katalon.core.webui.keyword.builtin.ClickKeyword.clickUntilSuccessWithTimeout(ClickKeyword.groovy)
	at com.kms.katalon.core.webui.keyword.builtin.ClickKeyword$_click_closure1.doCall(ClickKeyword.groovy:67)
	at com.kms.katalon.core.webui.keyword.builtin.ClickKeyword$_click_closure1.call(ClickKeyword.groovy)
	at com.kms.katalon.core.webui.keyword.internal.WebUIKeywordMain.runKeyword(WebUIKeywordMain.groovy:20)
	... 22 more
"/>
         <system-out><![CDATA[2022-02-14 15:26:36 - [TEST_CASE][FAILED] - Test Cases/NewActivityOverview-LeftNavigation/ActivityOverview-CancelBooking: Test Cases/NewActivityOverview-LeftNavigation/ActivityOverview-CancelBooking FAILED.
Reason:
com.kms.katalon.core.exception.StepFailedException: Unable to click on object 'Object Repository/CancelAndRefund/OptionToCancelRefund'
	at com.kms.katalon.core.webui.keyword.internal.WebUIKeywordMain.stepFailed(WebUIKeywordMain.groovy:64)
	at com.kms.katalon.core.webui.keyword.internal.WebUIKeywordMain.runKeyword(WebUIKeywordMain.groovy:26)
	at com.kms.katalon.core.webui.keyword.builtin.ClickKeyword.click(ClickKeyword.groovy:74)
	at com.kms.katalon.core.webui.keyword.builtin.ClickKeyword.execute(ClickKeyword.groovy:40)
	at com.kms.katalon.core.keyword.internal.KeywordExecutor.executeKeywordForPlatform(KeywordExecutor.groovy:74)
	at com.kms.katalon.core.webui.keyword.WebUiBuiltInKeywords.click(WebUiBuiltInKeywords.groovy:620)
	at com.kms.katalon.core.webui.keyword.WebUiBuiltInKeywords$click$2.call(Unknown Source)
	at ActivityOverview-CancelBooking.run(ActivityOverview-CancelBooking:104)
	at com.kms.katalon.core.main.ScriptEngine.run(ScriptEngine.java:194)
	at com.kms.katalon.core.main.ScriptEngine.runScriptAsRawText(ScriptEngine.java:119)
	at com.kms.katalon.core.main.TestCaseExecutor.runScript(TestCaseExecutor.java:442)
	at com.kms.katalon.core.main.TestCaseExecutor.doExecute(TestCaseExecutor.java:433)
	at com.kms.katalon.core.main.TestCaseExecutor.processExecutionPhase(TestCaseExecutor.java:412)
	at com.kms.katalon.core.main.TestCaseExecutor.accessMainPhase(TestCaseExecutor.java:404)
	at com.kms.katalon.core.main.TestCaseExecutor.execute(TestCaseExecutor.java:281)
	at com.kms.katalon.core.main.TestCaseExecutor.execute(TestCaseExecutor.java:363)
	at com.kms.katalon.core.main.TestCaseExecutor.execute(TestCaseExecutor.java:363)
	at com.kms.katalon.core.main.TestCaseExecutor.execute(TestCaseExecutor.java:363)
	at com.kms.katalon.core.main.TestSuiteExecutor.accessTestCaseMainPhase(TestSuiteExecutor.java:202)
	at com.kms.katalon.core.main.TestSuiteExecutor.accessTestSuiteMainPhase(TestSuiteExecutor.java:164)
	at com.kms.katalon.core.main.TestSuiteExecutor.execute(TestSuiteExecutor.java:105)
	at com.kms.katalon.core.main.TestCaseMain.startTestSuite(TestCaseMain.java:185)
	at com.kms.katalon.core.main.TestCaseMain$startTestSuite$0.call(Unknown Source)
	at TempTestSuite1644820104296.run(TempTestSuite1644820104296.groovy:36)
Caused by: org.openqa.selenium.ElementNotInteractableException: element not interactable
  (Session info: chrome=97.0.4692.99)
Build info: version: '3.141.59', revision: 'e82be7d358', time: '2018-11-14T08:25:53'
System info: host: 'intersoftadmin-desktop', ip: '127.0.1.1', os.name: 'Linux', os.arch: 'amd64', os.version: '5.4.0-99-generic', java.version: '1.8.0_312'
Driver info: com.kms.katalon.selenium.driver.CChromeDriver
Capabilities {acceptInsecureCerts: false, browserName: chrome, browserVersion: 97.0.4692.99, chrome: {chromedriverVersion: 97.0.4692.36 (747e0a0f19c13..., userDataDir: /tmp/.com.google.Chrome.o6EpIW}, goog:chromeOptions: {debuggerAddress: localhost:34267}, javascriptEnabled: true, networkConnectionEnabled: false, pageLoadStrategy: normal, platform: LINUX, platformName: LINUX, proxy: Proxy(), setWindowRect: true, strictFileInteractability: false, timeouts: {implicit: 0, pageLoad: 300000, script: 30000}, unhandledPromptBehavior: dismiss and notify, webauthn:extension:credBlob: true, webauthn:extension:largeBlob: true, webauthn:virtualAuthenticators: true}
Session ID: 4602ffca5fdddfbc3dcd6cab6712d775
	at org.openqa.selenium.remote.http.W3CHttpResponseCodec.createException(W3CHttpResponseCodec.java:187)
	at org.openqa.selenium.remote.http.W3CHttpResponseCodec.decode(W3CHttpResponseCodec.java:122)
	at org.openqa.selenium.remote.http.W3CHttpResponseCodec.decode(W3CHttpResponseCodec.java:49)
	at org.openqa.selenium.remote.HttpCommandExecutor.execute(HttpCommandExecutor.java:158)
	at org.openqa.selenium.remote.service.DriverCommandExecutor.execute(DriverCommandExecutor.java:83)
	at org.openqa.selenium.remote.RemoteWebDriver.execute(RemoteWebDriver.java:552)
	at com.kms.katalon.selenium.driver.CChromeDriver.execute(CChromeDriver.java:19)
	at org.openqa.selenium.remote.RemoteWebElement.execute(RemoteWebElement.java:285)
	at org.openqa.selenium.remote.RemoteWebElement.click(RemoteWebElement.java:84)
	at org.openqa.selenium.support.events.EventFiringWebDriver$EventFiringWebElement.lambda$new$0(EventFiringWebDriver.java:404)
	at com.sun.proxy.$Proxy11.click(Unknown Source)
	at org.openqa.selenium.support.events.EventFiringWebDriver$EventFiringWebElement.click(EventFiringWebDriver.java:417)
	at org.openqa.selenium.WebElement$click.call(Unknown Source)
	at com.kms.katalon.core.webui.keyword.builtin.ClickKeyword.clickUntilSuccessWithTimeout(ClickKeyword.groovy:81)
	at com.kms.katalon.core.webui.keyword.builtin.ClickKeyword.clickUntilSuccessWithTimeout(ClickKeyword.groovy)
	at com.kms.katalon.core.webui.keyword.builtin.ClickKeyword$_click_closure1.doCall(ClickKeyword.groovy:67)
	at com.kms.katalon.core.webui.keyword.builtin.ClickKeyword$_click_closure1.call(ClickKeyword.groovy)
	at com.kms.katalon.core.webui.keyword.internal.WebUIKeywordMain.runKeyword(WebUIKeywordMain.groovy:20)
	... 22 more


2022-02-14 15:26:36 - [TEST_STEP][PASSED] - callTestCase(findTestCase("LoginWithSuperAdmin/SuperAdmin-Login"), [:], STOP_ON_FAILURE): Call Test Case 'Test Cases/LoginWithSuperAdmin/SuperAdmin-Login' successfully

2022-02-14 15:26:36 - [TEST_CASE][PASSED] - Test Cases/LoginWithSuperAdmin/SuperAdmin-Login: Test Cases/LoginWithSuperAdmin/SuperAdmin-Login

2022-02-14 15:26:36 - [TEST_STEP][PASSED] - openBrowser(""): Browser is opened with url: ''

2022-02-14 15:26:36 - [MESSAGE][WARNING] - A browser is already opened. Closing browser and opening a new one

2022-02-14 15:26:36 - [MESSAGE][INFO] - Starting 'Chrome' driver

2022-02-14 15:26:36 - [MESSAGE][INFO] - Action delay is set to 3,000 milliseconds

2022-02-14 15:26:37 - [MESSAGE][PASSED] - Browser is opened with url: ''

2022-02-14 15:26:37 - [TEST_STEP][PASSED] - setViewPortSize(1920, 1080): Viewport is set to new size with width = 1920 and height = 1080

2022-02-14 15:26:37 - [MESSAGE][PASSED] - Viewport is set to new size with width = 1920 and height = 1080

2022-02-14 15:26:37 - [TEST_STEP][PASSED] - navigateToUrl(URL): Navigate to 'https://marketplacev1.test-prio.com' successfully

2022-02-14 15:26:41 - [MESSAGE][PASSED] - Navigate to 'https://marketplacev1.test-prio.com' successfully

2022-02-14 15:26:41 - [TEST_STEP][PASSED] - delay(3): Delayed 3 second(s)

2022-02-14 15:26:44 - [MESSAGE][PASSED] - Delayed 3 second(s)

2022-02-14 15:26:44 - [TEST_STEP][PASSED] - click(findTestObject("SuperAdmin/Login/input_Email_contact_email")): Object: 'Object Repository/SuperAdmin/Login/input_Email_contact_email' is clicked on

2022-02-14 15:26:48 - [MESSAGE][PASSED] - Object: 'Object Repository/SuperAdmin/Login/input_Email_contact_email' is clicked on

2022-02-14 15:26:48 - [TEST_STEP][PASSED] - setText(findTestObject("SuperAdmin/Login/input_Email_contact_email"), uname): Text 'superadmin@tippoint.com' is set on object 'Object Repository/SuperAdmin/Login/input_Email_contact_email'

2022-02-14 15:26:54 - [MESSAGE][PASSED] - Text 'superadmin@tippoint.com' is set on object 'Object Repository/SuperAdmin/Login/input_Email_contact_email'

2022-02-14 15:26:54 - [TEST_STEP][PASSED] - setEncryptedText(findTestObject("SuperAdmin/Login/input_Password_password"), Password): Text ****** has been set on object 'Object Repository/SuperAdmin/Login/input_Password_password'

2022-02-14 15:27:01 - [MESSAGE][PASSED] - Text ****** has been set on object 'Object Repository/SuperAdmin/Login/input_Password_password'

2022-02-14 15:27:01 - [TEST_STEP][PASSED] - takeScreenshot(): Taking screenshot successfully

2022-02-14 15:27:01 - [MESSAGE][PASSED] - Taking screenshot successfully
[[ATTACHMENT|/home/intersoft-admin/Rattan/Bash/Training/Rattan/Final_testing/New_ActivityOverview/Reports/20220214_115757/CancelSingleBookingNotHavingStatusRefunded/20220214_115824/1644832621253.png]]

2022-02-14 15:27:01 - [TEST_STEP][PASSED] - newpackage.clickUsingJS.clickUsingJS(findTestObject("SuperAdmin/Login/button_Sign in"), 5): newpackage.clickUsingJS.clickUsingJS is PASSED

2022-02-14 15:27:01 - [MESSAGE][PASSED] - newpackage.clickUsingJS.clickUsingJS is PASSED

2022-02-14 15:27:01 - [MESSAGE][PASSED] - Call Test Case 'Test Cases/LoginWithSuperAdmin/SuperAdmin-Login' successfully

2022-02-14 15:27:01 - [TEST_STEP][PASSED] - switchToDefaultContent(): null

2022-02-14 15:27:01 - [TEST_STEP][PASSED] - click(findTestObject("SuperAdminLeftNavigation/NewActivityOverview-LeftNavigation")): Object: 'Object Repository/SuperAdminLeftNavigation/NewActivityOverview-LeftNavigation' is clicked on

2022-02-14 15:27:14 - [MESSAGE][PASSED] - Object: 'Object Repository/SuperAdminLeftNavigation/NewActivityOverview-LeftNavigation' is clicked on

2022-02-14 15:27:14 - [TEST_STEP][PASSED] - takeScreenshot(): Taking screenshot successfully

2022-02-14 15:27:15 - [MESSAGE][PASSED] - Taking screenshot successfully
[[ATTACHMENT|/home/intersoft-admin/Rattan/Bash/Training/Rattan/Final_testing/New_ActivityOverview/Reports/20220214_115757/CancelSingleBookingNotHavingStatusRefunded/20220214_115824/1644832635718.png]]

2022-02-14 15:27:15 - [TEST_STEP][PASSED] - switchToFrame(findTestObject("Object Repository/Iframe/NewActivityOverviewIframe"), 5): null

2022-02-14 15:27:16 - [TEST_STEP][PASSED] - delay(20): Delayed 20 second(s)

2022-02-14 15:27:36 - [MESSAGE][PASSED] - Delayed 20 second(s)

2022-02-14 15:27:36 - [TEST_STEP][PASSED] - takeScreenshot(): Taking screenshot successfully

2022-02-14 15:27:36 - [MESSAGE][PASSED] - Taking screenshot successfully
[[ATTACHMENT|/home/intersoft-admin/Rattan/Bash/Training/Rattan/Final_testing/New_ActivityOverview/Reports/20220214_115757/CancelSingleBookingNotHavingStatusRefunded/20220214_115824/1644832656173.png]]

2022-02-14 15:27:36 - [TEST_STEP][PASSED] - sizeoflisting = findWebElements(findTestObject("ListingArea/ListingContainsData"), 5).size(): null

2022-02-14 15:27:36 - [TEST_STEP][PASSED] - println(sizeoflisting): null

2022-02-14 15:27:36 - [TEST_STEP][PASSED] - logInfo(Size of Order Listing: $sizeoflisting): Size of Order Listing: 11

2022-02-14 15:27:36 - [MESSAGE][INFO] - Size of Order Listing: 11

2022-02-14 15:27:36 - [TEST_STEP][PASSED] - if (sizeoflisting > 2): null

2022-02-14 15:27:36 - [TEST_STEP][PASSED] - logInfo("Orders Exist in Listing"): Orders Exist in Listing

2022-02-14 15:27:36 - [MESSAGE][INFO] - Orders Exist in Listing

2022-02-14 15:27:36 - [TEST_STEP][PASSED] - SizeofActiveBookings = findWebElements(findTestObject("Object Repository/CancelAndRefund/OrderListWithoutRefundedStatus"), 5).size(): null

2022-02-14 15:27:36 - [TEST_STEP][PASSED] - logInfo(Size of Active Bookings: $SizeofActiveBookings): Size of Active Bookings: 6

2022-02-14 15:27:36 - [MESSAGE][INFO] - Size of Active Bookings: 6

2022-02-14 15:27:36 - [TEST_STEP][PASSED] - for ([refund = 1, refund < SizeofActiveBookings, (refund++)]): null

2022-02-14 15:27:36 - [TEST_STEP][PASSED] - if (refund == 1): null

2022-02-14 15:27:36 - [TEST_STEP][PASSED] - refund = SizeofActiveBookings: null

2022-02-14 15:27:36 - [TEST_STEP][PASSED] - logInfo(Size of refund booking: $refund): Size of refund booking: 6

2022-02-14 15:27:36 - [MESSAGE][INFO] - Size of refund booking: 6

2022-02-14 15:27:36 - [TEST_STEP][PASSED] - scrollToElement(findTestObject("Object Repository/CancelAndRefund/OrderListWithoutRefundedStatus - Click", ["position":refund]), 15): Scroll to object 'Object Repository/CancelAndRefund/OrderListWithoutRefundedStatus - Click' successfully

2022-02-14 15:27:36 - [MESSAGE][PASSED] - Scroll to object 'Object Repository/CancelAndRefund/OrderListWithoutRefundedStatus - Click' successfully

2022-02-14 15:27:36 - [TEST_STEP][PASSED] - takeScreenshot(): Taking screenshot successfully

2022-02-14 15:27:36 - [MESSAGE][PASSED] - Taking screenshot successfully
[[ATTACHMENT|/home/intersoft-admin/Rattan/Bash/Training/Rattan/Final_testing/New_ActivityOverview/Reports/20220214_115757/CancelSingleBookingNotHavingStatusRefunded/20220214_115824/1644832656478.png]]

2022-02-14 15:27:36 - [TEST_STEP][PASSED] - click(findTestObject("Object Repository/CancelAndRefund/OrderListWithoutRefundedStatus - Click", ["position":refund])): Object: 'Object Repository/CancelAndRefund/OrderListWithoutRefundedStatus - Click' is clicked on

2022-02-14 15:27:39 - [MESSAGE][PASSED] - Object: 'Object Repository/CancelAndRefund/OrderListWithoutRefundedStatus - Click' is clicked on

2022-02-14 15:27:39 - [TEST_STEP][PASSED] - takeScreenshot(): Taking screenshot successfully

2022-02-14 15:27:39 - [MESSAGE][PASSED] - Taking screenshot successfully
[[ATTACHMENT|/home/intersoft-admin/Rattan/Bash/Training/Rattan/Final_testing/New_ActivityOverview/Reports/20220214_115757/CancelSingleBookingNotHavingStatusRefunded/20220214_115824/1644832659786.png]]

2022-02-14 15:27:39 - [TEST_STEP][PASSED] - if (waitForElementClickable(findTestObject("Object Repository/CancelAndRefund/CancelBookingButton"), 15) == true): null

2022-02-14 15:27:41 - [MESSAGE][PASSED] - Object 'Object Repository/CancelAndRefund/CancelBookingButton' is clickable

2022-02-14 15:27:41 - [TEST_STEP][PASSED] - click(findTestObject("Object Repository/CancelAndRefund/CancelBookingButton")): Object: 'Object Repository/CancelAndRefund/CancelBookingButton' is clicked on

2022-02-14 15:27:44 - [MESSAGE][PASSED] - Object: 'Object Repository/CancelAndRefund/CancelBookingButton' is clicked on

2022-02-14 15:27:44 - [TEST_STEP][PASSED] - delay(3): Delayed 3 second(s)

2022-02-14 15:27:47 - [MESSAGE][PASSED] - Delayed 3 second(s)

2022-02-14 15:27:47 - [TEST_STEP][PASSED] - takeScreenshot(): Taking screenshot successfully

2022-02-14 15:27:47 - [MESSAGE][PASSED] - Taking screenshot successfully
[[ATTACHMENT|/home/intersoft-admin/Rattan/Bash/Training/Rattan/Final_testing/New_ActivityOverview/Reports/20220214_115757/CancelSingleBookingNotHavingStatusRefunded/20220214_115824/1644832667406.png]]

2022-02-14 15:27:47 - [TEST_STEP][PASSED] - if (waitForElementClickable(findTestObject("Object Repository/CancelAndRefund/CancelButton - OnRefundPop-up"), 15) == true): Taking screenshot successfully

2022-02-14 15:27:47 - [MESSAGE][PASSED] - Object 'Object Repository/CancelAndRefund/CancelButton - OnRefundPop-up' is clickable

2022-02-14 15:27:47 - [TEST_STEP][PASSED] - click(findTestObject("Object Repository/CancelAndRefund/CancelButton - OnRefundPop-up")): Object: 'Object Repository/CancelAndRefund/CancelButton - OnRefundPop-up' is clicked on

2022-02-14 15:27:50 - [MESSAGE][PASSED] - Object: 'Object Repository/CancelAndRefund/CancelButton - OnRefundPop-up' is clicked on

2022-02-14 15:27:50 - [TEST_STEP][PASSED] - delay(3): Delayed 3 second(s)

2022-02-14 15:27:53 - [MESSAGE][PASSED] - Delayed 3 second(s)

2022-02-14 15:27:53 - [TEST_STEP][PASSED] - takeScreenshot(): Taking screenshot successfully

2022-02-14 15:27:53 - [MESSAGE][PASSED] - Taking screenshot successfully
[[ATTACHMENT|/home/intersoft-admin/Rattan/Bash/Training/Rattan/Final_testing/New_ActivityOverview/Reports/20220214_115757/CancelSingleBookingNotHavingStatusRefunded/20220214_115824/1644832673747.png]]

2022-02-14 15:27:53 - [TEST_STEP][PASSED] - click(findTestObject("Object Repository/CancelAndRefund/CancelBookingButton")): Object: 'Object Repository/CancelAndRefund/CancelBookingButton' is clicked on

2022-02-14 15:27:57 - [MESSAGE][PASSED] - Object: 'Object Repository/CancelAndRefund/CancelBookingButton' is clicked on

2022-02-14 15:27:57 - [TEST_STEP][PASSED] - if (refund < 4): null

2022-02-14 15:27:57 - [TEST_STEP][PASSED] - if (refund <= 6 && refund >= 4): Unable to click on object 'Object Repository/CancelAndRefund/OptionToCancelRefund' (Root cause: com.kms.katalon.core.exception.StepFailedException: Unable to click on object 'Object Repository/CancelAndRefund/OptionToCancelRefund'
	at com.kms.katalon.core.webui.keyword.internal.WebUIKeywordMain.stepFailed(WebUIKeywordMain.groovy:64)
	at com.kms.katalon.core.webui.keyword.internal.WebUIKeywordMain.runKeyword(WebUIKeywordMain.groovy:26)
	at com.kms.katalon.core.webui.keyword.builtin.ClickKeyword.click(ClickKeyword.groovy:74)
	at com.kms.katalon.core.webui.keyword.builtin.ClickKeyword.execute(ClickKeyword.groovy:40)
	at com.kms.katalon.core.keyword.internal.KeywordExecutor.executeKeywordForPlatform(KeywordExecutor.groovy:74)
	at com.kms.katalon.core.webui.keyword.WebUiBuiltInKeywords.click(WebUiBuiltInKeywords.groovy:620)
	at com.kms.katalon.core.webui.keyword.WebUiBuiltInKeywords$click$2.call(Unknown Source)
	at ActivityOverview-CancelBooking.run(ActivityOverview-CancelBooking:104)
	at com.kms.katalon.core.main.ScriptEngine.run(ScriptEngine.java:194)
	at com.kms.katalon.core.main.ScriptEngine.runScriptAsRawText(ScriptEngine.java:119)
	at com.kms.katalon.core.main.TestCaseExecutor.runScript(TestCaseExecutor.java:442)
	at com.kms.katalon.core.main.TestCaseExecutor.doExecute(TestCaseExecutor.java:433)
	at com.kms.katalon.core.main.TestCaseExecutor.processExecutionPhase(TestCaseExecutor.java:412)
	at com.kms.katalon.core.main.TestCaseExecutor.accessMainPhase(TestCaseExecutor.java:404)
	at com.kms.katalon.core.main.TestCaseExecutor.execute(TestCaseExecutor.java:281)
	at com.kms.katalon.core.main.TestCaseExecutor.execute(TestCaseExecutor.java:363)
	at com.kms.katalon.core.main.TestCaseExecutor.execute(TestCaseExecutor.java:363)
	at com.kms.katalon.core.main.TestCaseExecutor.execute(TestCaseExecutor.java:363)
	at com.kms.katalon.core.main.TestSuiteExecutor.accessTestCaseMainPhase(TestSuiteExecutor.java:202)
	at com.kms.katalon.core.main.TestSuiteExecutor.accessTestSuiteMainPhase(TestSuiteExecutor.java:164)
	at com.kms.katalon.core.main.TestSuiteExecutor.execute(TestSuiteExecutor.java:105)
	at com.kms.katalon.core.main.TestCaseMain.startTestSuite(TestCaseMain.java:185)
	at com.kms.katalon.core.main.TestCaseMain$startTestSuite$0.call(Unknown Source)
	at TempTestSuite1644820104296.run(TempTestSuite1644820104296.groovy:36)
Caused by: org.openqa.selenium.ElementNotInteractableException: element not interactable
  (Session info: chrome=97.0.4692.99)
Build info: version: '3.141.59', revision: 'e82be7d358', time: '2018-11-14T08:25:53'
System info: host: 'intersoftadmin-desktop', ip: '127.0.1.1', os.name: 'Linux', os.arch: 'amd64', os.version: '5.4.0-99-generic', java.version: '1.8.0_312'
Driver info: com.kms.katalon.selenium.driver.CChromeDriver
Capabilities {acceptInsecureCerts: false, browserName: chrome, browserVersion: 97.0.4692.99, chrome: {chromedriverVersion: 97.0.4692.36 (747e0a0f19c13..., userDataDir: /tmp/.com.google.Chrome.o6EpIW}, goog:chromeOptions: {debuggerAddress: localhost:34267}, javascriptEnabled: true, networkConnectionEnabled: false, pageLoadStrategy: normal, platform: LINUX, platformName: LINUX, proxy: Proxy(), setWindowRect: true, strictFileInteractability: false, timeouts: {implicit: 0, pageLoad: 300000, script: 30000}, unhandledPromptBehavior: dismiss and notify, webauthn:extension:credBlob: true, webauthn:extension:largeBlob: true, webauthn:virtualAuthenticators: true}
Session ID: 4602ffca5fdddfbc3dcd6cab6712d775
	at org.openqa.selenium.remote.http.W3CHttpResponseCodec.createException(W3CHttpResponseCodec.java:187)
	at org.openqa.selenium.remote.http.W3CHttpResponseCodec.decode(W3CHttpResponseCodec.java:122)
	at org.openqa.selenium.remote.http.W3CHttpResponseCodec.decode(W3CHttpResponseCodec.java:49)
	at org.openqa.selenium.remote.HttpCommandExecutor.execute(HttpCommandExecutor.java:158)
	at org.openqa.selenium.remote.service.DriverCommandExecutor.execute(DriverCommandExecutor.java:83)
	at org.openqa.selenium.remote.RemoteWebDriver.execute(RemoteWebDriver.java:552)
	at com.kms.katalon.selenium.driver.CChromeDriver.execute(CChromeDriver.java:19)
	at org.openqa.selenium.remote.RemoteWebElement.execute(RemoteWebElement.java:285)
	at org.openqa.selenium.remote.RemoteWebElement.click(RemoteWebElement.java:84)
	at org.openqa.selenium.support.events.EventFiringWebDriver$EventFiringWebElement.lambda$new$0(EventFiringWebDriver.java:404)
	at com.sun.proxy.$Proxy11.click(Unknown Source)
	at org.openqa.selenium.support.events.EventFiringWebDriver$EventFiringWebElement.click(EventFiringWebDriver.java:417)
	at org.openqa.selenium.WebElement$click.call(Unknown Source)
	at com.kms.katalon.core.webui.keyword.builtin.ClickKeyword.clickUntilSuccessWithTimeout(ClickKeyword.groovy:81)
	at com.kms.katalon.core.webui.keyword.builtin.ClickKeyword.clickUntilSuccessWithTimeout(ClickKeyword.groovy)
	at com.kms.katalon.core.webui.keyword.builtin.ClickKeyword$_click_closure1.doCall(ClickKeyword.groovy:67)
	at com.kms.katalon.core.webui.keyword.builtin.ClickKeyword$_click_closure1.call(ClickKeyword.groovy)
	at com.kms.katalon.core.webui.keyword.internal.WebUIKeywordMain.runKeyword(WebUIKeywordMain.groovy:20)
	at com.kms.katalon.core.webui.keyword.builtin.ClickKeyword.click(ClickKeyword.groovy:74)
	at com.kms.katalon.core.webui.keyword.builtin.ClickKeyword.execute(ClickKeyword.groovy:40)
	at com.kms.katalon.core.keyword.internal.KeywordExecutor.executeKeywordForPlatform(KeywordExecutor.groovy:74)
	at com.kms.katalon.core.webui.keyword.WebUiBuiltInKeywords.click(WebUiBuiltInKeywords.groovy:620)
	at com.kms.katalon.core.webui.keyword.WebUiBuiltInKeywords$click$2.call(Unknown Source)
	at Script1644427231525.run(Script1644427231525.groovy:104)
	... 16 more
)

2022-02-14 15:27:57 - [TEST_STEP][PASSED] - if (waitForElementClickable(findTestObject("Object Repository/CancelAndRefund/OptionToCancelRefund", ["option":"Cancel"]), 15) == true): Unable to click on object 'Object Repository/CancelAndRefund/OptionToCancelRefund' (Root cause: com.kms.katalon.core.exception.StepFailedException: Unable to click on object 'Object Repository/CancelAndRefund/OptionToCancelRefund'
	at com.kms.katalon.core.webui.keyword.internal.WebUIKeywordMain.stepFailed(WebUIKeywordMain.groovy:64)
	at com.kms.katalon.core.webui.keyword.internal.WebUIKeywordMain.runKeyword(WebUIKeywordMain.groovy:26)
	at com.kms.katalon.core.webui.keyword.builtin.ClickKeyword.click(ClickKeyword.groovy:74)
	at com.kms.katalon.core.webui.keyword.builtin.ClickKeyword.execute(ClickKeyword.groovy:40)
	at com.kms.katalon.core.keyword.internal.KeywordExecutor.executeKeywordForPlatform(KeywordExecutor.groovy:74)
	at com.kms.katalon.core.webui.keyword.WebUiBuiltInKeywords.click(WebUiBuiltInKeywords.groovy:620)
	at com.kms.katalon.core.webui.keyword.WebUiBuiltInKeywords$click$2.call(Unknown Source)
	at ActivityOverview-CancelBooking.run(ActivityOverview-CancelBooking:104)
	at com.kms.katalon.core.main.ScriptEngine.run(ScriptEngine.java:194)
	at com.kms.katalon.core.main.ScriptEngine.runScriptAsRawText(ScriptEngine.java:119)
	at com.kms.katalon.core.main.TestCaseExecutor.runScript(TestCaseExecutor.java:442)
	at com.kms.katalon.core.main.TestCaseExecutor.doExecute(TestCaseExecutor.java:433)
	at com.kms.katalon.core.main.TestCaseExecutor.processExecutionPhase(TestCaseExecutor.java:412)
	at com.kms.katalon.core.main.TestCaseExecutor.accessMainPhase(TestCaseExecutor.java:404)
	at com.kms.katalon.core.main.TestCaseExecutor.execute(TestCaseExecutor.java:281)
	at com.kms.katalon.core.main.TestCaseExecutor.execute(TestCaseExecutor.java:363)
	at com.kms.katalon.core.main.TestCaseExecutor.execute(TestCaseExecutor.java:363)
	at com.kms.katalon.core.main.TestCaseExecutor.execute(TestCaseExecutor.java:363)
	at com.kms.katalon.core.main.TestSuiteExecutor.accessTestCaseMainPhase(TestSuiteExecutor.java:202)
	at com.kms.katalon.core.main.TestSuiteExecutor.accessTestSuiteMainPhase(TestSuiteExecutor.java:164)
	at com.kms.katalon.core.main.TestSuiteExecutor.execute(TestSuiteExecutor.java:105)
	at com.kms.katalon.core.main.TestCaseMain.startTestSuite(TestCaseMain.java:185)
	at com.kms.katalon.core.main.TestCaseMain$startTestSuite$0.call(Unknown Source)
	at TempTestSuite1644820104296.run(TempTestSuite1644820104296.groovy:36)
Caused by: org.openqa.selenium.ElementNotInteractableException: element not interactable
  (Session info: chrome=97.0.4692.99)
Build info: version: '3.141.59', revision: 'e82be7d358', time: '2018-11-14T08:25:53'
System info: host: 'intersoftadmin-desktop', ip: '127.0.1.1', os.name: 'Linux', os.arch: 'amd64', os.version: '5.4.0-99-generic', java.version: '1.8.0_312'
Driver info: com.kms.katalon.selenium.driver.CChromeDriver
Capabilities {acceptInsecureCerts: false, browserName: chrome, browserVersion: 97.0.4692.99, chrome: {chromedriverVersion: 97.0.4692.36 (747e0a0f19c13..., userDataDir: /tmp/.com.google.Chrome.o6EpIW}, goog:chromeOptions: {debuggerAddress: localhost:34267}, javascriptEnabled: true, networkConnectionEnabled: false, pageLoadStrategy: normal, platform: LINUX, platformName: LINUX, proxy: Proxy(), setWindowRect: true, strictFileInteractability: false, timeouts: {implicit: 0, pageLoad: 300000, script: 30000}, unhandledPromptBehavior: dismiss and notify, webauthn:extension:credBlob: true, webauthn:extension:largeBlob: true, webauthn:virtualAuthenticators: true}
Session ID: 4602ffca5fdddfbc3dcd6cab6712d775
	at org.openqa.selenium.remote.http.W3CHttpResponseCodec.createException(W3CHttpResponseCodec.java:187)
	at org.openqa.selenium.remote.http.W3CHttpResponseCodec.decode(W3CHttpResponseCodec.java:122)
	at org.openqa.selenium.remote.http.W3CHttpResponseCodec.decode(W3CHttpResponseCodec.java:49)
	at org.openqa.selenium.remote.HttpCommandExecutor.execute(HttpCommandExecutor.java:158)
	at org.openqa.selenium.remote.service.DriverCommandExecutor.execute(DriverCommandExecutor.java:83)
	at org.openqa.selenium.remote.RemoteWebDriver.execute(RemoteWebDriver.java:552)
	at com.kms.katalon.selenium.driver.CChromeDriver.execute(CChromeDriver.java:19)
	at org.openqa.selenium.remote.RemoteWebElement.execute(RemoteWebElement.java:285)
	at org.openqa.selenium.remote.RemoteWebElement.click(RemoteWebElement.java:84)
	at org.openqa.selenium.support.events.EventFiringWebDriver$EventFiringWebElement.lambda$new$0(EventFiringWebDriver.java:404)
	at com.sun.proxy.$Proxy11.click(Unknown Source)
	at org.openqa.selenium.support.events.EventFiringWebDriver$EventFiringWebElement.click(EventFiringWebDriver.java:417)
	at org.openqa.selenium.WebElement$click.call(Unknown Source)
	at com.kms.katalon.core.webui.keyword.builtin.ClickKeyword.clickUntilSuccessWithTimeout(ClickKeyword.groovy:81)
	at com.kms.katalon.core.webui.keyword.builtin.ClickKeyword.clickUntilSuccessWithTimeout(ClickKeyword.groovy)
	at com.kms.katalon.core.webui.keyword.builtin.ClickKeyword$_click_closure1.doCall(ClickKeyword.groovy:67)
	at com.kms.katalon.core.webui.keyword.builtin.ClickKeyword$_click_closure1.call(ClickKeyword.groovy)
	at com.kms.katalon.core.webui.keyword.internal.WebUIKeywordMain.runKeyword(WebUIKeywordMain.groovy:20)
	at com.kms.katalon.core.webui.keyword.builtin.ClickKeyword.click(ClickKeyword.groovy:74)
	at com.kms.katalon.core.webui.keyword.builtin.ClickKeyword.execute(ClickKeyword.groovy:40)
	at com.kms.katalon.core.keyword.internal.KeywordExecutor.executeKeywordForPlatform(KeywordExecutor.groovy:74)
	at com.kms.katalon.core.webui.keyword.WebUiBuiltInKeywords.click(WebUiBuiltInKeywords.groovy:620)
	at com.kms.katalon.core.webui.keyword.WebUiBuiltInKeywords$click$2.call(Unknown Source)
	at Script1644427231525.run(Script1644427231525.groovy:104)
	... 16 more
)

2022-02-14 15:27:57 - [MESSAGE][PASSED] - Object 'Object Repository/CancelAndRefund/OptionToCancelRefund' is clickable

2022-02-14 15:27:57 - [TEST_STEP][FAILED] - click(findTestObject("Object Repository/CancelAndRefund/OptionToCancelRefund", ["option":"Cancel and Refund"])): Unable to click on object 'Object Repository/CancelAndRefund/OptionToCancelRefund' (Root cause: com.kms.katalon.core.exception.StepFailedException: Unable to click on object 'Object Repository/CancelAndRefund/OptionToCancelRefund'
	at com.kms.katalon.core.webui.keyword.internal.WebUIKeywordMain.stepFailed(WebUIKeywordMain.groovy:64)
	at com.kms.katalon.core.webui.keyword.internal.WebUIKeywordMain.runKeyword(WebUIKeywordMain.groovy:26)
	at com.kms.katalon.core.webui.keyword.builtin.ClickKeyword.click(ClickKeyword.groovy:74)
	at com.kms.katalon.core.webui.keyword.builtin.ClickKeyword.execute(ClickKeyword.groovy:40)
	at com.kms.katalon.core.keyword.internal.KeywordExecutor.executeKeywordForPlatform(KeywordExecutor.groovy:74)
	at com.kms.katalon.core.webui.keyword.WebUiBuiltInKeywords.click(WebUiBuiltInKeywords.groovy:620)
	at com.kms.katalon.core.webui.keyword.WebUiBuiltInKeywords$click$2.call(Unknown Source)
	at ActivityOverview-CancelBooking.run(ActivityOverview-CancelBooking:104)
	at com.kms.katalon.core.main.ScriptEngine.run(ScriptEngine.java:194)
	at com.kms.katalon.core.main.ScriptEngine.runScriptAsRawText(ScriptEngine.java:119)
	at com.kms.katalon.core.main.TestCaseExecutor.runScript(TestCaseExecutor.java:442)
	at com.kms.katalon.core.main.TestCaseExecutor.doExecute(TestCaseExecutor.java:433)
	at com.kms.katalon.core.main.TestCaseExecutor.processExecutionPhase(TestCaseExecutor.java:412)
	at com.kms.katalon.core.main.TestCaseExecutor.accessMainPhase(TestCaseExecutor.java:404)
	at com.kms.katalon.core.main.TestCaseExecutor.execute(TestCaseExecutor.java:281)
	at com.kms.katalon.core.main.TestCaseExecutor.execute(TestCaseExecutor.java:363)
	at com.kms.katalon.core.main.TestCaseExecutor.execute(TestCaseExecutor.java:363)
	at com.kms.katalon.core.main.TestCaseExecutor.execute(TestCaseExecutor.java:363)
	at com.kms.katalon.core.main.TestSuiteExecutor.accessTestCaseMainPhase(TestSuiteExecutor.java:202)
	at com.kms.katalon.core.main.TestSuiteExecutor.accessTestSuiteMainPhase(TestSuiteExecutor.java:164)
	at com.kms.katalon.core.main.TestSuiteExecutor.execute(TestSuiteExecutor.java:105)
	at com.kms.katalon.core.main.TestCaseMain.startTestSuite(TestCaseMain.java:185)
	at com.kms.katalon.core.main.TestCaseMain$startTestSuite$0.call(Unknown Source)
	at TempTestSuite1644820104296.run(TempTestSuite1644820104296.groovy:36)
Caused by: org.openqa.selenium.ElementNotInteractableException: element not interactable
  (Session info: chrome=97.0.4692.99)
Build info: version: '3.141.59', revision: 'e82be7d358', time: '2018-11-14T08:25:53'
System info: host: 'intersoftadmin-desktop', ip: '127.0.1.1', os.name: 'Linux', os.arch: 'amd64', os.version: '5.4.0-99-generic', java.version: '1.8.0_312'
Driver info: com.kms.katalon.selenium.driver.CChromeDriver
Capabilities {acceptInsecureCerts: false, browserName: chrome, browserVersion: 97.0.4692.99, chrome: {chromedriverVersion: 97.0.4692.36 (747e0a0f19c13..., userDataDir: /tmp/.com.google.Chrome.o6EpIW}, goog:chromeOptions: {debuggerAddress: localhost:34267}, javascriptEnabled: true, networkConnectionEnabled: false, pageLoadStrategy: normal, platform: LINUX, platformName: LINUX, proxy: Proxy(), setWindowRect: true, strictFileInteractability: false, timeouts: {implicit: 0, pageLoad: 300000, script: 30000}, unhandledPromptBehavior: dismiss and notify, webauthn:extension:credBlob: true, webauthn:extension:largeBlob: true, webauthn:virtualAuthenticators: true}
Session ID: 4602ffca5fdddfbc3dcd6cab6712d775
	at org.openqa.selenium.remote.http.W3CHttpResponseCodec.createException(W3CHttpResponseCodec.java:187)
	at org.openqa.selenium.remote.http.W3CHttpResponseCodec.decode(W3CHttpResponseCodec.java:122)
	at org.openqa.selenium.remote.http.W3CHttpResponseCodec.decode(W3CHttpResponseCodec.java:49)
	at org.openqa.selenium.remote.HttpCommandExecutor.execute(HttpCommandExecutor.java:158)
	at org.openqa.selenium.remote.service.DriverCommandExecutor.execute(DriverCommandExecutor.java:83)
	at org.openqa.selenium.remote.RemoteWebDriver.execute(RemoteWebDriver.java:552)
	at com.kms.katalon.selenium.driver.CChromeDriver.execute(CChromeDriver.java:19)
	at org.openqa.selenium.remote.RemoteWebElement.execute(RemoteWebElement.java:285)
	at org.openqa.selenium.remote.RemoteWebElement.click(RemoteWebElement.java:84)
	at org.openqa.selenium.support.events.EventFiringWebDriver$EventFiringWebElement.lambda$new$0(EventFiringWebDriver.java:404)
	at com.sun.proxy.$Proxy11.click(Unknown Source)
	at org.openqa.selenium.support.events.EventFiringWebDriver$EventFiringWebElement.click(EventFiringWebDriver.java:417)
	at org.openqa.selenium.WebElement$click.call(Unknown Source)
	at com.kms.katalon.core.webui.keyword.builtin.ClickKeyword.clickUntilSuccessWithTimeout(ClickKeyword.groovy:81)
	at com.kms.katalon.core.webui.keyword.builtin.ClickKeyword.clickUntilSuccessWithTimeout(ClickKeyword.groovy)
	at com.kms.katalon.core.webui.keyword.builtin.ClickKeyword$_click_closure1.doCall(ClickKeyword.groovy:67)
	at com.kms.katalon.core.webui.keyword.builtin.ClickKeyword$_click_closure1.call(ClickKeyword.groovy)
	at com.kms.katalon.core.webui.keyword.internal.WebUIKeywordMain.runKeyword(WebUIKeywordMain.groovy:20)
	at com.kms.katalon.core.webui.keyword.builtin.ClickKeyword.click(ClickKeyword.groovy:74)
	at com.kms.katalon.core.webui.keyword.builtin.ClickKeyword.execute(ClickKeyword.groovy:40)
	at com.kms.katalon.core.keyword.internal.KeywordExecutor.executeKeywordForPlatform(KeywordExecutor.groovy:74)
	at com.kms.katalon.core.webui.keyword.WebUiBuiltInKeywords.click(WebUiBuiltInKeywords.groovy:620)
	at com.kms.katalon.core.webui.keyword.WebUiBuiltInKeywords$click$2.call(Unknown Source)
	at Script1644427231525.run(Script1644427231525.groovy:104)
	... 16 more
)

2022-02-14 15:28:00 - [MESSAGE][FAILED] - Unable to click on object 'Object Repository/CancelAndRefund/OptionToCancelRefund' (Root cause: com.kms.katalon.core.exception.StepFailedException: Unable to click on object 'Object Repository/CancelAndRefund/OptionToCancelRefund'
	at com.kms.katalon.core.webui.keyword.internal.WebUIKeywordMain.stepFailed(WebUIKeywordMain.groovy:64)
	at com.kms.katalon.core.webui.keyword.internal.WebUIKeywordMain.runKeyword(WebUIKeywordMain.groovy:26)
	at com.kms.katalon.core.webui.keyword.builtin.ClickKeyword.click(ClickKeyword.groovy:74)
	at com.kms.katalon.core.webui.keyword.builtin.ClickKeyword.execute(ClickKeyword.groovy:40)
	at com.kms.katalon.core.keyword.internal.KeywordExecutor.executeKeywordForPlatform(KeywordExecutor.groovy:74)
	at com.kms.katalon.core.webui.keyword.WebUiBuiltInKeywords.click(WebUiBuiltInKeywords.groovy:620)
	at com.kms.katalon.core.webui.keyword.WebUiBuiltInKeywords$click$2.call(Unknown Source)
	at ActivityOverview-CancelBooking.run(ActivityOverview-CancelBooking:104)
	at com.kms.katalon.core.main.ScriptEngine.run(ScriptEngine.java:194)
	at com.kms.katalon.core.main.ScriptEngine.runScriptAsRawText(ScriptEngine.java:119)
	at com.kms.katalon.core.main.TestCaseExecutor.runScript(TestCaseExecutor.java:442)
	at com.kms.katalon.core.main.TestCaseExecutor.doExecute(TestCaseExecutor.java:433)
	at com.kms.katalon.core.main.TestCaseExecutor.processExecutionPhase(TestCaseExecutor.java:412)
	at com.kms.katalon.core.main.TestCaseExecutor.accessMainPhase(TestCaseExecutor.java:404)
	at com.kms.katalon.core.main.TestCaseExecutor.execute(TestCaseExecutor.java:281)
	at com.kms.katalon.core.main.TestCaseExecutor.execute(TestCaseExecutor.java:363)
	at com.kms.katalon.core.main.TestCaseExecutor.execute(TestCaseExecutor.java:363)
	at com.kms.katalon.core.main.TestCaseExecutor.execute(TestCaseExecutor.java:363)
	at com.kms.katalon.core.main.TestSuiteExecutor.accessTestCaseMainPhase(TestSuiteExecutor.java:202)
	at com.kms.katalon.core.main.TestSuiteExecutor.accessTestSuiteMainPhase(TestSuiteExecutor.java:164)
	at com.kms.katalon.core.main.TestSuiteExecutor.execute(TestSuiteExecutor.java:105)
	at com.kms.katalon.core.main.TestCaseMain.startTestSuite(TestCaseMain.java:185)
	at com.kms.katalon.core.main.TestCaseMain$startTestSuite$0.call(Unknown Source)
	at TempTestSuite1644820104296.run(TempTestSuite1644820104296.groovy:36)
Caused by: org.openqa.selenium.ElementNotInteractableException: element not interactable
  (Session info: chrome=97.0.4692.99)
Build info: version: '3.141.59', revision: 'e82be7d358', time: '2018-11-14T08:25:53'
System info: host: 'intersoftadmin-desktop', ip: '127.0.1.1', os.name: 'Linux', os.arch: 'amd64', os.version: '5.4.0-99-generic', java.version: '1.8.0_312'
Driver info: com.kms.katalon.selenium.driver.CChromeDriver
Capabilities {acceptInsecureCerts: false, browserName: chrome, browserVersion: 97.0.4692.99, chrome: {chromedriverVersion: 97.0.4692.36 (747e0a0f19c13..., userDataDir: /tmp/.com.google.Chrome.o6EpIW}, goog:chromeOptions: {debuggerAddress: localhost:34267}, javascriptEnabled: true, networkConnectionEnabled: false, pageLoadStrategy: normal, platform: LINUX, platformName: LINUX, proxy: Proxy(), setWindowRect: true, strictFileInteractability: false, timeouts: {implicit: 0, pageLoad: 300000, script: 30000}, unhandledPromptBehavior: dismiss and notify, webauthn:extension:credBlob: true, webauthn:extension:largeBlob: true, webauthn:virtualAuthenticators: true}
Session ID: 4602ffca5fdddfbc3dcd6cab6712d775
	at org.openqa.selenium.remote.http.W3CHttpResponseCodec.createException(W3CHttpResponseCodec.java:187)
	at org.openqa.selenium.remote.http.W3CHttpResponseCodec.decode(W3CHttpResponseCodec.java:122)
	at org.openqa.selenium.remote.http.W3CHttpResponseCodec.decode(W3CHttpResponseCodec.java:49)
	at org.openqa.selenium.remote.HttpCommandExecutor.execute(HttpCommandExecutor.java:158)
	at org.openqa.selenium.remote.service.DriverCommandExecutor.execute(DriverCommandExecutor.java:83)
	at org.openqa.selenium.remote.RemoteWebDriver.execute(RemoteWebDriver.java:552)
	at com.kms.katalon.selenium.driver.CChromeDriver.execute(CChromeDriver.java:19)
	at org.openqa.selenium.remote.RemoteWebElement.execute(RemoteWebElement.java:285)
	at org.openqa.selenium.remote.RemoteWebElement.click(RemoteWebElement.java:84)
	at org.openqa.selenium.support.events.EventFiringWebDriver$EventFiringWebElement.lambda$new$0(EventFiringWebDriver.java:404)
	at com.sun.proxy.$Proxy11.click(Unknown Source)
	at org.openqa.selenium.support.events.EventFiringWebDriver$EventFiringWebElement.click(EventFiringWebDriver.java:417)
	at org.openqa.selenium.WebElement$click.call(Unknown Source)
	at com.kms.katalon.core.webui.keyword.builtin.ClickKeyword.clickUntilSuccessWithTimeout(ClickKeyword.groovy:81)
	at com.kms.katalon.core.webui.keyword.builtin.ClickKeyword.clickUntilSuccessWithTimeout(ClickKeyword.groovy)
	at com.kms.katalon.core.webui.keyword.builtin.ClickKeyword$_click_closure1.doCall(ClickKeyword.groovy:67)
	at com.kms.katalon.core.webui.keyword.builtin.ClickKeyword$_click_closure1.call(ClickKeyword.groovy)
	at com.kms.katalon.core.webui.keyword.internal.WebUIKeywordMain.runKeyword(WebUIKeywordMain.groovy:20)
	at com.kms.katalon.core.webui.keyword.builtin.ClickKeyword.click(ClickKeyword.groovy:74)
	at com.kms.katalon.core.webui.keyword.builtin.ClickKeyword.execute(ClickKeyword.groovy:40)
	at com.kms.katalon.core.keyword.internal.KeywordExecutor.executeKeywordForPlatform(KeywordExecutor.groovy:74)
	at com.kms.katalon.core.webui.keyword.WebUiBuiltInKeywords.click(WebUiBuiltInKeywords.groovy:620)
	at com.kms.katalon.core.webui.keyword.WebUiBuiltInKeywords$click$2.call(Unknown Source)
	at Script1644427231525.run(Script1644427231525.groovy:104)
	... 16 more
)
[[ATTACHMENT|/home/intersoft-admin/Rattan/Bash/Training/Rattan/Final_testing/New_ActivityOverview/Reports/20220214_115757/CancelSingleBookingNotHavingStatusRefunded/20220214_115824/1644832680329.png]]]]></system-out>
         <system-err><![CDATA[2022-02-14 15:26:36 - [TEST_CASE][FAILED] - Test Cases/NewActivityOverview-LeftNavigation/ActivityOverview-CancelBooking: Test Cases/NewActivityOverview-LeftNavigation/ActivityOverview-CancelBooking FAILED.
Reason:
com.kms.katalon.core.exception.StepFailedException: Unable to click on object 'Object Repository/CancelAndRefund/OptionToCancelRefund'
	at com.kms.katalon.core.webui.keyword.internal.WebUIKeywordMain.stepFailed(WebUIKeywordMain.groovy:64)
	at com.kms.katalon.core.webui.keyword.internal.WebUIKeywordMain.runKeyword(WebUIKeywordMain.groovy:26)
	at com.kms.katalon.core.webui.keyword.builtin.ClickKeyword.click(ClickKeyword.groovy:74)
	at com.kms.katalon.core.webui.keyword.builtin.ClickKeyword.execute(ClickKeyword.groovy:40)
	at com.kms.katalon.core.keyword.internal.KeywordExecutor.executeKeywordForPlatform(KeywordExecutor.groovy:74)
	at com.kms.katalon.core.webui.keyword.WebUiBuiltInKeywords.click(WebUiBuiltInKeywords.groovy:620)
	at com.kms.katalon.core.webui.keyword.WebUiBuiltInKeywords$click$2.call(Unknown Source)
	at ActivityOverview-CancelBooking.run(ActivityOverview-CancelBooking:104)
	at com.kms.katalon.core.main.ScriptEngine.run(ScriptEngine.java:194)
	at com.kms.katalon.core.main.ScriptEngine.runScriptAsRawText(ScriptEngine.java:119)
	at com.kms.katalon.core.main.TestCaseExecutor.runScript(TestCaseExecutor.java:442)
	at com.kms.katalon.core.main.TestCaseExecutor.doExecute(TestCaseExecutor.java:433)
	at com.kms.katalon.core.main.TestCaseExecutor.processExecutionPhase(TestCaseExecutor.java:412)
	at com.kms.katalon.core.main.TestCaseExecutor.accessMainPhase(TestCaseExecutor.java:404)
	at com.kms.katalon.core.main.TestCaseExecutor.execute(TestCaseExecutor.java:281)
	at com.kms.katalon.core.main.TestCaseExecutor.execute(TestCaseExecutor.java:363)
	at com.kms.katalon.core.main.TestCaseExecutor.execute(TestCaseExecutor.java:363)
	at com.kms.katalon.core.main.TestCaseExecutor.execute(TestCaseExecutor.java:363)
	at com.kms.katalon.core.main.TestSuiteExecutor.accessTestCaseMainPhase(TestSuiteExecutor.java:202)
	at com.kms.katalon.core.main.TestSuiteExecutor.accessTestSuiteMainPhase(TestSuiteExecutor.java:164)
	at com.kms.katalon.core.main.TestSuiteExecutor.execute(TestSuiteExecutor.java:105)
	at com.kms.katalon.core.main.TestCaseMain.startTestSuite(TestCaseMain.java:185)
	at com.kms.katalon.core.main.TestCaseMain$startTestSuite$0.call(Unknown Source)
	at TempTestSuite1644820104296.run(TempTestSuite1644820104296.groovy:36)
Caused by: org.openqa.selenium.ElementNotInteractableException: element not interactable
  (Session info: chrome=97.0.4692.99)
Build info: version: '3.141.59', revision: 'e82be7d358', time: '2018-11-14T08:25:53'
System info: host: 'intersoftadmin-desktop', ip: '127.0.1.1', os.name: 'Linux', os.arch: 'amd64', os.version: '5.4.0-99-generic', java.version: '1.8.0_312'
Driver info: com.kms.katalon.selenium.driver.CChromeDriver
Capabilities {acceptInsecureCerts: false, browserName: chrome, browserVersion: 97.0.4692.99, chrome: {chromedriverVersion: 97.0.4692.36 (747e0a0f19c13..., userDataDir: /tmp/.com.google.Chrome.o6EpIW}, goog:chromeOptions: {debuggerAddress: localhost:34267}, javascriptEnabled: true, networkConnectionEnabled: false, pageLoadStrategy: normal, platform: LINUX, platformName: LINUX, proxy: Proxy(), setWindowRect: true, strictFileInteractability: false, timeouts: {implicit: 0, pageLoad: 300000, script: 30000}, unhandledPromptBehavior: dismiss and notify, webauthn:extension:credBlob: true, webauthn:extension:largeBlob: true, webauthn:virtualAuthenticators: true}
Session ID: 4602ffca5fdddfbc3dcd6cab6712d775
	at org.openqa.selenium.remote.http.W3CHttpResponseCodec.createException(W3CHttpResponseCodec.java:187)
	at org.openqa.selenium.remote.http.W3CHttpResponseCodec.decode(W3CHttpResponseCodec.java:122)
	at org.openqa.selenium.remote.http.W3CHttpResponseCodec.decode(W3CHttpResponseCodec.java:49)
	at org.openqa.selenium.remote.HttpCommandExecutor.execute(HttpCommandExecutor.java:158)
	at org.openqa.selenium.remote.service.DriverCommandExecutor.execute(DriverCommandExecutor.java:83)
	at org.openqa.selenium.remote.RemoteWebDriver.execute(RemoteWebDriver.java:552)
	at com.kms.katalon.selenium.driver.CChromeDriver.execute(CChromeDriver.java:19)
	at org.openqa.selenium.remote.RemoteWebElement.execute(RemoteWebElement.java:285)
	at org.openqa.selenium.remote.RemoteWebElement.click(RemoteWebElement.java:84)
	at org.openqa.selenium.support.events.EventFiringWebDriver$EventFiringWebElement.lambda$new$0(EventFiringWebDriver.java:404)
	at com.sun.proxy.$Proxy11.click(Unknown Source)
	at org.openqa.selenium.support.events.EventFiringWebDriver$EventFiringWebElement.click(EventFiringWebDriver.java:417)
	at org.openqa.selenium.WebElement$click.call(Unknown Source)
	at com.kms.katalon.core.webui.keyword.builtin.ClickKeyword.clickUntilSuccessWithTimeout(ClickKeyword.groovy:81)
	at com.kms.katalon.core.webui.keyword.builtin.ClickKeyword.clickUntilSuccessWithTimeout(ClickKeyword.groovy)
	at com.kms.katalon.core.webui.keyword.builtin.ClickKeyword$_click_closure1.doCall(ClickKeyword.groovy:67)
	at com.kms.katalon.core.webui.keyword.builtin.ClickKeyword$_click_closure1.call(ClickKeyword.groovy)
	at com.kms.katalon.core.webui.keyword.internal.WebUIKeywordMain.runKeyword(WebUIKeywordMain.groovy:20)
	... 22 more]]></system-err>
      </testcase>
      <system-out><![CDATA[2022-02-14 15:22:19 - [TEST_SUITE][FAILED] - CancelSingleBookingNotHavingStatusRefunded: Test Cases/NewActivityOverview-LeftNavigation/ActivityOverview-CancelBooking FAILED.
Reason:
com.kms.katalon.core.exception.StepFailedException: Unable to click on object 'Object Repository/CancelAndRefund/OptionToCancelRefund'
	at com.kms.katalon.core.webui.keyword.internal.WebUIKeywordMain.stepFailed(WebUIKeywordMain.groovy:64)
	at com.kms.katalon.core.webui.keyword.internal.WebUIKeywordMain.runKeyword(WebUIKeywordMain.groovy:26)
	at com.kms.katalon.core.webui.keyword.builtin.ClickKeyword.click(ClickKeyword.groovy:74)
	at com.kms.katalon.core.webui.keyword.builtin.ClickKeyword.execute(ClickKeyword.groovy:40)
	at com.kms.katalon.core.keyword.internal.KeywordExecutor.executeKeywordForPlatform(KeywordExecutor.groovy:74)
	at com.kms.katalon.core.webui.keyword.WebUiBuiltInKeywords.click(WebUiBuiltInKeywords.groovy:620)
	at com.kms.katalon.core.webui.keyword.WebUiBuiltInKeywords$click$2.call(Unknown Source)
	at ActivityOverview-CancelBooking.run(ActivityOverview-CancelBooking:104)
	at com.kms.katalon.core.main.ScriptEngine.run(ScriptEngine.java:194)
	at com.kms.katalon.core.main.ScriptEngine.runScriptAsRawText(ScriptEngine.java:119)
	at com.kms.katalon.core.main.TestCaseExecutor.runScript(TestCaseExecutor.java:442)
	at com.kms.katalon.core.main.TestCaseExecutor.doExecute(TestCaseExecutor.java:433)
	at com.kms.katalon.core.main.TestCaseExecutor.processExecutionPhase(TestCaseExecutor.java:412)
	at com.kms.katalon.core.main.TestCaseExecutor.accessMainPhase(TestCaseExecutor.java:404)
	at com.kms.katalon.core.main.TestCaseExecutor.execute(TestCaseExecutor.java:281)
	at com.kms.katalon.core.main.TestSuiteExecutor.accessTestCaseMainPhase(TestSuiteExecutor.java:202)
	at com.kms.katalon.core.main.TestSuiteExecutor.accessTestSuiteMainPhase(TestSuiteExecutor.java:164)
	at com.kms.katalon.core.main.TestSuiteExecutor.execute(TestSuiteExecutor.java:105)
	at com.kms.katalon.core.main.TestCaseMain.startTestSuite(TestCaseMain.java:185)
	at com.kms.katalon.core.main.TestCaseMain$startTestSuite$0.call(Unknown Source)
	at TempTestSuite1644820104296.run(TempTestSuite1644820104296.groovy:36)
Caused by: org.openqa.selenium.ElementNotInteractableException: element not interactable
  (Session info: chrome=97.0.4692.99)
Build info: version: '3.141.59', revision: 'e82be7d358', time: '2018-11-14T08:25:53'
System info: host: 'intersoftadmin-desktop', ip: '127.0.1.1', os.name: 'Linux', os.arch: 'amd64', os.version: '5.4.0-99-generic', java.version: '1.8.0_312'
Driver info: com.kms.katalon.selenium.driver.CChromeDriver
Capabilities {acceptInsecureCerts: false, browserName: chrome, browserVersion: 97.0.4692.99, chrome: {chromedriverVersion: 97.0.4692.36 (747e0a0f19c13..., userDataDir: /tmp/.com.google.Chrome.wGwuYn}, goog:chromeOptions: {debuggerAddress: localhost:44951}, javascriptEnabled: true, networkConnectionEnabled: false, pageLoadStrategy: normal, platform: LINUX, platformName: LINUX, proxy: Proxy(), setWindowRect: true, strictFileInteractability: false, timeouts: {implicit: 0, pageLoad: 300000, script: 30000}, unhandledPromptBehavior: dismiss and notify, webauthn:extension:credBlob: true, webauthn:extension:largeBlob: true, webauthn:virtualAuthenticators: true}
Session ID: aa7ef0fd687f2a46e4af7f6bd216bc8b
	at org.openqa.selenium.remote.http.W3CHttpResponseCodec.createException(W3CHttpResponseCodec.java:187)
	at org.openqa.selenium.remote.http.W3CHttpResponseCodec.decode(W3CHttpResponseCodec.java:122)
	at org.openqa.selenium.remote.http.W3CHttpResponseCodec.decode(W3CHttpResponseCodec.java:49)
	at org.openqa.selenium.remote.HttpCommandExecutor.execute(HttpCommandExecutor.java:158)
	at org.openqa.selenium.remote.service.DriverCommandExecutor.execute(DriverCommandExecutor.java:83)
	at org.openqa.selenium.remote.RemoteWebDriver.execute(RemoteWebDriver.java:552)
	at com.kms.katalon.selenium.driver.CChromeDriver.execute(CChromeDriver.java:19)
	at org.openqa.selenium.remote.RemoteWebElement.execute(RemoteWebElement.java:285)
	at org.openqa.selenium.remote.RemoteWebElement.click(RemoteWebElement.java:84)
	at org.openqa.selenium.support.events.EventFiringWebDriver$EventFiringWebElement.lambda$new$0(EventFiringWebDriver.java:404)
	at com.sun.proxy.$Proxy11.click(Unknown Source)
	at org.openqa.selenium.support.events.EventFiringWebDriver$EventFiringWebElement.click(EventFiringWebDriver.java:417)
	at org.openqa.selenium.WebElement$click.call(Unknown Source)
	at com.kms.katalon.core.webui.keyword.builtin.ClickKeyword.clickUntilSuccessWithTimeout(ClickKeyword.groovy:81)
	at com.kms.katalon.core.webui.keyword.builtin.ClickKeyword.clickUntilSuccessWithTimeout(ClickKeyword.groovy)
	at com.kms.katalon.core.webui.keyword.builtin.ClickKeyword$_click_closure1.doCall(ClickKeyword.groovy:67)
	at com.kms.katalon.core.webui.keyword.builtin.ClickKeyword$_click_closure1.call(ClickKeyword.groovy)
	at com.kms.katalon.core.webui.keyword.internal.WebUIKeywordMain.runKeyword(WebUIKeywordMain.groovy:20)
	... 19 more]]></system-out>
      <system-err><![CDATA[2022-02-14 15:22:19 - [TEST_SUITE][FAILED] - CancelSingleBookingNotHavingStatusRefunded: Test Cases/NewActivityOverview-LeftNavigation/ActivityOverview-CancelBooking FAILED.
Reason:
com.kms.katalon.core.exception.StepFailedException: Unable to click on object 'Object Repository/CancelAndRefund/OptionToCancelRefund'
	at com.kms.katalon.core.webui.keyword.internal.WebUIKeywordMain.stepFailed(WebUIKeywordMain.groovy:64)
	at com.kms.katalon.core.webui.keyword.internal.WebUIKeywordMain.runKeyword(WebUIKeywordMain.groovy:26)
	at com.kms.katalon.core.webui.keyword.builtin.ClickKeyword.click(ClickKeyword.groovy:74)
	at com.kms.katalon.core.webui.keyword.builtin.ClickKeyword.execute(ClickKeyword.groovy:40)
	at com.kms.katalon.core.keyword.internal.KeywordExecutor.executeKeywordForPlatform(KeywordExecutor.groovy:74)
	at com.kms.katalon.core.webui.keyword.WebUiBuiltInKeywords.click(WebUiBuiltInKeywords.groovy:620)
	at com.kms.katalon.core.webui.keyword.WebUiBuiltInKeywords$click$2.call(Unknown Source)
	at ActivityOverview-CancelBooking.run(ActivityOverview-CancelBooking:104)
	at com.kms.katalon.core.main.ScriptEngine.run(ScriptEngine.java:194)
	at com.kms.katalon.core.main.ScriptEngine.runScriptAsRawText(ScriptEngine.java:119)
	at com.kms.katalon.core.main.TestCaseExecutor.runScript(TestCaseExecutor.java:442)
	at com.kms.katalon.core.main.TestCaseExecutor.doExecute(TestCaseExecutor.java:433)
	at com.kms.katalon.core.main.TestCaseExecutor.processExecutionPhase(TestCaseExecutor.java:412)
	at com.kms.katalon.core.main.TestCaseExecutor.accessMainPhase(TestCaseExecutor.java:404)
	at com.kms.katalon.core.main.TestCaseExecutor.execute(TestCaseExecutor.java:281)
	at com.kms.katalon.core.main.TestSuiteExecutor.accessTestCaseMainPhase(TestSuiteExecutor.java:202)
	at com.kms.katalon.core.main.TestSuiteExecutor.accessTestSuiteMainPhase(TestSuiteExecutor.java:164)
	at com.kms.katalon.core.main.TestSuiteExecutor.execute(TestSuiteExecutor.java:105)
	at com.kms.katalon.core.main.TestCaseMain.startTestSuite(TestCaseMain.java:185)
	at com.kms.katalon.core.main.TestCaseMain$startTestSuite$0.call(Unknown Source)
	at TempTestSuite1644820104296.run(TempTestSuite1644820104296.groovy:36)
Caused by: org.openqa.selenium.ElementNotInteractableException: element not interactable
  (Session info: chrome=97.0.4692.99)
Build info: version: '3.141.59', revision: 'e82be7d358', time: '2018-11-14T08:25:53'
System info: host: 'intersoftadmin-desktop', ip: '127.0.1.1', os.name: 'Linux', os.arch: 'amd64', os.version: '5.4.0-99-generic', java.version: '1.8.0_312'
Driver info: com.kms.katalon.selenium.driver.CChromeDriver
Capabilities {acceptInsecureCerts: false, browserName: chrome, browserVersion: 97.0.4692.99, chrome: {chromedriverVersion: 97.0.4692.36 (747e0a0f19c13..., userDataDir: /tmp/.com.google.Chrome.wGwuYn}, goog:chromeOptions: {debuggerAddress: localhost:44951}, javascriptEnabled: true, networkConnectionEnabled: false, pageLoadStrategy: normal, platform: LINUX, platformName: LINUX, proxy: Proxy(), setWindowRect: true, strictFileInteractability: false, timeouts: {implicit: 0, pageLoad: 300000, script: 30000}, unhandledPromptBehavior: dismiss and notify, webauthn:extension:credBlob: true, webauthn:extension:largeBlob: true, webauthn:virtualAuthenticators: true}
Session ID: aa7ef0fd687f2a46e4af7f6bd216bc8b
	at org.openqa.selenium.remote.http.W3CHttpResponseCodec.createException(W3CHttpResponseCodec.java:187)
	at org.openqa.selenium.remote.http.W3CHttpResponseCodec.decode(W3CHttpResponseCodec.java:122)
	at org.openqa.selenium.remote.http.W3CHttpResponseCodec.decode(W3CHttpResponseCodec.java:49)
	at org.openqa.selenium.remote.HttpCommandExecutor.execute(HttpCommandExecutor.java:158)
	at org.openqa.selenium.remote.service.DriverCommandExecutor.execute(DriverCommandExecutor.java:83)
	at org.openqa.selenium.remote.RemoteWebDriver.execute(RemoteWebDriver.java:552)
	at com.kms.katalon.selenium.driver.CChromeDriver.execute(CChromeDriver.java:19)
	at org.openqa.selenium.remote.RemoteWebElement.execute(RemoteWebElement.java:285)
	at org.openqa.selenium.remote.RemoteWebElement.click(RemoteWebElement.java:84)
	at org.openqa.selenium.support.events.EventFiringWebDriver$EventFiringWebElement.lambda$new$0(EventFiringWebDriver.java:404)
	at com.sun.proxy.$Proxy11.click(Unknown Source)
	at org.openqa.selenium.support.events.EventFiringWebDriver$EventFiringWebElement.click(EventFiringWebDriver.java:417)
	at org.openqa.selenium.WebElement$click.call(Unknown Source)
	at com.kms.katalon.core.webui.keyword.builtin.ClickKeyword.clickUntilSuccessWithTimeout(ClickKeyword.groovy:81)
	at com.kms.katalon.core.webui.keyword.builtin.ClickKeyword.clickUntilSuccessWithTimeout(ClickKeyword.groovy)
	at com.kms.katalon.core.webui.keyword.builtin.ClickKeyword$_click_closure1.doCall(ClickKeyword.groovy:67)
	at com.kms.katalon.core.webui.keyword.builtin.ClickKeyword$_click_closure1.call(ClickKeyword.groovy)
	at com.kms.katalon.core.webui.keyword.internal.WebUIKeywordMain.runKeyword(WebUIKeywordMain.groovy:20)
	... 19 more]]></system-err>
   </testsuite>
   <testsuite name="CancelOrder-CopiedURL" tests="1" failures="0" errors="0" time="884.841" skipped="0" timestamp="2022-02-14 15:28:16" hostname="intersoft-admin - intersoftadmin-desktop" id="Test Suites/CancelOrder-CopiedURL">
      <properties>
         <property name="deviceName" value=""/>
         <property name="devicePlatform" value=""/>
         <property name="logFolder" value="/home/intersoft-admin/Rattan/Bash/Training/Rattan/Final_testing/New_ActivityOverview/Reports/20220214_115757/CancelOrder-CopiedURL/20220214_115826"/>
         <property name="logFiles" value="/home/intersoft-admin/Rattan/Bash/Training/Rattan/Final_testing/New_ActivityOverview/Reports/20220214_115757/CancelOrder-CopiedURL/20220214_115826/execution0.log"/>
         <property name="attachments" value="/home/intersoft-admin/Rattan/Bash/Training/Rattan/Final_testing/New_ActivityOverview/Reports/20220214_115757/CancelOrder-CopiedURL/20220214_115826/1644832724292.png, /home/intersoft-admin/Rattan/Bash/Training/Rattan/Final_testing/New_ActivityOverview/Reports/20220214_115757/CancelOrder-CopiedURL/20220214_115826/1644832736462.png, /home/intersoft-admin/Rattan/Bash/Training/Rattan/Final_testing/New_ActivityOverview/Reports/20220214_115757/CancelOrder-CopiedURL/20220214_115826/1644832746986.png, /home/intersoft-admin/Rattan/Bash/Training/Rattan/Final_testing/New_ActivityOverview/Reports/20220214_115757/CancelOrder-CopiedURL/20220214_115826/1644832778502.png, /home/intersoft-admin/Rattan/Bash/Training/Rattan/Final_testing/New_ActivityOverview/Reports/20220214_115757/CancelOrder-CopiedURL/20220214_115826/1644832801910.png, /home/intersoft-admin/Rattan/Bash/Training/Rattan/Final_testing/New_ActivityOverview/Reports/20220214_115757/CancelOrder-CopiedURL/20220214_115826/1644832802383.png, /home/intersoft-admin/Rattan/Bash/Training/Rattan/Final_testing/New_ActivityOverview/Reports/20220214_115757/CancelOrder-CopiedURL/20220214_115826/1644832825927.png, /home/intersoft-admin/Rattan/Bash/Training/Rattan/Final_testing/New_ActivityOverview/Reports/20220214_115757/CancelOrder-CopiedURL/20220214_115826/1644832839671.png, /home/intersoft-admin/Rattan/Bash/Training/Rattan/Final_testing/New_ActivityOverview/Reports/20220214_115757/CancelOrder-CopiedURL/20220214_115826/1644832852985.png, /home/intersoft-admin/Rattan/Bash/Training/Rattan/Final_testing/New_ActivityOverview/Reports/20220214_115757/CancelOrder-CopiedURL/20220214_115826/1644832863332.png, /home/intersoft-admin/Rattan/Bash/Training/Rattan/Final_testing/New_ActivityOverview/Reports/20220214_115757/CancelOrder-CopiedURL/20220214_115826/1644832871171.png, /home/intersoft-admin/Rattan/Bash/Training/Rattan/Final_testing/New_ActivityOverview/Reports/20220214_115757/CancelOrder-CopiedURL/20220214_115826/1644832878269.png, /home/intersoft-admin/Rattan/Bash/Training/Rattan/Final_testing/New_ActivityOverview/Reports/20220214_115757/CancelOrder-CopiedURL/20220214_115826/1644832910683.png, /home/intersoft-admin/Rattan/Bash/Training/Rattan/Final_testing/New_ActivityOverview/Reports/20220214_115757/CancelOrder-CopiedURL/20220214_115826/1644832963797.png, /home/intersoft-admin/Rattan/Bash/Training/Rattan/Final_testing/New_ActivityOverview/Reports/20220214_115757/CancelOrder-CopiedURL/20220214_115826/1644832964080.png, /home/intersoft-admin/Rattan/Bash/Training/Rattan/Final_testing/New_ActivityOverview/Reports/20220214_115757/CancelOrder-CopiedURL/20220214_115826/1644832987471.png, /home/intersoft-admin/Rattan/Bash/Training/Rattan/Final_testing/New_ActivityOverview/Reports/20220214_115757/CancelOrder-CopiedURL/20220214_115826/1644833000805.png, /home/intersoft-admin/Rattan/Bash/Training/Rattan/Final_testing/New_ActivityOverview/Reports/20220214_115757/CancelOrder-CopiedURL/20220214_115826/1644833014132.png, /home/intersoft-admin/Rattan/Bash/Training/Rattan/Final_testing/New_ActivityOverview/Reports/20220214_115757/CancelOrder-CopiedURL/20220214_115826/1644833024705.png, /home/intersoft-admin/Rattan/Bash/Training/Rattan/Final_testing/New_ActivityOverview/Reports/20220214_115757/CancelOrder-CopiedURL/20220214_115826/1644833032140.png, /home/intersoft-admin/Rattan/Bash/Training/Rattan/Final_testing/New_ActivityOverview/Reports/20220214_115757/CancelOrder-CopiedURL/20220214_115826/1644833039084.png, /home/intersoft-admin/Rattan/Bash/Training/Rattan/Final_testing/New_ActivityOverview/Reports/20220214_115757/CancelOrder-CopiedURL/20220214_115826/1644833071390.png, /home/intersoft-admin/Rattan/Bash/Training/Rattan/Final_testing/New_ActivityOverview/Reports/20220214_115757/CancelOrder-CopiedURL/20220214_115826/1644833124392.png, /home/intersoft-admin/Rattan/Bash/Training/Rattan/Final_testing/New_ActivityOverview/Reports/20220214_115757/CancelOrder-CopiedURL/20220214_115826/1644833124682.png, /home/intersoft-admin/Rattan/Bash/Training/Rattan/Final_testing/New_ActivityOverview/Reports/20220214_115757/CancelOrder-CopiedURL/20220214_115826/1644833148056.png, /home/intersoft-admin/Rattan/Bash/Training/Rattan/Final_testing/New_ActivityOverview/Reports/20220214_115757/CancelOrder-CopiedURL/20220214_115826/1644833161414.png, /home/intersoft-admin/Rattan/Bash/Training/Rattan/Final_testing/New_ActivityOverview/Reports/20220214_115757/CancelOrder-CopiedURL/20220214_115826/1644833174730.png, /home/intersoft-admin/Rattan/Bash/Training/Rattan/Final_testing/New_ActivityOverview/Reports/20220214_115757/CancelOrder-CopiedURL/20220214_115826/1644833184864.png, /home/intersoft-admin/Rattan/Bash/Training/Rattan/Final_testing/New_ActivityOverview/Reports/20220214_115757/CancelOrder-CopiedURL/20220214_115826/1644833192220.png, /home/intersoft-admin/Rattan/Bash/Training/Rattan/Final_testing/New_ActivityOverview/Reports/20220214_115757/CancelOrder-CopiedURL/20220214_115826/1644833199214.png, /home/intersoft-admin/Rattan/Bash/Training/Rattan/Final_testing/New_ActivityOverview/Reports/20220214_115757/CancelOrder-CopiedURL/20220214_115826/1644833231575.png, /home/intersoft-admin/Rattan/Bash/Training/Rattan/Final_testing/New_ActivityOverview/Reports/20220214_115757/CancelOrder-CopiedURL/20220214_115826/1644833284632.png, /home/intersoft-admin/Rattan/Bash/Training/Rattan/Final_testing/New_ActivityOverview/Reports/20220214_115757/CancelOrder-CopiedURL/20220214_115826/1644833284898.png, /home/intersoft-admin/Rattan/Bash/Training/Rattan/Final_testing/New_ActivityOverview/Reports/20220214_115757/CancelOrder-CopiedURL/20220214_115826/1644833308268.png, /home/intersoft-admin/Rattan/Bash/Training/Rattan/Final_testing/New_ActivityOverview/Reports/20220214_115757/CancelOrder-CopiedURL/20220214_115826/1644833321660.png, /home/intersoft-admin/Rattan/Bash/Training/Rattan/Final_testing/New_ActivityOverview/Reports/20220214_115757/CancelOrder-CopiedURL/20220214_115826/1644833334972.png, /home/intersoft-admin/Rattan/Bash/Training/Rattan/Final_testing/New_ActivityOverview/Reports/20220214_115757/CancelOrder-CopiedURL/20220214_115826/1644833345072.png, /home/intersoft-admin/Rattan/Bash/Training/Rattan/Final_testing/New_ActivityOverview/Reports/20220214_115757/CancelOrder-CopiedURL/20220214_115826/1644833352419.png, /home/intersoft-admin/Rattan/Bash/Training/Rattan/Final_testing/New_ActivityOverview/Reports/20220214_115757/CancelOrder-CopiedURL/20220214_115826/1644833359315.png, /home/intersoft-admin/Rattan/Bash/Training/Rattan/Final_testing/New_ActivityOverview/Reports/20220214_115757/CancelOrder-CopiedURL/20220214_115826/1644833391601.png, /home/intersoft-admin/Rattan/Bash/Training/Rattan/Final_testing/New_ActivityOverview/Reports/20220214_115757/CancelOrder-CopiedURL/20220214_115826/1644833444588.png, /home/intersoft-admin/Rattan/Bash/Training/Rattan/Final_testing/New_ActivityOverview/Reports/20220214_115757/CancelOrder-CopiedURL/20220214_115826/1644833444872.png, /home/intersoft-admin/Rattan/Bash/Training/Rattan/Final_testing/New_ActivityOverview/Reports/20220214_115757/CancelOrder-CopiedURL/20220214_115826/1644833468221.png, /home/intersoft-admin/Rattan/Bash/Training/Rattan/Final_testing/New_ActivityOverview/Reports/20220214_115757/CancelOrder-CopiedURL/20220214_115826/1644833481574.png, /home/intersoft-admin/Rattan/Bash/Training/Rattan/Final_testing/New_ActivityOverview/Reports/20220214_115757/CancelOrder-CopiedURL/20220214_115826/1644833494882.png, /home/intersoft-admin/Rattan/Bash/Training/Rattan/Final_testing/New_ActivityOverview/Reports/20220214_115757/CancelOrder-CopiedURL/20220214_115826/1644833505151.png, /home/intersoft-admin/Rattan/Bash/Training/Rattan/Final_testing/New_ActivityOverview/Reports/20220214_115757/CancelOrder-CopiedURL/20220214_115826/1644833512490.png, /home/intersoft-admin/Rattan/Bash/Training/Rattan/Final_testing/New_ActivityOverview/Reports/20220214_115757/CancelOrder-CopiedURL/20220214_115826/1644833519398.png, /home/intersoft-admin/Rattan/Bash/Training/Rattan/Final_testing/New_ActivityOverview/Reports/20220214_115757/CancelOrder-CopiedURL/20220214_115826/1644833551689.png"/>
         <property name="hostName" value="intersoft-admin - intersoftadmin-desktop"/>
         <property name="os" value="Linux 64bit"/>
         <property name="katalonVersion" value="8.2.5.208"/>
         <property name="browser" value="Chrome 97.0.4692.99"/>
         <property name="hostAddress" value="127.0.1.1"/>
         <property name="sessionId" value="54a3bacf354ff5720f5d03b0cc600467"/>
         <property name="seleniumVersion" value="3.141.59"/>
         <property name="proxyInformation" value="ProxyInformation { proxyOption=NO_PROXY, proxyServerType=HTTP, username=, password=********, proxyServerAddress=, proxyServerPort=0, executionList=&quot;&quot;, isApplyToDesiredCapabilities=true }"/>
         <property name="platform" value="Linux"/>
      </properties>
      <testcase name="Test Cases/NewActivityOverview-LeftNavigation/ActivityOverview-CancelOrder-GetOrderIDAndRefund - CopiedURL" time="884.55" classname="Test Cases/NewActivityOverview-LeftNavigation/ActivityOverview-CancelOrder-GetOrderIDAndRefund - CopiedURL" status="PASSED">
         <system-out><![CDATA[2022-02-14 15:28:16 - [TEST_CASE][PASSED] - Test Cases/NewActivityOverview-LeftNavigation/ActivityOverview-CancelOrder-GetOrderIDAndRefund - CopiedURL: Test Cases/NewActivityOverview-LeftNavigation/ActivityOverview-CancelOrder-GetOrderIDAndRefund - CopiedURL

2022-02-14 15:28:17 - [TEST_STEP][PASSED] - callTestCase(findTestCase("LoginWithSuperAdmin/SuperAdmin-Login"), [:], STOP_ON_FAILURE): Call Test Case 'Test Cases/LoginWithSuperAdmin/SuperAdmin-Login' successfully

2022-02-14 15:28:17 - [TEST_CASE][PASSED] - Test Cases/LoginWithSuperAdmin/SuperAdmin-Login: Test Cases/LoginWithSuperAdmin/SuperAdmin-Login

2022-02-14 15:28:18 - [TEST_STEP][PASSED] - openBrowser(""): Browser is opened with url: ''

2022-02-14 15:28:18 - [MESSAGE][INFO] - Starting 'Chrome' driver

2022-02-14 15:28:18 - [MESSAGE][INFO] - Action delay is set to 3,000 milliseconds

2022-02-14 15:28:19 - [MESSAGE][PASSED] - Browser is opened with url: ''

2022-02-14 15:28:19 - [TEST_STEP][PASSED] - setViewPortSize(1920, 1080): Viewport is set to new size with width = 1920 and height = 1080

2022-02-14 15:28:19 - [MESSAGE][PASSED] - Viewport is set to new size with width = 1920 and height = 1080

2022-02-14 15:28:19 - [TEST_STEP][PASSED] - navigateToUrl(URL): Navigate to 'https://marketplacev1.test-prio.com' successfully

2022-02-14 15:28:24 - [MESSAGE][PASSED] - Navigate to 'https://marketplacev1.test-prio.com' successfully

2022-02-14 15:28:24 - [TEST_STEP][PASSED] - delay(3): Delayed 3 second(s)

2022-02-14 15:28:27 - [MESSAGE][PASSED] - Delayed 3 second(s)

2022-02-14 15:28:27 - [TEST_STEP][PASSED] - click(findTestObject("SuperAdmin/Login/input_Email_contact_email")): Object: 'Object Repository/SuperAdmin/Login/input_Email_contact_email' is clicked on

2022-02-14 15:28:30 - [MESSAGE][PASSED] - Object: 'Object Repository/SuperAdmin/Login/input_Email_contact_email' is clicked on

2022-02-14 15:28:30 - [TEST_STEP][PASSED] - setText(findTestObject("SuperAdmin/Login/input_Email_contact_email"), uname): Text 'superadmin@tippoint.com' is set on object 'Object Repository/SuperAdmin/Login/input_Email_contact_email'

2022-02-14 15:28:37 - [MESSAGE][PASSED] - Text 'superadmin@tippoint.com' is set on object 'Object Repository/SuperAdmin/Login/input_Email_contact_email'

2022-02-14 15:28:37 - [TEST_STEP][PASSED] - setEncryptedText(findTestObject("SuperAdmin/Login/input_Password_password"), Password): Text ****** has been set on object 'Object Repository/SuperAdmin/Login/input_Password_password'

2022-02-14 15:28:44 - [MESSAGE][PASSED] - Text ****** has been set on object 'Object Repository/SuperAdmin/Login/input_Password_password'

2022-02-14 15:28:44 - [TEST_STEP][PASSED] - takeScreenshot(): Taking screenshot successfully

2022-02-14 15:28:44 - [MESSAGE][PASSED] - Taking screenshot successfully
[[ATTACHMENT|/home/intersoft-admin/Rattan/Bash/Training/Rattan/Final_testing/New_ActivityOverview/Reports/20220214_115757/CancelOrder-CopiedURL/20220214_115826/1644832724292.png]]

2022-02-14 15:28:44 - [TEST_STEP][PASSED] - newpackage.clickUsingJS.clickUsingJS(findTestObject("SuperAdmin/Login/button_Sign in"), 5): newpackage.clickUsingJS.clickUsingJS is PASSED

2022-02-14 15:28:44 - [MESSAGE][PASSED] - newpackage.clickUsingJS.clickUsingJS is PASSED

2022-02-14 15:28:44 - [MESSAGE][PASSED] - Call Test Case 'Test Cases/LoginWithSuperAdmin/SuperAdmin-Login' successfully

2022-02-14 15:28:44 - [TEST_STEP][PASSED] - switchToDefaultContent(): null

2022-02-14 15:28:44 - [TEST_STEP][PASSED] - click(findTestObject("SuperAdminLeftNavigation/NewActivityOverview-LeftNavigation")): Object: 'Object Repository/SuperAdminLeftNavigation/NewActivityOverview-LeftNavigation' is clicked on

2022-02-14 15:28:55 - [MESSAGE][PASSED] - Object: 'Object Repository/SuperAdminLeftNavigation/NewActivityOverview-LeftNavigation' is clicked on

2022-02-14 15:28:55 - [TEST_STEP][PASSED] - takeScreenshot(): Taking screenshot successfully

2022-02-14 15:28:56 - [MESSAGE][PASSED] - Taking screenshot successfully
[[ATTACHMENT|/home/intersoft-admin/Rattan/Bash/Training/Rattan/Final_testing/New_ActivityOverview/Reports/20220214_115757/CancelOrder-CopiedURL/20220214_115826/1644832736462.png]]

2022-02-14 15:28:56 - [TEST_STEP][PASSED] - switchToFrame(findTestObject("Object Repository/Iframe/NewActivityOverviewIframe"), 5): null

2022-02-14 15:28:56 - [TEST_STEP][PASSED] - delay(10): Delayed 10 second(s)

2022-02-14 15:29:06 - [MESSAGE][PASSED] - Delayed 10 second(s)

2022-02-14 15:29:06 - [TEST_STEP][PASSED] - takeScreenshot(): Taking screenshot successfully

2022-02-14 15:29:07 - [MESSAGE][PASSED] - Taking screenshot successfully
[[ATTACHMENT|/home/intersoft-admin/Rattan/Bash/Training/Rattan/Final_testing/New_ActivityOverview/Reports/20220214_115757/CancelOrder-CopiedURL/20220214_115826/1644832746986.png]]

2022-02-14 15:29:07 - [TEST_STEP][PASSED] - sizeoflisting = findWebElements(findTestObject("ListingArea/ListingContainsData"), 5).size(): null

2022-02-14 15:29:07 - [TEST_STEP][PASSED] - println(sizeoflisting): null

2022-02-14 15:29:07 - [TEST_STEP][PASSED] - logInfo(Size of Order Listing: $sizeoflisting): Size of Order Listing: 11

2022-02-14 15:29:07 - [MESSAGE][INFO] - Size of Order Listing: 11

2022-02-14 15:29:07 - [TEST_STEP][PASSED] - if (sizeoflisting > 2): Delayed 13 second(s)

2022-02-14 15:29:07 - [TEST_STEP][PASSED] - logInfo("Orders Exist in Listing"): Orders Exist in Listing

2022-02-14 15:29:07 - [MESSAGE][INFO] - Orders Exist in Listing

2022-02-14 15:29:07 - [TEST_STEP][PASSED] - click(findTestObject("Object Repository/OrderPerPage/OrderPerPage_select")): Object: 'Object Repository/OrderPerPage/OrderPerPage_select' is clicked on

2022-02-14 15:29:10 - [MESSAGE][PASSED] - Object: 'Object Repository/OrderPerPage/OrderPerPage_select' is clicked on

2022-02-14 15:29:10 - [TEST_STEP][PASSED] - delay(5): Delayed 5 second(s)

2022-02-14 15:29:15 - [MESSAGE][PASSED] - Delayed 5 second(s)

2022-02-14 15:29:15 - [TEST_STEP][PASSED] - click(findTestObject("Object Repository/OrderPerPage/OrderPerPage-SelectOption")): Object: 'Object Repository/OrderPerPage/OrderPerPage-SelectOption' is clicked on

2022-02-14 15:29:18 - [MESSAGE][PASSED] - Object: 'Object Repository/OrderPerPage/OrderPerPage-SelectOption' is clicked on

2022-02-14 15:29:18 - [TEST_STEP][PASSED] - delay(20): Delayed 20 second(s)

2022-02-14 15:29:38 - [MESSAGE][PASSED] - Delayed 20 second(s)

2022-02-14 15:29:38 - [TEST_STEP][PASSED] - takeScreenshot(): Taking screenshot successfully

2022-02-14 15:29:38 - [MESSAGE][PASSED] - Taking screenshot successfully
[[ATTACHMENT|/home/intersoft-admin/Rattan/Bash/Training/Rattan/Final_testing/New_ActivityOverview/Reports/20220214_115757/CancelOrder-CopiedURL/20220214_115826/1644832778502.png]]

2022-02-14 15:29:38 - [TEST_STEP][PASSED] - SizeofPagination = getText(findTestObject("Object Repository/PaginationCOunt/PaginationCount")): Text of object 'Object Repository/PaginationCOunt/PaginationCount' is: '100'

2022-02-14 15:29:38 - [MESSAGE][PASSED] - Text of object 'Object Repository/PaginationCOunt/PaginationCount' is: '100'

2022-02-14 15:29:38 - [TEST_STEP][PASSED] - println(SizeofPagination): null

2022-02-14 15:29:38 - [TEST_STEP][PASSED] - paginationmaxcount = Integer.parseInt(SizeofPagination): null

2022-02-14 15:29:38 - [TEST_STEP][PASSED] - paginationmaxcount = pagination: null

2022-02-14 15:29:38 - [TEST_STEP][PASSED] - logInfo(Size of Pagination: $paginationmaxcount): Size of Pagination: 5

2022-02-14 15:29:38 - [MESSAGE][INFO] - Size of Pagination: 5

2022-02-14 15:29:38 - [TEST_STEP][PASSED] - totalrecords = 0: null

2022-02-14 15:29:38 - [TEST_STEP][PASSED] - for ([l = 1, l <= paginationmaxcount, (l++)]): Delayed 13 second(s)

2022-02-14 15:29:38 - [TEST_STEP][PASSED] - if (l <= 5): null

2022-02-14 15:29:38 - [TEST_STEP][PASSED] - paginationvalue = l: null

2022-02-14 15:29:38 - [TEST_STEP][PASSED] - if (l > 5): null

2022-02-14 15:29:38 - [TEST_STEP][PASSED] - logInfo(Size of Pagination: $paginationvalue): Size of Pagination: 1

2022-02-14 15:29:38 - [MESSAGE][INFO] - Size of Pagination: 1

2022-02-14 15:29:38 - [TEST_STEP][PASSED] - click(findTestObject("Object Repository/PaginationCOunt/ClickOnPagination", ["pagination":paginationvalue])): Object: 'Object Repository/PaginationCOunt/ClickOnPagination' is clicked on

2022-02-14 15:29:41 - [MESSAGE][PASSED] - Object: 'Object Repository/PaginationCOunt/ClickOnPagination' is clicked on

2022-02-14 15:29:41 - [TEST_STEP][PASSED] - delay(20): Delayed 20 second(s)

2022-02-14 15:30:01 - [MESSAGE][PASSED] - Delayed 20 second(s)

2022-02-14 15:30:01 - [TEST_STEP][PASSED] - takeScreenshot(): Taking screenshot successfully

2022-02-14 15:30:02 - [MESSAGE][PASSED] - Taking screenshot successfully
[[ATTACHMENT|/home/intersoft-admin/Rattan/Bash/Training/Rattan/Final_testing/New_ActivityOverview/Reports/20220214_115757/CancelOrder-CopiedURL/20220214_115826/1644832801910.png]]

2022-02-14 15:30:02 - [TEST_STEP][PASSED] - SizeofActiveBookings = findWebElements(findTestObject("Object Repository/CancelAndRefund/OrderListWithoutRefundedStatus"), 5).size(): null

2022-02-14 15:30:02 - [TEST_STEP][PASSED] - logInfo(Size of Active Bookings: $SizeofActiveBookings): Size of Active Bookings: 82

2022-02-14 15:30:02 - [MESSAGE][INFO] - Size of Active Bookings: 82

2022-02-14 15:30:02 - [TEST_STEP][PASSED] - for ([refund = 1, refund < SizeofActiveBookings, (refund++)]): Call Test Case 'Test Cases/StepToReUse/ActivityOverview-CancelOrder' successfully

2022-02-14 15:30:02 - [TEST_STEP][PASSED] - if (refund == 1): null

2022-02-14 15:30:02 - [TEST_STEP][PASSED] - refund = SizeofActiveBookings: null

2022-02-14 15:30:02 - [TEST_STEP][PASSED] - refundvalue = refund: null

2022-02-14 15:30:02 - [TEST_STEP][PASSED] - logInfo(Size of refund booking: $refund): Size of refund booking: 82

2022-02-14 15:30:02 - [MESSAGE][INFO] - Size of refund booking: 82

2022-02-14 15:30:02 - [TEST_STEP][PASSED] - scrollToElement(findTestObject("Object Repository/CancelAndRefund/OrderListWithoutRefundedStatus - Click", ["position":refund]), 15): Scroll to object 'Object Repository/CancelAndRefund/OrderListWithoutRefundedStatus - Click' successfully

2022-02-14 15:30:02 - [MESSAGE][PASSED] - Scroll to object 'Object Repository/CancelAndRefund/OrderListWithoutRefundedStatus - Click' successfully

2022-02-14 15:30:02 - [TEST_STEP][PASSED] - takeScreenshot(): Taking screenshot successfully

2022-02-14 15:30:02 - [MESSAGE][PASSED] - Taking screenshot successfully
[[ATTACHMENT|/home/intersoft-admin/Rattan/Bash/Training/Rattan/Final_testing/New_ActivityOverview/Reports/20220214_115757/CancelOrder-CopiedURL/20220214_115826/1644832802383.png]]

2022-02-14 15:30:02 - [TEST_STEP][PASSED] - orderId = findWebElement(findTestObject("Object Repository/GetOrderID/GetOrderID", ["position":refund])).getAttribute("data-order_id"): null

2022-02-14 15:30:02 - [TEST_STEP][PASSED] - orderId = orderId: null

2022-02-14 15:30:02 - [TEST_STEP][PASSED] - logInfo(Order ID: $orderId): Order ID: 164464236486376

2022-02-14 15:30:02 - [MESSAGE][INFO] - Order ID: 164464236486376

2022-02-14 15:30:02 - [TEST_STEP][PASSED] - click(findTestObject("Object Repository/GetOrderID/GetOrderID", ["position":refund])): Object: 'Object Repository/GetOrderID/GetOrderID' is clicked on

2022-02-14 15:30:05 - [MESSAGE][PASSED] - Object: 'Object Repository/GetOrderID/GetOrderID' is clicked on

2022-02-14 15:30:05 - [TEST_STEP][PASSED] - delay(20): Delayed 20 second(s)

2022-02-14 15:30:25 - [MESSAGE][PASSED] - Delayed 20 second(s)

2022-02-14 15:30:25 - [TEST_STEP][PASSED] - takeScreenshot(): Taking screenshot successfully

2022-02-14 15:30:26 - [MESSAGE][PASSED] - Taking screenshot successfully
[[ATTACHMENT|/home/intersoft-admin/Rattan/Bash/Training/Rattan/Final_testing/New_ActivityOverview/Reports/20220214_115757/CancelOrder-CopiedURL/20220214_115826/1644832825927.png]]

2022-02-14 15:30:26 - [TEST_STEP][PASSED] - callTestCase(findTestCase("Test Cases/StepToReUse/StepTOCopyURLAndAddAnotherTab"), [:], CONTINUE_ON_FAILURE): Call Test Case 'Test Cases/StepToReUse/StepTOCopyURLAndAddAnotherTab' successfully

2022-02-14 15:30:26 - [TEST_CASE][PASSED] - Test Cases/StepToReUse/StepTOCopyURLAndAddAnotherTab: Test Cases/StepToReUse/StepTOCopyURLAndAddAnotherTab

2022-02-14 15:30:26 - [TEST_STEP][PASSED] - click(findTestObject("Object Repository/Header/Preview/ClickOnPreviewIcon")): Object: 'Object Repository/Header/Preview/ClickOnPreviewIcon' is clicked on

2022-02-14 15:30:29 - [MESSAGE][PASSED] - Object: 'Object Repository/Header/Preview/ClickOnPreviewIcon' is clicked on

2022-02-14 15:30:29 - [TEST_STEP][PASSED] - delay(10): Delayed 10 second(s)

2022-02-14 15:30:39 - [MESSAGE][PASSED] - Delayed 10 second(s)

2022-02-14 15:30:39 - [TEST_STEP][PASSED] - takeScreenshot(): Taking screenshot successfully

2022-02-14 15:30:39 - [MESSAGE][PASSED] - Taking screenshot successfully
[[ATTACHMENT|/home/intersoft-admin/Rattan/Bash/Training/Rattan/Final_testing/New_ActivityOverview/Reports/20220214_115757/CancelOrder-CopiedURL/20220214_115826/1644832839671.png]]

2022-02-14 15:30:39 - [TEST_STEP][PASSED] - click(findTestObject("Object Repository/Header/Preview/PrintVoucher")): Object: 'Object Repository/Header/Preview/PrintVoucher' is clicked on

2022-02-14 15:30:42 - [MESSAGE][PASSED] - Object: 'Object Repository/Header/Preview/PrintVoucher' is clicked on

2022-02-14 15:30:42 - [TEST_STEP][PASSED] - delay(10): Delayed 10 second(s)

2022-02-14 15:30:52 - [MESSAGE][PASSED] - Delayed 10 second(s)

2022-02-14 15:30:52 - [TEST_STEP][PASSED] - takeScreenshot(): Taking screenshot successfully

2022-02-14 15:30:53 - [MESSAGE][PASSED] - Taking screenshot successfully
[[ATTACHMENT|/home/intersoft-admin/Rattan/Bash/Training/Rattan/Final_testing/New_ActivityOverview/Reports/20220214_115757/CancelOrder-CopiedURL/20220214_115826/1644832852985.png]]

2022-02-14 15:30:53 - [TEST_STEP][PASSED] - UrlToClick = findWebElement(findTestObject("Object Repository/Header/CopyUrl/CopyUrl")).getAttribute("data-href_url"): null

2022-02-14 15:30:53 - [TEST_STEP][PASSED] - println(UrlToClick): null

2022-02-14 15:30:53 - [TEST_STEP][PASSED] - ActivityUrl = UrlToClick: null

2022-02-14 15:30:53 - [TEST_STEP][PASSED] - switchToWindowIndex(1): Switched to window with index: '1'

2022-02-14 15:30:53 - [MESSAGE][PASSED] - Switched to window with index: '1'

2022-02-14 15:30:53 - [TEST_STEP][PASSED] - delay(5): Delayed 5 second(s)

2022-02-14 15:30:58 - [MESSAGE][PASSED] - Delayed 5 second(s)

2022-02-14 15:30:58 - [TEST_STEP][PASSED] - navigateToUrl(ActivityUrl): Navigate to 'https://activity.test-prio.com/orders/164464236486376' successfully

2022-02-14 15:31:02 - [MESSAGE][PASSED] - Navigate to 'https://activity.test-prio.com/orders/164464236486376' successfully

2022-02-14 15:31:02 - [TEST_STEP][PASSED] - takeScreenshot(): Taking screenshot successfully

2022-02-14 15:31:03 - [MESSAGE][PASSED] - Taking screenshot successfully
[[ATTACHMENT|/home/intersoft-admin/Rattan/Bash/Training/Rattan/Final_testing/New_ActivityOverview/Reports/20220214_115757/CancelOrder-CopiedURL/20220214_115826/1644832863332.png]]

2022-02-14 15:31:03 - [TEST_STEP][PASSED] - switchToDefaultContent(): null

2022-02-14 15:31:03 - [MESSAGE][PASSED] - Call Test Case 'Test Cases/StepToReUse/StepTOCopyURLAndAddAnotherTab' successfully

2022-02-14 15:31:03 - [TEST_STEP][PASSED] - callTestCase(findTestCase("Test Cases/StepToReUse/ActivityOverview-CancelOrder"), [:], CONTINUE_ON_FAILURE): Call Test Case 'Test Cases/StepToReUse/ActivityOverview-CancelOrder' successfully

2022-02-14 15:31:03 - [TEST_CASE][PASSED] - Test Cases/StepToReUse/ActivityOverview-CancelOrder: Test Cases/StepToReUse/ActivityOverview-CancelOrder

2022-02-14 15:31:03 - [TEST_STEP][PASSED] - logInfo(Refund Value: $GlobalVariable.refundvalue): Refund Value: 82

2022-02-14 15:31:03 - [MESSAGE][INFO] - Refund Value: 82

2022-02-14 15:31:03 - [TEST_STEP][PASSED] - if (waitForElementClickable(findTestObject("Object Repository/CancelAndRefund/CancelOrderButton"), 15) == true): Taking screenshot successfully

2022-02-14 15:31:04 - [MESSAGE][PASSED] - Object 'Object Repository/CancelAndRefund/CancelOrderButton' is clickable

2022-02-14 15:31:04 - [TEST_STEP][PASSED] - scrollToElement(findTestObject("Object Repository/CancelAndRefund/CancelOrderButton"), 15): Scroll to object 'Object Repository/CancelAndRefund/CancelOrderButton' successfully

2022-02-14 15:31:04 - [MESSAGE][PASSED] - Scroll to object 'Object Repository/CancelAndRefund/CancelOrderButton' successfully

2022-02-14 15:31:04 - [TEST_STEP][PASSED] - click(findTestObject("Object Repository/CancelAndRefund/CancelOrderButton")): Object: 'Object Repository/CancelAndRefund/CancelOrderButton' is clicked on

2022-02-14 15:31:07 - [MESSAGE][PASSED] - Object: 'Object Repository/CancelAndRefund/CancelOrderButton' is clicked on

2022-02-14 15:31:07 - [TEST_STEP][PASSED] - delay(3): Delayed 3 second(s)

2022-02-14 15:31:10 - [MESSAGE][PASSED] - Delayed 3 second(s)

2022-02-14 15:31:10 - [TEST_STEP][PASSED] - takeScreenshot(): Taking screenshot successfully

2022-02-14 15:31:11 - [MESSAGE][PASSED] - Taking screenshot successfully
[[ATTACHMENT|/home/intersoft-admin/Rattan/Bash/Training/Rattan/Final_testing/New_ActivityOverview/Reports/20220214_115757/CancelOrder-CopiedURL/20220214_115826/1644832871171.png]]

2022-02-14 15:31:11 - [TEST_STEP][PASSED] - if (waitForElementClickable(findTestObject("Object Repository/CancelAndRefund/CancelButton - OnRefundPop-up"), 15) == true): Taking screenshot successfully

2022-02-14 15:31:11 - [MESSAGE][PASSED] - Object 'Object Repository/CancelAndRefund/CancelButton - OnRefundPop-up' is clickable

2022-02-14 15:31:11 - [TEST_STEP][PASSED] - click(findTestObject("Object Repository/CancelAndRefund/CancelButton - OnRefundPop-up")): Object: 'Object Repository/CancelAndRefund/CancelButton - OnRefundPop-up' is clicked on

2022-02-14 15:31:15 - [MESSAGE][PASSED] - Object: 'Object Repository/CancelAndRefund/CancelButton - OnRefundPop-up' is clicked on

2022-02-14 15:31:15 - [TEST_STEP][PASSED] - delay(3): Delayed 3 second(s)

2022-02-14 15:31:18 - [MESSAGE][PASSED] - Delayed 3 second(s)

2022-02-14 15:31:18 - [TEST_STEP][PASSED] - takeScreenshot(): Taking screenshot successfully

2022-02-14 15:31:18 - [MESSAGE][PASSED] - Taking screenshot successfully
[[ATTACHMENT|/home/intersoft-admin/Rattan/Bash/Training/Rattan/Final_testing/New_ActivityOverview/Reports/20220214_115757/CancelOrder-CopiedURL/20220214_115826/1644832878269.png]]

2022-02-14 15:31:18 - [TEST_STEP][PASSED] - click(findTestObject("Object Repository/CancelAndRefund/CancelOrderButton")): Object: 'Object Repository/CancelAndRefund/CancelOrderButton' is clicked on

2022-02-14 15:31:21 - [MESSAGE][PASSED] - Object: 'Object Repository/CancelAndRefund/CancelOrderButton' is clicked on

2022-02-14 15:31:21 - [TEST_STEP][PASSED] - if (refundvalue < 4): null

2022-02-14 15:31:21 - [TEST_STEP][PASSED] - if (refundvalue <= 6 && refundvalue >= 4): null

2022-02-14 15:31:21 - [TEST_STEP][PASSED] - if (refundvalue > 6): Object 'Object Repository/CancelAndRefund/RefundOptionRadio' is not visible after 15 second(s)

2022-02-14 15:31:21 - [TEST_STEP][PASSED] - if (waitForElementVisible(findTestObject("Object Repository/CancelAndRefund/RefundOptionRadio"), 15) == true): Object 'Object Repository/CancelAndRefund/RefundOptionRadio' is not visible after 15 second(s)

2022-02-14 15:31:37 - [MESSAGE][WARNING] - Object 'Object Repository/CancelAndRefund/RefundOptionRadio' is not visible after 15 second(s)

2022-02-14 15:31:37 - [TEST_STEP][PASSED] - setText(findTestObject("Object Repository/CancelAndRefund/ReasonForCancellation"), CancellationReason): Text 'Order Refunded to Test Automation Testing Under Katalon' is set on object 'Object Repository/CancelAndRefund/ReasonForCancellation'

2022-02-14 15:31:44 - [MESSAGE][PASSED] - Text 'Order Refunded to Test Automation Testing Under Katalon' is set on object 'Object Repository/CancelAndRefund/ReasonForCancellation'

2022-02-14 15:31:44 - [TEST_STEP][PASSED] - click(findTestObject("Object Repository/CancelAndRefund/ConfirmCancellationButton")): Object: 'Object Repository/CancelAndRefund/ConfirmCancellationButton' is clicked on

2022-02-14 15:31:47 - [MESSAGE][PASSED] - Object: 'Object Repository/CancelAndRefund/ConfirmCancellationButton' is clicked on

2022-02-14 15:31:47 - [TEST_STEP][PASSED] - delay(3): Delayed 3 second(s)

2022-02-14 15:31:50 - [MESSAGE][PASSED] - Delayed 3 second(s)

2022-02-14 15:31:50 - [TEST_STEP][PASSED] - takeScreenshot(): Taking screenshot successfully

2022-02-14 15:31:50 - [MESSAGE][PASSED] - Taking screenshot successfully
[[ATTACHMENT|/home/intersoft-admin/Rattan/Bash/Training/Rattan/Final_testing/New_ActivityOverview/Reports/20220214_115757/CancelOrder-CopiedURL/20220214_115826/1644832910683.png]]

2022-02-14 15:31:50 - [MESSAGE][PASSED] - Call Test Case 'Test Cases/StepToReUse/ActivityOverview-CancelOrder' successfully

2022-02-14 15:31:50 - [TEST_STEP][PASSED] - switchToWindowIndex(0): Switched to window with index: '0'

2022-02-14 15:31:50 - [MESSAGE][PASSED] - Switched to window with index: '0'

2022-02-14 15:31:50 - [TEST_STEP][PASSED] - delay(13): Delayed 13 second(s)

2022-02-14 15:32:03 - [MESSAGE][PASSED] - Delayed 13 second(s)

2022-02-14 15:32:03 - [TEST_STEP][PASSED] - switchToFrame(findTestObject("Object Repository/Iframe/NewActivityOverviewIframe"), 5): null

2022-02-14 15:32:04 - [TEST_STEP][PASSED] - click(findTestObject("Object Repository/DetailPop-up/Backbutton/BackButtonToListing")): Object: 'Object Repository/DetailPop-up/Backbutton/BackButtonToListing' is clicked on

2022-02-14 15:32:07 - [MESSAGE][PASSED] - Object: 'Object Repository/DetailPop-up/Backbutton/BackButtonToListing' is clicked on

2022-02-14 15:32:07 - [TEST_STEP][PASSED] - delay(13): Delayed 13 second(s)

2022-02-14 15:32:20 - [MESSAGE][PASSED] - Delayed 13 second(s)

2022-02-14 15:32:20 - [TEST_STEP][PASSED] - if (l <= 5): null

2022-02-14 15:32:20 - [TEST_STEP][PASSED] - paginationvalue = l: null

2022-02-14 15:32:20 - [TEST_STEP][PASSED] - if (l > 5): null

2022-02-14 15:32:20 - [TEST_STEP][PASSED] - logInfo(Size of Pagination: $paginationvalue): Size of Pagination: 2

2022-02-14 15:32:20 - [MESSAGE][INFO] - Size of Pagination: 2

2022-02-14 15:32:20 - [TEST_STEP][PASSED] - click(findTestObject("Object Repository/PaginationCOunt/ClickOnPagination", ["pagination":paginationvalue])): Object: 'Object Repository/PaginationCOunt/ClickOnPagination' is clicked on

2022-02-14 15:32:23 - [MESSAGE][PASSED] - Object: 'Object Repository/PaginationCOunt/ClickOnPagination' is clicked on

2022-02-14 15:32:23 - [TEST_STEP][PASSED] - delay(20): Delayed 20 second(s)

2022-02-14 15:32:43 - [MESSAGE][PASSED] - Delayed 20 second(s)

2022-02-14 15:32:43 - [TEST_STEP][PASSED] - takeScreenshot(): Taking screenshot successfully

2022-02-14 15:32:43 - [MESSAGE][PASSED] - Taking screenshot successfully
[[ATTACHMENT|/home/intersoft-admin/Rattan/Bash/Training/Rattan/Final_testing/New_ActivityOverview/Reports/20220214_115757/CancelOrder-CopiedURL/20220214_115826/1644832963797.png]]

2022-02-14 15:32:43 - [TEST_STEP][PASSED] - SizeofActiveBookings = findWebElements(findTestObject("Object Repository/CancelAndRefund/OrderListWithoutRefundedStatus"), 5).size(): null

2022-02-14 15:32:43 - [TEST_STEP][PASSED] - logInfo(Size of Active Bookings: $SizeofActiveBookings): Size of Active Bookings: 77

2022-02-14 15:32:43 - [MESSAGE][INFO] - Size of Active Bookings: 77

2022-02-14 15:32:43 - [TEST_STEP][PASSED] - for ([refund = 1, refund < SizeofActiveBookings, (refund++)]): Call Test Case 'Test Cases/StepToReUse/ActivityOverview-CancelOrder' successfully

2022-02-14 15:32:43 - [TEST_STEP][PASSED] - if (refund == 1): null

2022-02-14 15:32:43 - [TEST_STEP][PASSED] - refund = SizeofActiveBookings: null

2022-02-14 15:32:43 - [TEST_STEP][PASSED] - refundvalue = refund: null

2022-02-14 15:32:43 - [TEST_STEP][PASSED] - logInfo(Size of refund booking: $refund): Size of refund booking: 77

2022-02-14 15:32:43 - [MESSAGE][INFO] - Size of refund booking: 77

2022-02-14 15:32:43 - [TEST_STEP][PASSED] - scrollToElement(findTestObject("Object Repository/CancelAndRefund/OrderListWithoutRefundedStatus - Click", ["position":refund]), 15): Scroll to object 'Object Repository/CancelAndRefund/OrderListWithoutRefundedStatus - Click' successfully

2022-02-14 15:32:44 - [MESSAGE][PASSED] - Scroll to object 'Object Repository/CancelAndRefund/OrderListWithoutRefundedStatus - Click' successfully

2022-02-14 15:32:44 - [TEST_STEP][PASSED] - takeScreenshot(): Taking screenshot successfully

2022-02-14 15:32:44 - [MESSAGE][PASSED] - Taking screenshot successfully
[[ATTACHMENT|/home/intersoft-admin/Rattan/Bash/Training/Rattan/Final_testing/New_ActivityOverview/Reports/20220214_115757/CancelOrder-CopiedURL/20220214_115826/1644832964080.png]]

2022-02-14 15:32:44 - [TEST_STEP][PASSED] - orderId = findWebElement(findTestObject("Object Repository/GetOrderID/GetOrderID", ["position":refund])).getAttribute("data-order_id"): null

2022-02-14 15:32:44 - [TEST_STEP][PASSED] - orderId = orderId: null

2022-02-14 15:32:44 - [TEST_STEP][PASSED] - logInfo(Order ID: $orderId): Order ID: 164456088168744

2022-02-14 15:32:44 - [MESSAGE][INFO] - Order ID: 164456088168744

2022-02-14 15:32:44 - [TEST_STEP][PASSED] - click(findTestObject("Object Repository/GetOrderID/GetOrderID", ["position":refund])): Object: 'Object Repository/GetOrderID/GetOrderID' is clicked on

2022-02-14 15:32:47 - [MESSAGE][PASSED] - Object: 'Object Repository/GetOrderID/GetOrderID' is clicked on

2022-02-14 15:32:47 - [TEST_STEP][PASSED] - delay(20): Delayed 20 second(s)

2022-02-14 15:33:07 - [MESSAGE][PASSED] - Delayed 20 second(s)

2022-02-14 15:33:07 - [TEST_STEP][PASSED] - takeScreenshot(): Taking screenshot successfully

2022-02-14 15:33:07 - [MESSAGE][PASSED] - Taking screenshot successfully
[[ATTACHMENT|/home/intersoft-admin/Rattan/Bash/Training/Rattan/Final_testing/New_ActivityOverview/Reports/20220214_115757/CancelOrder-CopiedURL/20220214_115826/1644832987471.png]]

2022-02-14 15:33:07 - [TEST_STEP][PASSED] - callTestCase(findTestCase("Test Cases/StepToReUse/StepTOCopyURLAndAddAnotherTab"), [:], CONTINUE_ON_FAILURE): Call Test Case 'Test Cases/StepToReUse/StepTOCopyURLAndAddAnotherTab' successfully

2022-02-14 15:33:07 - [TEST_CASE][PASSED] - Test Cases/StepToReUse/StepTOCopyURLAndAddAnotherTab: Test Cases/StepToReUse/StepTOCopyURLAndAddAnotherTab

2022-02-14 15:33:07 - [TEST_STEP][PASSED] - click(findTestObject("Object Repository/Header/Preview/ClickOnPreviewIcon")): Object: 'Object Repository/Header/Preview/ClickOnPreviewIcon' is clicked on

2022-02-14 15:33:10 - [MESSAGE][PASSED] - Object: 'Object Repository/Header/Preview/ClickOnPreviewIcon' is clicked on

2022-02-14 15:33:10 - [TEST_STEP][PASSED] - delay(10): Delayed 10 second(s)

2022-02-14 15:33:20 - [MESSAGE][PASSED] - Delayed 10 second(s)

2022-02-14 15:33:20 - [TEST_STEP][PASSED] - takeScreenshot(): Taking screenshot successfully

2022-02-14 15:33:20 - [MESSAGE][PASSED] - Taking screenshot successfully
[[ATTACHMENT|/home/intersoft-admin/Rattan/Bash/Training/Rattan/Final_testing/New_ActivityOverview/Reports/20220214_115757/CancelOrder-CopiedURL/20220214_115826/1644833000805.png]]

2022-02-14 15:33:20 - [TEST_STEP][PASSED] - click(findTestObject("Object Repository/Header/Preview/PrintVoucher")): Object: 'Object Repository/Header/Preview/PrintVoucher' is clicked on

2022-02-14 15:33:24 - [MESSAGE][PASSED] - Object: 'Object Repository/Header/Preview/PrintVoucher' is clicked on

2022-02-14 15:33:24 - [TEST_STEP][PASSED] - delay(10): Delayed 10 second(s)

2022-02-14 15:33:34 - [MESSAGE][PASSED] - Delayed 10 second(s)

2022-02-14 15:33:34 - [TEST_STEP][PASSED] - takeScreenshot(): Taking screenshot successfully

2022-02-14 15:33:34 - [MESSAGE][PASSED] - Taking screenshot successfully
[[ATTACHMENT|/home/intersoft-admin/Rattan/Bash/Training/Rattan/Final_testing/New_ActivityOverview/Reports/20220214_115757/CancelOrder-CopiedURL/20220214_115826/1644833014132.png]]

2022-02-14 15:33:34 - [TEST_STEP][PASSED] - UrlToClick = findWebElement(findTestObject("Object Repository/Header/CopyUrl/CopyUrl")).getAttribute("data-href_url"): null

2022-02-14 15:33:34 - [TEST_STEP][PASSED] - println(UrlToClick): null

2022-02-14 15:33:34 - [TEST_STEP][PASSED] - ActivityUrl = UrlToClick: null

2022-02-14 15:33:34 - [TEST_STEP][PASSED] - switchToWindowIndex(1): Switched to window with index: '1'

2022-02-14 15:33:34 - [MESSAGE][PASSED] - Switched to window with index: '1'

2022-02-14 15:33:34 - [TEST_STEP][PASSED] - delay(5): Delayed 5 second(s)

2022-02-14 15:33:39 - [MESSAGE][PASSED] - Delayed 5 second(s)

2022-02-14 15:33:39 - [TEST_STEP][PASSED] - navigateToUrl(ActivityUrl): Navigate to 'https://activity.test-prio.com/orders/164456088168744' successfully

2022-02-14 15:33:43 - [MESSAGE][PASSED] - Navigate to 'https://activity.test-prio.com/orders/164456088168744' successfully

2022-02-14 15:33:43 - [TEST_STEP][PASSED] - takeScreenshot(): Taking screenshot successfully

2022-02-14 15:33:44 - [MESSAGE][PASSED] - Taking screenshot successfully
[[ATTACHMENT|/home/intersoft-admin/Rattan/Bash/Training/Rattan/Final_testing/New_ActivityOverview/Reports/20220214_115757/CancelOrder-CopiedURL/20220214_115826/1644833024705.png]]

2022-02-14 15:33:44 - [TEST_STEP][PASSED] - switchToDefaultContent(): null

2022-02-14 15:33:44 - [MESSAGE][PASSED] - Call Test Case 'Test Cases/StepToReUse/StepTOCopyURLAndAddAnotherTab' successfully

2022-02-14 15:33:44 - [TEST_STEP][PASSED] - callTestCase(findTestCase("Test Cases/StepToReUse/ActivityOverview-CancelOrder"), [:], CONTINUE_ON_FAILURE): Call Test Case 'Test Cases/StepToReUse/ActivityOverview-CancelOrder' successfully

2022-02-14 15:33:44 - [TEST_CASE][PASSED] - Test Cases/StepToReUse/ActivityOverview-CancelOrder: Test Cases/StepToReUse/ActivityOverview-CancelOrder

2022-02-14 15:33:45 - [TEST_STEP][PASSED] - logInfo(Refund Value: $GlobalVariable.refundvalue): Refund Value: 77

2022-02-14 15:33:45 - [MESSAGE][INFO] - Refund Value: 77

2022-02-14 15:33:45 - [TEST_STEP][PASSED] - if (waitForElementClickable(findTestObject("Object Repository/CancelAndRefund/CancelOrderButton"), 15) == true): Taking screenshot successfully

2022-02-14 15:33:45 - [MESSAGE][PASSED] - Object 'Object Repository/CancelAndRefund/CancelOrderButton' is clickable

2022-02-14 15:33:45 - [TEST_STEP][PASSED] - scrollToElement(findTestObject("Object Repository/CancelAndRefund/CancelOrderButton"), 15): Scroll to object 'Object Repository/CancelAndRefund/CancelOrderButton' successfully

2022-02-14 15:33:45 - [MESSAGE][PASSED] - Scroll to object 'Object Repository/CancelAndRefund/CancelOrderButton' successfully

2022-02-14 15:33:45 - [TEST_STEP][PASSED] - click(findTestObject("Object Repository/CancelAndRefund/CancelOrderButton")): Object: 'Object Repository/CancelAndRefund/CancelOrderButton' is clicked on

2022-02-14 15:33:48 - [MESSAGE][PASSED] - Object: 'Object Repository/CancelAndRefund/CancelOrderButton' is clicked on

2022-02-14 15:33:48 - [TEST_STEP][PASSED] - delay(3): Delayed 3 second(s)

2022-02-14 15:33:51 - [MESSAGE][PASSED] - Delayed 3 second(s)

2022-02-14 15:33:51 - [TEST_STEP][PASSED] - takeScreenshot(): Taking screenshot successfully

2022-02-14 15:33:52 - [MESSAGE][PASSED] - Taking screenshot successfully
[[ATTACHMENT|/home/intersoft-admin/Rattan/Bash/Training/Rattan/Final_testing/New_ActivityOverview/Reports/20220214_115757/CancelOrder-CopiedURL/20220214_115826/1644833032140.png]]

2022-02-14 15:33:52 - [TEST_STEP][PASSED] - if (waitForElementClickable(findTestObject("Object Repository/CancelAndRefund/CancelButton - OnRefundPop-up"), 15) == true): Taking screenshot successfully

2022-02-14 15:33:52 - [MESSAGE][PASSED] - Object 'Object Repository/CancelAndRefund/CancelButton - OnRefundPop-up' is clickable

2022-02-14 15:33:52 - [TEST_STEP][PASSED] - click(findTestObject("Object Repository/CancelAndRefund/CancelButton - OnRefundPop-up")): Object: 'Object Repository/CancelAndRefund/CancelButton - OnRefundPop-up' is clicked on

2022-02-14 15:33:55 - [MESSAGE][PASSED] - Object: 'Object Repository/CancelAndRefund/CancelButton - OnRefundPop-up' is clicked on

2022-02-14 15:33:55 - [TEST_STEP][PASSED] - delay(3): Delayed 3 second(s)

2022-02-14 15:33:58 - [MESSAGE][PASSED] - Delayed 3 second(s)

2022-02-14 15:33:58 - [TEST_STEP][PASSED] - takeScreenshot(): Taking screenshot successfully

2022-02-14 15:33:59 - [MESSAGE][PASSED] - Taking screenshot successfully
[[ATTACHMENT|/home/intersoft-admin/Rattan/Bash/Training/Rattan/Final_testing/New_ActivityOverview/Reports/20220214_115757/CancelOrder-CopiedURL/20220214_115826/1644833039084.png]]

2022-02-14 15:33:59 - [TEST_STEP][PASSED] - click(findTestObject("Object Repository/CancelAndRefund/CancelOrderButton")): Object: 'Object Repository/CancelAndRefund/CancelOrderButton' is clicked on

2022-02-14 15:34:02 - [MESSAGE][PASSED] - Object: 'Object Repository/CancelAndRefund/CancelOrderButton' is clicked on

2022-02-14 15:34:02 - [TEST_STEP][PASSED] - if (refundvalue < 4): null

2022-02-14 15:34:02 - [TEST_STEP][PASSED] - if (refundvalue <= 6 && refundvalue >= 4): null

2022-02-14 15:34:02 - [TEST_STEP][PASSED] - if (refundvalue > 6): Object 'Object Repository/CancelAndRefund/RefundOptionRadio' is not visible after 15 second(s)

2022-02-14 15:34:02 - [TEST_STEP][PASSED] - if (waitForElementVisible(findTestObject("Object Repository/CancelAndRefund/RefundOptionRadio"), 15) == true): Object 'Object Repository/CancelAndRefund/RefundOptionRadio' is not visible after 15 second(s)

2022-02-14 15:34:18 - [MESSAGE][WARNING] - Object 'Object Repository/CancelAndRefund/RefundOptionRadio' is not visible after 15 second(s)

2022-02-14 15:34:18 - [TEST_STEP][PASSED] - setText(findTestObject("Object Repository/CancelAndRefund/ReasonForCancellation"), CancellationReason): Text 'Order Refunded to Test Automation Testing Under Katalon' is set on object 'Object Repository/CancelAndRefund/ReasonForCancellation'

2022-02-14 15:34:24 - [MESSAGE][PASSED] - Text 'Order Refunded to Test Automation Testing Under Katalon' is set on object 'Object Repository/CancelAndRefund/ReasonForCancellation'

2022-02-14 15:34:24 - [TEST_STEP][PASSED] - click(findTestObject("Object Repository/CancelAndRefund/ConfirmCancellationButton")): Object: 'Object Repository/CancelAndRefund/ConfirmCancellationButton' is clicked on

2022-02-14 15:34:28 - [MESSAGE][PASSED] - Object: 'Object Repository/CancelAndRefund/ConfirmCancellationButton' is clicked on

2022-02-14 15:34:28 - [TEST_STEP][PASSED] - delay(3): Delayed 3 second(s)

2022-02-14 15:34:31 - [MESSAGE][PASSED] - Delayed 3 second(s)

2022-02-14 15:34:31 - [TEST_STEP][PASSED] - takeScreenshot(): Taking screenshot successfully

2022-02-14 15:34:31 - [MESSAGE][PASSED] - Taking screenshot successfully
[[ATTACHMENT|/home/intersoft-admin/Rattan/Bash/Training/Rattan/Final_testing/New_ActivityOverview/Reports/20220214_115757/CancelOrder-CopiedURL/20220214_115826/1644833071390.png]]

2022-02-14 15:34:31 - [MESSAGE][PASSED] - Call Test Case 'Test Cases/StepToReUse/ActivityOverview-CancelOrder' successfully

2022-02-14 15:34:31 - [TEST_STEP][PASSED] - switchToWindowIndex(0): Switched to window with index: '0'

2022-02-14 15:34:31 - [MESSAGE][PASSED] - Switched to window with index: '0'

2022-02-14 15:34:31 - [TEST_STEP][PASSED] - delay(13): Delayed 13 second(s)

2022-02-14 15:34:44 - [MESSAGE][PASSED] - Delayed 13 second(s)

2022-02-14 15:34:44 - [TEST_STEP][PASSED] - switchToFrame(findTestObject("Object Repository/Iframe/NewActivityOverviewIframe"), 5): null

2022-02-14 15:34:44 - [TEST_STEP][PASSED] - click(findTestObject("Object Repository/DetailPop-up/Backbutton/BackButtonToListing")): Object: 'Object Repository/DetailPop-up/Backbutton/BackButtonToListing' is clicked on

2022-02-14 15:34:48 - [MESSAGE][PASSED] - Object: 'Object Repository/DetailPop-up/Backbutton/BackButtonToListing' is clicked on

2022-02-14 15:34:48 - [TEST_STEP][PASSED] - delay(13): Delayed 13 second(s)

2022-02-14 15:35:01 - [MESSAGE][PASSED] - Delayed 13 second(s)

2022-02-14 15:35:01 - [TEST_STEP][PASSED] - if (l <= 5): null

2022-02-14 15:35:01 - [TEST_STEP][PASSED] - paginationvalue = l: null

2022-02-14 15:35:01 - [TEST_STEP][PASSED] - if (l > 5): null

2022-02-14 15:35:01 - [TEST_STEP][PASSED] - logInfo(Size of Pagination: $paginationvalue): Size of Pagination: 3

2022-02-14 15:35:01 - [MESSAGE][INFO] - Size of Pagination: 3

2022-02-14 15:35:01 - [TEST_STEP][PASSED] - click(findTestObject("Object Repository/PaginationCOunt/ClickOnPagination", ["pagination":paginationvalue])): Object: 'Object Repository/PaginationCOunt/ClickOnPagination' is clicked on

2022-02-14 15:35:04 - [MESSAGE][PASSED] - Object: 'Object Repository/PaginationCOunt/ClickOnPagination' is clicked on

2022-02-14 15:35:04 - [TEST_STEP][PASSED] - delay(20): Delayed 20 second(s)

2022-02-14 15:35:24 - [MESSAGE][PASSED] - Delayed 20 second(s)

2022-02-14 15:35:24 - [TEST_STEP][PASSED] - takeScreenshot(): Taking screenshot successfully

2022-02-14 15:35:24 - [MESSAGE][PASSED] - Taking screenshot successfully
[[ATTACHMENT|/home/intersoft-admin/Rattan/Bash/Training/Rattan/Final_testing/New_ActivityOverview/Reports/20220214_115757/CancelOrder-CopiedURL/20220214_115826/1644833124392.png]]

2022-02-14 15:35:24 - [TEST_STEP][PASSED] - SizeofActiveBookings = findWebElements(findTestObject("Object Repository/CancelAndRefund/OrderListWithoutRefundedStatus"), 5).size(): null

2022-02-14 15:35:24 - [TEST_STEP][PASSED] - logInfo(Size of Active Bookings: $SizeofActiveBookings): Size of Active Bookings: 74

2022-02-14 15:35:24 - [MESSAGE][INFO] - Size of Active Bookings: 74

2022-02-14 15:35:24 - [TEST_STEP][PASSED] - for ([refund = 1, refund < SizeofActiveBookings, (refund++)]): Call Test Case 'Test Cases/StepToReUse/ActivityOverview-CancelOrder' successfully

2022-02-14 15:35:24 - [TEST_STEP][PASSED] - if (refund == 1): null

2022-02-14 15:35:24 - [TEST_STEP][PASSED] - refund = SizeofActiveBookings: null

2022-02-14 15:35:24 - [TEST_STEP][PASSED] - refundvalue = refund: null

2022-02-14 15:35:24 - [TEST_STEP][PASSED] - logInfo(Size of refund booking: $refund): Size of refund booking: 74

2022-02-14 15:35:24 - [MESSAGE][INFO] - Size of refund booking: 74

2022-02-14 15:35:24 - [TEST_STEP][PASSED] - scrollToElement(findTestObject("Object Repository/CancelAndRefund/OrderListWithoutRefundedStatus - Click", ["position":refund]), 15): Scroll to object 'Object Repository/CancelAndRefund/OrderListWithoutRefundedStatus - Click' successfully

2022-02-14 15:35:24 - [MESSAGE][PASSED] - Scroll to object 'Object Repository/CancelAndRefund/OrderListWithoutRefundedStatus - Click' successfully

2022-02-14 15:35:24 - [TEST_STEP][PASSED] - takeScreenshot(): Taking screenshot successfully

2022-02-14 15:35:24 - [MESSAGE][PASSED] - Taking screenshot successfully
[[ATTACHMENT|/home/intersoft-admin/Rattan/Bash/Training/Rattan/Final_testing/New_ActivityOverview/Reports/20220214_115757/CancelOrder-CopiedURL/20220214_115826/1644833124682.png]]

2022-02-14 15:35:24 - [TEST_STEP][PASSED] - orderId = findWebElement(findTestObject("Object Repository/GetOrderID/GetOrderID", ["position":refund])).getAttribute("data-order_id"): null

2022-02-14 15:35:24 - [TEST_STEP][PASSED] - orderId = orderId: null

2022-02-14 15:35:24 - [TEST_STEP][PASSED] - logInfo(Order ID: $orderId): Order ID: 164441051823935

2022-02-14 15:35:24 - [MESSAGE][INFO] - Order ID: 164441051823935

2022-02-14 15:35:24 - [TEST_STEP][PASSED] - click(findTestObject("Object Repository/GetOrderID/GetOrderID", ["position":refund])): Object: 'Object Repository/GetOrderID/GetOrderID' is clicked on

2022-02-14 15:35:28 - [MESSAGE][PASSED] - Object: 'Object Repository/GetOrderID/GetOrderID' is clicked on

2022-02-14 15:35:28 - [TEST_STEP][PASSED] - delay(20): Delayed 20 second(s)

2022-02-14 15:35:48 - [MESSAGE][PASSED] - Delayed 20 second(s)

2022-02-14 15:35:48 - [TEST_STEP][PASSED] - takeScreenshot(): Taking screenshot successfully

2022-02-14 15:35:48 - [MESSAGE][PASSED] - Taking screenshot successfully
[[ATTACHMENT|/home/intersoft-admin/Rattan/Bash/Training/Rattan/Final_testing/New_ActivityOverview/Reports/20220214_115757/CancelOrder-CopiedURL/20220214_115826/1644833148056.png]]

2022-02-14 15:35:48 - [TEST_STEP][PASSED] - callTestCase(findTestCase("Test Cases/StepToReUse/StepTOCopyURLAndAddAnotherTab"), [:], CONTINUE_ON_FAILURE): Call Test Case 'Test Cases/StepToReUse/StepTOCopyURLAndAddAnotherTab' successfully

2022-02-14 15:35:48 - [TEST_CASE][PASSED] - Test Cases/StepToReUse/StepTOCopyURLAndAddAnotherTab: Test Cases/StepToReUse/StepTOCopyURLAndAddAnotherTab

2022-02-14 15:35:48 - [TEST_STEP][PASSED] - click(findTestObject("Object Repository/Header/Preview/ClickOnPreviewIcon")): Object: 'Object Repository/Header/Preview/ClickOnPreviewIcon' is clicked on

2022-02-14 15:35:51 - [MESSAGE][PASSED] - Object: 'Object Repository/Header/Preview/ClickOnPreviewIcon' is clicked on

2022-02-14 15:35:51 - [TEST_STEP][PASSED] - delay(10): Delayed 10 second(s)

2022-02-14 15:36:01 - [MESSAGE][PASSED] - Delayed 10 second(s)

2022-02-14 15:36:01 - [TEST_STEP][PASSED] - takeScreenshot(): Taking screenshot successfully

2022-02-14 15:36:01 - [MESSAGE][PASSED] - Taking screenshot successfully
[[ATTACHMENT|/home/intersoft-admin/Rattan/Bash/Training/Rattan/Final_testing/New_ActivityOverview/Reports/20220214_115757/CancelOrder-CopiedURL/20220214_115826/1644833161414.png]]

2022-02-14 15:36:01 - [TEST_STEP][PASSED] - click(findTestObject("Object Repository/Header/Preview/PrintVoucher")): Object: 'Object Repository/Header/Preview/PrintVoucher' is clicked on

2022-02-14 15:36:04 - [MESSAGE][PASSED] - Object: 'Object Repository/Header/Preview/PrintVoucher' is clicked on

2022-02-14 15:36:04 - [TEST_STEP][PASSED] - delay(10): Delayed 10 second(s)

2022-02-14 15:36:14 - [MESSAGE][PASSED] - Delayed 10 second(s)

2022-02-14 15:36:14 - [TEST_STEP][PASSED] - takeScreenshot(): Taking screenshot successfully

2022-02-14 15:36:14 - [MESSAGE][PASSED] - Taking screenshot successfully
[[ATTACHMENT|/home/intersoft-admin/Rattan/Bash/Training/Rattan/Final_testing/New_ActivityOverview/Reports/20220214_115757/CancelOrder-CopiedURL/20220214_115826/1644833174730.png]]

2022-02-14 15:36:14 - [TEST_STEP][PASSED] - UrlToClick = findWebElement(findTestObject("Object Repository/Header/CopyUrl/CopyUrl")).getAttribute("data-href_url"): null

2022-02-14 15:36:15 - [TEST_STEP][PASSED] - println(UrlToClick): null

2022-02-14 15:36:15 - [TEST_STEP][PASSED] - ActivityUrl = UrlToClick: null

2022-02-14 15:36:15 - [TEST_STEP][PASSED] - switchToWindowIndex(1): Switched to window with index: '1'

2022-02-14 15:36:15 - [MESSAGE][PASSED] - Switched to window with index: '1'

2022-02-14 15:36:15 - [TEST_STEP][PASSED] - delay(5): Delayed 5 second(s)

2022-02-14 15:36:20 - [MESSAGE][PASSED] - Delayed 5 second(s)

2022-02-14 15:36:20 - [TEST_STEP][PASSED] - navigateToUrl(ActivityUrl): Navigate to 'https://activity.test-prio.com/orders/164441051823935' successfully

2022-02-14 15:36:24 - [MESSAGE][PASSED] - Navigate to 'https://activity.test-prio.com/orders/164441051823935' successfully

2022-02-14 15:36:24 - [TEST_STEP][PASSED] - takeScreenshot(): Taking screenshot successfully

2022-02-14 15:36:24 - [MESSAGE][PASSED] - Taking screenshot successfully
[[ATTACHMENT|/home/intersoft-admin/Rattan/Bash/Training/Rattan/Final_testing/New_ActivityOverview/Reports/20220214_115757/CancelOrder-CopiedURL/20220214_115826/1644833184864.png]]

2022-02-14 15:36:24 - [TEST_STEP][PASSED] - switchToDefaultContent(): null

2022-02-14 15:36:24 - [MESSAGE][PASSED] - Call Test Case 'Test Cases/StepToReUse/StepTOCopyURLAndAddAnotherTab' successfully

2022-02-14 15:36:24 - [TEST_STEP][PASSED] - callTestCase(findTestCase("Test Cases/StepToReUse/ActivityOverview-CancelOrder"), [:], CONTINUE_ON_FAILURE): Call Test Case 'Test Cases/StepToReUse/ActivityOverview-CancelOrder' successfully

2022-02-14 15:36:25 - [TEST_CASE][PASSED] - Test Cases/StepToReUse/ActivityOverview-CancelOrder: Test Cases/StepToReUse/ActivityOverview-CancelOrder

2022-02-14 15:36:25 - [TEST_STEP][PASSED] - logInfo(Refund Value: $GlobalVariable.refundvalue): Refund Value: 74

2022-02-14 15:36:25 - [MESSAGE][INFO] - Refund Value: 74

2022-02-14 15:36:25 - [TEST_STEP][PASSED] - if (waitForElementClickable(findTestObject("Object Repository/CancelAndRefund/CancelOrderButton"), 15) == true): Taking screenshot successfully

2022-02-14 15:36:25 - [MESSAGE][PASSED] - Object 'Object Repository/CancelAndRefund/CancelOrderButton' is clickable

2022-02-14 15:36:25 - [TEST_STEP][PASSED] - scrollToElement(findTestObject("Object Repository/CancelAndRefund/CancelOrderButton"), 15): Scroll to object 'Object Repository/CancelAndRefund/CancelOrderButton' successfully

2022-02-14 15:36:25 - [MESSAGE][PASSED] - Scroll to object 'Object Repository/CancelAndRefund/CancelOrderButton' successfully

2022-02-14 15:36:25 - [TEST_STEP][PASSED] - click(findTestObject("Object Repository/CancelAndRefund/CancelOrderButton")): Object: 'Object Repository/CancelAndRefund/CancelOrderButton' is clicked on

2022-02-14 15:36:29 - [MESSAGE][PASSED] - Object: 'Object Repository/CancelAndRefund/CancelOrderButton' is clicked on

2022-02-14 15:36:29 - [TEST_STEP][PASSED] - delay(3): Delayed 3 second(s)

2022-02-14 15:36:32 - [MESSAGE][PASSED] - Delayed 3 second(s)

2022-02-14 15:36:32 - [TEST_STEP][PASSED] - takeScreenshot(): Taking screenshot successfully

2022-02-14 15:36:32 - [MESSAGE][PASSED] - Taking screenshot successfully
[[ATTACHMENT|/home/intersoft-admin/Rattan/Bash/Training/Rattan/Final_testing/New_ActivityOverview/Reports/20220214_115757/CancelOrder-CopiedURL/20220214_115826/1644833192220.png]]

2022-02-14 15:36:32 - [TEST_STEP][PASSED] - if (waitForElementClickable(findTestObject("Object Repository/CancelAndRefund/CancelButton - OnRefundPop-up"), 15) == true): Taking screenshot successfully

2022-02-14 15:36:32 - [MESSAGE][PASSED] - Object 'Object Repository/CancelAndRefund/CancelButton - OnRefundPop-up' is clickable

2022-02-14 15:36:32 - [TEST_STEP][PASSED] - click(findTestObject("Object Repository/CancelAndRefund/CancelButton - OnRefundPop-up")): Object: 'Object Repository/CancelAndRefund/CancelButton - OnRefundPop-up' is clicked on

2022-02-14 15:36:35 - [MESSAGE][PASSED] - Object: 'Object Repository/CancelAndRefund/CancelButton - OnRefundPop-up' is clicked on

2022-02-14 15:36:35 - [TEST_STEP][PASSED] - delay(3): Delayed 3 second(s)

2022-02-14 15:36:38 - [MESSAGE][PASSED] - Delayed 3 second(s)

2022-02-14 15:36:38 - [TEST_STEP][PASSED] - takeScreenshot(): Taking screenshot successfully

2022-02-14 15:36:39 - [MESSAGE][PASSED] - Taking screenshot successfully
[[ATTACHMENT|/home/intersoft-admin/Rattan/Bash/Training/Rattan/Final_testing/New_ActivityOverview/Reports/20220214_115757/CancelOrder-CopiedURL/20220214_115826/1644833199214.png]]

2022-02-14 15:36:39 - [TEST_STEP][PASSED] - click(findTestObject("Object Repository/CancelAndRefund/CancelOrderButton")): Object: 'Object Repository/CancelAndRefund/CancelOrderButton' is clicked on

2022-02-14 15:36:42 - [MESSAGE][PASSED] - Object: 'Object Repository/CancelAndRefund/CancelOrderButton' is clicked on

2022-02-14 15:36:42 - [TEST_STEP][PASSED] - if (refundvalue < 4): null

2022-02-14 15:36:42 - [TEST_STEP][PASSED] - if (refundvalue <= 6 && refundvalue >= 4): null

2022-02-14 15:36:42 - [TEST_STEP][PASSED] - if (refundvalue > 6): Object 'Object Repository/CancelAndRefund/RefundOptionRadio' is not visible after 15 second(s)

2022-02-14 15:36:42 - [TEST_STEP][PASSED] - if (waitForElementVisible(findTestObject("Object Repository/CancelAndRefund/RefundOptionRadio"), 15) == true): Object 'Object Repository/CancelAndRefund/RefundOptionRadio' is not visible after 15 second(s)

2022-02-14 15:36:58 - [MESSAGE][WARNING] - Object 'Object Repository/CancelAndRefund/RefundOptionRadio' is not visible after 15 second(s)

2022-02-14 15:36:58 - [TEST_STEP][PASSED] - setText(findTestObject("Object Repository/CancelAndRefund/ReasonForCancellation"), CancellationReason): Text 'Order Refunded to Test Automation Testing Under Katalon' is set on object 'Object Repository/CancelAndRefund/ReasonForCancellation'

2022-02-14 15:37:05 - [MESSAGE][PASSED] - Text 'Order Refunded to Test Automation Testing Under Katalon' is set on object 'Object Repository/CancelAndRefund/ReasonForCancellation'

2022-02-14 15:37:05 - [TEST_STEP][PASSED] - click(findTestObject("Object Repository/CancelAndRefund/ConfirmCancellationButton")): Object: 'Object Repository/CancelAndRefund/ConfirmCancellationButton' is clicked on

2022-02-14 15:37:08 - [MESSAGE][PASSED] - Object: 'Object Repository/CancelAndRefund/ConfirmCancellationButton' is clicked on

2022-02-14 15:37:08 - [TEST_STEP][PASSED] - delay(3): Delayed 3 second(s)

2022-02-14 15:37:11 - [MESSAGE][PASSED] - Delayed 3 second(s)

2022-02-14 15:37:11 - [TEST_STEP][PASSED] - takeScreenshot(): Taking screenshot successfully

2022-02-14 15:37:11 - [MESSAGE][PASSED] - Taking screenshot successfully
[[ATTACHMENT|/home/intersoft-admin/Rattan/Bash/Training/Rattan/Final_testing/New_ActivityOverview/Reports/20220214_115757/CancelOrder-CopiedURL/20220214_115826/1644833231575.png]]

2022-02-14 15:37:11 - [MESSAGE][PASSED] - Call Test Case 'Test Cases/StepToReUse/ActivityOverview-CancelOrder' successfully

2022-02-14 15:37:11 - [TEST_STEP][PASSED] - switchToWindowIndex(0): Switched to window with index: '0'

2022-02-14 15:37:11 - [MESSAGE][PASSED] - Switched to window with index: '0'

2022-02-14 15:37:11 - [TEST_STEP][PASSED] - delay(13): Delayed 13 second(s)

2022-02-14 15:37:24 - [MESSAGE][PASSED] - Delayed 13 second(s)

2022-02-14 15:37:24 - [TEST_STEP][PASSED] - switchToFrame(findTestObject("Object Repository/Iframe/NewActivityOverviewIframe"), 5): null

2022-02-14 15:37:25 - [TEST_STEP][PASSED] - click(findTestObject("Object Repository/DetailPop-up/Backbutton/BackButtonToListing")): Object: 'Object Repository/DetailPop-up/Backbutton/BackButtonToListing' is clicked on

2022-02-14 15:37:28 - [MESSAGE][PASSED] - Object: 'Object Repository/DetailPop-up/Backbutton/BackButtonToListing' is clicked on

2022-02-14 15:37:28 - [TEST_STEP][PASSED] - delay(13): Delayed 13 second(s)

2022-02-14 15:37:41 - [MESSAGE][PASSED] - Delayed 13 second(s)

2022-02-14 15:37:41 - [TEST_STEP][PASSED] - if (l <= 5): null

2022-02-14 15:37:41 - [TEST_STEP][PASSED] - paginationvalue = l: null

2022-02-14 15:37:41 - [TEST_STEP][PASSED] - if (l > 5): null

2022-02-14 15:37:41 - [TEST_STEP][PASSED] - logInfo(Size of Pagination: $paginationvalue): Size of Pagination: 4

2022-02-14 15:37:41 - [MESSAGE][INFO] - Size of Pagination: 4

2022-02-14 15:37:41 - [TEST_STEP][PASSED] - click(findTestObject("Object Repository/PaginationCOunt/ClickOnPagination", ["pagination":paginationvalue])): Object: 'Object Repository/PaginationCOunt/ClickOnPagination' is clicked on

2022-02-14 15:37:44 - [MESSAGE][PASSED] - Object: 'Object Repository/PaginationCOunt/ClickOnPagination' is clicked on

2022-02-14 15:37:44 - [TEST_STEP][PASSED] - delay(20): Delayed 20 second(s)

2022-02-14 15:38:04 - [MESSAGE][PASSED] - Delayed 20 second(s)

2022-02-14 15:38:04 - [TEST_STEP][PASSED] - takeScreenshot(): Taking screenshot successfully

2022-02-14 15:38:04 - [MESSAGE][PASSED] - Taking screenshot successfully
[[ATTACHMENT|/home/intersoft-admin/Rattan/Bash/Training/Rattan/Final_testing/New_ActivityOverview/Reports/20220214_115757/CancelOrder-CopiedURL/20220214_115826/1644833284632.png]]

2022-02-14 15:38:04 - [TEST_STEP][PASSED] - SizeofActiveBookings = findWebElements(findTestObject("Object Repository/CancelAndRefund/OrderListWithoutRefundedStatus"), 5).size(): null

2022-02-14 15:38:04 - [TEST_STEP][PASSED] - logInfo(Size of Active Bookings: $SizeofActiveBookings): Size of Active Bookings: 78

2022-02-14 15:38:04 - [MESSAGE][INFO] - Size of Active Bookings: 78

2022-02-14 15:38:04 - [TEST_STEP][PASSED] - for ([refund = 1, refund < SizeofActiveBookings, (refund++)]): Call Test Case 'Test Cases/StepToReUse/ActivityOverview-CancelOrder' successfully

2022-02-14 15:38:04 - [TEST_STEP][PASSED] - if (refund == 1): null

2022-02-14 15:38:04 - [TEST_STEP][PASSED] - refund = SizeofActiveBookings: null

2022-02-14 15:38:04 - [TEST_STEP][PASSED] - refundvalue = refund: null

2022-02-14 15:38:04 - [TEST_STEP][PASSED] - logInfo(Size of refund booking: $refund): Size of refund booking: 78

2022-02-14 15:38:04 - [MESSAGE][INFO] - Size of refund booking: 78

2022-02-14 15:38:04 - [TEST_STEP][PASSED] - scrollToElement(findTestObject("Object Repository/CancelAndRefund/OrderListWithoutRefundedStatus - Click", ["position":refund]), 15): Scroll to object 'Object Repository/CancelAndRefund/OrderListWithoutRefundedStatus - Click' successfully

2022-02-14 15:38:04 - [MESSAGE][PASSED] - Scroll to object 'Object Repository/CancelAndRefund/OrderListWithoutRefundedStatus - Click' successfully

2022-02-14 15:38:04 - [TEST_STEP][PASSED] - takeScreenshot(): Taking screenshot successfully

2022-02-14 15:38:05 - [MESSAGE][PASSED] - Taking screenshot successfully
[[ATTACHMENT|/home/intersoft-admin/Rattan/Bash/Training/Rattan/Final_testing/New_ActivityOverview/Reports/20220214_115757/CancelOrder-CopiedURL/20220214_115826/1644833284898.png]]

2022-02-14 15:38:05 - [TEST_STEP][PASSED] - orderId = findWebElement(findTestObject("Object Repository/GetOrderID/GetOrderID", ["position":refund])).getAttribute("data-order_id"): null

2022-02-14 15:38:05 - [TEST_STEP][PASSED] - orderId = orderId: null

2022-02-14 15:38:05 - [TEST_STEP][PASSED] - logInfo(Order ID: $orderId): Order ID: 164431915560802

2022-02-14 15:38:05 - [MESSAGE][INFO] - Order ID: 164431915560802

2022-02-14 15:38:05 - [TEST_STEP][PASSED] - click(findTestObject("Object Repository/GetOrderID/GetOrderID", ["position":refund])): Object: 'Object Repository/GetOrderID/GetOrderID' is clicked on

2022-02-14 15:38:08 - [MESSAGE][PASSED] - Object: 'Object Repository/GetOrderID/GetOrderID' is clicked on

2022-02-14 15:38:08 - [TEST_STEP][PASSED] - delay(20): Delayed 20 second(s)

2022-02-14 15:38:28 - [MESSAGE][PASSED] - Delayed 20 second(s)

2022-02-14 15:38:28 - [TEST_STEP][PASSED] - takeScreenshot(): Taking screenshot successfully

2022-02-14 15:38:28 - [MESSAGE][PASSED] - Taking screenshot successfully
[[ATTACHMENT|/home/intersoft-admin/Rattan/Bash/Training/Rattan/Final_testing/New_ActivityOverview/Reports/20220214_115757/CancelOrder-CopiedURL/20220214_115826/1644833308268.png]]

2022-02-14 15:38:28 - [TEST_STEP][PASSED] - callTestCase(findTestCase("Test Cases/StepToReUse/StepTOCopyURLAndAddAnotherTab"), [:], CONTINUE_ON_FAILURE): Call Test Case 'Test Cases/StepToReUse/StepTOCopyURLAndAddAnotherTab' successfully

2022-02-14 15:38:28 - [TEST_CASE][PASSED] - Test Cases/StepToReUse/StepTOCopyURLAndAddAnotherTab: Test Cases/StepToReUse/StepTOCopyURLAndAddAnotherTab

2022-02-14 15:38:28 - [TEST_STEP][PASSED] - click(findTestObject("Object Repository/Header/Preview/ClickOnPreviewIcon")): Object: 'Object Repository/Header/Preview/ClickOnPreviewIcon' is clicked on

2022-02-14 15:38:31 - [MESSAGE][PASSED] - Object: 'Object Repository/Header/Preview/ClickOnPreviewIcon' is clicked on

2022-02-14 15:38:31 - [TEST_STEP][PASSED] - delay(10): Delayed 10 second(s)

2022-02-14 15:38:41 - [MESSAGE][PASSED] - Delayed 10 second(s)

2022-02-14 15:38:41 - [TEST_STEP][PASSED] - takeScreenshot(): Taking screenshot successfully

2022-02-14 15:38:41 - [MESSAGE][PASSED] - Taking screenshot successfully
[[ATTACHMENT|/home/intersoft-admin/Rattan/Bash/Training/Rattan/Final_testing/New_ActivityOverview/Reports/20220214_115757/CancelOrder-CopiedURL/20220214_115826/1644833321660.png]]

2022-02-14 15:38:41 - [TEST_STEP][PASSED] - click(findTestObject("Object Repository/Header/Preview/PrintVoucher")): Object: 'Object Repository/Header/Preview/PrintVoucher' is clicked on

2022-02-14 15:38:44 - [MESSAGE][PASSED] - Object: 'Object Repository/Header/Preview/PrintVoucher' is clicked on

2022-02-14 15:38:44 - [TEST_STEP][PASSED] - delay(10): Delayed 10 second(s)

2022-02-14 15:38:54 - [MESSAGE][PASSED] - Delayed 10 second(s)

2022-02-14 15:38:54 - [TEST_STEP][PASSED] - takeScreenshot(): Taking screenshot successfully

2022-02-14 15:38:55 - [MESSAGE][PASSED] - Taking screenshot successfully
[[ATTACHMENT|/home/intersoft-admin/Rattan/Bash/Training/Rattan/Final_testing/New_ActivityOverview/Reports/20220214_115757/CancelOrder-CopiedURL/20220214_115826/1644833334972.png]]

2022-02-14 15:38:55 - [TEST_STEP][PASSED] - UrlToClick = findWebElement(findTestObject("Object Repository/Header/CopyUrl/CopyUrl")).getAttribute("data-href_url"): null

2022-02-14 15:38:55 - [TEST_STEP][PASSED] - println(UrlToClick): null

2022-02-14 15:38:55 - [TEST_STEP][PASSED] - ActivityUrl = UrlToClick: null

2022-02-14 15:38:55 - [TEST_STEP][PASSED] - switchToWindowIndex(1): Switched to window with index: '1'

2022-02-14 15:38:55 - [MESSAGE][PASSED] - Switched to window with index: '1'

2022-02-14 15:38:55 - [TEST_STEP][PASSED] - delay(5): Delayed 5 second(s)

2022-02-14 15:39:00 - [MESSAGE][PASSED] - Delayed 5 second(s)

2022-02-14 15:39:00 - [TEST_STEP][PASSED] - navigateToUrl(ActivityUrl): Navigate to 'https://activity.test-prio.com/orders/164431915560802' successfully

2022-02-14 15:39:04 - [MESSAGE][PASSED] - Navigate to 'https://activity.test-prio.com/orders/164431915560802' successfully

2022-02-14 15:39:04 - [TEST_STEP][PASSED] - takeScreenshot(): Taking screenshot successfully

2022-02-14 15:39:05 - [MESSAGE][PASSED] - Taking screenshot successfully
[[ATTACHMENT|/home/intersoft-admin/Rattan/Bash/Training/Rattan/Final_testing/New_ActivityOverview/Reports/20220214_115757/CancelOrder-CopiedURL/20220214_115826/1644833345072.png]]

2022-02-14 15:39:05 - [TEST_STEP][PASSED] - switchToDefaultContent(): null

2022-02-14 15:39:05 - [MESSAGE][PASSED] - Call Test Case 'Test Cases/StepToReUse/StepTOCopyURLAndAddAnotherTab' successfully

2022-02-14 15:39:05 - [TEST_STEP][PASSED] - callTestCase(findTestCase("Test Cases/StepToReUse/ActivityOverview-CancelOrder"), [:], CONTINUE_ON_FAILURE): Call Test Case 'Test Cases/StepToReUse/ActivityOverview-CancelOrder' successfully

2022-02-14 15:39:05 - [TEST_CASE][PASSED] - Test Cases/StepToReUse/ActivityOverview-CancelOrder: Test Cases/StepToReUse/ActivityOverview-CancelOrder

2022-02-14 15:39:05 - [TEST_STEP][PASSED] - logInfo(Refund Value: $GlobalVariable.refundvalue): Refund Value: 78

2022-02-14 15:39:05 - [MESSAGE][INFO] - Refund Value: 78

2022-02-14 15:39:05 - [TEST_STEP][PASSED] - if (waitForElementClickable(findTestObject("Object Repository/CancelAndRefund/CancelOrderButton"), 15) == true): Taking screenshot successfully

2022-02-14 15:39:05 - [MESSAGE][PASSED] - Object 'Object Repository/CancelAndRefund/CancelOrderButton' is clickable

2022-02-14 15:39:05 - [TEST_STEP][PASSED] - scrollToElement(findTestObject("Object Repository/CancelAndRefund/CancelOrderButton"), 15): Scroll to object 'Object Repository/CancelAndRefund/CancelOrderButton' successfully

2022-02-14 15:39:05 - [MESSAGE][PASSED] - Scroll to object 'Object Repository/CancelAndRefund/CancelOrderButton' successfully

2022-02-14 15:39:05 - [TEST_STEP][PASSED] - click(findTestObject("Object Repository/CancelAndRefund/CancelOrderButton")): Object: 'Object Repository/CancelAndRefund/CancelOrderButton' is clicked on

2022-02-14 15:39:09 - [MESSAGE][PASSED] - Object: 'Object Repository/CancelAndRefund/CancelOrderButton' is clicked on

2022-02-14 15:39:09 - [TEST_STEP][PASSED] - delay(3): Delayed 3 second(s)

2022-02-14 15:39:12 - [MESSAGE][PASSED] - Delayed 3 second(s)

2022-02-14 15:39:12 - [TEST_STEP][PASSED] - takeScreenshot(): Taking screenshot successfully

2022-02-14 15:39:12 - [MESSAGE][PASSED] - Taking screenshot successfully
[[ATTACHMENT|/home/intersoft-admin/Rattan/Bash/Training/Rattan/Final_testing/New_ActivityOverview/Reports/20220214_115757/CancelOrder-CopiedURL/20220214_115826/1644833352419.png]]

2022-02-14 15:39:12 - [TEST_STEP][PASSED] - if (waitForElementClickable(findTestObject("Object Repository/CancelAndRefund/CancelButton - OnRefundPop-up"), 15) == true): Taking screenshot successfully

2022-02-14 15:39:12 - [MESSAGE][PASSED] - Object 'Object Repository/CancelAndRefund/CancelButton - OnRefundPop-up' is clickable

2022-02-14 15:39:12 - [TEST_STEP][PASSED] - click(findTestObject("Object Repository/CancelAndRefund/CancelButton - OnRefundPop-up")): Object: 'Object Repository/CancelAndRefund/CancelButton - OnRefundPop-up' is clicked on

2022-02-14 15:39:16 - [MESSAGE][PASSED] - Object: 'Object Repository/CancelAndRefund/CancelButton - OnRefundPop-up' is clicked on

2022-02-14 15:39:16 - [TEST_STEP][PASSED] - delay(3): Delayed 3 second(s)

2022-02-14 15:39:19 - [MESSAGE][PASSED] - Delayed 3 second(s)

2022-02-14 15:39:19 - [TEST_STEP][PASSED] - takeScreenshot(): Taking screenshot successfully

2022-02-14 15:39:19 - [MESSAGE][PASSED] - Taking screenshot successfully
[[ATTACHMENT|/home/intersoft-admin/Rattan/Bash/Training/Rattan/Final_testing/New_ActivityOverview/Reports/20220214_115757/CancelOrder-CopiedURL/20220214_115826/1644833359315.png]]

2022-02-14 15:39:19 - [TEST_STEP][PASSED] - click(findTestObject("Object Repository/CancelAndRefund/CancelOrderButton")): Object: 'Object Repository/CancelAndRefund/CancelOrderButton' is clicked on

2022-02-14 15:39:22 - [MESSAGE][PASSED] - Object: 'Object Repository/CancelAndRefund/CancelOrderButton' is clicked on

2022-02-14 15:39:22 - [TEST_STEP][PASSED] - if (refundvalue < 4): null

2022-02-14 15:39:22 - [TEST_STEP][PASSED] - if (refundvalue <= 6 && refundvalue >= 4): null

2022-02-14 15:39:22 - [TEST_STEP][PASSED] - if (refundvalue > 6): Object 'Object Repository/CancelAndRefund/RefundOptionRadio' is not visible after 15 second(s)

2022-02-14 15:39:22 - [TEST_STEP][PASSED] - if (waitForElementVisible(findTestObject("Object Repository/CancelAndRefund/RefundOptionRadio"), 15) == true): Object 'Object Repository/CancelAndRefund/RefundOptionRadio' is not visible after 15 second(s)

2022-02-14 15:39:38 - [MESSAGE][WARNING] - Object 'Object Repository/CancelAndRefund/RefundOptionRadio' is not visible after 15 second(s)

2022-02-14 15:39:38 - [TEST_STEP][PASSED] - setText(findTestObject("Object Repository/CancelAndRefund/ReasonForCancellation"), CancellationReason): Text 'Order Refunded to Test Automation Testing Under Katalon' is set on object 'Object Repository/CancelAndRefund/ReasonForCancellation'

2022-02-14 15:39:45 - [MESSAGE][PASSED] - Text 'Order Refunded to Test Automation Testing Under Katalon' is set on object 'Object Repository/CancelAndRefund/ReasonForCancellation'

2022-02-14 15:39:45 - [TEST_STEP][PASSED] - click(findTestObject("Object Repository/CancelAndRefund/ConfirmCancellationButton")): Object: 'Object Repository/CancelAndRefund/ConfirmCancellationButton' is clicked on

2022-02-14 15:39:48 - [MESSAGE][PASSED] - Object: 'Object Repository/CancelAndRefund/ConfirmCancellationButton' is clicked on

2022-02-14 15:39:48 - [TEST_STEP][PASSED] - delay(3): Delayed 3 second(s)

2022-02-14 15:39:51 - [MESSAGE][PASSED] - Delayed 3 second(s)

2022-02-14 15:39:51 - [TEST_STEP][PASSED] - takeScreenshot(): Taking screenshot successfully

2022-02-14 15:39:51 - [MESSAGE][PASSED] - Taking screenshot successfully
[[ATTACHMENT|/home/intersoft-admin/Rattan/Bash/Training/Rattan/Final_testing/New_ActivityOverview/Reports/20220214_115757/CancelOrder-CopiedURL/20220214_115826/1644833391601.png]]

2022-02-14 15:39:51 - [MESSAGE][PASSED] - Call Test Case 'Test Cases/StepToReUse/ActivityOverview-CancelOrder' successfully

2022-02-14 15:39:51 - [TEST_STEP][PASSED] - switchToWindowIndex(0): Switched to window with index: '0'

2022-02-14 15:39:51 - [MESSAGE][PASSED] - Switched to window with index: '0'

2022-02-14 15:39:51 - [TEST_STEP][PASSED] - delay(13): Delayed 13 second(s)

2022-02-14 15:40:04 - [MESSAGE][PASSED] - Delayed 13 second(s)

2022-02-14 15:40:04 - [TEST_STEP][PASSED] - switchToFrame(findTestObject("Object Repository/Iframe/NewActivityOverviewIframe"), 5): null

2022-02-14 15:40:05 - [TEST_STEP][PASSED] - click(findTestObject("Object Repository/DetailPop-up/Backbutton/BackButtonToListing")): Object: 'Object Repository/DetailPop-up/Backbutton/BackButtonToListing' is clicked on

2022-02-14 15:40:08 - [MESSAGE][PASSED] - Object: 'Object Repository/DetailPop-up/Backbutton/BackButtonToListing' is clicked on

2022-02-14 15:40:08 - [TEST_STEP][PASSED] - delay(13): Delayed 13 second(s)

2022-02-14 15:40:21 - [MESSAGE][PASSED] - Delayed 13 second(s)

2022-02-14 15:40:21 - [TEST_STEP][PASSED] - if (l <= 5): null

2022-02-14 15:40:21 - [TEST_STEP][PASSED] - paginationvalue = l: null

2022-02-14 15:40:21 - [TEST_STEP][PASSED] - if (l > 5): null

2022-02-14 15:40:21 - [TEST_STEP][PASSED] - logInfo(Size of Pagination: $paginationvalue): Size of Pagination: 5

2022-02-14 15:40:21 - [MESSAGE][INFO] - Size of Pagination: 5

2022-02-14 15:40:21 - [TEST_STEP][PASSED] - click(findTestObject("Object Repository/PaginationCOunt/ClickOnPagination", ["pagination":paginationvalue])): Object: 'Object Repository/PaginationCOunt/ClickOnPagination' is clicked on

2022-02-14 15:40:24 - [MESSAGE][PASSED] - Object: 'Object Repository/PaginationCOunt/ClickOnPagination' is clicked on

2022-02-14 15:40:24 - [TEST_STEP][PASSED] - delay(20): Delayed 20 second(s)

2022-02-14 15:40:44 - [MESSAGE][PASSED] - Delayed 20 second(s)

2022-02-14 15:40:44 - [TEST_STEP][PASSED] - takeScreenshot(): Taking screenshot successfully

2022-02-14 15:40:44 - [MESSAGE][PASSED] - Taking screenshot successfully
[[ATTACHMENT|/home/intersoft-admin/Rattan/Bash/Training/Rattan/Final_testing/New_ActivityOverview/Reports/20220214_115757/CancelOrder-CopiedURL/20220214_115826/1644833444588.png]]

2022-02-14 15:40:44 - [TEST_STEP][PASSED] - SizeofActiveBookings = findWebElements(findTestObject("Object Repository/CancelAndRefund/OrderListWithoutRefundedStatus"), 5).size(): null

2022-02-14 15:40:44 - [TEST_STEP][PASSED] - logInfo(Size of Active Bookings: $SizeofActiveBookings): Size of Active Bookings: 94

2022-02-14 15:40:44 - [MESSAGE][INFO] - Size of Active Bookings: 94

2022-02-14 15:40:44 - [TEST_STEP][PASSED] - for ([refund = 1, refund < SizeofActiveBookings, (refund++)]): Call Test Case 'Test Cases/StepToReUse/ActivityOverview-CancelOrder' successfully

2022-02-14 15:40:44 - [TEST_STEP][PASSED] - if (refund == 1): null

2022-02-14 15:40:44 - [TEST_STEP][PASSED] - refund = SizeofActiveBookings: null

2022-02-14 15:40:44 - [TEST_STEP][PASSED] - refundvalue = refund: null

2022-02-14 15:40:44 - [TEST_STEP][PASSED] - logInfo(Size of refund booking: $refund): Size of refund booking: 94

2022-02-14 15:40:44 - [MESSAGE][INFO] - Size of refund booking: 94

2022-02-14 15:40:44 - [TEST_STEP][PASSED] - scrollToElement(findTestObject("Object Repository/CancelAndRefund/OrderListWithoutRefundedStatus - Click", ["position":refund]), 15): Scroll to object 'Object Repository/CancelAndRefund/OrderListWithoutRefundedStatus - Click' successfully

2022-02-14 15:40:44 - [MESSAGE][PASSED] - Scroll to object 'Object Repository/CancelAndRefund/OrderListWithoutRefundedStatus - Click' successfully

2022-02-14 15:40:44 - [TEST_STEP][PASSED] - takeScreenshot(): Taking screenshot successfully

2022-02-14 15:40:44 - [MESSAGE][PASSED] - Taking screenshot successfully
[[ATTACHMENT|/home/intersoft-admin/Rattan/Bash/Training/Rattan/Final_testing/New_ActivityOverview/Reports/20220214_115757/CancelOrder-CopiedURL/20220214_115826/1644833444872.png]]

2022-02-14 15:40:44 - [TEST_STEP][PASSED] - orderId = findWebElement(findTestObject("Object Repository/GetOrderID/GetOrderID", ["position":refund])).getAttribute("data-order_id"): null

2022-02-14 15:40:45 - [TEST_STEP][PASSED] - orderId = orderId: null

2022-02-14 15:40:45 - [TEST_STEP][PASSED] - logInfo(Order ID: $orderId): Order ID: 164422785406716

2022-02-14 15:40:45 - [MESSAGE][INFO] - Order ID: 164422785406716

2022-02-14 15:40:45 - [TEST_STEP][PASSED] - click(findTestObject("Object Repository/GetOrderID/GetOrderID", ["position":refund])): Object: 'Object Repository/GetOrderID/GetOrderID' is clicked on

2022-02-14 15:40:48 - [MESSAGE][PASSED] - Object: 'Object Repository/GetOrderID/GetOrderID' is clicked on

2022-02-14 15:40:48 - [TEST_STEP][PASSED] - delay(20): Delayed 20 second(s)

2022-02-14 15:41:08 - [MESSAGE][PASSED] - Delayed 20 second(s)

2022-02-14 15:41:08 - [TEST_STEP][PASSED] - takeScreenshot(): Taking screenshot successfully

2022-02-14 15:41:08 - [MESSAGE][PASSED] - Taking screenshot successfully
[[ATTACHMENT|/home/intersoft-admin/Rattan/Bash/Training/Rattan/Final_testing/New_ActivityOverview/Reports/20220214_115757/CancelOrder-CopiedURL/20220214_115826/1644833468221.png]]

2022-02-14 15:41:08 - [TEST_STEP][PASSED] - callTestCase(findTestCase("Test Cases/StepToReUse/StepTOCopyURLAndAddAnotherTab"), [:], CONTINUE_ON_FAILURE): Call Test Case 'Test Cases/StepToReUse/StepTOCopyURLAndAddAnotherTab' successfully

2022-02-14 15:41:08 - [TEST_CASE][PASSED] - Test Cases/StepToReUse/StepTOCopyURLAndAddAnotherTab: Test Cases/StepToReUse/StepTOCopyURLAndAddAnotherTab

2022-02-14 15:41:08 - [TEST_STEP][PASSED] - click(findTestObject("Object Repository/Header/Preview/ClickOnPreviewIcon")): Object: 'Object Repository/Header/Preview/ClickOnPreviewIcon' is clicked on

2022-02-14 15:41:11 - [MESSAGE][PASSED] - Object: 'Object Repository/Header/Preview/ClickOnPreviewIcon' is clicked on

2022-02-14 15:41:11 - [TEST_STEP][PASSED] - delay(10): Delayed 10 second(s)

2022-02-14 15:41:21 - [MESSAGE][PASSED] - Delayed 10 second(s)

2022-02-14 15:41:21 - [TEST_STEP][PASSED] - takeScreenshot(): Taking screenshot successfully

2022-02-14 15:41:21 - [MESSAGE][PASSED] - Taking screenshot successfully
[[ATTACHMENT|/home/intersoft-admin/Rattan/Bash/Training/Rattan/Final_testing/New_ActivityOverview/Reports/20220214_115757/CancelOrder-CopiedURL/20220214_115826/1644833481574.png]]

2022-02-14 15:41:21 - [TEST_STEP][PASSED] - click(findTestObject("Object Repository/Header/Preview/PrintVoucher")): Object: 'Object Repository/Header/Preview/PrintVoucher' is clicked on

2022-02-14 15:41:24 - [MESSAGE][PASSED] - Object: 'Object Repository/Header/Preview/PrintVoucher' is clicked on

2022-02-14 15:41:24 - [TEST_STEP][PASSED] - delay(10): Delayed 10 second(s)

2022-02-14 15:41:34 - [MESSAGE][PASSED] - Delayed 10 second(s)

2022-02-14 15:41:34 - [TEST_STEP][PASSED] - takeScreenshot(): Taking screenshot successfully

2022-02-14 15:41:35 - [MESSAGE][PASSED] - Taking screenshot successfully
[[ATTACHMENT|/home/intersoft-admin/Rattan/Bash/Training/Rattan/Final_testing/New_ActivityOverview/Reports/20220214_115757/CancelOrder-CopiedURL/20220214_115826/1644833494882.png]]

2022-02-14 15:41:35 - [TEST_STEP][PASSED] - UrlToClick = findWebElement(findTestObject("Object Repository/Header/CopyUrl/CopyUrl")).getAttribute("data-href_url"): null

2022-02-14 15:41:35 - [TEST_STEP][PASSED] - println(UrlToClick): null

2022-02-14 15:41:35 - [TEST_STEP][PASSED] - ActivityUrl = UrlToClick: null

2022-02-14 15:41:35 - [TEST_STEP][PASSED] - switchToWindowIndex(1): Switched to window with index: '1'

2022-02-14 15:41:35 - [MESSAGE][PASSED] - Switched to window with index: '1'

2022-02-14 15:41:35 - [TEST_STEP][PASSED] - delay(5): Delayed 5 second(s)

2022-02-14 15:41:40 - [MESSAGE][PASSED] - Delayed 5 second(s)

2022-02-14 15:41:40 - [TEST_STEP][PASSED] - navigateToUrl(ActivityUrl): Navigate to 'https://activity.test-prio.com/orders/164422785406716' successfully

2022-02-14 15:41:44 - [MESSAGE][PASSED] - Navigate to 'https://activity.test-prio.com/orders/164422785406716' successfully

2022-02-14 15:41:44 - [TEST_STEP][PASSED] - takeScreenshot(): Taking screenshot successfully

2022-02-14 15:41:45 - [MESSAGE][PASSED] - Taking screenshot successfully
[[ATTACHMENT|/home/intersoft-admin/Rattan/Bash/Training/Rattan/Final_testing/New_ActivityOverview/Reports/20220214_115757/CancelOrder-CopiedURL/20220214_115826/1644833505151.png]]

2022-02-14 15:41:45 - [TEST_STEP][PASSED] - switchToDefaultContent(): null

2022-02-14 15:41:45 - [MESSAGE][PASSED] - Call Test Case 'Test Cases/StepToReUse/StepTOCopyURLAndAddAnotherTab' successfully

2022-02-14 15:41:45 - [TEST_STEP][PASSED] - callTestCase(findTestCase("Test Cases/StepToReUse/ActivityOverview-CancelOrder"), [:], CONTINUE_ON_FAILURE): Call Test Case 'Test Cases/StepToReUse/ActivityOverview-CancelOrder' successfully

2022-02-14 15:41:45 - [TEST_CASE][PASSED] - Test Cases/StepToReUse/ActivityOverview-CancelOrder: Test Cases/StepToReUse/ActivityOverview-CancelOrder

2022-02-14 15:41:45 - [TEST_STEP][PASSED] - logInfo(Refund Value: $GlobalVariable.refundvalue): Refund Value: 94

2022-02-14 15:41:45 - [MESSAGE][INFO] - Refund Value: 94

2022-02-14 15:41:45 - [TEST_STEP][PASSED] - if (waitForElementClickable(findTestObject("Object Repository/CancelAndRefund/CancelOrderButton"), 15) == true): Taking screenshot successfully

2022-02-14 15:41:45 - [MESSAGE][PASSED] - Object 'Object Repository/CancelAndRefund/CancelOrderButton' is clickable

2022-02-14 15:41:45 - [TEST_STEP][PASSED] - scrollToElement(findTestObject("Object Repository/CancelAndRefund/CancelOrderButton"), 15): Scroll to object 'Object Repository/CancelAndRefund/CancelOrderButton' successfully

2022-02-14 15:41:45 - [MESSAGE][PASSED] - Scroll to object 'Object Repository/CancelAndRefund/CancelOrderButton' successfully

2022-02-14 15:41:45 - [TEST_STEP][PASSED] - click(findTestObject("Object Repository/CancelAndRefund/CancelOrderButton")): Object: 'Object Repository/CancelAndRefund/CancelOrderButton' is clicked on

2022-02-14 15:41:49 - [MESSAGE][PASSED] - Object: 'Object Repository/CancelAndRefund/CancelOrderButton' is clicked on

2022-02-14 15:41:49 - [TEST_STEP][PASSED] - delay(3): Delayed 3 second(s)

2022-02-14 15:41:52 - [MESSAGE][PASSED] - Delayed 3 second(s)

2022-02-14 15:41:52 - [TEST_STEP][PASSED] - takeScreenshot(): Taking screenshot successfully

2022-02-14 15:41:52 - [MESSAGE][PASSED] - Taking screenshot successfully
[[ATTACHMENT|/home/intersoft-admin/Rattan/Bash/Training/Rattan/Final_testing/New_ActivityOverview/Reports/20220214_115757/CancelOrder-CopiedURL/20220214_115826/1644833512490.png]]

2022-02-14 15:41:52 - [TEST_STEP][PASSED] - if (waitForElementClickable(findTestObject("Object Repository/CancelAndRefund/CancelButton - OnRefundPop-up"), 15) == true): Taking screenshot successfully

2022-02-14 15:41:52 - [MESSAGE][PASSED] - Object 'Object Repository/CancelAndRefund/CancelButton - OnRefundPop-up' is clickable

2022-02-14 15:41:52 - [TEST_STEP][PASSED] - click(findTestObject("Object Repository/CancelAndRefund/CancelButton - OnRefundPop-up")): Object: 'Object Repository/CancelAndRefund/CancelButton - OnRefundPop-up' is clicked on

2022-02-14 15:41:56 - [MESSAGE][PASSED] - Object: 'Object Repository/CancelAndRefund/CancelButton - OnRefundPop-up' is clicked on

2022-02-14 15:41:56 - [TEST_STEP][PASSED] - delay(3): Delayed 3 second(s)

2022-02-14 15:41:59 - [MESSAGE][PASSED] - Delayed 3 second(s)

2022-02-14 15:41:59 - [TEST_STEP][PASSED] - takeScreenshot(): Taking screenshot successfully

2022-02-14 15:41:59 - [MESSAGE][PASSED] - Taking screenshot successfully
[[ATTACHMENT|/home/intersoft-admin/Rattan/Bash/Training/Rattan/Final_testing/New_ActivityOverview/Reports/20220214_115757/CancelOrder-CopiedURL/20220214_115826/1644833519398.png]]

2022-02-14 15:41:59 - [TEST_STEP][PASSED] - click(findTestObject("Object Repository/CancelAndRefund/CancelOrderButton")): Object: 'Object Repository/CancelAndRefund/CancelOrderButton' is clicked on

2022-02-14 15:42:02 - [MESSAGE][PASSED] - Object: 'Object Repository/CancelAndRefund/CancelOrderButton' is clicked on

2022-02-14 15:42:02 - [TEST_STEP][PASSED] - if (refundvalue < 4): null

2022-02-14 15:42:02 - [TEST_STEP][PASSED] - if (refundvalue <= 6 && refundvalue >= 4): null

2022-02-14 15:42:02 - [TEST_STEP][PASSED] - if (refundvalue > 6): Object 'Object Repository/CancelAndRefund/RefundOptionRadio' is not visible after 15 second(s)

2022-02-14 15:42:02 - [TEST_STEP][PASSED] - if (waitForElementVisible(findTestObject("Object Repository/CancelAndRefund/RefundOptionRadio"), 15) == true): Object 'Object Repository/CancelAndRefund/RefundOptionRadio' is not visible after 15 second(s)

2022-02-14 15:42:18 - [MESSAGE][WARNING] - Object 'Object Repository/CancelAndRefund/RefundOptionRadio' is not visible after 15 second(s)

2022-02-14 15:42:18 - [TEST_STEP][PASSED] - setText(findTestObject("Object Repository/CancelAndRefund/ReasonForCancellation"), CancellationReason): Text 'Order Refunded to Test Automation Testing Under Katalon' is set on object 'Object Repository/CancelAndRefund/ReasonForCancellation'

2022-02-14 15:42:25 - [MESSAGE][PASSED] - Text 'Order Refunded to Test Automation Testing Under Katalon' is set on object 'Object Repository/CancelAndRefund/ReasonForCancellation'

2022-02-14 15:42:25 - [TEST_STEP][PASSED] - click(findTestObject("Object Repository/CancelAndRefund/ConfirmCancellationButton")): Object: 'Object Repository/CancelAndRefund/ConfirmCancellationButton' is clicked on

2022-02-14 15:42:28 - [MESSAGE][PASSED] - Object: 'Object Repository/CancelAndRefund/ConfirmCancellationButton' is clicked on

2022-02-14 15:42:28 - [TEST_STEP][PASSED] - delay(3): Delayed 3 second(s)

2022-02-14 15:42:31 - [MESSAGE][PASSED] - Delayed 3 second(s)

2022-02-14 15:42:31 - [TEST_STEP][PASSED] - takeScreenshot(): Taking screenshot successfully

2022-02-14 15:42:31 - [MESSAGE][PASSED] - Taking screenshot successfully
[[ATTACHMENT|/home/intersoft-admin/Rattan/Bash/Training/Rattan/Final_testing/New_ActivityOverview/Reports/20220214_115757/CancelOrder-CopiedURL/20220214_115826/1644833551689.png]]

2022-02-14 15:42:31 - [MESSAGE][PASSED] - Call Test Case 'Test Cases/StepToReUse/ActivityOverview-CancelOrder' successfully

2022-02-14 15:42:31 - [TEST_STEP][PASSED] - switchToWindowIndex(0): Switched to window with index: '0'

2022-02-14 15:42:31 - [MESSAGE][PASSED] - Switched to window with index: '0'

2022-02-14 15:42:31 - [TEST_STEP][PASSED] - delay(13): Delayed 13 second(s)

2022-02-14 15:42:44 - [MESSAGE][PASSED] - Delayed 13 second(s)

2022-02-14 15:42:44 - [TEST_STEP][PASSED] - switchToFrame(findTestObject("Object Repository/Iframe/NewActivityOverviewIframe"), 5): null

2022-02-14 15:42:45 - [TEST_STEP][PASSED] - click(findTestObject("Object Repository/DetailPop-up/Backbutton/BackButtonToListing")): Object: 'Object Repository/DetailPop-up/Backbutton/BackButtonToListing' is clicked on

2022-02-14 15:42:48 - [MESSAGE][PASSED] - Object: 'Object Repository/DetailPop-up/Backbutton/BackButtonToListing' is clicked on

2022-02-14 15:42:48 - [TEST_STEP][PASSED] - delay(13): Delayed 13 second(s)

2022-02-14 15:43:01 - [MESSAGE][PASSED] - Delayed 13 second(s)]]></system-out>
         <system-err><![CDATA[]]></system-err>
      </testcase>
      <system-out><![CDATA[2022-02-14 15:28:16 - [TEST_SUITE][PASSED] - CancelOrder-CopiedURL: Test Cases/NewActivityOverview-LeftNavigation/ActivityOverview-CancelOrder-GetOrderIDAndRefund - CopiedURL]]></system-out>
      <system-err><![CDATA[]]></system-err>
   </testsuite>
</testsuites>
