<?xml version="1.0" encoding="UTF-8"?>
<testsuites name="RefundOrder-CopiedURL" time="852.273" tests="1" failures="0" errors="0">
   <testsuite name="RefundOrder-CopiedURL" tests="1" failures="0" errors="0" time="852.273" skipped="0" timestamp="2022-02-14 12:14:08" hostname="intersoft-admin - intersoftadmin-desktop" id="Test Suites/RefundOrder-CopiedURL">
      <properties>
         <property name="deviceName" value=""/>
         <property name="devicePlatform" value=""/>
         <property name="logFolder" value="/home/intersoft-admin/Rattan/Bash/Training/Rattan/Final_testing/New_ActivityOverview/Reports/20220214_115757/RefundOrder-CopiedURL/20220214_115802"/>
         <property name="logFiles" value="/home/intersoft-admin/Rattan/Bash/Training/Rattan/Final_testing/New_ActivityOverview/Reports/20220214_115757/RefundOrder-CopiedURL/20220214_115802/execution0.log"/>
         <property name="attachments" value="/home/intersoft-admin/Rattan/Bash/Training/Rattan/Final_testing/New_ActivityOverview/Reports/20220214_115757/RefundOrder-CopiedURL/20220214_115802/1644821075902.png, /home/intersoft-admin/Rattan/Bash/Training/Rattan/Final_testing/New_ActivityOverview/Reports/20220214_115757/RefundOrder-CopiedURL/20220214_115802/1644821092120.png, /home/intersoft-admin/Rattan/Bash/Training/Rattan/Final_testing/New_ActivityOverview/Reports/20220214_115757/RefundOrder-CopiedURL/20220214_115802/1644821102558.png, /home/intersoft-admin/Rattan/Bash/Training/Rattan/Final_testing/New_ActivityOverview/Reports/20220214_115757/RefundOrder-CopiedURL/20220214_115802/1644821134099.png, /home/intersoft-admin/Rattan/Bash/Training/Rattan/Final_testing/New_ActivityOverview/Reports/20220214_115757/RefundOrder-CopiedURL/20220214_115802/1644821157503.png, /home/intersoft-admin/Rattan/Bash/Training/Rattan/Final_testing/New_ActivityOverview/Reports/20220214_115757/RefundOrder-CopiedURL/20220214_115802/1644821157838.png, /home/intersoft-admin/Rattan/Bash/Training/Rattan/Final_testing/New_ActivityOverview/Reports/20220214_115757/RefundOrder-CopiedURL/20220214_115802/1644821181301.png, /home/intersoft-admin/Rattan/Bash/Training/Rattan/Final_testing/New_ActivityOverview/Reports/20220214_115757/RefundOrder-CopiedURL/20220214_115802/1644821195598.png, /home/intersoft-admin/Rattan/Bash/Training/Rattan/Final_testing/New_ActivityOverview/Reports/20220214_115757/RefundOrder-CopiedURL/20220214_115802/1644821208879.png, /home/intersoft-admin/Rattan/Bash/Training/Rattan/Final_testing/New_ActivityOverview/Reports/20220214_115757/RefundOrder-CopiedURL/20220214_115802/1644821218801.png, /home/intersoft-admin/Rattan/Bash/Training/Rattan/Final_testing/New_ActivityOverview/Reports/20220214_115757/RefundOrder-CopiedURL/20220214_115802/1644821223776.png, /home/intersoft-admin/Rattan/Bash/Training/Rattan/Final_testing/New_ActivityOverview/Reports/20220214_115757/RefundOrder-CopiedURL/20220214_115802/1644821228854.png, /home/intersoft-admin/Rattan/Bash/Training/Rattan/Final_testing/New_ActivityOverview/Reports/20220214_115757/RefundOrder-CopiedURL/20220214_115802/1644821236798.png, /home/intersoft-admin/Rattan/Bash/Training/Rattan/Final_testing/New_ActivityOverview/Reports/20220214_115757/RefundOrder-CopiedURL/20220214_115802/1644821241482.png, /home/intersoft-admin/Rattan/Bash/Training/Rattan/Final_testing/New_ActivityOverview/Reports/20220214_115757/RefundOrder-CopiedURL/20220214_115802/1644821258410.png, /home/intersoft-admin/Rattan/Bash/Training/Rattan/Final_testing/New_ActivityOverview/Reports/20220214_115757/RefundOrder-CopiedURL/20220214_115802/1644821311426.png, /home/intersoft-admin/Rattan/Bash/Training/Rattan/Final_testing/New_ActivityOverview/Reports/20220214_115757/RefundOrder-CopiedURL/20220214_115802/1644821311743.png, /home/intersoft-admin/Rattan/Bash/Training/Rattan/Final_testing/New_ActivityOverview/Reports/20220214_115757/RefundOrder-CopiedURL/20220214_115802/1644821335164.png, /home/intersoft-admin/Rattan/Bash/Training/Rattan/Final_testing/New_ActivityOverview/Reports/20220214_115757/RefundOrder-CopiedURL/20220214_115802/1644821348526.png, /home/intersoft-admin/Rattan/Bash/Training/Rattan/Final_testing/New_ActivityOverview/Reports/20220214_115757/RefundOrder-CopiedURL/20220214_115802/1644821361842.png, /home/intersoft-admin/Rattan/Bash/Training/Rattan/Final_testing/New_ActivityOverview/Reports/20220214_115757/RefundOrder-CopiedURL/20220214_115802/1644821372076.png, /home/intersoft-admin/Rattan/Bash/Training/Rattan/Final_testing/New_ActivityOverview/Reports/20220214_115757/RefundOrder-CopiedURL/20220214_115802/1644821377013.png, /home/intersoft-admin/Rattan/Bash/Training/Rattan/Final_testing/New_ActivityOverview/Reports/20220214_115757/RefundOrder-CopiedURL/20220214_115802/1644821381971.png, /home/intersoft-admin/Rattan/Bash/Training/Rattan/Final_testing/New_ActivityOverview/Reports/20220214_115757/RefundOrder-CopiedURL/20220214_115802/1644821389945.png, /home/intersoft-admin/Rattan/Bash/Training/Rattan/Final_testing/New_ActivityOverview/Reports/20220214_115757/RefundOrder-CopiedURL/20220214_115802/1644821394695.png, /home/intersoft-admin/Rattan/Bash/Training/Rattan/Final_testing/New_ActivityOverview/Reports/20220214_115757/RefundOrder-CopiedURL/20220214_115802/1644821411702.png, /home/intersoft-admin/Rattan/Bash/Training/Rattan/Final_testing/New_ActivityOverview/Reports/20220214_115757/RefundOrder-CopiedURL/20220214_115802/1644821464640.png, /home/intersoft-admin/Rattan/Bash/Training/Rattan/Final_testing/New_ActivityOverview/Reports/20220214_115757/RefundOrder-CopiedURL/20220214_115802/1644821464996.png, /home/intersoft-admin/Rattan/Bash/Training/Rattan/Final_testing/New_ActivityOverview/Reports/20220214_115757/RefundOrder-CopiedURL/20220214_115802/1644821488459.png, /home/intersoft-admin/Rattan/Bash/Training/Rattan/Final_testing/New_ActivityOverview/Reports/20220214_115757/RefundOrder-CopiedURL/20220214_115802/1644821501811.png, /home/intersoft-admin/Rattan/Bash/Training/Rattan/Final_testing/New_ActivityOverview/Reports/20220214_115757/RefundOrder-CopiedURL/20220214_115802/1644821515126.png, /home/intersoft-admin/Rattan/Bash/Training/Rattan/Final_testing/New_ActivityOverview/Reports/20220214_115757/RefundOrder-CopiedURL/20220214_115802/1644821525035.png, /home/intersoft-admin/Rattan/Bash/Training/Rattan/Final_testing/New_ActivityOverview/Reports/20220214_115757/RefundOrder-CopiedURL/20220214_115802/1644821530021.png, /home/intersoft-admin/Rattan/Bash/Training/Rattan/Final_testing/New_ActivityOverview/Reports/20220214_115757/RefundOrder-CopiedURL/20220214_115802/1644821535059.png, /home/intersoft-admin/Rattan/Bash/Training/Rattan/Final_testing/New_ActivityOverview/Reports/20220214_115757/RefundOrder-CopiedURL/20220214_115802/1644821543107.png, /home/intersoft-admin/Rattan/Bash/Training/Rattan/Final_testing/New_ActivityOverview/Reports/20220214_115757/RefundOrder-CopiedURL/20220214_115802/1644821547803.png, /home/intersoft-admin/Rattan/Bash/Training/Rattan/Final_testing/New_ActivityOverview/Reports/20220214_115757/RefundOrder-CopiedURL/20220214_115802/1644821564756.png, /home/intersoft-admin/Rattan/Bash/Training/Rattan/Final_testing/New_ActivityOverview/Reports/20220214_115757/RefundOrder-CopiedURL/20220214_115802/1644821617708.png, /home/intersoft-admin/Rattan/Bash/Training/Rattan/Final_testing/New_ActivityOverview/Reports/20220214_115757/RefundOrder-CopiedURL/20220214_115802/1644821618102.png, /home/intersoft-admin/Rattan/Bash/Training/Rattan/Final_testing/New_ActivityOverview/Reports/20220214_115757/RefundOrder-CopiedURL/20220214_115802/1644821641501.png, /home/intersoft-admin/Rattan/Bash/Training/Rattan/Final_testing/New_ActivityOverview/Reports/20220214_115757/RefundOrder-CopiedURL/20220214_115802/1644821654908.png, /home/intersoft-admin/Rattan/Bash/Training/Rattan/Final_testing/New_ActivityOverview/Reports/20220214_115757/RefundOrder-CopiedURL/20220214_115802/1644821668187.png, /home/intersoft-admin/Rattan/Bash/Training/Rattan/Final_testing/New_ActivityOverview/Reports/20220214_115757/RefundOrder-CopiedURL/20220214_115802/1644821678097.png, /home/intersoft-admin/Rattan/Bash/Training/Rattan/Final_testing/New_ActivityOverview/Reports/20220214_115757/RefundOrder-CopiedURL/20220214_115802/1644821683033.png, /home/intersoft-admin/Rattan/Bash/Training/Rattan/Final_testing/New_ActivityOverview/Reports/20220214_115757/RefundOrder-CopiedURL/20220214_115802/1644821688083.png, /home/intersoft-admin/Rattan/Bash/Training/Rattan/Final_testing/New_ActivityOverview/Reports/20220214_115757/RefundOrder-CopiedURL/20220214_115802/1644821696060.png, /home/intersoft-admin/Rattan/Bash/Training/Rattan/Final_testing/New_ActivityOverview/Reports/20220214_115757/RefundOrder-CopiedURL/20220214_115802/1644821700704.png, /home/intersoft-admin/Rattan/Bash/Training/Rattan/Final_testing/New_ActivityOverview/Reports/20220214_115757/RefundOrder-CopiedURL/20220214_115802/1644821717650.png, /home/intersoft-admin/Rattan/Bash/Training/Rattan/Final_testing/New_ActivityOverview/Reports/20220214_115757/RefundOrder-CopiedURL/20220214_115802/1644821770650.png, /home/intersoft-admin/Rattan/Bash/Training/Rattan/Final_testing/New_ActivityOverview/Reports/20220214_115757/RefundOrder-CopiedURL/20220214_115802/1644821770936.png, /home/intersoft-admin/Rattan/Bash/Training/Rattan/Final_testing/New_ActivityOverview/Reports/20220214_115757/RefundOrder-CopiedURL/20220214_115802/1644821794323.png, /home/intersoft-admin/Rattan/Bash/Training/Rattan/Final_testing/New_ActivityOverview/Reports/20220214_115757/RefundOrder-CopiedURL/20220214_115802/1644821807743.png, /home/intersoft-admin/Rattan/Bash/Training/Rattan/Final_testing/New_ActivityOverview/Reports/20220214_115757/RefundOrder-CopiedURL/20220214_115802/1644821821065.png, /home/intersoft-admin/Rattan/Bash/Training/Rattan/Final_testing/New_ActivityOverview/Reports/20220214_115757/RefundOrder-CopiedURL/20220214_115802/1644821831208.png, /home/intersoft-admin/Rattan/Bash/Training/Rattan/Final_testing/New_ActivityOverview/Reports/20220214_115757/RefundOrder-CopiedURL/20220214_115802/1644821836158.png, /home/intersoft-admin/Rattan/Bash/Training/Rattan/Final_testing/New_ActivityOverview/Reports/20220214_115757/RefundOrder-CopiedURL/20220214_115802/1644821841245.png, /home/intersoft-admin/Rattan/Bash/Training/Rattan/Final_testing/New_ActivityOverview/Reports/20220214_115757/RefundOrder-CopiedURL/20220214_115802/1644821849194.png, /home/intersoft-admin/Rattan/Bash/Training/Rattan/Final_testing/New_ActivityOverview/Reports/20220214_115757/RefundOrder-CopiedURL/20220214_115802/1644821853847.png, /home/intersoft-admin/Rattan/Bash/Training/Rattan/Final_testing/New_ActivityOverview/Reports/20220214_115757/RefundOrder-CopiedURL/20220214_115802/1644821870768.png"/>
         <property name="hostName" value="intersoft-admin - intersoftadmin-desktop"/>
         <property name="os" value="Linux 64bit"/>
         <property name="katalonVersion" value="8.2.5.208"/>
         <property name="browser" value="Chrome 97.0.4692.99"/>
         <property name="hostAddress" value="127.0.1.1"/>
         <property name="sessionId" value="bd72a7750db2e77396e595cd2cdf75b1"/>
         <property name="seleniumVersion" value="3.141.59"/>
         <property name="proxyInformation" value="ProxyInformation { proxyOption=NO_PROXY, proxyServerType=HTTP, username=, password=********, proxyServerAddress=, proxyServerPort=0, executionList=&quot;&quot;, isApplyToDesiredCapabilities=true }"/>
         <property name="platform" value="Linux"/>
      </properties>
      <testcase name="Test Cases/NewActivityOverview-LeftNavigation/ActivityOverview-RefundOrder-GetOrderIDAndRefund - CopiedURL" time="852.005" classname="Test Cases/NewActivityOverview-LeftNavigation/ActivityOverview-RefundOrder-GetOrderIDAndRefund - CopiedURL" status="PASSED">
         <system-out><![CDATA[2022-02-14 12:14:08 - [TEST_CASE][PASSED] - Test Cases/NewActivityOverview-LeftNavigation/ActivityOverview-RefundOrder-GetOrderIDAndRefund - CopiedURL: Test Cases/NewActivityOverview-LeftNavigation/ActivityOverview-RefundOrder-GetOrderIDAndRefund - CopiedURL

2022-02-14 12:14:09 - [TEST_STEP][PASSED] - callTestCase(findTestCase("LoginWithSuperAdmin/SuperAdmin-Login"), [:], STOP_ON_FAILURE): Call Test Case 'Test Cases/LoginWithSuperAdmin/SuperAdmin-Login' successfully

2022-02-14 12:14:09 - [TEST_CASE][PASSED] - Test Cases/LoginWithSuperAdmin/SuperAdmin-Login: Test Cases/LoginWithSuperAdmin/SuperAdmin-Login

2022-02-14 12:14:09 - [TEST_STEP][PASSED] - openBrowser(""): Browser is opened with url: ''

2022-02-14 12:14:09 - [MESSAGE][INFO] - Starting 'Chrome' driver

2022-02-14 12:14:09 - [MESSAGE][INFO] - Action delay is set to 3,000 milliseconds

2022-02-14 12:14:10 - [MESSAGE][PASSED] - Browser is opened with url: ''

2022-02-14 12:14:10 - [TEST_STEP][PASSED] - setViewPortSize(1920, 1080): Viewport is set to new size with width = 1920 and height = 1080

2022-02-14 12:14:10 - [MESSAGE][PASSED] - Viewport is set to new size with width = 1920 and height = 1080

2022-02-14 12:14:10 - [TEST_STEP][PASSED] - navigateToUrl(URL): Navigate to 'https://marketplacev1.test-prio.com' successfully

2022-02-14 12:14:16 - [MESSAGE][PASSED] - Navigate to 'https://marketplacev1.test-prio.com' successfully

2022-02-14 12:14:16 - [TEST_STEP][PASSED] - delay(3): Delayed 3 second(s)

2022-02-14 12:14:19 - [MESSAGE][PASSED] - Delayed 3 second(s)

2022-02-14 12:14:19 - [TEST_STEP][PASSED] - click(findTestObject("SuperAdmin/Login/input_Email_contact_email")): Object: 'Object Repository/SuperAdmin/Login/input_Email_contact_email' is clicked on

2022-02-14 12:14:22 - [MESSAGE][PASSED] - Object: 'Object Repository/SuperAdmin/Login/input_Email_contact_email' is clicked on

2022-02-14 12:14:22 - [TEST_STEP][PASSED] - setText(findTestObject("SuperAdmin/Login/input_Email_contact_email"), uname): Text 'superadmin@tippoint.com' is set on object 'Object Repository/SuperAdmin/Login/input_Email_contact_email'

2022-02-14 12:14:29 - [MESSAGE][PASSED] - Text 'superadmin@tippoint.com' is set on object 'Object Repository/SuperAdmin/Login/input_Email_contact_email'

2022-02-14 12:14:29 - [TEST_STEP][PASSED] - setEncryptedText(findTestObject("SuperAdmin/Login/input_Password_password"), Password): Text ****** has been set on object 'Object Repository/SuperAdmin/Login/input_Password_password'

2022-02-14 12:14:35 - [MESSAGE][PASSED] - Text ****** has been set on object 'Object Repository/SuperAdmin/Login/input_Password_password'

2022-02-14 12:14:35 - [TEST_STEP][PASSED] - takeScreenshot(): Taking screenshot successfully

2022-02-14 12:14:36 - [MESSAGE][PASSED] - Taking screenshot successfully
[[ATTACHMENT|/home/intersoft-admin/Rattan/Bash/Training/Rattan/Final_testing/New_ActivityOverview/Reports/20220214_115757/RefundOrder-CopiedURL/20220214_115802/1644821075902.png]]

2022-02-14 12:14:36 - [TEST_STEP][PASSED] - newpackage.clickUsingJS.clickUsingJS(findTestObject("SuperAdmin/Login/button_Sign in"), 5): newpackage.clickUsingJS.clickUsingJS is PASSED

2022-02-14 12:14:36 - [MESSAGE][PASSED] - newpackage.clickUsingJS.clickUsingJS is PASSED

2022-02-14 12:14:36 - [MESSAGE][PASSED] - Call Test Case 'Test Cases/LoginWithSuperAdmin/SuperAdmin-Login' successfully

2022-02-14 12:14:36 - [TEST_STEP][PASSED] - switchToDefaultContent(): null

2022-02-14 12:14:36 - [TEST_STEP][PASSED] - click(findTestObject("SuperAdminLeftNavigation/NewActivityOverview-LeftNavigation")): Object: 'Object Repository/SuperAdminLeftNavigation/NewActivityOverview-LeftNavigation' is clicked on

2022-02-14 12:14:51 - [MESSAGE][PASSED] - Object: 'Object Repository/SuperAdminLeftNavigation/NewActivityOverview-LeftNavigation' is clicked on

2022-02-14 12:14:51 - [TEST_STEP][PASSED] - takeScreenshot(): Taking screenshot successfully

2022-02-14 12:14:52 - [MESSAGE][PASSED] - Taking screenshot successfully
[[ATTACHMENT|/home/intersoft-admin/Rattan/Bash/Training/Rattan/Final_testing/New_ActivityOverview/Reports/20220214_115757/RefundOrder-CopiedURL/20220214_115802/1644821092120.png]]

2022-02-14 12:14:52 - [TEST_STEP][PASSED] - switchToFrame(findTestObject("Object Repository/Iframe/NewActivityOverviewIframe"), 5): null

2022-02-14 12:14:52 - [TEST_STEP][PASSED] - delay(10): Delayed 10 second(s)

2022-02-14 12:15:02 - [MESSAGE][PASSED] - Delayed 10 second(s)

2022-02-14 12:15:02 - [TEST_STEP][PASSED] - takeScreenshot(): Taking screenshot successfully

2022-02-14 12:15:02 - [MESSAGE][PASSED] - Taking screenshot successfully
[[ATTACHMENT|/home/intersoft-admin/Rattan/Bash/Training/Rattan/Final_testing/New_ActivityOverview/Reports/20220214_115757/RefundOrder-CopiedURL/20220214_115802/1644821102558.png]]

2022-02-14 12:15:02 - [TEST_STEP][PASSED] - sizeoflisting = findWebElements(findTestObject("ListingArea/ListingContainsData"), 5).size(): null

2022-02-14 12:15:02 - [TEST_STEP][PASSED] - println(sizeoflisting): null

2022-02-14 12:15:02 - [TEST_STEP][PASSED] - logInfo(Size of Order Listing: $sizeoflisting): Size of Order Listing: 11

2022-02-14 12:15:02 - [MESSAGE][INFO] - Size of Order Listing: 11

2022-02-14 12:15:02 - [TEST_STEP][PASSED] - if (sizeoflisting > 2): Delayed 13 second(s)

2022-02-14 12:15:02 - [TEST_STEP][PASSED] - logInfo("Orders Exist in Listing"): Orders Exist in Listing

2022-02-14 12:15:02 - [MESSAGE][INFO] - Orders Exist in Listing

2022-02-14 12:15:02 - [TEST_STEP][PASSED] - click(findTestObject("Object Repository/OrderPerPage/OrderPerPage_select")): Object: 'Object Repository/OrderPerPage/OrderPerPage_select' is clicked on

2022-02-14 12:15:05 - [MESSAGE][PASSED] - Object: 'Object Repository/OrderPerPage/OrderPerPage_select' is clicked on

2022-02-14 12:15:05 - [TEST_STEP][PASSED] - delay(5): Delayed 5 second(s)

2022-02-14 12:15:10 - [MESSAGE][PASSED] - Delayed 5 second(s)

2022-02-14 12:15:10 - [TEST_STEP][PASSED] - click(findTestObject("Object Repository/OrderPerPage/OrderPerPage-SelectOption")): Object: 'Object Repository/OrderPerPage/OrderPerPage-SelectOption' is clicked on

2022-02-14 12:15:14 - [MESSAGE][PASSED] - Object: 'Object Repository/OrderPerPage/OrderPerPage-SelectOption' is clicked on

2022-02-14 12:15:14 - [TEST_STEP][PASSED] - delay(20): Delayed 20 second(s)

2022-02-14 12:15:34 - [MESSAGE][PASSED] - Delayed 20 second(s)

2022-02-14 12:15:34 - [TEST_STEP][PASSED] - takeScreenshot(): Taking screenshot successfully

2022-02-14 12:15:34 - [MESSAGE][PASSED] - Taking screenshot successfully
[[ATTACHMENT|/home/intersoft-admin/Rattan/Bash/Training/Rattan/Final_testing/New_ActivityOverview/Reports/20220214_115757/RefundOrder-CopiedURL/20220214_115802/1644821134099.png]]

2022-02-14 12:15:34 - [TEST_STEP][PASSED] - SizeofPagination = getText(findTestObject("Object Repository/PaginationCOunt/PaginationCount")): Text of object 'Object Repository/PaginationCOunt/PaginationCount' is: '100'

2022-02-14 12:15:34 - [MESSAGE][PASSED] - Text of object 'Object Repository/PaginationCOunt/PaginationCount' is: '100'

2022-02-14 12:15:34 - [TEST_STEP][PASSED] - println(SizeofPagination): null

2022-02-14 12:15:34 - [TEST_STEP][PASSED] - paginationmaxcount = Integer.parseInt(SizeofPagination): null

2022-02-14 12:15:34 - [TEST_STEP][PASSED] - paginationmaxcount = pagination: null

2022-02-14 12:15:34 - [TEST_STEP][PASSED] - logInfo(Size of Pagination: $paginationmaxcount): Size of Pagination: 5

2022-02-14 12:15:34 - [MESSAGE][INFO] - Size of Pagination: 5

2022-02-14 12:15:34 - [TEST_STEP][PASSED] - totalrecords = 0: null

2022-02-14 12:15:34 - [TEST_STEP][PASSED] - for ([l = 1, l <= paginationmaxcount, (l++)]): Delayed 13 second(s)

2022-02-14 12:15:34 - [TEST_STEP][PASSED] - if (l <= 5): null

2022-02-14 12:15:34 - [TEST_STEP][PASSED] - paginationvalue = l: null

2022-02-14 12:15:34 - [TEST_STEP][PASSED] - if (l > 5): null

2022-02-14 12:15:34 - [TEST_STEP][PASSED] - logInfo(Size of Pagination: $paginationvalue): Size of Pagination: 1

2022-02-14 12:15:34 - [MESSAGE][INFO] - Size of Pagination: 1

2022-02-14 12:15:34 - [TEST_STEP][PASSED] - click(findTestObject("Object Repository/PaginationCOunt/ClickOnPagination", ["pagination":paginationvalue])): Object: 'Object Repository/PaginationCOunt/ClickOnPagination' is clicked on

2022-02-14 12:15:37 - [MESSAGE][PASSED] - Object: 'Object Repository/PaginationCOunt/ClickOnPagination' is clicked on

2022-02-14 12:15:37 - [TEST_STEP][PASSED] - delay(20): Delayed 20 second(s)

2022-02-14 12:15:57 - [MESSAGE][PASSED] - Delayed 20 second(s)

2022-02-14 12:15:57 - [TEST_STEP][PASSED] - takeScreenshot(): Taking screenshot successfully

2022-02-14 12:15:57 - [MESSAGE][PASSED] - Taking screenshot successfully
[[ATTACHMENT|/home/intersoft-admin/Rattan/Bash/Training/Rattan/Final_testing/New_ActivityOverview/Reports/20220214_115757/RefundOrder-CopiedURL/20220214_115802/1644821157503.png]]

2022-02-14 12:15:57 - [TEST_STEP][PASSED] - SizeofActiveBookings = findWebElements(findTestObject("Object Repository/CancelAndRefund/OrderListWithoutRefundedStatus"), 5).size(): null

2022-02-14 12:15:57 - [TEST_STEP][PASSED] - logInfo(Size of Active Bookings: $SizeofActiveBookings): Size of Active Bookings: 87

2022-02-14 12:15:57 - [MESSAGE][INFO] - Size of Active Bookings: 87

2022-02-14 12:15:57 - [TEST_STEP][PASSED] - for ([refund = 1, refund < SizeofActiveBookings, (refund++)]): null

2022-02-14 12:15:57 - [TEST_STEP][PASSED] - if (refund == 1): null

2022-02-14 12:15:57 - [TEST_STEP][PASSED] - refund = SizeofActiveBookings: null

2022-02-14 12:15:57 - [TEST_STEP][PASSED] - refundvalue = refund: null

2022-02-14 12:15:57 - [TEST_STEP][PASSED] - logInfo(Size of refund booking: $refund): Size of refund booking: 87

2022-02-14 12:15:57 - [MESSAGE][INFO] - Size of refund booking: 87

2022-02-14 12:15:57 - [TEST_STEP][PASSED] - scrollToElement(findTestObject("Object Repository/CancelAndRefund/OrderListWithoutRefundedStatus - Click", ["position":refund]), 15): Scroll to object 'Object Repository/CancelAndRefund/OrderListWithoutRefundedStatus - Click' successfully

2022-02-14 12:15:57 - [MESSAGE][PASSED] - Scroll to object 'Object Repository/CancelAndRefund/OrderListWithoutRefundedStatus - Click' successfully

2022-02-14 12:15:57 - [TEST_STEP][PASSED] - takeScreenshot(): Taking screenshot successfully

2022-02-14 12:15:57 - [MESSAGE][PASSED] - Taking screenshot successfully
[[ATTACHMENT|/home/intersoft-admin/Rattan/Bash/Training/Rattan/Final_testing/New_ActivityOverview/Reports/20220214_115757/RefundOrder-CopiedURL/20220214_115802/1644821157838.png]]

2022-02-14 12:15:57 - [TEST_STEP][PASSED] - orderId = findWebElement(findTestObject("Object Repository/GetOrderID/GetOrderID", ["position":refund])).getAttribute("data-order_id"): null

2022-02-14 12:15:58 - [TEST_STEP][PASSED] - orderId = orderId: null

2022-02-14 12:15:58 - [TEST_STEP][PASSED] - logInfo(Order ID: $orderId): Order ID: 164464182530280

2022-02-14 12:15:58 - [MESSAGE][INFO] - Order ID: 164464182530280

2022-02-14 12:15:58 - [TEST_STEP][PASSED] - click(findTestObject("Object Repository/GetOrderID/GetOrderID", ["position":refund])): Object: 'Object Repository/GetOrderID/GetOrderID' is clicked on

2022-02-14 12:16:01 - [MESSAGE][PASSED] - Object: 'Object Repository/GetOrderID/GetOrderID' is clicked on

2022-02-14 12:16:01 - [TEST_STEP][PASSED] - delay(20): Delayed 20 second(s)

2022-02-14 12:16:21 - [MESSAGE][PASSED] - Delayed 20 second(s)

2022-02-14 12:16:21 - [TEST_STEP][PASSED] - takeScreenshot(): Taking screenshot successfully

2022-02-14 12:16:21 - [MESSAGE][PASSED] - Taking screenshot successfully
[[ATTACHMENT|/home/intersoft-admin/Rattan/Bash/Training/Rattan/Final_testing/New_ActivityOverview/Reports/20220214_115757/RefundOrder-CopiedURL/20220214_115802/1644821181301.png]]

2022-02-14 12:16:21 - [TEST_STEP][PASSED] - callTestCase(findTestCase("Test Cases/StepToReUse/StepTOCopyURLAndAddAnotherTab"), [:], CONTINUE_ON_FAILURE): Call Test Case 'Test Cases/StepToReUse/StepTOCopyURLAndAddAnotherTab' successfully

2022-02-14 12:16:21 - [TEST_CASE][PASSED] - Test Cases/StepToReUse/StepTOCopyURLAndAddAnotherTab: Test Cases/StepToReUse/StepTOCopyURLAndAddAnotherTab

2022-02-14 12:16:21 - [TEST_STEP][PASSED] - click(findTestObject("Object Repository/Header/Preview/ClickOnPreviewIcon")): Object: 'Object Repository/Header/Preview/ClickOnPreviewIcon' is clicked on

2022-02-14 12:16:25 - [MESSAGE][PASSED] - Object: 'Object Repository/Header/Preview/ClickOnPreviewIcon' is clicked on

2022-02-14 12:16:25 - [TEST_STEP][PASSED] - delay(10): Delayed 10 second(s)

2022-02-14 12:16:35 - [MESSAGE][PASSED] - Delayed 10 second(s)

2022-02-14 12:16:35 - [TEST_STEP][PASSED] - takeScreenshot(): Taking screenshot successfully

2022-02-14 12:16:35 - [MESSAGE][PASSED] - Taking screenshot successfully
[[ATTACHMENT|/home/intersoft-admin/Rattan/Bash/Training/Rattan/Final_testing/New_ActivityOverview/Reports/20220214_115757/RefundOrder-CopiedURL/20220214_115802/1644821195598.png]]

2022-02-14 12:16:35 - [TEST_STEP][PASSED] - click(findTestObject("Object Repository/Header/Preview/PrintVoucher")): Object: 'Object Repository/Header/Preview/PrintVoucher' is clicked on

2022-02-14 12:16:38 - [MESSAGE][PASSED] - Object: 'Object Repository/Header/Preview/PrintVoucher' is clicked on

2022-02-14 12:16:38 - [TEST_STEP][PASSED] - delay(10): Delayed 10 second(s)

2022-02-14 12:16:48 - [MESSAGE][PASSED] - Delayed 10 second(s)

2022-02-14 12:16:48 - [TEST_STEP][PASSED] - takeScreenshot(): Taking screenshot successfully

2022-02-14 12:16:49 - [MESSAGE][PASSED] - Taking screenshot successfully
[[ATTACHMENT|/home/intersoft-admin/Rattan/Bash/Training/Rattan/Final_testing/New_ActivityOverview/Reports/20220214_115757/RefundOrder-CopiedURL/20220214_115802/1644821208879.png]]

2022-02-14 12:16:49 - [TEST_STEP][PASSED] - UrlToClick = findWebElement(findTestObject("Object Repository/Header/CopyUrl/CopyUrl")).getAttribute("data-href_url"): null

2022-02-14 12:16:49 - [TEST_STEP][PASSED] - println(UrlToClick): null

2022-02-14 12:16:49 - [TEST_STEP][PASSED] - ActivityUrl = UrlToClick: null

2022-02-14 12:16:49 - [TEST_STEP][PASSED] - switchToWindowIndex(1): Switched to window with index: '1'

2022-02-14 12:16:49 - [MESSAGE][PASSED] - Switched to window with index: '1'

2022-02-14 12:16:49 - [TEST_STEP][PASSED] - delay(5): Delayed 5 second(s)

2022-02-14 12:16:54 - [MESSAGE][PASSED] - Delayed 5 second(s)

2022-02-14 12:16:54 - [TEST_STEP][PASSED] - navigateToUrl(ActivityUrl): Navigate to 'https://activity.test-prio.com/orders/164464182530280' successfully

2022-02-14 12:16:58 - [MESSAGE][PASSED] - Navigate to 'https://activity.test-prio.com/orders/164464182530280' successfully

2022-02-14 12:16:58 - [TEST_STEP][PASSED] - takeScreenshot(): Taking screenshot successfully

2022-02-14 12:16:58 - [MESSAGE][PASSED] - Taking screenshot successfully
[[ATTACHMENT|/home/intersoft-admin/Rattan/Bash/Training/Rattan/Final_testing/New_ActivityOverview/Reports/20220214_115757/RefundOrder-CopiedURL/20220214_115802/1644821218801.png]]

2022-02-14 12:16:58 - [TEST_STEP][PASSED] - switchToDefaultContent(): null

2022-02-14 12:16:58 - [MESSAGE][PASSED] - Call Test Case 'Test Cases/StepToReUse/StepTOCopyURLAndAddAnotherTab' successfully

2022-02-14 12:16:58 - [TEST_STEP][PASSED] - if (waitForElementVisible(findTestObject("Object Repository/DetailPop-up/MoreActions/MoreOptionSelect"), 15) == true): null

2022-02-14 12:16:59 - [MESSAGE][PASSED] - Object 'Object Repository/DetailPop-up/MoreActions/MoreOptionSelect' is visible

2022-02-14 12:16:59 - [TEST_STEP][PASSED] - click(findTestObject("Object Repository/DetailPop-up/MoreActions/MoreOptionSelect")): Object: 'Object Repository/DetailPop-up/MoreActions/MoreOptionSelect' is clicked on

2022-02-14 12:17:02 - [MESSAGE][PASSED] - Object: 'Object Repository/DetailPop-up/MoreActions/MoreOptionSelect' is clicked on

2022-02-14 12:17:02 - [TEST_STEP][PASSED] - delay(1): Delayed 1 second(s)

2022-02-14 12:17:03 - [MESSAGE][PASSED] - Delayed 1 second(s)

2022-02-14 12:17:03 - [TEST_STEP][PASSED] - takeScreenshot(): Taking screenshot successfully

2022-02-14 12:17:03 - [MESSAGE][PASSED] - Taking screenshot successfully
[[ATTACHMENT|/home/intersoft-admin/Rattan/Bash/Training/Rattan/Final_testing/New_ActivityOverview/Reports/20220214_115757/RefundOrder-CopiedURL/20220214_115802/1644821223776.png]]

2022-02-14 12:17:03 - [TEST_STEP][PASSED] - if (waitForElementVisible(findTestObject("Object Repository/DetailPop-up/MoreActions/MoreAction-SelectOptions", ["action":"Refund"]), 15) == true): null

2022-02-14 12:17:04 - [MESSAGE][PASSED] - Object 'Object Repository/DetailPop-up/MoreActions/MoreAction-SelectOptions' is visible

2022-02-14 12:17:04 - [TEST_STEP][PASSED] - click(findTestObject("Object Repository/DetailPop-up/MoreActions/MoreAction-SelectOptions", ["action":"Refund"])): Object: 'Object Repository/DetailPop-up/MoreActions/MoreAction-SelectOptions' is clicked on

2022-02-14 12:17:07 - [MESSAGE][PASSED] - Object: 'Object Repository/DetailPop-up/MoreActions/MoreAction-SelectOptions' is clicked on

2022-02-14 12:17:07 - [TEST_STEP][PASSED] - delay(1): Delayed 1 second(s)

2022-02-14 12:17:08 - [MESSAGE][PASSED] - Delayed 1 second(s)

2022-02-14 12:17:08 - [TEST_STEP][PASSED] - takeScreenshot(): Taking screenshot successfully

2022-02-14 12:17:08 - [MESSAGE][PASSED] - Taking screenshot successfully
[[ATTACHMENT|/home/intersoft-admin/Rattan/Bash/Training/Rattan/Final_testing/New_ActivityOverview/Reports/20220214_115757/RefundOrder-CopiedURL/20220214_115802/1644821228854.png]]

2022-02-14 12:17:08 - [TEST_STEP][PASSED] - setText(findTestObject("Object Repository/DetailPop-up/MoreActions/RefundReason"), CancellationReason): Text 'Order Refunded to Test Automation Testing Under Katalon' is set on object 'Object Repository/DetailPop-up/MoreActions/RefundReason'

2022-02-14 12:17:15 - [MESSAGE][PASSED] - Text 'Order Refunded to Test Automation Testing Under Katalon' is set on object 'Object Repository/DetailPop-up/MoreActions/RefundReason'

2022-02-14 12:17:15 - [TEST_STEP][PASSED] - delay(1): Delayed 1 second(s)

2022-02-14 12:17:16 - [MESSAGE][PASSED] - Delayed 1 second(s)

2022-02-14 12:17:16 - [TEST_STEP][PASSED] - takeScreenshot(): Taking screenshot successfully

2022-02-14 12:17:16 - [MESSAGE][PASSED] - Taking screenshot successfully
[[ATTACHMENT|/home/intersoft-admin/Rattan/Bash/Training/Rattan/Final_testing/New_ActivityOverview/Reports/20220214_115757/RefundOrder-CopiedURL/20220214_115802/1644821236798.png]]

2022-02-14 12:17:16 - [TEST_STEP][PASSED] - click(findTestObject("Object Repository/DetailPop-up/MoreActions/confirmRefundOrder")): Object: 'Object Repository/DetailPop-up/MoreActions/confirmRefundOrder' is clicked on

2022-02-14 12:17:20 - [MESSAGE][PASSED] - Object: 'Object Repository/DetailPop-up/MoreActions/confirmRefundOrder' is clicked on

2022-02-14 12:17:20 - [TEST_STEP][PASSED] - delay(1): Delayed 1 second(s)

2022-02-14 12:17:21 - [MESSAGE][PASSED] - Delayed 1 second(s)

2022-02-14 12:17:21 - [TEST_STEP][PASSED] - takeScreenshot(): Taking screenshot successfully

2022-02-14 12:17:21 - [MESSAGE][PASSED] - Taking screenshot successfully
[[ATTACHMENT|/home/intersoft-admin/Rattan/Bash/Training/Rattan/Final_testing/New_ActivityOverview/Reports/20220214_115757/RefundOrder-CopiedURL/20220214_115802/1644821241482.png]]

2022-02-14 12:17:21 - [TEST_STEP][PASSED] - delay(12): Delayed 12 second(s)

2022-02-14 12:17:33 - [MESSAGE][PASSED] - Delayed 12 second(s)

2022-02-14 12:17:33 - [TEST_STEP][PASSED] - if (waitForElementVisible(findTestObject("Object Repository/DetailPop-up/MoreActions/CancelRefundButton"), 15) == true): null

2022-02-14 12:17:33 - [MESSAGE][PASSED] - Object 'Object Repository/DetailPop-up/MoreActions/CancelRefundButton' is visible

2022-02-14 12:17:33 - [TEST_STEP][PASSED] - click(findTestObject("Object Repository/DetailPop-up/MoreActions/CancelRefundButton")): Object: 'Object Repository/DetailPop-up/MoreActions/CancelRefundButton' is clicked on

2022-02-14 12:17:37 - [MESSAGE][PASSED] - Object: 'Object Repository/DetailPop-up/MoreActions/CancelRefundButton' is clicked on

2022-02-14 12:17:37 - [TEST_STEP][PASSED] - delay(1): Delayed 1 second(s)

2022-02-14 12:17:38 - [MESSAGE][PASSED] - Delayed 1 second(s)

2022-02-14 12:17:38 - [TEST_STEP][PASSED] - takeScreenshot(): Taking screenshot successfully

2022-02-14 12:17:38 - [MESSAGE][PASSED] - Taking screenshot successfully
[[ATTACHMENT|/home/intersoft-admin/Rattan/Bash/Training/Rattan/Final_testing/New_ActivityOverview/Reports/20220214_115757/RefundOrder-CopiedURL/20220214_115802/1644821258410.png]]

2022-02-14 12:17:38 - [TEST_STEP][PASSED] - switchToWindowIndex(0): Switched to window with index: '0'

2022-02-14 12:17:38 - [MESSAGE][PASSED] - Switched to window with index: '0'

2022-02-14 12:17:38 - [TEST_STEP][PASSED] - delay(13): Delayed 13 second(s)

2022-02-14 12:17:51 - [MESSAGE][PASSED] - Delayed 13 second(s)

2022-02-14 12:17:51 - [TEST_STEP][PASSED] - switchToFrame(findTestObject("Object Repository/Iframe/NewActivityOverviewIframe"), 5): null

2022-02-14 12:17:51 - [TEST_STEP][PASSED] - click(findTestObject("Object Repository/DetailPop-up/Backbutton/BackButtonToListing")): Object: 'Object Repository/DetailPop-up/Backbutton/BackButtonToListing' is clicked on

2022-02-14 12:17:55 - [MESSAGE][PASSED] - Object: 'Object Repository/DetailPop-up/Backbutton/BackButtonToListing' is clicked on

2022-02-14 12:17:55 - [TEST_STEP][PASSED] - delay(13): Delayed 13 second(s)

2022-02-14 12:18:08 - [MESSAGE][PASSED] - Delayed 13 second(s)

2022-02-14 12:18:08 - [TEST_STEP][PASSED] - if (l <= 5): null

2022-02-14 12:18:08 - [TEST_STEP][PASSED] - paginationvalue = l: null

2022-02-14 12:18:08 - [TEST_STEP][PASSED] - if (l > 5): null

2022-02-14 12:18:08 - [TEST_STEP][PASSED] - logInfo(Size of Pagination: $paginationvalue): Size of Pagination: 2

2022-02-14 12:18:08 - [MESSAGE][INFO] - Size of Pagination: 2

2022-02-14 12:18:08 - [TEST_STEP][PASSED] - click(findTestObject("Object Repository/PaginationCOunt/ClickOnPagination", ["pagination":paginationvalue])): Object: 'Object Repository/PaginationCOunt/ClickOnPagination' is clicked on

2022-02-14 12:18:11 - [MESSAGE][PASSED] - Object: 'Object Repository/PaginationCOunt/ClickOnPagination' is clicked on

2022-02-14 12:18:11 - [TEST_STEP][PASSED] - delay(20): Delayed 20 second(s)

2022-02-14 12:18:31 - [MESSAGE][PASSED] - Delayed 20 second(s)

2022-02-14 12:18:31 - [TEST_STEP][PASSED] - takeScreenshot(): Taking screenshot successfully

2022-02-14 12:18:31 - [MESSAGE][PASSED] - Taking screenshot successfully
[[ATTACHMENT|/home/intersoft-admin/Rattan/Bash/Training/Rattan/Final_testing/New_ActivityOverview/Reports/20220214_115757/RefundOrder-CopiedURL/20220214_115802/1644821311426.png]]

2022-02-14 12:18:31 - [TEST_STEP][PASSED] - SizeofActiveBookings = findWebElements(findTestObject("Object Repository/CancelAndRefund/OrderListWithoutRefundedStatus"), 5).size(): null

2022-02-14 12:18:31 - [TEST_STEP][PASSED] - logInfo(Size of Active Bookings: $SizeofActiveBookings): Size of Active Bookings: 74

2022-02-14 12:18:31 - [MESSAGE][INFO] - Size of Active Bookings: 74

2022-02-14 12:18:31 - [TEST_STEP][PASSED] - for ([refund = 1, refund < SizeofActiveBookings, (refund++)]): null

2022-02-14 12:18:31 - [TEST_STEP][PASSED] - if (refund == 1): null

2022-02-14 12:18:31 - [TEST_STEP][PASSED] - refund = SizeofActiveBookings: null

2022-02-14 12:18:31 - [TEST_STEP][PASSED] - refundvalue = refund: null

2022-02-14 12:18:31 - [TEST_STEP][PASSED] - logInfo(Size of refund booking: $refund): Size of refund booking: 74

2022-02-14 12:18:31 - [MESSAGE][INFO] - Size of refund booking: 74

2022-02-14 12:18:31 - [TEST_STEP][PASSED] - scrollToElement(findTestObject("Object Repository/CancelAndRefund/OrderListWithoutRefundedStatus - Click", ["position":refund]), 15): Scroll to object 'Object Repository/CancelAndRefund/OrderListWithoutRefundedStatus - Click' successfully

2022-02-14 12:18:31 - [MESSAGE][PASSED] - Scroll to object 'Object Repository/CancelAndRefund/OrderListWithoutRefundedStatus - Click' successfully

2022-02-14 12:18:31 - [TEST_STEP][PASSED] - takeScreenshot(): Taking screenshot successfully

2022-02-14 12:18:31 - [MESSAGE][PASSED] - Taking screenshot successfully
[[ATTACHMENT|/home/intersoft-admin/Rattan/Bash/Training/Rattan/Final_testing/New_ActivityOverview/Reports/20220214_115757/RefundOrder-CopiedURL/20220214_115802/1644821311743.png]]

2022-02-14 12:18:31 - [TEST_STEP][PASSED] - orderId = findWebElement(findTestObject("Object Repository/GetOrderID/GetOrderID", ["position":refund])).getAttribute("data-order_id"): null

2022-02-14 12:18:31 - [TEST_STEP][PASSED] - orderId = orderId: null

2022-02-14 12:18:31 - [TEST_STEP][PASSED] - logInfo(Order ID: $orderId): Order ID: 164455785534845

2022-02-14 12:18:31 - [MESSAGE][INFO] - Order ID: 164455785534845

2022-02-14 12:18:31 - [TEST_STEP][PASSED] - click(findTestObject("Object Repository/GetOrderID/GetOrderID", ["position":refund])): Object: 'Object Repository/GetOrderID/GetOrderID' is clicked on

2022-02-14 12:18:35 - [MESSAGE][PASSED] - Object: 'Object Repository/GetOrderID/GetOrderID' is clicked on

2022-02-14 12:18:35 - [TEST_STEP][PASSED] - delay(20): Delayed 20 second(s)

2022-02-14 12:18:55 - [MESSAGE][PASSED] - Delayed 20 second(s)

2022-02-14 12:18:55 - [TEST_STEP][PASSED] - takeScreenshot(): Taking screenshot successfully

2022-02-14 12:18:55 - [MESSAGE][PASSED] - Taking screenshot successfully
[[ATTACHMENT|/home/intersoft-admin/Rattan/Bash/Training/Rattan/Final_testing/New_ActivityOverview/Reports/20220214_115757/RefundOrder-CopiedURL/20220214_115802/1644821335164.png]]

2022-02-14 12:18:55 - [TEST_STEP][PASSED] - callTestCase(findTestCase("Test Cases/StepToReUse/StepTOCopyURLAndAddAnotherTab"), [:], CONTINUE_ON_FAILURE): Call Test Case 'Test Cases/StepToReUse/StepTOCopyURLAndAddAnotherTab' successfully

2022-02-14 12:18:55 - [TEST_CASE][PASSED] - Test Cases/StepToReUse/StepTOCopyURLAndAddAnotherTab: Test Cases/StepToReUse/StepTOCopyURLAndAddAnotherTab

2022-02-14 12:18:55 - [TEST_STEP][PASSED] - click(findTestObject("Object Repository/Header/Preview/ClickOnPreviewIcon")): Object: 'Object Repository/Header/Preview/ClickOnPreviewIcon' is clicked on

2022-02-14 12:18:58 - [MESSAGE][PASSED] - Object: 'Object Repository/Header/Preview/ClickOnPreviewIcon' is clicked on

2022-02-14 12:18:58 - [TEST_STEP][PASSED] - delay(10): Delayed 10 second(s)

2022-02-14 12:19:08 - [MESSAGE][PASSED] - Delayed 10 second(s)

2022-02-14 12:19:08 - [TEST_STEP][PASSED] - takeScreenshot(): Taking screenshot successfully

2022-02-14 12:19:08 - [MESSAGE][PASSED] - Taking screenshot successfully
[[ATTACHMENT|/home/intersoft-admin/Rattan/Bash/Training/Rattan/Final_testing/New_ActivityOverview/Reports/20220214_115757/RefundOrder-CopiedURL/20220214_115802/1644821348526.png]]

2022-02-14 12:19:08 - [TEST_STEP][PASSED] - click(findTestObject("Object Repository/Header/Preview/PrintVoucher")): Object: 'Object Repository/Header/Preview/PrintVoucher' is clicked on

2022-02-14 12:19:11 - [MESSAGE][PASSED] - Object: 'Object Repository/Header/Preview/PrintVoucher' is clicked on

2022-02-14 12:19:11 - [TEST_STEP][PASSED] - delay(10): Delayed 10 second(s)

2022-02-14 12:19:21 - [MESSAGE][PASSED] - Delayed 10 second(s)

2022-02-14 12:19:21 - [TEST_STEP][PASSED] - takeScreenshot(): Taking screenshot successfully

2022-02-14 12:19:22 - [MESSAGE][PASSED] - Taking screenshot successfully
[[ATTACHMENT|/home/intersoft-admin/Rattan/Bash/Training/Rattan/Final_testing/New_ActivityOverview/Reports/20220214_115757/RefundOrder-CopiedURL/20220214_115802/1644821361842.png]]

2022-02-14 12:19:22 - [TEST_STEP][PASSED] - UrlToClick = findWebElement(findTestObject("Object Repository/Header/CopyUrl/CopyUrl")).getAttribute("data-href_url"): null

2022-02-14 12:19:22 - [TEST_STEP][PASSED] - println(UrlToClick): null

2022-02-14 12:19:22 - [TEST_STEP][PASSED] - ActivityUrl = UrlToClick: null

2022-02-14 12:19:22 - [TEST_STEP][PASSED] - switchToWindowIndex(1): Switched to window with index: '1'

2022-02-14 12:19:22 - [MESSAGE][PASSED] - Switched to window with index: '1'

2022-02-14 12:19:22 - [TEST_STEP][PASSED] - delay(5): Delayed 5 second(s)

2022-02-14 12:19:27 - [MESSAGE][PASSED] - Delayed 5 second(s)

2022-02-14 12:19:27 - [TEST_STEP][PASSED] - navigateToUrl(ActivityUrl): Navigate to 'https://activity.test-prio.com/orders/164455785534845' successfully

2022-02-14 12:19:31 - [MESSAGE][PASSED] - Navigate to 'https://activity.test-prio.com/orders/164455785534845' successfully

2022-02-14 12:19:31 - [TEST_STEP][PASSED] - takeScreenshot(): Taking screenshot successfully

2022-02-14 12:19:32 - [MESSAGE][PASSED] - Taking screenshot successfully
[[ATTACHMENT|/home/intersoft-admin/Rattan/Bash/Training/Rattan/Final_testing/New_ActivityOverview/Reports/20220214_115757/RefundOrder-CopiedURL/20220214_115802/1644821372076.png]]

2022-02-14 12:19:32 - [TEST_STEP][PASSED] - switchToDefaultContent(): null

2022-02-14 12:19:32 - [MESSAGE][PASSED] - Call Test Case 'Test Cases/StepToReUse/StepTOCopyURLAndAddAnotherTab' successfully

2022-02-14 12:19:32 - [TEST_STEP][PASSED] - if (waitForElementVisible(findTestObject("Object Repository/DetailPop-up/MoreActions/MoreOptionSelect"), 15) == true): null

2022-02-14 12:19:32 - [MESSAGE][PASSED] - Object 'Object Repository/DetailPop-up/MoreActions/MoreOptionSelect' is visible

2022-02-14 12:19:32 - [TEST_STEP][PASSED] - click(findTestObject("Object Repository/DetailPop-up/MoreActions/MoreOptionSelect")): Object: 'Object Repository/DetailPop-up/MoreActions/MoreOptionSelect' is clicked on

2022-02-14 12:19:35 - [MESSAGE][PASSED] - Object: 'Object Repository/DetailPop-up/MoreActions/MoreOptionSelect' is clicked on

2022-02-14 12:19:35 - [TEST_STEP][PASSED] - delay(1): Delayed 1 second(s)

2022-02-14 12:19:36 - [MESSAGE][PASSED] - Delayed 1 second(s)

2022-02-14 12:19:36 - [TEST_STEP][PASSED] - takeScreenshot(): Taking screenshot successfully

2022-02-14 12:19:37 - [MESSAGE][PASSED] - Taking screenshot successfully
[[ATTACHMENT|/home/intersoft-admin/Rattan/Bash/Training/Rattan/Final_testing/New_ActivityOverview/Reports/20220214_115757/RefundOrder-CopiedURL/20220214_115802/1644821377013.png]]

2022-02-14 12:19:37 - [TEST_STEP][PASSED] - if (waitForElementVisible(findTestObject("Object Repository/DetailPop-up/MoreActions/MoreAction-SelectOptions", ["action":"Refund"]), 15) == true): null

2022-02-14 12:19:37 - [MESSAGE][PASSED] - Object 'Object Repository/DetailPop-up/MoreActions/MoreAction-SelectOptions' is visible

2022-02-14 12:19:37 - [TEST_STEP][PASSED] - click(findTestObject("Object Repository/DetailPop-up/MoreActions/MoreAction-SelectOptions", ["action":"Refund"])): Object: 'Object Repository/DetailPop-up/MoreActions/MoreAction-SelectOptions' is clicked on

2022-02-14 12:19:40 - [MESSAGE][PASSED] - Object: 'Object Repository/DetailPop-up/MoreActions/MoreAction-SelectOptions' is clicked on

2022-02-14 12:19:40 - [TEST_STEP][PASSED] - delay(1): Delayed 1 second(s)

2022-02-14 12:19:41 - [MESSAGE][PASSED] - Delayed 1 second(s)

2022-02-14 12:19:41 - [TEST_STEP][PASSED] - takeScreenshot(): Taking screenshot successfully

2022-02-14 12:19:42 - [MESSAGE][PASSED] - Taking screenshot successfully
[[ATTACHMENT|/home/intersoft-admin/Rattan/Bash/Training/Rattan/Final_testing/New_ActivityOverview/Reports/20220214_115757/RefundOrder-CopiedURL/20220214_115802/1644821381971.png]]

2022-02-14 12:19:42 - [TEST_STEP][PASSED] - setText(findTestObject("Object Repository/DetailPop-up/MoreActions/RefundReason"), CancellationReason): Text 'Order Refunded to Test Automation Testing Under Katalon' is set on object 'Object Repository/DetailPop-up/MoreActions/RefundReason'

2022-02-14 12:19:48 - [MESSAGE][PASSED] - Text 'Order Refunded to Test Automation Testing Under Katalon' is set on object 'Object Repository/DetailPop-up/MoreActions/RefundReason'

2022-02-14 12:19:48 - [TEST_STEP][PASSED] - delay(1): Delayed 1 second(s)

2022-02-14 12:19:49 - [MESSAGE][PASSED] - Delayed 1 second(s)

2022-02-14 12:19:49 - [TEST_STEP][PASSED] - takeScreenshot(): Taking screenshot successfully

2022-02-14 12:19:50 - [MESSAGE][PASSED] - Taking screenshot successfully
[[ATTACHMENT|/home/intersoft-admin/Rattan/Bash/Training/Rattan/Final_testing/New_ActivityOverview/Reports/20220214_115757/RefundOrder-CopiedURL/20220214_115802/1644821389945.png]]

2022-02-14 12:19:50 - [TEST_STEP][PASSED] - click(findTestObject("Object Repository/DetailPop-up/MoreActions/confirmRefundOrder")): Object: 'Object Repository/DetailPop-up/MoreActions/confirmRefundOrder' is clicked on

2022-02-14 12:19:53 - [MESSAGE][PASSED] - Object: 'Object Repository/DetailPop-up/MoreActions/confirmRefundOrder' is clicked on

2022-02-14 12:19:53 - [TEST_STEP][PASSED] - delay(1): Delayed 1 second(s)

2022-02-14 12:19:54 - [MESSAGE][PASSED] - Delayed 1 second(s)

2022-02-14 12:19:54 - [TEST_STEP][PASSED] - takeScreenshot(): Taking screenshot successfully

2022-02-14 12:19:54 - [MESSAGE][PASSED] - Taking screenshot successfully
[[ATTACHMENT|/home/intersoft-admin/Rattan/Bash/Training/Rattan/Final_testing/New_ActivityOverview/Reports/20220214_115757/RefundOrder-CopiedURL/20220214_115802/1644821394695.png]]

2022-02-14 12:19:54 - [TEST_STEP][PASSED] - delay(12): Delayed 12 second(s)

2022-02-14 12:20:06 - [MESSAGE][PASSED] - Delayed 12 second(s)

2022-02-14 12:20:06 - [TEST_STEP][PASSED] - if (waitForElementVisible(findTestObject("Object Repository/DetailPop-up/MoreActions/CancelRefundButton"), 15) == true): null

2022-02-14 12:20:07 - [MESSAGE][PASSED] - Object 'Object Repository/DetailPop-up/MoreActions/CancelRefundButton' is visible

2022-02-14 12:20:07 - [TEST_STEP][PASSED] - click(findTestObject("Object Repository/DetailPop-up/MoreActions/CancelRefundButton")): Object: 'Object Repository/DetailPop-up/MoreActions/CancelRefundButton' is clicked on

2022-02-14 12:20:10 - [MESSAGE][PASSED] - Object: 'Object Repository/DetailPop-up/MoreActions/CancelRefundButton' is clicked on

2022-02-14 12:20:10 - [TEST_STEP][PASSED] - delay(1): Delayed 1 second(s)

2022-02-14 12:20:11 - [MESSAGE][PASSED] - Delayed 1 second(s)

2022-02-14 12:20:11 - [TEST_STEP][PASSED] - takeScreenshot(): Taking screenshot successfully

2022-02-14 12:20:11 - [MESSAGE][PASSED] - Taking screenshot successfully
[[ATTACHMENT|/home/intersoft-admin/Rattan/Bash/Training/Rattan/Final_testing/New_ActivityOverview/Reports/20220214_115757/RefundOrder-CopiedURL/20220214_115802/1644821411702.png]]

2022-02-14 12:20:11 - [TEST_STEP][PASSED] - switchToWindowIndex(0): Switched to window with index: '0'

2022-02-14 12:20:11 - [MESSAGE][PASSED] - Switched to window with index: '0'

2022-02-14 12:20:11 - [TEST_STEP][PASSED] - delay(13): Delayed 13 second(s)

2022-02-14 12:20:24 - [MESSAGE][PASSED] - Delayed 13 second(s)

2022-02-14 12:20:24 - [TEST_STEP][PASSED] - switchToFrame(findTestObject("Object Repository/Iframe/NewActivityOverviewIframe"), 5): null

2022-02-14 12:20:25 - [TEST_STEP][PASSED] - click(findTestObject("Object Repository/DetailPop-up/Backbutton/BackButtonToListing")): Object: 'Object Repository/DetailPop-up/Backbutton/BackButtonToListing' is clicked on

2022-02-14 12:20:28 - [MESSAGE][PASSED] - Object: 'Object Repository/DetailPop-up/Backbutton/BackButtonToListing' is clicked on

2022-02-14 12:20:28 - [TEST_STEP][PASSED] - delay(13): Delayed 13 second(s)

2022-02-14 12:20:41 - [MESSAGE][PASSED] - Delayed 13 second(s)

2022-02-14 12:20:41 - [TEST_STEP][PASSED] - if (l <= 5): null

2022-02-14 12:20:41 - [TEST_STEP][PASSED] - paginationvalue = l: null

2022-02-14 12:20:41 - [TEST_STEP][PASSED] - if (l > 5): null

2022-02-14 12:20:41 - [TEST_STEP][PASSED] - logInfo(Size of Pagination: $paginationvalue): Size of Pagination: 3

2022-02-14 12:20:41 - [MESSAGE][INFO] - Size of Pagination: 3

2022-02-14 12:20:41 - [TEST_STEP][PASSED] - click(findTestObject("Object Repository/PaginationCOunt/ClickOnPagination", ["pagination":paginationvalue])): Object: 'Object Repository/PaginationCOunt/ClickOnPagination' is clicked on

2022-02-14 12:20:44 - [MESSAGE][PASSED] - Object: 'Object Repository/PaginationCOunt/ClickOnPagination' is clicked on

2022-02-14 12:20:44 - [TEST_STEP][PASSED] - delay(20): Delayed 20 second(s)

2022-02-14 12:21:04 - [MESSAGE][PASSED] - Delayed 20 second(s)

2022-02-14 12:21:04 - [TEST_STEP][PASSED] - takeScreenshot(): Taking screenshot successfully

2022-02-14 12:21:04 - [MESSAGE][PASSED] - Taking screenshot successfully
[[ATTACHMENT|/home/intersoft-admin/Rattan/Bash/Training/Rattan/Final_testing/New_ActivityOverview/Reports/20220214_115757/RefundOrder-CopiedURL/20220214_115802/1644821464640.png]]

2022-02-14 12:21:04 - [TEST_STEP][PASSED] - SizeofActiveBookings = findWebElements(findTestObject("Object Repository/CancelAndRefund/OrderListWithoutRefundedStatus"), 5).size(): null

2022-02-14 12:21:04 - [TEST_STEP][PASSED] - logInfo(Size of Active Bookings: $SizeofActiveBookings): Size of Active Bookings: 80

2022-02-14 12:21:04 - [MESSAGE][INFO] - Size of Active Bookings: 80

2022-02-14 12:21:04 - [TEST_STEP][PASSED] - for ([refund = 1, refund < SizeofActiveBookings, (refund++)]): null

2022-02-14 12:21:04 - [TEST_STEP][PASSED] - if (refund == 1): null

2022-02-14 12:21:04 - [TEST_STEP][PASSED] - refund = SizeofActiveBookings: null

2022-02-14 12:21:04 - [TEST_STEP][PASSED] - refundvalue = refund: null

2022-02-14 12:21:04 - [TEST_STEP][PASSED] - logInfo(Size of refund booking: $refund): Size of refund booking: 80

2022-02-14 12:21:04 - [MESSAGE][INFO] - Size of refund booking: 80

2022-02-14 12:21:04 - [TEST_STEP][PASSED] - scrollToElement(findTestObject("Object Repository/CancelAndRefund/OrderListWithoutRefundedStatus - Click", ["position":refund]), 15): Scroll to object 'Object Repository/CancelAndRefund/OrderListWithoutRefundedStatus - Click' successfully

2022-02-14 12:21:04 - [MESSAGE][PASSED] - Scroll to object 'Object Repository/CancelAndRefund/OrderListWithoutRefundedStatus - Click' successfully

2022-02-14 12:21:04 - [TEST_STEP][PASSED] - takeScreenshot(): Taking screenshot successfully

2022-02-14 12:21:05 - [MESSAGE][PASSED] - Taking screenshot successfully
[[ATTACHMENT|/home/intersoft-admin/Rattan/Bash/Training/Rattan/Final_testing/New_ActivityOverview/Reports/20220214_115757/RefundOrder-CopiedURL/20220214_115802/1644821464996.png]]

2022-02-14 12:21:05 - [TEST_STEP][PASSED] - orderId = findWebElement(findTestObject("Object Repository/GetOrderID/GetOrderID", ["position":refund])).getAttribute("data-order_id"): null

2022-02-14 12:21:05 - [TEST_STEP][PASSED] - orderId = orderId: null

2022-02-14 12:21:05 - [TEST_STEP][PASSED] - logInfo(Order ID: $orderId): Order ID: 164440509594261

2022-02-14 12:21:05 - [MESSAGE][INFO] - Order ID: 164440509594261

2022-02-14 12:21:05 - [TEST_STEP][PASSED] - click(findTestObject("Object Repository/GetOrderID/GetOrderID", ["position":refund])): Object: 'Object Repository/GetOrderID/GetOrderID' is clicked on

2022-02-14 12:21:08 - [MESSAGE][PASSED] - Object: 'Object Repository/GetOrderID/GetOrderID' is clicked on

2022-02-14 12:21:08 - [TEST_STEP][PASSED] - delay(20): Delayed 20 second(s)

2022-02-14 12:21:28 - [MESSAGE][PASSED] - Delayed 20 second(s)

2022-02-14 12:21:28 - [TEST_STEP][PASSED] - takeScreenshot(): Taking screenshot successfully

2022-02-14 12:21:28 - [MESSAGE][PASSED] - Taking screenshot successfully
[[ATTACHMENT|/home/intersoft-admin/Rattan/Bash/Training/Rattan/Final_testing/New_ActivityOverview/Reports/20220214_115757/RefundOrder-CopiedURL/20220214_115802/1644821488459.png]]

2022-02-14 12:21:28 - [TEST_STEP][PASSED] - callTestCase(findTestCase("Test Cases/StepToReUse/StepTOCopyURLAndAddAnotherTab"), [:], CONTINUE_ON_FAILURE): Call Test Case 'Test Cases/StepToReUse/StepTOCopyURLAndAddAnotherTab' successfully

2022-02-14 12:21:28 - [TEST_CASE][PASSED] - Test Cases/StepToReUse/StepTOCopyURLAndAddAnotherTab: Test Cases/StepToReUse/StepTOCopyURLAndAddAnotherTab

2022-02-14 12:21:28 - [TEST_STEP][PASSED] - click(findTestObject("Object Repository/Header/Preview/ClickOnPreviewIcon")): Object: 'Object Repository/Header/Preview/ClickOnPreviewIcon' is clicked on

2022-02-14 12:21:31 - [MESSAGE][PASSED] - Object: 'Object Repository/Header/Preview/ClickOnPreviewIcon' is clicked on

2022-02-14 12:21:31 - [TEST_STEP][PASSED] - delay(10): Delayed 10 second(s)

2022-02-14 12:21:41 - [MESSAGE][PASSED] - Delayed 10 second(s)

2022-02-14 12:21:41 - [TEST_STEP][PASSED] - takeScreenshot(): Taking screenshot successfully

2022-02-14 12:21:41 - [MESSAGE][PASSED] - Taking screenshot successfully
[[ATTACHMENT|/home/intersoft-admin/Rattan/Bash/Training/Rattan/Final_testing/New_ActivityOverview/Reports/20220214_115757/RefundOrder-CopiedURL/20220214_115802/1644821501811.png]]

2022-02-14 12:21:41 - [TEST_STEP][PASSED] - click(findTestObject("Object Repository/Header/Preview/PrintVoucher")): Object: 'Object Repository/Header/Preview/PrintVoucher' is clicked on

2022-02-14 12:21:45 - [MESSAGE][PASSED] - Object: 'Object Repository/Header/Preview/PrintVoucher' is clicked on

2022-02-14 12:21:45 - [TEST_STEP][PASSED] - delay(10): Delayed 10 second(s)

2022-02-14 12:21:55 - [MESSAGE][PASSED] - Delayed 10 second(s)

2022-02-14 12:21:55 - [TEST_STEP][PASSED] - takeScreenshot(): Taking screenshot successfully

2022-02-14 12:21:55 - [MESSAGE][PASSED] - Taking screenshot successfully
[[ATTACHMENT|/home/intersoft-admin/Rattan/Bash/Training/Rattan/Final_testing/New_ActivityOverview/Reports/20220214_115757/RefundOrder-CopiedURL/20220214_115802/1644821515126.png]]

2022-02-14 12:21:55 - [TEST_STEP][PASSED] - UrlToClick = findWebElement(findTestObject("Object Repository/Header/CopyUrl/CopyUrl")).getAttribute("data-href_url"): null

2022-02-14 12:21:55 - [TEST_STEP][PASSED] - println(UrlToClick): null

2022-02-14 12:21:55 - [TEST_STEP][PASSED] - ActivityUrl = UrlToClick: null

2022-02-14 12:21:55 - [TEST_STEP][PASSED] - switchToWindowIndex(1): Switched to window with index: '1'

2022-02-14 12:21:55 - [MESSAGE][PASSED] - Switched to window with index: '1'

2022-02-14 12:21:55 - [TEST_STEP][PASSED] - delay(5): Delayed 5 second(s)

2022-02-14 12:22:00 - [MESSAGE][PASSED] - Delayed 5 second(s)

2022-02-14 12:22:00 - [TEST_STEP][PASSED] - navigateToUrl(ActivityUrl): Navigate to 'https://activity.test-prio.com/orders/164440509594261' successfully

2022-02-14 12:22:04 - [MESSAGE][PASSED] - Navigate to 'https://activity.test-prio.com/orders/164440509594261' successfully

2022-02-14 12:22:04 - [TEST_STEP][PASSED] - takeScreenshot(): Taking screenshot successfully

2022-02-14 12:22:05 - [MESSAGE][PASSED] - Taking screenshot successfully
[[ATTACHMENT|/home/intersoft-admin/Rattan/Bash/Training/Rattan/Final_testing/New_ActivityOverview/Reports/20220214_115757/RefundOrder-CopiedURL/20220214_115802/1644821525035.png]]

2022-02-14 12:22:05 - [TEST_STEP][PASSED] - switchToDefaultContent(): null

2022-02-14 12:22:05 - [MESSAGE][PASSED] - Call Test Case 'Test Cases/StepToReUse/StepTOCopyURLAndAddAnotherTab' successfully

2022-02-14 12:22:05 - [TEST_STEP][PASSED] - if (waitForElementVisible(findTestObject("Object Repository/DetailPop-up/MoreActions/MoreOptionSelect"), 15) == true): null

2022-02-14 12:22:05 - [MESSAGE][PASSED] - Object 'Object Repository/DetailPop-up/MoreActions/MoreOptionSelect' is visible

2022-02-14 12:22:05 - [TEST_STEP][PASSED] - click(findTestObject("Object Repository/DetailPop-up/MoreActions/MoreOptionSelect")): Object: 'Object Repository/DetailPop-up/MoreActions/MoreOptionSelect' is clicked on

2022-02-14 12:22:08 - [MESSAGE][PASSED] - Object: 'Object Repository/DetailPop-up/MoreActions/MoreOptionSelect' is clicked on

2022-02-14 12:22:08 - [TEST_STEP][PASSED] - delay(1): Delayed 1 second(s)

2022-02-14 12:22:09 - [MESSAGE][PASSED] - Delayed 1 second(s)

2022-02-14 12:22:09 - [TEST_STEP][PASSED] - takeScreenshot(): Taking screenshot successfully

2022-02-14 12:22:10 - [MESSAGE][PASSED] - Taking screenshot successfully
[[ATTACHMENT|/home/intersoft-admin/Rattan/Bash/Training/Rattan/Final_testing/New_ActivityOverview/Reports/20220214_115757/RefundOrder-CopiedURL/20220214_115802/1644821530021.png]]

2022-02-14 12:22:10 - [TEST_STEP][PASSED] - if (waitForElementVisible(findTestObject("Object Repository/DetailPop-up/MoreActions/MoreAction-SelectOptions", ["action":"Refund"]), 15) == true): null

2022-02-14 12:22:10 - [MESSAGE][PASSED] - Object 'Object Repository/DetailPop-up/MoreActions/MoreAction-SelectOptions' is visible

2022-02-14 12:22:10 - [TEST_STEP][PASSED] - click(findTestObject("Object Repository/DetailPop-up/MoreActions/MoreAction-SelectOptions", ["action":"Refund"])): Object: 'Object Repository/DetailPop-up/MoreActions/MoreAction-SelectOptions' is clicked on

2022-02-14 12:22:13 - [MESSAGE][PASSED] - Object: 'Object Repository/DetailPop-up/MoreActions/MoreAction-SelectOptions' is clicked on

2022-02-14 12:22:13 - [TEST_STEP][PASSED] - delay(1): Delayed 1 second(s)

2022-02-14 12:22:14 - [MESSAGE][PASSED] - Delayed 1 second(s)

2022-02-14 12:22:14 - [TEST_STEP][PASSED] - takeScreenshot(): Taking screenshot successfully

2022-02-14 12:22:15 - [MESSAGE][PASSED] - Taking screenshot successfully
[[ATTACHMENT|/home/intersoft-admin/Rattan/Bash/Training/Rattan/Final_testing/New_ActivityOverview/Reports/20220214_115757/RefundOrder-CopiedURL/20220214_115802/1644821535059.png]]

2022-02-14 12:22:15 - [TEST_STEP][PASSED] - setText(findTestObject("Object Repository/DetailPop-up/MoreActions/RefundReason"), CancellationReason): Text 'Order Refunded to Test Automation Testing Under Katalon' is set on object 'Object Repository/DetailPop-up/MoreActions/RefundReason'

2022-02-14 12:22:21 - [MESSAGE][PASSED] - Text 'Order Refunded to Test Automation Testing Under Katalon' is set on object 'Object Repository/DetailPop-up/MoreActions/RefundReason'

2022-02-14 12:22:21 - [TEST_STEP][PASSED] - delay(1): Delayed 1 second(s)

2022-02-14 12:22:22 - [MESSAGE][PASSED] - Delayed 1 second(s)

2022-02-14 12:22:22 - [TEST_STEP][PASSED] - takeScreenshot(): Taking screenshot successfully

2022-02-14 12:22:23 - [MESSAGE][PASSED] - Taking screenshot successfully
[[ATTACHMENT|/home/intersoft-admin/Rattan/Bash/Training/Rattan/Final_testing/New_ActivityOverview/Reports/20220214_115757/RefundOrder-CopiedURL/20220214_115802/1644821543107.png]]

2022-02-14 12:22:23 - [TEST_STEP][PASSED] - click(findTestObject("Object Repository/DetailPop-up/MoreActions/confirmRefundOrder")): Object: 'Object Repository/DetailPop-up/MoreActions/confirmRefundOrder' is clicked on

2022-02-14 12:22:26 - [MESSAGE][PASSED] - Object: 'Object Repository/DetailPop-up/MoreActions/confirmRefundOrder' is clicked on

2022-02-14 12:22:26 - [TEST_STEP][PASSED] - delay(1): Delayed 1 second(s)

2022-02-14 12:22:27 - [MESSAGE][PASSED] - Delayed 1 second(s)

2022-02-14 12:22:27 - [TEST_STEP][PASSED] - takeScreenshot(): Taking screenshot successfully

2022-02-14 12:22:27 - [MESSAGE][PASSED] - Taking screenshot successfully
[[ATTACHMENT|/home/intersoft-admin/Rattan/Bash/Training/Rattan/Final_testing/New_ActivityOverview/Reports/20220214_115757/RefundOrder-CopiedURL/20220214_115802/1644821547803.png]]

2022-02-14 12:22:27 - [TEST_STEP][PASSED] - delay(12): Delayed 12 second(s)

2022-02-14 12:22:39 - [MESSAGE][PASSED] - Delayed 12 second(s)

2022-02-14 12:22:39 - [TEST_STEP][PASSED] - if (waitForElementVisible(findTestObject("Object Repository/DetailPop-up/MoreActions/CancelRefundButton"), 15) == true): null

2022-02-14 12:22:40 - [MESSAGE][PASSED] - Object 'Object Repository/DetailPop-up/MoreActions/CancelRefundButton' is visible

2022-02-14 12:22:40 - [TEST_STEP][PASSED] - click(findTestObject("Object Repository/DetailPop-up/MoreActions/CancelRefundButton")): Object: 'Object Repository/DetailPop-up/MoreActions/CancelRefundButton' is clicked on

2022-02-14 12:22:43 - [MESSAGE][PASSED] - Object: 'Object Repository/DetailPop-up/MoreActions/CancelRefundButton' is clicked on

2022-02-14 12:22:43 - [TEST_STEP][PASSED] - delay(1): Delayed 1 second(s)

2022-02-14 12:22:44 - [MESSAGE][PASSED] - Delayed 1 second(s)

2022-02-14 12:22:44 - [TEST_STEP][PASSED] - takeScreenshot(): Taking screenshot successfully

2022-02-14 12:22:44 - [MESSAGE][PASSED] - Taking screenshot successfully
[[ATTACHMENT|/home/intersoft-admin/Rattan/Bash/Training/Rattan/Final_testing/New_ActivityOverview/Reports/20220214_115757/RefundOrder-CopiedURL/20220214_115802/1644821564756.png]]

2022-02-14 12:22:44 - [TEST_STEP][PASSED] - switchToWindowIndex(0): Switched to window with index: '0'

2022-02-14 12:22:44 - [MESSAGE][PASSED] - Switched to window with index: '0'

2022-02-14 12:22:44 - [TEST_STEP][PASSED] - delay(13): Delayed 13 second(s)

2022-02-14 12:22:57 - [MESSAGE][PASSED] - Delayed 13 second(s)

2022-02-14 12:22:57 - [TEST_STEP][PASSED] - switchToFrame(findTestObject("Object Repository/Iframe/NewActivityOverviewIframe"), 5): null

2022-02-14 12:22:58 - [TEST_STEP][PASSED] - click(findTestObject("Object Repository/DetailPop-up/Backbutton/BackButtonToListing")): Object: 'Object Repository/DetailPop-up/Backbutton/BackButtonToListing' is clicked on

2022-02-14 12:23:01 - [MESSAGE][PASSED] - Object: 'Object Repository/DetailPop-up/Backbutton/BackButtonToListing' is clicked on

2022-02-14 12:23:01 - [TEST_STEP][PASSED] - delay(13): Delayed 13 second(s)

2022-02-14 12:23:14 - [MESSAGE][PASSED] - Delayed 13 second(s)

2022-02-14 12:23:14 - [TEST_STEP][PASSED] - if (l <= 5): null

2022-02-14 12:23:14 - [TEST_STEP][PASSED] - paginationvalue = l: null

2022-02-14 12:23:14 - [TEST_STEP][PASSED] - if (l > 5): null

2022-02-14 12:23:14 - [TEST_STEP][PASSED] - logInfo(Size of Pagination: $paginationvalue): Size of Pagination: 4

2022-02-14 12:23:14 - [MESSAGE][INFO] - Size of Pagination: 4

2022-02-14 12:23:14 - [TEST_STEP][PASSED] - click(findTestObject("Object Repository/PaginationCOunt/ClickOnPagination", ["pagination":paginationvalue])): Object: 'Object Repository/PaginationCOunt/ClickOnPagination' is clicked on

2022-02-14 12:23:17 - [MESSAGE][PASSED] - Object: 'Object Repository/PaginationCOunt/ClickOnPagination' is clicked on

2022-02-14 12:23:17 - [TEST_STEP][PASSED] - delay(20): Delayed 20 second(s)

2022-02-14 12:23:37 - [MESSAGE][PASSED] - Delayed 20 second(s)

2022-02-14 12:23:37 - [TEST_STEP][PASSED] - takeScreenshot(): Taking screenshot successfully

2022-02-14 12:23:37 - [MESSAGE][PASSED] - Taking screenshot successfully
[[ATTACHMENT|/home/intersoft-admin/Rattan/Bash/Training/Rattan/Final_testing/New_ActivityOverview/Reports/20220214_115757/RefundOrder-CopiedURL/20220214_115802/1644821617708.png]]

2022-02-14 12:23:37 - [TEST_STEP][PASSED] - SizeofActiveBookings = findWebElements(findTestObject("Object Repository/CancelAndRefund/OrderListWithoutRefundedStatus"), 5).size(): null

2022-02-14 12:23:37 - [TEST_STEP][PASSED] - logInfo(Size of Active Bookings: $SizeofActiveBookings): Size of Active Bookings: 82

2022-02-14 12:23:37 - [MESSAGE][INFO] - Size of Active Bookings: 82

2022-02-14 12:23:37 - [TEST_STEP][PASSED] - for ([refund = 1, refund < SizeofActiveBookings, (refund++)]): null

2022-02-14 12:23:37 - [TEST_STEP][PASSED] - if (refund == 1): null

2022-02-14 12:23:37 - [TEST_STEP][PASSED] - refund = SizeofActiveBookings: null

2022-02-14 12:23:37 - [TEST_STEP][PASSED] - refundvalue = refund: null

2022-02-14 12:23:37 - [TEST_STEP][PASSED] - logInfo(Size of refund booking: $refund): Size of refund booking: 82

2022-02-14 12:23:37 - [MESSAGE][INFO] - Size of refund booking: 82

2022-02-14 12:23:37 - [TEST_STEP][PASSED] - scrollToElement(findTestObject("Object Repository/CancelAndRefund/OrderListWithoutRefundedStatus - Click", ["position":refund]), 15): Scroll to object 'Object Repository/CancelAndRefund/OrderListWithoutRefundedStatus - Click' successfully

2022-02-14 12:23:38 - [MESSAGE][PASSED] - Scroll to object 'Object Repository/CancelAndRefund/OrderListWithoutRefundedStatus - Click' successfully

2022-02-14 12:23:38 - [TEST_STEP][PASSED] - takeScreenshot(): Taking screenshot successfully

2022-02-14 12:23:38 - [MESSAGE][PASSED] - Taking screenshot successfully
[[ATTACHMENT|/home/intersoft-admin/Rattan/Bash/Training/Rattan/Final_testing/New_ActivityOverview/Reports/20220214_115757/RefundOrder-CopiedURL/20220214_115802/1644821618102.png]]

2022-02-14 12:23:38 - [TEST_STEP][PASSED] - orderId = findWebElement(findTestObject("Object Repository/GetOrderID/GetOrderID", ["position":refund])).getAttribute("data-order_id"): null

2022-02-14 12:23:38 - [TEST_STEP][PASSED] - orderId = orderId: null

2022-02-14 12:23:38 - [TEST_STEP][PASSED] - logInfo(Order ID: $orderId): Order ID: 164431640270070

2022-02-14 12:23:38 - [MESSAGE][INFO] - Order ID: 164431640270070

2022-02-14 12:23:38 - [TEST_STEP][PASSED] - click(findTestObject("Object Repository/GetOrderID/GetOrderID", ["position":refund])): Object: 'Object Repository/GetOrderID/GetOrderID' is clicked on

2022-02-14 12:23:41 - [MESSAGE][PASSED] - Object: 'Object Repository/GetOrderID/GetOrderID' is clicked on

2022-02-14 12:23:41 - [TEST_STEP][PASSED] - delay(20): Delayed 20 second(s)

2022-02-14 12:24:01 - [MESSAGE][PASSED] - Delayed 20 second(s)

2022-02-14 12:24:01 - [TEST_STEP][PASSED] - takeScreenshot(): Taking screenshot successfully

2022-02-14 12:24:01 - [MESSAGE][PASSED] - Taking screenshot successfully
[[ATTACHMENT|/home/intersoft-admin/Rattan/Bash/Training/Rattan/Final_testing/New_ActivityOverview/Reports/20220214_115757/RefundOrder-CopiedURL/20220214_115802/1644821641501.png]]

2022-02-14 12:24:01 - [TEST_STEP][PASSED] - callTestCase(findTestCase("Test Cases/StepToReUse/StepTOCopyURLAndAddAnotherTab"), [:], CONTINUE_ON_FAILURE): Call Test Case 'Test Cases/StepToReUse/StepTOCopyURLAndAddAnotherTab' successfully

2022-02-14 12:24:01 - [TEST_CASE][PASSED] - Test Cases/StepToReUse/StepTOCopyURLAndAddAnotherTab: Test Cases/StepToReUse/StepTOCopyURLAndAddAnotherTab

2022-02-14 12:24:01 - [TEST_STEP][PASSED] - click(findTestObject("Object Repository/Header/Preview/ClickOnPreviewIcon")): Object: 'Object Repository/Header/Preview/ClickOnPreviewIcon' is clicked on

2022-02-14 12:24:04 - [MESSAGE][PASSED] - Object: 'Object Repository/Header/Preview/ClickOnPreviewIcon' is clicked on

2022-02-14 12:24:04 - [TEST_STEP][PASSED] - delay(10): Delayed 10 second(s)

2022-02-14 12:24:14 - [MESSAGE][PASSED] - Delayed 10 second(s)

2022-02-14 12:24:14 - [TEST_STEP][PASSED] - takeScreenshot(): Taking screenshot successfully

2022-02-14 12:24:15 - [MESSAGE][PASSED] - Taking screenshot successfully
[[ATTACHMENT|/home/intersoft-admin/Rattan/Bash/Training/Rattan/Final_testing/New_ActivityOverview/Reports/20220214_115757/RefundOrder-CopiedURL/20220214_115802/1644821654908.png]]

2022-02-14 12:24:15 - [TEST_STEP][PASSED] - click(findTestObject("Object Repository/Header/Preview/PrintVoucher")): Object: 'Object Repository/Header/Preview/PrintVoucher' is clicked on

2022-02-14 12:24:18 - [MESSAGE][PASSED] - Object: 'Object Repository/Header/Preview/PrintVoucher' is clicked on

2022-02-14 12:24:18 - [TEST_STEP][PASSED] - delay(10): Delayed 10 second(s)

2022-02-14 12:24:28 - [MESSAGE][PASSED] - Delayed 10 second(s)

2022-02-14 12:24:28 - [TEST_STEP][PASSED] - takeScreenshot(): Taking screenshot successfully

2022-02-14 12:24:28 - [MESSAGE][PASSED] - Taking screenshot successfully
[[ATTACHMENT|/home/intersoft-admin/Rattan/Bash/Training/Rattan/Final_testing/New_ActivityOverview/Reports/20220214_115757/RefundOrder-CopiedURL/20220214_115802/1644821668187.png]]

2022-02-14 12:24:28 - [TEST_STEP][PASSED] - UrlToClick = findWebElement(findTestObject("Object Repository/Header/CopyUrl/CopyUrl")).getAttribute("data-href_url"): null

2022-02-14 12:24:28 - [TEST_STEP][PASSED] - println(UrlToClick): null

2022-02-14 12:24:28 - [TEST_STEP][PASSED] - ActivityUrl = UrlToClick: null

2022-02-14 12:24:28 - [TEST_STEP][PASSED] - switchToWindowIndex(1): Switched to window with index: '1'

2022-02-14 12:24:28 - [MESSAGE][PASSED] - Switched to window with index: '1'

2022-02-14 12:24:28 - [TEST_STEP][PASSED] - delay(5): Delayed 5 second(s)

2022-02-14 12:24:33 - [MESSAGE][PASSED] - Delayed 5 second(s)

2022-02-14 12:24:33 - [TEST_STEP][PASSED] - navigateToUrl(ActivityUrl): Navigate to 'https://activity.test-prio.com/orders/164431640270070' successfully

2022-02-14 12:24:37 - [MESSAGE][PASSED] - Navigate to 'https://activity.test-prio.com/orders/164431640270070' successfully

2022-02-14 12:24:37 - [TEST_STEP][PASSED] - takeScreenshot(): Taking screenshot successfully

2022-02-14 12:24:38 - [MESSAGE][PASSED] - Taking screenshot successfully
[[ATTACHMENT|/home/intersoft-admin/Rattan/Bash/Training/Rattan/Final_testing/New_ActivityOverview/Reports/20220214_115757/RefundOrder-CopiedURL/20220214_115802/1644821678097.png]]

2022-02-14 12:24:38 - [TEST_STEP][PASSED] - switchToDefaultContent(): null

2022-02-14 12:24:38 - [MESSAGE][PASSED] - Call Test Case 'Test Cases/StepToReUse/StepTOCopyURLAndAddAnotherTab' successfully

2022-02-14 12:24:38 - [TEST_STEP][PASSED] - if (waitForElementVisible(findTestObject("Object Repository/DetailPop-up/MoreActions/MoreOptionSelect"), 15) == true): null

2022-02-14 12:24:38 - [MESSAGE][PASSED] - Object 'Object Repository/DetailPop-up/MoreActions/MoreOptionSelect' is visible

2022-02-14 12:24:38 - [TEST_STEP][PASSED] - click(findTestObject("Object Repository/DetailPop-up/MoreActions/MoreOptionSelect")): Object: 'Object Repository/DetailPop-up/MoreActions/MoreOptionSelect' is clicked on

2022-02-14 12:24:41 - [MESSAGE][PASSED] - Object: 'Object Repository/DetailPop-up/MoreActions/MoreOptionSelect' is clicked on

2022-02-14 12:24:41 - [TEST_STEP][PASSED] - delay(1): Delayed 1 second(s)

2022-02-14 12:24:42 - [MESSAGE][PASSED] - Delayed 1 second(s)

2022-02-14 12:24:42 - [TEST_STEP][PASSED] - takeScreenshot(): Taking screenshot successfully

2022-02-14 12:24:43 - [MESSAGE][PASSED] - Taking screenshot successfully
[[ATTACHMENT|/home/intersoft-admin/Rattan/Bash/Training/Rattan/Final_testing/New_ActivityOverview/Reports/20220214_115757/RefundOrder-CopiedURL/20220214_115802/1644821683033.png]]

2022-02-14 12:24:43 - [TEST_STEP][PASSED] - if (waitForElementVisible(findTestObject("Object Repository/DetailPop-up/MoreActions/MoreAction-SelectOptions", ["action":"Refund"]), 15) == true): null

2022-02-14 12:24:43 - [MESSAGE][PASSED] - Object 'Object Repository/DetailPop-up/MoreActions/MoreAction-SelectOptions' is visible

2022-02-14 12:24:43 - [TEST_STEP][PASSED] - click(findTestObject("Object Repository/DetailPop-up/MoreActions/MoreAction-SelectOptions", ["action":"Refund"])): Object: 'Object Repository/DetailPop-up/MoreActions/MoreAction-SelectOptions' is clicked on

2022-02-14 12:24:46 - [MESSAGE][PASSED] - Object: 'Object Repository/DetailPop-up/MoreActions/MoreAction-SelectOptions' is clicked on

2022-02-14 12:24:46 - [TEST_STEP][PASSED] - delay(1): Delayed 1 second(s)

2022-02-14 12:24:47 - [MESSAGE][PASSED] - Delayed 1 second(s)

2022-02-14 12:24:47 - [TEST_STEP][PASSED] - takeScreenshot(): Taking screenshot successfully

2022-02-14 12:24:48 - [MESSAGE][PASSED] - Taking screenshot successfully
[[ATTACHMENT|/home/intersoft-admin/Rattan/Bash/Training/Rattan/Final_testing/New_ActivityOverview/Reports/20220214_115757/RefundOrder-CopiedURL/20220214_115802/1644821688083.png]]

2022-02-14 12:24:48 - [TEST_STEP][PASSED] - setText(findTestObject("Object Repository/DetailPop-up/MoreActions/RefundReason"), CancellationReason): Text 'Order Refunded to Test Automation Testing Under Katalon' is set on object 'Object Repository/DetailPop-up/MoreActions/RefundReason'

2022-02-14 12:24:54 - [MESSAGE][PASSED] - Text 'Order Refunded to Test Automation Testing Under Katalon' is set on object 'Object Repository/DetailPop-up/MoreActions/RefundReason'

2022-02-14 12:24:54 - [TEST_STEP][PASSED] - delay(1): Delayed 1 second(s)

2022-02-14 12:24:55 - [MESSAGE][PASSED] - Delayed 1 second(s)

2022-02-14 12:24:55 - [TEST_STEP][PASSED] - takeScreenshot(): Taking screenshot successfully

2022-02-14 12:24:56 - [MESSAGE][PASSED] - Taking screenshot successfully
[[ATTACHMENT|/home/intersoft-admin/Rattan/Bash/Training/Rattan/Final_testing/New_ActivityOverview/Reports/20220214_115757/RefundOrder-CopiedURL/20220214_115802/1644821696060.png]]

2022-02-14 12:24:56 - [TEST_STEP][PASSED] - click(findTestObject("Object Repository/DetailPop-up/MoreActions/confirmRefundOrder")): Object: 'Object Repository/DetailPop-up/MoreActions/confirmRefundOrder' is clicked on

2022-02-14 12:24:59 - [MESSAGE][PASSED] - Object: 'Object Repository/DetailPop-up/MoreActions/confirmRefundOrder' is clicked on

2022-02-14 12:24:59 - [TEST_STEP][PASSED] - delay(1): Delayed 1 second(s)

2022-02-14 12:25:00 - [MESSAGE][PASSED] - Delayed 1 second(s)

2022-02-14 12:25:00 - [TEST_STEP][PASSED] - takeScreenshot(): Taking screenshot successfully

2022-02-14 12:25:00 - [MESSAGE][PASSED] - Taking screenshot successfully
[[ATTACHMENT|/home/intersoft-admin/Rattan/Bash/Training/Rattan/Final_testing/New_ActivityOverview/Reports/20220214_115757/RefundOrder-CopiedURL/20220214_115802/1644821700704.png]]

2022-02-14 12:25:00 - [TEST_STEP][PASSED] - delay(12): Delayed 12 second(s)

2022-02-14 12:25:12 - [MESSAGE][PASSED] - Delayed 12 second(s)

2022-02-14 12:25:12 - [TEST_STEP][PASSED] - if (waitForElementVisible(findTestObject("Object Repository/DetailPop-up/MoreActions/CancelRefundButton"), 15) == true): null

2022-02-14 12:25:13 - [MESSAGE][PASSED] - Object 'Object Repository/DetailPop-up/MoreActions/CancelRefundButton' is visible

2022-02-14 12:25:13 - [TEST_STEP][PASSED] - click(findTestObject("Object Repository/DetailPop-up/MoreActions/CancelRefundButton")): Object: 'Object Repository/DetailPop-up/MoreActions/CancelRefundButton' is clicked on

2022-02-14 12:25:16 - [MESSAGE][PASSED] - Object: 'Object Repository/DetailPop-up/MoreActions/CancelRefundButton' is clicked on

2022-02-14 12:25:16 - [TEST_STEP][PASSED] - delay(1): Delayed 1 second(s)

2022-02-14 12:25:17 - [MESSAGE][PASSED] - Delayed 1 second(s)

2022-02-14 12:25:17 - [TEST_STEP][PASSED] - takeScreenshot(): Taking screenshot successfully

2022-02-14 12:25:17 - [MESSAGE][PASSED] - Taking screenshot successfully
[[ATTACHMENT|/home/intersoft-admin/Rattan/Bash/Training/Rattan/Final_testing/New_ActivityOverview/Reports/20220214_115757/RefundOrder-CopiedURL/20220214_115802/1644821717650.png]]

2022-02-14 12:25:17 - [TEST_STEP][PASSED] - switchToWindowIndex(0): Switched to window with index: '0'

2022-02-14 12:25:17 - [MESSAGE][PASSED] - Switched to window with index: '0'

2022-02-14 12:25:17 - [TEST_STEP][PASSED] - delay(13): Delayed 13 second(s)

2022-02-14 12:25:30 - [MESSAGE][PASSED] - Delayed 13 second(s)

2022-02-14 12:25:30 - [TEST_STEP][PASSED] - switchToFrame(findTestObject("Object Repository/Iframe/NewActivityOverviewIframe"), 5): null

2022-02-14 12:25:31 - [TEST_STEP][PASSED] - click(findTestObject("Object Repository/DetailPop-up/Backbutton/BackButtonToListing")): Object: 'Object Repository/DetailPop-up/Backbutton/BackButtonToListing' is clicked on

2022-02-14 12:25:34 - [MESSAGE][PASSED] - Object: 'Object Repository/DetailPop-up/Backbutton/BackButtonToListing' is clicked on

2022-02-14 12:25:34 - [TEST_STEP][PASSED] - delay(13): Delayed 13 second(s)

2022-02-14 12:25:47 - [MESSAGE][PASSED] - Delayed 13 second(s)

2022-02-14 12:25:47 - [TEST_STEP][PASSED] - if (l <= 5): null

2022-02-14 12:25:47 - [TEST_STEP][PASSED] - paginationvalue = l: null

2022-02-14 12:25:47 - [TEST_STEP][PASSED] - if (l > 5): null

2022-02-14 12:25:47 - [TEST_STEP][PASSED] - logInfo(Size of Pagination: $paginationvalue): Size of Pagination: 5

2022-02-14 12:25:47 - [MESSAGE][INFO] - Size of Pagination: 5

2022-02-14 12:25:47 - [TEST_STEP][PASSED] - click(findTestObject("Object Repository/PaginationCOunt/ClickOnPagination", ["pagination":paginationvalue])): Object: 'Object Repository/PaginationCOunt/ClickOnPagination' is clicked on

2022-02-14 12:25:50 - [MESSAGE][PASSED] - Object: 'Object Repository/PaginationCOunt/ClickOnPagination' is clicked on

2022-02-14 12:25:50 - [TEST_STEP][PASSED] - delay(20): Delayed 20 second(s)

2022-02-14 12:26:10 - [MESSAGE][PASSED] - Delayed 20 second(s)

2022-02-14 12:26:10 - [TEST_STEP][PASSED] - takeScreenshot(): Taking screenshot successfully

2022-02-14 12:26:10 - [MESSAGE][PASSED] - Taking screenshot successfully
[[ATTACHMENT|/home/intersoft-admin/Rattan/Bash/Training/Rattan/Final_testing/New_ActivityOverview/Reports/20220214_115757/RefundOrder-CopiedURL/20220214_115802/1644821770650.png]]

2022-02-14 12:26:10 - [TEST_STEP][PASSED] - SizeofActiveBookings = findWebElements(findTestObject("Object Repository/CancelAndRefund/OrderListWithoutRefundedStatus"), 5).size(): null

2022-02-14 12:26:10 - [TEST_STEP][PASSED] - logInfo(Size of Active Bookings: $SizeofActiveBookings): Size of Active Bookings: 94

2022-02-14 12:26:10 - [MESSAGE][INFO] - Size of Active Bookings: 94

2022-02-14 12:26:10 - [TEST_STEP][PASSED] - for ([refund = 1, refund < SizeofActiveBookings, (refund++)]): null

2022-02-14 12:26:10 - [TEST_STEP][PASSED] - if (refund == 1): null

2022-02-14 12:26:10 - [TEST_STEP][PASSED] - refund = SizeofActiveBookings: null

2022-02-14 12:26:10 - [TEST_STEP][PASSED] - refundvalue = refund: null

2022-02-14 12:26:10 - [TEST_STEP][PASSED] - logInfo(Size of refund booking: $refund): Size of refund booking: 94

2022-02-14 12:26:10 - [MESSAGE][INFO] - Size of refund booking: 94

2022-02-14 12:26:10 - [TEST_STEP][PASSED] - scrollToElement(findTestObject("Object Repository/CancelAndRefund/OrderListWithoutRefundedStatus - Click", ["position":refund]), 15): Scroll to object 'Object Repository/CancelAndRefund/OrderListWithoutRefundedStatus - Click' successfully

2022-02-14 12:26:10 - [MESSAGE][PASSED] - Scroll to object 'Object Repository/CancelAndRefund/OrderListWithoutRefundedStatus - Click' successfully

2022-02-14 12:26:10 - [TEST_STEP][PASSED] - takeScreenshot(): Taking screenshot successfully

2022-02-14 12:26:11 - [MESSAGE][PASSED] - Taking screenshot successfully
[[ATTACHMENT|/home/intersoft-admin/Rattan/Bash/Training/Rattan/Final_testing/New_ActivityOverview/Reports/20220214_115757/RefundOrder-CopiedURL/20220214_115802/1644821770936.png]]

2022-02-14 12:26:11 - [TEST_STEP][PASSED] - orderId = findWebElement(findTestObject("Object Repository/GetOrderID/GetOrderID", ["position":refund])).getAttribute("data-order_id"): null

2022-02-14 12:26:11 - [TEST_STEP][PASSED] - orderId = orderId: null

2022-02-14 12:26:11 - [TEST_STEP][PASSED] - logInfo(Order ID: $orderId): Order ID: 164422087048896

2022-02-14 12:26:11 - [MESSAGE][INFO] - Order ID: 164422087048896

2022-02-14 12:26:11 - [TEST_STEP][PASSED] - click(findTestObject("Object Repository/GetOrderID/GetOrderID", ["position":refund])): Object: 'Object Repository/GetOrderID/GetOrderID' is clicked on

2022-02-14 12:26:14 - [MESSAGE][PASSED] - Object: 'Object Repository/GetOrderID/GetOrderID' is clicked on

2022-02-14 12:26:14 - [TEST_STEP][PASSED] - delay(20): Delayed 20 second(s)

2022-02-14 12:26:34 - [MESSAGE][PASSED] - Delayed 20 second(s)

2022-02-14 12:26:34 - [TEST_STEP][PASSED] - takeScreenshot(): Taking screenshot successfully

2022-02-14 12:26:34 - [MESSAGE][PASSED] - Taking screenshot successfully
[[ATTACHMENT|/home/intersoft-admin/Rattan/Bash/Training/Rattan/Final_testing/New_ActivityOverview/Reports/20220214_115757/RefundOrder-CopiedURL/20220214_115802/1644821794323.png]]

2022-02-14 12:26:34 - [TEST_STEP][PASSED] - callTestCase(findTestCase("Test Cases/StepToReUse/StepTOCopyURLAndAddAnotherTab"), [:], CONTINUE_ON_FAILURE): Call Test Case 'Test Cases/StepToReUse/StepTOCopyURLAndAddAnotherTab' successfully

2022-02-14 12:26:34 - [TEST_CASE][PASSED] - Test Cases/StepToReUse/StepTOCopyURLAndAddAnotherTab: Test Cases/StepToReUse/StepTOCopyURLAndAddAnotherTab

2022-02-14 12:26:34 - [TEST_STEP][PASSED] - click(findTestObject("Object Repository/Header/Preview/ClickOnPreviewIcon")): Object: 'Object Repository/Header/Preview/ClickOnPreviewIcon' is clicked on

2022-02-14 12:26:37 - [MESSAGE][PASSED] - Object: 'Object Repository/Header/Preview/ClickOnPreviewIcon' is clicked on

2022-02-14 12:26:37 - [TEST_STEP][PASSED] - delay(10): Delayed 10 second(s)

2022-02-14 12:26:47 - [MESSAGE][PASSED] - Delayed 10 second(s)

2022-02-14 12:26:47 - [TEST_STEP][PASSED] - takeScreenshot(): Taking screenshot successfully

2022-02-14 12:26:47 - [MESSAGE][PASSED] - Taking screenshot successfully
[[ATTACHMENT|/home/intersoft-admin/Rattan/Bash/Training/Rattan/Final_testing/New_ActivityOverview/Reports/20220214_115757/RefundOrder-CopiedURL/20220214_115802/1644821807743.png]]

2022-02-14 12:26:47 - [TEST_STEP][PASSED] - click(findTestObject("Object Repository/Header/Preview/PrintVoucher")): Object: 'Object Repository/Header/Preview/PrintVoucher' is clicked on

2022-02-14 12:26:51 - [MESSAGE][PASSED] - Object: 'Object Repository/Header/Preview/PrintVoucher' is clicked on

2022-02-14 12:26:51 - [TEST_STEP][PASSED] - delay(10): Delayed 10 second(s)

2022-02-14 12:27:01 - [MESSAGE][PASSED] - Delayed 10 second(s)

2022-02-14 12:27:01 - [TEST_STEP][PASSED] - takeScreenshot(): Taking screenshot successfully

2022-02-14 12:27:01 - [MESSAGE][PASSED] - Taking screenshot successfully
[[ATTACHMENT|/home/intersoft-admin/Rattan/Bash/Training/Rattan/Final_testing/New_ActivityOverview/Reports/20220214_115757/RefundOrder-CopiedURL/20220214_115802/1644821821065.png]]

2022-02-14 12:27:01 - [TEST_STEP][PASSED] - UrlToClick = findWebElement(findTestObject("Object Repository/Header/CopyUrl/CopyUrl")).getAttribute("data-href_url"): null

2022-02-14 12:27:01 - [TEST_STEP][PASSED] - println(UrlToClick): null

2022-02-14 12:27:01 - [TEST_STEP][PASSED] - ActivityUrl = UrlToClick: null

2022-02-14 12:27:01 - [TEST_STEP][PASSED] - switchToWindowIndex(1): Switched to window with index: '1'

2022-02-14 12:27:01 - [MESSAGE][PASSED] - Switched to window with index: '1'

2022-02-14 12:27:01 - [TEST_STEP][PASSED] - delay(5): Delayed 5 second(s)

2022-02-14 12:27:06 - [MESSAGE][PASSED] - Delayed 5 second(s)

2022-02-14 12:27:06 - [TEST_STEP][PASSED] - navigateToUrl(ActivityUrl): Navigate to 'https://activity.test-prio.com/orders/164422087048896' successfully

2022-02-14 12:27:10 - [MESSAGE][PASSED] - Navigate to 'https://activity.test-prio.com/orders/164422087048896' successfully

2022-02-14 12:27:10 - [TEST_STEP][PASSED] - takeScreenshot(): Taking screenshot successfully

2022-02-14 12:27:11 - [MESSAGE][PASSED] - Taking screenshot successfully
[[ATTACHMENT|/home/intersoft-admin/Rattan/Bash/Training/Rattan/Final_testing/New_ActivityOverview/Reports/20220214_115757/RefundOrder-CopiedURL/20220214_115802/1644821831208.png]]

2022-02-14 12:27:11 - [TEST_STEP][PASSED] - switchToDefaultContent(): null

2022-02-14 12:27:11 - [MESSAGE][PASSED] - Call Test Case 'Test Cases/StepToReUse/StepTOCopyURLAndAddAnotherTab' successfully

2022-02-14 12:27:11 - [TEST_STEP][PASSED] - if (waitForElementVisible(findTestObject("Object Repository/DetailPop-up/MoreActions/MoreOptionSelect"), 15) == true): null

2022-02-14 12:27:11 - [MESSAGE][PASSED] - Object 'Object Repository/DetailPop-up/MoreActions/MoreOptionSelect' is visible

2022-02-14 12:27:11 - [TEST_STEP][PASSED] - click(findTestObject("Object Repository/DetailPop-up/MoreActions/MoreOptionSelect")): Object: 'Object Repository/DetailPop-up/MoreActions/MoreOptionSelect' is clicked on

2022-02-14 12:27:14 - [MESSAGE][PASSED] - Object: 'Object Repository/DetailPop-up/MoreActions/MoreOptionSelect' is clicked on

2022-02-14 12:27:14 - [TEST_STEP][PASSED] - delay(1): Delayed 1 second(s)

2022-02-14 12:27:15 - [MESSAGE][PASSED] - Delayed 1 second(s)

2022-02-14 12:27:15 - [TEST_STEP][PASSED] - takeScreenshot(): Taking screenshot successfully

2022-02-14 12:27:16 - [MESSAGE][PASSED] - Taking screenshot successfully
[[ATTACHMENT|/home/intersoft-admin/Rattan/Bash/Training/Rattan/Final_testing/New_ActivityOverview/Reports/20220214_115757/RefundOrder-CopiedURL/20220214_115802/1644821836158.png]]

2022-02-14 12:27:16 - [TEST_STEP][PASSED] - if (waitForElementVisible(findTestObject("Object Repository/DetailPop-up/MoreActions/MoreAction-SelectOptions", ["action":"Refund"]), 15) == true): null

2022-02-14 12:27:16 - [MESSAGE][PASSED] - Object 'Object Repository/DetailPop-up/MoreActions/MoreAction-SelectOptions' is visible

2022-02-14 12:27:16 - [TEST_STEP][PASSED] - click(findTestObject("Object Repository/DetailPop-up/MoreActions/MoreAction-SelectOptions", ["action":"Refund"])): Object: 'Object Repository/DetailPop-up/MoreActions/MoreAction-SelectOptions' is clicked on

2022-02-14 12:27:19 - [MESSAGE][PASSED] - Object: 'Object Repository/DetailPop-up/MoreActions/MoreAction-SelectOptions' is clicked on

2022-02-14 12:27:19 - [TEST_STEP][PASSED] - delay(1): Delayed 1 second(s)

2022-02-14 12:27:20 - [MESSAGE][PASSED] - Delayed 1 second(s)

2022-02-14 12:27:20 - [TEST_STEP][PASSED] - takeScreenshot(): Taking screenshot successfully

2022-02-14 12:27:21 - [MESSAGE][PASSED] - Taking screenshot successfully
[[ATTACHMENT|/home/intersoft-admin/Rattan/Bash/Training/Rattan/Final_testing/New_ActivityOverview/Reports/20220214_115757/RefundOrder-CopiedURL/20220214_115802/1644821841245.png]]

2022-02-14 12:27:21 - [TEST_STEP][PASSED] - setText(findTestObject("Object Repository/DetailPop-up/MoreActions/RefundReason"), CancellationReason): Text 'Order Refunded to Test Automation Testing Under Katalon' is set on object 'Object Repository/DetailPop-up/MoreActions/RefundReason'

2022-02-14 12:27:27 - [MESSAGE][PASSED] - Text 'Order Refunded to Test Automation Testing Under Katalon' is set on object 'Object Repository/DetailPop-up/MoreActions/RefundReason'

2022-02-14 12:27:27 - [TEST_STEP][PASSED] - delay(1): Delayed 1 second(s)

2022-02-14 12:27:28 - [MESSAGE][PASSED] - Delayed 1 second(s)

2022-02-14 12:27:28 - [TEST_STEP][PASSED] - takeScreenshot(): Taking screenshot successfully

2022-02-14 12:27:29 - [MESSAGE][PASSED] - Taking screenshot successfully
[[ATTACHMENT|/home/intersoft-admin/Rattan/Bash/Training/Rattan/Final_testing/New_ActivityOverview/Reports/20220214_115757/RefundOrder-CopiedURL/20220214_115802/1644821849194.png]]

2022-02-14 12:27:29 - [TEST_STEP][PASSED] - click(findTestObject("Object Repository/DetailPop-up/MoreActions/confirmRefundOrder")): Object: 'Object Repository/DetailPop-up/MoreActions/confirmRefundOrder' is clicked on

2022-02-14 12:27:32 - [MESSAGE][PASSED] - Object: 'Object Repository/DetailPop-up/MoreActions/confirmRefundOrder' is clicked on

2022-02-14 12:27:32 - [TEST_STEP][PASSED] - delay(1): Delayed 1 second(s)

2022-02-14 12:27:33 - [MESSAGE][PASSED] - Delayed 1 second(s)

2022-02-14 12:27:33 - [TEST_STEP][PASSED] - takeScreenshot(): Taking screenshot successfully

2022-02-14 12:27:33 - [MESSAGE][PASSED] - Taking screenshot successfully
[[ATTACHMENT|/home/intersoft-admin/Rattan/Bash/Training/Rattan/Final_testing/New_ActivityOverview/Reports/20220214_115757/RefundOrder-CopiedURL/20220214_115802/1644821853847.png]]

2022-02-14 12:27:33 - [TEST_STEP][PASSED] - delay(12): Delayed 12 second(s)

2022-02-14 12:27:45 - [MESSAGE][PASSED] - Delayed 12 second(s)

2022-02-14 12:27:45 - [TEST_STEP][PASSED] - if (waitForElementVisible(findTestObject("Object Repository/DetailPop-up/MoreActions/CancelRefundButton"), 15) == true): null

2022-02-14 12:27:46 - [MESSAGE][PASSED] - Object 'Object Repository/DetailPop-up/MoreActions/CancelRefundButton' is visible

2022-02-14 12:27:46 - [TEST_STEP][PASSED] - click(findTestObject("Object Repository/DetailPop-up/MoreActions/CancelRefundButton")): Object: 'Object Repository/DetailPop-up/MoreActions/CancelRefundButton' is clicked on

2022-02-14 12:27:49 - [MESSAGE][PASSED] - Object: 'Object Repository/DetailPop-up/MoreActions/CancelRefundButton' is clicked on

2022-02-14 12:27:49 - [TEST_STEP][PASSED] - delay(1): Delayed 1 second(s)

2022-02-14 12:27:50 - [MESSAGE][PASSED] - Delayed 1 second(s)

2022-02-14 12:27:50 - [TEST_STEP][PASSED] - takeScreenshot(): Taking screenshot successfully

2022-02-14 12:27:50 - [MESSAGE][PASSED] - Taking screenshot successfully
[[ATTACHMENT|/home/intersoft-admin/Rattan/Bash/Training/Rattan/Final_testing/New_ActivityOverview/Reports/20220214_115757/RefundOrder-CopiedURL/20220214_115802/1644821870768.png]]

2022-02-14 12:27:50 - [TEST_STEP][PASSED] - switchToWindowIndex(0): Switched to window with index: '0'

2022-02-14 12:27:50 - [MESSAGE][PASSED] - Switched to window with index: '0'

2022-02-14 12:27:50 - [TEST_STEP][PASSED] - delay(13): Delayed 13 second(s)

2022-02-14 12:28:03 - [MESSAGE][PASSED] - Delayed 13 second(s)

2022-02-14 12:28:03 - [TEST_STEP][PASSED] - switchToFrame(findTestObject("Object Repository/Iframe/NewActivityOverviewIframe"), 5): null

2022-02-14 12:28:04 - [TEST_STEP][PASSED] - click(findTestObject("Object Repository/DetailPop-up/Backbutton/BackButtonToListing")): Object: 'Object Repository/DetailPop-up/Backbutton/BackButtonToListing' is clicked on

2022-02-14 12:28:07 - [MESSAGE][PASSED] - Object: 'Object Repository/DetailPop-up/Backbutton/BackButtonToListing' is clicked on

2022-02-14 12:28:07 - [TEST_STEP][PASSED] - delay(13): Delayed 13 second(s)

2022-02-14 12:28:20 - [MESSAGE][PASSED] - Delayed 13 second(s)]]></system-out>
         <system-err><![CDATA[]]></system-err>
      </testcase>
      <system-out><![CDATA[2022-02-14 12:14:08 - [TEST_SUITE][PASSED] - RefundOrder-CopiedURL: Test Cases/NewActivityOverview-LeftNavigation/ActivityOverview-RefundOrder-GetOrderIDAndRefund - CopiedURL]]></system-out>
      <system-err><![CDATA[]]></system-err>
   </testsuite>
</testsuites>
