<?xml version="1.0" encoding="UTF-8"?>
<testsuites name="CancelAndRefundMultipleBookings" time="506.499" tests="1" failures="0" errors="0">
   <testsuite name="CancelAndRefundMultipleBookings" tests="1" failures="0" errors="0" time="506.499" skipped="0" timestamp="2022-02-26 17:53:08" hostname="intersoft-admin - intersoftadmin-desktop" id="Test Suites/CancelAndRefundMultipleBookings">
      <properties>
         <property name="deviceName" value=""/>
         <property name="devicePlatform" value=""/>
         <property name="logFolder" value="/home/intersoft-admin/Rattan/Bash/Training/Rattan/Final_testing/New_ActivityOverview/Reports/20220226_174503/CancelAndRefundMultipleBookings/20220226_174506"/>
         <property name="logFiles" value="/home/intersoft-admin/Rattan/Bash/Training/Rattan/Final_testing/New_ActivityOverview/Reports/20220226_174503/CancelAndRefundMultipleBookings/20220226_174506/execution0.log"/>
         <property name="attachments" value="/home/intersoft-admin/Rattan/Bash/Training/Rattan/Final_testing/New_ActivityOverview/Reports/20220226_174503/CancelAndRefundMultipleBookings/20220226_174506/1645878215897.png, /home/intersoft-admin/Rattan/Bash/Training/Rattan/Final_testing/New_ActivityOverview/Reports/20220226_174503/CancelAndRefundMultipleBookings/20220226_174506/1645878230729.png, /home/intersoft-admin/Rattan/Bash/Training/Rattan/Final_testing/New_ActivityOverview/Reports/20220226_174503/CancelAndRefundMultipleBookings/20220226_174506/1645878241158.png, /home/intersoft-admin/Rattan/Bash/Training/Rattan/Final_testing/New_ActivityOverview/Reports/20220226_174503/CancelAndRefundMultipleBookings/20220226_174506/1645878272684.png, /home/intersoft-admin/Rattan/Bash/Training/Rattan/Final_testing/New_ActivityOverview/Reports/20220226_174503/CancelAndRefundMultipleBookings/20220226_174506/1645878296100.png, /home/intersoft-admin/Rattan/Bash/Training/Rattan/Final_testing/New_ActivityOverview/Reports/20220226_174503/CancelAndRefundMultipleBookings/20220226_174506/1645878296419.png, /home/intersoft-admin/Rattan/Bash/Training/Rattan/Final_testing/New_ActivityOverview/Reports/20220226_174503/CancelAndRefundMultipleBookings/20220226_174506/1645878319815.png, /home/intersoft-admin/Rattan/Bash/Training/Rattan/Final_testing/New_ActivityOverview/Reports/20220226_174503/CancelAndRefundMultipleBookings/20220226_174506/1645878380559.png, /home/intersoft-admin/Rattan/Bash/Training/Rattan/Final_testing/New_ActivityOverview/Reports/20220226_174503/CancelAndRefundMultipleBookings/20220226_174506/1645878380855.png, /home/intersoft-admin/Rattan/Bash/Training/Rattan/Final_testing/New_ActivityOverview/Reports/20220226_174503/CancelAndRefundMultipleBookings/20220226_174506/1645878404244.png, /home/intersoft-admin/Rattan/Bash/Training/Rattan/Final_testing/New_ActivityOverview/Reports/20220226_174503/CancelAndRefundMultipleBookings/20220226_174506/1645878465003.png, /home/intersoft-admin/Rattan/Bash/Training/Rattan/Final_testing/New_ActivityOverview/Reports/20220226_174503/CancelAndRefundMultipleBookings/20220226_174506/1645878465285.png, /home/intersoft-admin/Rattan/Bash/Training/Rattan/Final_testing/New_ActivityOverview/Reports/20220226_174503/CancelAndRefundMultipleBookings/20220226_174506/1645878488658.png, /home/intersoft-admin/Rattan/Bash/Training/Rattan/Final_testing/New_ActivityOverview/Reports/20220226_174503/CancelAndRefundMultipleBookings/20220226_174506/1645878549341.png, /home/intersoft-admin/Rattan/Bash/Training/Rattan/Final_testing/New_ActivityOverview/Reports/20220226_174503/CancelAndRefundMultipleBookings/20220226_174506/1645878549619.png, /home/intersoft-admin/Rattan/Bash/Training/Rattan/Final_testing/New_ActivityOverview/Reports/20220226_174503/CancelAndRefundMultipleBookings/20220226_174506/1645878572998.png, /home/intersoft-admin/Rattan/Bash/Training/Rattan/Final_testing/New_ActivityOverview/Reports/20220226_174503/CancelAndRefundMultipleBookings/20220226_174506/1645878633711.png, /home/intersoft-admin/Rattan/Bash/Training/Rattan/Final_testing/New_ActivityOverview/Reports/20220226_174503/CancelAndRefundMultipleBookings/20220226_174506/1645878633983.png, /home/intersoft-admin/Rattan/Bash/Training/Rattan/Final_testing/New_ActivityOverview/Reports/20220226_174503/CancelAndRefundMultipleBookings/20220226_174506/1645878657444.png"/>
         <property name="hostName" value="intersoft-admin - intersoftadmin-desktop"/>
         <property name="os" value="Linux 64bit"/>
         <property name="katalonVersion" value="8.2.5.208"/>
         <property name="browser" value="Chrome 98.0.4758.102"/>
         <property name="hostAddress" value="127.0.1.1"/>
         <property name="sessionId" value="5efa300afa8d3ebf8224d6f4fb08eca3"/>
         <property name="seleniumVersion" value="3.141.59"/>
         <property name="proxyInformation" value="ProxyInformation { proxyOption=NO_PROXY, proxyServerType=HTTP, username=, password=********, proxyServerAddress=, proxyServerPort=0, executionList=&quot;&quot;, isApplyToDesiredCapabilities=true }"/>
         <property name="platform" value="Linux"/>
      </properties>
      <testcase name="Test Cases/NewActivityOverview-LeftNavigation/ActivityOverview-CancelBooking-GetOrderIDAndRefund" time="506.205" classname="Test Cases/NewActivityOverview-LeftNavigation/ActivityOverview-CancelBooking-GetOrderIDAndRefund" status="PASSED">
         <system-out><![CDATA[2022-02-26 17:53:08 - [TEST_CASE][PASSED] - Test Cases/NewActivityOverview-LeftNavigation/ActivityOverview-CancelBooking-GetOrderIDAndRefund: Test Cases/NewActivityOverview-LeftNavigation/ActivityOverview-CancelBooking-GetOrderIDAndRefund

2022-02-26 17:53:09 - [TEST_STEP][PASSED] - callTestCase(findTestCase("LoginWithSuperAdmin/SuperAdmin-Login"), [:], STOP_ON_FAILURE): Call Test Case 'Test Cases/LoginWithSuperAdmin/SuperAdmin-Login' successfully

2022-02-26 17:53:09 - [TEST_CASE][PASSED] - Test Cases/LoginWithSuperAdmin/SuperAdmin-Login: Test Cases/LoginWithSuperAdmin/SuperAdmin-Login

2022-02-26 17:53:09 - [TEST_STEP][PASSED] - openBrowser(""): Browser is opened with url: ''

2022-02-26 17:53:09 - [MESSAGE][INFO] - Starting 'Chrome' driver

2022-02-26 17:53:09 - [MESSAGE][INFO] - Action delay is set to 3,000 milliseconds

2022-02-26 17:53:10 - [MESSAGE][PASSED] - Browser is opened with url: ''

2022-02-26 17:53:10 - [TEST_STEP][PASSED] - setViewPortSize(1920, 1080): Viewport is set to new size with width = 1920 and height = 1080

2022-02-26 17:53:11 - [MESSAGE][PASSED] - Viewport is set to new size with width = 1920 and height = 1080

2022-02-26 17:53:11 - [TEST_STEP][PASSED] - navigateToUrl(URL): Navigate to 'https://marketplacev1.test-prio.com' successfully

2022-02-26 17:53:16 - [MESSAGE][PASSED] - Navigate to 'https://marketplacev1.test-prio.com' successfully

2022-02-26 17:53:16 - [TEST_STEP][PASSED] - delay(3): Delayed 3 second(s)

2022-02-26 17:53:19 - [MESSAGE][PASSED] - Delayed 3 second(s)

2022-02-26 17:53:19 - [TEST_STEP][PASSED] - click(findTestObject("SuperAdmin/Login/input_Email_contact_email")): Object: 'Object Repository/SuperAdmin/Login/input_Email_contact_email' is clicked on

2022-02-26 17:53:22 - [MESSAGE][PASSED] - Object: 'Object Repository/SuperAdmin/Login/input_Email_contact_email' is clicked on

2022-02-26 17:53:22 - [TEST_STEP][PASSED] - setText(findTestObject("SuperAdmin/Login/input_Email_contact_email"), uname): Text 'superadmin@tippoint.com' is set on object 'Object Repository/SuperAdmin/Login/input_Email_contact_email'

2022-02-26 17:53:29 - [MESSAGE][PASSED] - Text 'superadmin@tippoint.com' is set on object 'Object Repository/SuperAdmin/Login/input_Email_contact_email'

2022-02-26 17:53:29 - [TEST_STEP][PASSED] - setEncryptedText(findTestObject("SuperAdmin/Login/input_Password_password"), Password): Text ****** has been set on object 'Object Repository/SuperAdmin/Login/input_Password_password'

2022-02-26 17:53:35 - [MESSAGE][PASSED] - Text ****** has been set on object 'Object Repository/SuperAdmin/Login/input_Password_password'

2022-02-26 17:53:35 - [TEST_STEP][PASSED] - takeScreenshot(): Taking screenshot successfully

2022-02-26 17:53:36 - [MESSAGE][PASSED] - Taking screenshot successfully
[[ATTACHMENT|/home/intersoft-admin/Rattan/Bash/Training/Rattan/Final_testing/New_ActivityOverview/Reports/20220226_174503/CancelAndRefundMultipleBookings/20220226_174506/1645878215897.png]]

2022-02-26 17:53:36 - [TEST_STEP][PASSED] - newpackage.clickUsingJS.clickUsingJS(findTestObject("SuperAdmin/Login/button_Sign in"), 5): newpackage.clickUsingJS.clickUsingJS is PASSED

2022-02-26 17:53:36 - [MESSAGE][PASSED] - newpackage.clickUsingJS.clickUsingJS is PASSED

2022-02-26 17:53:36 - [MESSAGE][PASSED] - Call Test Case 'Test Cases/LoginWithSuperAdmin/SuperAdmin-Login' successfully

2022-02-26 17:53:36 - [TEST_STEP][PASSED] - switchToDefaultContent(): null

2022-02-26 17:53:36 - [TEST_STEP][PASSED] - click(findTestObject("SuperAdminLeftNavigation/NewActivityOverview-LeftNavigation")): Object: 'Object Repository/SuperAdminLeftNavigation/NewActivityOverview-LeftNavigation' is clicked on

2022-02-26 17:53:50 - [MESSAGE][PASSED] - Object: 'Object Repository/SuperAdminLeftNavigation/NewActivityOverview-LeftNavigation' is clicked on

2022-02-26 17:53:50 - [TEST_STEP][PASSED] - takeScreenshot(): Taking screenshot successfully

2022-02-26 17:53:50 - [MESSAGE][PASSED] - Taking screenshot successfully
[[ATTACHMENT|/home/intersoft-admin/Rattan/Bash/Training/Rattan/Final_testing/New_ActivityOverview/Reports/20220226_174503/CancelAndRefundMultipleBookings/20220226_174506/1645878230729.png]]

2022-02-26 17:53:50 - [TEST_STEP][PASSED] - switchToFrame(findTestObject("Object Repository/Iframe/NewActivityOverviewIframe"), 5): null

2022-02-26 17:53:51 - [TEST_STEP][PASSED] - delay(10): Delayed 10 second(s)

2022-02-26 17:54:01 - [MESSAGE][PASSED] - Delayed 10 second(s)

2022-02-26 17:54:01 - [TEST_STEP][PASSED] - takeScreenshot(): Taking screenshot successfully

2022-02-26 17:54:01 - [MESSAGE][PASSED] - Taking screenshot successfully
[[ATTACHMENT|/home/intersoft-admin/Rattan/Bash/Training/Rattan/Final_testing/New_ActivityOverview/Reports/20220226_174503/CancelAndRefundMultipleBookings/20220226_174506/1645878241158.png]]

2022-02-26 17:54:01 - [TEST_STEP][PASSED] - sizeoflisting = findWebElements(findTestObject("ListingArea/ListingContainsData"), 5).size(): null

2022-02-26 17:54:01 - [TEST_STEP][PASSED] - println(sizeoflisting): null

2022-02-26 17:54:01 - [TEST_STEP][PASSED] - logInfo(Size of Order Listing: $sizeoflisting): Size of Order Listing: 11

2022-02-26 17:54:01 - [MESSAGE][INFO] - Size of Order Listing: 11

2022-02-26 17:54:01 - [TEST_STEP][PASSED] - if (sizeoflisting > 2): Delayed 13 second(s)

2022-02-26 17:54:01 - [TEST_STEP][PASSED] - logInfo("Orders Exist in Listing"): Orders Exist in Listing

2022-02-26 17:54:01 - [MESSAGE][INFO] - Orders Exist in Listing

2022-02-26 17:54:01 - [TEST_STEP][PASSED] - click(findTestObject("Object Repository/OrderPerPage/OrderPerPage_select")): Object: 'Object Repository/OrderPerPage/OrderPerPage_select' is clicked on

2022-02-26 17:54:04 - [MESSAGE][PASSED] - Object: 'Object Repository/OrderPerPage/OrderPerPage_select' is clicked on

2022-02-26 17:54:04 - [TEST_STEP][PASSED] - delay(5): Delayed 5 second(s)

2022-02-26 17:54:09 - [MESSAGE][PASSED] - Delayed 5 second(s)

2022-02-26 17:54:09 - [TEST_STEP][PASSED] - click(findTestObject("Object Repository/OrderPerPage/OrderPerPage-SelectOption")): Object: 'Object Repository/OrderPerPage/OrderPerPage-SelectOption' is clicked on

2022-02-26 17:54:12 - [MESSAGE][PASSED] - Object: 'Object Repository/OrderPerPage/OrderPerPage-SelectOption' is clicked on

2022-02-26 17:54:12 - [TEST_STEP][PASSED] - delay(20): Delayed 20 second(s)

2022-02-26 17:54:32 - [MESSAGE][PASSED] - Delayed 20 second(s)

2022-02-26 17:54:32 - [TEST_STEP][PASSED] - takeScreenshot(): Taking screenshot successfully

2022-02-26 17:54:32 - [MESSAGE][PASSED] - Taking screenshot successfully
[[ATTACHMENT|/home/intersoft-admin/Rattan/Bash/Training/Rattan/Final_testing/New_ActivityOverview/Reports/20220226_174503/CancelAndRefundMultipleBookings/20220226_174506/1645878272684.png]]

2022-02-26 17:54:32 - [TEST_STEP][PASSED] - SizeofPagination = getText(findTestObject("Object Repository/PaginationCOunt/PaginationCount")): Text of object 'Object Repository/PaginationCOunt/PaginationCount' is: '100'

2022-02-26 17:54:32 - [MESSAGE][PASSED] - Text of object 'Object Repository/PaginationCOunt/PaginationCount' is: '100'

2022-02-26 17:54:32 - [TEST_STEP][PASSED] - println(SizeofPagination): null

2022-02-26 17:54:32 - [TEST_STEP][PASSED] - paginationmaxcount = Integer.parseInt(SizeofPagination): null

2022-02-26 17:54:32 - [TEST_STEP][PASSED] - paginationmaxcount = pagination: null

2022-02-26 17:54:32 - [TEST_STEP][PASSED] - logInfo(Size of Pagination: $paginationmaxcount): Size of Pagination: 5

2022-02-26 17:54:32 - [MESSAGE][INFO] - Size of Pagination: 5

2022-02-26 17:54:32 - [TEST_STEP][PASSED] - totalrecords = 0: null

2022-02-26 17:54:32 - [TEST_STEP][PASSED] - for ([l = 1, l <= paginationmaxcount, (l++)]): Delayed 13 second(s)

2022-02-26 17:54:32 - [TEST_STEP][PASSED] - if (l <= 5): null

2022-02-26 17:54:32 - [TEST_STEP][PASSED] - paginationvalue = l: null

2022-02-26 17:54:32 - [TEST_STEP][PASSED] - if (l > 5): null

2022-02-26 17:54:32 - [TEST_STEP][PASSED] - logInfo(Size of Pagination: $paginationvalue): Size of Pagination: 1

2022-02-26 17:54:32 - [MESSAGE][INFO] - Size of Pagination: 1

2022-02-26 17:54:32 - [TEST_STEP][PASSED] - click(findTestObject("Object Repository/PaginationCOunt/ClickOnPagination", ["pagination":paginationvalue])): Object: 'Object Repository/PaginationCOunt/ClickOnPagination' is clicked on

2022-02-26 17:54:36 - [MESSAGE][PASSED] - Object: 'Object Repository/PaginationCOunt/ClickOnPagination' is clicked on

2022-02-26 17:54:36 - [TEST_STEP][PASSED] - delay(20): Delayed 20 second(s)

2022-02-26 17:54:56 - [MESSAGE][PASSED] - Delayed 20 second(s)

2022-02-26 17:54:56 - [TEST_STEP][PASSED] - takeScreenshot(): Taking screenshot successfully

2022-02-26 17:54:56 - [MESSAGE][PASSED] - Taking screenshot successfully
[[ATTACHMENT|/home/intersoft-admin/Rattan/Bash/Training/Rattan/Final_testing/New_ActivityOverview/Reports/20220226_174503/CancelAndRefundMultipleBookings/20220226_174506/1645878296100.png]]

2022-02-26 17:54:56 - [TEST_STEP][PASSED] - SizeofActiveBookings = findWebElements(findTestObject("Object Repository/CancelAndRefund/OrderListWithoutRefundedStatus"), 5).size(): null

2022-02-26 17:54:56 - [TEST_STEP][PASSED] - logInfo(Size of Active Bookings: $SizeofActiveBookings): Size of Active Bookings: 80

2022-02-26 17:54:56 - [MESSAGE][INFO] - Size of Active Bookings: 80

2022-02-26 17:54:56 - [TEST_STEP][PASSED] - for ([refund = 1, refund < SizeofActiveBookings, (refund++)]): null

2022-02-26 17:54:56 - [TEST_STEP][PASSED] - if (refund == 1): null

2022-02-26 17:54:56 - [TEST_STEP][PASSED] - refund = SizeofActiveBookings: null

2022-02-26 17:54:56 - [TEST_STEP][PASSED] - refundvalue = refund: null

2022-02-26 17:54:56 - [TEST_STEP][PASSED] - logInfo(Size of refund booking: $refund): Size of refund booking: 80

2022-02-26 17:54:56 - [MESSAGE][INFO] - Size of refund booking: 80

2022-02-26 17:54:56 - [TEST_STEP][PASSED] - scrollToElement(findTestObject("Object Repository/CancelAndRefund/OrderListWithoutRefundedStatus - Click", ["position":refund]), 15): Scroll to object 'Object Repository/CancelAndRefund/OrderListWithoutRefundedStatus - Click' successfully

2022-02-26 17:54:56 - [MESSAGE][PASSED] - Scroll to object 'Object Repository/CancelAndRefund/OrderListWithoutRefundedStatus - Click' successfully

2022-02-26 17:54:56 - [TEST_STEP][PASSED] - takeScreenshot(): Taking screenshot successfully

2022-02-26 17:54:56 - [MESSAGE][PASSED] - Taking screenshot successfully
[[ATTACHMENT|/home/intersoft-admin/Rattan/Bash/Training/Rattan/Final_testing/New_ActivityOverview/Reports/20220226_174503/CancelAndRefundMultipleBookings/20220226_174506/1645878296419.png]]

2022-02-26 17:54:56 - [TEST_STEP][PASSED] - orderId = findWebElement(findTestObject("Object Repository/GetOrderID/GetOrderID", ["position":refund])).getAttribute("data-order_id"): null

2022-02-26 17:54:56 - [TEST_STEP][PASSED] - orderId = orderId: null

2022-02-26 17:54:56 - [TEST_STEP][PASSED] - logInfo(Order ID: $orderId): Order ID: 164579446890597

2022-02-26 17:54:56 - [MESSAGE][INFO] - Order ID: 164579446890597

2022-02-26 17:54:56 - [TEST_STEP][PASSED] - click(findTestObject("Object Repository/GetOrderID/GetOrderID", ["position":refund])): Object: 'Object Repository/GetOrderID/GetOrderID' is clicked on

2022-02-26 17:54:59 - [MESSAGE][PASSED] - Object: 'Object Repository/GetOrderID/GetOrderID' is clicked on

2022-02-26 17:54:59 - [TEST_STEP][PASSED] - delay(20): Delayed 20 second(s)

2022-02-26 17:55:19 - [MESSAGE][PASSED] - Delayed 20 second(s)

2022-02-26 17:55:19 - [TEST_STEP][PASSED] - takeScreenshot(): Taking screenshot successfully

2022-02-26 17:55:19 - [MESSAGE][PASSED] - Taking screenshot successfully
[[ATTACHMENT|/home/intersoft-admin/Rattan/Bash/Training/Rattan/Final_testing/New_ActivityOverview/Reports/20220226_174503/CancelAndRefundMultipleBookings/20220226_174506/1645878319815.png]]

2022-02-26 17:55:19 - [TEST_STEP][PASSED] - bookingsize = findWebElements(findTestObject("Object Repository/DetailPop-up/ExpanSection/ProductSectionLength"), 5).size(): [SELF-HEALING] Cannot find elements when the selector is null

2022-02-26 17:55:25 - [MESSAGE][INFO] - Unable to find the element located by 'By.xpath: //div[@class='order-detail-left']//li[@class='order-list confirm hash-link-parent']'. Please recheck the objects properties to make sure the desired element is located. 

2022-02-26 17:55:25 - [MESSAGE][WARNING] - [SELF-HEALING] Failed to find element with id 'Object Repository/DetailPop-up/ExpanSection/ProductSectionLength'. Try using Self-healing.

2022-02-26 17:55:26 - [MESSAGE][INFO] - [SELF-HEALING] No working XPath is found.

2022-02-26 17:55:28 - [MESSAGE][INFO] - Unable to find the element located by 'By.xpath: '. Please recheck the objects properties to make sure the desired element is located. 

2022-02-26 17:55:28 - [MESSAGE][WARNING] - [SELF-HEALING] Cannot find elements when the selector is null

2022-02-26 17:55:28 - [TEST_STEP][PASSED] - logInfo(Size of Bookings on Product detail Pop-up: $bookingsize): Size of Bookings on Product detail Pop-up: 0

2022-02-26 17:55:28 - [MESSAGE][INFO] - Size of Bookings on Product detail Pop-up: 0

2022-02-26 17:55:28 - [TEST_STEP][PASSED] - for ([looping = 1, looping <= bookingsize, (looping++)]): null

2022-02-26 17:55:28 - [TEST_STEP][PASSED] - delay(13): Delayed 13 second(s)

2022-02-26 17:55:41 - [MESSAGE][PASSED] - Delayed 13 second(s)

2022-02-26 17:55:41 - [TEST_STEP][PASSED] - click(findTestObject("Object Repository/DetailPop-up/Backbutton/BackButtonToListing")): Object: 'Object Repository/DetailPop-up/Backbutton/BackButtonToListing' is clicked on

2022-02-26 17:55:44 - [MESSAGE][PASSED] - Object: 'Object Repository/DetailPop-up/Backbutton/BackButtonToListing' is clicked on

2022-02-26 17:55:44 - [TEST_STEP][PASSED] - delay(13): Delayed 13 second(s)

2022-02-26 17:55:57 - [MESSAGE][PASSED] - Delayed 13 second(s)

2022-02-26 17:55:57 - [TEST_STEP][PASSED] - if (l <= 5): null

2022-02-26 17:55:57 - [TEST_STEP][PASSED] - paginationvalue = l: null

2022-02-26 17:55:57 - [TEST_STEP][PASSED] - if (l > 5): null

2022-02-26 17:55:57 - [TEST_STEP][PASSED] - logInfo(Size of Pagination: $paginationvalue): Size of Pagination: 2

2022-02-26 17:55:57 - [MESSAGE][INFO] - Size of Pagination: 2

2022-02-26 17:55:57 - [TEST_STEP][PASSED] - click(findTestObject("Object Repository/PaginationCOunt/ClickOnPagination", ["pagination":paginationvalue])): Object: 'Object Repository/PaginationCOunt/ClickOnPagination' is clicked on

2022-02-26 17:56:00 - [MESSAGE][PASSED] - Object: 'Object Repository/PaginationCOunt/ClickOnPagination' is clicked on

2022-02-26 17:56:00 - [TEST_STEP][PASSED] - delay(20): Delayed 20 second(s)

2022-02-26 17:56:20 - [MESSAGE][PASSED] - Delayed 20 second(s)

2022-02-26 17:56:20 - [TEST_STEP][PASSED] - takeScreenshot(): Taking screenshot successfully

2022-02-26 17:56:20 - [MESSAGE][PASSED] - Taking screenshot successfully
[[ATTACHMENT|/home/intersoft-admin/Rattan/Bash/Training/Rattan/Final_testing/New_ActivityOverview/Reports/20220226_174503/CancelAndRefundMultipleBookings/20220226_174506/1645878380559.png]]

2022-02-26 17:56:20 - [TEST_STEP][PASSED] - SizeofActiveBookings = findWebElements(findTestObject("Object Repository/CancelAndRefund/OrderListWithoutRefundedStatus"), 5).size(): null

2022-02-26 17:56:20 - [TEST_STEP][PASSED] - logInfo(Size of Active Bookings: $SizeofActiveBookings): Size of Active Bookings: 88

2022-02-26 17:56:20 - [MESSAGE][INFO] - Size of Active Bookings: 88

2022-02-26 17:56:20 - [TEST_STEP][PASSED] - for ([refund = 1, refund < SizeofActiveBookings, (refund++)]): null

2022-02-26 17:56:20 - [TEST_STEP][PASSED] - if (refund == 1): null

2022-02-26 17:56:20 - [TEST_STEP][PASSED] - refund = SizeofActiveBookings: null

2022-02-26 17:56:20 - [TEST_STEP][PASSED] - refundvalue = refund: null

2022-02-26 17:56:20 - [TEST_STEP][PASSED] - logInfo(Size of refund booking: $refund): Size of refund booking: 88

2022-02-26 17:56:20 - [MESSAGE][INFO] - Size of refund booking: 88

2022-02-26 17:56:20 - [TEST_STEP][PASSED] - scrollToElement(findTestObject("Object Repository/CancelAndRefund/OrderListWithoutRefundedStatus - Click", ["position":refund]), 15): Scroll to object 'Object Repository/CancelAndRefund/OrderListWithoutRefundedStatus - Click' successfully

2022-02-26 17:56:20 - [MESSAGE][PASSED] - Scroll to object 'Object Repository/CancelAndRefund/OrderListWithoutRefundedStatus - Click' successfully

2022-02-26 17:56:20 - [TEST_STEP][PASSED] - takeScreenshot(): Taking screenshot successfully

2022-02-26 17:56:20 - [MESSAGE][PASSED] - Taking screenshot successfully
[[ATTACHMENT|/home/intersoft-admin/Rattan/Bash/Training/Rattan/Final_testing/New_ActivityOverview/Reports/20220226_174503/CancelAndRefundMultipleBookings/20220226_174506/1645878380855.png]]

2022-02-26 17:56:20 - [TEST_STEP][PASSED] - orderId = findWebElement(findTestObject("Object Repository/GetOrderID/GetOrderID", ["position":refund])).getAttribute("data-order_id"): null

2022-02-26 17:56:21 - [TEST_STEP][PASSED] - orderId = orderId: null

2022-02-26 17:56:21 - [TEST_STEP][PASSED] - logInfo(Order ID: $orderId): Order ID: 164569849819227

2022-02-26 17:56:21 - [MESSAGE][INFO] - Order ID: 164569849819227

2022-02-26 17:56:21 - [TEST_STEP][PASSED] - click(findTestObject("Object Repository/GetOrderID/GetOrderID", ["position":refund])): Object: 'Object Repository/GetOrderID/GetOrderID' is clicked on

2022-02-26 17:56:24 - [MESSAGE][PASSED] - Object: 'Object Repository/GetOrderID/GetOrderID' is clicked on

2022-02-26 17:56:24 - [TEST_STEP][PASSED] - delay(20): Delayed 20 second(s)

2022-02-26 17:56:44 - [MESSAGE][PASSED] - Delayed 20 second(s)

2022-02-26 17:56:44 - [TEST_STEP][PASSED] - takeScreenshot(): Taking screenshot successfully

2022-02-26 17:56:44 - [MESSAGE][PASSED] - Taking screenshot successfully
[[ATTACHMENT|/home/intersoft-admin/Rattan/Bash/Training/Rattan/Final_testing/New_ActivityOverview/Reports/20220226_174503/CancelAndRefundMultipleBookings/20220226_174506/1645878404244.png]]

2022-02-26 17:56:44 - [TEST_STEP][PASSED] - bookingsize = findWebElements(findTestObject("Object Repository/DetailPop-up/ExpanSection/ProductSectionLength"), 5).size(): [SELF-HEALING] Cannot find elements when the selector is null

2022-02-26 17:56:50 - [MESSAGE][INFO] - Unable to find the element located by 'By.xpath: //div[@class='order-detail-left']//li[@class='order-list confirm hash-link-parent']'. Please recheck the objects properties to make sure the desired element is located. 

2022-02-26 17:56:50 - [MESSAGE][WARNING] - [SELF-HEALING] Failed to find element with id 'Object Repository/DetailPop-up/ExpanSection/ProductSectionLength'. Try using Self-healing.

2022-02-26 17:56:51 - [MESSAGE][INFO] - [SELF-HEALING] No working XPath is found.

2022-02-26 17:56:52 - [MESSAGE][INFO] - Unable to find the element located by 'By.xpath: '. Please recheck the objects properties to make sure the desired element is located. 

2022-02-26 17:56:52 - [MESSAGE][WARNING] - [SELF-HEALING] Cannot find elements when the selector is null

2022-02-26 17:56:52 - [TEST_STEP][PASSED] - logInfo(Size of Bookings on Product detail Pop-up: $bookingsize): Size of Bookings on Product detail Pop-up: 0

2022-02-26 17:56:52 - [MESSAGE][INFO] - Size of Bookings on Product detail Pop-up: 0

2022-02-26 17:56:52 - [TEST_STEP][PASSED] - for ([looping = 1, looping <= bookingsize, (looping++)]): null

2022-02-26 17:56:52 - [TEST_STEP][PASSED] - delay(13): Delayed 13 second(s)

2022-02-26 17:57:05 - [MESSAGE][PASSED] - Delayed 13 second(s)

2022-02-26 17:57:05 - [TEST_STEP][PASSED] - click(findTestObject("Object Repository/DetailPop-up/Backbutton/BackButtonToListing")): Object: 'Object Repository/DetailPop-up/Backbutton/BackButtonToListing' is clicked on

2022-02-26 17:57:08 - [MESSAGE][PASSED] - Object: 'Object Repository/DetailPop-up/Backbutton/BackButtonToListing' is clicked on

2022-02-26 17:57:08 - [TEST_STEP][PASSED] - delay(13): Delayed 13 second(s)

2022-02-26 17:57:21 - [MESSAGE][PASSED] - Delayed 13 second(s)

2022-02-26 17:57:21 - [TEST_STEP][PASSED] - if (l <= 5): null

2022-02-26 17:57:21 - [TEST_STEP][PASSED] - paginationvalue = l: null

2022-02-26 17:57:21 - [TEST_STEP][PASSED] - if (l > 5): null

2022-02-26 17:57:21 - [TEST_STEP][PASSED] - logInfo(Size of Pagination: $paginationvalue): Size of Pagination: 3

2022-02-26 17:57:21 - [MESSAGE][INFO] - Size of Pagination: 3

2022-02-26 17:57:21 - [TEST_STEP][PASSED] - click(findTestObject("Object Repository/PaginationCOunt/ClickOnPagination", ["pagination":paginationvalue])): Object: 'Object Repository/PaginationCOunt/ClickOnPagination' is clicked on

2022-02-26 17:57:24 - [MESSAGE][PASSED] - Object: 'Object Repository/PaginationCOunt/ClickOnPagination' is clicked on

2022-02-26 17:57:24 - [TEST_STEP][PASSED] - delay(20): Delayed 20 second(s)

2022-02-26 17:57:44 - [MESSAGE][PASSED] - Delayed 20 second(s)

2022-02-26 17:57:44 - [TEST_STEP][PASSED] - takeScreenshot(): Taking screenshot successfully

2022-02-26 17:57:45 - [MESSAGE][PASSED] - Taking screenshot successfully
[[ATTACHMENT|/home/intersoft-admin/Rattan/Bash/Training/Rattan/Final_testing/New_ActivityOverview/Reports/20220226_174503/CancelAndRefundMultipleBookings/20220226_174506/1645878465003.png]]

2022-02-26 17:57:45 - [TEST_STEP][PASSED] - SizeofActiveBookings = findWebElements(findTestObject("Object Repository/CancelAndRefund/OrderListWithoutRefundedStatus"), 5).size(): null

2022-02-26 17:57:45 - [TEST_STEP][PASSED] - logInfo(Size of Active Bookings: $SizeofActiveBookings): Size of Active Bookings: 95

2022-02-26 17:57:45 - [MESSAGE][INFO] - Size of Active Bookings: 95

2022-02-26 17:57:45 - [TEST_STEP][PASSED] - for ([refund = 1, refund < SizeofActiveBookings, (refund++)]): null

2022-02-26 17:57:45 - [TEST_STEP][PASSED] - if (refund == 1): null

2022-02-26 17:57:45 - [TEST_STEP][PASSED] - refund = SizeofActiveBookings: null

2022-02-26 17:57:45 - [TEST_STEP][PASSED] - refundvalue = refund: null

2022-02-26 17:57:45 - [TEST_STEP][PASSED] - logInfo(Size of refund booking: $refund): Size of refund booking: 95

2022-02-26 17:57:45 - [MESSAGE][INFO] - Size of refund booking: 95

2022-02-26 17:57:45 - [TEST_STEP][PASSED] - scrollToElement(findTestObject("Object Repository/CancelAndRefund/OrderListWithoutRefundedStatus - Click", ["position":refund]), 15): Scroll to object 'Object Repository/CancelAndRefund/OrderListWithoutRefundedStatus - Click' successfully

2022-02-26 17:57:45 - [MESSAGE][PASSED] - Scroll to object 'Object Repository/CancelAndRefund/OrderListWithoutRefundedStatus - Click' successfully

2022-02-26 17:57:45 - [TEST_STEP][PASSED] - takeScreenshot(): Taking screenshot successfully

2022-02-26 17:57:45 - [MESSAGE][PASSED] - Taking screenshot successfully
[[ATTACHMENT|/home/intersoft-admin/Rattan/Bash/Training/Rattan/Final_testing/New_ActivityOverview/Reports/20220226_174503/CancelAndRefundMultipleBookings/20220226_174506/1645878465285.png]]

2022-02-26 17:57:45 - [TEST_STEP][PASSED] - orderId = findWebElement(findTestObject("Object Repository/GetOrderID/GetOrderID", ["position":refund])).getAttribute("data-order_id"): null

2022-02-26 17:57:45 - [TEST_STEP][PASSED] - orderId = orderId: null

2022-02-26 17:57:45 - [TEST_STEP][PASSED] - logInfo(Order ID: $orderId): Order ID: 164561547519761

2022-02-26 17:57:45 - [MESSAGE][INFO] - Order ID: 164561547519761

2022-02-26 17:57:45 - [TEST_STEP][PASSED] - click(findTestObject("Object Repository/GetOrderID/GetOrderID", ["position":refund])): Object: 'Object Repository/GetOrderID/GetOrderID' is clicked on

2022-02-26 17:57:48 - [MESSAGE][PASSED] - Object: 'Object Repository/GetOrderID/GetOrderID' is clicked on

2022-02-26 17:57:48 - [TEST_STEP][PASSED] - delay(20): Delayed 20 second(s)

2022-02-26 17:58:08 - [MESSAGE][PASSED] - Delayed 20 second(s)

2022-02-26 17:58:08 - [TEST_STEP][PASSED] - takeScreenshot(): Taking screenshot successfully

2022-02-26 17:58:08 - [MESSAGE][PASSED] - Taking screenshot successfully
[[ATTACHMENT|/home/intersoft-admin/Rattan/Bash/Training/Rattan/Final_testing/New_ActivityOverview/Reports/20220226_174503/CancelAndRefundMultipleBookings/20220226_174506/1645878488658.png]]

2022-02-26 17:58:08 - [TEST_STEP][PASSED] - bookingsize = findWebElements(findTestObject("Object Repository/DetailPop-up/ExpanSection/ProductSectionLength"), 5).size(): [SELF-HEALING] Cannot find elements when the selector is null

2022-02-26 17:58:14 - [MESSAGE][INFO] - Unable to find the element located by 'By.xpath: //div[@class='order-detail-left']//li[@class='order-list confirm hash-link-parent']'. Please recheck the objects properties to make sure the desired element is located. 

2022-02-26 17:58:14 - [MESSAGE][WARNING] - [SELF-HEALING] Failed to find element with id 'Object Repository/DetailPop-up/ExpanSection/ProductSectionLength'. Try using Self-healing.

2022-02-26 17:58:15 - [MESSAGE][INFO] - [SELF-HEALING] No working XPath is found.

2022-02-26 17:58:16 - [MESSAGE][INFO] - Unable to find the element located by 'By.xpath: '. Please recheck the objects properties to make sure the desired element is located. 

2022-02-26 17:58:16 - [MESSAGE][WARNING] - [SELF-HEALING] Cannot find elements when the selector is null

2022-02-26 17:58:16 - [TEST_STEP][PASSED] - logInfo(Size of Bookings on Product detail Pop-up: $bookingsize): Size of Bookings on Product detail Pop-up: 0

2022-02-26 17:58:16 - [MESSAGE][INFO] - Size of Bookings on Product detail Pop-up: 0

2022-02-26 17:58:16 - [TEST_STEP][PASSED] - for ([looping = 1, looping <= bookingsize, (looping++)]): null

2022-02-26 17:58:16 - [TEST_STEP][PASSED] - delay(13): Delayed 13 second(s)

2022-02-26 17:58:29 - [MESSAGE][PASSED] - Delayed 13 second(s)

2022-02-26 17:58:29 - [TEST_STEP][PASSED] - click(findTestObject("Object Repository/DetailPop-up/Backbutton/BackButtonToListing")): Object: 'Object Repository/DetailPop-up/Backbutton/BackButtonToListing' is clicked on

2022-02-26 17:58:33 - [MESSAGE][PASSED] - Object: 'Object Repository/DetailPop-up/Backbutton/BackButtonToListing' is clicked on

2022-02-26 17:58:33 - [TEST_STEP][PASSED] - delay(13): Delayed 13 second(s)

2022-02-26 17:58:46 - [MESSAGE][PASSED] - Delayed 13 second(s)

2022-02-26 17:58:46 - [TEST_STEP][PASSED] - if (l <= 5): null

2022-02-26 17:58:46 - [TEST_STEP][PASSED] - paginationvalue = l: null

2022-02-26 17:58:46 - [TEST_STEP][PASSED] - if (l > 5): null

2022-02-26 17:58:46 - [TEST_STEP][PASSED] - logInfo(Size of Pagination: $paginationvalue): Size of Pagination: 4

2022-02-26 17:58:46 - [MESSAGE][INFO] - Size of Pagination: 4

2022-02-26 17:58:46 - [TEST_STEP][PASSED] - click(findTestObject("Object Repository/PaginationCOunt/ClickOnPagination", ["pagination":paginationvalue])): Object: 'Object Repository/PaginationCOunt/ClickOnPagination' is clicked on

2022-02-26 17:58:49 - [MESSAGE][PASSED] - Object: 'Object Repository/PaginationCOunt/ClickOnPagination' is clicked on

2022-02-26 17:58:49 - [TEST_STEP][PASSED] - delay(20): Delayed 20 second(s)

2022-02-26 17:59:09 - [MESSAGE][PASSED] - Delayed 20 second(s)

2022-02-26 17:59:09 - [TEST_STEP][PASSED] - takeScreenshot(): Taking screenshot successfully

2022-02-26 17:59:09 - [MESSAGE][PASSED] - Taking screenshot successfully
[[ATTACHMENT|/home/intersoft-admin/Rattan/Bash/Training/Rattan/Final_testing/New_ActivityOverview/Reports/20220226_174503/CancelAndRefundMultipleBookings/20220226_174506/1645878549341.png]]

2022-02-26 17:59:09 - [TEST_STEP][PASSED] - SizeofActiveBookings = findWebElements(findTestObject("Object Repository/CancelAndRefund/OrderListWithoutRefundedStatus"), 5).size(): null

2022-02-26 17:59:09 - [TEST_STEP][PASSED] - logInfo(Size of Active Bookings: $SizeofActiveBookings): Size of Active Bookings: 99

2022-02-26 17:59:09 - [MESSAGE][INFO] - Size of Active Bookings: 99

2022-02-26 17:59:09 - [TEST_STEP][PASSED] - for ([refund = 1, refund < SizeofActiveBookings, (refund++)]): null

2022-02-26 17:59:09 - [TEST_STEP][PASSED] - if (refund == 1): null

2022-02-26 17:59:09 - [TEST_STEP][PASSED] - refund = SizeofActiveBookings: null

2022-02-26 17:59:09 - [TEST_STEP][PASSED] - refundvalue = refund: null

2022-02-26 17:59:09 - [TEST_STEP][PASSED] - logInfo(Size of refund booking: $refund): Size of refund booking: 99

2022-02-26 17:59:09 - [MESSAGE][INFO] - Size of refund booking: 99

2022-02-26 17:59:09 - [TEST_STEP][PASSED] - scrollToElement(findTestObject("Object Repository/CancelAndRefund/OrderListWithoutRefundedStatus - Click", ["position":refund]), 15): Scroll to object 'Object Repository/CancelAndRefund/OrderListWithoutRefundedStatus - Click' successfully

2022-02-26 17:59:09 - [MESSAGE][PASSED] - Scroll to object 'Object Repository/CancelAndRefund/OrderListWithoutRefundedStatus - Click' successfully

2022-02-26 17:59:09 - [TEST_STEP][PASSED] - takeScreenshot(): Taking screenshot successfully

2022-02-26 17:59:09 - [MESSAGE][PASSED] - Taking screenshot successfully
[[ATTACHMENT|/home/intersoft-admin/Rattan/Bash/Training/Rattan/Final_testing/New_ActivityOverview/Reports/20220226_174503/CancelAndRefundMultipleBookings/20220226_174506/1645878549619.png]]

2022-02-26 17:59:09 - [TEST_STEP][PASSED] - orderId = findWebElement(findTestObject("Object Repository/GetOrderID/GetOrderID", ["position":refund])).getAttribute("data-order_id"): null

2022-02-26 17:59:09 - [TEST_STEP][PASSED] - orderId = orderId: null

2022-02-26 17:59:09 - [TEST_STEP][PASSED] - logInfo(Order ID: $orderId): Order ID: 164552580001366

2022-02-26 17:59:09 - [MESSAGE][INFO] - Order ID: 164552580001366

2022-02-26 17:59:09 - [TEST_STEP][PASSED] - click(findTestObject("Object Repository/GetOrderID/GetOrderID", ["position":refund])): Object: 'Object Repository/GetOrderID/GetOrderID' is clicked on

2022-02-26 17:59:12 - [MESSAGE][PASSED] - Object: 'Object Repository/GetOrderID/GetOrderID' is clicked on

2022-02-26 17:59:12 - [TEST_STEP][PASSED] - delay(20): Delayed 20 second(s)

2022-02-26 17:59:32 - [MESSAGE][PASSED] - Delayed 20 second(s)

2022-02-26 17:59:32 - [TEST_STEP][PASSED] - takeScreenshot(): Taking screenshot successfully

2022-02-26 17:59:33 - [MESSAGE][PASSED] - Taking screenshot successfully
[[ATTACHMENT|/home/intersoft-admin/Rattan/Bash/Training/Rattan/Final_testing/New_ActivityOverview/Reports/20220226_174503/CancelAndRefundMultipleBookings/20220226_174506/1645878572998.png]]

2022-02-26 17:59:33 - [TEST_STEP][PASSED] - bookingsize = findWebElements(findTestObject("Object Repository/DetailPop-up/ExpanSection/ProductSectionLength"), 5).size(): [SELF-HEALING] Cannot find elements when the selector is null

2022-02-26 17:59:39 - [MESSAGE][INFO] - Unable to find the element located by 'By.xpath: //div[@class='order-detail-left']//li[@class='order-list confirm hash-link-parent']'. Please recheck the objects properties to make sure the desired element is located. 

2022-02-26 17:59:39 - [MESSAGE][WARNING] - [SELF-HEALING] Failed to find element with id 'Object Repository/DetailPop-up/ExpanSection/ProductSectionLength'. Try using Self-healing.

2022-02-26 17:59:40 - [MESSAGE][INFO] - [SELF-HEALING] No working XPath is found.

2022-02-26 17:59:41 - [MESSAGE][INFO] - Unable to find the element located by 'By.xpath: '. Please recheck the objects properties to make sure the desired element is located. 

2022-02-26 17:59:41 - [MESSAGE][WARNING] - [SELF-HEALING] Cannot find elements when the selector is null

2022-02-26 17:59:41 - [TEST_STEP][PASSED] - logInfo(Size of Bookings on Product detail Pop-up: $bookingsize): Size of Bookings on Product detail Pop-up: 0

2022-02-26 17:59:41 - [MESSAGE][INFO] - Size of Bookings on Product detail Pop-up: 0

2022-02-26 17:59:41 - [TEST_STEP][PASSED] - for ([looping = 1, looping <= bookingsize, (looping++)]): null

2022-02-26 17:59:41 - [TEST_STEP][PASSED] - delay(13): Delayed 13 second(s)

2022-02-26 17:59:54 - [MESSAGE][PASSED] - Delayed 13 second(s)

2022-02-26 17:59:54 - [TEST_STEP][PASSED] - click(findTestObject("Object Repository/DetailPop-up/Backbutton/BackButtonToListing")): Object: 'Object Repository/DetailPop-up/Backbutton/BackButtonToListing' is clicked on

2022-02-26 17:59:57 - [MESSAGE][PASSED] - Object: 'Object Repository/DetailPop-up/Backbutton/BackButtonToListing' is clicked on

2022-02-26 17:59:57 - [TEST_STEP][PASSED] - delay(13): Delayed 13 second(s)

2022-02-26 18:00:10 - [MESSAGE][PASSED] - Delayed 13 second(s)

2022-02-26 18:00:10 - [TEST_STEP][PASSED] - if (l <= 5): null

2022-02-26 18:00:10 - [TEST_STEP][PASSED] - paginationvalue = l: null

2022-02-26 18:00:10 - [TEST_STEP][PASSED] - if (l > 5): null

2022-02-26 18:00:10 - [TEST_STEP][PASSED] - logInfo(Size of Pagination: $paginationvalue): Size of Pagination: 5

2022-02-26 18:00:10 - [MESSAGE][INFO] - Size of Pagination: 5

2022-02-26 18:00:10 - [TEST_STEP][PASSED] - click(findTestObject("Object Repository/PaginationCOunt/ClickOnPagination", ["pagination":paginationvalue])): Object: 'Object Repository/PaginationCOunt/ClickOnPagination' is clicked on

2022-02-26 18:00:13 - [MESSAGE][PASSED] - Object: 'Object Repository/PaginationCOunt/ClickOnPagination' is clicked on

2022-02-26 18:00:13 - [TEST_STEP][PASSED] - delay(20): Delayed 20 second(s)

2022-02-26 18:00:33 - [MESSAGE][PASSED] - Delayed 20 second(s)

2022-02-26 18:00:33 - [TEST_STEP][PASSED] - takeScreenshot(): Taking screenshot successfully

2022-02-26 18:00:33 - [MESSAGE][PASSED] - Taking screenshot successfully
[[ATTACHMENT|/home/intersoft-admin/Rattan/Bash/Training/Rattan/Final_testing/New_ActivityOverview/Reports/20220226_174503/CancelAndRefundMultipleBookings/20220226_174506/1645878633711.png]]

2022-02-26 18:00:33 - [TEST_STEP][PASSED] - SizeofActiveBookings = findWebElements(findTestObject("Object Repository/CancelAndRefund/OrderListWithoutRefundedStatus"), 5).size(): null

2022-02-26 18:00:33 - [TEST_STEP][PASSED] - logInfo(Size of Active Bookings: $SizeofActiveBookings): Size of Active Bookings: 88

2022-02-26 18:00:33 - [MESSAGE][INFO] - Size of Active Bookings: 88

2022-02-26 18:00:33 - [TEST_STEP][PASSED] - for ([refund = 1, refund < SizeofActiveBookings, (refund++)]): null

2022-02-26 18:00:33 - [TEST_STEP][PASSED] - if (refund == 1): null

2022-02-26 18:00:33 - [TEST_STEP][PASSED] - refund = SizeofActiveBookings: null

2022-02-26 18:00:33 - [TEST_STEP][PASSED] - refundvalue = refund: null

2022-02-26 18:00:33 - [TEST_STEP][PASSED] - logInfo(Size of refund booking: $refund): Size of refund booking: 88

2022-02-26 18:00:33 - [MESSAGE][INFO] - Size of refund booking: 88

2022-02-26 18:00:33 - [TEST_STEP][PASSED] - scrollToElement(findTestObject("Object Repository/CancelAndRefund/OrderListWithoutRefundedStatus - Click", ["position":refund]), 15): Scroll to object 'Object Repository/CancelAndRefund/OrderListWithoutRefundedStatus - Click' successfully

2022-02-26 18:00:33 - [MESSAGE][PASSED] - Scroll to object 'Object Repository/CancelAndRefund/OrderListWithoutRefundedStatus - Click' successfully

2022-02-26 18:00:33 - [TEST_STEP][PASSED] - takeScreenshot(): Taking screenshot successfully

2022-02-26 18:00:34 - [MESSAGE][PASSED] - Taking screenshot successfully
[[ATTACHMENT|/home/intersoft-admin/Rattan/Bash/Training/Rattan/Final_testing/New_ActivityOverview/Reports/20220226_174503/CancelAndRefundMultipleBookings/20220226_174506/1645878633983.png]]

2022-02-26 18:00:34 - [TEST_STEP][PASSED] - orderId = findWebElement(findTestObject("Object Repository/GetOrderID/GetOrderID", ["position":refund])).getAttribute("data-order_id"): null

2022-02-26 18:00:34 - [TEST_STEP][PASSED] - orderId = orderId: null

2022-02-26 18:00:34 - [TEST_STEP][PASSED] - logInfo(Order ID: $orderId): Order ID: 164544594239811

2022-02-26 18:00:34 - [MESSAGE][INFO] - Order ID: 164544594239811

2022-02-26 18:00:34 - [TEST_STEP][PASSED] - click(findTestObject("Object Repository/GetOrderID/GetOrderID", ["position":refund])): Object: 'Object Repository/GetOrderID/GetOrderID' is clicked on

2022-02-26 18:00:37 - [MESSAGE][PASSED] - Object: 'Object Repository/GetOrderID/GetOrderID' is clicked on

2022-02-26 18:00:37 - [TEST_STEP][PASSED] - delay(20): Delayed 20 second(s)

2022-02-26 18:00:57 - [MESSAGE][PASSED] - Delayed 20 second(s)

2022-02-26 18:00:57 - [TEST_STEP][PASSED] - takeScreenshot(): Taking screenshot successfully

2022-02-26 18:00:57 - [MESSAGE][PASSED] - Taking screenshot successfully
[[ATTACHMENT|/home/intersoft-admin/Rattan/Bash/Training/Rattan/Final_testing/New_ActivityOverview/Reports/20220226_174503/CancelAndRefundMultipleBookings/20220226_174506/1645878657444.png]]

2022-02-26 18:00:57 - [TEST_STEP][PASSED] - bookingsize = findWebElements(findTestObject("Object Repository/DetailPop-up/ExpanSection/ProductSectionLength"), 5).size(): [SELF-HEALING] Cannot find elements when the selector is null

2022-02-26 18:01:03 - [MESSAGE][INFO] - Unable to find the element located by 'By.xpath: //div[@class='order-detail-left']//li[@class='order-list confirm hash-link-parent']'. Please recheck the objects properties to make sure the desired element is located. 

2022-02-26 18:01:03 - [MESSAGE][WARNING] - [SELF-HEALING] Failed to find element with id 'Object Repository/DetailPop-up/ExpanSection/ProductSectionLength'. Try using Self-healing.

2022-02-26 18:01:04 - [MESSAGE][INFO] - [SELF-HEALING] No working XPath is found.

2022-02-26 18:01:05 - [MESSAGE][INFO] - Unable to find the element located by 'By.xpath: '. Please recheck the objects properties to make sure the desired element is located. 

2022-02-26 18:01:05 - [MESSAGE][WARNING] - [SELF-HEALING] Cannot find elements when the selector is null

2022-02-26 18:01:05 - [TEST_STEP][PASSED] - logInfo(Size of Bookings on Product detail Pop-up: $bookingsize): Size of Bookings on Product detail Pop-up: 0

2022-02-26 18:01:05 - [MESSAGE][INFO] - Size of Bookings on Product detail Pop-up: 0

2022-02-26 18:01:05 - [TEST_STEP][PASSED] - for ([looping = 1, looping <= bookingsize, (looping++)]): null

2022-02-26 18:01:05 - [TEST_STEP][PASSED] - delay(13): Delayed 13 second(s)

2022-02-26 18:01:18 - [MESSAGE][PASSED] - Delayed 13 second(s)

2022-02-26 18:01:18 - [TEST_STEP][PASSED] - click(findTestObject("Object Repository/DetailPop-up/Backbutton/BackButtonToListing")): Object: 'Object Repository/DetailPop-up/Backbutton/BackButtonToListing' is clicked on

2022-02-26 18:01:21 - [MESSAGE][PASSED] - Object: 'Object Repository/DetailPop-up/Backbutton/BackButtonToListing' is clicked on

2022-02-26 18:01:21 - [TEST_STEP][PASSED] - delay(13): Delayed 13 second(s)

2022-02-26 18:01:34 - [MESSAGE][PASSED] - Delayed 13 second(s)]]></system-out>
         <system-err><![CDATA[]]></system-err>
      </testcase>
      <system-out><![CDATA[2022-02-26 17:53:08 - [TEST_SUITE][PASSED] - CancelAndRefundMultipleBookings: Test Cases/NewActivityOverview-LeftNavigation/ActivityOverview-CancelBooking-GetOrderIDAndRefund]]></system-out>
      <system-err><![CDATA[]]></system-err>
   </testsuite>
</testsuites>
