<?xml version="1.0" encoding="UTF-8"?>
<testsuites name="CalendarTestingWithSearchAndSorting" time="988.977" tests="1" failures="0" errors="0">
   <testsuite name="CalendarTestingWithSearchAndSorting" tests="1" failures="0" errors="0" time="988.977" skipped="0" timestamp="2022-02-10 15:54:18" hostname="intersoft-admin - intersoftadmin-desktop" id="Test Suites/CalendarTestingWithSearchAndSorting">
      <properties>
         <property name="deviceName" value=""/>
         <property name="devicePlatform" value=""/>
         <property name="logFolder" value="/home/intersoft-admin/Rattan/Bash/Training/Rattan/Final_testing/New_ActivityOverview/Reports/20220210_155408/CalendarTestingWithSearchAndSorting/20220210_155408"/>
         <property name="logFiles" value="/home/intersoft-admin/Rattan/Bash/Training/Rattan/Final_testing/New_ActivityOverview/Reports/20220210_155408/CalendarTestingWithSearchAndSorting/20220210_155408/execution0.log"/>
         <property name="attachments" value="/home/intersoft-admin/Rattan/Bash/Training/Rattan/Final_testing/New_ActivityOverview/Reports/20220210_155408/CalendarTestingWithSearchAndSorting/20220210_155408/1644488684948.png, /home/intersoft-admin/Rattan/Bash/Training/Rattan/Final_testing/New_ActivityOverview/Reports/20220210_155408/CalendarTestingWithSearchAndSorting/20220210_155408/1644488699129.png, /home/intersoft-admin/Rattan/Bash/Training/Rattan/Final_testing/New_ActivityOverview/Reports/20220210_155408/CalendarTestingWithSearchAndSorting/20220210_155408/1644488719612.png, /home/intersoft-admin/Rattan/Bash/Training/Rattan/Final_testing/New_ActivityOverview/Reports/20220210_155408/CalendarTestingWithSearchAndSorting/20220210_155408/1644488743017.png, /home/intersoft-admin/Rattan/Bash/Training/Rattan/Final_testing/New_ActivityOverview/Reports/20220210_155408/CalendarTestingWithSearchAndSorting/20220210_155408/1644488843722.png, /home/intersoft-admin/Rattan/Bash/Training/Rattan/Final_testing/New_ActivityOverview/Reports/20220210_155408/CalendarTestingWithSearchAndSorting/20220210_155408/1644488873099.png, /home/intersoft-admin/Rattan/Bash/Training/Rattan/Final_testing/New_ActivityOverview/Reports/20220210_155408/CalendarTestingWithSearchAndSorting/20220210_155408/1644488902488.png, /home/intersoft-admin/Rattan/Bash/Training/Rattan/Final_testing/New_ActivityOverview/Reports/20220210_155408/CalendarTestingWithSearchAndSorting/20220210_155408/1644488925892.png, /home/intersoft-admin/Rattan/Bash/Training/Rattan/Final_testing/New_ActivityOverview/Reports/20220210_155408/CalendarTestingWithSearchAndSorting/20220210_155408/1644488949264.png, /home/intersoft-admin/Rattan/Bash/Training/Rattan/Final_testing/New_ActivityOverview/Reports/20220210_155408/CalendarTestingWithSearchAndSorting/20220210_155408/1644488972628.png, /home/intersoft-admin/Rattan/Bash/Training/Rattan/Final_testing/New_ActivityOverview/Reports/20220210_155408/CalendarTestingWithSearchAndSorting/20220210_155408/1644489005159.png, /home/intersoft-admin/Rattan/Bash/Training/Rattan/Final_testing/New_ActivityOverview/Reports/20220210_155408/CalendarTestingWithSearchAndSorting/20220210_155408/1644489034520.png, /home/intersoft-admin/Rattan/Bash/Training/Rattan/Final_testing/New_ActivityOverview/Reports/20220210_155408/CalendarTestingWithSearchAndSorting/20220210_155408/1644489063877.png, /home/intersoft-admin/Rattan/Bash/Training/Rattan/Final_testing/New_ActivityOverview/Reports/20220210_155408/CalendarTestingWithSearchAndSorting/20220210_155408/1644489087186.png, /home/intersoft-admin/Rattan/Bash/Training/Rattan/Final_testing/New_ActivityOverview/Reports/20220210_155408/CalendarTestingWithSearchAndSorting/20220210_155408/1644489095458.png, /home/intersoft-admin/Rattan/Bash/Training/Rattan/Final_testing/New_ActivityOverview/Reports/20220210_155408/CalendarTestingWithSearchAndSorting/20220210_155408/1644489118724.png, /home/intersoft-admin/Rattan/Bash/Training/Rattan/Final_testing/New_ActivityOverview/Reports/20220210_155408/CalendarTestingWithSearchAndSorting/20220210_155408/1644489126972.png, /home/intersoft-admin/Rattan/Bash/Training/Rattan/Final_testing/New_ActivityOverview/Reports/20220210_155408/CalendarTestingWithSearchAndSorting/20220210_155408/1644489150303.png, /home/intersoft-admin/Rattan/Bash/Training/Rattan/Final_testing/New_ActivityOverview/Reports/20220210_155408/CalendarTestingWithSearchAndSorting/20220210_155408/1644489158572.png, /home/intersoft-admin/Rattan/Bash/Training/Rattan/Final_testing/New_ActivityOverview/Reports/20220210_155408/CalendarTestingWithSearchAndSorting/20220210_155408/1644489181891.png, /home/intersoft-admin/Rattan/Bash/Training/Rattan/Final_testing/New_ActivityOverview/Reports/20220210_155408/CalendarTestingWithSearchAndSorting/20220210_155408/1644489234420.png, /home/intersoft-admin/Rattan/Bash/Training/Rattan/Final_testing/New_ActivityOverview/Reports/20220210_155408/CalendarTestingWithSearchAndSorting/20220210_155408/1644489242688.png, /home/intersoft-admin/Rattan/Bash/Training/Rattan/Final_testing/New_ActivityOverview/Reports/20220210_155408/CalendarTestingWithSearchAndSorting/20220210_155408/1644489266017.png, /home/intersoft-admin/Rattan/Bash/Training/Rattan/Final_testing/New_ActivityOverview/Reports/20220210_155408/CalendarTestingWithSearchAndSorting/20220210_155408/1644489274301.png, /home/intersoft-admin/Rattan/Bash/Training/Rattan/Final_testing/New_ActivityOverview/Reports/20220210_155408/CalendarTestingWithSearchAndSorting/20220210_155408/1644489297617.png, /home/intersoft-admin/Rattan/Bash/Training/Rattan/Final_testing/New_ActivityOverview/Reports/20220210_155408/CalendarTestingWithSearchAndSorting/20220210_155408/1644489305884.png, /home/intersoft-admin/Rattan/Bash/Training/Rattan/Final_testing/New_ActivityOverview/Reports/20220210_155408/CalendarTestingWithSearchAndSorting/20220210_155408/1644489329197.png, /home/intersoft-admin/Rattan/Bash/Training/Rattan/Final_testing/New_ActivityOverview/Reports/20220210_155408/CalendarTestingWithSearchAndSorting/20220210_155408/1644489381699.png, /home/intersoft-admin/Rattan/Bash/Training/Rattan/Final_testing/New_ActivityOverview/Reports/20220210_155408/CalendarTestingWithSearchAndSorting/20220210_155408/1644489389966.png, /home/intersoft-admin/Rattan/Bash/Training/Rattan/Final_testing/New_ActivityOverview/Reports/20220210_155408/CalendarTestingWithSearchAndSorting/20220210_155408/1644489413282.png, /home/intersoft-admin/Rattan/Bash/Training/Rattan/Final_testing/New_ActivityOverview/Reports/20220210_155408/CalendarTestingWithSearchAndSorting/20220210_155408/1644489421527.png, /home/intersoft-admin/Rattan/Bash/Training/Rattan/Final_testing/New_ActivityOverview/Reports/20220210_155408/CalendarTestingWithSearchAndSorting/20220210_155408/1644489444852.png, /home/intersoft-admin/Rattan/Bash/Training/Rattan/Final_testing/New_ActivityOverview/Reports/20220210_155408/CalendarTestingWithSearchAndSorting/20220210_155408/1644489453105.png, /home/intersoft-admin/Rattan/Bash/Training/Rattan/Final_testing/New_ActivityOverview/Reports/20220210_155408/CalendarTestingWithSearchAndSorting/20220210_155408/1644489476413.png, /home/intersoft-admin/Rattan/Bash/Training/Rattan/Final_testing/New_ActivityOverview/Reports/20220210_155408/CalendarTestingWithSearchAndSorting/20220210_155408/1644489528893.png, /home/intersoft-admin/Rattan/Bash/Training/Rattan/Final_testing/New_ActivityOverview/Reports/20220210_155408/CalendarTestingWithSearchAndSorting/20220210_155408/1644489537160.png, /home/intersoft-admin/Rattan/Bash/Training/Rattan/Final_testing/New_ActivityOverview/Reports/20220210_155408/CalendarTestingWithSearchAndSorting/20220210_155408/1644489560478.png, /home/intersoft-admin/Rattan/Bash/Training/Rattan/Final_testing/New_ActivityOverview/Reports/20220210_155408/CalendarTestingWithSearchAndSorting/20220210_155408/1644489568741.png, /home/intersoft-admin/Rattan/Bash/Training/Rattan/Final_testing/New_ActivityOverview/Reports/20220210_155408/CalendarTestingWithSearchAndSorting/20220210_155408/1644489592058.png, /home/intersoft-admin/Rattan/Bash/Training/Rattan/Final_testing/New_ActivityOverview/Reports/20220210_155408/CalendarTestingWithSearchAndSorting/20220210_155408/1644489600319.png, /home/intersoft-admin/Rattan/Bash/Training/Rattan/Final_testing/New_ActivityOverview/Reports/20220210_155408/CalendarTestingWithSearchAndSorting/20220210_155408/1644489623632.png, /home/intersoft-admin/Rattan/Bash/Training/Rattan/Final_testing/New_ActivityOverview/Reports/20220210_155408/CalendarTestingWithSearchAndSorting/20220210_155408/1644489643778.png"/>
         <property name="hostName" value="intersoft-admin - intersoftadmin-desktop"/>
         <property name="os" value="Linux 64bit"/>
         <property name="katalonVersion" value="8.2.5.208"/>
         <property name="browser" value="Chrome 97.0.4692.99"/>
         <property name="hostAddress" value="127.0.1.1"/>
         <property name="sessionId" value="50172e2b203a650ebcf46a7d21c6b44b"/>
         <property name="seleniumVersion" value="3.141.59"/>
         <property name="proxyInformation" value="ProxyInformation { proxyOption=NO_PROXY, proxyServerType=HTTP, username=, password=********, proxyServerAddress=, proxyServerPort=0, executionList=&quot;&quot;, isApplyToDesiredCapabilities=true }"/>
         <property name="platform" value="Linux"/>
      </properties>
      <testcase name="Test Cases/NewActivityOverview-LeftNavigation/ActivityOverview-ListingCalendar-SearchSorting" time="988.758" classname="Test Cases/NewActivityOverview-LeftNavigation/ActivityOverview-ListingCalendar-SearchSorting" status="PASSED">
         <system-out><![CDATA[2022-02-10 15:54:18 - [TEST_CASE][PASSED] - Test Cases/NewActivityOverview-LeftNavigation/ActivityOverview-ListingCalendar-SearchSorting: Test Cases/NewActivityOverview-LeftNavigation/ActivityOverview-ListingCalendar-SearchSorting

2022-02-10 15:54:18 - [TEST_STEP][PASSED] - callTestCase(findTestCase("LoginWithSuperAdmin/SuperAdmin-Login"), [:], STOP_ON_FAILURE): Call Test Case 'Test Cases/LoginWithSuperAdmin/SuperAdmin-Login' successfully

2022-02-10 15:54:18 - [TEST_CASE][PASSED] - Test Cases/LoginWithSuperAdmin/SuperAdmin-Login: Test Cases/LoginWithSuperAdmin/SuperAdmin-Login

2022-02-10 15:54:19 - [TEST_STEP][PASSED] - openBrowser(""): Browser is opened with url: ''

2022-02-10 15:54:19 - [MESSAGE][INFO] - Starting 'Chrome' driver

2022-02-10 15:54:19 - [MESSAGE][INFO] - Action delay is set to 3,000 milliseconds

2022-02-10 15:54:20 - [MESSAGE][PASSED] - Browser is opened with url: ''

2022-02-10 15:54:20 - [TEST_STEP][PASSED] - setViewPortSize(1920, 1080): Viewport is set to new size with width = 1920 and height = 1080

2022-02-10 15:54:20 - [MESSAGE][PASSED] - Viewport is set to new size with width = 1920 and height = 1080

2022-02-10 15:54:20 - [TEST_STEP][PASSED] - navigateToUrl(URL): Navigate to 'https://marketplacev1.test-prio.com' successfully

2022-02-10 15:54:25 - [MESSAGE][PASSED] - Navigate to 'https://marketplacev1.test-prio.com' successfully

2022-02-10 15:54:25 - [TEST_STEP][PASSED] - delay(3): Delayed 3 second(s)

2022-02-10 15:54:28 - [MESSAGE][PASSED] - Delayed 3 second(s)

2022-02-10 15:54:28 - [TEST_STEP][PASSED] - click(findTestObject("SuperAdmin/Login/input_Email_contact_email")): Object: 'Object Repository/SuperAdmin/Login/input_Email_contact_email' is clicked on

2022-02-10 15:54:31 - [MESSAGE][PASSED] - Object: 'Object Repository/SuperAdmin/Login/input_Email_contact_email' is clicked on

2022-02-10 15:54:31 - [TEST_STEP][PASSED] - setText(findTestObject("SuperAdmin/Login/input_Email_contact_email"), uname): Text 'superadmin@tippoint.com' is set on object 'Object Repository/SuperAdmin/Login/input_Email_contact_email'

2022-02-10 15:54:38 - [MESSAGE][PASSED] - Text 'superadmin@tippoint.com' is set on object 'Object Repository/SuperAdmin/Login/input_Email_contact_email'

2022-02-10 15:54:38 - [TEST_STEP][PASSED] - setEncryptedText(findTestObject("SuperAdmin/Login/input_Password_password"), Password): Text ****** has been set on object 'Object Repository/SuperAdmin/Login/input_Password_password'

2022-02-10 15:54:44 - [MESSAGE][PASSED] - Text ****** has been set on object 'Object Repository/SuperAdmin/Login/input_Password_password'

2022-02-10 15:54:44 - [TEST_STEP][PASSED] - takeScreenshot(): Taking screenshot successfully

2022-02-10 15:54:45 - [MESSAGE][PASSED] - Taking screenshot successfully
[[ATTACHMENT|/home/intersoft-admin/Rattan/Bash/Training/Rattan/Final_testing/New_ActivityOverview/Reports/20220210_155408/CalendarTestingWithSearchAndSorting/20220210_155408/1644488684948.png]]

2022-02-10 15:54:45 - [TEST_STEP][PASSED] - newpackage.clickUsingJS.clickUsingJS(findTestObject("SuperAdmin/Login/button_Sign in"), 5): newpackage.clickUsingJS.clickUsingJS is PASSED

2022-02-10 15:54:45 - [MESSAGE][PASSED] - newpackage.clickUsingJS.clickUsingJS is PASSED

2022-02-10 15:54:45 - [MESSAGE][PASSED] - Call Test Case 'Test Cases/LoginWithSuperAdmin/SuperAdmin-Login' successfully

2022-02-10 15:54:45 - [TEST_STEP][PASSED] - switchToDefaultContent(): null

2022-02-10 15:54:45 - [TEST_STEP][PASSED] - click(findTestObject("SuperAdminLeftNavigation/NewActivityOverview-LeftNavigation")): Object: 'Object Repository/SuperAdminLeftNavigation/NewActivityOverview-LeftNavigation' is clicked on

2022-02-10 15:54:58 - [MESSAGE][PASSED] - Object: 'Object Repository/SuperAdminLeftNavigation/NewActivityOverview-LeftNavigation' is clicked on

2022-02-10 15:54:58 - [TEST_STEP][PASSED] - takeScreenshot(): Taking screenshot successfully

2022-02-10 15:54:59 - [MESSAGE][PASSED] - Taking screenshot successfully
[[ATTACHMENT|/home/intersoft-admin/Rattan/Bash/Training/Rattan/Final_testing/New_ActivityOverview/Reports/20220210_155408/CalendarTestingWithSearchAndSorting/20220210_155408/1644488699129.png]]

2022-02-10 15:54:59 - [TEST_STEP][PASSED] - switchToFrame(findTestObject("Object Repository/Iframe/NewActivityOverviewIframe"), 5): null

2022-02-10 15:54:59 - [TEST_STEP][PASSED] - delay(20): Delayed 20 second(s)

2022-02-10 15:55:19 - [MESSAGE][PASSED] - Delayed 20 second(s)

2022-02-10 15:55:19 - [TEST_STEP][PASSED] - takeScreenshot(): Taking screenshot successfully

2022-02-10 15:55:19 - [MESSAGE][PASSED] - Taking screenshot successfully
[[ATTACHMENT|/home/intersoft-admin/Rattan/Bash/Training/Rattan/Final_testing/New_ActivityOverview/Reports/20220210_155408/CalendarTestingWithSearchAndSorting/20220210_155408/1644488719612.png]]

2022-02-10 15:55:19 - [TEST_STEP][PASSED] - sizeoflisting = findWebElements(findTestObject("ListingArea/ListingContainsData"), 5).size(): null

2022-02-10 15:55:19 - [TEST_STEP][PASSED] - println(sizeoflisting): null

2022-02-10 15:55:19 - [TEST_STEP][PASSED] - logInfo(Size of Order Listing: $sizeoflisting): Size of Order Listing: 11

2022-02-10 15:55:19 - [MESSAGE][INFO] - Size of Order Listing: 11

2022-02-10 15:55:19 - [TEST_STEP][PASSED] - if (sizeoflisting > 2): Object: 'Object Repository/ListingArea/Search/ClearSearch' is clicked on

2022-02-10 15:55:19 - [TEST_STEP][PASSED] - logInfo("Orders Exist in Listing"): Orders Exist in Listing

2022-02-10 15:55:19 - [MESSAGE][INFO] - Orders Exist in Listing

2022-02-10 15:55:19 - [TEST_STEP][PASSED] - click(findTestObject("Object Repository/CalendarObjects/ClickCalendar")): Object: 'Object Repository/CalendarObjects/ClickCalendar' is clicked on

2022-02-10 15:55:22 - [MESSAGE][PASSED] - Object: 'Object Repository/CalendarObjects/ClickCalendar' is clicked on

2022-02-10 15:55:22 - [TEST_STEP][PASSED] - delay(20): Delayed 20 second(s)

2022-02-10 15:55:42 - [MESSAGE][PASSED] - Delayed 20 second(s)

2022-02-10 15:55:42 - [TEST_STEP][PASSED] - takeScreenshot(): Taking screenshot successfully

2022-02-10 15:55:43 - [MESSAGE][PASSED] - Taking screenshot successfully
[[ATTACHMENT|/home/intersoft-admin/Rattan/Bash/Training/Rattan/Final_testing/New_ActivityOverview/Reports/20220210_155408/CalendarTestingWithSearchAndSorting/20220210_155408/1644488743017.png]]

2022-02-10 15:55:43 - [TEST_STEP][PASSED] - click(findTestObject("Object Repository/CalendarObjects/CalendarOptions-Select")): Object: 'Object Repository/CalendarObjects/CalendarOptions-Select' is clicked on

2022-02-10 15:55:46 - [MESSAGE][PASSED] - Object: 'Object Repository/CalendarObjects/CalendarOptions-Select' is clicked on

2022-02-10 15:55:46 - [TEST_STEP][PASSED] - delay(5): Delayed 5 second(s)

2022-02-10 15:55:51 - [MESSAGE][PASSED] - Delayed 5 second(s)

2022-02-10 15:55:51 - [TEST_STEP][PASSED] - click(findTestObject("Object Repository/CalendarObjects/CalendarOptions-SelectOptions", ["types":"Custom"])): Object: 'Object Repository/CalendarObjects/CalendarOptions-SelectOptions' is clicked on

2022-02-10 15:55:54 - [MESSAGE][PASSED] - Object: 'Object Repository/CalendarObjects/CalendarOptions-SelectOptions' is clicked on

2022-02-10 15:55:54 - [TEST_STEP][PASSED] - delay(5): Delayed 5 second(s)

2022-02-10 15:55:59 - [MESSAGE][PASSED] - Delayed 5 second(s)

2022-02-10 15:55:59 - [TEST_STEP][PASSED] - sendKeys(findTestObject("Object Repository/CalendarObjects/InputStartDate"), Keys.chord(CONTROL + "a")): Keys 'CONTROL + a' sent to object: 'Object Repository/CalendarObjects/InputStartDate'

2022-02-10 15:56:02 - [MESSAGE][PASSED] - Keys 'CONTROL + a' sent to object: 'Object Repository/CalendarObjects/InputStartDate'

2022-02-10 15:56:02 - [TEST_STEP][PASSED] - setText(findTestObject("Object Repository/CalendarObjects/InputStartDate"), start_date): Text '2021-04-15' is set on object 'Object Repository/CalendarObjects/InputStartDate'

2022-02-10 15:56:08 - [MESSAGE][PASSED] - Text '2021-04-15' is set on object 'Object Repository/CalendarObjects/InputStartDate'

2022-02-10 15:56:08 - [TEST_STEP][PASSED] - delay(5): Delayed 5 second(s)

2022-02-10 15:56:13 - [MESSAGE][PASSED] - Delayed 5 second(s)

2022-02-10 15:56:13 - [TEST_STEP][PASSED] - sendKeys(findTestObject("Object Repository/CalendarObjects/InputEndDate"), Keys.chord(CONTROL + "a")): Keys 'CONTROL + a' sent to object: 'Object Repository/CalendarObjects/InputEndDate'

2022-02-10 15:56:16 - [MESSAGE][PASSED] - Keys 'CONTROL + a' sent to object: 'Object Repository/CalendarObjects/InputEndDate'

2022-02-10 15:56:16 - [TEST_STEP][PASSED] - setText(findTestObject("Object Repository/CalendarObjects/InputEndDate"), end_date): Text '2021-10-31' is set on object 'Object Repository/CalendarObjects/InputEndDate'

2022-02-10 15:56:23 - [MESSAGE][PASSED] - Text '2021-10-31' is set on object 'Object Repository/CalendarObjects/InputEndDate'

2022-02-10 15:56:23 - [TEST_STEP][PASSED] - delay(5): Delayed 5 second(s)

2022-02-10 15:56:28 - [MESSAGE][PASSED] - Delayed 5 second(s)

2022-02-10 15:56:28 - [TEST_STEP][PASSED] - click(findTestObject("Object Repository/CalendarObjects/DoneButton")): Object: 'Object Repository/CalendarObjects/DoneButton' is clicked on

2022-02-10 15:56:31 - [MESSAGE][PASSED] - Object: 'Object Repository/CalendarObjects/DoneButton' is clicked on

2022-02-10 15:56:31 - [TEST_STEP][PASSED] - delay(20): Delayed 20 second(s)

2022-02-10 15:56:51 - [MESSAGE][PASSED] - Delayed 20 second(s)

2022-02-10 15:56:51 - [TEST_STEP][PASSED] - click(findTestObject("Object Repository/ListingArea/Search/InputSearch")): Object: 'Object Repository/ListingArea/Search/InputSearch' is clicked on

2022-02-10 15:56:54 - [MESSAGE][PASSED] - Object: 'Object Repository/ListingArea/Search/InputSearch' is clicked on

2022-02-10 15:56:54 - [TEST_STEP][PASSED] - setText(findTestObject("Object Repository/ListingArea/Search/InputSearch"), $searchtext1): Text 'test' is set on object 'Object Repository/ListingArea/Search/InputSearch'

2022-02-10 15:57:00 - [MESSAGE][PASSED] - Text 'test' is set on object 'Object Repository/ListingArea/Search/InputSearch'

2022-02-10 15:57:00 - [TEST_STEP][PASSED] - sendKeys(findTestObject("Object Repository/ListingArea/Search/InputSearch"), Keys.chord(ENTER)): Keys 'ENTER + ' sent to object: 'Object Repository/ListingArea/Search/InputSearch'

2022-02-10 15:57:03 - [MESSAGE][PASSED] - Keys 'ENTER + ' sent to object: 'Object Repository/ListingArea/Search/InputSearch'

2022-02-10 15:57:03 - [TEST_STEP][PASSED] - delay(20): Delayed 20 second(s)

2022-02-10 15:57:23 - [MESSAGE][PASSED] - Delayed 20 second(s)

2022-02-10 15:57:23 - [TEST_STEP][PASSED] - takeScreenshot(): Taking screenshot successfully

2022-02-10 15:57:23 - [MESSAGE][PASSED] - Taking screenshot successfully
[[ATTACHMENT|/home/intersoft-admin/Rattan/Bash/Training/Rattan/Final_testing/New_ActivityOverview/Reports/20220210_155408/CalendarTestingWithSearchAndSorting/20220210_155408/1644488843722.png]]

2022-02-10 15:57:23 - [TEST_STEP][PASSED] - setText(findTestObject("Object Repository/ListingArea/Search/InputSearch"), $searchtext2): Text 'rattan' is set on object 'Object Repository/ListingArea/Search/InputSearch'

2022-02-10 15:57:29 - [MESSAGE][PASSED] - Text 'rattan' is set on object 'Object Repository/ListingArea/Search/InputSearch'

2022-02-10 15:57:29 - [TEST_STEP][PASSED] - sendKeys(findTestObject("Object Repository/ListingArea/Search/InputSearch"), Keys.chord(ENTER)): Keys 'ENTER + ' sent to object: 'Object Repository/ListingArea/Search/InputSearch'

2022-02-10 15:57:33 - [MESSAGE][PASSED] - Keys 'ENTER + ' sent to object: 'Object Repository/ListingArea/Search/InputSearch'

2022-02-10 15:57:33 - [TEST_STEP][PASSED] - delay(20): Delayed 20 second(s)

2022-02-10 15:57:53 - [MESSAGE][PASSED] - Delayed 20 second(s)

2022-02-10 15:57:53 - [TEST_STEP][PASSED] - takeScreenshot(): Taking screenshot successfully

2022-02-10 15:57:53 - [MESSAGE][PASSED] - Taking screenshot successfully
[[ATTACHMENT|/home/intersoft-admin/Rattan/Bash/Training/Rattan/Final_testing/New_ActivityOverview/Reports/20220210_155408/CalendarTestingWithSearchAndSorting/20220210_155408/1644488873099.png]]

2022-02-10 15:57:53 - [TEST_STEP][PASSED] - setText(findTestObject("Object Repository/ListingArea/Search/InputSearch"), $searchtext3): Text '453354r' is set on object 'Object Repository/ListingArea/Search/InputSearch'

2022-02-10 15:57:59 - [MESSAGE][PASSED] - Text '453354r' is set on object 'Object Repository/ListingArea/Search/InputSearch'

2022-02-10 15:57:59 - [TEST_STEP][PASSED] - sendKeys(findTestObject("Object Repository/ListingArea/Search/InputSearch"), Keys.chord(ENTER)): Keys 'ENTER + ' sent to object: 'Object Repository/ListingArea/Search/InputSearch'

2022-02-10 15:58:02 - [MESSAGE][PASSED] - Keys 'ENTER + ' sent to object: 'Object Repository/ListingArea/Search/InputSearch'

2022-02-10 15:58:02 - [TEST_STEP][PASSED] - delay(20): Delayed 20 second(s)

2022-02-10 15:58:22 - [MESSAGE][PASSED] - Delayed 20 second(s)

2022-02-10 15:58:22 - [TEST_STEP][PASSED] - takeScreenshot(): Taking screenshot successfully

2022-02-10 15:58:22 - [MESSAGE][PASSED] - Taking screenshot successfully
[[ATTACHMENT|/home/intersoft-admin/Rattan/Bash/Training/Rattan/Final_testing/New_ActivityOverview/Reports/20220210_155408/CalendarTestingWithSearchAndSorting/20220210_155408/1644488902488.png]]

2022-02-10 15:58:22 - [TEST_STEP][PASSED] - searchlistingsize = findWebElements(findTestObject("Object Repository/ListingArea/Search/SearchResultList"), 5).size(): null

2022-02-10 15:58:22 - [TEST_STEP][PASSED] - logInfo(Size of Search Listing: $searchlistingsize): Size of Search Listing: 3

2022-02-10 15:58:22 - [MESSAGE][INFO] - Size of Search Listing: 3

2022-02-10 15:58:22 - [TEST_STEP][PASSED] - for ([m = 1, m <= searchlistingsize, (m++)]): Taking screenshot successfully

2022-02-10 15:58:22 - [TEST_STEP][PASSED] - click(findTestObject("Object Repository/ListingArea/Search/SearchCancelButton", ["position":"1"])): Object: 'Object Repository/ListingArea/Search/SearchCancelButton' is clicked on

2022-02-10 15:58:25 - [MESSAGE][PASSED] - Object: 'Object Repository/ListingArea/Search/SearchCancelButton' is clicked on

2022-02-10 15:58:25 - [TEST_STEP][PASSED] - delay(20): Delayed 20 second(s)

2022-02-10 15:58:45 - [MESSAGE][PASSED] - Delayed 20 second(s)

2022-02-10 15:58:45 - [TEST_STEP][PASSED] - takeScreenshot(): Taking screenshot successfully

2022-02-10 15:58:46 - [MESSAGE][PASSED] - Taking screenshot successfully
[[ATTACHMENT|/home/intersoft-admin/Rattan/Bash/Training/Rattan/Final_testing/New_ActivityOverview/Reports/20220210_155408/CalendarTestingWithSearchAndSorting/20220210_155408/1644488925892.png]]

2022-02-10 15:58:46 - [TEST_STEP][PASSED] - click(findTestObject("Object Repository/ListingArea/Search/SearchCancelButton", ["position":"1"])): Object: 'Object Repository/ListingArea/Search/SearchCancelButton' is clicked on

2022-02-10 15:58:49 - [MESSAGE][PASSED] - Object: 'Object Repository/ListingArea/Search/SearchCancelButton' is clicked on

2022-02-10 15:58:49 - [TEST_STEP][PASSED] - delay(20): Delayed 20 second(s)

2022-02-10 15:59:09 - [MESSAGE][PASSED] - Delayed 20 second(s)

2022-02-10 15:59:09 - [TEST_STEP][PASSED] - takeScreenshot(): Taking screenshot successfully

2022-02-10 15:59:09 - [MESSAGE][PASSED] - Taking screenshot successfully
[[ATTACHMENT|/home/intersoft-admin/Rattan/Bash/Training/Rattan/Final_testing/New_ActivityOverview/Reports/20220210_155408/CalendarTestingWithSearchAndSorting/20220210_155408/1644488949264.png]]

2022-02-10 15:59:09 - [TEST_STEP][PASSED] - click(findTestObject("Object Repository/ListingArea/Search/SearchCancelButton", ["position":"1"])): Object: 'Object Repository/ListingArea/Search/SearchCancelButton' is clicked on

2022-02-10 15:59:12 - [MESSAGE][PASSED] - Object: 'Object Repository/ListingArea/Search/SearchCancelButton' is clicked on

2022-02-10 15:59:12 - [TEST_STEP][PASSED] - delay(20): Delayed 20 second(s)

2022-02-10 15:59:32 - [MESSAGE][PASSED] - Delayed 20 second(s)

2022-02-10 15:59:32 - [TEST_STEP][PASSED] - takeScreenshot(): Taking screenshot successfully

2022-02-10 15:59:32 - [MESSAGE][PASSED] - Taking screenshot successfully
[[ATTACHMENT|/home/intersoft-admin/Rattan/Bash/Training/Rattan/Final_testing/New_ActivityOverview/Reports/20220210_155408/CalendarTestingWithSearchAndSorting/20220210_155408/1644488972628.png]]

2022-02-10 15:59:32 - [TEST_STEP][PASSED] - click(findTestObject("Object Repository/ListingArea/Search/InputSearch")): Object: 'Object Repository/ListingArea/Search/InputSearch' is clicked on

2022-02-10 15:59:35 - [MESSAGE][PASSED] - Object: 'Object Repository/ListingArea/Search/InputSearch' is clicked on

2022-02-10 15:59:35 - [TEST_STEP][PASSED] - setText(findTestObject("Object Repository/ListingArea/Search/InputSearch"), $searchtext1): Text 'test' is set on object 'Object Repository/ListingArea/Search/InputSearch'

2022-02-10 15:59:42 - [MESSAGE][PASSED] - Text 'test' is set on object 'Object Repository/ListingArea/Search/InputSearch'

2022-02-10 15:59:42 - [TEST_STEP][PASSED] - sendKeys(findTestObject("Object Repository/ListingArea/Search/InputSearch"), Keys.chord(ENTER)): Keys 'ENTER + ' sent to object: 'Object Repository/ListingArea/Search/InputSearch'

2022-02-10 15:59:45 - [MESSAGE][PASSED] - Keys 'ENTER + ' sent to object: 'Object Repository/ListingArea/Search/InputSearch'

2022-02-10 15:59:45 - [TEST_STEP][PASSED] - delay(20): Delayed 20 second(s)

2022-02-10 16:00:05 - [MESSAGE][PASSED] - Delayed 20 second(s)

2022-02-10 16:00:05 - [TEST_STEP][PASSED] - takeScreenshot(): Taking screenshot successfully

2022-02-10 16:00:05 - [MESSAGE][PASSED] - Taking screenshot successfully
[[ATTACHMENT|/home/intersoft-admin/Rattan/Bash/Training/Rattan/Final_testing/New_ActivityOverview/Reports/20220210_155408/CalendarTestingWithSearchAndSorting/20220210_155408/1644489005159.png]]

2022-02-10 16:00:05 - [TEST_STEP][PASSED] - setText(findTestObject("Object Repository/ListingArea/Search/InputSearch"), $searchtext2): Text 'rattan' is set on object 'Object Repository/ListingArea/Search/InputSearch'

2022-02-10 16:00:11 - [MESSAGE][PASSED] - Text 'rattan' is set on object 'Object Repository/ListingArea/Search/InputSearch'

2022-02-10 16:00:11 - [TEST_STEP][PASSED] - sendKeys(findTestObject("Object Repository/ListingArea/Search/InputSearch"), Keys.chord(ENTER)): Keys 'ENTER + ' sent to object: 'Object Repository/ListingArea/Search/InputSearch'

2022-02-10 16:00:14 - [MESSAGE][PASSED] - Keys 'ENTER + ' sent to object: 'Object Repository/ListingArea/Search/InputSearch'

2022-02-10 16:00:14 - [TEST_STEP][PASSED] - delay(20): Delayed 20 second(s)

2022-02-10 16:00:34 - [MESSAGE][PASSED] - Delayed 20 second(s)

2022-02-10 16:00:34 - [TEST_STEP][PASSED] - takeScreenshot(): Taking screenshot successfully

2022-02-10 16:00:34 - [MESSAGE][PASSED] - Taking screenshot successfully
[[ATTACHMENT|/home/intersoft-admin/Rattan/Bash/Training/Rattan/Final_testing/New_ActivityOverview/Reports/20220210_155408/CalendarTestingWithSearchAndSorting/20220210_155408/1644489034520.png]]

2022-02-10 16:00:34 - [TEST_STEP][PASSED] - setText(findTestObject("Object Repository/ListingArea/Search/InputSearch"), $searchtext3): Text '453354r' is set on object 'Object Repository/ListingArea/Search/InputSearch'

2022-02-10 16:00:40 - [MESSAGE][PASSED] - Text '453354r' is set on object 'Object Repository/ListingArea/Search/InputSearch'

2022-02-10 16:00:40 - [TEST_STEP][PASSED] - sendKeys(findTestObject("Object Repository/ListingArea/Search/InputSearch"), Keys.chord(ENTER)): Keys 'ENTER + ' sent to object: 'Object Repository/ListingArea/Search/InputSearch'

2022-02-10 16:00:43 - [MESSAGE][PASSED] - Keys 'ENTER + ' sent to object: 'Object Repository/ListingArea/Search/InputSearch'

2022-02-10 16:00:43 - [TEST_STEP][PASSED] - delay(20): Delayed 20 second(s)

2022-02-10 16:01:03 - [MESSAGE][PASSED] - Delayed 20 second(s)

2022-02-10 16:01:03 - [TEST_STEP][PASSED] - takeScreenshot(): Taking screenshot successfully

2022-02-10 16:01:03 - [MESSAGE][PASSED] - Taking screenshot successfully
[[ATTACHMENT|/home/intersoft-admin/Rattan/Bash/Training/Rattan/Final_testing/New_ActivityOverview/Reports/20220210_155408/CalendarTestingWithSearchAndSorting/20220210_155408/1644489063877.png]]

2022-02-10 16:01:03 - [TEST_STEP][PASSED] - click(findTestObject("Object Repository/ListingArea/Search/ClearSearch")): Object: 'Object Repository/ListingArea/Search/ClearSearch' is clicked on

2022-02-10 16:01:07 - [MESSAGE][PASSED] - Object: 'Object Repository/ListingArea/Search/ClearSearch' is clicked on

2022-02-10 16:01:07 - [TEST_STEP][PASSED] - delay(20): Delayed 20 second(s)

2022-02-10 16:01:27 - [MESSAGE][PASSED] - Delayed 20 second(s)

2022-02-10 16:01:27 - [TEST_STEP][PASSED] - takeScreenshot(): Taking screenshot successfully

2022-02-10 16:01:27 - [MESSAGE][PASSED] - Taking screenshot successfully
[[ATTACHMENT|/home/intersoft-admin/Rattan/Bash/Training/Rattan/Final_testing/New_ActivityOverview/Reports/20220210_155408/CalendarTestingWithSearchAndSorting/20220210_155408/1644489087186.png]]

2022-02-10 16:01:27 - [TEST_STEP][PASSED] - click(findTestObject("Object Repository/Sorting/SortingSelect")): Object: 'Object Repository/Sorting/SortingSelect' is clicked on

2022-02-10 16:01:30 - [MESSAGE][PASSED] - Object: 'Object Repository/Sorting/SortingSelect' is clicked on

2022-02-10 16:01:30 - [TEST_STEP][PASSED] - delay(5): Delayed 5 second(s)

2022-02-10 16:01:35 - [MESSAGE][PASSED] - Delayed 5 second(s)

2022-02-10 16:01:35 - [TEST_STEP][PASSED] - takeScreenshot(): Taking screenshot successfully

2022-02-10 16:01:35 - [MESSAGE][PASSED] - Taking screenshot successfully
[[ATTACHMENT|/home/intersoft-admin/Rattan/Bash/Training/Rattan/Final_testing/New_ActivityOverview/Reports/20220210_155408/CalendarTestingWithSearchAndSorting/20220210_155408/1644489095458.png]]

2022-02-10 16:01:35 - [TEST_STEP][PASSED] - click(findTestObject("Object Repository/Sorting/SortingSelectOption", ["position1":"1"])): Object: 'Object Repository/Sorting/SortingSelectOption' is clicked on

2022-02-10 16:01:38 - [MESSAGE][PASSED] - Object: 'Object Repository/Sorting/SortingSelectOption' is clicked on

2022-02-10 16:01:38 - [TEST_STEP][PASSED] - delay(20): Delayed 20 second(s)

2022-02-10 16:01:58 - [MESSAGE][PASSED] - Delayed 20 second(s)

2022-02-10 16:01:58 - [TEST_STEP][PASSED] - takeScreenshot(): Taking screenshot successfully

2022-02-10 16:01:58 - [MESSAGE][PASSED] - Taking screenshot successfully
[[ATTACHMENT|/home/intersoft-admin/Rattan/Bash/Training/Rattan/Final_testing/New_ActivityOverview/Reports/20220210_155408/CalendarTestingWithSearchAndSorting/20220210_155408/1644489118724.png]]

2022-02-10 16:01:58 - [TEST_STEP][PASSED] - click(findTestObject("Object Repository/Sorting/SortingSelect")): Object: 'Object Repository/Sorting/SortingSelect' is clicked on

2022-02-10 16:02:01 - [MESSAGE][PASSED] - Object: 'Object Repository/Sorting/SortingSelect' is clicked on

2022-02-10 16:02:01 - [TEST_STEP][PASSED] - delay(5): Delayed 5 second(s)

2022-02-10 16:02:06 - [MESSAGE][PASSED] - Delayed 5 second(s)

2022-02-10 16:02:06 - [TEST_STEP][PASSED] - takeScreenshot(): Taking screenshot successfully

2022-02-10 16:02:07 - [MESSAGE][PASSED] - Taking screenshot successfully
[[ATTACHMENT|/home/intersoft-admin/Rattan/Bash/Training/Rattan/Final_testing/New_ActivityOverview/Reports/20220210_155408/CalendarTestingWithSearchAndSorting/20220210_155408/1644489126972.png]]

2022-02-10 16:02:07 - [TEST_STEP][PASSED] - click(findTestObject("Object Repository/Sorting/SortingSelectOption", ["position1":"2"])): Object: 'Object Repository/Sorting/SortingSelectOption' is clicked on

2022-02-10 16:02:10 - [MESSAGE][PASSED] - Object: 'Object Repository/Sorting/SortingSelectOption' is clicked on

2022-02-10 16:02:10 - [TEST_STEP][PASSED] - delay(20): Delayed 20 second(s)

2022-02-10 16:02:30 - [MESSAGE][PASSED] - Delayed 20 second(s)

2022-02-10 16:02:30 - [TEST_STEP][PASSED] - takeScreenshot(): Taking screenshot successfully

2022-02-10 16:02:30 - [MESSAGE][PASSED] - Taking screenshot successfully
[[ATTACHMENT|/home/intersoft-admin/Rattan/Bash/Training/Rattan/Final_testing/New_ActivityOverview/Reports/20220210_155408/CalendarTestingWithSearchAndSorting/20220210_155408/1644489150303.png]]

2022-02-10 16:02:30 - [TEST_STEP][PASSED] - click(findTestObject("Object Repository/Sorting/SortingSelect")): Object: 'Object Repository/Sorting/SortingSelect' is clicked on

2022-02-10 16:02:33 - [MESSAGE][PASSED] - Object: 'Object Repository/Sorting/SortingSelect' is clicked on

2022-02-10 16:02:33 - [TEST_STEP][PASSED] - delay(5): Delayed 5 second(s)

2022-02-10 16:02:38 - [MESSAGE][PASSED] - Delayed 5 second(s)

2022-02-10 16:02:38 - [TEST_STEP][PASSED] - takeScreenshot(): Taking screenshot successfully

2022-02-10 16:02:38 - [MESSAGE][PASSED] - Taking screenshot successfully
[[ATTACHMENT|/home/intersoft-admin/Rattan/Bash/Training/Rattan/Final_testing/New_ActivityOverview/Reports/20220210_155408/CalendarTestingWithSearchAndSorting/20220210_155408/1644489158572.png]]

2022-02-10 16:02:38 - [TEST_STEP][PASSED] - click(findTestObject("Object Repository/Sorting/SortingSelectOption", ["position1":"3"])): Object: 'Object Repository/Sorting/SortingSelectOption' is clicked on

2022-02-10 16:02:41 - [MESSAGE][PASSED] - Object: 'Object Repository/Sorting/SortingSelectOption' is clicked on

2022-02-10 16:02:41 - [TEST_STEP][PASSED] - delay(20): Delayed 20 second(s)

2022-02-10 16:03:01 - [MESSAGE][PASSED] - Delayed 20 second(s)

2022-02-10 16:03:01 - [TEST_STEP][PASSED] - takeScreenshot(): Taking screenshot successfully

2022-02-10 16:03:02 - [MESSAGE][PASSED] - Taking screenshot successfully
[[ATTACHMENT|/home/intersoft-admin/Rattan/Bash/Training/Rattan/Final_testing/New_ActivityOverview/Reports/20220210_155408/CalendarTestingWithSearchAndSorting/20220210_155408/1644489181891.png]]

2022-02-10 16:03:02 - [TEST_STEP][PASSED] - click(findTestObject("Object Repository/ListingArea/Search/InputSearch")): Object: 'Object Repository/ListingArea/Search/InputSearch' is clicked on

2022-02-10 16:03:05 - [MESSAGE][PASSED] - Object: 'Object Repository/ListingArea/Search/InputSearch' is clicked on

2022-02-10 16:03:05 - [TEST_STEP][PASSED] - setText(findTestObject("Object Repository/ListingArea/Search/InputSearch"), $searchtext1): Text 'test' is set on object 'Object Repository/ListingArea/Search/InputSearch'

2022-02-10 16:03:11 - [MESSAGE][PASSED] - Text 'test' is set on object 'Object Repository/ListingArea/Search/InputSearch'

2022-02-10 16:03:11 - [TEST_STEP][PASSED] - sendKeys(findTestObject("Object Repository/ListingArea/Search/InputSearch"), Keys.chord(ENTER)): Keys 'ENTER + ' sent to object: 'Object Repository/ListingArea/Search/InputSearch'

2022-02-10 16:03:14 - [MESSAGE][PASSED] - Keys 'ENTER + ' sent to object: 'Object Repository/ListingArea/Search/InputSearch'

2022-02-10 16:03:14 - [TEST_STEP][PASSED] - delay(20): Delayed 20 second(s)

2022-02-10 16:03:34 - [MESSAGE][PASSED] - Delayed 20 second(s)

2022-02-10 16:03:34 - [TEST_STEP][PASSED] - delay(20): Delayed 20 second(s)

2022-02-10 16:03:54 - [MESSAGE][PASSED] - Delayed 20 second(s)

2022-02-10 16:03:54 - [TEST_STEP][PASSED] - takeScreenshot(): Taking screenshot successfully

2022-02-10 16:03:54 - [MESSAGE][PASSED] - Taking screenshot successfully
[[ATTACHMENT|/home/intersoft-admin/Rattan/Bash/Training/Rattan/Final_testing/New_ActivityOverview/Reports/20220210_155408/CalendarTestingWithSearchAndSorting/20220210_155408/1644489234420.png]]

2022-02-10 16:03:54 - [TEST_STEP][PASSED] - click(findTestObject("Object Repository/Sorting/SortingSelect")): Object: 'Object Repository/Sorting/SortingSelect' is clicked on

2022-02-10 16:03:57 - [MESSAGE][PASSED] - Object: 'Object Repository/Sorting/SortingSelect' is clicked on

2022-02-10 16:03:57 - [TEST_STEP][PASSED] - delay(5): Delayed 5 second(s)

2022-02-10 16:04:02 - [MESSAGE][PASSED] - Delayed 5 second(s)

2022-02-10 16:04:02 - [TEST_STEP][PASSED] - takeScreenshot(): Taking screenshot successfully

2022-02-10 16:04:02 - [MESSAGE][PASSED] - Taking screenshot successfully
[[ATTACHMENT|/home/intersoft-admin/Rattan/Bash/Training/Rattan/Final_testing/New_ActivityOverview/Reports/20220210_155408/CalendarTestingWithSearchAndSorting/20220210_155408/1644489242688.png]]

2022-02-10 16:04:02 - [TEST_STEP][PASSED] - click(findTestObject("Object Repository/Sorting/SortingSelectOption", ["position1":"1"])): Object: 'Object Repository/Sorting/SortingSelectOption' is clicked on

2022-02-10 16:04:06 - [MESSAGE][PASSED] - Object: 'Object Repository/Sorting/SortingSelectOption' is clicked on

2022-02-10 16:04:06 - [TEST_STEP][PASSED] - delay(20): Delayed 20 second(s)

2022-02-10 16:04:26 - [MESSAGE][PASSED] - Delayed 20 second(s)

2022-02-10 16:04:26 - [TEST_STEP][PASSED] - takeScreenshot(): Taking screenshot successfully

2022-02-10 16:04:26 - [MESSAGE][PASSED] - Taking screenshot successfully
[[ATTACHMENT|/home/intersoft-admin/Rattan/Bash/Training/Rattan/Final_testing/New_ActivityOverview/Reports/20220210_155408/CalendarTestingWithSearchAndSorting/20220210_155408/1644489266017.png]]

2022-02-10 16:04:26 - [TEST_STEP][PASSED] - click(findTestObject("Object Repository/Sorting/SortingSelect")): Object: 'Object Repository/Sorting/SortingSelect' is clicked on

2022-02-10 16:04:29 - [MESSAGE][PASSED] - Object: 'Object Repository/Sorting/SortingSelect' is clicked on

2022-02-10 16:04:29 - [TEST_STEP][PASSED] - delay(5): Delayed 5 second(s)

2022-02-10 16:04:34 - [MESSAGE][PASSED] - Delayed 5 second(s)

2022-02-10 16:04:34 - [TEST_STEP][PASSED] - takeScreenshot(): Taking screenshot successfully

2022-02-10 16:04:34 - [MESSAGE][PASSED] - Taking screenshot successfully
[[ATTACHMENT|/home/intersoft-admin/Rattan/Bash/Training/Rattan/Final_testing/New_ActivityOverview/Reports/20220210_155408/CalendarTestingWithSearchAndSorting/20220210_155408/1644489274301.png]]

2022-02-10 16:04:34 - [TEST_STEP][PASSED] - click(findTestObject("Object Repository/Sorting/SortingSelectOption", ["position1":"2"])): Object: 'Object Repository/Sorting/SortingSelectOption' is clicked on

2022-02-10 16:04:37 - [MESSAGE][PASSED] - Object: 'Object Repository/Sorting/SortingSelectOption' is clicked on

2022-02-10 16:04:37 - [TEST_STEP][PASSED] - delay(20): Delayed 20 second(s)

2022-02-10 16:04:57 - [MESSAGE][PASSED] - Delayed 20 second(s)

2022-02-10 16:04:57 - [TEST_STEP][PASSED] - takeScreenshot(): Taking screenshot successfully

2022-02-10 16:04:57 - [MESSAGE][PASSED] - Taking screenshot successfully
[[ATTACHMENT|/home/intersoft-admin/Rattan/Bash/Training/Rattan/Final_testing/New_ActivityOverview/Reports/20220210_155408/CalendarTestingWithSearchAndSorting/20220210_155408/1644489297617.png]]

2022-02-10 16:04:57 - [TEST_STEP][PASSED] - click(findTestObject("Object Repository/Sorting/SortingSelect")): Object: 'Object Repository/Sorting/SortingSelect' is clicked on

2022-02-10 16:05:00 - [MESSAGE][PASSED] - Object: 'Object Repository/Sorting/SortingSelect' is clicked on

2022-02-10 16:05:00 - [TEST_STEP][PASSED] - delay(5): Delayed 5 second(s)

2022-02-10 16:05:05 - [MESSAGE][PASSED] - Delayed 5 second(s)

2022-02-10 16:05:05 - [TEST_STEP][PASSED] - takeScreenshot(): Taking screenshot successfully

2022-02-10 16:05:06 - [MESSAGE][PASSED] - Taking screenshot successfully
[[ATTACHMENT|/home/intersoft-admin/Rattan/Bash/Training/Rattan/Final_testing/New_ActivityOverview/Reports/20220210_155408/CalendarTestingWithSearchAndSorting/20220210_155408/1644489305884.png]]

2022-02-10 16:05:06 - [TEST_STEP][PASSED] - click(findTestObject("Object Repository/Sorting/SortingSelectOption", ["position1":"3"])): Object: 'Object Repository/Sorting/SortingSelectOption' is clicked on

2022-02-10 16:05:09 - [MESSAGE][PASSED] - Object: 'Object Repository/Sorting/SortingSelectOption' is clicked on

2022-02-10 16:05:09 - [TEST_STEP][PASSED] - delay(20): Delayed 20 second(s)

2022-02-10 16:05:29 - [MESSAGE][PASSED] - Delayed 20 second(s)

2022-02-10 16:05:29 - [TEST_STEP][PASSED] - takeScreenshot(): Taking screenshot successfully

2022-02-10 16:05:29 - [MESSAGE][PASSED] - Taking screenshot successfully
[[ATTACHMENT|/home/intersoft-admin/Rattan/Bash/Training/Rattan/Final_testing/New_ActivityOverview/Reports/20220210_155408/CalendarTestingWithSearchAndSorting/20220210_155408/1644489329197.png]]

2022-02-10 16:05:29 - [TEST_STEP][PASSED] - click(findTestObject("Object Repository/ListingArea/Search/InputSearch")): Object: 'Object Repository/ListingArea/Search/InputSearch' is clicked on

2022-02-10 16:05:32 - [MESSAGE][PASSED] - Object: 'Object Repository/ListingArea/Search/InputSearch' is clicked on

2022-02-10 16:05:32 - [TEST_STEP][PASSED] - setText(findTestObject("Object Repository/ListingArea/Search/InputSearch"), $searchtext2): Text 'rattan' is set on object 'Object Repository/ListingArea/Search/InputSearch'

2022-02-10 16:05:38 - [MESSAGE][PASSED] - Text 'rattan' is set on object 'Object Repository/ListingArea/Search/InputSearch'

2022-02-10 16:05:38 - [TEST_STEP][PASSED] - sendKeys(findTestObject("Object Repository/ListingArea/Search/InputSearch"), Keys.chord(ENTER)): Keys 'ENTER + ' sent to object: 'Object Repository/ListingArea/Search/InputSearch'

2022-02-10 16:05:41 - [MESSAGE][PASSED] - Keys 'ENTER + ' sent to object: 'Object Repository/ListingArea/Search/InputSearch'

2022-02-10 16:05:41 - [TEST_STEP][PASSED] - delay(20): Delayed 20 second(s)

2022-02-10 16:06:01 - [MESSAGE][PASSED] - Delayed 20 second(s)

2022-02-10 16:06:01 - [TEST_STEP][PASSED] - delay(20): Delayed 20 second(s)

2022-02-10 16:06:21 - [MESSAGE][PASSED] - Delayed 20 second(s)

2022-02-10 16:06:21 - [TEST_STEP][PASSED] - takeScreenshot(): Taking screenshot successfully

2022-02-10 16:06:21 - [MESSAGE][PASSED] - Taking screenshot successfully
[[ATTACHMENT|/home/intersoft-admin/Rattan/Bash/Training/Rattan/Final_testing/New_ActivityOverview/Reports/20220210_155408/CalendarTestingWithSearchAndSorting/20220210_155408/1644489381699.png]]

2022-02-10 16:06:21 - [TEST_STEP][PASSED] - click(findTestObject("Object Repository/Sorting/SortingSelect")): Object: 'Object Repository/Sorting/SortingSelect' is clicked on

2022-02-10 16:06:24 - [MESSAGE][PASSED] - Object: 'Object Repository/Sorting/SortingSelect' is clicked on

2022-02-10 16:06:24 - [TEST_STEP][PASSED] - delay(5): Delayed 5 second(s)

2022-02-10 16:06:29 - [MESSAGE][PASSED] - Delayed 5 second(s)

2022-02-10 16:06:29 - [TEST_STEP][PASSED] - takeScreenshot(): Taking screenshot successfully

2022-02-10 16:06:30 - [MESSAGE][PASSED] - Taking screenshot successfully
[[ATTACHMENT|/home/intersoft-admin/Rattan/Bash/Training/Rattan/Final_testing/New_ActivityOverview/Reports/20220210_155408/CalendarTestingWithSearchAndSorting/20220210_155408/1644489389966.png]]

2022-02-10 16:06:30 - [TEST_STEP][PASSED] - click(findTestObject("Object Repository/Sorting/SortingSelectOption", ["position1":"1"])): Object: 'Object Repository/Sorting/SortingSelectOption' is clicked on

2022-02-10 16:06:33 - [MESSAGE][PASSED] - Object: 'Object Repository/Sorting/SortingSelectOption' is clicked on

2022-02-10 16:06:33 - [TEST_STEP][PASSED] - delay(20): Delayed 20 second(s)

2022-02-10 16:06:53 - [MESSAGE][PASSED] - Delayed 20 second(s)

2022-02-10 16:06:53 - [TEST_STEP][PASSED] - takeScreenshot(): Taking screenshot successfully

2022-02-10 16:06:53 - [MESSAGE][PASSED] - Taking screenshot successfully
[[ATTACHMENT|/home/intersoft-admin/Rattan/Bash/Training/Rattan/Final_testing/New_ActivityOverview/Reports/20220210_155408/CalendarTestingWithSearchAndSorting/20220210_155408/1644489413282.png]]

2022-02-10 16:06:53 - [TEST_STEP][PASSED] - click(findTestObject("Object Repository/Sorting/SortingSelect")): Object: 'Object Repository/Sorting/SortingSelect' is clicked on

2022-02-10 16:06:56 - [MESSAGE][PASSED] - Object: 'Object Repository/Sorting/SortingSelect' is clicked on

2022-02-10 16:06:56 - [TEST_STEP][PASSED] - delay(5): Delayed 5 second(s)

2022-02-10 16:07:01 - [MESSAGE][PASSED] - Delayed 5 second(s)

2022-02-10 16:07:01 - [TEST_STEP][PASSED] - takeScreenshot(): Taking screenshot successfully

2022-02-10 16:07:01 - [MESSAGE][PASSED] - Taking screenshot successfully
[[ATTACHMENT|/home/intersoft-admin/Rattan/Bash/Training/Rattan/Final_testing/New_ActivityOverview/Reports/20220210_155408/CalendarTestingWithSearchAndSorting/20220210_155408/1644489421527.png]]

2022-02-10 16:07:01 - [TEST_STEP][PASSED] - click(findTestObject("Object Repository/Sorting/SortingSelectOption", ["position1":"2"])): Object: 'Object Repository/Sorting/SortingSelectOption' is clicked on

2022-02-10 16:07:04 - [MESSAGE][PASSED] - Object: 'Object Repository/Sorting/SortingSelectOption' is clicked on

2022-02-10 16:07:04 - [TEST_STEP][PASSED] - delay(20): Delayed 20 second(s)

2022-02-10 16:07:24 - [MESSAGE][PASSED] - Delayed 20 second(s)

2022-02-10 16:07:24 - [TEST_STEP][PASSED] - takeScreenshot(): Taking screenshot successfully

2022-02-10 16:07:24 - [MESSAGE][PASSED] - Taking screenshot successfully
[[ATTACHMENT|/home/intersoft-admin/Rattan/Bash/Training/Rattan/Final_testing/New_ActivityOverview/Reports/20220210_155408/CalendarTestingWithSearchAndSorting/20220210_155408/1644489444852.png]]

2022-02-10 16:07:24 - [TEST_STEP][PASSED] - click(findTestObject("Object Repository/Sorting/SortingSelect")): Object: 'Object Repository/Sorting/SortingSelect' is clicked on

2022-02-10 16:07:28 - [MESSAGE][PASSED] - Object: 'Object Repository/Sorting/SortingSelect' is clicked on

2022-02-10 16:07:28 - [TEST_STEP][PASSED] - delay(5): Delayed 5 second(s)

2022-02-10 16:07:33 - [MESSAGE][PASSED] - Delayed 5 second(s)

2022-02-10 16:07:33 - [TEST_STEP][PASSED] - takeScreenshot(): Taking screenshot successfully

2022-02-10 16:07:33 - [MESSAGE][PASSED] - Taking screenshot successfully
[[ATTACHMENT|/home/intersoft-admin/Rattan/Bash/Training/Rattan/Final_testing/New_ActivityOverview/Reports/20220210_155408/CalendarTestingWithSearchAndSorting/20220210_155408/1644489453105.png]]

2022-02-10 16:07:33 - [TEST_STEP][PASSED] - click(findTestObject("Object Repository/Sorting/SortingSelectOption", ["position1":"3"])): Object: 'Object Repository/Sorting/SortingSelectOption' is clicked on

2022-02-10 16:07:36 - [MESSAGE][PASSED] - Object: 'Object Repository/Sorting/SortingSelectOption' is clicked on

2022-02-10 16:07:36 - [TEST_STEP][PASSED] - delay(20): Delayed 20 second(s)

2022-02-10 16:07:56 - [MESSAGE][PASSED] - Delayed 20 second(s)

2022-02-10 16:07:56 - [TEST_STEP][PASSED] - takeScreenshot(): Taking screenshot successfully

2022-02-10 16:07:56 - [MESSAGE][PASSED] - Taking screenshot successfully
[[ATTACHMENT|/home/intersoft-admin/Rattan/Bash/Training/Rattan/Final_testing/New_ActivityOverview/Reports/20220210_155408/CalendarTestingWithSearchAndSorting/20220210_155408/1644489476413.png]]

2022-02-10 16:07:56 - [TEST_STEP][PASSED] - click(findTestObject("Object Repository/ListingArea/Search/InputSearch")): Object: 'Object Repository/ListingArea/Search/InputSearch' is clicked on

2022-02-10 16:07:59 - [MESSAGE][PASSED] - Object: 'Object Repository/ListingArea/Search/InputSearch' is clicked on

2022-02-10 16:07:59 - [TEST_STEP][PASSED] - setText(findTestObject("Object Repository/ListingArea/Search/InputSearch"), $searchtext3): Text '453354r' is set on object 'Object Repository/ListingArea/Search/InputSearch'

2022-02-10 16:08:05 - [MESSAGE][PASSED] - Text '453354r' is set on object 'Object Repository/ListingArea/Search/InputSearch'

2022-02-10 16:08:05 - [TEST_STEP][PASSED] - sendKeys(findTestObject("Object Repository/ListingArea/Search/InputSearch"), Keys.chord(ENTER)): Keys 'ENTER + ' sent to object: 'Object Repository/ListingArea/Search/InputSearch'

2022-02-10 16:08:08 - [MESSAGE][PASSED] - Keys 'ENTER + ' sent to object: 'Object Repository/ListingArea/Search/InputSearch'

2022-02-10 16:08:08 - [TEST_STEP][PASSED] - delay(20): Delayed 20 second(s)

2022-02-10 16:08:28 - [MESSAGE][PASSED] - Delayed 20 second(s)

2022-02-10 16:08:28 - [TEST_STEP][PASSED] - delay(20): Delayed 20 second(s)

2022-02-10 16:08:48 - [MESSAGE][PASSED] - Delayed 20 second(s)

2022-02-10 16:08:48 - [TEST_STEP][PASSED] - takeScreenshot(): Taking screenshot successfully

2022-02-10 16:08:49 - [MESSAGE][PASSED] - Taking screenshot successfully
[[ATTACHMENT|/home/intersoft-admin/Rattan/Bash/Training/Rattan/Final_testing/New_ActivityOverview/Reports/20220210_155408/CalendarTestingWithSearchAndSorting/20220210_155408/1644489528893.png]]

2022-02-10 16:08:49 - [TEST_STEP][PASSED] - click(findTestObject("Object Repository/Sorting/SortingSelect")): Object: 'Object Repository/Sorting/SortingSelect' is clicked on

2022-02-10 16:08:52 - [MESSAGE][PASSED] - Object: 'Object Repository/Sorting/SortingSelect' is clicked on

2022-02-10 16:08:52 - [TEST_STEP][PASSED] - delay(5): Delayed 5 second(s)

2022-02-10 16:08:57 - [MESSAGE][PASSED] - Delayed 5 second(s)

2022-02-10 16:08:57 - [TEST_STEP][PASSED] - takeScreenshot(): Taking screenshot successfully

2022-02-10 16:08:57 - [MESSAGE][PASSED] - Taking screenshot successfully
[[ATTACHMENT|/home/intersoft-admin/Rattan/Bash/Training/Rattan/Final_testing/New_ActivityOverview/Reports/20220210_155408/CalendarTestingWithSearchAndSorting/20220210_155408/1644489537160.png]]

2022-02-10 16:08:57 - [TEST_STEP][PASSED] - click(findTestObject("Object Repository/Sorting/SortingSelectOption", ["position1":"1"])): Object: 'Object Repository/Sorting/SortingSelectOption' is clicked on

2022-02-10 16:09:00 - [MESSAGE][PASSED] - Object: 'Object Repository/Sorting/SortingSelectOption' is clicked on

2022-02-10 16:09:00 - [TEST_STEP][PASSED] - delay(20): Delayed 20 second(s)

2022-02-10 16:09:20 - [MESSAGE][PASSED] - Delayed 20 second(s)

2022-02-10 16:09:20 - [TEST_STEP][PASSED] - takeScreenshot(): Taking screenshot successfully

2022-02-10 16:09:20 - [MESSAGE][PASSED] - Taking screenshot successfully
[[ATTACHMENT|/home/intersoft-admin/Rattan/Bash/Training/Rattan/Final_testing/New_ActivityOverview/Reports/20220210_155408/CalendarTestingWithSearchAndSorting/20220210_155408/1644489560478.png]]

2022-02-10 16:09:20 - [TEST_STEP][PASSED] - click(findTestObject("Object Repository/Sorting/SortingSelect")): Object: 'Object Repository/Sorting/SortingSelect' is clicked on

2022-02-10 16:09:23 - [MESSAGE][PASSED] - Object: 'Object Repository/Sorting/SortingSelect' is clicked on

2022-02-10 16:09:23 - [TEST_STEP][PASSED] - delay(5): Delayed 5 second(s)

2022-02-10 16:09:28 - [MESSAGE][PASSED] - Delayed 5 second(s)

2022-02-10 16:09:28 - [TEST_STEP][PASSED] - takeScreenshot(): Taking screenshot successfully

2022-02-10 16:09:28 - [MESSAGE][PASSED] - Taking screenshot successfully
[[ATTACHMENT|/home/intersoft-admin/Rattan/Bash/Training/Rattan/Final_testing/New_ActivityOverview/Reports/20220210_155408/CalendarTestingWithSearchAndSorting/20220210_155408/1644489568741.png]]

2022-02-10 16:09:28 - [TEST_STEP][PASSED] - click(findTestObject("Object Repository/Sorting/SortingSelectOption", ["position1":"2"])): Object: 'Object Repository/Sorting/SortingSelectOption' is clicked on

2022-02-10 16:09:32 - [MESSAGE][PASSED] - Object: 'Object Repository/Sorting/SortingSelectOption' is clicked on

2022-02-10 16:09:32 - [TEST_STEP][PASSED] - delay(20): Delayed 20 second(s)

2022-02-10 16:09:52 - [MESSAGE][PASSED] - Delayed 20 second(s)

2022-02-10 16:09:52 - [TEST_STEP][PASSED] - takeScreenshot(): Taking screenshot successfully

2022-02-10 16:09:52 - [MESSAGE][PASSED] - Taking screenshot successfully
[[ATTACHMENT|/home/intersoft-admin/Rattan/Bash/Training/Rattan/Final_testing/New_ActivityOverview/Reports/20220210_155408/CalendarTestingWithSearchAndSorting/20220210_155408/1644489592058.png]]

2022-02-10 16:09:52 - [TEST_STEP][PASSED] - click(findTestObject("Object Repository/Sorting/SortingSelect")): Object: 'Object Repository/Sorting/SortingSelect' is clicked on

2022-02-10 16:09:55 - [MESSAGE][PASSED] - Object: 'Object Repository/Sorting/SortingSelect' is clicked on

2022-02-10 16:09:55 - [TEST_STEP][PASSED] - delay(5): Delayed 5 second(s)

2022-02-10 16:10:00 - [MESSAGE][PASSED] - Delayed 5 second(s)

2022-02-10 16:10:00 - [TEST_STEP][PASSED] - takeScreenshot(): Taking screenshot successfully

2022-02-10 16:10:00 - [MESSAGE][PASSED] - Taking screenshot successfully
[[ATTACHMENT|/home/intersoft-admin/Rattan/Bash/Training/Rattan/Final_testing/New_ActivityOverview/Reports/20220210_155408/CalendarTestingWithSearchAndSorting/20220210_155408/1644489600319.png]]

2022-02-10 16:10:00 - [TEST_STEP][PASSED] - click(findTestObject("Object Repository/Sorting/SortingSelectOption", ["position1":"3"])): Object: 'Object Repository/Sorting/SortingSelectOption' is clicked on

2022-02-10 16:10:03 - [MESSAGE][PASSED] - Object: 'Object Repository/Sorting/SortingSelectOption' is clicked on

2022-02-10 16:10:03 - [TEST_STEP][PASSED] - delay(20): Delayed 20 second(s)

2022-02-10 16:10:23 - [MESSAGE][PASSED] - Delayed 20 second(s)

2022-02-10 16:10:23 - [TEST_STEP][PASSED] - takeScreenshot(): Taking screenshot successfully

2022-02-10 16:10:23 - [MESSAGE][PASSED] - Taking screenshot successfully
[[ATTACHMENT|/home/intersoft-admin/Rattan/Bash/Training/Rattan/Final_testing/New_ActivityOverview/Reports/20220210_155408/CalendarTestingWithSearchAndSorting/20220210_155408/1644489623632.png]]

2022-02-10 16:10:23 - [TEST_STEP][PASSED] - delay(20): Delayed 20 second(s)

2022-02-10 16:10:43 - [MESSAGE][PASSED] - Delayed 20 second(s)

2022-02-10 16:10:43 - [TEST_STEP][PASSED] - takeScreenshot(): Taking screenshot successfully

2022-02-10 16:10:43 - [MESSAGE][PASSED] - Taking screenshot successfully
[[ATTACHMENT|/home/intersoft-admin/Rattan/Bash/Training/Rattan/Final_testing/New_ActivityOverview/Reports/20220210_155408/CalendarTestingWithSearchAndSorting/20220210_155408/1644489643778.png]]

2022-02-10 16:10:43 - [TEST_STEP][PASSED] - click(findTestObject("Object Repository/ListingArea/Search/ClearSearch")): Object: 'Object Repository/ListingArea/Search/ClearSearch' is clicked on

2022-02-10 16:10:47 - [MESSAGE][PASSED] - Object: 'Object Repository/ListingArea/Search/ClearSearch' is clicked on

2022-02-10 16:10:47 - [TEST_STEP][PASSED] - if (sizeoflisting < 2): null]]></system-out>
         <system-err><![CDATA[]]></system-err>
      </testcase>
      <system-out><![CDATA[2022-02-10 15:54:18 - [TEST_SUITE][PASSED] - CalendarTestingWithSearchAndSorting: Test Cases/NewActivityOverview-LeftNavigation/ActivityOverview-ListingCalendar-SearchSorting]]></system-out>
      <system-err><![CDATA[]]></system-err>
   </testsuite>
</testsuites>
